[2023-09-17T10:42:04.168+0800] {processor.py:157} INFO - Started process (PID=86785) to work on /opt/homebrew/lib/python3.11/site-packages/airflow/example_dags/example_xcom.py
[2023-09-17T10:42:04.168+0800] {processor.py:829} INFO - Processing file /opt/homebrew/lib/python3.11/site-packages/airflow/example_dags/example_xcom.py for tasks to queue
[2023-09-17T10:42:04.168+0800] {logging_mixin.py:151} INFO - [2023-09-17T10:42:04.168+0800] {dagbag.py:539} INFO - Filling up the DagBag from /opt/homebrew/lib/python3.11/site-packages/airflow/example_dags/example_xcom.py
[2023-09-17T10:42:04.200+0800] {processor.py:839} INFO - DAG(s) dict_keys(['example_xcom']) retrieved from /opt/homebrew/lib/python3.11/site-packages/airflow/example_dags/example_xcom.py
[2023-09-17T10:42:04.293+0800] {logging_mixin.py:151} INFO - [2023-09-17T10:42:04.293+0800] {dag.py:2915} INFO - Sync 1 DAGs
[2023-09-17T10:42:04.301+0800] {logging_mixin.py:151} INFO - [2023-09-17T10:42:04.301+0800] {dag.py:3696} INFO - Setting next_dagrun for example_xcom to 2021-01-01T00:00:00+00:00, run_after=2021-01-01T00:00:00+00:00
[2023-09-17T10:42:04.311+0800] {processor.py:179} INFO - Processing /opt/homebrew/lib/python3.11/site-packages/airflow/example_dags/example_xcom.py took 0.144 seconds
[2023-09-17T13:57:20.927+0800] {processor.py:157} INFO - Started process (PID=87093) to work on /opt/homebrew/lib/python3.11/site-packages/airflow/example_dags/example_xcom.py
[2023-09-17T13:57:20.927+0800] {processor.py:829} INFO - Processing file /opt/homebrew/lib/python3.11/site-packages/airflow/example_dags/example_xcom.py for tasks to queue
[2023-09-17T13:57:20.927+0800] {logging_mixin.py:151} INFO - [2023-09-17T13:57:20.927+0800] {dagbag.py:539} INFO - Filling up the DagBag from /opt/homebrew/lib/python3.11/site-packages/airflow/example_dags/example_xcom.py
[2023-09-17T13:57:20.960+0800] {processor.py:839} INFO - DAG(s) dict_keys(['example_xcom']) retrieved from /opt/homebrew/lib/python3.11/site-packages/airflow/example_dags/example_xcom.py
[2023-09-17T13:57:21.054+0800] {logging_mixin.py:151} INFO - [2023-09-17T13:57:21.054+0800] {dag.py:2915} INFO - Sync 1 DAGs
[2023-09-17T13:57:21.062+0800] {logging_mixin.py:151} INFO - [2023-09-17T13:57:21.062+0800] {dag.py:3696} INFO - Setting next_dagrun for example_xcom to 2021-01-01T00:00:00+00:00, run_after=2021-01-01T00:00:00+00:00
[2023-09-17T13:57:21.072+0800] {processor.py:179} INFO - Processing /opt/homebrew/lib/python3.11/site-packages/airflow/example_dags/example_xcom.py took 0.145 seconds
[2023-09-17T17:05:57.985+0800] {processor.py:157} INFO - Started process (PID=87404) to work on /opt/homebrew/lib/python3.11/site-packages/airflow/example_dags/example_xcom.py
[2023-09-17T17:05:57.986+0800] {processor.py:829} INFO - Processing file /opt/homebrew/lib/python3.11/site-packages/airflow/example_dags/example_xcom.py for tasks to queue
[2023-09-17T17:05:57.986+0800] {logging_mixin.py:151} INFO - [2023-09-17T17:05:57.986+0800] {dagbag.py:539} INFO - Filling up the DagBag from /opt/homebrew/lib/python3.11/site-packages/airflow/example_dags/example_xcom.py
[2023-09-17T17:05:58.018+0800] {processor.py:839} INFO - DAG(s) dict_keys(['example_xcom']) retrieved from /opt/homebrew/lib/python3.11/site-packages/airflow/example_dags/example_xcom.py
[2023-09-17T17:05:58.111+0800] {logging_mixin.py:151} INFO - [2023-09-17T17:05:58.111+0800] {dag.py:2915} INFO - Sync 1 DAGs
[2023-09-17T17:05:58.120+0800] {logging_mixin.py:151} INFO - [2023-09-17T17:05:58.120+0800] {dag.py:3696} INFO - Setting next_dagrun for example_xcom to 2021-01-01T00:00:00+00:00, run_after=2021-01-01T00:00:00+00:00
[2023-09-17T17:05:58.129+0800] {processor.py:179} INFO - Processing /opt/homebrew/lib/python3.11/site-packages/airflow/example_dags/example_xcom.py took 0.145 seconds
[2023-09-17T20:21:02.063+0800] {processor.py:157} INFO - Started process (PID=87690) to work on /opt/homebrew/lib/python3.11/site-packages/airflow/example_dags/example_xcom.py
[2023-09-17T20:21:02.064+0800] {processor.py:829} INFO - Processing file /opt/homebrew/lib/python3.11/site-packages/airflow/example_dags/example_xcom.py for tasks to queue
[2023-09-17T20:21:02.064+0800] {logging_mixin.py:151} INFO - [2023-09-17T20:21:02.064+0800] {dagbag.py:539} INFO - Filling up the DagBag from /opt/homebrew/lib/python3.11/site-packages/airflow/example_dags/example_xcom.py
[2023-09-17T20:21:02.097+0800] {processor.py:839} INFO - DAG(s) dict_keys(['example_xcom']) retrieved from /opt/homebrew/lib/python3.11/site-packages/airflow/example_dags/example_xcom.py
[2023-09-17T20:21:02.191+0800] {logging_mixin.py:151} INFO - [2023-09-17T20:21:02.190+0800] {dag.py:2915} INFO - Sync 1 DAGs
[2023-09-17T20:21:02.199+0800] {logging_mixin.py:151} INFO - [2023-09-17T20:21:02.199+0800] {dag.py:3696} INFO - Setting next_dagrun for example_xcom to 2021-01-01T00:00:00+00:00, run_after=2021-01-01T00:00:00+00:00
[2023-09-17T20:21:02.209+0800] {processor.py:179} INFO - Processing /opt/homebrew/lib/python3.11/site-packages/airflow/example_dags/example_xcom.py took 0.146 seconds
[2023-09-17T23:55:57.752+0800] {processor.py:157} INFO - Started process (PID=88331) to work on /opt/homebrew/lib/python3.11/site-packages/airflow/example_dags/example_xcom.py
[2023-09-17T23:55:57.753+0800] {processor.py:829} INFO - Processing file /opt/homebrew/lib/python3.11/site-packages/airflow/example_dags/example_xcom.py for tasks to queue
[2023-09-17T23:55:57.753+0800] {logging_mixin.py:151} INFO - [2023-09-17T23:55:57.753+0800] {dagbag.py:539} INFO - Filling up the DagBag from /opt/homebrew/lib/python3.11/site-packages/airflow/example_dags/example_xcom.py
[2023-09-17T23:55:57.785+0800] {processor.py:839} INFO - DAG(s) dict_keys(['example_xcom']) retrieved from /opt/homebrew/lib/python3.11/site-packages/airflow/example_dags/example_xcom.py
[2023-09-17T23:55:57.879+0800] {logging_mixin.py:151} INFO - [2023-09-17T23:55:57.879+0800] {dag.py:2915} INFO - Sync 1 DAGs
[2023-09-17T23:55:57.888+0800] {logging_mixin.py:151} INFO - [2023-09-17T23:55:57.887+0800] {dag.py:3696} INFO - Setting next_dagrun for example_xcom to 2021-01-01T00:00:00+00:00, run_after=2021-01-01T00:00:00+00:00
[2023-09-17T23:55:57.898+0800] {processor.py:179} INFO - Processing /opt/homebrew/lib/python3.11/site-packages/airflow/example_dags/example_xcom.py took 0.146 seconds
[2023-09-18T03:28:09.466+0800] {processor.py:157} INFO - Started process (PID=88696) to work on /opt/homebrew/lib/python3.11/site-packages/airflow/example_dags/example_xcom.py
[2023-09-18T03:28:09.468+0800] {processor.py:829} INFO - Processing file /opt/homebrew/lib/python3.11/site-packages/airflow/example_dags/example_xcom.py for tasks to queue
[2023-09-18T03:28:09.469+0800] {logging_mixin.py:151} INFO - [2023-09-18T03:28:09.469+0800] {dagbag.py:539} INFO - Filling up the DagBag from /opt/homebrew/lib/python3.11/site-packages/airflow/example_dags/example_xcom.py
[2023-09-18T03:28:09.510+0800] {processor.py:839} INFO - DAG(s) dict_keys(['example_xcom']) retrieved from /opt/homebrew/lib/python3.11/site-packages/airflow/example_dags/example_xcom.py
[2023-09-18T03:28:09.624+0800] {logging_mixin.py:151} INFO - [2023-09-18T03:28:09.623+0800] {dag.py:2915} INFO - Sync 1 DAGs
[2023-09-18T03:28:09.633+0800] {logging_mixin.py:151} INFO - [2023-09-18T03:28:09.633+0800] {dag.py:3696} INFO - Setting next_dagrun for example_xcom to 2021-01-01T00:00:00+00:00, run_after=2021-01-01T00:00:00+00:00
[2023-09-18T03:28:09.644+0800] {processor.py:179} INFO - Processing /opt/homebrew/lib/python3.11/site-packages/airflow/example_dags/example_xcom.py took 0.179 seconds
[2023-09-18T06:46:06.817+0800] {processor.py:157} INFO - Started process (PID=89007) to work on /opt/homebrew/lib/python3.11/site-packages/airflow/example_dags/example_xcom.py
[2023-09-18T06:46:06.818+0800] {processor.py:829} INFO - Processing file /opt/homebrew/lib/python3.11/site-packages/airflow/example_dags/example_xcom.py for tasks to queue
[2023-09-18T06:46:06.818+0800] {logging_mixin.py:151} INFO - [2023-09-18T06:46:06.818+0800] {dagbag.py:539} INFO - Filling up the DagBag from /opt/homebrew/lib/python3.11/site-packages/airflow/example_dags/example_xcom.py
[2023-09-18T06:46:06.850+0800] {processor.py:839} INFO - DAG(s) dict_keys(['example_xcom']) retrieved from /opt/homebrew/lib/python3.11/site-packages/airflow/example_dags/example_xcom.py
[2023-09-18T06:46:06.943+0800] {logging_mixin.py:151} INFO - [2023-09-18T06:46:06.943+0800] {dag.py:2915} INFO - Sync 1 DAGs
[2023-09-18T06:46:06.951+0800] {logging_mixin.py:151} INFO - [2023-09-18T06:46:06.951+0800] {dag.py:3696} INFO - Setting next_dagrun for example_xcom to 2021-01-01T00:00:00+00:00, run_after=2021-01-01T00:00:00+00:00
[2023-09-18T06:46:06.961+0800] {processor.py:179} INFO - Processing /opt/homebrew/lib/python3.11/site-packages/airflow/example_dags/example_xcom.py took 0.144 seconds
