[2023-09-17T08:50:19.664+0800] {processor.py:157} INFO - Started process (PID=86575) to work on /opt/homebrew/lib/python3.11/site-packages/airflow/example_dags/example_params_trigger_ui.py
[2023-09-17T08:50:19.664+0800] {processor.py:829} INFO - Processing file /opt/homebrew/lib/python3.11/site-packages/airflow/example_dags/example_params_trigger_ui.py for tasks to queue
[2023-09-17T08:50:19.665+0800] {logging_mixin.py:151} INFO - [2023-09-17T08:50:19.665+0800] {dagbag.py:539} INFO - Filling up the DagBag from /opt/homebrew/lib/python3.11/site-packages/airflow/example_dags/example_params_trigger_ui.py
[2023-09-17T08:50:19.741+0800] {processor.py:839} INFO - DAG(s) dict_keys(['example_params_trigger_ui']) retrieved from /opt/homebrew/lib/python3.11/site-packages/airflow/example_dags/example_params_trigger_ui.py
[2023-09-17T08:50:19.824+0800] {logging_mixin.py:151} INFO - [2023-09-17T08:50:19.823+0800] {dag.py:2915} INFO - Sync 1 DAGs
[2023-09-17T08:50:19.828+0800] {logging_mixin.py:151} INFO - [2023-09-17T08:50:19.828+0800] {dag.py:3696} INFO - Setting next_dagrun for example_params_trigger_ui to None, run_after=None
[2023-09-17T08:50:19.838+0800] {processor.py:179} INFO - Processing /opt/homebrew/lib/python3.11/site-packages/airflow/example_dags/example_params_trigger_ui.py took 0.175 seconds
[2023-09-17T11:50:25.208+0800] {processor.py:157} INFO - Started process (PID=86899) to work on /opt/homebrew/lib/python3.11/site-packages/airflow/example_dags/example_params_trigger_ui.py
[2023-09-17T11:50:25.209+0800] {processor.py:829} INFO - Processing file /opt/homebrew/lib/python3.11/site-packages/airflow/example_dags/example_params_trigger_ui.py for tasks to queue
[2023-09-17T11:50:25.209+0800] {logging_mixin.py:151} INFO - [2023-09-17T11:50:25.209+0800] {dagbag.py:539} INFO - Filling up the DagBag from /opt/homebrew/lib/python3.11/site-packages/airflow/example_dags/example_params_trigger_ui.py
[2023-09-17T11:50:25.267+0800] {processor.py:839} INFO - DAG(s) dict_keys(['example_params_trigger_ui']) retrieved from /opt/homebrew/lib/python3.11/site-packages/airflow/example_dags/example_params_trigger_ui.py
[2023-09-17T11:50:25.347+0800] {logging_mixin.py:151} INFO - [2023-09-17T11:50:25.347+0800] {dag.py:2915} INFO - Sync 1 DAGs
[2023-09-17T11:50:25.352+0800] {logging_mixin.py:151} INFO - [2023-09-17T11:50:25.352+0800] {dag.py:3696} INFO - Setting next_dagrun for example_params_trigger_ui to None, run_after=None
[2023-09-17T11:50:25.362+0800] {processor.py:179} INFO - Processing /opt/homebrew/lib/python3.11/site-packages/airflow/example_dags/example_params_trigger_ui.py took 0.154 seconds
[2023-09-17T15:22:20.781+0800] {processor.py:157} INFO - Started process (PID=87219) to work on /opt/homebrew/lib/python3.11/site-packages/airflow/example_dags/example_params_trigger_ui.py
[2023-09-17T15:22:20.782+0800] {processor.py:829} INFO - Processing file /opt/homebrew/lib/python3.11/site-packages/airflow/example_dags/example_params_trigger_ui.py for tasks to queue
[2023-09-17T15:22:20.782+0800] {logging_mixin.py:151} INFO - [2023-09-17T15:22:20.782+0800] {dagbag.py:539} INFO - Filling up the DagBag from /opt/homebrew/lib/python3.11/site-packages/airflow/example_dags/example_params_trigger_ui.py
[2023-09-17T15:22:20.840+0800] {processor.py:839} INFO - DAG(s) dict_keys(['example_params_trigger_ui']) retrieved from /opt/homebrew/lib/python3.11/site-packages/airflow/example_dags/example_params_trigger_ui.py
[2023-09-17T15:22:20.920+0800] {logging_mixin.py:151} INFO - [2023-09-17T15:22:20.920+0800] {dag.py:2915} INFO - Sync 1 DAGs
[2023-09-17T15:22:20.924+0800] {logging_mixin.py:151} INFO - [2023-09-17T15:22:20.924+0800] {dag.py:3696} INFO - Setting next_dagrun for example_params_trigger_ui to None, run_after=None
[2023-09-17T15:22:20.934+0800] {processor.py:179} INFO - Processing /opt/homebrew/lib/python3.11/site-packages/airflow/example_dags/example_params_trigger_ui.py took 0.154 seconds
[2023-09-17T18:25:33.953+0800] {processor.py:157} INFO - Started process (PID=87522) to work on /opt/homebrew/lib/python3.11/site-packages/airflow/example_dags/example_params_trigger_ui.py
[2023-09-17T18:25:33.953+0800] {processor.py:829} INFO - Processing file /opt/homebrew/lib/python3.11/site-packages/airflow/example_dags/example_params_trigger_ui.py for tasks to queue
[2023-09-17T18:25:33.953+0800] {logging_mixin.py:151} INFO - [2023-09-17T18:25:33.953+0800] {dagbag.py:539} INFO - Filling up the DagBag from /opt/homebrew/lib/python3.11/site-packages/airflow/example_dags/example_params_trigger_ui.py
[2023-09-17T18:25:34.012+0800] {processor.py:839} INFO - DAG(s) dict_keys(['example_params_trigger_ui']) retrieved from /opt/homebrew/lib/python3.11/site-packages/airflow/example_dags/example_params_trigger_ui.py
[2023-09-17T18:25:34.092+0800] {logging_mixin.py:151} INFO - [2023-09-17T18:25:34.092+0800] {dag.py:2915} INFO - Sync 1 DAGs
[2023-09-17T18:25:34.097+0800] {logging_mixin.py:151} INFO - [2023-09-17T18:25:34.097+0800] {dag.py:3696} INFO - Setting next_dagrun for example_params_trigger_ui to None, run_after=None
[2023-09-17T18:25:34.107+0800] {processor.py:179} INFO - Processing /opt/homebrew/lib/python3.11/site-packages/airflow/example_dags/example_params_trigger_ui.py took 0.155 seconds
[2023-09-17T21:44:41.961+0800] {processor.py:157} INFO - Started process (PID=87857) to work on /opt/homebrew/lib/python3.11/site-packages/airflow/example_dags/example_params_trigger_ui.py
[2023-09-17T21:44:41.962+0800] {processor.py:829} INFO - Processing file /opt/homebrew/lib/python3.11/site-packages/airflow/example_dags/example_params_trigger_ui.py for tasks to queue
[2023-09-17T21:44:41.962+0800] {logging_mixin.py:151} INFO - [2023-09-17T21:44:41.962+0800] {dagbag.py:539} INFO - Filling up the DagBag from /opt/homebrew/lib/python3.11/site-packages/airflow/example_dags/example_params_trigger_ui.py
[2023-09-17T21:44:42.022+0800] {processor.py:839} INFO - DAG(s) dict_keys(['example_params_trigger_ui']) retrieved from /opt/homebrew/lib/python3.11/site-packages/airflow/example_dags/example_params_trigger_ui.py
[2023-09-17T21:44:42.104+0800] {logging_mixin.py:151} INFO - [2023-09-17T21:44:42.104+0800] {dag.py:2915} INFO - Sync 1 DAGs
[2023-09-17T21:44:42.109+0800] {logging_mixin.py:151} INFO - [2023-09-17T21:44:42.109+0800] {dag.py:3696} INFO - Setting next_dagrun for example_params_trigger_ui to None, run_after=None
[2023-09-17T21:44:42.119+0800] {processor.py:179} INFO - Processing /opt/homebrew/lib/python3.11/site-packages/airflow/example_dags/example_params_trigger_ui.py took 0.158 seconds
[2023-09-18T01:17:37.182+0800] {processor.py:157} INFO - Started process (PID=88484) to work on /opt/homebrew/lib/python3.11/site-packages/airflow/example_dags/example_params_trigger_ui.py
[2023-09-18T01:17:37.183+0800] {processor.py:829} INFO - Processing file /opt/homebrew/lib/python3.11/site-packages/airflow/example_dags/example_params_trigger_ui.py for tasks to queue
[2023-09-18T01:17:37.183+0800] {logging_mixin.py:151} INFO - [2023-09-18T01:17:37.183+0800] {dagbag.py:539} INFO - Filling up the DagBag from /opt/homebrew/lib/python3.11/site-packages/airflow/example_dags/example_params_trigger_ui.py
[2023-09-18T01:17:37.241+0800] {processor.py:839} INFO - DAG(s) dict_keys(['example_params_trigger_ui']) retrieved from /opt/homebrew/lib/python3.11/site-packages/airflow/example_dags/example_params_trigger_ui.py
[2023-09-18T01:17:37.322+0800] {logging_mixin.py:151} INFO - [2023-09-18T01:17:37.322+0800] {dag.py:2915} INFO - Sync 1 DAGs
[2023-09-18T01:17:37.327+0800] {logging_mixin.py:151} INFO - [2023-09-18T01:17:37.327+0800] {dag.py:3696} INFO - Setting next_dagrun for example_params_trigger_ui to None, run_after=None
[2023-09-18T01:17:37.337+0800] {processor.py:179} INFO - Processing /opt/homebrew/lib/python3.11/site-packages/airflow/example_dags/example_params_trigger_ui.py took 0.155 seconds
[2023-09-18T04:35:41.073+0800] {processor.py:157} INFO - Started process (PID=88824) to work on /opt/homebrew/lib/python3.11/site-packages/airflow/example_dags/example_params_trigger_ui.py
[2023-09-18T04:35:41.073+0800] {processor.py:829} INFO - Processing file /opt/homebrew/lib/python3.11/site-packages/airflow/example_dags/example_params_trigger_ui.py for tasks to queue
[2023-09-18T04:35:41.074+0800] {logging_mixin.py:151} INFO - [2023-09-18T04:35:41.074+0800] {dagbag.py:539} INFO - Filling up the DagBag from /opt/homebrew/lib/python3.11/site-packages/airflow/example_dags/example_params_trigger_ui.py
[2023-09-18T04:35:41.131+0800] {processor.py:839} INFO - DAG(s) dict_keys(['example_params_trigger_ui']) retrieved from /opt/homebrew/lib/python3.11/site-packages/airflow/example_dags/example_params_trigger_ui.py
[2023-09-18T04:35:41.211+0800] {logging_mixin.py:151} INFO - [2023-09-18T04:35:41.211+0800] {dag.py:2915} INFO - Sync 1 DAGs
[2023-09-18T04:35:41.216+0800] {logging_mixin.py:151} INFO - [2023-09-18T04:35:41.216+0800] {dag.py:3696} INFO - Setting next_dagrun for example_params_trigger_ui to None, run_after=None
[2023-09-18T04:35:41.226+0800] {processor.py:179} INFO - Processing /opt/homebrew/lib/python3.11/site-packages/airflow/example_dags/example_params_trigger_ui.py took 0.153 seconds
