[2023-09-17T10:42:06.074+0800] {processor.py:157} INFO - Started process (PID=86794) to work on /opt/homebrew/lib/python3.11/site-packages/airflow/example_dags/example_trigger_target_dag.py
[2023-09-17T10:42:06.075+0800] {processor.py:829} INFO - Processing file /opt/homebrew/lib/python3.11/site-packages/airflow/example_dags/example_trigger_target_dag.py for tasks to queue
[2023-09-17T10:42:06.075+0800] {logging_mixin.py:151} INFO - [2023-09-17T10:42:06.075+0800] {dagbag.py:539} INFO - Filling up the DagBag from /opt/homebrew/lib/python3.11/site-packages/airflow/example_dags/example_trigger_target_dag.py
[2023-09-17T10:42:06.107+0800] {processor.py:839} INFO - DAG(s) dict_keys(['example_trigger_target_dag']) retrieved from /opt/homebrew/lib/python3.11/site-packages/airflow/example_dags/example_trigger_target_dag.py
[2023-09-17T10:42:06.201+0800] {logging_mixin.py:151} INFO - [2023-09-17T10:42:06.201+0800] {dag.py:2915} INFO - Sync 1 DAGs
[2023-09-17T10:42:06.206+0800] {logging_mixin.py:151} INFO - [2023-09-17T10:42:06.206+0800] {dag.py:3696} INFO - Setting next_dagrun for example_trigger_target_dag to None, run_after=None
[2023-09-17T10:42:06.216+0800] {processor.py:179} INFO - Processing /opt/homebrew/lib/python3.11/site-packages/airflow/example_dags/example_trigger_target_dag.py took 0.142 seconds
[2023-09-17T13:57:22.827+0800] {processor.py:157} INFO - Started process (PID=87097) to work on /opt/homebrew/lib/python3.11/site-packages/airflow/example_dags/example_trigger_target_dag.py
[2023-09-17T13:57:22.827+0800] {processor.py:829} INFO - Processing file /opt/homebrew/lib/python3.11/site-packages/airflow/example_dags/example_trigger_target_dag.py for tasks to queue
[2023-09-17T13:57:22.828+0800] {logging_mixin.py:151} INFO - [2023-09-17T13:57:22.828+0800] {dagbag.py:539} INFO - Filling up the DagBag from /opt/homebrew/lib/python3.11/site-packages/airflow/example_dags/example_trigger_target_dag.py
[2023-09-17T13:57:22.859+0800] {processor.py:839} INFO - DAG(s) dict_keys(['example_trigger_target_dag']) retrieved from /opt/homebrew/lib/python3.11/site-packages/airflow/example_dags/example_trigger_target_dag.py
[2023-09-17T13:57:22.951+0800] {logging_mixin.py:151} INFO - [2023-09-17T13:57:22.951+0800] {dag.py:2915} INFO - Sync 1 DAGs
[2023-09-17T13:57:22.956+0800] {logging_mixin.py:151} INFO - [2023-09-17T13:57:22.956+0800] {dag.py:3696} INFO - Setting next_dagrun for example_trigger_target_dag to None, run_after=None
[2023-09-17T13:57:22.966+0800] {processor.py:179} INFO - Processing /opt/homebrew/lib/python3.11/site-packages/airflow/example_dags/example_trigger_target_dag.py took 0.139 seconds
[2023-09-17T17:05:58.975+0800] {processor.py:157} INFO - Started process (PID=87406) to work on /opt/homebrew/lib/python3.11/site-packages/airflow/example_dags/example_trigger_target_dag.py
[2023-09-17T17:05:58.976+0800] {processor.py:829} INFO - Processing file /opt/homebrew/lib/python3.11/site-packages/airflow/example_dags/example_trigger_target_dag.py for tasks to queue
[2023-09-17T17:05:58.976+0800] {logging_mixin.py:151} INFO - [2023-09-17T17:05:58.976+0800] {dagbag.py:539} INFO - Filling up the DagBag from /opt/homebrew/lib/python3.11/site-packages/airflow/example_dags/example_trigger_target_dag.py
[2023-09-17T17:05:59.007+0800] {processor.py:839} INFO - DAG(s) dict_keys(['example_trigger_target_dag']) retrieved from /opt/homebrew/lib/python3.11/site-packages/airflow/example_dags/example_trigger_target_dag.py
[2023-09-17T17:05:59.112+0800] {logging_mixin.py:151} INFO - [2023-09-17T17:05:59.112+0800] {dag.py:2915} INFO - Sync 1 DAGs
[2023-09-17T17:05:59.117+0800] {logging_mixin.py:151} INFO - [2023-09-17T17:05:59.117+0800] {dag.py:3696} INFO - Setting next_dagrun for example_trigger_target_dag to None, run_after=None
[2023-09-17T17:05:59.128+0800] {processor.py:179} INFO - Processing /opt/homebrew/lib/python3.11/site-packages/airflow/example_dags/example_trigger_target_dag.py took 0.154 seconds
[2023-09-17T20:21:03.978+0800] {processor.py:157} INFO - Started process (PID=87703) to work on /opt/homebrew/lib/python3.11/site-packages/airflow/example_dags/example_trigger_target_dag.py
[2023-09-17T20:21:03.979+0800] {processor.py:829} INFO - Processing file /opt/homebrew/lib/python3.11/site-packages/airflow/example_dags/example_trigger_target_dag.py for tasks to queue
[2023-09-17T20:21:03.979+0800] {logging_mixin.py:151} INFO - [2023-09-17T20:21:03.979+0800] {dagbag.py:539} INFO - Filling up the DagBag from /opt/homebrew/lib/python3.11/site-packages/airflow/example_dags/example_trigger_target_dag.py
[2023-09-17T20:21:04.010+0800] {processor.py:839} INFO - DAG(s) dict_keys(['example_trigger_target_dag']) retrieved from /opt/homebrew/lib/python3.11/site-packages/airflow/example_dags/example_trigger_target_dag.py
[2023-09-17T20:21:04.103+0800] {logging_mixin.py:151} INFO - [2023-09-17T20:21:04.103+0800] {dag.py:2915} INFO - Sync 1 DAGs
[2023-09-17T20:21:04.108+0800] {logging_mixin.py:151} INFO - [2023-09-17T20:21:04.108+0800] {dag.py:3696} INFO - Setting next_dagrun for example_trigger_target_dag to None, run_after=None
[2023-09-17T20:21:04.118+0800] {processor.py:179} INFO - Processing /opt/homebrew/lib/python3.11/site-packages/airflow/example_dags/example_trigger_target_dag.py took 0.140 seconds
[2023-09-17T23:55:59.662+0800] {processor.py:157} INFO - Started process (PID=88348) to work on /opt/homebrew/lib/python3.11/site-packages/airflow/example_dags/example_trigger_target_dag.py
[2023-09-17T23:55:59.662+0800] {processor.py:829} INFO - Processing file /opt/homebrew/lib/python3.11/site-packages/airflow/example_dags/example_trigger_target_dag.py for tasks to queue
[2023-09-17T23:55:59.662+0800] {logging_mixin.py:151} INFO - [2023-09-17T23:55:59.662+0800] {dagbag.py:539} INFO - Filling up the DagBag from /opt/homebrew/lib/python3.11/site-packages/airflow/example_dags/example_trigger_target_dag.py
[2023-09-17T23:55:59.694+0800] {processor.py:839} INFO - DAG(s) dict_keys(['example_trigger_target_dag']) retrieved from /opt/homebrew/lib/python3.11/site-packages/airflow/example_dags/example_trigger_target_dag.py
[2023-09-17T23:55:59.788+0800] {logging_mixin.py:151} INFO - [2023-09-17T23:55:59.788+0800] {dag.py:2915} INFO - Sync 1 DAGs
[2023-09-17T23:55:59.793+0800] {logging_mixin.py:151} INFO - [2023-09-17T23:55:59.792+0800] {dag.py:3696} INFO - Setting next_dagrun for example_trigger_target_dag to None, run_after=None
[2023-09-17T23:55:59.803+0800] {processor.py:179} INFO - Processing /opt/homebrew/lib/python3.11/site-packages/airflow/example_dags/example_trigger_target_dag.py took 0.141 seconds
[2023-09-18T03:28:10.858+0800] {processor.py:157} INFO - Started process (PID=88708) to work on /opt/homebrew/lib/python3.11/site-packages/airflow/example_dags/example_trigger_target_dag.py
[2023-09-18T03:28:10.859+0800] {processor.py:829} INFO - Processing file /opt/homebrew/lib/python3.11/site-packages/airflow/example_dags/example_trigger_target_dag.py for tasks to queue
[2023-09-18T03:28:10.859+0800] {logging_mixin.py:151} INFO - [2023-09-18T03:28:10.859+0800] {dagbag.py:539} INFO - Filling up the DagBag from /opt/homebrew/lib/python3.11/site-packages/airflow/example_dags/example_trigger_target_dag.py
[2023-09-18T03:28:10.890+0800] {processor.py:839} INFO - DAG(s) dict_keys(['example_trigger_target_dag']) retrieved from /opt/homebrew/lib/python3.11/site-packages/airflow/example_dags/example_trigger_target_dag.py
[2023-09-18T03:28:10.984+0800] {logging_mixin.py:151} INFO - [2023-09-18T03:28:10.984+0800] {dag.py:2915} INFO - Sync 1 DAGs
[2023-09-18T03:28:10.988+0800] {logging_mixin.py:151} INFO - [2023-09-18T03:28:10.988+0800] {dag.py:3696} INFO - Setting next_dagrun for example_trigger_target_dag to None, run_after=None
[2023-09-18T03:28:10.998+0800] {processor.py:179} INFO - Processing /opt/homebrew/lib/python3.11/site-packages/airflow/example_dags/example_trigger_target_dag.py took 0.141 seconds
[2023-09-18T06:46:08.710+0800] {processor.py:157} INFO - Started process (PID=89021) to work on /opt/homebrew/lib/python3.11/site-packages/airflow/example_dags/example_trigger_target_dag.py
[2023-09-18T06:46:08.710+0800] {processor.py:829} INFO - Processing file /opt/homebrew/lib/python3.11/site-packages/airflow/example_dags/example_trigger_target_dag.py for tasks to queue
[2023-09-18T06:46:08.711+0800] {logging_mixin.py:151} INFO - [2023-09-18T06:46:08.711+0800] {dagbag.py:539} INFO - Filling up the DagBag from /opt/homebrew/lib/python3.11/site-packages/airflow/example_dags/example_trigger_target_dag.py
[2023-09-18T06:46:08.742+0800] {processor.py:839} INFO - DAG(s) dict_keys(['example_trigger_target_dag']) retrieved from /opt/homebrew/lib/python3.11/site-packages/airflow/example_dags/example_trigger_target_dag.py
[2023-09-18T06:46:08.834+0800] {logging_mixin.py:151} INFO - [2023-09-18T06:46:08.834+0800] {dag.py:2915} INFO - Sync 1 DAGs
[2023-09-18T06:46:08.838+0800] {logging_mixin.py:151} INFO - [2023-09-18T06:46:08.838+0800] {dag.py:3696} INFO - Setting next_dagrun for example_trigger_target_dag to None, run_after=None
[2023-09-18T06:46:08.848+0800] {processor.py:179} INFO - Processing /opt/homebrew/lib/python3.11/site-packages/airflow/example_dags/example_trigger_target_dag.py took 0.139 seconds
