[2023-09-17T09:23:39.231+0800] {processor.py:157} INFO - Started process (PID=86646) to work on /opt/homebrew/lib/python3.11/site-packages/airflow/example_dags/example_dynamic_task_mapping.py
[2023-09-17T09:23:39.232+0800] {processor.py:829} INFO - Processing file /opt/homebrew/lib/python3.11/site-packages/airflow/example_dags/example_dynamic_task_mapping.py for tasks to queue
[2023-09-17T09:23:39.232+0800] {logging_mixin.py:151} INFO - [2023-09-17T09:23:39.232+0800] {dagbag.py:539} INFO - Filling up the DagBag from /opt/homebrew/lib/python3.11/site-packages/airflow/example_dags/example_dynamic_task_mapping.py
[2023-09-17T09:23:39.263+0800] {processor.py:839} INFO - DAG(s) dict_keys(['example_dynamic_task_mapping']) retrieved from /opt/homebrew/lib/python3.11/site-packages/airflow/example_dags/example_dynamic_task_mapping.py
[2023-09-17T09:23:39.357+0800] {logging_mixin.py:151} INFO - [2023-09-17T09:23:39.357+0800] {dag.py:2915} INFO - Sync 1 DAGs
[2023-09-17T09:23:39.365+0800] {logging_mixin.py:151} INFO - [2023-09-17T09:23:39.365+0800] {dag.py:3696} INFO - Setting next_dagrun for example_dynamic_task_mapping to 2022-03-04T00:00:00+00:00, run_after=2022-03-05T00:00:00+00:00
[2023-09-17T09:23:39.375+0800] {processor.py:179} INFO - Processing /opt/homebrew/lib/python3.11/site-packages/airflow/example_dags/example_dynamic_task_mapping.py took 0.144 seconds
[2023-09-17T12:37:03.827+0800] {processor.py:157} INFO - Started process (PID=86953) to work on /opt/homebrew/lib/python3.11/site-packages/airflow/example_dags/example_dynamic_task_mapping.py
[2023-09-17T12:37:03.828+0800] {processor.py:829} INFO - Processing file /opt/homebrew/lib/python3.11/site-packages/airflow/example_dags/example_dynamic_task_mapping.py for tasks to queue
[2023-09-17T12:37:03.828+0800] {logging_mixin.py:151} INFO - [2023-09-17T12:37:03.828+0800] {dagbag.py:539} INFO - Filling up the DagBag from /opt/homebrew/lib/python3.11/site-packages/airflow/example_dags/example_dynamic_task_mapping.py
[2023-09-17T12:37:03.859+0800] {processor.py:839} INFO - DAG(s) dict_keys(['example_dynamic_task_mapping']) retrieved from /opt/homebrew/lib/python3.11/site-packages/airflow/example_dags/example_dynamic_task_mapping.py
[2023-09-17T12:37:03.952+0800] {logging_mixin.py:151} INFO - [2023-09-17T12:37:03.951+0800] {dag.py:2915} INFO - Sync 1 DAGs
[2023-09-17T12:37:03.960+0800] {logging_mixin.py:151} INFO - [2023-09-17T12:37:03.960+0800] {dag.py:3696} INFO - Setting next_dagrun for example_dynamic_task_mapping to 2022-03-04T00:00:00+00:00, run_after=2022-03-05T00:00:00+00:00
[2023-09-17T12:37:03.970+0800] {processor.py:179} INFO - Processing /opt/homebrew/lib/python3.11/site-packages/airflow/example_dags/example_dynamic_task_mapping.py took 0.143 seconds
[2023-09-17T15:54:23.479+0800] {processor.py:157} INFO - Started process (PID=87268) to work on /opt/homebrew/lib/python3.11/site-packages/airflow/example_dags/example_dynamic_task_mapping.py
[2023-09-17T15:54:23.480+0800] {processor.py:829} INFO - Processing file /opt/homebrew/lib/python3.11/site-packages/airflow/example_dags/example_dynamic_task_mapping.py for tasks to queue
[2023-09-17T15:54:23.480+0800] {logging_mixin.py:151} INFO - [2023-09-17T15:54:23.480+0800] {dagbag.py:539} INFO - Filling up the DagBag from /opt/homebrew/lib/python3.11/site-packages/airflow/example_dags/example_dynamic_task_mapping.py
[2023-09-17T15:54:23.511+0800] {processor.py:839} INFO - DAG(s) dict_keys(['example_dynamic_task_mapping']) retrieved from /opt/homebrew/lib/python3.11/site-packages/airflow/example_dags/example_dynamic_task_mapping.py
[2023-09-17T15:54:23.604+0800] {logging_mixin.py:151} INFO - [2023-09-17T15:54:23.604+0800] {dag.py:2915} INFO - Sync 1 DAGs
[2023-09-17T15:54:23.613+0800] {logging_mixin.py:151} INFO - [2023-09-17T15:54:23.613+0800] {dag.py:3696} INFO - Setting next_dagrun for example_dynamic_task_mapping to 2022-03-04T00:00:00+00:00, run_after=2022-03-05T00:00:00+00:00
[2023-09-17T15:54:23.622+0800] {processor.py:179} INFO - Processing /opt/homebrew/lib/python3.11/site-packages/airflow/example_dags/example_dynamic_task_mapping.py took 0.143 seconds
[2023-09-17T18:58:02.627+0800] {processor.py:157} INFO - Started process (PID=87579) to work on /opt/homebrew/lib/python3.11/site-packages/airflow/example_dags/example_dynamic_task_mapping.py
[2023-09-17T18:58:02.628+0800] {processor.py:829} INFO - Processing file /opt/homebrew/lib/python3.11/site-packages/airflow/example_dags/example_dynamic_task_mapping.py for tasks to queue
[2023-09-17T18:58:02.628+0800] {logging_mixin.py:151} INFO - [2023-09-17T18:58:02.628+0800] {dagbag.py:539} INFO - Filling up the DagBag from /opt/homebrew/lib/python3.11/site-packages/airflow/example_dags/example_dynamic_task_mapping.py
[2023-09-17T18:58:02.659+0800] {processor.py:839} INFO - DAG(s) dict_keys(['example_dynamic_task_mapping']) retrieved from /opt/homebrew/lib/python3.11/site-packages/airflow/example_dags/example_dynamic_task_mapping.py
[2023-09-17T18:58:02.751+0800] {logging_mixin.py:151} INFO - [2023-09-17T18:58:02.751+0800] {dag.py:2915} INFO - Sync 1 DAGs
[2023-09-17T18:58:02.760+0800] {logging_mixin.py:151} INFO - [2023-09-17T18:58:02.760+0800] {dag.py:3696} INFO - Setting next_dagrun for example_dynamic_task_mapping to 2022-03-04T00:00:00+00:00, run_after=2022-03-05T00:00:00+00:00
[2023-09-17T18:58:02.769+0800] {processor.py:179} INFO - Processing /opt/homebrew/lib/python3.11/site-packages/airflow/example_dags/example_dynamic_task_mapping.py took 0.142 seconds
[2023-09-17T22:18:55.999+0800] {processor.py:157} INFO - Started process (PID=87918) to work on /opt/homebrew/lib/python3.11/site-packages/airflow/example_dags/example_dynamic_task_mapping.py
[2023-09-17T22:18:56.000+0800] {processor.py:829} INFO - Processing file /opt/homebrew/lib/python3.11/site-packages/airflow/example_dags/example_dynamic_task_mapping.py for tasks to queue
[2023-09-17T22:18:56.000+0800] {logging_mixin.py:151} INFO - [2023-09-17T22:18:56.000+0800] {dagbag.py:539} INFO - Filling up the DagBag from /opt/homebrew/lib/python3.11/site-packages/airflow/example_dags/example_dynamic_task_mapping.py
[2023-09-17T22:18:56.031+0800] {processor.py:839} INFO - DAG(s) dict_keys(['example_dynamic_task_mapping']) retrieved from /opt/homebrew/lib/python3.11/site-packages/airflow/example_dags/example_dynamic_task_mapping.py
[2023-09-17T22:18:56.125+0800] {logging_mixin.py:151} INFO - [2023-09-17T22:18:56.125+0800] {dag.py:2915} INFO - Sync 1 DAGs
[2023-09-17T22:18:56.133+0800] {logging_mixin.py:151} INFO - [2023-09-17T22:18:56.133+0800] {dag.py:3696} INFO - Setting next_dagrun for example_dynamic_task_mapping to 2022-03-04T00:00:00+00:00, run_after=2022-03-05T00:00:00+00:00
[2023-09-17T22:18:56.143+0800] {processor.py:179} INFO - Processing /opt/homebrew/lib/python3.11/site-packages/airflow/example_dags/example_dynamic_task_mapping.py took 0.144 seconds
[2023-09-18T01:48:49.503+0800] {processor.py:157} INFO - Started process (PID=88542) to work on /opt/homebrew/lib/python3.11/site-packages/airflow/example_dags/example_dynamic_task_mapping.py
[2023-09-18T01:48:49.503+0800] {processor.py:829} INFO - Processing file /opt/homebrew/lib/python3.11/site-packages/airflow/example_dags/example_dynamic_task_mapping.py for tasks to queue
[2023-09-18T01:48:49.504+0800] {logging_mixin.py:151} INFO - [2023-09-18T01:48:49.503+0800] {dagbag.py:539} INFO - Filling up the DagBag from /opt/homebrew/lib/python3.11/site-packages/airflow/example_dags/example_dynamic_task_mapping.py
[2023-09-18T01:48:49.534+0800] {processor.py:839} INFO - DAG(s) dict_keys(['example_dynamic_task_mapping']) retrieved from /opt/homebrew/lib/python3.11/site-packages/airflow/example_dags/example_dynamic_task_mapping.py
[2023-09-18T01:48:49.627+0800] {logging_mixin.py:151} INFO - [2023-09-18T01:48:49.627+0800] {dag.py:2915} INFO - Sync 1 DAGs
[2023-09-18T01:48:49.635+0800] {logging_mixin.py:151} INFO - [2023-09-18T01:48:49.635+0800] {dag.py:3696} INFO - Setting next_dagrun for example_dynamic_task_mapping to 2022-03-04T00:00:00+00:00, run_after=2022-03-05T00:00:00+00:00
[2023-09-18T01:48:49.645+0800] {processor.py:179} INFO - Processing /opt/homebrew/lib/python3.11/site-packages/airflow/example_dags/example_dynamic_task_mapping.py took 0.142 seconds
[2023-09-18T05:06:29.617+0800] {processor.py:157} INFO - Started process (PID=88877) to work on /opt/homebrew/lib/python3.11/site-packages/airflow/example_dags/example_dynamic_task_mapping.py
[2023-09-18T05:06:29.618+0800] {processor.py:829} INFO - Processing file /opt/homebrew/lib/python3.11/site-packages/airflow/example_dags/example_dynamic_task_mapping.py for tasks to queue
[2023-09-18T05:06:29.618+0800] {logging_mixin.py:151} INFO - [2023-09-18T05:06:29.618+0800] {dagbag.py:539} INFO - Filling up the DagBag from /opt/homebrew/lib/python3.11/site-packages/airflow/example_dags/example_dynamic_task_mapping.py
[2023-09-18T05:06:29.648+0800] {processor.py:839} INFO - DAG(s) dict_keys(['example_dynamic_task_mapping']) retrieved from /opt/homebrew/lib/python3.11/site-packages/airflow/example_dags/example_dynamic_task_mapping.py
[2023-09-18T05:06:29.740+0800] {logging_mixin.py:151} INFO - [2023-09-18T05:06:29.740+0800] {dag.py:2915} INFO - Sync 1 DAGs
[2023-09-18T05:06:29.749+0800] {logging_mixin.py:151} INFO - [2023-09-18T05:06:29.749+0800] {dag.py:3696} INFO - Setting next_dagrun for example_dynamic_task_mapping to 2022-03-04T00:00:00+00:00, run_after=2022-03-05T00:00:00+00:00
[2023-09-18T05:06:29.759+0800] {processor.py:179} INFO - Processing /opt/homebrew/lib/python3.11/site-packages/airflow/example_dags/example_dynamic_task_mapping.py took 0.142 seconds
