[2023-09-17T08:50:25.289+0800] {processor.py:157} INFO - Started process (PID=86597) to work on /opt/homebrew/lib/python3.11/site-packages/airflow/example_dags/example_latest_only_with_trigger.py
[2023-09-17T08:50:25.289+0800] {processor.py:829} INFO - Processing file /opt/homebrew/lib/python3.11/site-packages/airflow/example_dags/example_latest_only_with_trigger.py for tasks to queue
[2023-09-17T08:50:25.289+0800] {logging_mixin.py:151} INFO - [2023-09-17T08:50:25.289+0800] {dagbag.py:539} INFO - Filling up the DagBag from /opt/homebrew/lib/python3.11/site-packages/airflow/example_dags/example_latest_only_with_trigger.py
[2023-09-17T08:50:25.305+0800] {processor.py:839} INFO - DAG(s) dict_keys(['latest_only_with_trigger']) retrieved from /opt/homebrew/lib/python3.11/site-packages/airflow/example_dags/example_latest_only_with_trigger.py
[2023-09-17T08:50:25.400+0800] {logging_mixin.py:151} INFO - [2023-09-17T08:50:25.399+0800] {dag.py:2915} INFO - Sync 1 DAGs
[2023-09-17T08:50:25.408+0800] {logging_mixin.py:151} INFO - [2023-09-17T08:50:25.408+0800] {dag.py:3696} INFO - Setting next_dagrun for latest_only_with_trigger to 2023-09-16T20:50:25.408170+00:00, run_after=2023-09-17T00:50:25.408170+00:00
[2023-09-17T08:50:25.419+0800] {processor.py:179} INFO - Processing /opt/homebrew/lib/python3.11/site-packages/airflow/example_dags/example_latest_only_with_trigger.py took 0.131 seconds
[2023-09-17T12:05:48.699+0800] {processor.py:157} INFO - Started process (PID=86922) to work on /opt/homebrew/lib/python3.11/site-packages/airflow/example_dags/example_latest_only_with_trigger.py
[2023-09-17T12:05:48.700+0800] {processor.py:829} INFO - Processing file /opt/homebrew/lib/python3.11/site-packages/airflow/example_dags/example_latest_only_with_trigger.py for tasks to queue
[2023-09-17T12:05:48.701+0800] {logging_mixin.py:151} INFO - [2023-09-17T12:05:48.700+0800] {dagbag.py:539} INFO - Filling up the DagBag from /opt/homebrew/lib/python3.11/site-packages/airflow/example_dags/example_latest_only_with_trigger.py
[2023-09-17T12:05:48.716+0800] {processor.py:839} INFO - DAG(s) dict_keys(['latest_only_with_trigger']) retrieved from /opt/homebrew/lib/python3.11/site-packages/airflow/example_dags/example_latest_only_with_trigger.py
[2023-09-17T12:05:48.811+0800] {logging_mixin.py:151} INFO - [2023-09-17T12:05:48.811+0800] {dag.py:2915} INFO - Sync 1 DAGs
[2023-09-17T12:05:48.820+0800] {logging_mixin.py:151} INFO - [2023-09-17T12:05:48.820+0800] {dag.py:3696} INFO - Setting next_dagrun for latest_only_with_trigger to 2023-09-17T00:05:48.820196+00:00, run_after=2023-09-17T04:05:48.820196+00:00
[2023-09-17T12:05:48.831+0800] {processor.py:179} INFO - Processing /opt/homebrew/lib/python3.11/site-packages/airflow/example_dags/example_latest_only_with_trigger.py took 0.132 seconds
[2023-09-17T15:39:11.033+0800] {processor.py:157} INFO - Started process (PID=87228) to work on /opt/homebrew/lib/python3.11/site-packages/airflow/example_dags/example_latest_only_with_trigger.py
[2023-09-17T15:39:11.033+0800] {processor.py:829} INFO - Processing file /opt/homebrew/lib/python3.11/site-packages/airflow/example_dags/example_latest_only_with_trigger.py for tasks to queue
[2023-09-17T15:39:11.034+0800] {logging_mixin.py:151} INFO - [2023-09-17T15:39:11.034+0800] {dagbag.py:539} INFO - Filling up the DagBag from /opt/homebrew/lib/python3.11/site-packages/airflow/example_dags/example_latest_only_with_trigger.py
[2023-09-17T15:39:11.050+0800] {processor.py:839} INFO - DAG(s) dict_keys(['latest_only_with_trigger']) retrieved from /opt/homebrew/lib/python3.11/site-packages/airflow/example_dags/example_latest_only_with_trigger.py
[2023-09-17T15:39:11.146+0800] {logging_mixin.py:151} INFO - [2023-09-17T15:39:11.146+0800] {dag.py:2915} INFO - Sync 1 DAGs
[2023-09-17T15:39:11.155+0800] {logging_mixin.py:151} INFO - [2023-09-17T15:39:11.154+0800] {dag.py:3696} INFO - Setting next_dagrun for latest_only_with_trigger to 2023-09-17T03:39:11.154911+00:00, run_after=2023-09-17T07:39:11.154911+00:00
[2023-09-17T15:39:11.166+0800] {processor.py:179} INFO - Processing /opt/homebrew/lib/python3.11/site-packages/airflow/example_dags/example_latest_only_with_trigger.py took 0.133 seconds
[2023-09-17T18:25:38.576+0800] {processor.py:157} INFO - Started process (PID=87533) to work on /opt/homebrew/lib/python3.11/site-packages/airflow/example_dags/example_latest_only_with_trigger.py
[2023-09-17T18:25:38.576+0800] {processor.py:829} INFO - Processing file /opt/homebrew/lib/python3.11/site-packages/airflow/example_dags/example_latest_only_with_trigger.py for tasks to queue
[2023-09-17T18:25:38.576+0800] {logging_mixin.py:151} INFO - [2023-09-17T18:25:38.576+0800] {dagbag.py:539} INFO - Filling up the DagBag from /opt/homebrew/lib/python3.11/site-packages/airflow/example_dags/example_latest_only_with_trigger.py
[2023-09-17T18:25:38.592+0800] {processor.py:839} INFO - DAG(s) dict_keys(['latest_only_with_trigger']) retrieved from /opt/homebrew/lib/python3.11/site-packages/airflow/example_dags/example_latest_only_with_trigger.py
[2023-09-17T18:25:38.690+0800] {logging_mixin.py:151} INFO - [2023-09-17T18:25:38.690+0800] {dag.py:2915} INFO - Sync 1 DAGs
[2023-09-17T18:25:38.699+0800] {logging_mixin.py:151} INFO - [2023-09-17T18:25:38.699+0800] {dag.py:3696} INFO - Setting next_dagrun for latest_only_with_trigger to 2023-09-17T06:25:38.699086+00:00, run_after=2023-09-17T10:25:38.699086+00:00
[2023-09-17T18:42:09.917+0800] {processor.py:179} INFO - Processing /opt/homebrew/lib/python3.11/site-packages/airflow/example_dags/example_latest_only_with_trigger.py took 0.421 seconds
[2023-09-17T21:44:47.605+0800] {processor.py:157} INFO - Started process (PID=87878) to work on /opt/homebrew/lib/python3.11/site-packages/airflow/example_dags/example_latest_only_with_trigger.py
[2023-09-17T21:44:47.606+0800] {processor.py:829} INFO - Processing file /opt/homebrew/lib/python3.11/site-packages/airflow/example_dags/example_latest_only_with_trigger.py for tasks to queue
[2023-09-17T21:44:47.606+0800] {logging_mixin.py:151} INFO - [2023-09-17T21:44:47.606+0800] {dagbag.py:539} INFO - Filling up the DagBag from /opt/homebrew/lib/python3.11/site-packages/airflow/example_dags/example_latest_only_with_trigger.py
[2023-09-17T21:44:47.622+0800] {processor.py:839} INFO - DAG(s) dict_keys(['latest_only_with_trigger']) retrieved from /opt/homebrew/lib/python3.11/site-packages/airflow/example_dags/example_latest_only_with_trigger.py
[2023-09-17T22:02:37.869+0800] {logging_mixin.py:151} INFO - [2023-09-17T22:02:37.869+0800] {security.py:708} INFO - Not syncing DAG-level permissions for DAG 'DAG:latest_only_with_trigger' as access control is unset.
[2023-09-17T22:02:37.870+0800] {logging_mixin.py:151} INFO - [2023-09-17T22:02:37.870+0800] {dag.py:2915} INFO - Sync 1 DAGs
[2023-09-17T22:02:37.884+0800] {logging_mixin.py:151} INFO - [2023-09-17T22:02:37.884+0800] {dag.py:3696} INFO - Setting next_dagrun for latest_only_with_trigger to 2023-09-17T10:02:37.884421+00:00, run_after=2023-09-17T14:02:37.884421+00:00
[2023-09-17T22:02:37.908+0800] {processor.py:179} INFO - Processing /opt/homebrew/lib/python3.11/site-packages/airflow/example_dags/example_latest_only_with_trigger.py took 1.358 seconds
[2023-09-18T01:33:10.389+0800] {processor.py:157} INFO - Started process (PID=88503) to work on /opt/homebrew/lib/python3.11/site-packages/airflow/example_dags/example_latest_only_with_trigger.py
[2023-09-18T01:33:10.390+0800] {processor.py:829} INFO - Processing file /opt/homebrew/lib/python3.11/site-packages/airflow/example_dags/example_latest_only_with_trigger.py for tasks to queue
[2023-09-18T01:33:10.391+0800] {logging_mixin.py:151} INFO - [2023-09-18T01:33:10.390+0800] {dagbag.py:539} INFO - Filling up the DagBag from /opt/homebrew/lib/python3.11/site-packages/airflow/example_dags/example_latest_only_with_trigger.py
[2023-09-18T01:33:10.409+0800] {processor.py:839} INFO - DAG(s) dict_keys(['latest_only_with_trigger']) retrieved from /opt/homebrew/lib/python3.11/site-packages/airflow/example_dags/example_latest_only_with_trigger.py
[2023-09-18T01:33:10.518+0800] {logging_mixin.py:151} INFO - [2023-09-18T01:33:10.518+0800] {dag.py:2915} INFO - Sync 1 DAGs
[2023-09-18T01:33:10.530+0800] {logging_mixin.py:151} INFO - [2023-09-18T01:33:10.530+0800] {dag.py:3696} INFO - Setting next_dagrun for latest_only_with_trigger to 2023-09-17T13:33:10.530514+00:00, run_after=2023-09-17T17:33:10.530514+00:00
[2023-09-18T01:33:10.546+0800] {processor.py:179} INFO - Processing /opt/homebrew/lib/python3.11/site-packages/airflow/example_dags/example_latest_only_with_trigger.py took 0.157 seconds
[2023-09-18T04:50:53.692+0800] {processor.py:157} INFO - Started process (PID=88848) to work on /opt/homebrew/lib/python3.11/site-packages/airflow/example_dags/example_latest_only_with_trigger.py
[2023-09-18T04:50:53.692+0800] {processor.py:829} INFO - Processing file /opt/homebrew/lib/python3.11/site-packages/airflow/example_dags/example_latest_only_with_trigger.py for tasks to queue
[2023-09-18T04:50:53.693+0800] {logging_mixin.py:151} INFO - [2023-09-18T04:50:53.693+0800] {dagbag.py:539} INFO - Filling up the DagBag from /opt/homebrew/lib/python3.11/site-packages/airflow/example_dags/example_latest_only_with_trigger.py
[2023-09-18T04:50:53.708+0800] {processor.py:839} INFO - DAG(s) dict_keys(['latest_only_with_trigger']) retrieved from /opt/homebrew/lib/python3.11/site-packages/airflow/example_dags/example_latest_only_with_trigger.py
[2023-09-18T04:50:53.804+0800] {logging_mixin.py:151} INFO - [2023-09-18T04:50:53.803+0800] {dag.py:2915} INFO - Sync 1 DAGs
[2023-09-18T04:50:53.812+0800] {logging_mixin.py:151} INFO - [2023-09-18T04:50:53.812+0800] {dag.py:3696} INFO - Setting next_dagrun for latest_only_with_trigger to 2023-09-17T16:50:53.812217+00:00, run_after=2023-09-17T20:50:53.812217+00:00
[2023-09-18T04:50:53.823+0800] {processor.py:179} INFO - Processing /opt/homebrew/lib/python3.11/site-packages/airflow/example_dags/example_latest_only_with_trigger.py took 0.131 seconds
