[2023-09-17T13:08:04.747+0800] {processor.py:157} INFO - Started process (PID=87001) to work on /opt/homebrew/lib/python3.11/site-packages/airflow/example_dags/example_branch_labels.py
[2023-09-17T13:08:04.747+0800] {processor.py:829} INFO - Processing file /opt/homebrew/lib/python3.11/site-packages/airflow/example_dags/example_branch_labels.py for tasks to queue
[2023-09-17T13:08:04.747+0800] {logging_mixin.py:151} INFO - [2023-09-17T13:08:04.747+0800] {dagbag.py:539} INFO - Filling up the DagBag from /opt/homebrew/lib/python3.11/site-packages/airflow/example_dags/example_branch_labels.py
[2023-09-17T13:08:04.764+0800] {processor.py:839} INFO - DAG(s) dict_keys(['example_branch_labels']) retrieved from /opt/homebrew/lib/python3.11/site-packages/airflow/example_dags/example_branch_labels.py
[2023-09-17T13:08:04.861+0800] {logging_mixin.py:151} INFO - [2023-09-17T13:08:04.861+0800] {dag.py:2915} INFO - Sync 1 DAGs
[2023-09-17T13:08:04.870+0800] {logging_mixin.py:151} INFO - [2023-09-17T13:08:04.870+0800] {dag.py:3696} INFO - Setting next_dagrun for example_branch_labels to 2023-09-16T00:00:00+00:00, run_after=2023-09-17T00:00:00+00:00
[2023-09-17T13:08:04.881+0800] {processor.py:179} INFO - Processing /opt/homebrew/lib/python3.11/site-packages/airflow/example_dags/example_branch_labels.py took 0.135 seconds
[2023-09-17T19:14:22.136+0800] {processor.py:157} INFO - Started process (PID=87610) to work on /opt/homebrew/lib/python3.11/site-packages/airflow/example_dags/example_branch_labels.py
[2023-09-17T19:14:22.136+0800] {processor.py:829} INFO - Processing file /opt/homebrew/lib/python3.11/site-packages/airflow/example_dags/example_branch_labels.py for tasks to queue
[2023-09-17T19:14:22.137+0800] {logging_mixin.py:151} INFO - [2023-09-17T19:14:22.136+0800] {dagbag.py:539} INFO - Filling up the DagBag from /opt/homebrew/lib/python3.11/site-packages/airflow/example_dags/example_branch_labels.py
[2023-09-17T19:14:22.153+0800] {processor.py:839} INFO - DAG(s) dict_keys(['example_branch_labels']) retrieved from /opt/homebrew/lib/python3.11/site-packages/airflow/example_dags/example_branch_labels.py
[2023-09-17T19:14:22.248+0800] {logging_mixin.py:151} INFO - [2023-09-17T19:14:22.248+0800] {dag.py:2915} INFO - Sync 1 DAGs
[2023-09-17T19:14:22.257+0800] {logging_mixin.py:151} INFO - [2023-09-17T19:14:22.257+0800] {dag.py:3696} INFO - Setting next_dagrun for example_branch_labels to 2023-09-16T00:00:00+00:00, run_after=2023-09-17T00:00:00+00:00
[2023-09-17T19:14:22.267+0800] {processor.py:179} INFO - Processing /opt/homebrew/lib/python3.11/site-packages/airflow/example_dags/example_branch_labels.py took 0.132 seconds
[2023-09-17T22:53:01.977+0800] {processor.py:157} INFO - Started process (PID=88132) to work on /opt/homebrew/lib/python3.11/site-packages/airflow/example_dags/example_branch_labels.py
[2023-09-17T22:53:01.977+0800] {processor.py:829} INFO - Processing file /opt/homebrew/lib/python3.11/site-packages/airflow/example_dags/example_branch_labels.py for tasks to queue
[2023-09-17T22:53:01.977+0800] {logging_mixin.py:151} INFO - [2023-09-17T22:53:01.977+0800] {dagbag.py:539} INFO - Filling up the DagBag from /opt/homebrew/lib/python3.11/site-packages/airflow/example_dags/example_branch_labels.py
[2023-09-17T22:53:01.994+0800] {processor.py:839} INFO - DAG(s) dict_keys(['example_branch_labels']) retrieved from /opt/homebrew/lib/python3.11/site-packages/airflow/example_dags/example_branch_labels.py
[2023-09-17T22:53:02.091+0800] {logging_mixin.py:151} INFO - [2023-09-17T22:53:02.091+0800] {dag.py:2915} INFO - Sync 1 DAGs
[2023-09-17T22:53:02.100+0800] {logging_mixin.py:151} INFO - [2023-09-17T22:53:02.100+0800] {dag.py:3696} INFO - Setting next_dagrun for example_branch_labels to 2023-09-16T00:00:00+00:00, run_after=2023-09-17T00:00:00+00:00
[2023-09-17T22:53:02.111+0800] {processor.py:179} INFO - Processing /opt/homebrew/lib/python3.11/site-packages/airflow/example_dags/example_branch_labels.py took 0.134 seconds
[2023-09-18T02:19:22.749+0800] {processor.py:157} INFO - Started process (PID=88598) to work on /opt/homebrew/lib/python3.11/site-packages/airflow/example_dags/example_branch_labels.py
[2023-09-18T02:19:22.750+0800] {processor.py:829} INFO - Processing file /opt/homebrew/lib/python3.11/site-packages/airflow/example_dags/example_branch_labels.py for tasks to queue
[2023-09-18T02:19:22.750+0800] {logging_mixin.py:151} INFO - [2023-09-18T02:19:22.750+0800] {dagbag.py:539} INFO - Filling up the DagBag from /opt/homebrew/lib/python3.11/site-packages/airflow/example_dags/example_branch_labels.py
[2023-09-18T02:19:22.767+0800] {processor.py:839} INFO - DAG(s) dict_keys(['example_branch_labels']) retrieved from /opt/homebrew/lib/python3.11/site-packages/airflow/example_dags/example_branch_labels.py
[2023-09-18T02:19:22.862+0800] {logging_mixin.py:151} INFO - [2023-09-18T02:19:22.862+0800] {dag.py:2915} INFO - Sync 1 DAGs
[2023-09-18T02:19:22.871+0800] {logging_mixin.py:151} INFO - [2023-09-18T02:19:22.871+0800] {dag.py:3696} INFO - Setting next_dagrun for example_branch_labels to 2023-09-16T00:00:00+00:00, run_after=2023-09-17T00:00:00+00:00
[2023-09-18T02:19:22.881+0800] {processor.py:179} INFO - Processing /opt/homebrew/lib/python3.11/site-packages/airflow/example_dags/example_branch_labels.py took 0.132 seconds
[2023-09-18T05:38:34.569+0800] {processor.py:157} INFO - Started process (PID=88926) to work on /opt/homebrew/lib/python3.11/site-packages/airflow/example_dags/example_branch_labels.py
[2023-09-18T05:38:34.569+0800] {processor.py:829} INFO - Processing file /opt/homebrew/lib/python3.11/site-packages/airflow/example_dags/example_branch_labels.py for tasks to queue
[2023-09-18T05:38:34.569+0800] {logging_mixin.py:151} INFO - [2023-09-18T05:38:34.569+0800] {dagbag.py:539} INFO - Filling up the DagBag from /opt/homebrew/lib/python3.11/site-packages/airflow/example_dags/example_branch_labels.py
[2023-09-18T05:38:34.585+0800] {processor.py:839} INFO - DAG(s) dict_keys(['example_branch_labels']) retrieved from /opt/homebrew/lib/python3.11/site-packages/airflow/example_dags/example_branch_labels.py
[2023-09-18T05:38:34.680+0800] {logging_mixin.py:151} INFO - [2023-09-18T05:38:34.680+0800] {dag.py:2915} INFO - Sync 1 DAGs
[2023-09-18T05:38:34.689+0800] {logging_mixin.py:151} INFO - [2023-09-18T05:38:34.689+0800] {dag.py:3696} INFO - Setting next_dagrun for example_branch_labels to 2023-09-16T00:00:00+00:00, run_after=2023-09-17T00:00:00+00:00
[2023-09-18T05:38:34.700+0800] {processor.py:179} INFO - Processing /opt/homebrew/lib/python3.11/site-packages/airflow/example_dags/example_branch_labels.py took 0.131 seconds
