[2023-09-17T11:00:07.304+0800] {processor.py:157} INFO - Started process (PID=86812) to work on /opt/homebrew/lib/python3.11/site-packages/airflow/example_dags/example_task_group_decorator.py
[2023-09-17T11:00:07.305+0800] {processor.py:829} INFO - Processing file /opt/homebrew/lib/python3.11/site-packages/airflow/example_dags/example_task_group_decorator.py for tasks to queue
[2023-09-17T11:00:07.305+0800] {logging_mixin.py:151} INFO - [2023-09-17T11:00:07.305+0800] {dagbag.py:539} INFO - Filling up the DagBag from /opt/homebrew/lib/python3.11/site-packages/airflow/example_dags/example_task_group_decorator.py
[2023-09-17T11:00:07.340+0800] {processor.py:839} INFO - DAG(s) dict_keys(['example_task_group_decorator']) retrieved from /opt/homebrew/lib/python3.11/site-packages/airflow/example_dags/example_task_group_decorator.py
[2023-09-17T11:00:07.437+0800] {logging_mixin.py:151} INFO - [2023-09-17T11:00:07.436+0800] {dag.py:2915} INFO - Sync 1 DAGs
[2023-09-17T11:00:07.445+0800] {logging_mixin.py:151} INFO - [2023-09-17T11:00:07.445+0800] {dag.py:3696} INFO - Setting next_dagrun for example_task_group_decorator to 2023-09-16T03:00:07.445239+00:00, run_after=2023-09-17T03:00:07.445239+00:00
[2023-09-17T11:00:07.455+0800] {processor.py:179} INFO - Processing /opt/homebrew/lib/python3.11/site-packages/airflow/example_dags/example_task_group_decorator.py took 0.151 seconds
[2023-09-17T14:15:13.278+0800] {processor.py:157} INFO - Started process (PID=87118) to work on /opt/homebrew/lib/python3.11/site-packages/airflow/example_dags/example_task_group_decorator.py
[2023-09-17T14:15:13.278+0800] {processor.py:829} INFO - Processing file /opt/homebrew/lib/python3.11/site-packages/airflow/example_dags/example_task_group_decorator.py for tasks to queue
[2023-09-17T14:15:13.279+0800] {logging_mixin.py:151} INFO - [2023-09-17T14:15:13.279+0800] {dagbag.py:539} INFO - Filling up the DagBag from /opt/homebrew/lib/python3.11/site-packages/airflow/example_dags/example_task_group_decorator.py
[2023-09-17T14:15:13.314+0800] {processor.py:839} INFO - DAG(s) dict_keys(['example_task_group_decorator']) retrieved from /opt/homebrew/lib/python3.11/site-packages/airflow/example_dags/example_task_group_decorator.py
[2023-09-17T14:15:13.410+0800] {logging_mixin.py:151} INFO - [2023-09-17T14:15:13.410+0800] {dag.py:2915} INFO - Sync 1 DAGs
[2023-09-17T14:15:13.419+0800] {logging_mixin.py:151} INFO - [2023-09-17T14:15:13.418+0800] {dag.py:3696} INFO - Setting next_dagrun for example_task_group_decorator to 2023-09-16T06:15:13.418911+00:00, run_after=2023-09-17T06:15:13.418911+00:00
[2023-09-17T14:15:13.429+0800] {processor.py:179} INFO - Processing /opt/homebrew/lib/python3.11/site-packages/airflow/example_dags/example_task_group_decorator.py took 0.151 seconds
[2023-09-17T17:21:47.661+0800] {processor.py:157} INFO - Started process (PID=87429) to work on /opt/homebrew/lib/python3.11/site-packages/airflow/example_dags/example_task_group_decorator.py
[2023-09-17T17:21:47.661+0800] {processor.py:829} INFO - Processing file /opt/homebrew/lib/python3.11/site-packages/airflow/example_dags/example_task_group_decorator.py for tasks to queue
[2023-09-17T17:21:47.662+0800] {logging_mixin.py:151} INFO - [2023-09-17T17:21:47.662+0800] {dagbag.py:539} INFO - Filling up the DagBag from /opt/homebrew/lib/python3.11/site-packages/airflow/example_dags/example_task_group_decorator.py
[2023-09-17T17:21:47.696+0800] {processor.py:839} INFO - DAG(s) dict_keys(['example_task_group_decorator']) retrieved from /opt/homebrew/lib/python3.11/site-packages/airflow/example_dags/example_task_group_decorator.py
[2023-09-17T17:21:47.792+0800] {logging_mixin.py:151} INFO - [2023-09-17T17:21:47.792+0800] {dag.py:2915} INFO - Sync 1 DAGs
[2023-09-17T17:21:47.800+0800] {logging_mixin.py:151} INFO - [2023-09-17T17:21:47.800+0800] {dag.py:3696} INFO - Setting next_dagrun for example_task_group_decorator to 2023-09-16T09:21:47.800759+00:00, run_after=2023-09-17T09:21:47.800759+00:00
[2023-09-17T17:21:47.811+0800] {processor.py:179} INFO - Processing /opt/homebrew/lib/python3.11/site-packages/airflow/example_dags/example_task_group_decorator.py took 0.150 seconds
[2023-09-17T20:39:07.148+0800] {processor.py:157} INFO - Started process (PID=87728) to work on /opt/homebrew/lib/python3.11/site-packages/airflow/example_dags/example_task_group_decorator.py
[2023-09-17T20:39:07.148+0800] {processor.py:829} INFO - Processing file /opt/homebrew/lib/python3.11/site-packages/airflow/example_dags/example_task_group_decorator.py for tasks to queue
[2023-09-17T20:39:07.149+0800] {logging_mixin.py:151} INFO - [2023-09-17T20:39:07.149+0800] {dagbag.py:539} INFO - Filling up the DagBag from /opt/homebrew/lib/python3.11/site-packages/airflow/example_dags/example_task_group_decorator.py
[2023-09-17T20:39:07.185+0800] {processor.py:839} INFO - DAG(s) dict_keys(['example_task_group_decorator']) retrieved from /opt/homebrew/lib/python3.11/site-packages/airflow/example_dags/example_task_group_decorator.py
[2023-09-17T20:39:07.282+0800] {logging_mixin.py:151} INFO - [2023-09-17T20:39:07.282+0800] {dag.py:2915} INFO - Sync 1 DAGs
[2023-09-17T20:39:07.290+0800] {logging_mixin.py:151} INFO - [2023-09-17T20:39:07.290+0800] {dag.py:3696} INFO - Setting next_dagrun for example_task_group_decorator to 2023-09-16T12:39:07.290733+00:00, run_after=2023-09-17T12:39:07.290733+00:00
[2023-09-17T20:39:07.300+0800] {processor.py:179} INFO - Processing /opt/homebrew/lib/python3.11/site-packages/airflow/example_dags/example_task_group_decorator.py took 0.153 seconds
[2023-09-18T00:13:52.920+0800] {processor.py:157} INFO - Started process (PID=88364) to work on /opt/homebrew/lib/python3.11/site-packages/airflow/example_dags/example_task_group_decorator.py
[2023-09-18T00:13:52.920+0800] {processor.py:829} INFO - Processing file /opt/homebrew/lib/python3.11/site-packages/airflow/example_dags/example_task_group_decorator.py for tasks to queue
[2023-09-18T00:13:52.921+0800] {logging_mixin.py:151} INFO - [2023-09-18T00:13:52.921+0800] {dagbag.py:539} INFO - Filling up the DagBag from /opt/homebrew/lib/python3.11/site-packages/airflow/example_dags/example_task_group_decorator.py
[2023-09-18T00:13:52.956+0800] {processor.py:839} INFO - DAG(s) dict_keys(['example_task_group_decorator']) retrieved from /opt/homebrew/lib/python3.11/site-packages/airflow/example_dags/example_task_group_decorator.py
[2023-09-18T00:13:53.060+0800] {logging_mixin.py:151} INFO - [2023-09-18T00:13:53.060+0800] {dag.py:2915} INFO - Sync 1 DAGs
[2023-09-18T00:13:53.069+0800] {logging_mixin.py:151} INFO - [2023-09-18T00:13:53.069+0800] {dag.py:3696} INFO - Setting next_dagrun for example_task_group_decorator to 2023-09-16T16:13:53.069337+00:00, run_after=2023-09-17T16:13:53.069337+00:00
[2023-09-18T00:13:53.080+0800] {processor.py:179} INFO - Processing /opt/homebrew/lib/python3.11/site-packages/airflow/example_dags/example_task_group_decorator.py took 0.160 seconds
[2023-09-18T03:45:22.843+0800] {processor.py:157} INFO - Started process (PID=88723) to work on /opt/homebrew/lib/python3.11/site-packages/airflow/example_dags/example_task_group_decorator.py
[2023-09-18T03:45:22.844+0800] {processor.py:829} INFO - Processing file /opt/homebrew/lib/python3.11/site-packages/airflow/example_dags/example_task_group_decorator.py for tasks to queue
[2023-09-18T03:45:22.845+0800] {logging_mixin.py:151} INFO - [2023-09-18T03:45:22.845+0800] {dagbag.py:539} INFO - Filling up the DagBag from /opt/homebrew/lib/python3.11/site-packages/airflow/example_dags/example_task_group_decorator.py
[2023-09-18T03:45:22.903+0800] {processor.py:839} INFO - DAG(s) dict_keys(['example_task_group_decorator']) retrieved from /opt/homebrew/lib/python3.11/site-packages/airflow/example_dags/example_task_group_decorator.py
[2023-09-18T03:45:23.023+0800] {logging_mixin.py:151} INFO - [2023-09-18T03:45:23.023+0800] {dag.py:2915} INFO - Sync 1 DAGs
[2023-09-18T03:45:23.033+0800] {logging_mixin.py:151} INFO - [2023-09-18T03:45:23.033+0800] {dag.py:3696} INFO - Setting next_dagrun for example_task_group_decorator to 2023-09-16T19:45:23.033103+00:00, run_after=2023-09-17T19:45:23.033103+00:00
[2023-09-18T03:45:23.044+0800] {processor.py:179} INFO - Processing /opt/homebrew/lib/python3.11/site-packages/airflow/example_dags/example_task_group_decorator.py took 0.202 seconds
[2023-09-18T07:03:17.814+0800] {processor.py:157} INFO - Started process (PID=89046) to work on /opt/homebrew/lib/python3.11/site-packages/airflow/example_dags/example_task_group_decorator.py
[2023-09-18T07:03:17.815+0800] {processor.py:829} INFO - Processing file /opt/homebrew/lib/python3.11/site-packages/airflow/example_dags/example_task_group_decorator.py for tasks to queue
[2023-09-18T07:03:17.815+0800] {logging_mixin.py:151} INFO - [2023-09-18T07:03:17.815+0800] {dagbag.py:539} INFO - Filling up the DagBag from /opt/homebrew/lib/python3.11/site-packages/airflow/example_dags/example_task_group_decorator.py
[2023-09-18T07:03:17.850+0800] {processor.py:839} INFO - DAG(s) dict_keys(['example_task_group_decorator']) retrieved from /opt/homebrew/lib/python3.11/site-packages/airflow/example_dags/example_task_group_decorator.py
[2023-09-18T07:03:17.948+0800] {logging_mixin.py:151} INFO - [2023-09-18T07:03:17.947+0800] {dag.py:2915} INFO - Sync 1 DAGs
[2023-09-18T07:03:17.956+0800] {logging_mixin.py:151} INFO - [2023-09-18T07:03:17.956+0800] {dag.py:3696} INFO - Setting next_dagrun for example_task_group_decorator to 2023-09-16T23:03:17.956696+00:00, run_after=2023-09-17T23:03:17.956696+00:00
[2023-09-18T07:03:17.966+0800] {processor.py:179} INFO - Processing /opt/homebrew/lib/python3.11/site-packages/airflow/example_dags/example_task_group_decorator.py took 0.152 seconds
