[2023-09-17T09:07:47.075+0800] {processor.py:157} INFO - Started process (PID=86617) to work on /opt/homebrew/lib/python3.11/site-packages/airflow/example_dags/example_kubernetes_executor.py
[2023-09-17T09:07:47.075+0800] {processor.py:829} INFO - Processing file /opt/homebrew/lib/python3.11/site-packages/airflow/example_dags/example_kubernetes_executor.py for tasks to queue
[2023-09-17T09:07:47.076+0800] {logging_mixin.py:151} INFO - [2023-09-17T09:07:47.076+0800] {dagbag.py:539} INFO - Filling up the DagBag from /opt/homebrew/lib/python3.11/site-packages/airflow/example_dags/example_kubernetes_executor.py
[2023-09-17T09:07:47.103+0800] {logging_mixin.py:151} INFO - [2023-09-17T09:07:47.103+0800] {example_kubernetes_executor.py:38} WARNING - The example_kubernetes_executor example DAG requires the kubernetes provider. Please install it with: pip install apache-airflow[cncf.kubernetes]
[2023-09-17T09:07:47.103+0800] {processor.py:841} WARNING - No viable dags retrieved from /opt/homebrew/lib/python3.11/site-packages/airflow/example_dags/example_kubernetes_executor.py
[2023-09-17T09:07:47.159+0800] {processor.py:179} INFO - Processing /opt/homebrew/lib/python3.11/site-packages/airflow/example_dags/example_kubernetes_executor.py took 0.085 seconds
[2023-09-17T12:21:46.769+0800] {processor.py:157} INFO - Started process (PID=86940) to work on /opt/homebrew/lib/python3.11/site-packages/airflow/example_dags/example_kubernetes_executor.py
[2023-09-17T12:21:46.771+0800] {processor.py:829} INFO - Processing file /opt/homebrew/lib/python3.11/site-packages/airflow/example_dags/example_kubernetes_executor.py for tasks to queue
[2023-09-17T12:21:46.771+0800] {logging_mixin.py:151} INFO - [2023-09-17T12:21:46.771+0800] {dagbag.py:539} INFO - Filling up the DagBag from /opt/homebrew/lib/python3.11/site-packages/airflow/example_dags/example_kubernetes_executor.py
[2023-09-17T12:21:46.804+0800] {logging_mixin.py:151} INFO - [2023-09-17T12:21:46.804+0800] {example_kubernetes_executor.py:38} WARNING - The example_kubernetes_executor example DAG requires the kubernetes provider. Please install it with: pip install apache-airflow[cncf.kubernetes]
[2023-09-17T12:21:46.804+0800] {processor.py:841} WARNING - No viable dags retrieved from /opt/homebrew/lib/python3.11/site-packages/airflow/example_dags/example_kubernetes_executor.py
[2023-09-17T12:21:46.863+0800] {processor.py:179} INFO - Processing /opt/homebrew/lib/python3.11/site-packages/airflow/example_dags/example_kubernetes_executor.py took 0.094 seconds
[2023-09-17T15:39:14.714+0800] {processor.py:157} INFO - Started process (PID=87247) to work on /opt/homebrew/lib/python3.11/site-packages/airflow/example_dags/example_kubernetes_executor.py
[2023-09-17T15:39:14.714+0800] {processor.py:829} INFO - Processing file /opt/homebrew/lib/python3.11/site-packages/airflow/example_dags/example_kubernetes_executor.py for tasks to queue
[2023-09-17T15:39:14.715+0800] {logging_mixin.py:151} INFO - [2023-09-17T15:39:14.714+0800] {dagbag.py:539} INFO - Filling up the DagBag from /opt/homebrew/lib/python3.11/site-packages/airflow/example_dags/example_kubernetes_executor.py
[2023-09-17T15:39:14.742+0800] {logging_mixin.py:151} INFO - [2023-09-17T15:39:14.742+0800] {example_kubernetes_executor.py:38} WARNING - The example_kubernetes_executor example DAG requires the kubernetes provider. Please install it with: pip install apache-airflow[cncf.kubernetes]
[2023-09-17T15:39:14.742+0800] {processor.py:841} WARNING - No viable dags retrieved from /opt/homebrew/lib/python3.11/site-packages/airflow/example_dags/example_kubernetes_executor.py
[2023-09-17T15:39:14.798+0800] {processor.py:179} INFO - Processing /opt/homebrew/lib/python3.11/site-packages/airflow/example_dags/example_kubernetes_executor.py took 0.085 seconds
[2023-09-17T18:42:13.841+0800] {processor.py:157} INFO - Started process (PID=87553) to work on /opt/homebrew/lib/python3.11/site-packages/airflow/example_dags/example_kubernetes_executor.py
[2023-09-17T18:42:13.842+0800] {processor.py:829} INFO - Processing file /opt/homebrew/lib/python3.11/site-packages/airflow/example_dags/example_kubernetes_executor.py for tasks to queue
[2023-09-17T18:42:13.842+0800] {logging_mixin.py:151} INFO - [2023-09-17T18:42:13.842+0800] {dagbag.py:539} INFO - Filling up the DagBag from /opt/homebrew/lib/python3.11/site-packages/airflow/example_dags/example_kubernetes_executor.py
[2023-09-17T18:42:13.869+0800] {logging_mixin.py:151} INFO - [2023-09-17T18:42:13.869+0800] {example_kubernetes_executor.py:38} WARNING - The example_kubernetes_executor example DAG requires the kubernetes provider. Please install it with: pip install apache-airflow[cncf.kubernetes]
[2023-09-17T18:42:13.869+0800] {processor.py:841} WARNING - No viable dags retrieved from /opt/homebrew/lib/python3.11/site-packages/airflow/example_dags/example_kubernetes_executor.py
[2023-09-17T18:42:13.925+0800] {processor.py:179} INFO - Processing /opt/homebrew/lib/python3.11/site-packages/airflow/example_dags/example_kubernetes_executor.py took 0.084 seconds
[2023-09-17T22:02:41.494+0800] {processor.py:157} INFO - Started process (PID=87896) to work on /opt/homebrew/lib/python3.11/site-packages/airflow/example_dags/example_kubernetes_executor.py
[2023-09-17T22:02:41.494+0800] {processor.py:829} INFO - Processing file /opt/homebrew/lib/python3.11/site-packages/airflow/example_dags/example_kubernetes_executor.py for tasks to queue
[2023-09-17T22:02:41.495+0800] {logging_mixin.py:151} INFO - [2023-09-17T22:02:41.495+0800] {dagbag.py:539} INFO - Filling up the DagBag from /opt/homebrew/lib/python3.11/site-packages/airflow/example_dags/example_kubernetes_executor.py
[2023-09-17T22:02:41.522+0800] {logging_mixin.py:151} INFO - [2023-09-17T22:02:41.522+0800] {example_kubernetes_executor.py:38} WARNING - The example_kubernetes_executor example DAG requires the kubernetes provider. Please install it with: pip install apache-airflow[cncf.kubernetes]
[2023-09-17T22:02:41.522+0800] {processor.py:841} WARNING - No viable dags retrieved from /opt/homebrew/lib/python3.11/site-packages/airflow/example_dags/example_kubernetes_executor.py
[2023-09-17T22:02:41.578+0800] {processor.py:179} INFO - Processing /opt/homebrew/lib/python3.11/site-packages/airflow/example_dags/example_kubernetes_executor.py took 0.084 seconds
[2023-09-18T01:33:13.732+0800] {processor.py:157} INFO - Started process (PID=88521) to work on /opt/homebrew/lib/python3.11/site-packages/airflow/example_dags/example_kubernetes_executor.py
[2023-09-18T01:33:13.733+0800] {processor.py:829} INFO - Processing file /opt/homebrew/lib/python3.11/site-packages/airflow/example_dags/example_kubernetes_executor.py for tasks to queue
[2023-09-18T01:33:13.733+0800] {logging_mixin.py:151} INFO - [2023-09-18T01:33:13.733+0800] {dagbag.py:539} INFO - Filling up the DagBag from /opt/homebrew/lib/python3.11/site-packages/airflow/example_dags/example_kubernetes_executor.py
[2023-09-18T01:33:13.760+0800] {logging_mixin.py:151} INFO - [2023-09-18T01:33:13.760+0800] {example_kubernetes_executor.py:38} WARNING - The example_kubernetes_executor example DAG requires the kubernetes provider. Please install it with: pip install apache-airflow[cncf.kubernetes]
[2023-09-18T01:33:13.760+0800] {processor.py:841} WARNING - No viable dags retrieved from /opt/homebrew/lib/python3.11/site-packages/airflow/example_dags/example_kubernetes_executor.py
[2023-09-18T01:33:13.823+0800] {processor.py:179} INFO - Processing /opt/homebrew/lib/python3.11/site-packages/airflow/example_dags/example_kubernetes_executor.py took 0.092 seconds
[2023-09-18T04:50:57.004+0800] {processor.py:157} INFO - Started process (PID=88854) to work on /opt/homebrew/lib/python3.11/site-packages/airflow/example_dags/example_kubernetes_executor.py
[2023-09-18T04:50:57.004+0800] {processor.py:829} INFO - Processing file /opt/homebrew/lib/python3.11/site-packages/airflow/example_dags/example_kubernetes_executor.py for tasks to queue
[2023-09-18T04:50:57.005+0800] {logging_mixin.py:151} INFO - [2023-09-18T04:50:57.004+0800] {dagbag.py:539} INFO - Filling up the DagBag from /opt/homebrew/lib/python3.11/site-packages/airflow/example_dags/example_kubernetes_executor.py
[2023-09-18T04:50:57.032+0800] {logging_mixin.py:151} INFO - [2023-09-18T04:50:57.032+0800] {example_kubernetes_executor.py:38} WARNING - The example_kubernetes_executor example DAG requires the kubernetes provider. Please install it with: pip install apache-airflow[cncf.kubernetes]
[2023-09-18T04:50:57.032+0800] {processor.py:841} WARNING - No viable dags retrieved from /opt/homebrew/lib/python3.11/site-packages/airflow/example_dags/example_kubernetes_executor.py
[2023-09-18T04:50:57.088+0800] {processor.py:179} INFO - Processing /opt/homebrew/lib/python3.11/site-packages/airflow/example_dags/example_kubernetes_executor.py took 0.084 seconds
