[2023-09-17T10:26:22.182+0800] {processor.py:157} INFO - Started process (PID=86758) to work on /opt/homebrew/lib/python3.11/site-packages/airflow/example_dags/tutorial_taskflow_api.py
[2023-09-17T10:26:22.183+0800] {processor.py:829} INFO - Processing file /opt/homebrew/lib/python3.11/site-packages/airflow/example_dags/tutorial_taskflow_api.py for tasks to queue
[2023-09-17T10:26:22.183+0800] {logging_mixin.py:151} INFO - [2023-09-17T10:26:22.183+0800] {dagbag.py:539} INFO - Filling up the DagBag from /opt/homebrew/lib/python3.11/site-packages/airflow/example_dags/tutorial_taskflow_api.py
[2023-09-17T10:26:22.214+0800] {processor.py:839} INFO - DAG(s) dict_keys(['tutorial_taskflow_api']) retrieved from /opt/homebrew/lib/python3.11/site-packages/airflow/example_dags/tutorial_taskflow_api.py
[2023-09-17T10:26:22.307+0800] {logging_mixin.py:151} INFO - [2023-09-17T10:26:22.307+0800] {dag.py:2915} INFO - Sync 1 DAGs
[2023-09-17T10:26:22.312+0800] {logging_mixin.py:151} INFO - [2023-09-17T10:26:22.312+0800] {dag.py:3696} INFO - Setting next_dagrun for tutorial_taskflow_api to None, run_after=None
[2023-09-17T10:26:22.323+0800] {processor.py:179} INFO - Processing /opt/homebrew/lib/python3.11/site-packages/airflow/example_dags/tutorial_taskflow_api.py took 0.141 seconds
[2023-09-17T13:39:58.763+0800] {processor.py:157} INFO - Started process (PID=87067) to work on /opt/homebrew/lib/python3.11/site-packages/airflow/example_dags/tutorial_taskflow_api.py
[2023-09-17T13:39:58.763+0800] {processor.py:829} INFO - Processing file /opt/homebrew/lib/python3.11/site-packages/airflow/example_dags/tutorial_taskflow_api.py for tasks to queue
[2023-09-17T13:39:58.764+0800] {logging_mixin.py:151} INFO - [2023-09-17T13:39:58.764+0800] {dagbag.py:539} INFO - Filling up the DagBag from /opt/homebrew/lib/python3.11/site-packages/airflow/example_dags/tutorial_taskflow_api.py
[2023-09-17T13:39:58.794+0800] {processor.py:839} INFO - DAG(s) dict_keys(['tutorial_taskflow_api']) retrieved from /opt/homebrew/lib/python3.11/site-packages/airflow/example_dags/tutorial_taskflow_api.py
[2023-09-17T13:39:58.887+0800] {logging_mixin.py:151} INFO - [2023-09-17T13:39:58.887+0800] {dag.py:2915} INFO - Sync 1 DAGs
[2023-09-17T13:39:58.892+0800] {logging_mixin.py:151} INFO - [2023-09-17T13:39:58.892+0800] {dag.py:3696} INFO - Setting next_dagrun for tutorial_taskflow_api to None, run_after=None
[2023-09-17T13:39:58.902+0800] {processor.py:179} INFO - Processing /opt/homebrew/lib/python3.11/site-packages/airflow/example_dags/tutorial_taskflow_api.py took 0.140 seconds
[2023-09-17T16:49:57.232+0800] {processor.py:157} INFO - Started process (PID=87380) to work on /opt/homebrew/lib/python3.11/site-packages/airflow/example_dags/tutorial_taskflow_api.py
[2023-09-17T16:49:57.233+0800] {processor.py:829} INFO - Processing file /opt/homebrew/lib/python3.11/site-packages/airflow/example_dags/tutorial_taskflow_api.py for tasks to queue
[2023-09-17T16:49:57.233+0800] {logging_mixin.py:151} INFO - [2023-09-17T16:49:57.233+0800] {dagbag.py:539} INFO - Filling up the DagBag from /opt/homebrew/lib/python3.11/site-packages/airflow/example_dags/tutorial_taskflow_api.py
[2023-09-17T16:49:57.264+0800] {processor.py:839} INFO - DAG(s) dict_keys(['tutorial_taskflow_api']) retrieved from /opt/homebrew/lib/python3.11/site-packages/airflow/example_dags/tutorial_taskflow_api.py
[2023-09-17T16:49:57.358+0800] {logging_mixin.py:151} INFO - [2023-09-17T16:49:57.358+0800] {dag.py:2915} INFO - Sync 1 DAGs
[2023-09-17T16:49:57.363+0800] {logging_mixin.py:151} INFO - [2023-09-17T16:49:57.363+0800] {dag.py:3696} INFO - Setting next_dagrun for tutorial_taskflow_api to None, run_after=None
[2023-09-17T16:49:57.373+0800] {processor.py:179} INFO - Processing /opt/homebrew/lib/python3.11/site-packages/airflow/example_dags/tutorial_taskflow_api.py took 0.141 seconds
[2023-09-17T20:04:21.763+0800] {processor.py:157} INFO - Started process (PID=87664) to work on /opt/homebrew/lib/python3.11/site-packages/airflow/example_dags/tutorial_taskflow_api.py
[2023-09-17T20:04:21.763+0800] {processor.py:829} INFO - Processing file /opt/homebrew/lib/python3.11/site-packages/airflow/example_dags/tutorial_taskflow_api.py for tasks to queue
[2023-09-17T20:04:21.763+0800] {logging_mixin.py:151} INFO - [2023-09-17T20:04:21.763+0800] {dagbag.py:539} INFO - Filling up the DagBag from /opt/homebrew/lib/python3.11/site-packages/airflow/example_dags/tutorial_taskflow_api.py
[2023-09-17T20:04:21.794+0800] {processor.py:839} INFO - DAG(s) dict_keys(['tutorial_taskflow_api']) retrieved from /opt/homebrew/lib/python3.11/site-packages/airflow/example_dags/tutorial_taskflow_api.py
[2023-09-17T20:04:21.888+0800] {logging_mixin.py:151} INFO - [2023-09-17T20:04:21.888+0800] {dag.py:2915} INFO - Sync 1 DAGs
[2023-09-17T20:04:21.893+0800] {logging_mixin.py:151} INFO - [2023-09-17T20:04:21.892+0800] {dag.py:3696} INFO - Setting next_dagrun for tutorial_taskflow_api to None, run_after=None
[2023-09-17T20:04:21.903+0800] {processor.py:179} INFO - Processing /opt/homebrew/lib/python3.11/site-packages/airflow/example_dags/tutorial_taskflow_api.py took 0.141 seconds
[2023-09-17T23:24:33.486+0800] {processor.py:157} INFO - Started process (PID=88295) to work on /opt/homebrew/lib/python3.11/site-packages/airflow/example_dags/tutorial_taskflow_api.py
[2023-09-17T23:24:33.487+0800] {processor.py:829} INFO - Processing file /opt/homebrew/lib/python3.11/site-packages/airflow/example_dags/tutorial_taskflow_api.py for tasks to queue
[2023-09-17T23:24:33.487+0800] {logging_mixin.py:151} INFO - [2023-09-17T23:24:33.487+0800] {dagbag.py:539} INFO - Filling up the DagBag from /opt/homebrew/lib/python3.11/site-packages/airflow/example_dags/tutorial_taskflow_api.py
[2023-09-17T23:24:33.536+0800] {processor.py:839} INFO - DAG(s) dict_keys(['tutorial_taskflow_api']) retrieved from /opt/homebrew/lib/python3.11/site-packages/airflow/example_dags/tutorial_taskflow_api.py
[2023-09-17T23:39:48.921+0800] {logging_mixin.py:151} INFO - [2023-09-17T23:39:48.921+0800] {dag.py:2915} INFO - Sync 1 DAGs
[2023-09-17T23:39:48.955+0800] {logging_mixin.py:151} INFO - [2023-09-17T23:39:48.955+0800] {dag.py:3696} INFO - Setting next_dagrun for tutorial_taskflow_api to None, run_after=None
[2023-09-17T23:39:48.973+0800] {processor.py:179} INFO - Processing /opt/homebrew/lib/python3.11/site-packages/airflow/example_dags/tutorial_taskflow_api.py took 0.535 seconds
[2023-09-18T03:11:54.929+0800] {processor.py:157} INFO - Started process (PID=88666) to work on /opt/homebrew/lib/python3.11/site-packages/airflow/example_dags/tutorial_taskflow_api.py
[2023-09-18T03:11:54.930+0800] {processor.py:829} INFO - Processing file /opt/homebrew/lib/python3.11/site-packages/airflow/example_dags/tutorial_taskflow_api.py for tasks to queue
[2023-09-18T03:11:54.931+0800] {logging_mixin.py:151} INFO - [2023-09-18T03:11:54.931+0800] {dagbag.py:539} INFO - Filling up the DagBag from /opt/homebrew/lib/python3.11/site-packages/airflow/example_dags/tutorial_taskflow_api.py
[2023-09-18T03:11:54.972+0800] {processor.py:839} INFO - DAG(s) dict_keys(['tutorial_taskflow_api']) retrieved from /opt/homebrew/lib/python3.11/site-packages/airflow/example_dags/tutorial_taskflow_api.py
[2023-09-18T03:11:55.093+0800] {logging_mixin.py:151} INFO - [2023-09-18T03:11:55.092+0800] {dag.py:2915} INFO - Sync 1 DAGs
[2023-09-18T03:11:55.097+0800] {logging_mixin.py:151} INFO - [2023-09-18T03:11:55.097+0800] {dag.py:3696} INFO - Setting next_dagrun for tutorial_taskflow_api to None, run_after=None
[2023-09-18T03:11:55.108+0800] {processor.py:179} INFO - Processing /opt/homebrew/lib/python3.11/site-packages/airflow/example_dags/tutorial_taskflow_api.py took 0.179 seconds
[2023-09-18T06:30:19.038+0800] {processor.py:157} INFO - Started process (PID=88982) to work on /opt/homebrew/lib/python3.11/site-packages/airflow/example_dags/tutorial_taskflow_api.py
[2023-09-18T06:30:19.039+0800] {processor.py:829} INFO - Processing file /opt/homebrew/lib/python3.11/site-packages/airflow/example_dags/tutorial_taskflow_api.py for tasks to queue
[2023-09-18T06:30:19.039+0800] {logging_mixin.py:151} INFO - [2023-09-18T06:30:19.039+0800] {dagbag.py:539} INFO - Filling up the DagBag from /opt/homebrew/lib/python3.11/site-packages/airflow/example_dags/tutorial_taskflow_api.py
[2023-09-18T06:30:19.103+0800] {processor.py:839} INFO - DAG(s) dict_keys(['tutorial_taskflow_api']) retrieved from /opt/homebrew/lib/python3.11/site-packages/airflow/example_dags/tutorial_taskflow_api.py
[2023-09-18T06:30:19.214+0800] {logging_mixin.py:151} INFO - [2023-09-18T06:30:19.214+0800] {dag.py:2915} INFO - Sync 1 DAGs
[2023-09-18T06:30:19.220+0800] {logging_mixin.py:151} INFO - [2023-09-18T06:30:19.220+0800] {dag.py:3696} INFO - Setting next_dagrun for tutorial_taskflow_api to None, run_after=None
[2023-09-18T06:30:19.232+0800] {processor.py:179} INFO - Processing /opt/homebrew/lib/python3.11/site-packages/airflow/example_dags/tutorial_taskflow_api.py took 0.195 seconds
