[2023-09-16T08:43:41.067+0800] {processor.py:157} INFO - Started process (PID=84173) to work on /opt/homebrew/lib/python3.11/site-packages/airflow/example_dags/plugins/event_listener.py
[2023-09-16T08:43:41.068+0800] {processor.py:829} INFO - Processing file /opt/homebrew/lib/python3.11/site-packages/airflow/example_dags/plugins/event_listener.py for tasks to queue
[2023-09-16T08:43:41.068+0800] {logging_mixin.py:151} INFO - [2023-09-16T08:43:41.068+0800] {dagbag.py:539} INFO - Filling up the DagBag from /opt/homebrew/lib/python3.11/site-packages/airflow/example_dags/plugins/event_listener.py
[2023-09-16T08:43:41.069+0800] {processor.py:841} WARNING - No viable dags retrieved from /opt/homebrew/lib/python3.11/site-packages/airflow/example_dags/plugins/event_listener.py
[2023-09-16T08:43:41.137+0800] {processor.py:179} INFO - Processing /opt/homebrew/lib/python3.11/site-packages/airflow/example_dags/plugins/event_listener.py took 0.070 seconds
[2023-09-16T12:01:25.039+0800] {processor.py:157} INFO - Started process (PID=84500) to work on /opt/homebrew/lib/python3.11/site-packages/airflow/example_dags/plugins/event_listener.py
[2023-09-16T12:01:25.040+0800] {processor.py:829} INFO - Processing file /opt/homebrew/lib/python3.11/site-packages/airflow/example_dags/plugins/event_listener.py for tasks to queue
[2023-09-16T12:01:25.040+0800] {logging_mixin.py:151} INFO - [2023-09-16T12:01:25.040+0800] {dagbag.py:539} INFO - Filling up the DagBag from /opt/homebrew/lib/python3.11/site-packages/airflow/example_dags/plugins/event_listener.py
[2023-09-16T12:01:25.041+0800] {processor.py:841} WARNING - No viable dags retrieved from /opt/homebrew/lib/python3.11/site-packages/airflow/example_dags/plugins/event_listener.py
[2023-09-16T12:01:25.109+0800] {processor.py:179} INFO - Processing /opt/homebrew/lib/python3.11/site-packages/airflow/example_dags/plugins/event_listener.py took 0.070 seconds
[2023-09-16T15:13:49.210+0800] {processor.py:157} INFO - Started process (PID=84801) to work on /opt/homebrew/lib/python3.11/site-packages/airflow/example_dags/plugins/event_listener.py
[2023-09-16T15:13:49.211+0800] {processor.py:829} INFO - Processing file /opt/homebrew/lib/python3.11/site-packages/airflow/example_dags/plugins/event_listener.py for tasks to queue
[2023-09-16T15:13:49.211+0800] {logging_mixin.py:151} INFO - [2023-09-16T15:13:49.211+0800] {dagbag.py:539} INFO - Filling up the DagBag from /opt/homebrew/lib/python3.11/site-packages/airflow/example_dags/plugins/event_listener.py
[2023-09-16T15:13:49.211+0800] {processor.py:841} WARNING - No viable dags retrieved from /opt/homebrew/lib/python3.11/site-packages/airflow/example_dags/plugins/event_listener.py
[2023-09-16T15:13:49.280+0800] {processor.py:179} INFO - Processing /opt/homebrew/lib/python3.11/site-packages/airflow/example_dags/plugins/event_listener.py took 0.071 seconds
[2023-09-16T18:18:28.451+0800] {processor.py:157} INFO - Started process (PID=85099) to work on /opt/homebrew/lib/python3.11/site-packages/airflow/example_dags/plugins/event_listener.py
[2023-09-16T18:18:28.451+0800] {processor.py:829} INFO - Processing file /opt/homebrew/lib/python3.11/site-packages/airflow/example_dags/plugins/event_listener.py for tasks to queue
[2023-09-16T18:18:28.452+0800] {logging_mixin.py:151} INFO - [2023-09-16T18:18:28.452+0800] {dagbag.py:539} INFO - Filling up the DagBag from /opt/homebrew/lib/python3.11/site-packages/airflow/example_dags/plugins/event_listener.py
[2023-09-16T18:18:28.452+0800] {processor.py:841} WARNING - No viable dags retrieved from /opt/homebrew/lib/python3.11/site-packages/airflow/example_dags/plugins/event_listener.py
[2023-09-16T18:18:28.521+0800] {processor.py:179} INFO - Processing /opt/homebrew/lib/python3.11/site-packages/airflow/example_dags/plugins/event_listener.py took 0.070 seconds
[2023-09-16T21:37:17.440+0800] {processor.py:157} INFO - Started process (PID=85448) to work on /opt/homebrew/lib/python3.11/site-packages/airflow/example_dags/plugins/event_listener.py
[2023-09-16T21:37:17.441+0800] {processor.py:829} INFO - Processing file /opt/homebrew/lib/python3.11/site-packages/airflow/example_dags/plugins/event_listener.py for tasks to queue
[2023-09-16T21:37:17.441+0800] {logging_mixin.py:151} INFO - [2023-09-16T21:37:17.441+0800] {dagbag.py:539} INFO - Filling up the DagBag from /opt/homebrew/lib/python3.11/site-packages/airflow/example_dags/plugins/event_listener.py
[2023-09-16T21:37:17.442+0800] {processor.py:841} WARNING - No viable dags retrieved from /opt/homebrew/lib/python3.11/site-packages/airflow/example_dags/plugins/event_listener.py
[2023-09-16T21:37:17.510+0800] {processor.py:179} INFO - Processing /opt/homebrew/lib/python3.11/site-packages/airflow/example_dags/plugins/event_listener.py took 0.071 seconds
[2023-09-17T00:53:03.567+0800] {processor.py:157} INFO - Started process (PID=85792) to work on /opt/homebrew/lib/python3.11/site-packages/airflow/example_dags/plugins/event_listener.py
[2023-09-17T00:53:03.567+0800] {processor.py:829} INFO - Processing file /opt/homebrew/lib/python3.11/site-packages/airflow/example_dags/plugins/event_listener.py for tasks to queue
[2023-09-17T00:53:03.567+0800] {logging_mixin.py:151} INFO - [2023-09-17T00:53:03.567+0800] {dagbag.py:539} INFO - Filling up the DagBag from /opt/homebrew/lib/python3.11/site-packages/airflow/example_dags/plugins/event_listener.py
[2023-09-17T00:53:03.568+0800] {processor.py:841} WARNING - No viable dags retrieved from /opt/homebrew/lib/python3.11/site-packages/airflow/example_dags/plugins/event_listener.py
[2023-09-17T00:53:03.636+0800] {processor.py:179} INFO - Processing /opt/homebrew/lib/python3.11/site-packages/airflow/example_dags/plugins/event_listener.py took 0.070 seconds
[2023-09-17T04:09:07.620+0800] {processor.py:157} INFO - Started process (PID=86133) to work on /opt/homebrew/lib/python3.11/site-packages/airflow/example_dags/plugins/event_listener.py
[2023-09-17T04:09:07.621+0800] {processor.py:829} INFO - Processing file /opt/homebrew/lib/python3.11/site-packages/airflow/example_dags/plugins/event_listener.py for tasks to queue
[2023-09-17T04:09:07.621+0800] {logging_mixin.py:151} INFO - [2023-09-17T04:09:07.621+0800] {dagbag.py:539} INFO - Filling up the DagBag from /opt/homebrew/lib/python3.11/site-packages/airflow/example_dags/plugins/event_listener.py
[2023-09-17T04:09:07.622+0800] {processor.py:841} WARNING - No viable dags retrieved from /opt/homebrew/lib/python3.11/site-packages/airflow/example_dags/plugins/event_listener.py
[2023-09-17T04:09:07.690+0800] {processor.py:179} INFO - Processing /opt/homebrew/lib/python3.11/site-packages/airflow/example_dags/plugins/event_listener.py took 0.071 seconds
[2023-09-17T06:55:34.814+0800] {processor.py:157} INFO - Started process (PID=86419) to work on /opt/homebrew/lib/python3.11/site-packages/airflow/example_dags/plugins/event_listener.py
[2023-09-17T06:55:34.815+0800] {processor.py:829} INFO - Processing file /opt/homebrew/lib/python3.11/site-packages/airflow/example_dags/plugins/event_listener.py for tasks to queue
[2023-09-17T06:55:34.815+0800] {logging_mixin.py:151} INFO - [2023-09-17T06:55:34.815+0800] {dagbag.py:539} INFO - Filling up the DagBag from /opt/homebrew/lib/python3.11/site-packages/airflow/example_dags/plugins/event_listener.py
[2023-09-17T06:55:34.816+0800] {processor.py:841} WARNING - No viable dags retrieved from /opt/homebrew/lib/python3.11/site-packages/airflow/example_dags/plugins/event_listener.py
[2023-09-17T06:55:34.884+0800] {processor.py:179} INFO - Processing /opt/homebrew/lib/python3.11/site-packages/airflow/example_dags/plugins/event_listener.py took 0.070 seconds
