[2023-09-16T08:43:39.228+0800] {processor.py:157} INFO - Started process (PID=84171) to work on /opt/homebrew/lib/python3.11/site-packages/airflow/example_dags/plugins/listener_plugin.py
[2023-09-16T08:43:39.229+0800] {processor.py:829} INFO - Processing file /opt/homebrew/lib/python3.11/site-packages/airflow/example_dags/plugins/listener_plugin.py for tasks to queue
[2023-09-16T08:43:39.229+0800] {logging_mixin.py:151} INFO - [2023-09-16T08:43:39.229+0800] {dagbag.py:539} INFO - Filling up the DagBag from /opt/homebrew/lib/python3.11/site-packages/airflow/example_dags/plugins/listener_plugin.py
[2023-09-16T08:43:39.230+0800] {processor.py:841} WARNING - No viable dags retrieved from /opt/homebrew/lib/python3.11/site-packages/airflow/example_dags/plugins/listener_plugin.py
[2023-09-16T08:43:39.299+0800] {processor.py:179} INFO - Processing /opt/homebrew/lib/python3.11/site-packages/airflow/example_dags/plugins/listener_plugin.py took 0.071 seconds
[2023-09-16T12:01:23.214+0800] {processor.py:157} INFO - Started process (PID=84487) to work on /opt/homebrew/lib/python3.11/site-packages/airflow/example_dags/plugins/listener_plugin.py
[2023-09-16T12:01:23.214+0800] {processor.py:829} INFO - Processing file /opt/homebrew/lib/python3.11/site-packages/airflow/example_dags/plugins/listener_plugin.py for tasks to queue
[2023-09-16T12:01:23.214+0800] {logging_mixin.py:151} INFO - [2023-09-16T12:01:23.214+0800] {dagbag.py:539} INFO - Filling up the DagBag from /opt/homebrew/lib/python3.11/site-packages/airflow/example_dags/plugins/listener_plugin.py
[2023-09-16T12:01:23.215+0800] {processor.py:841} WARNING - No viable dags retrieved from /opt/homebrew/lib/python3.11/site-packages/airflow/example_dags/plugins/listener_plugin.py
[2023-09-16T12:01:23.284+0800] {processor.py:179} INFO - Processing /opt/homebrew/lib/python3.11/site-packages/airflow/example_dags/plugins/listener_plugin.py took 0.071 seconds
[2023-09-16T15:13:47.383+0800] {processor.py:157} INFO - Started process (PID=84798) to work on /opt/homebrew/lib/python3.11/site-packages/airflow/example_dags/plugins/listener_plugin.py
[2023-09-16T15:13:47.383+0800] {processor.py:829} INFO - Processing file /opt/homebrew/lib/python3.11/site-packages/airflow/example_dags/plugins/listener_plugin.py for tasks to queue
[2023-09-16T15:13:47.384+0800] {logging_mixin.py:151} INFO - [2023-09-16T15:13:47.384+0800] {dagbag.py:539} INFO - Filling up the DagBag from /opt/homebrew/lib/python3.11/site-packages/airflow/example_dags/plugins/listener_plugin.py
[2023-09-16T15:13:47.385+0800] {processor.py:841} WARNING - No viable dags retrieved from /opt/homebrew/lib/python3.11/site-packages/airflow/example_dags/plugins/listener_plugin.py
[2023-09-16T15:13:47.454+0800] {processor.py:179} INFO - Processing /opt/homebrew/lib/python3.11/site-packages/airflow/example_dags/plugins/listener_plugin.py took 0.071 seconds
[2023-09-16T18:18:27.161+0800] {processor.py:157} INFO - Started process (PID=85096) to work on /opt/homebrew/lib/python3.11/site-packages/airflow/example_dags/plugins/listener_plugin.py
[2023-09-16T18:18:27.161+0800] {processor.py:829} INFO - Processing file /opt/homebrew/lib/python3.11/site-packages/airflow/example_dags/plugins/listener_plugin.py for tasks to queue
[2023-09-16T18:18:27.162+0800] {logging_mixin.py:151} INFO - [2023-09-16T18:18:27.162+0800] {dagbag.py:539} INFO - Filling up the DagBag from /opt/homebrew/lib/python3.11/site-packages/airflow/example_dags/plugins/listener_plugin.py
[2023-09-16T18:18:27.163+0800] {processor.py:841} WARNING - No viable dags retrieved from /opt/homebrew/lib/python3.11/site-packages/airflow/example_dags/plugins/listener_plugin.py
[2023-09-16T18:18:27.233+0800] {processor.py:179} INFO - Processing /opt/homebrew/lib/python3.11/site-packages/airflow/example_dags/plugins/listener_plugin.py took 0.073 seconds
[2023-09-16T21:37:15.630+0800] {processor.py:157} INFO - Started process (PID=85443) to work on /opt/homebrew/lib/python3.11/site-packages/airflow/example_dags/plugins/listener_plugin.py
[2023-09-16T21:37:15.631+0800] {processor.py:829} INFO - Processing file /opt/homebrew/lib/python3.11/site-packages/airflow/example_dags/plugins/listener_plugin.py for tasks to queue
[2023-09-16T21:37:15.631+0800] {logging_mixin.py:151} INFO - [2023-09-16T21:37:15.631+0800] {dagbag.py:539} INFO - Filling up the DagBag from /opt/homebrew/lib/python3.11/site-packages/airflow/example_dags/plugins/listener_plugin.py
[2023-09-16T21:37:15.632+0800] {processor.py:841} WARNING - No viable dags retrieved from /opt/homebrew/lib/python3.11/site-packages/airflow/example_dags/plugins/listener_plugin.py
[2023-09-16T21:37:15.701+0800] {processor.py:179} INFO - Processing /opt/homebrew/lib/python3.11/site-packages/airflow/example_dags/plugins/listener_plugin.py took 0.071 seconds
[2023-09-17T00:53:01.743+0800] {processor.py:157} INFO - Started process (PID=85787) to work on /opt/homebrew/lib/python3.11/site-packages/airflow/example_dags/plugins/listener_plugin.py
[2023-09-17T00:53:01.744+0800] {processor.py:829} INFO - Processing file /opt/homebrew/lib/python3.11/site-packages/airflow/example_dags/plugins/listener_plugin.py for tasks to queue
[2023-09-17T00:53:01.744+0800] {logging_mixin.py:151} INFO - [2023-09-17T00:53:01.744+0800] {dagbag.py:539} INFO - Filling up the DagBag from /opt/homebrew/lib/python3.11/site-packages/airflow/example_dags/plugins/listener_plugin.py
[2023-09-17T00:53:01.745+0800] {processor.py:841} WARNING - No viable dags retrieved from /opt/homebrew/lib/python3.11/site-packages/airflow/example_dags/plugins/listener_plugin.py
[2023-09-17T00:53:01.814+0800] {processor.py:179} INFO - Processing /opt/homebrew/lib/python3.11/site-packages/airflow/example_dags/plugins/listener_plugin.py took 0.071 seconds
[2023-09-17T04:09:06.584+0800] {processor.py:157} INFO - Started process (PID=86128) to work on /opt/homebrew/lib/python3.11/site-packages/airflow/example_dags/plugins/listener_plugin.py
[2023-09-17T04:09:06.585+0800] {processor.py:829} INFO - Processing file /opt/homebrew/lib/python3.11/site-packages/airflow/example_dags/plugins/listener_plugin.py for tasks to queue
[2023-09-17T04:09:06.585+0800] {logging_mixin.py:151} INFO - [2023-09-17T04:09:06.585+0800] {dagbag.py:539} INFO - Filling up the DagBag from /opt/homebrew/lib/python3.11/site-packages/airflow/example_dags/plugins/listener_plugin.py
[2023-09-17T04:09:06.586+0800] {processor.py:841} WARNING - No viable dags retrieved from /opt/homebrew/lib/python3.11/site-packages/airflow/example_dags/plugins/listener_plugin.py
[2023-09-17T04:09:06.654+0800] {processor.py:179} INFO - Processing /opt/homebrew/lib/python3.11/site-packages/airflow/example_dags/plugins/listener_plugin.py took 0.071 seconds
[2023-09-17T06:55:33.884+0800] {processor.py:157} INFO - Started process (PID=86417) to work on /opt/homebrew/lib/python3.11/site-packages/airflow/example_dags/plugins/listener_plugin.py
[2023-09-17T06:55:33.884+0800] {processor.py:829} INFO - Processing file /opt/homebrew/lib/python3.11/site-packages/airflow/example_dags/plugins/listener_plugin.py for tasks to queue
[2023-09-17T06:55:33.885+0800] {logging_mixin.py:151} INFO - [2023-09-17T06:55:33.884+0800] {dagbag.py:539} INFO - Filling up the DagBag from /opt/homebrew/lib/python3.11/site-packages/airflow/example_dags/plugins/listener_plugin.py
[2023-09-17T06:55:33.886+0800] {processor.py:841} WARNING - No viable dags retrieved from /opt/homebrew/lib/python3.11/site-packages/airflow/example_dags/plugins/listener_plugin.py
[2023-09-17T06:55:33.954+0800] {processor.py:179} INFO - Processing /opt/homebrew/lib/python3.11/site-packages/airflow/example_dags/plugins/listener_plugin.py took 0.071 seconds
