[2023-09-16T08:26:22.665+0800] {processor.py:157} INFO - Started process (PID=84155) to work on /opt/homebrew/lib/python3.11/site-packages/airflow/example_dags/plugins/workday.py
[2023-09-16T08:26:22.665+0800] {processor.py:829} INFO - Processing file /opt/homebrew/lib/python3.11/site-packages/airflow/example_dags/plugins/workday.py for tasks to queue
[2023-09-16T08:26:22.665+0800] {logging_mixin.py:151} INFO - [2023-09-16T08:26:22.665+0800] {dagbag.py:539} INFO - Filling up the DagBag from /opt/homebrew/lib/python3.11/site-packages/airflow/example_dags/plugins/workday.py
[2023-09-16T08:26:22.893+0800] {processor.py:841} WARNING - No viable dags retrieved from /opt/homebrew/lib/python3.11/site-packages/airflow/example_dags/plugins/workday.py
[2023-09-16T08:26:23.006+0800] {processor.py:179} INFO - Processing /opt/homebrew/lib/python3.11/site-packages/airflow/example_dags/plugins/workday.py took 0.342 seconds
[2023-09-16T11:44:23.104+0800] {processor.py:157} INFO - Started process (PID=84477) to work on /opt/homebrew/lib/python3.11/site-packages/airflow/example_dags/plugins/workday.py
[2023-09-16T11:44:23.104+0800] {processor.py:829} INFO - Processing file /opt/homebrew/lib/python3.11/site-packages/airflow/example_dags/plugins/workday.py for tasks to queue
[2023-09-16T11:44:23.105+0800] {logging_mixin.py:151} INFO - [2023-09-16T11:44:23.105+0800] {dagbag.py:539} INFO - Filling up the DagBag from /opt/homebrew/lib/python3.11/site-packages/airflow/example_dags/plugins/workday.py
[2023-09-16T11:44:23.330+0800] {processor.py:841} WARNING - No viable dags retrieved from /opt/homebrew/lib/python3.11/site-packages/airflow/example_dags/plugins/workday.py
[2023-09-16T11:44:23.443+0800] {processor.py:179} INFO - Processing /opt/homebrew/lib/python3.11/site-packages/airflow/example_dags/plugins/workday.py took 0.339 seconds
[2023-09-16T15:13:45.630+0800] {processor.py:157} INFO - Started process (PID=84784) to work on /opt/homebrew/lib/python3.11/site-packages/airflow/example_dags/plugins/workday.py
[2023-09-16T15:13:45.631+0800] {processor.py:829} INFO - Processing file /opt/homebrew/lib/python3.11/site-packages/airflow/example_dags/plugins/workday.py for tasks to queue
[2023-09-16T15:13:45.631+0800] {logging_mixin.py:151} INFO - [2023-09-16T15:13:45.631+0800] {dagbag.py:539} INFO - Filling up the DagBag from /opt/homebrew/lib/python3.11/site-packages/airflow/example_dags/plugins/workday.py
[2023-09-16T15:13:46.159+0800] {processor.py:841} WARNING - No viable dags retrieved from /opt/homebrew/lib/python3.11/site-packages/airflow/example_dags/plugins/workday.py
[2023-09-16T15:13:46.272+0800] {processor.py:179} INFO - Processing /opt/homebrew/lib/python3.11/site-packages/airflow/example_dags/plugins/workday.py took 0.642 seconds
[2023-09-16T18:18:24.992+0800] {processor.py:157} INFO - Started process (PID=85083) to work on /opt/homebrew/lib/python3.11/site-packages/airflow/example_dags/plugins/workday.py
[2023-09-16T18:18:24.992+0800] {processor.py:829} INFO - Processing file /opt/homebrew/lib/python3.11/site-packages/airflow/example_dags/plugins/workday.py for tasks to queue
[2023-09-16T18:18:24.992+0800] {logging_mixin.py:151} INFO - [2023-09-16T18:18:24.992+0800] {dagbag.py:539} INFO - Filling up the DagBag from /opt/homebrew/lib/python3.11/site-packages/airflow/example_dags/plugins/workday.py
[2023-09-16T18:18:25.236+0800] {processor.py:841} WARNING - No viable dags retrieved from /opt/homebrew/lib/python3.11/site-packages/airflow/example_dags/plugins/workday.py
[2023-09-16T18:18:25.340+0800] {processor.py:179} INFO - Processing /opt/homebrew/lib/python3.11/site-packages/airflow/example_dags/plugins/workday.py took 0.349 seconds
[2023-09-16T21:37:13.580+0800] {processor.py:157} INFO - Started process (PID=85432) to work on /opt/homebrew/lib/python3.11/site-packages/airflow/example_dags/plugins/workday.py
[2023-09-16T21:37:13.580+0800] {processor.py:829} INFO - Processing file /opt/homebrew/lib/python3.11/site-packages/airflow/example_dags/plugins/workday.py for tasks to queue
[2023-09-16T21:37:13.581+0800] {logging_mixin.py:151} INFO - [2023-09-16T21:37:13.581+0800] {dagbag.py:539} INFO - Filling up the DagBag from /opt/homebrew/lib/python3.11/site-packages/airflow/example_dags/plugins/workday.py
[2023-09-16T21:37:13.825+0800] {processor.py:841} WARNING - No viable dags retrieved from /opt/homebrew/lib/python3.11/site-packages/airflow/example_dags/plugins/workday.py
[2023-09-16T21:37:13.932+0800] {processor.py:179} INFO - Processing /opt/homebrew/lib/python3.11/site-packages/airflow/example_dags/plugins/workday.py took 0.353 seconds
[2023-09-17T00:36:55.692+0800] {processor.py:157} INFO - Started process (PID=85772) to work on /opt/homebrew/lib/python3.11/site-packages/airflow/example_dags/plugins/workday.py
[2023-09-17T00:36:55.692+0800] {processor.py:829} INFO - Processing file /opt/homebrew/lib/python3.11/site-packages/airflow/example_dags/plugins/workday.py for tasks to queue
[2023-09-17T00:36:55.692+0800] {logging_mixin.py:151} INFO - [2023-09-17T00:36:55.692+0800] {dagbag.py:539} INFO - Filling up the DagBag from /opt/homebrew/lib/python3.11/site-packages/airflow/example_dags/plugins/workday.py
[2023-09-17T00:53:00.202+0800] {processor.py:841} WARNING - No viable dags retrieved from /opt/homebrew/lib/python3.11/site-packages/airflow/example_dags/plugins/workday.py
[2023-09-17T00:53:00.336+0800] {processor.py:179} INFO - Processing /opt/homebrew/lib/python3.11/site-packages/airflow/example_dags/plugins/workday.py took 0.674 seconds
[2023-09-17T03:53:27.421+0800] {processor.py:157} INFO - Started process (PID=86114) to work on /opt/homebrew/lib/python3.11/site-packages/airflow/example_dags/plugins/workday.py
[2023-09-17T03:53:27.421+0800] {processor.py:829} INFO - Processing file /opt/homebrew/lib/python3.11/site-packages/airflow/example_dags/plugins/workday.py for tasks to queue
[2023-09-17T03:53:27.421+0800] {logging_mixin.py:151} INFO - [2023-09-17T03:53:27.421+0800] {dagbag.py:539} INFO - Filling up the DagBag from /opt/homebrew/lib/python3.11/site-packages/airflow/example_dags/plugins/workday.py
[2023-09-17T03:53:27.659+0800] {processor.py:841} WARNING - No viable dags retrieved from /opt/homebrew/lib/python3.11/site-packages/airflow/example_dags/plugins/workday.py
[2023-09-17T03:53:27.760+0800] {processor.py:179} INFO - Processing /opt/homebrew/lib/python3.11/site-packages/airflow/example_dags/plugins/workday.py took 0.341 seconds
[2023-09-17T06:55:32.005+0800] {processor.py:157} INFO - Started process (PID=86414) to work on /opt/homebrew/lib/python3.11/site-packages/airflow/example_dags/plugins/workday.py
[2023-09-17T06:55:32.005+0800] {processor.py:829} INFO - Processing file /opt/homebrew/lib/python3.11/site-packages/airflow/example_dags/plugins/workday.py for tasks to queue
[2023-09-17T06:55:32.005+0800] {logging_mixin.py:151} INFO - [2023-09-17T06:55:32.005+0800] {dagbag.py:539} INFO - Filling up the DagBag from /opt/homebrew/lib/python3.11/site-packages/airflow/example_dags/plugins/workday.py
[2023-09-17T06:55:32.241+0800] {processor.py:841} WARNING - No viable dags retrieved from /opt/homebrew/lib/python3.11/site-packages/airflow/example_dags/plugins/workday.py
[2023-09-17T06:55:32.337+0800] {processor.py:179} INFO - Processing /opt/homebrew/lib/python3.11/site-packages/airflow/example_dags/plugins/workday.py took 0.333 seconds
