[2023-09-14T08:47:24.767+0800] {processor.py:157} INFO - Started process (PID=66814) to work on /opt/homebrew/lib/python3.11/site-packages/airflow/example_dags/subdags/subdag.py
[2023-09-14T08:47:24.767+0800] {processor.py:829} INFO - Processing file /opt/homebrew/lib/python3.11/site-packages/airflow/example_dags/subdags/subdag.py for tasks to queue
[2023-09-14T08:47:24.767+0800] {logging_mixin.py:151} INFO - [2023-09-14T08:47:24.767+0800] {dagbag.py:539} INFO - Filling up the DagBag from /opt/homebrew/lib/python3.11/site-packages/airflow/example_dags/subdags/subdag.py
[2023-09-14T08:47:24.769+0800] {processor.py:841} WARNING - No viable dags retrieved from /opt/homebrew/lib/python3.11/site-packages/airflow/example_dags/subdags/subdag.py
[2023-09-14T08:47:24.857+0800] {processor.py:179} INFO - Processing /opt/homebrew/lib/python3.11/site-packages/airflow/example_dags/subdags/subdag.py took 0.091 seconds
[2023-09-14T10:32:02.504+0800] {processor.py:157} INFO - Started process (PID=67083) to work on /opt/homebrew/lib/python3.11/site-packages/airflow/example_dags/subdags/subdag.py
[2023-09-14T10:32:02.505+0800] {processor.py:829} INFO - Processing file /opt/homebrew/lib/python3.11/site-packages/airflow/example_dags/subdags/subdag.py for tasks to queue
[2023-09-14T10:32:02.505+0800] {logging_mixin.py:151} INFO - [2023-09-14T10:32:02.505+0800] {dagbag.py:539} INFO - Filling up the DagBag from /opt/homebrew/lib/python3.11/site-packages/airflow/example_dags/subdags/subdag.py
[2023-09-14T10:32:02.506+0800] {processor.py:841} WARNING - No viable dags retrieved from /opt/homebrew/lib/python3.11/site-packages/airflow/example_dags/subdags/subdag.py
[2023-09-14T10:32:02.576+0800] {processor.py:179} INFO - Processing /opt/homebrew/lib/python3.11/site-packages/airflow/example_dags/subdags/subdag.py took 0.073 seconds
[2023-09-14T10:32:54.682+0800] {processor.py:157} INFO - Started process (PID=67195) to work on /opt/homebrew/lib/python3.11/site-packages/airflow/example_dags/subdags/subdag.py
[2023-09-14T10:32:54.683+0800] {processor.py:829} INFO - Processing file /opt/homebrew/lib/python3.11/site-packages/airflow/example_dags/subdags/subdag.py for tasks to queue
[2023-09-14T10:32:54.683+0800] {logging_mixin.py:151} INFO - [2023-09-14T10:32:54.683+0800] {dagbag.py:539} INFO - Filling up the DagBag from /opt/homebrew/lib/python3.11/site-packages/airflow/example_dags/subdags/subdag.py
[2023-09-14T10:32:54.684+0800] {processor.py:841} WARNING - No viable dags retrieved from /opt/homebrew/lib/python3.11/site-packages/airflow/example_dags/subdags/subdag.py
[2023-09-14T10:32:54.752+0800] {processor.py:179} INFO - Processing /opt/homebrew/lib/python3.11/site-packages/airflow/example_dags/subdags/subdag.py took 0.071 seconds
[2023-09-14T10:33:44.216+0800] {processor.py:157} INFO - Started process (PID=67281) to work on /opt/homebrew/lib/python3.11/site-packages/airflow/example_dags/subdags/subdag.py
[2023-09-14T10:33:44.216+0800] {processor.py:829} INFO - Processing file /opt/homebrew/lib/python3.11/site-packages/airflow/example_dags/subdags/subdag.py for tasks to queue
[2023-09-14T10:33:44.216+0800] {logging_mixin.py:151} INFO - [2023-09-14T10:33:44.216+0800] {dagbag.py:539} INFO - Filling up the DagBag from /opt/homebrew/lib/python3.11/site-packages/airflow/example_dags/subdags/subdag.py
[2023-09-14T10:33:44.217+0800] {processor.py:841} WARNING - No viable dags retrieved from /opt/homebrew/lib/python3.11/site-packages/airflow/example_dags/subdags/subdag.py
[2023-09-14T10:33:44.286+0800] {processor.py:179} INFO - Processing /opt/homebrew/lib/python3.11/site-packages/airflow/example_dags/subdags/subdag.py took 0.071 seconds
[2023-09-14T10:34:33.572+0800] {processor.py:157} INFO - Started process (PID=67396) to work on /opt/homebrew/lib/python3.11/site-packages/airflow/example_dags/subdags/subdag.py
[2023-09-14T10:34:33.573+0800] {processor.py:829} INFO - Processing file /opt/homebrew/lib/python3.11/site-packages/airflow/example_dags/subdags/subdag.py for tasks to queue
[2023-09-14T10:34:33.573+0800] {logging_mixin.py:151} INFO - [2023-09-14T10:34:33.573+0800] {dagbag.py:539} INFO - Filling up the DagBag from /opt/homebrew/lib/python3.11/site-packages/airflow/example_dags/subdags/subdag.py
[2023-09-14T10:34:33.574+0800] {processor.py:841} WARNING - No viable dags retrieved from /opt/homebrew/lib/python3.11/site-packages/airflow/example_dags/subdags/subdag.py
[2023-09-14T10:34:33.642+0800] {processor.py:179} INFO - Processing /opt/homebrew/lib/python3.11/site-packages/airflow/example_dags/subdags/subdag.py took 0.070 seconds
[2023-09-14T10:35:25.552+0800] {processor.py:157} INFO - Started process (PID=67488) to work on /opt/homebrew/lib/python3.11/site-packages/airflow/example_dags/subdags/subdag.py
[2023-09-14T10:35:25.552+0800] {processor.py:829} INFO - Processing file /opt/homebrew/lib/python3.11/site-packages/airflow/example_dags/subdags/subdag.py for tasks to queue
[2023-09-14T10:35:25.553+0800] {logging_mixin.py:151} INFO - [2023-09-14T10:35:25.553+0800] {dagbag.py:539} INFO - Filling up the DagBag from /opt/homebrew/lib/python3.11/site-packages/airflow/example_dags/subdags/subdag.py
[2023-09-14T10:35:25.554+0800] {processor.py:841} WARNING - No viable dags retrieved from /opt/homebrew/lib/python3.11/site-packages/airflow/example_dags/subdags/subdag.py
[2023-09-14T10:35:25.622+0800] {processor.py:179} INFO - Processing /opt/homebrew/lib/python3.11/site-packages/airflow/example_dags/subdags/subdag.py took 0.071 seconds
[2023-09-14T10:36:19.057+0800] {processor.py:157} INFO - Started process (PID=67586) to work on /opt/homebrew/lib/python3.11/site-packages/airflow/example_dags/subdags/subdag.py
[2023-09-14T10:36:19.058+0800] {processor.py:829} INFO - Processing file /opt/homebrew/lib/python3.11/site-packages/airflow/example_dags/subdags/subdag.py for tasks to queue
[2023-09-14T10:36:19.058+0800] {logging_mixin.py:151} INFO - [2023-09-14T10:36:19.058+0800] {dagbag.py:539} INFO - Filling up the DagBag from /opt/homebrew/lib/python3.11/site-packages/airflow/example_dags/subdags/subdag.py
[2023-09-14T10:36:19.059+0800] {processor.py:841} WARNING - No viable dags retrieved from /opt/homebrew/lib/python3.11/site-packages/airflow/example_dags/subdags/subdag.py
[2023-09-14T10:36:19.128+0800] {processor.py:179} INFO - Processing /opt/homebrew/lib/python3.11/site-packages/airflow/example_dags/subdags/subdag.py took 0.071 seconds
[2023-09-14T10:37:07.839+0800] {processor.py:157} INFO - Started process (PID=67673) to work on /opt/homebrew/lib/python3.11/site-packages/airflow/example_dags/subdags/subdag.py
[2023-09-14T10:37:07.840+0800] {processor.py:829} INFO - Processing file /opt/homebrew/lib/python3.11/site-packages/airflow/example_dags/subdags/subdag.py for tasks to queue
[2023-09-14T10:37:07.840+0800] {logging_mixin.py:151} INFO - [2023-09-14T10:37:07.840+0800] {dagbag.py:539} INFO - Filling up the DagBag from /opt/homebrew/lib/python3.11/site-packages/airflow/example_dags/subdags/subdag.py
[2023-09-14T10:37:07.841+0800] {processor.py:841} WARNING - No viable dags retrieved from /opt/homebrew/lib/python3.11/site-packages/airflow/example_dags/subdags/subdag.py
[2023-09-14T10:37:07.910+0800] {processor.py:179} INFO - Processing /opt/homebrew/lib/python3.11/site-packages/airflow/example_dags/subdags/subdag.py took 0.071 seconds
[2023-09-14T10:37:59.446+0800] {processor.py:157} INFO - Started process (PID=67772) to work on /opt/homebrew/lib/python3.11/site-packages/airflow/example_dags/subdags/subdag.py
[2023-09-14T10:37:59.447+0800] {processor.py:829} INFO - Processing file /opt/homebrew/lib/python3.11/site-packages/airflow/example_dags/subdags/subdag.py for tasks to queue
[2023-09-14T10:37:59.448+0800] {logging_mixin.py:151} INFO - [2023-09-14T10:37:59.447+0800] {dagbag.py:539} INFO - Filling up the DagBag from /opt/homebrew/lib/python3.11/site-packages/airflow/example_dags/subdags/subdag.py
[2023-09-14T10:37:59.449+0800] {processor.py:841} WARNING - No viable dags retrieved from /opt/homebrew/lib/python3.11/site-packages/airflow/example_dags/subdags/subdag.py
[2023-09-14T10:37:59.517+0800] {processor.py:179} INFO - Processing /opt/homebrew/lib/python3.11/site-packages/airflow/example_dags/subdags/subdag.py took 0.071 seconds
[2023-09-14T10:38:50.674+0800] {processor.py:157} INFO - Started process (PID=67864) to work on /opt/homebrew/lib/python3.11/site-packages/airflow/example_dags/subdags/subdag.py
[2023-09-14T10:38:50.675+0800] {processor.py:829} INFO - Processing file /opt/homebrew/lib/python3.11/site-packages/airflow/example_dags/subdags/subdag.py for tasks to queue
[2023-09-14T10:38:50.675+0800] {logging_mixin.py:151} INFO - [2023-09-14T10:38:50.675+0800] {dagbag.py:539} INFO - Filling up the DagBag from /opt/homebrew/lib/python3.11/site-packages/airflow/example_dags/subdags/subdag.py
[2023-09-14T10:38:50.676+0800] {processor.py:841} WARNING - No viable dags retrieved from /opt/homebrew/lib/python3.11/site-packages/airflow/example_dags/subdags/subdag.py
[2023-09-14T10:38:50.744+0800] {processor.py:179} INFO - Processing /opt/homebrew/lib/python3.11/site-packages/airflow/example_dags/subdags/subdag.py took 0.071 seconds
[2023-09-14T10:39:43.788+0800] {processor.py:157} INFO - Started process (PID=67964) to work on /opt/homebrew/lib/python3.11/site-packages/airflow/example_dags/subdags/subdag.py
[2023-09-14T10:39:43.789+0800] {processor.py:829} INFO - Processing file /opt/homebrew/lib/python3.11/site-packages/airflow/example_dags/subdags/subdag.py for tasks to queue
[2023-09-14T10:39:43.789+0800] {logging_mixin.py:151} INFO - [2023-09-14T10:39:43.789+0800] {dagbag.py:539} INFO - Filling up the DagBag from /opt/homebrew/lib/python3.11/site-packages/airflow/example_dags/subdags/subdag.py
[2023-09-14T10:39:43.790+0800] {processor.py:841} WARNING - No viable dags retrieved from /opt/homebrew/lib/python3.11/site-packages/airflow/example_dags/subdags/subdag.py
[2023-09-14T10:39:43.862+0800] {processor.py:179} INFO - Processing /opt/homebrew/lib/python3.11/site-packages/airflow/example_dags/subdags/subdag.py took 0.074 seconds
[2023-09-14T10:40:36.338+0800] {processor.py:157} INFO - Started process (PID=68057) to work on /opt/homebrew/lib/python3.11/site-packages/airflow/example_dags/subdags/subdag.py
[2023-09-14T10:40:36.338+0800] {processor.py:829} INFO - Processing file /opt/homebrew/lib/python3.11/site-packages/airflow/example_dags/subdags/subdag.py for tasks to queue
[2023-09-14T10:40:36.338+0800] {logging_mixin.py:151} INFO - [2023-09-14T10:40:36.338+0800] {dagbag.py:539} INFO - Filling up the DagBag from /opt/homebrew/lib/python3.11/site-packages/airflow/example_dags/subdags/subdag.py
[2023-09-14T10:40:36.339+0800] {processor.py:841} WARNING - No viable dags retrieved from /opt/homebrew/lib/python3.11/site-packages/airflow/example_dags/subdags/subdag.py
[2023-09-14T10:40:36.408+0800] {processor.py:179} INFO - Processing /opt/homebrew/lib/python3.11/site-packages/airflow/example_dags/subdags/subdag.py took 0.071 seconds
[2023-09-14T10:41:30.905+0800] {processor.py:157} INFO - Started process (PID=68152) to work on /opt/homebrew/lib/python3.11/site-packages/airflow/example_dags/subdags/subdag.py
[2023-09-14T10:41:30.906+0800] {processor.py:829} INFO - Processing file /opt/homebrew/lib/python3.11/site-packages/airflow/example_dags/subdags/subdag.py for tasks to queue
[2023-09-14T10:41:30.906+0800] {logging_mixin.py:151} INFO - [2023-09-14T10:41:30.906+0800] {dagbag.py:539} INFO - Filling up the DagBag from /opt/homebrew/lib/python3.11/site-packages/airflow/example_dags/subdags/subdag.py
[2023-09-14T10:41:30.907+0800] {processor.py:841} WARNING - No viable dags retrieved from /opt/homebrew/lib/python3.11/site-packages/airflow/example_dags/subdags/subdag.py
[2023-09-14T10:41:30.975+0800] {processor.py:179} INFO - Processing /opt/homebrew/lib/python3.11/site-packages/airflow/example_dags/subdags/subdag.py took 0.071 seconds
[2023-09-14T10:42:24.868+0800] {processor.py:157} INFO - Started process (PID=68251) to work on /opt/homebrew/lib/python3.11/site-packages/airflow/example_dags/subdags/subdag.py
[2023-09-14T10:42:24.869+0800] {processor.py:829} INFO - Processing file /opt/homebrew/lib/python3.11/site-packages/airflow/example_dags/subdags/subdag.py for tasks to queue
[2023-09-14T10:42:24.870+0800] {logging_mixin.py:151} INFO - [2023-09-14T10:42:24.870+0800] {dagbag.py:539} INFO - Filling up the DagBag from /opt/homebrew/lib/python3.11/site-packages/airflow/example_dags/subdags/subdag.py
[2023-09-14T10:42:24.871+0800] {processor.py:841} WARNING - No viable dags retrieved from /opt/homebrew/lib/python3.11/site-packages/airflow/example_dags/subdags/subdag.py
[2023-09-14T10:42:24.939+0800] {processor.py:179} INFO - Processing /opt/homebrew/lib/python3.11/site-packages/airflow/example_dags/subdags/subdag.py took 0.071 seconds
[2023-09-14T10:43:17.519+0800] {processor.py:157} INFO - Started process (PID=68343) to work on /opt/homebrew/lib/python3.11/site-packages/airflow/example_dags/subdags/subdag.py
[2023-09-14T10:43:17.520+0800] {processor.py:829} INFO - Processing file /opt/homebrew/lib/python3.11/site-packages/airflow/example_dags/subdags/subdag.py for tasks to queue
[2023-09-14T10:43:17.521+0800] {logging_mixin.py:151} INFO - [2023-09-14T10:43:17.521+0800] {dagbag.py:539} INFO - Filling up the DagBag from /opt/homebrew/lib/python3.11/site-packages/airflow/example_dags/subdags/subdag.py
[2023-09-14T10:43:17.522+0800] {processor.py:841} WARNING - No viable dags retrieved from /opt/homebrew/lib/python3.11/site-packages/airflow/example_dags/subdags/subdag.py
[2023-09-14T10:43:17.591+0800] {processor.py:179} INFO - Processing /opt/homebrew/lib/python3.11/site-packages/airflow/example_dags/subdags/subdag.py took 0.073 seconds
[2023-09-14T10:44:09.687+0800] {processor.py:157} INFO - Started process (PID=68438) to work on /opt/homebrew/lib/python3.11/site-packages/airflow/example_dags/subdags/subdag.py
[2023-09-14T10:44:09.687+0800] {processor.py:829} INFO - Processing file /opt/homebrew/lib/python3.11/site-packages/airflow/example_dags/subdags/subdag.py for tasks to queue
[2023-09-14T10:44:09.687+0800] {logging_mixin.py:151} INFO - [2023-09-14T10:44:09.687+0800] {dagbag.py:539} INFO - Filling up the DagBag from /opt/homebrew/lib/python3.11/site-packages/airflow/example_dags/subdags/subdag.py
[2023-09-14T10:44:09.689+0800] {processor.py:841} WARNING - No viable dags retrieved from /opt/homebrew/lib/python3.11/site-packages/airflow/example_dags/subdags/subdag.py
[2023-09-14T10:44:09.757+0800] {processor.py:179} INFO - Processing /opt/homebrew/lib/python3.11/site-packages/airflow/example_dags/subdags/subdag.py took 0.071 seconds
[2023-09-14T10:45:01.589+0800] {processor.py:157} INFO - Started process (PID=68532) to work on /opt/homebrew/lib/python3.11/site-packages/airflow/example_dags/subdags/subdag.py
[2023-09-14T10:45:01.590+0800] {processor.py:829} INFO - Processing file /opt/homebrew/lib/python3.11/site-packages/airflow/example_dags/subdags/subdag.py for tasks to queue
[2023-09-14T10:45:01.590+0800] {logging_mixin.py:151} INFO - [2023-09-14T10:45:01.590+0800] {dagbag.py:539} INFO - Filling up the DagBag from /opt/homebrew/lib/python3.11/site-packages/airflow/example_dags/subdags/subdag.py
[2023-09-14T10:45:01.591+0800] {processor.py:841} WARNING - No viable dags retrieved from /opt/homebrew/lib/python3.11/site-packages/airflow/example_dags/subdags/subdag.py
[2023-09-14T10:45:01.659+0800] {processor.py:179} INFO - Processing /opt/homebrew/lib/python3.11/site-packages/airflow/example_dags/subdags/subdag.py took 0.070 seconds
[2023-09-14T10:45:52.405+0800] {processor.py:157} INFO - Started process (PID=68626) to work on /opt/homebrew/lib/python3.11/site-packages/airflow/example_dags/subdags/subdag.py
[2023-09-14T10:45:52.405+0800] {processor.py:829} INFO - Processing file /opt/homebrew/lib/python3.11/site-packages/airflow/example_dags/subdags/subdag.py for tasks to queue
[2023-09-14T10:45:52.406+0800] {logging_mixin.py:151} INFO - [2023-09-14T10:45:52.405+0800] {dagbag.py:539} INFO - Filling up the DagBag from /opt/homebrew/lib/python3.11/site-packages/airflow/example_dags/subdags/subdag.py
[2023-09-14T10:45:52.407+0800] {processor.py:841} WARNING - No viable dags retrieved from /opt/homebrew/lib/python3.11/site-packages/airflow/example_dags/subdags/subdag.py
[2023-09-14T10:45:52.476+0800] {processor.py:179} INFO - Processing /opt/homebrew/lib/python3.11/site-packages/airflow/example_dags/subdags/subdag.py took 0.071 seconds
[2023-09-14T10:46:44.851+0800] {processor.py:157} INFO - Started process (PID=68720) to work on /opt/homebrew/lib/python3.11/site-packages/airflow/example_dags/subdags/subdag.py
[2023-09-14T10:46:44.852+0800] {processor.py:829} INFO - Processing file /opt/homebrew/lib/python3.11/site-packages/airflow/example_dags/subdags/subdag.py for tasks to queue
[2023-09-14T10:46:44.853+0800] {logging_mixin.py:151} INFO - [2023-09-14T10:46:44.853+0800] {dagbag.py:539} INFO - Filling up the DagBag from /opt/homebrew/lib/python3.11/site-packages/airflow/example_dags/subdags/subdag.py
[2023-09-14T10:46:44.854+0800] {processor.py:841} WARNING - No viable dags retrieved from /opt/homebrew/lib/python3.11/site-packages/airflow/example_dags/subdags/subdag.py
[2023-09-14T10:46:44.922+0800] {processor.py:179} INFO - Processing /opt/homebrew/lib/python3.11/site-packages/airflow/example_dags/subdags/subdag.py took 0.071 seconds
[2023-09-14T10:47:37.225+0800] {processor.py:157} INFO - Started process (PID=68816) to work on /opt/homebrew/lib/python3.11/site-packages/airflow/example_dags/subdags/subdag.py
[2023-09-14T10:47:37.225+0800] {processor.py:829} INFO - Processing file /opt/homebrew/lib/python3.11/site-packages/airflow/example_dags/subdags/subdag.py for tasks to queue
[2023-09-14T10:47:37.226+0800] {logging_mixin.py:151} INFO - [2023-09-14T10:47:37.226+0800] {dagbag.py:539} INFO - Filling up the DagBag from /opt/homebrew/lib/python3.11/site-packages/airflow/example_dags/subdags/subdag.py
[2023-09-14T10:47:37.228+0800] {processor.py:841} WARNING - No viable dags retrieved from /opt/homebrew/lib/python3.11/site-packages/airflow/example_dags/subdags/subdag.py
[2023-09-14T10:47:37.296+0800] {processor.py:179} INFO - Processing /opt/homebrew/lib/python3.11/site-packages/airflow/example_dags/subdags/subdag.py took 0.071 seconds
[2023-09-14T10:48:28.535+0800] {processor.py:157} INFO - Started process (PID=68905) to work on /opt/homebrew/lib/python3.11/site-packages/airflow/example_dags/subdags/subdag.py
[2023-09-14T10:48:28.536+0800] {processor.py:829} INFO - Processing file /opt/homebrew/lib/python3.11/site-packages/airflow/example_dags/subdags/subdag.py for tasks to queue
[2023-09-14T10:48:28.536+0800] {logging_mixin.py:151} INFO - [2023-09-14T10:48:28.536+0800] {dagbag.py:539} INFO - Filling up the DagBag from /opt/homebrew/lib/python3.11/site-packages/airflow/example_dags/subdags/subdag.py
[2023-09-14T10:48:28.537+0800] {processor.py:841} WARNING - No viable dags retrieved from /opt/homebrew/lib/python3.11/site-packages/airflow/example_dags/subdags/subdag.py
[2023-09-14T10:48:28.605+0800] {processor.py:179} INFO - Processing /opt/homebrew/lib/python3.11/site-packages/airflow/example_dags/subdags/subdag.py took 0.071 seconds
[2023-09-14T10:49:22.546+0800] {processor.py:157} INFO - Started process (PID=69004) to work on /opt/homebrew/lib/python3.11/site-packages/airflow/example_dags/subdags/subdag.py
[2023-09-14T10:49:22.547+0800] {processor.py:829} INFO - Processing file /opt/homebrew/lib/python3.11/site-packages/airflow/example_dags/subdags/subdag.py for tasks to queue
[2023-09-14T10:49:22.547+0800] {logging_mixin.py:151} INFO - [2023-09-14T10:49:22.547+0800] {dagbag.py:539} INFO - Filling up the DagBag from /opt/homebrew/lib/python3.11/site-packages/airflow/example_dags/subdags/subdag.py
[2023-09-14T10:49:22.548+0800] {processor.py:841} WARNING - No viable dags retrieved from /opt/homebrew/lib/python3.11/site-packages/airflow/example_dags/subdags/subdag.py
[2023-09-14T10:49:22.617+0800] {processor.py:179} INFO - Processing /opt/homebrew/lib/python3.11/site-packages/airflow/example_dags/subdags/subdag.py took 0.071 seconds
[2023-09-14T10:50:17.821+0800] {processor.py:157} INFO - Started process (PID=69106) to work on /opt/homebrew/lib/python3.11/site-packages/airflow/example_dags/subdags/subdag.py
[2023-09-14T10:50:17.822+0800] {processor.py:829} INFO - Processing file /opt/homebrew/lib/python3.11/site-packages/airflow/example_dags/subdags/subdag.py for tasks to queue
[2023-09-14T10:50:17.822+0800] {logging_mixin.py:151} INFO - [2023-09-14T10:50:17.822+0800] {dagbag.py:539} INFO - Filling up the DagBag from /opt/homebrew/lib/python3.11/site-packages/airflow/example_dags/subdags/subdag.py
[2023-09-14T10:50:17.823+0800] {processor.py:841} WARNING - No viable dags retrieved from /opt/homebrew/lib/python3.11/site-packages/airflow/example_dags/subdags/subdag.py
[2023-09-14T10:50:17.891+0800] {processor.py:179} INFO - Processing /opt/homebrew/lib/python3.11/site-packages/airflow/example_dags/subdags/subdag.py took 0.071 seconds
[2023-09-14T10:51:10.921+0800] {processor.py:157} INFO - Started process (PID=69197) to work on /opt/homebrew/lib/python3.11/site-packages/airflow/example_dags/subdags/subdag.py
[2023-09-14T10:51:10.921+0800] {processor.py:829} INFO - Processing file /opt/homebrew/lib/python3.11/site-packages/airflow/example_dags/subdags/subdag.py for tasks to queue
[2023-09-14T10:51:10.922+0800] {logging_mixin.py:151} INFO - [2023-09-14T10:51:10.921+0800] {dagbag.py:539} INFO - Filling up the DagBag from /opt/homebrew/lib/python3.11/site-packages/airflow/example_dags/subdags/subdag.py
[2023-09-14T10:51:10.923+0800] {processor.py:841} WARNING - No viable dags retrieved from /opt/homebrew/lib/python3.11/site-packages/airflow/example_dags/subdags/subdag.py
[2023-09-14T10:51:10.991+0800] {processor.py:179} INFO - Processing /opt/homebrew/lib/python3.11/site-packages/airflow/example_dags/subdags/subdag.py took 0.071 seconds
[2023-09-14T10:52:04.867+0800] {processor.py:157} INFO - Started process (PID=69292) to work on /opt/homebrew/lib/python3.11/site-packages/airflow/example_dags/subdags/subdag.py
[2023-09-14T10:52:04.868+0800] {processor.py:829} INFO - Processing file /opt/homebrew/lib/python3.11/site-packages/airflow/example_dags/subdags/subdag.py for tasks to queue
[2023-09-14T10:52:04.868+0800] {logging_mixin.py:151} INFO - [2023-09-14T10:52:04.868+0800] {dagbag.py:539} INFO - Filling up the DagBag from /opt/homebrew/lib/python3.11/site-packages/airflow/example_dags/subdags/subdag.py
[2023-09-14T10:52:04.869+0800] {processor.py:841} WARNING - No viable dags retrieved from /opt/homebrew/lib/python3.11/site-packages/airflow/example_dags/subdags/subdag.py
[2023-09-14T10:52:04.937+0800] {processor.py:179} INFO - Processing /opt/homebrew/lib/python3.11/site-packages/airflow/example_dags/subdags/subdag.py took 0.071 seconds
[2023-09-14T10:53:00.525+0800] {processor.py:157} INFO - Started process (PID=69391) to work on /opt/homebrew/lib/python3.11/site-packages/airflow/example_dags/subdags/subdag.py
[2023-09-14T10:53:00.525+0800] {processor.py:829} INFO - Processing file /opt/homebrew/lib/python3.11/site-packages/airflow/example_dags/subdags/subdag.py for tasks to queue
[2023-09-14T10:53:00.525+0800] {logging_mixin.py:151} INFO - [2023-09-14T10:53:00.525+0800] {dagbag.py:539} INFO - Filling up the DagBag from /opt/homebrew/lib/python3.11/site-packages/airflow/example_dags/subdags/subdag.py
[2023-09-14T10:53:00.527+0800] {processor.py:841} WARNING - No viable dags retrieved from /opt/homebrew/lib/python3.11/site-packages/airflow/example_dags/subdags/subdag.py
[2023-09-14T10:53:00.618+0800] {processor.py:179} INFO - Processing /opt/homebrew/lib/python3.11/site-packages/airflow/example_dags/subdags/subdag.py took 0.094 seconds
[2023-09-14T10:53:55.942+0800] {processor.py:157} INFO - Started process (PID=69506) to work on /opt/homebrew/lib/python3.11/site-packages/airflow/example_dags/subdags/subdag.py
[2023-09-14T10:53:55.943+0800] {processor.py:829} INFO - Processing file /opt/homebrew/lib/python3.11/site-packages/airflow/example_dags/subdags/subdag.py for tasks to queue
[2023-09-14T10:53:55.944+0800] {logging_mixin.py:151} INFO - [2023-09-14T10:53:55.944+0800] {dagbag.py:539} INFO - Filling up the DagBag from /opt/homebrew/lib/python3.11/site-packages/airflow/example_dags/subdags/subdag.py
[2023-09-14T10:53:55.945+0800] {processor.py:841} WARNING - No viable dags retrieved from /opt/homebrew/lib/python3.11/site-packages/airflow/example_dags/subdags/subdag.py
[2023-09-14T10:53:56.014+0800] {processor.py:179} INFO - Processing /opt/homebrew/lib/python3.11/site-packages/airflow/example_dags/subdags/subdag.py took 0.072 seconds
[2023-09-14T10:54:49.103+0800] {processor.py:157} INFO - Started process (PID=69609) to work on /opt/homebrew/lib/python3.11/site-packages/airflow/example_dags/subdags/subdag.py
[2023-09-14T10:54:49.104+0800] {processor.py:829} INFO - Processing file /opt/homebrew/lib/python3.11/site-packages/airflow/example_dags/subdags/subdag.py for tasks to queue
[2023-09-14T10:54:49.104+0800] {logging_mixin.py:151} INFO - [2023-09-14T10:54:49.104+0800] {dagbag.py:539} INFO - Filling up the DagBag from /opt/homebrew/lib/python3.11/site-packages/airflow/example_dags/subdags/subdag.py
[2023-09-14T10:54:49.106+0800] {processor.py:841} WARNING - No viable dags retrieved from /opt/homebrew/lib/python3.11/site-packages/airflow/example_dags/subdags/subdag.py
[2023-09-14T10:54:49.174+0800] {processor.py:179} INFO - Processing /opt/homebrew/lib/python3.11/site-packages/airflow/example_dags/subdags/subdag.py took 0.072 seconds
[2023-09-14T10:55:40.553+0800] {processor.py:157} INFO - Started process (PID=69702) to work on /opt/homebrew/lib/python3.11/site-packages/airflow/example_dags/subdags/subdag.py
[2023-09-14T10:55:40.554+0800] {processor.py:829} INFO - Processing file /opt/homebrew/lib/python3.11/site-packages/airflow/example_dags/subdags/subdag.py for tasks to queue
[2023-09-14T10:55:40.554+0800] {logging_mixin.py:151} INFO - [2023-09-14T10:55:40.554+0800] {dagbag.py:539} INFO - Filling up the DagBag from /opt/homebrew/lib/python3.11/site-packages/airflow/example_dags/subdags/subdag.py
[2023-09-14T10:55:40.555+0800] {processor.py:841} WARNING - No viable dags retrieved from /opt/homebrew/lib/python3.11/site-packages/airflow/example_dags/subdags/subdag.py
[2023-09-14T10:55:40.624+0800] {processor.py:179} INFO - Processing /opt/homebrew/lib/python3.11/site-packages/airflow/example_dags/subdags/subdag.py took 0.071 seconds
[2023-09-14T10:56:33.001+0800] {processor.py:157} INFO - Started process (PID=69796) to work on /opt/homebrew/lib/python3.11/site-packages/airflow/example_dags/subdags/subdag.py
[2023-09-14T10:56:33.001+0800] {processor.py:829} INFO - Processing file /opt/homebrew/lib/python3.11/site-packages/airflow/example_dags/subdags/subdag.py for tasks to queue
[2023-09-14T10:56:33.001+0800] {logging_mixin.py:151} INFO - [2023-09-14T10:56:33.001+0800] {dagbag.py:539} INFO - Filling up the DagBag from /opt/homebrew/lib/python3.11/site-packages/airflow/example_dags/subdags/subdag.py
[2023-09-14T10:56:33.002+0800] {processor.py:841} WARNING - No viable dags retrieved from /opt/homebrew/lib/python3.11/site-packages/airflow/example_dags/subdags/subdag.py
[2023-09-14T10:56:33.071+0800] {processor.py:179} INFO - Processing /opt/homebrew/lib/python3.11/site-packages/airflow/example_dags/subdags/subdag.py took 0.071 seconds
[2023-09-14T10:57:24.546+0800] {processor.py:157} INFO - Started process (PID=69889) to work on /opt/homebrew/lib/python3.11/site-packages/airflow/example_dags/subdags/subdag.py
[2023-09-14T10:57:24.547+0800] {processor.py:829} INFO - Processing file /opt/homebrew/lib/python3.11/site-packages/airflow/example_dags/subdags/subdag.py for tasks to queue
[2023-09-14T10:57:24.547+0800] {logging_mixin.py:151} INFO - [2023-09-14T10:57:24.547+0800] {dagbag.py:539} INFO - Filling up the DagBag from /opt/homebrew/lib/python3.11/site-packages/airflow/example_dags/subdags/subdag.py
[2023-09-14T10:57:24.548+0800] {processor.py:841} WARNING - No viable dags retrieved from /opt/homebrew/lib/python3.11/site-packages/airflow/example_dags/subdags/subdag.py
[2023-09-14T10:57:24.618+0800] {processor.py:179} INFO - Processing /opt/homebrew/lib/python3.11/site-packages/airflow/example_dags/subdags/subdag.py took 0.072 seconds
[2023-09-14T10:58:12.763+0800] {processor.py:157} INFO - Started process (PID=69977) to work on /opt/homebrew/lib/python3.11/site-packages/airflow/example_dags/subdags/subdag.py
[2023-09-14T10:58:12.764+0800] {processor.py:829} INFO - Processing file /opt/homebrew/lib/python3.11/site-packages/airflow/example_dags/subdags/subdag.py for tasks to queue
[2023-09-14T10:58:12.764+0800] {logging_mixin.py:151} INFO - [2023-09-14T10:58:12.764+0800] {dagbag.py:539} INFO - Filling up the DagBag from /opt/homebrew/lib/python3.11/site-packages/airflow/example_dags/subdags/subdag.py
[2023-09-14T10:58:12.765+0800] {processor.py:841} WARNING - No viable dags retrieved from /opt/homebrew/lib/python3.11/site-packages/airflow/example_dags/subdags/subdag.py
[2023-09-14T10:58:12.833+0800] {processor.py:179} INFO - Processing /opt/homebrew/lib/python3.11/site-packages/airflow/example_dags/subdags/subdag.py took 0.071 seconds
[2023-09-14T10:59:03.491+0800] {processor.py:157} INFO - Started process (PID=70067) to work on /opt/homebrew/lib/python3.11/site-packages/airflow/example_dags/subdags/subdag.py
[2023-09-14T10:59:03.492+0800] {processor.py:829} INFO - Processing file /opt/homebrew/lib/python3.11/site-packages/airflow/example_dags/subdags/subdag.py for tasks to queue
[2023-09-14T10:59:03.492+0800] {logging_mixin.py:151} INFO - [2023-09-14T10:59:03.492+0800] {dagbag.py:539} INFO - Filling up the DagBag from /opt/homebrew/lib/python3.11/site-packages/airflow/example_dags/subdags/subdag.py
[2023-09-14T10:59:03.493+0800] {processor.py:841} WARNING - No viable dags retrieved from /opt/homebrew/lib/python3.11/site-packages/airflow/example_dags/subdags/subdag.py
[2023-09-14T10:59:03.562+0800] {processor.py:179} INFO - Processing /opt/homebrew/lib/python3.11/site-packages/airflow/example_dags/subdags/subdag.py took 0.071 seconds
[2023-09-14T10:59:52.835+0800] {processor.py:157} INFO - Started process (PID=70154) to work on /opt/homebrew/lib/python3.11/site-packages/airflow/example_dags/subdags/subdag.py
[2023-09-14T10:59:52.835+0800] {processor.py:829} INFO - Processing file /opt/homebrew/lib/python3.11/site-packages/airflow/example_dags/subdags/subdag.py for tasks to queue
[2023-09-14T10:59:52.836+0800] {logging_mixin.py:151} INFO - [2023-09-14T10:59:52.836+0800] {dagbag.py:539} INFO - Filling up the DagBag from /opt/homebrew/lib/python3.11/site-packages/airflow/example_dags/subdags/subdag.py
[2023-09-14T10:59:52.837+0800] {processor.py:841} WARNING - No viable dags retrieved from /opt/homebrew/lib/python3.11/site-packages/airflow/example_dags/subdags/subdag.py
[2023-09-14T10:59:52.905+0800] {processor.py:179} INFO - Processing /opt/homebrew/lib/python3.11/site-packages/airflow/example_dags/subdags/subdag.py took 0.071 seconds
[2023-09-14T11:00:46.679+0800] {processor.py:157} INFO - Started process (PID=70257) to work on /opt/homebrew/lib/python3.11/site-packages/airflow/example_dags/subdags/subdag.py
[2023-09-14T11:00:46.679+0800] {processor.py:829} INFO - Processing file /opt/homebrew/lib/python3.11/site-packages/airflow/example_dags/subdags/subdag.py for tasks to queue
[2023-09-14T11:00:46.679+0800] {logging_mixin.py:151} INFO - [2023-09-14T11:00:46.679+0800] {dagbag.py:539} INFO - Filling up the DagBag from /opt/homebrew/lib/python3.11/site-packages/airflow/example_dags/subdags/subdag.py
[2023-09-14T11:00:46.680+0800] {processor.py:841} WARNING - No viable dags retrieved from /opt/homebrew/lib/python3.11/site-packages/airflow/example_dags/subdags/subdag.py
[2023-09-14T11:00:46.749+0800] {processor.py:179} INFO - Processing /opt/homebrew/lib/python3.11/site-packages/airflow/example_dags/subdags/subdag.py took 0.071 seconds
[2023-09-14T11:01:39.776+0800] {processor.py:157} INFO - Started process (PID=70354) to work on /opt/homebrew/lib/python3.11/site-packages/airflow/example_dags/subdags/subdag.py
[2023-09-14T11:01:39.776+0800] {processor.py:829} INFO - Processing file /opt/homebrew/lib/python3.11/site-packages/airflow/example_dags/subdags/subdag.py for tasks to queue
[2023-09-14T11:01:39.777+0800] {logging_mixin.py:151} INFO - [2023-09-14T11:01:39.777+0800] {dagbag.py:539} INFO - Filling up the DagBag from /opt/homebrew/lib/python3.11/site-packages/airflow/example_dags/subdags/subdag.py
[2023-09-14T11:01:39.778+0800] {processor.py:841} WARNING - No viable dags retrieved from /opt/homebrew/lib/python3.11/site-packages/airflow/example_dags/subdags/subdag.py
[2023-09-14T11:01:39.846+0800] {processor.py:179} INFO - Processing /opt/homebrew/lib/python3.11/site-packages/airflow/example_dags/subdags/subdag.py took 0.070 seconds
[2023-09-14T11:02:30.162+0800] {processor.py:157} INFO - Started process (PID=70445) to work on /opt/homebrew/lib/python3.11/site-packages/airflow/example_dags/subdags/subdag.py
[2023-09-14T11:02:30.162+0800] {processor.py:829} INFO - Processing file /opt/homebrew/lib/python3.11/site-packages/airflow/example_dags/subdags/subdag.py for tasks to queue
[2023-09-14T11:02:30.162+0800] {logging_mixin.py:151} INFO - [2023-09-14T11:02:30.162+0800] {dagbag.py:539} INFO - Filling up the DagBag from /opt/homebrew/lib/python3.11/site-packages/airflow/example_dags/subdags/subdag.py
[2023-09-14T11:02:30.163+0800] {processor.py:841} WARNING - No viable dags retrieved from /opt/homebrew/lib/python3.11/site-packages/airflow/example_dags/subdags/subdag.py
[2023-09-14T11:02:30.232+0800] {processor.py:179} INFO - Processing /opt/homebrew/lib/python3.11/site-packages/airflow/example_dags/subdags/subdag.py took 0.071 seconds
[2023-09-14T11:03:21.092+0800] {processor.py:157} INFO - Started process (PID=70535) to work on /opt/homebrew/lib/python3.11/site-packages/airflow/example_dags/subdags/subdag.py
[2023-09-14T11:03:21.092+0800] {processor.py:829} INFO - Processing file /opt/homebrew/lib/python3.11/site-packages/airflow/example_dags/subdags/subdag.py for tasks to queue
[2023-09-14T11:03:21.092+0800] {logging_mixin.py:151} INFO - [2023-09-14T11:03:21.092+0800] {dagbag.py:539} INFO - Filling up the DagBag from /opt/homebrew/lib/python3.11/site-packages/airflow/example_dags/subdags/subdag.py
[2023-09-14T11:03:21.093+0800] {processor.py:841} WARNING - No viable dags retrieved from /opt/homebrew/lib/python3.11/site-packages/airflow/example_dags/subdags/subdag.py
[2023-09-14T11:03:21.162+0800] {processor.py:179} INFO - Processing /opt/homebrew/lib/python3.11/site-packages/airflow/example_dags/subdags/subdag.py took 0.071 seconds
[2023-09-14T11:04:12.946+0800] {processor.py:157} INFO - Started process (PID=70627) to work on /opt/homebrew/lib/python3.11/site-packages/airflow/example_dags/subdags/subdag.py
[2023-09-14T11:04:12.947+0800] {processor.py:829} INFO - Processing file /opt/homebrew/lib/python3.11/site-packages/airflow/example_dags/subdags/subdag.py for tasks to queue
[2023-09-14T11:04:12.947+0800] {logging_mixin.py:151} INFO - [2023-09-14T11:04:12.947+0800] {dagbag.py:539} INFO - Filling up the DagBag from /opt/homebrew/lib/python3.11/site-packages/airflow/example_dags/subdags/subdag.py
[2023-09-14T11:04:12.948+0800] {processor.py:841} WARNING - No viable dags retrieved from /opt/homebrew/lib/python3.11/site-packages/airflow/example_dags/subdags/subdag.py
[2023-09-14T11:04:13.018+0800] {processor.py:179} INFO - Processing /opt/homebrew/lib/python3.11/site-packages/airflow/example_dags/subdags/subdag.py took 0.072 seconds
[2023-09-14T11:05:06.554+0800] {processor.py:157} INFO - Started process (PID=70747) to work on /opt/homebrew/lib/python3.11/site-packages/airflow/example_dags/subdags/subdag.py
[2023-09-14T11:05:06.554+0800] {processor.py:829} INFO - Processing file /opt/homebrew/lib/python3.11/site-packages/airflow/example_dags/subdags/subdag.py for tasks to queue
[2023-09-14T11:05:06.555+0800] {logging_mixin.py:151} INFO - [2023-09-14T11:05:06.555+0800] {dagbag.py:539} INFO - Filling up the DagBag from /opt/homebrew/lib/python3.11/site-packages/airflow/example_dags/subdags/subdag.py
[2023-09-14T11:05:06.556+0800] {processor.py:841} WARNING - No viable dags retrieved from /opt/homebrew/lib/python3.11/site-packages/airflow/example_dags/subdags/subdag.py
[2023-09-14T11:05:06.624+0800] {processor.py:179} INFO - Processing /opt/homebrew/lib/python3.11/site-packages/airflow/example_dags/subdags/subdag.py took 0.071 seconds
[2023-09-14T11:05:59.604+0800] {processor.py:157} INFO - Started process (PID=70838) to work on /opt/homebrew/lib/python3.11/site-packages/airflow/example_dags/subdags/subdag.py
[2023-09-14T11:05:59.604+0800] {processor.py:829} INFO - Processing file /opt/homebrew/lib/python3.11/site-packages/airflow/example_dags/subdags/subdag.py for tasks to queue
[2023-09-14T11:05:59.604+0800] {logging_mixin.py:151} INFO - [2023-09-14T11:05:59.604+0800] {dagbag.py:539} INFO - Filling up the DagBag from /opt/homebrew/lib/python3.11/site-packages/airflow/example_dags/subdags/subdag.py
[2023-09-14T11:05:59.605+0800] {processor.py:841} WARNING - No viable dags retrieved from /opt/homebrew/lib/python3.11/site-packages/airflow/example_dags/subdags/subdag.py
[2023-09-14T11:05:59.674+0800] {processor.py:179} INFO - Processing /opt/homebrew/lib/python3.11/site-packages/airflow/example_dags/subdags/subdag.py took 0.071 seconds
[2023-09-14T11:06:49.422+0800] {processor.py:157} INFO - Started process (PID=70928) to work on /opt/homebrew/lib/python3.11/site-packages/airflow/example_dags/subdags/subdag.py
[2023-09-14T11:06:49.423+0800] {processor.py:829} INFO - Processing file /opt/homebrew/lib/python3.11/site-packages/airflow/example_dags/subdags/subdag.py for tasks to queue
[2023-09-14T11:06:49.423+0800] {logging_mixin.py:151} INFO - [2023-09-14T11:06:49.423+0800] {dagbag.py:539} INFO - Filling up the DagBag from /opt/homebrew/lib/python3.11/site-packages/airflow/example_dags/subdags/subdag.py
[2023-09-14T11:06:49.424+0800] {processor.py:841} WARNING - No viable dags retrieved from /opt/homebrew/lib/python3.11/site-packages/airflow/example_dags/subdags/subdag.py
[2023-09-14T11:06:49.492+0800] {processor.py:179} INFO - Processing /opt/homebrew/lib/python3.11/site-packages/airflow/example_dags/subdags/subdag.py took 0.070 seconds
[2023-09-14T11:07:40.914+0800] {processor.py:157} INFO - Started process (PID=71021) to work on /opt/homebrew/lib/python3.11/site-packages/airflow/example_dags/subdags/subdag.py
[2023-09-14T11:07:40.914+0800] {processor.py:829} INFO - Processing file /opt/homebrew/lib/python3.11/site-packages/airflow/example_dags/subdags/subdag.py for tasks to queue
[2023-09-14T11:07:40.915+0800] {logging_mixin.py:151} INFO - [2023-09-14T11:07:40.915+0800] {dagbag.py:539} INFO - Filling up the DagBag from /opt/homebrew/lib/python3.11/site-packages/airflow/example_dags/subdags/subdag.py
[2023-09-14T11:07:40.916+0800] {processor.py:841} WARNING - No viable dags retrieved from /opt/homebrew/lib/python3.11/site-packages/airflow/example_dags/subdags/subdag.py
[2023-09-14T11:07:40.984+0800] {processor.py:179} INFO - Processing /opt/homebrew/lib/python3.11/site-packages/airflow/example_dags/subdags/subdag.py took 0.070 seconds
[2023-09-14T11:08:31.007+0800] {processor.py:157} INFO - Started process (PID=71108) to work on /opt/homebrew/lib/python3.11/site-packages/airflow/example_dags/subdags/subdag.py
[2023-09-14T11:08:31.008+0800] {processor.py:829} INFO - Processing file /opt/homebrew/lib/python3.11/site-packages/airflow/example_dags/subdags/subdag.py for tasks to queue
[2023-09-14T11:08:31.008+0800] {logging_mixin.py:151} INFO - [2023-09-14T11:08:31.008+0800] {dagbag.py:539} INFO - Filling up the DagBag from /opt/homebrew/lib/python3.11/site-packages/airflow/example_dags/subdags/subdag.py
[2023-09-14T11:08:31.010+0800] {processor.py:841} WARNING - No viable dags retrieved from /opt/homebrew/lib/python3.11/site-packages/airflow/example_dags/subdags/subdag.py
[2023-09-14T11:08:31.082+0800] {processor.py:179} INFO - Processing /opt/homebrew/lib/python3.11/site-packages/airflow/example_dags/subdags/subdag.py took 0.075 seconds
[2023-09-14T11:23:40.447+0800] {processor.py:157} INFO - Started process (PID=71250) to work on /opt/homebrew/lib/python3.11/site-packages/airflow/example_dags/subdags/subdag.py
[2023-09-14T11:23:40.447+0800] {processor.py:829} INFO - Processing file /opt/homebrew/lib/python3.11/site-packages/airflow/example_dags/subdags/subdag.py for tasks to queue
[2023-09-14T11:23:40.447+0800] {logging_mixin.py:151} INFO - [2023-09-14T11:23:40.447+0800] {dagbag.py:539} INFO - Filling up the DagBag from /opt/homebrew/lib/python3.11/site-packages/airflow/example_dags/subdags/subdag.py
[2023-09-14T11:23:40.449+0800] {processor.py:841} WARNING - No viable dags retrieved from /opt/homebrew/lib/python3.11/site-packages/airflow/example_dags/subdags/subdag.py
[2023-09-14T11:23:40.517+0800] {processor.py:179} INFO - Processing /opt/homebrew/lib/python3.11/site-packages/airflow/example_dags/subdags/subdag.py took 0.071 seconds
[2023-09-14T11:24:42.747+0800] {processor.py:157} INFO - Started process (PID=71361) to work on /opt/homebrew/lib/python3.11/site-packages/airflow/example_dags/subdags/subdag.py
[2023-09-14T11:24:42.748+0800] {processor.py:829} INFO - Processing file /opt/homebrew/lib/python3.11/site-packages/airflow/example_dags/subdags/subdag.py for tasks to queue
[2023-09-14T11:24:42.748+0800] {logging_mixin.py:151} INFO - [2023-09-14T11:24:42.748+0800] {dagbag.py:539} INFO - Filling up the DagBag from /opt/homebrew/lib/python3.11/site-packages/airflow/example_dags/subdags/subdag.py
[2023-09-14T11:24:42.749+0800] {processor.py:841} WARNING - No viable dags retrieved from /opt/homebrew/lib/python3.11/site-packages/airflow/example_dags/subdags/subdag.py
[2023-09-14T11:24:42.818+0800] {processor.py:179} INFO - Processing /opt/homebrew/lib/python3.11/site-packages/airflow/example_dags/subdags/subdag.py took 0.071 seconds
[2023-09-14T11:25:39.466+0800] {processor.py:157} INFO - Started process (PID=71457) to work on /opt/homebrew/lib/python3.11/site-packages/airflow/example_dags/subdags/subdag.py
[2023-09-14T11:25:39.466+0800] {processor.py:829} INFO - Processing file /opt/homebrew/lib/python3.11/site-packages/airflow/example_dags/subdags/subdag.py for tasks to queue
[2023-09-14T11:25:39.467+0800] {logging_mixin.py:151} INFO - [2023-09-14T11:25:39.467+0800] {dagbag.py:539} INFO - Filling up the DagBag from /opt/homebrew/lib/python3.11/site-packages/airflow/example_dags/subdags/subdag.py
[2023-09-14T11:25:39.468+0800] {processor.py:841} WARNING - No viable dags retrieved from /opt/homebrew/lib/python3.11/site-packages/airflow/example_dags/subdags/subdag.py
[2023-09-14T11:25:39.536+0800] {processor.py:179} INFO - Processing /opt/homebrew/lib/python3.11/site-packages/airflow/example_dags/subdags/subdag.py took 0.071 seconds
[2023-09-14T11:26:31.235+0800] {processor.py:157} INFO - Started process (PID=71553) to work on /opt/homebrew/lib/python3.11/site-packages/airflow/example_dags/subdags/subdag.py
[2023-09-14T11:26:31.235+0800] {processor.py:829} INFO - Processing file /opt/homebrew/lib/python3.11/site-packages/airflow/example_dags/subdags/subdag.py for tasks to queue
[2023-09-14T11:26:31.235+0800] {logging_mixin.py:151} INFO - [2023-09-14T11:26:31.235+0800] {dagbag.py:539} INFO - Filling up the DagBag from /opt/homebrew/lib/python3.11/site-packages/airflow/example_dags/subdags/subdag.py
[2023-09-14T11:26:31.236+0800] {processor.py:841} WARNING - No viable dags retrieved from /opt/homebrew/lib/python3.11/site-packages/airflow/example_dags/subdags/subdag.py
[2023-09-14T11:26:31.305+0800] {processor.py:179} INFO - Processing /opt/homebrew/lib/python3.11/site-packages/airflow/example_dags/subdags/subdag.py took 0.071 seconds
[2023-09-14T11:27:21.726+0800] {processor.py:157} INFO - Started process (PID=71643) to work on /opt/homebrew/lib/python3.11/site-packages/airflow/example_dags/subdags/subdag.py
[2023-09-14T11:27:21.726+0800] {processor.py:829} INFO - Processing file /opt/homebrew/lib/python3.11/site-packages/airflow/example_dags/subdags/subdag.py for tasks to queue
[2023-09-14T11:27:21.727+0800] {logging_mixin.py:151} INFO - [2023-09-14T11:27:21.727+0800] {dagbag.py:539} INFO - Filling up the DagBag from /opt/homebrew/lib/python3.11/site-packages/airflow/example_dags/subdags/subdag.py
[2023-09-14T11:27:21.728+0800] {processor.py:841} WARNING - No viable dags retrieved from /opt/homebrew/lib/python3.11/site-packages/airflow/example_dags/subdags/subdag.py
[2023-09-14T11:27:21.796+0800] {processor.py:179} INFO - Processing /opt/homebrew/lib/python3.11/site-packages/airflow/example_dags/subdags/subdag.py took 0.071 seconds
[2023-09-14T11:28:14.158+0800] {processor.py:157} INFO - Started process (PID=71737) to work on /opt/homebrew/lib/python3.11/site-packages/airflow/example_dags/subdags/subdag.py
[2023-09-14T11:28:14.159+0800] {processor.py:829} INFO - Processing file /opt/homebrew/lib/python3.11/site-packages/airflow/example_dags/subdags/subdag.py for tasks to queue
[2023-09-14T11:28:14.159+0800] {logging_mixin.py:151} INFO - [2023-09-14T11:28:14.159+0800] {dagbag.py:539} INFO - Filling up the DagBag from /opt/homebrew/lib/python3.11/site-packages/airflow/example_dags/subdags/subdag.py
[2023-09-14T11:28:14.160+0800] {processor.py:841} WARNING - No viable dags retrieved from /opt/homebrew/lib/python3.11/site-packages/airflow/example_dags/subdags/subdag.py
[2023-09-14T11:28:14.229+0800] {processor.py:179} INFO - Processing /opt/homebrew/lib/python3.11/site-packages/airflow/example_dags/subdags/subdag.py took 0.071 seconds
[2023-09-14T11:29:05.915+0800] {processor.py:157} INFO - Started process (PID=71829) to work on /opt/homebrew/lib/python3.11/site-packages/airflow/example_dags/subdags/subdag.py
[2023-09-14T11:29:05.916+0800] {processor.py:829} INFO - Processing file /opt/homebrew/lib/python3.11/site-packages/airflow/example_dags/subdags/subdag.py for tasks to queue
[2023-09-14T11:29:05.916+0800] {logging_mixin.py:151} INFO - [2023-09-14T11:29:05.916+0800] {dagbag.py:539} INFO - Filling up the DagBag from /opt/homebrew/lib/python3.11/site-packages/airflow/example_dags/subdags/subdag.py
[2023-09-14T11:29:05.917+0800] {processor.py:841} WARNING - No viable dags retrieved from /opt/homebrew/lib/python3.11/site-packages/airflow/example_dags/subdags/subdag.py
[2023-09-14T11:29:05.986+0800] {processor.py:179} INFO - Processing /opt/homebrew/lib/python3.11/site-packages/airflow/example_dags/subdags/subdag.py took 0.071 seconds
[2023-09-14T11:29:56.822+0800] {processor.py:157} INFO - Started process (PID=71920) to work on /opt/homebrew/lib/python3.11/site-packages/airflow/example_dags/subdags/subdag.py
[2023-09-14T11:29:56.822+0800] {processor.py:829} INFO - Processing file /opt/homebrew/lib/python3.11/site-packages/airflow/example_dags/subdags/subdag.py for tasks to queue
[2023-09-14T11:29:56.823+0800] {logging_mixin.py:151} INFO - [2023-09-14T11:29:56.823+0800] {dagbag.py:539} INFO - Filling up the DagBag from /opt/homebrew/lib/python3.11/site-packages/airflow/example_dags/subdags/subdag.py
[2023-09-14T11:29:56.824+0800] {processor.py:841} WARNING - No viable dags retrieved from /opt/homebrew/lib/python3.11/site-packages/airflow/example_dags/subdags/subdag.py
[2023-09-14T11:29:56.892+0800] {processor.py:179} INFO - Processing /opt/homebrew/lib/python3.11/site-packages/airflow/example_dags/subdags/subdag.py took 0.071 seconds
[2023-09-14T11:30:46.275+0800] {processor.py:157} INFO - Started process (PID=72011) to work on /opt/homebrew/lib/python3.11/site-packages/airflow/example_dags/subdags/subdag.py
[2023-09-14T11:30:46.275+0800] {processor.py:829} INFO - Processing file /opt/homebrew/lib/python3.11/site-packages/airflow/example_dags/subdags/subdag.py for tasks to queue
[2023-09-14T11:30:46.275+0800] {logging_mixin.py:151} INFO - [2023-09-14T11:30:46.275+0800] {dagbag.py:539} INFO - Filling up the DagBag from /opt/homebrew/lib/python3.11/site-packages/airflow/example_dags/subdags/subdag.py
[2023-09-14T11:30:46.277+0800] {processor.py:841} WARNING - No viable dags retrieved from /opt/homebrew/lib/python3.11/site-packages/airflow/example_dags/subdags/subdag.py
[2023-09-14T11:30:46.345+0800] {processor.py:179} INFO - Processing /opt/homebrew/lib/python3.11/site-packages/airflow/example_dags/subdags/subdag.py took 0.071 seconds
[2023-09-14T11:31:41.109+0800] {processor.py:157} INFO - Started process (PID=72106) to work on /opt/homebrew/lib/python3.11/site-packages/airflow/example_dags/subdags/subdag.py
[2023-09-14T11:31:41.109+0800] {processor.py:829} INFO - Processing file /opt/homebrew/lib/python3.11/site-packages/airflow/example_dags/subdags/subdag.py for tasks to queue
[2023-09-14T11:31:41.110+0800] {logging_mixin.py:151} INFO - [2023-09-14T11:31:41.109+0800] {dagbag.py:539} INFO - Filling up the DagBag from /opt/homebrew/lib/python3.11/site-packages/airflow/example_dags/subdags/subdag.py
[2023-09-14T11:31:41.111+0800] {processor.py:841} WARNING - No viable dags retrieved from /opt/homebrew/lib/python3.11/site-packages/airflow/example_dags/subdags/subdag.py
[2023-09-14T11:31:41.179+0800] {processor.py:179} INFO - Processing /opt/homebrew/lib/python3.11/site-packages/airflow/example_dags/subdags/subdag.py took 0.071 seconds
[2023-09-14T11:32:34.331+0800] {processor.py:157} INFO - Started process (PID=72202) to work on /opt/homebrew/lib/python3.11/site-packages/airflow/example_dags/subdags/subdag.py
[2023-09-14T11:32:34.331+0800] {processor.py:829} INFO - Processing file /opt/homebrew/lib/python3.11/site-packages/airflow/example_dags/subdags/subdag.py for tasks to queue
[2023-09-14T11:32:34.332+0800] {logging_mixin.py:151} INFO - [2023-09-14T11:32:34.331+0800] {dagbag.py:539} INFO - Filling up the DagBag from /opt/homebrew/lib/python3.11/site-packages/airflow/example_dags/subdags/subdag.py
[2023-09-14T11:32:34.333+0800] {processor.py:841} WARNING - No viable dags retrieved from /opt/homebrew/lib/python3.11/site-packages/airflow/example_dags/subdags/subdag.py
[2023-09-14T11:32:34.401+0800] {processor.py:179} INFO - Processing /opt/homebrew/lib/python3.11/site-packages/airflow/example_dags/subdags/subdag.py took 0.071 seconds
[2023-09-14T11:33:27.614+0800] {processor.py:157} INFO - Started process (PID=72302) to work on /opt/homebrew/lib/python3.11/site-packages/airflow/example_dags/subdags/subdag.py
[2023-09-14T11:33:27.614+0800] {processor.py:829} INFO - Processing file /opt/homebrew/lib/python3.11/site-packages/airflow/example_dags/subdags/subdag.py for tasks to queue
[2023-09-14T11:33:27.615+0800] {logging_mixin.py:151} INFO - [2023-09-14T11:33:27.615+0800] {dagbag.py:539} INFO - Filling up the DagBag from /opt/homebrew/lib/python3.11/site-packages/airflow/example_dags/subdags/subdag.py
[2023-09-14T11:33:27.616+0800] {processor.py:841} WARNING - No viable dags retrieved from /opt/homebrew/lib/python3.11/site-packages/airflow/example_dags/subdags/subdag.py
[2023-09-14T11:33:27.684+0800] {processor.py:179} INFO - Processing /opt/homebrew/lib/python3.11/site-packages/airflow/example_dags/subdags/subdag.py took 0.071 seconds
[2023-09-14T11:34:21.820+0800] {processor.py:157} INFO - Started process (PID=72400) to work on /opt/homebrew/lib/python3.11/site-packages/airflow/example_dags/subdags/subdag.py
[2023-09-14T11:34:21.821+0800] {processor.py:829} INFO - Processing file /opt/homebrew/lib/python3.11/site-packages/airflow/example_dags/subdags/subdag.py for tasks to queue
[2023-09-14T11:34:21.821+0800] {logging_mixin.py:151} INFO - [2023-09-14T11:34:21.821+0800] {dagbag.py:539} INFO - Filling up the DagBag from /opt/homebrew/lib/python3.11/site-packages/airflow/example_dags/subdags/subdag.py
[2023-09-14T11:34:21.822+0800] {processor.py:841} WARNING - No viable dags retrieved from /opt/homebrew/lib/python3.11/site-packages/airflow/example_dags/subdags/subdag.py
[2023-09-14T11:34:21.891+0800] {processor.py:179} INFO - Processing /opt/homebrew/lib/python3.11/site-packages/airflow/example_dags/subdags/subdag.py took 0.071 seconds
[2023-09-14T11:35:15.797+0800] {processor.py:157} INFO - Started process (PID=72490) to work on /opt/homebrew/lib/python3.11/site-packages/airflow/example_dags/subdags/subdag.py
[2023-09-14T11:35:15.798+0800] {processor.py:829} INFO - Processing file /opt/homebrew/lib/python3.11/site-packages/airflow/example_dags/subdags/subdag.py for tasks to queue
[2023-09-14T11:35:15.798+0800] {logging_mixin.py:151} INFO - [2023-09-14T11:35:15.798+0800] {dagbag.py:539} INFO - Filling up the DagBag from /opt/homebrew/lib/python3.11/site-packages/airflow/example_dags/subdags/subdag.py
[2023-09-14T11:35:15.799+0800] {processor.py:841} WARNING - No viable dags retrieved from /opt/homebrew/lib/python3.11/site-packages/airflow/example_dags/subdags/subdag.py
[2023-09-14T11:35:15.868+0800] {processor.py:179} INFO - Processing /opt/homebrew/lib/python3.11/site-packages/airflow/example_dags/subdags/subdag.py took 0.071 seconds
[2023-09-14T11:36:11.599+0800] {processor.py:157} INFO - Started process (PID=72587) to work on /opt/homebrew/lib/python3.11/site-packages/airflow/example_dags/subdags/subdag.py
[2023-09-14T11:36:11.600+0800] {processor.py:829} INFO - Processing file /opt/homebrew/lib/python3.11/site-packages/airflow/example_dags/subdags/subdag.py for tasks to queue
[2023-09-14T11:36:11.600+0800] {logging_mixin.py:151} INFO - [2023-09-14T11:36:11.600+0800] {dagbag.py:539} INFO - Filling up the DagBag from /opt/homebrew/lib/python3.11/site-packages/airflow/example_dags/subdags/subdag.py
[2023-09-14T11:36:11.601+0800] {processor.py:841} WARNING - No viable dags retrieved from /opt/homebrew/lib/python3.11/site-packages/airflow/example_dags/subdags/subdag.py
[2023-09-14T11:36:11.670+0800] {processor.py:179} INFO - Processing /opt/homebrew/lib/python3.11/site-packages/airflow/example_dags/subdags/subdag.py took 0.071 seconds
[2023-09-14T11:37:04.401+0800] {processor.py:157} INFO - Started process (PID=72682) to work on /opt/homebrew/lib/python3.11/site-packages/airflow/example_dags/subdags/subdag.py
[2023-09-14T11:37:04.401+0800] {processor.py:829} INFO - Processing file /opt/homebrew/lib/python3.11/site-packages/airflow/example_dags/subdags/subdag.py for tasks to queue
[2023-09-14T11:37:04.401+0800] {logging_mixin.py:151} INFO - [2023-09-14T11:37:04.401+0800] {dagbag.py:539} INFO - Filling up the DagBag from /opt/homebrew/lib/python3.11/site-packages/airflow/example_dags/subdags/subdag.py
[2023-09-14T11:37:04.403+0800] {processor.py:841} WARNING - No viable dags retrieved from /opt/homebrew/lib/python3.11/site-packages/airflow/example_dags/subdags/subdag.py
[2023-09-14T11:37:04.471+0800] {processor.py:179} INFO - Processing /opt/homebrew/lib/python3.11/site-packages/airflow/example_dags/subdags/subdag.py took 0.071 seconds
[2023-09-14T11:37:56.602+0800] {processor.py:157} INFO - Started process (PID=72774) to work on /opt/homebrew/lib/python3.11/site-packages/airflow/example_dags/subdags/subdag.py
[2023-09-14T11:37:56.602+0800] {processor.py:829} INFO - Processing file /opt/homebrew/lib/python3.11/site-packages/airflow/example_dags/subdags/subdag.py for tasks to queue
[2023-09-14T11:37:56.602+0800] {logging_mixin.py:151} INFO - [2023-09-14T11:37:56.602+0800] {dagbag.py:539} INFO - Filling up the DagBag from /opt/homebrew/lib/python3.11/site-packages/airflow/example_dags/subdags/subdag.py
[2023-09-14T11:37:56.604+0800] {processor.py:841} WARNING - No viable dags retrieved from /opt/homebrew/lib/python3.11/site-packages/airflow/example_dags/subdags/subdag.py
[2023-09-14T11:37:56.672+0800] {processor.py:179} INFO - Processing /opt/homebrew/lib/python3.11/site-packages/airflow/example_dags/subdags/subdag.py took 0.070 seconds
[2023-09-14T11:38:46.155+0800] {processor.py:157} INFO - Started process (PID=72868) to work on /opt/homebrew/lib/python3.11/site-packages/airflow/example_dags/subdags/subdag.py
[2023-09-14T11:38:46.156+0800] {processor.py:829} INFO - Processing file /opt/homebrew/lib/python3.11/site-packages/airflow/example_dags/subdags/subdag.py for tasks to queue
[2023-09-14T11:38:46.156+0800] {logging_mixin.py:151} INFO - [2023-09-14T11:38:46.156+0800] {dagbag.py:539} INFO - Filling up the DagBag from /opt/homebrew/lib/python3.11/site-packages/airflow/example_dags/subdags/subdag.py
[2023-09-14T11:38:46.157+0800] {processor.py:841} WARNING - No viable dags retrieved from /opt/homebrew/lib/python3.11/site-packages/airflow/example_dags/subdags/subdag.py
[2023-09-14T11:38:46.225+0800] {processor.py:179} INFO - Processing /opt/homebrew/lib/python3.11/site-packages/airflow/example_dags/subdags/subdag.py took 0.070 seconds
[2023-09-14T11:39:35.365+0800] {processor.py:157} INFO - Started process (PID=72980) to work on /opt/homebrew/lib/python3.11/site-packages/airflow/example_dags/subdags/subdag.py
[2023-09-14T11:39:35.365+0800] {processor.py:829} INFO - Processing file /opt/homebrew/lib/python3.11/site-packages/airflow/example_dags/subdags/subdag.py for tasks to queue
[2023-09-14T11:39:35.366+0800] {logging_mixin.py:151} INFO - [2023-09-14T11:39:35.365+0800] {dagbag.py:539} INFO - Filling up the DagBag from /opt/homebrew/lib/python3.11/site-packages/airflow/example_dags/subdags/subdag.py
[2023-09-14T11:39:35.367+0800] {processor.py:841} WARNING - No viable dags retrieved from /opt/homebrew/lib/python3.11/site-packages/airflow/example_dags/subdags/subdag.py
[2023-09-14T11:39:35.435+0800] {processor.py:179} INFO - Processing /opt/homebrew/lib/python3.11/site-packages/airflow/example_dags/subdags/subdag.py took 0.071 seconds
[2023-09-14T11:40:25.228+0800] {processor.py:157} INFO - Started process (PID=73067) to work on /opt/homebrew/lib/python3.11/site-packages/airflow/example_dags/subdags/subdag.py
[2023-09-14T11:40:25.228+0800] {processor.py:829} INFO - Processing file /opt/homebrew/lib/python3.11/site-packages/airflow/example_dags/subdags/subdag.py for tasks to queue
[2023-09-14T11:40:25.228+0800] {logging_mixin.py:151} INFO - [2023-09-14T11:40:25.228+0800] {dagbag.py:539} INFO - Filling up the DagBag from /opt/homebrew/lib/python3.11/site-packages/airflow/example_dags/subdags/subdag.py
[2023-09-14T11:40:25.229+0800] {processor.py:841} WARNING - No viable dags retrieved from /opt/homebrew/lib/python3.11/site-packages/airflow/example_dags/subdags/subdag.py
[2023-09-14T11:40:25.298+0800] {processor.py:179} INFO - Processing /opt/homebrew/lib/python3.11/site-packages/airflow/example_dags/subdags/subdag.py took 0.071 seconds
[2023-09-14T11:41:18.776+0800] {processor.py:157} INFO - Started process (PID=73159) to work on /opt/homebrew/lib/python3.11/site-packages/airflow/example_dags/subdags/subdag.py
[2023-09-14T11:41:18.776+0800] {processor.py:829} INFO - Processing file /opt/homebrew/lib/python3.11/site-packages/airflow/example_dags/subdags/subdag.py for tasks to queue
[2023-09-14T11:41:18.776+0800] {logging_mixin.py:151} INFO - [2023-09-14T11:41:18.776+0800] {dagbag.py:539} INFO - Filling up the DagBag from /opt/homebrew/lib/python3.11/site-packages/airflow/example_dags/subdags/subdag.py
[2023-09-14T11:41:18.778+0800] {processor.py:841} WARNING - No viable dags retrieved from /opt/homebrew/lib/python3.11/site-packages/airflow/example_dags/subdags/subdag.py
[2023-09-14T11:41:18.847+0800] {processor.py:179} INFO - Processing /opt/homebrew/lib/python3.11/site-packages/airflow/example_dags/subdags/subdag.py took 0.072 seconds
[2023-09-14T11:42:09.511+0800] {processor.py:157} INFO - Started process (PID=73252) to work on /opt/homebrew/lib/python3.11/site-packages/airflow/example_dags/subdags/subdag.py
[2023-09-14T11:42:09.511+0800] {processor.py:829} INFO - Processing file /opt/homebrew/lib/python3.11/site-packages/airflow/example_dags/subdags/subdag.py for tasks to queue
[2023-09-14T11:42:09.511+0800] {logging_mixin.py:151} INFO - [2023-09-14T11:42:09.511+0800] {dagbag.py:539} INFO - Filling up the DagBag from /opt/homebrew/lib/python3.11/site-packages/airflow/example_dags/subdags/subdag.py
[2023-09-14T11:42:09.512+0800] {processor.py:841} WARNING - No viable dags retrieved from /opt/homebrew/lib/python3.11/site-packages/airflow/example_dags/subdags/subdag.py
[2023-09-14T11:42:09.581+0800] {processor.py:179} INFO - Processing /opt/homebrew/lib/python3.11/site-packages/airflow/example_dags/subdags/subdag.py took 0.071 seconds
[2023-09-14T11:43:00.426+0800] {processor.py:157} INFO - Started process (PID=73344) to work on /opt/homebrew/lib/python3.11/site-packages/airflow/example_dags/subdags/subdag.py
[2023-09-14T11:43:00.427+0800] {processor.py:829} INFO - Processing file /opt/homebrew/lib/python3.11/site-packages/airflow/example_dags/subdags/subdag.py for tasks to queue
[2023-09-14T11:43:00.427+0800] {logging_mixin.py:151} INFO - [2023-09-14T11:43:00.427+0800] {dagbag.py:539} INFO - Filling up the DagBag from /opt/homebrew/lib/python3.11/site-packages/airflow/example_dags/subdags/subdag.py
[2023-09-14T11:43:00.428+0800] {processor.py:841} WARNING - No viable dags retrieved from /opt/homebrew/lib/python3.11/site-packages/airflow/example_dags/subdags/subdag.py
[2023-09-14T11:43:00.497+0800] {processor.py:179} INFO - Processing /opt/homebrew/lib/python3.11/site-packages/airflow/example_dags/subdags/subdag.py took 0.071 seconds
[2023-09-14T11:43:52.636+0800] {processor.py:157} INFO - Started process (PID=73436) to work on /opt/homebrew/lib/python3.11/site-packages/airflow/example_dags/subdags/subdag.py
[2023-09-14T11:43:52.637+0800] {processor.py:829} INFO - Processing file /opt/homebrew/lib/python3.11/site-packages/airflow/example_dags/subdags/subdag.py for tasks to queue
[2023-09-14T11:43:52.637+0800] {logging_mixin.py:151} INFO - [2023-09-14T11:43:52.637+0800] {dagbag.py:539} INFO - Filling up the DagBag from /opt/homebrew/lib/python3.11/site-packages/airflow/example_dags/subdags/subdag.py
[2023-09-14T11:43:52.638+0800] {processor.py:841} WARNING - No viable dags retrieved from /opt/homebrew/lib/python3.11/site-packages/airflow/example_dags/subdags/subdag.py
[2023-09-14T11:43:52.706+0800] {processor.py:179} INFO - Processing /opt/homebrew/lib/python3.11/site-packages/airflow/example_dags/subdags/subdag.py took 0.071 seconds
[2023-09-14T11:44:46.869+0800] {processor.py:157} INFO - Started process (PID=73530) to work on /opt/homebrew/lib/python3.11/site-packages/airflow/example_dags/subdags/subdag.py
[2023-09-14T11:44:46.869+0800] {processor.py:829} INFO - Processing file /opt/homebrew/lib/python3.11/site-packages/airflow/example_dags/subdags/subdag.py for tasks to queue
[2023-09-14T11:44:46.869+0800] {logging_mixin.py:151} INFO - [2023-09-14T11:44:46.869+0800] {dagbag.py:539} INFO - Filling up the DagBag from /opt/homebrew/lib/python3.11/site-packages/airflow/example_dags/subdags/subdag.py
[2023-09-14T11:44:46.871+0800] {processor.py:841} WARNING - No viable dags retrieved from /opt/homebrew/lib/python3.11/site-packages/airflow/example_dags/subdags/subdag.py
[2023-09-14T11:44:46.939+0800] {processor.py:179} INFO - Processing /opt/homebrew/lib/python3.11/site-packages/airflow/example_dags/subdags/subdag.py took 0.071 seconds
[2023-09-14T12:03:22.392+0800] {processor.py:157} INFO - Started process (PID=73646) to work on /opt/homebrew/lib/python3.11/site-packages/airflow/example_dags/subdags/subdag.py
[2023-09-14T12:03:22.394+0800] {processor.py:829} INFO - Processing file /opt/homebrew/lib/python3.11/site-packages/airflow/example_dags/subdags/subdag.py for tasks to queue
[2023-09-14T12:03:22.394+0800] {logging_mixin.py:151} INFO - [2023-09-14T12:03:22.394+0800] {dagbag.py:539} INFO - Filling up the DagBag from /opt/homebrew/lib/python3.11/site-packages/airflow/example_dags/subdags/subdag.py
[2023-09-14T12:03:22.395+0800] {processor.py:841} WARNING - No viable dags retrieved from /opt/homebrew/lib/python3.11/site-packages/airflow/example_dags/subdags/subdag.py
[2023-09-14T12:03:22.463+0800] {processor.py:179} INFO - Processing /opt/homebrew/lib/python3.11/site-packages/airflow/example_dags/subdags/subdag.py took 0.072 seconds
[2023-09-14T15:22:24.717+0800] {processor.py:157} INFO - Started process (PID=73963) to work on /opt/homebrew/lib/python3.11/site-packages/airflow/example_dags/subdags/subdag.py
[2023-09-14T15:22:24.718+0800] {processor.py:829} INFO - Processing file /opt/homebrew/lib/python3.11/site-packages/airflow/example_dags/subdags/subdag.py for tasks to queue
[2023-09-14T15:22:24.718+0800] {logging_mixin.py:151} INFO - [2023-09-14T15:22:24.718+0800] {dagbag.py:539} INFO - Filling up the DagBag from /opt/homebrew/lib/python3.11/site-packages/airflow/example_dags/subdags/subdag.py
[2023-09-14T15:22:24.719+0800] {processor.py:841} WARNING - No viable dags retrieved from /opt/homebrew/lib/python3.11/site-packages/airflow/example_dags/subdags/subdag.py
[2023-09-14T15:22:24.787+0800] {processor.py:179} INFO - Processing /opt/homebrew/lib/python3.11/site-packages/airflow/example_dags/subdags/subdag.py took 0.070 seconds
[2023-09-14T18:41:16.162+0800] {processor.py:157} INFO - Started process (PID=74266) to work on /opt/homebrew/lib/python3.11/site-packages/airflow/example_dags/subdags/subdag.py
[2023-09-14T18:41:16.164+0800] {processor.py:829} INFO - Processing file /opt/homebrew/lib/python3.11/site-packages/airflow/example_dags/subdags/subdag.py for tasks to queue
[2023-09-14T18:41:16.164+0800] {logging_mixin.py:151} INFO - [2023-09-14T18:41:16.164+0800] {dagbag.py:539} INFO - Filling up the DagBag from /opt/homebrew/lib/python3.11/site-packages/airflow/example_dags/subdags/subdag.py
[2023-09-14T18:41:16.165+0800] {processor.py:841} WARNING - No viable dags retrieved from /opt/homebrew/lib/python3.11/site-packages/airflow/example_dags/subdags/subdag.py
[2023-09-14T18:41:16.234+0800] {processor.py:179} INFO - Processing /opt/homebrew/lib/python3.11/site-packages/airflow/example_dags/subdags/subdag.py took 0.072 seconds
[2023-09-14T21:59:14.820+0800] {processor.py:157} INFO - Started process (PID=74627) to work on /opt/homebrew/lib/python3.11/site-packages/airflow/example_dags/subdags/subdag.py
[2023-09-14T21:59:14.821+0800] {processor.py:829} INFO - Processing file /opt/homebrew/lib/python3.11/site-packages/airflow/example_dags/subdags/subdag.py for tasks to queue
[2023-09-14T21:59:14.821+0800] {logging_mixin.py:151} INFO - [2023-09-14T21:59:14.821+0800] {dagbag.py:539} INFO - Filling up the DagBag from /opt/homebrew/lib/python3.11/site-packages/airflow/example_dags/subdags/subdag.py
[2023-09-14T21:59:14.822+0800] {processor.py:841} WARNING - No viable dags retrieved from /opt/homebrew/lib/python3.11/site-packages/airflow/example_dags/subdags/subdag.py
[2023-09-14T21:59:14.894+0800] {processor.py:179} INFO - Processing /opt/homebrew/lib/python3.11/site-packages/airflow/example_dags/subdags/subdag.py took 0.074 seconds
[2023-09-15T01:18:52.060+0800] {processor.py:157} INFO - Started process (PID=74947) to work on /opt/homebrew/lib/python3.11/site-packages/airflow/example_dags/subdags/subdag.py
[2023-09-15T01:18:52.061+0800] {processor.py:829} INFO - Processing file /opt/homebrew/lib/python3.11/site-packages/airflow/example_dags/subdags/subdag.py for tasks to queue
[2023-09-15T01:18:52.061+0800] {logging_mixin.py:151} INFO - [2023-09-15T01:18:52.061+0800] {dagbag.py:539} INFO - Filling up the DagBag from /opt/homebrew/lib/python3.11/site-packages/airflow/example_dags/subdags/subdag.py
[2023-09-15T01:18:52.062+0800] {processor.py:841} WARNING - No viable dags retrieved from /opt/homebrew/lib/python3.11/site-packages/airflow/example_dags/subdags/subdag.py
[2023-09-15T01:18:52.130+0800] {processor.py:179} INFO - Processing /opt/homebrew/lib/python3.11/site-packages/airflow/example_dags/subdags/subdag.py took 0.071 seconds
[2023-09-15T04:32:11.481+0800] {processor.py:157} INFO - Started process (PID=75271) to work on /opt/homebrew/lib/python3.11/site-packages/airflow/example_dags/subdags/subdag.py
[2023-09-15T04:32:11.482+0800] {processor.py:829} INFO - Processing file /opt/homebrew/lib/python3.11/site-packages/airflow/example_dags/subdags/subdag.py for tasks to queue
[2023-09-15T04:32:11.482+0800] {logging_mixin.py:151} INFO - [2023-09-15T04:32:11.482+0800] {dagbag.py:539} INFO - Filling up the DagBag from /opt/homebrew/lib/python3.11/site-packages/airflow/example_dags/subdags/subdag.py
[2023-09-15T04:32:11.483+0800] {processor.py:841} WARNING - No viable dags retrieved from /opt/homebrew/lib/python3.11/site-packages/airflow/example_dags/subdags/subdag.py
[2023-09-15T04:32:11.552+0800] {processor.py:179} INFO - Processing /opt/homebrew/lib/python3.11/site-packages/airflow/example_dags/subdags/subdag.py took 0.071 seconds
