[2023-09-14T08:32:01.255+0800] {processor.py:157} INFO - Started process (PID=66789) to work on /opt/homebrew/lib/python3.11/site-packages/airflow/example_dags/example_branch_operator_decorator.py
[2023-09-14T08:32:01.255+0800] {processor.py:829} INFO - Processing file /opt/homebrew/lib/python3.11/site-packages/airflow/example_dags/example_branch_operator_decorator.py for tasks to queue
[2023-09-14T08:32:01.256+0800] {logging_mixin.py:151} INFO - [2023-09-14T08:32:01.256+0800] {dagbag.py:539} INFO - Filling up the DagBag from /opt/homebrew/lib/python3.11/site-packages/airflow/example_dags/example_branch_operator_decorator.py
[2023-09-14T08:32:01.288+0800] {processor.py:839} INFO - DAG(s) dict_keys(['example_branch_python_operator_decorator']) retrieved from /opt/homebrew/lib/python3.11/site-packages/airflow/example_dags/example_branch_operator_decorator.py
[2023-09-14T08:32:01.382+0800] {logging_mixin.py:151} INFO - [2023-09-14T08:32:01.382+0800] {dag.py:2915} INFO - Sync 1 DAGs
[2023-09-14T08:32:01.392+0800] {logging_mixin.py:151} INFO - [2023-09-14T08:32:01.391+0800] {dag.py:3696} INFO - Setting next_dagrun for example_branch_python_operator_decorator to 2023-09-13T00:00:00+00:00, run_after=2023-09-14T00:00:00+00:00
[2023-09-14T08:32:01.402+0800] {processor.py:179} INFO - Processing /opt/homebrew/lib/python3.11/site-packages/airflow/example_dags/example_branch_operator_decorator.py took 0.148 seconds
[2023-09-14T10:31:52.892+0800] {processor.py:157} INFO - Started process (PID=67065) to work on /opt/homebrew/lib/python3.11/site-packages/airflow/example_dags/example_branch_operator_decorator.py
[2023-09-14T10:31:52.892+0800] {processor.py:829} INFO - Processing file /opt/homebrew/lib/python3.11/site-packages/airflow/example_dags/example_branch_operator_decorator.py for tasks to queue
[2023-09-14T10:31:52.892+0800] {logging_mixin.py:151} INFO - [2023-09-14T10:31:52.892+0800] {dagbag.py:539} INFO - Filling up the DagBag from /opt/homebrew/lib/python3.11/site-packages/airflow/example_dags/example_branch_operator_decorator.py
[2023-09-14T10:31:52.925+0800] {processor.py:839} INFO - DAG(s) dict_keys(['example_branch_python_operator_decorator']) retrieved from /opt/homebrew/lib/python3.11/site-packages/airflow/example_dags/example_branch_operator_decorator.py
[2023-09-14T10:31:53.019+0800] {logging_mixin.py:151} INFO - [2023-09-14T10:31:53.019+0800] {dag.py:2915} INFO - Sync 1 DAGs
[2023-09-14T10:31:53.028+0800] {logging_mixin.py:151} INFO - [2023-09-14T10:31:53.028+0800] {dag.py:3696} INFO - Setting next_dagrun for example_branch_python_operator_decorator to 2023-09-13T00:00:00+00:00, run_after=2023-09-14T00:00:00+00:00
[2023-09-14T10:31:53.038+0800] {processor.py:179} INFO - Processing /opt/homebrew/lib/python3.11/site-packages/airflow/example_dags/example_branch_operator_decorator.py took 0.147 seconds
[2023-09-14T10:33:34.898+0800] {processor.py:157} INFO - Started process (PID=67264) to work on /opt/homebrew/lib/python3.11/site-packages/airflow/example_dags/example_branch_operator_decorator.py
[2023-09-14T10:33:34.899+0800] {processor.py:829} INFO - Processing file /opt/homebrew/lib/python3.11/site-packages/airflow/example_dags/example_branch_operator_decorator.py for tasks to queue
[2023-09-14T10:33:34.899+0800] {logging_mixin.py:151} INFO - [2023-09-14T10:33:34.899+0800] {dagbag.py:539} INFO - Filling up the DagBag from /opt/homebrew/lib/python3.11/site-packages/airflow/example_dags/example_branch_operator_decorator.py
[2023-09-14T10:33:34.932+0800] {processor.py:839} INFO - DAG(s) dict_keys(['example_branch_python_operator_decorator']) retrieved from /opt/homebrew/lib/python3.11/site-packages/airflow/example_dags/example_branch_operator_decorator.py
[2023-09-14T10:33:35.025+0800] {logging_mixin.py:151} INFO - [2023-09-14T10:33:35.025+0800] {dag.py:2915} INFO - Sync 1 DAGs
[2023-09-14T10:33:35.035+0800] {logging_mixin.py:151} INFO - [2023-09-14T10:33:35.035+0800] {dag.py:3696} INFO - Setting next_dagrun for example_branch_python_operator_decorator to 2023-09-13T00:00:00+00:00, run_after=2023-09-14T00:00:00+00:00
[2023-09-14T10:33:35.045+0800] {processor.py:179} INFO - Processing /opt/homebrew/lib/python3.11/site-packages/airflow/example_dags/example_branch_operator_decorator.py took 0.147 seconds
[2023-09-14T10:35:15.904+0800] {processor.py:157} INFO - Started process (PID=67472) to work on /opt/homebrew/lib/python3.11/site-packages/airflow/example_dags/example_branch_operator_decorator.py
[2023-09-14T10:35:15.905+0800] {processor.py:829} INFO - Processing file /opt/homebrew/lib/python3.11/site-packages/airflow/example_dags/example_branch_operator_decorator.py for tasks to queue
[2023-09-14T10:35:15.905+0800] {logging_mixin.py:151} INFO - [2023-09-14T10:35:15.905+0800] {dagbag.py:539} INFO - Filling up the DagBag from /opt/homebrew/lib/python3.11/site-packages/airflow/example_dags/example_branch_operator_decorator.py
[2023-09-14T10:35:15.938+0800] {processor.py:839} INFO - DAG(s) dict_keys(['example_branch_python_operator_decorator']) retrieved from /opt/homebrew/lib/python3.11/site-packages/airflow/example_dags/example_branch_operator_decorator.py
[2023-09-14T10:35:16.031+0800] {logging_mixin.py:151} INFO - [2023-09-14T10:35:16.031+0800] {dag.py:2915} INFO - Sync 1 DAGs
[2023-09-14T10:35:16.041+0800] {logging_mixin.py:151} INFO - [2023-09-14T10:35:16.040+0800] {dag.py:3696} INFO - Setting next_dagrun for example_branch_python_operator_decorator to 2023-09-13T00:00:00+00:00, run_after=2023-09-14T00:00:00+00:00
[2023-09-14T10:35:16.050+0800] {processor.py:179} INFO - Processing /opt/homebrew/lib/python3.11/site-packages/airflow/example_dags/example_branch_operator_decorator.py took 0.147 seconds
[2023-09-14T10:36:59.611+0800] {processor.py:157} INFO - Started process (PID=67654) to work on /opt/homebrew/lib/python3.11/site-packages/airflow/example_dags/example_branch_operator_decorator.py
[2023-09-14T10:36:59.611+0800] {processor.py:829} INFO - Processing file /opt/homebrew/lib/python3.11/site-packages/airflow/example_dags/example_branch_operator_decorator.py for tasks to queue
[2023-09-14T10:36:59.612+0800] {logging_mixin.py:151} INFO - [2023-09-14T10:36:59.611+0800] {dagbag.py:539} INFO - Filling up the DagBag from /opt/homebrew/lib/python3.11/site-packages/airflow/example_dags/example_branch_operator_decorator.py
[2023-09-14T10:36:59.644+0800] {processor.py:839} INFO - DAG(s) dict_keys(['example_branch_python_operator_decorator']) retrieved from /opt/homebrew/lib/python3.11/site-packages/airflow/example_dags/example_branch_operator_decorator.py
[2023-09-14T10:36:59.737+0800] {logging_mixin.py:151} INFO - [2023-09-14T10:36:59.737+0800] {dag.py:2915} INFO - Sync 1 DAGs
[2023-09-14T10:36:59.747+0800] {logging_mixin.py:151} INFO - [2023-09-14T10:36:59.746+0800] {dag.py:3696} INFO - Setting next_dagrun for example_branch_python_operator_decorator to 2023-09-13T00:00:00+00:00, run_after=2023-09-14T00:00:00+00:00
[2023-09-14T10:36:59.756+0800] {processor.py:179} INFO - Processing /opt/homebrew/lib/python3.11/site-packages/airflow/example_dags/example_branch_operator_decorator.py took 0.146 seconds
[2023-09-14T10:38:40.448+0800] {processor.py:157} INFO - Started process (PID=67848) to work on /opt/homebrew/lib/python3.11/site-packages/airflow/example_dags/example_branch_operator_decorator.py
[2023-09-14T10:38:40.449+0800] {processor.py:829} INFO - Processing file /opt/homebrew/lib/python3.11/site-packages/airflow/example_dags/example_branch_operator_decorator.py for tasks to queue
[2023-09-14T10:38:40.450+0800] {logging_mixin.py:151} INFO - [2023-09-14T10:38:40.449+0800] {dagbag.py:539} INFO - Filling up the DagBag from /opt/homebrew/lib/python3.11/site-packages/airflow/example_dags/example_branch_operator_decorator.py
[2023-09-14T10:38:40.482+0800] {processor.py:839} INFO - DAG(s) dict_keys(['example_branch_python_operator_decorator']) retrieved from /opt/homebrew/lib/python3.11/site-packages/airflow/example_dags/example_branch_operator_decorator.py
[2023-09-14T10:38:40.576+0800] {logging_mixin.py:151} INFO - [2023-09-14T10:38:40.576+0800] {dag.py:2915} INFO - Sync 1 DAGs
[2023-09-14T10:38:40.585+0800] {logging_mixin.py:151} INFO - [2023-09-14T10:38:40.585+0800] {dag.py:3696} INFO - Setting next_dagrun for example_branch_python_operator_decorator to 2023-09-13T00:00:00+00:00, run_after=2023-09-14T00:00:00+00:00
[2023-09-14T10:38:40.595+0800] {processor.py:179} INFO - Processing /opt/homebrew/lib/python3.11/site-packages/airflow/example_dags/example_branch_operator_decorator.py took 0.147 seconds
[2023-09-14T10:40:25.468+0800] {processor.py:157} INFO - Started process (PID=68037) to work on /opt/homebrew/lib/python3.11/site-packages/airflow/example_dags/example_branch_operator_decorator.py
[2023-09-14T10:40:25.470+0800] {processor.py:829} INFO - Processing file /opt/homebrew/lib/python3.11/site-packages/airflow/example_dags/example_branch_operator_decorator.py for tasks to queue
[2023-09-14T10:40:25.470+0800] {logging_mixin.py:151} INFO - [2023-09-14T10:40:25.470+0800] {dagbag.py:539} INFO - Filling up the DagBag from /opt/homebrew/lib/python3.11/site-packages/airflow/example_dags/example_branch_operator_decorator.py
[2023-09-14T10:40:25.503+0800] {processor.py:839} INFO - DAG(s) dict_keys(['example_branch_python_operator_decorator']) retrieved from /opt/homebrew/lib/python3.11/site-packages/airflow/example_dags/example_branch_operator_decorator.py
[2023-09-14T10:40:25.597+0800] {logging_mixin.py:151} INFO - [2023-09-14T10:40:25.597+0800] {dag.py:2915} INFO - Sync 1 DAGs
[2023-09-14T10:40:25.606+0800] {logging_mixin.py:151} INFO - [2023-09-14T10:40:25.606+0800] {dag.py:3696} INFO - Setting next_dagrun for example_branch_python_operator_decorator to 2023-09-13T00:00:00+00:00, run_after=2023-09-14T00:00:00+00:00
[2023-09-14T10:40:25.616+0800] {processor.py:179} INFO - Processing /opt/homebrew/lib/python3.11/site-packages/airflow/example_dags/example_branch_operator_decorator.py took 0.148 seconds
[2023-09-14T10:42:15.204+0800] {processor.py:157} INFO - Started process (PID=68232) to work on /opt/homebrew/lib/python3.11/site-packages/airflow/example_dags/example_branch_operator_decorator.py
[2023-09-14T10:42:15.206+0800] {processor.py:829} INFO - Processing file /opt/homebrew/lib/python3.11/site-packages/airflow/example_dags/example_branch_operator_decorator.py for tasks to queue
[2023-09-14T10:42:15.206+0800] {logging_mixin.py:151} INFO - [2023-09-14T10:42:15.206+0800] {dagbag.py:539} INFO - Filling up the DagBag from /opt/homebrew/lib/python3.11/site-packages/airflow/example_dags/example_branch_operator_decorator.py
[2023-09-14T10:42:15.239+0800] {processor.py:839} INFO - DAG(s) dict_keys(['example_branch_python_operator_decorator']) retrieved from /opt/homebrew/lib/python3.11/site-packages/airflow/example_dags/example_branch_operator_decorator.py
[2023-09-14T10:42:15.333+0800] {logging_mixin.py:151} INFO - [2023-09-14T10:42:15.333+0800] {dag.py:2915} INFO - Sync 1 DAGs
[2023-09-14T10:42:15.342+0800] {logging_mixin.py:151} INFO - [2023-09-14T10:42:15.342+0800] {dag.py:3696} INFO - Setting next_dagrun for example_branch_python_operator_decorator to 2023-09-13T00:00:00+00:00, run_after=2023-09-14T00:00:00+00:00
[2023-09-14T10:42:15.352+0800] {processor.py:179} INFO - Processing /opt/homebrew/lib/python3.11/site-packages/airflow/example_dags/example_branch_operator_decorator.py took 0.148 seconds
[2023-09-14T10:43:58.800+0800] {processor.py:157} INFO - Started process (PID=68417) to work on /opt/homebrew/lib/python3.11/site-packages/airflow/example_dags/example_branch_operator_decorator.py
[2023-09-14T10:43:58.800+0800] {processor.py:829} INFO - Processing file /opt/homebrew/lib/python3.11/site-packages/airflow/example_dags/example_branch_operator_decorator.py for tasks to queue
[2023-09-14T10:43:58.801+0800] {logging_mixin.py:151} INFO - [2023-09-14T10:43:58.801+0800] {dagbag.py:539} INFO - Filling up the DagBag from /opt/homebrew/lib/python3.11/site-packages/airflow/example_dags/example_branch_operator_decorator.py
[2023-09-14T10:43:58.833+0800] {processor.py:839} INFO - DAG(s) dict_keys(['example_branch_python_operator_decorator']) retrieved from /opt/homebrew/lib/python3.11/site-packages/airflow/example_dags/example_branch_operator_decorator.py
[2023-09-14T10:43:58.929+0800] {logging_mixin.py:151} INFO - [2023-09-14T10:43:58.928+0800] {dag.py:2915} INFO - Sync 1 DAGs
[2023-09-14T10:43:58.938+0800] {logging_mixin.py:151} INFO - [2023-09-14T10:43:58.938+0800] {dag.py:3696} INFO - Setting next_dagrun for example_branch_python_operator_decorator to 2023-09-13T00:00:00+00:00, run_after=2023-09-14T00:00:00+00:00
[2023-09-14T10:43:58.948+0800] {processor.py:179} INFO - Processing /opt/homebrew/lib/python3.11/site-packages/airflow/example_dags/example_branch_operator_decorator.py took 0.149 seconds
[2023-09-14T10:45:42.111+0800] {processor.py:157} INFO - Started process (PID=68607) to work on /opt/homebrew/lib/python3.11/site-packages/airflow/example_dags/example_branch_operator_decorator.py
[2023-09-14T10:45:42.111+0800] {processor.py:829} INFO - Processing file /opt/homebrew/lib/python3.11/site-packages/airflow/example_dags/example_branch_operator_decorator.py for tasks to queue
[2023-09-14T10:45:42.112+0800] {logging_mixin.py:151} INFO - [2023-09-14T10:45:42.112+0800] {dagbag.py:539} INFO - Filling up the DagBag from /opt/homebrew/lib/python3.11/site-packages/airflow/example_dags/example_branch_operator_decorator.py
[2023-09-14T10:45:42.144+0800] {processor.py:839} INFO - DAG(s) dict_keys(['example_branch_python_operator_decorator']) retrieved from /opt/homebrew/lib/python3.11/site-packages/airflow/example_dags/example_branch_operator_decorator.py
[2023-09-14T10:45:42.238+0800] {logging_mixin.py:151} INFO - [2023-09-14T10:45:42.238+0800] {dag.py:2915} INFO - Sync 1 DAGs
[2023-09-14T10:45:42.247+0800] {logging_mixin.py:151} INFO - [2023-09-14T10:45:42.247+0800] {dag.py:3696} INFO - Setting next_dagrun for example_branch_python_operator_decorator to 2023-09-13T00:00:00+00:00, run_after=2023-09-14T00:00:00+00:00
[2023-09-14T10:45:42.257+0800] {processor.py:179} INFO - Processing /opt/homebrew/lib/python3.11/site-packages/airflow/example_dags/example_branch_operator_decorator.py took 0.146 seconds
[2023-09-14T10:47:27.624+0800] {processor.py:157} INFO - Started process (PID=68797) to work on /opt/homebrew/lib/python3.11/site-packages/airflow/example_dags/example_branch_operator_decorator.py
[2023-09-14T10:47:27.625+0800] {processor.py:829} INFO - Processing file /opt/homebrew/lib/python3.11/site-packages/airflow/example_dags/example_branch_operator_decorator.py for tasks to queue
[2023-09-14T10:47:27.626+0800] {logging_mixin.py:151} INFO - [2023-09-14T10:47:27.626+0800] {dagbag.py:539} INFO - Filling up the DagBag from /opt/homebrew/lib/python3.11/site-packages/airflow/example_dags/example_branch_operator_decorator.py
[2023-09-14T10:47:27.658+0800] {processor.py:839} INFO - DAG(s) dict_keys(['example_branch_python_operator_decorator']) retrieved from /opt/homebrew/lib/python3.11/site-packages/airflow/example_dags/example_branch_operator_decorator.py
[2023-09-14T10:47:27.753+0800] {logging_mixin.py:151} INFO - [2023-09-14T10:47:27.753+0800] {dag.py:2915} INFO - Sync 1 DAGs
[2023-09-14T10:47:27.762+0800] {logging_mixin.py:151} INFO - [2023-09-14T10:47:27.762+0800] {dag.py:3696} INFO - Setting next_dagrun for example_branch_python_operator_decorator to 2023-09-13T00:00:00+00:00, run_after=2023-09-14T00:00:00+00:00
[2023-09-14T10:47:27.772+0800] {processor.py:179} INFO - Processing /opt/homebrew/lib/python3.11/site-packages/airflow/example_dags/example_branch_operator_decorator.py took 0.148 seconds
[2023-09-14T10:49:11.387+0800] {processor.py:157} INFO - Started process (PID=68984) to work on /opt/homebrew/lib/python3.11/site-packages/airflow/example_dags/example_branch_operator_decorator.py
[2023-09-14T10:49:11.388+0800] {processor.py:829} INFO - Processing file /opt/homebrew/lib/python3.11/site-packages/airflow/example_dags/example_branch_operator_decorator.py for tasks to queue
[2023-09-14T10:49:11.388+0800] {logging_mixin.py:151} INFO - [2023-09-14T10:49:11.388+0800] {dagbag.py:539} INFO - Filling up the DagBag from /opt/homebrew/lib/python3.11/site-packages/airflow/example_dags/example_branch_operator_decorator.py
[2023-09-14T10:49:11.420+0800] {processor.py:839} INFO - DAG(s) dict_keys(['example_branch_python_operator_decorator']) retrieved from /opt/homebrew/lib/python3.11/site-packages/airflow/example_dags/example_branch_operator_decorator.py
[2023-09-14T10:49:11.514+0800] {logging_mixin.py:151} INFO - [2023-09-14T10:49:11.514+0800] {dag.py:2915} INFO - Sync 1 DAGs
[2023-09-14T10:49:11.523+0800] {logging_mixin.py:151} INFO - [2023-09-14T10:49:11.523+0800] {dag.py:3696} INFO - Setting next_dagrun for example_branch_python_operator_decorator to 2023-09-13T00:00:00+00:00, run_after=2023-09-14T00:00:00+00:00
[2023-09-14T10:49:11.533+0800] {processor.py:179} INFO - Processing /opt/homebrew/lib/python3.11/site-packages/airflow/example_dags/example_branch_operator_decorator.py took 0.146 seconds
[2023-09-14T10:51:01.293+0800] {processor.py:157} INFO - Started process (PID=69180) to work on /opt/homebrew/lib/python3.11/site-packages/airflow/example_dags/example_branch_operator_decorator.py
[2023-09-14T10:51:01.293+0800] {processor.py:829} INFO - Processing file /opt/homebrew/lib/python3.11/site-packages/airflow/example_dags/example_branch_operator_decorator.py for tasks to queue
[2023-09-14T10:51:01.293+0800] {logging_mixin.py:151} INFO - [2023-09-14T10:51:01.293+0800] {dagbag.py:539} INFO - Filling up the DagBag from /opt/homebrew/lib/python3.11/site-packages/airflow/example_dags/example_branch_operator_decorator.py
[2023-09-14T10:51:01.326+0800] {processor.py:839} INFO - DAG(s) dict_keys(['example_branch_python_operator_decorator']) retrieved from /opt/homebrew/lib/python3.11/site-packages/airflow/example_dags/example_branch_operator_decorator.py
[2023-09-14T10:51:01.419+0800] {logging_mixin.py:151} INFO - [2023-09-14T10:51:01.419+0800] {dag.py:2915} INFO - Sync 1 DAGs
[2023-09-14T10:51:01.429+0800] {logging_mixin.py:151} INFO - [2023-09-14T10:51:01.428+0800] {dag.py:3696} INFO - Setting next_dagrun for example_branch_python_operator_decorator to 2023-09-13T00:00:00+00:00, run_after=2023-09-14T00:00:00+00:00
[2023-09-14T10:51:01.439+0800] {processor.py:179} INFO - Processing /opt/homebrew/lib/python3.11/site-packages/airflow/example_dags/example_branch_operator_decorator.py took 0.147 seconds
[2023-09-14T10:52:49.651+0800] {processor.py:157} INFO - Started process (PID=69373) to work on /opt/homebrew/lib/python3.11/site-packages/airflow/example_dags/example_branch_operator_decorator.py
[2023-09-14T10:52:49.651+0800] {processor.py:829} INFO - Processing file /opt/homebrew/lib/python3.11/site-packages/airflow/example_dags/example_branch_operator_decorator.py for tasks to queue
[2023-09-14T10:52:49.651+0800] {logging_mixin.py:151} INFO - [2023-09-14T10:52:49.651+0800] {dagbag.py:539} INFO - Filling up the DagBag from /opt/homebrew/lib/python3.11/site-packages/airflow/example_dags/example_branch_operator_decorator.py
[2023-09-14T10:52:49.684+0800] {processor.py:839} INFO - DAG(s) dict_keys(['example_branch_python_operator_decorator']) retrieved from /opt/homebrew/lib/python3.11/site-packages/airflow/example_dags/example_branch_operator_decorator.py
[2023-09-14T10:52:49.778+0800] {logging_mixin.py:151} INFO - [2023-09-14T10:52:49.778+0800] {dag.py:2915} INFO - Sync 1 DAGs
[2023-09-14T10:52:49.787+0800] {logging_mixin.py:151} INFO - [2023-09-14T10:52:49.787+0800] {dag.py:3696} INFO - Setting next_dagrun for example_branch_python_operator_decorator to 2023-09-13T00:00:00+00:00, run_after=2023-09-14T00:00:00+00:00
[2023-09-14T10:52:49.797+0800] {processor.py:179} INFO - Processing /opt/homebrew/lib/python3.11/site-packages/airflow/example_dags/example_branch_operator_decorator.py took 0.146 seconds
[2023-09-14T10:54:38.790+0800] {processor.py:157} INFO - Started process (PID=69591) to work on /opt/homebrew/lib/python3.11/site-packages/airflow/example_dags/example_branch_operator_decorator.py
[2023-09-14T10:54:38.792+0800] {processor.py:829} INFO - Processing file /opt/homebrew/lib/python3.11/site-packages/airflow/example_dags/example_branch_operator_decorator.py for tasks to queue
[2023-09-14T10:54:38.792+0800] {logging_mixin.py:151} INFO - [2023-09-14T10:54:38.792+0800] {dagbag.py:539} INFO - Filling up the DagBag from /opt/homebrew/lib/python3.11/site-packages/airflow/example_dags/example_branch_operator_decorator.py
[2023-09-14T10:54:38.825+0800] {processor.py:839} INFO - DAG(s) dict_keys(['example_branch_python_operator_decorator']) retrieved from /opt/homebrew/lib/python3.11/site-packages/airflow/example_dags/example_branch_operator_decorator.py
[2023-09-14T10:54:38.918+0800] {logging_mixin.py:151} INFO - [2023-09-14T10:54:38.918+0800] {dag.py:2915} INFO - Sync 1 DAGs
[2023-09-14T10:54:38.927+0800] {logging_mixin.py:151} INFO - [2023-09-14T10:54:38.927+0800] {dag.py:3696} INFO - Setting next_dagrun for example_branch_python_operator_decorator to 2023-09-13T00:00:00+00:00, run_after=2023-09-14T00:00:00+00:00
[2023-09-14T10:54:38.937+0800] {processor.py:179} INFO - Processing /opt/homebrew/lib/python3.11/site-packages/airflow/example_dags/example_branch_operator_decorator.py took 0.147 seconds
[2023-09-14T10:56:23.286+0800] {processor.py:157} INFO - Started process (PID=69777) to work on /opt/homebrew/lib/python3.11/site-packages/airflow/example_dags/example_branch_operator_decorator.py
[2023-09-14T10:56:23.287+0800] {processor.py:829} INFO - Processing file /opt/homebrew/lib/python3.11/site-packages/airflow/example_dags/example_branch_operator_decorator.py for tasks to queue
[2023-09-14T10:56:23.287+0800] {logging_mixin.py:151} INFO - [2023-09-14T10:56:23.287+0800] {dagbag.py:539} INFO - Filling up the DagBag from /opt/homebrew/lib/python3.11/site-packages/airflow/example_dags/example_branch_operator_decorator.py
[2023-09-14T10:56:23.320+0800] {processor.py:839} INFO - DAG(s) dict_keys(['example_branch_python_operator_decorator']) retrieved from /opt/homebrew/lib/python3.11/site-packages/airflow/example_dags/example_branch_operator_decorator.py
[2023-09-14T10:56:23.413+0800] {logging_mixin.py:151} INFO - [2023-09-14T10:56:23.413+0800] {dag.py:2915} INFO - Sync 1 DAGs
[2023-09-14T10:56:23.422+0800] {logging_mixin.py:151} INFO - [2023-09-14T10:56:23.422+0800] {dag.py:3696} INFO - Setting next_dagrun for example_branch_python_operator_decorator to 2023-09-13T00:00:00+00:00, run_after=2023-09-14T00:00:00+00:00
[2023-09-14T10:56:23.432+0800] {processor.py:179} INFO - Processing /opt/homebrew/lib/python3.11/site-packages/airflow/example_dags/example_branch_operator_decorator.py took 0.146 seconds
[2023-09-14T10:58:03.141+0800] {processor.py:157} INFO - Started process (PID=69957) to work on /opt/homebrew/lib/python3.11/site-packages/airflow/example_dags/example_branch_operator_decorator.py
[2023-09-14T10:58:03.141+0800] {processor.py:829} INFO - Processing file /opt/homebrew/lib/python3.11/site-packages/airflow/example_dags/example_branch_operator_decorator.py for tasks to queue
[2023-09-14T10:58:03.142+0800] {logging_mixin.py:151} INFO - [2023-09-14T10:58:03.142+0800] {dagbag.py:539} INFO - Filling up the DagBag from /opt/homebrew/lib/python3.11/site-packages/airflow/example_dags/example_branch_operator_decorator.py
[2023-09-14T10:58:03.174+0800] {processor.py:839} INFO - DAG(s) dict_keys(['example_branch_python_operator_decorator']) retrieved from /opt/homebrew/lib/python3.11/site-packages/airflow/example_dags/example_branch_operator_decorator.py
[2023-09-14T10:58:03.268+0800] {logging_mixin.py:151} INFO - [2023-09-14T10:58:03.267+0800] {dag.py:2915} INFO - Sync 1 DAGs
[2023-09-14T10:58:03.277+0800] {logging_mixin.py:151} INFO - [2023-09-14T10:58:03.277+0800] {dag.py:3696} INFO - Setting next_dagrun for example_branch_python_operator_decorator to 2023-09-13T00:00:00+00:00, run_after=2023-09-14T00:00:00+00:00
[2023-09-14T10:58:03.287+0800] {processor.py:179} INFO - Processing /opt/homebrew/lib/python3.11/site-packages/airflow/example_dags/example_branch_operator_decorator.py took 0.146 seconds
[2023-09-14T10:59:42.559+0800] {processor.py:157} INFO - Started process (PID=70135) to work on /opt/homebrew/lib/python3.11/site-packages/airflow/example_dags/example_branch_operator_decorator.py
[2023-09-14T10:59:42.559+0800] {processor.py:829} INFO - Processing file /opt/homebrew/lib/python3.11/site-packages/airflow/example_dags/example_branch_operator_decorator.py for tasks to queue
[2023-09-14T10:59:42.560+0800] {logging_mixin.py:151} INFO - [2023-09-14T10:59:42.560+0800] {dagbag.py:539} INFO - Filling up the DagBag from /opt/homebrew/lib/python3.11/site-packages/airflow/example_dags/example_branch_operator_decorator.py
[2023-09-14T10:59:42.592+0800] {processor.py:839} INFO - DAG(s) dict_keys(['example_branch_python_operator_decorator']) retrieved from /opt/homebrew/lib/python3.11/site-packages/airflow/example_dags/example_branch_operator_decorator.py
[2023-09-14T10:59:42.686+0800] {logging_mixin.py:151} INFO - [2023-09-14T10:59:42.686+0800] {dag.py:2915} INFO - Sync 1 DAGs
[2023-09-14T10:59:42.695+0800] {logging_mixin.py:151} INFO - [2023-09-14T10:59:42.695+0800] {dag.py:3696} INFO - Setting next_dagrun for example_branch_python_operator_decorator to 2023-09-13T00:00:00+00:00, run_after=2023-09-14T00:00:00+00:00
[2023-09-14T10:59:42.705+0800] {processor.py:179} INFO - Processing /opt/homebrew/lib/python3.11/site-packages/airflow/example_dags/example_branch_operator_decorator.py took 0.146 seconds
[2023-09-14T11:01:29.340+0800] {processor.py:157} INFO - Started process (PID=70332) to work on /opt/homebrew/lib/python3.11/site-packages/airflow/example_dags/example_branch_operator_decorator.py
[2023-09-14T11:01:29.341+0800] {processor.py:829} INFO - Processing file /opt/homebrew/lib/python3.11/site-packages/airflow/example_dags/example_branch_operator_decorator.py for tasks to queue
[2023-09-14T11:01:29.341+0800] {logging_mixin.py:151} INFO - [2023-09-14T11:01:29.341+0800] {dagbag.py:539} INFO - Filling up the DagBag from /opt/homebrew/lib/python3.11/site-packages/airflow/example_dags/example_branch_operator_decorator.py
[2023-09-14T11:01:29.374+0800] {processor.py:839} INFO - DAG(s) dict_keys(['example_branch_python_operator_decorator']) retrieved from /opt/homebrew/lib/python3.11/site-packages/airflow/example_dags/example_branch_operator_decorator.py
[2023-09-14T11:01:29.467+0800] {logging_mixin.py:151} INFO - [2023-09-14T11:01:29.467+0800] {dag.py:2915} INFO - Sync 1 DAGs
[2023-09-14T11:01:29.477+0800] {logging_mixin.py:151} INFO - [2023-09-14T11:01:29.476+0800] {dag.py:3696} INFO - Setting next_dagrun for example_branch_python_operator_decorator to 2023-09-13T00:00:00+00:00, run_after=2023-09-14T00:00:00+00:00
[2023-09-14T11:01:29.486+0800] {processor.py:179} INFO - Processing /opt/homebrew/lib/python3.11/site-packages/airflow/example_dags/example_branch_operator_decorator.py took 0.146 seconds
[2023-09-14T11:03:10.718+0800] {processor.py:157} INFO - Started process (PID=70515) to work on /opt/homebrew/lib/python3.11/site-packages/airflow/example_dags/example_branch_operator_decorator.py
[2023-09-14T11:03:10.719+0800] {processor.py:829} INFO - Processing file /opt/homebrew/lib/python3.11/site-packages/airflow/example_dags/example_branch_operator_decorator.py for tasks to queue
[2023-09-14T11:03:10.719+0800] {logging_mixin.py:151} INFO - [2023-09-14T11:03:10.719+0800] {dagbag.py:539} INFO - Filling up the DagBag from /opt/homebrew/lib/python3.11/site-packages/airflow/example_dags/example_branch_operator_decorator.py
[2023-09-14T11:03:10.752+0800] {processor.py:839} INFO - DAG(s) dict_keys(['example_branch_python_operator_decorator']) retrieved from /opt/homebrew/lib/python3.11/site-packages/airflow/example_dags/example_branch_operator_decorator.py
[2023-09-14T11:03:10.846+0800] {logging_mixin.py:151} INFO - [2023-09-14T11:03:10.846+0800] {dag.py:2915} INFO - Sync 1 DAGs
[2023-09-14T11:03:10.855+0800] {logging_mixin.py:151} INFO - [2023-09-14T11:03:10.855+0800] {dag.py:3696} INFO - Setting next_dagrun for example_branch_python_operator_decorator to 2023-09-13T00:00:00+00:00, run_after=2023-09-14T00:00:00+00:00
[2023-09-14T11:03:10.865+0800] {processor.py:179} INFO - Processing /opt/homebrew/lib/python3.11/site-packages/airflow/example_dags/example_branch_operator_decorator.py took 0.147 seconds
[2023-09-14T11:04:55.382+0800] {processor.py:157} INFO - Started process (PID=70725) to work on /opt/homebrew/lib/python3.11/site-packages/airflow/example_dags/example_branch_operator_decorator.py
[2023-09-14T11:04:55.383+0800] {processor.py:829} INFO - Processing file /opt/homebrew/lib/python3.11/site-packages/airflow/example_dags/example_branch_operator_decorator.py for tasks to queue
[2023-09-14T11:04:55.383+0800] {logging_mixin.py:151} INFO - [2023-09-14T11:04:55.383+0800] {dagbag.py:539} INFO - Filling up the DagBag from /opt/homebrew/lib/python3.11/site-packages/airflow/example_dags/example_branch_operator_decorator.py
[2023-09-14T11:04:55.415+0800] {processor.py:839} INFO - DAG(s) dict_keys(['example_branch_python_operator_decorator']) retrieved from /opt/homebrew/lib/python3.11/site-packages/airflow/example_dags/example_branch_operator_decorator.py
[2023-09-14T11:04:55.509+0800] {logging_mixin.py:151} INFO - [2023-09-14T11:04:55.509+0800] {dag.py:2915} INFO - Sync 1 DAGs
[2023-09-14T11:04:55.518+0800] {logging_mixin.py:151} INFO - [2023-09-14T11:04:55.518+0800] {dag.py:3696} INFO - Setting next_dagrun for example_branch_python_operator_decorator to 2023-09-13T00:00:00+00:00, run_after=2023-09-14T00:00:00+00:00
[2023-09-14T11:04:55.528+0800] {processor.py:179} INFO - Processing /opt/homebrew/lib/python3.11/site-packages/airflow/example_dags/example_branch_operator_decorator.py took 0.146 seconds
[2023-09-14T11:06:39.747+0800] {processor.py:157} INFO - Started process (PID=70911) to work on /opt/homebrew/lib/python3.11/site-packages/airflow/example_dags/example_branch_operator_decorator.py
[2023-09-14T11:06:39.748+0800] {processor.py:829} INFO - Processing file /opt/homebrew/lib/python3.11/site-packages/airflow/example_dags/example_branch_operator_decorator.py for tasks to queue
[2023-09-14T11:06:39.748+0800] {logging_mixin.py:151} INFO - [2023-09-14T11:06:39.748+0800] {dagbag.py:539} INFO - Filling up the DagBag from /opt/homebrew/lib/python3.11/site-packages/airflow/example_dags/example_branch_operator_decorator.py
[2023-09-14T11:06:39.781+0800] {processor.py:839} INFO - DAG(s) dict_keys(['example_branch_python_operator_decorator']) retrieved from /opt/homebrew/lib/python3.11/site-packages/airflow/example_dags/example_branch_operator_decorator.py
[2023-09-14T11:06:39.876+0800] {logging_mixin.py:151} INFO - [2023-09-14T11:06:39.876+0800] {dag.py:2915} INFO - Sync 1 DAGs
[2023-09-14T11:06:39.885+0800] {logging_mixin.py:151} INFO - [2023-09-14T11:06:39.885+0800] {dag.py:3696} INFO - Setting next_dagrun for example_branch_python_operator_decorator to 2023-09-13T00:00:00+00:00, run_after=2023-09-14T00:00:00+00:00
[2023-09-14T11:06:39.895+0800] {processor.py:179} INFO - Processing /opt/homebrew/lib/python3.11/site-packages/airflow/example_dags/example_branch_operator_decorator.py took 0.148 seconds
[2023-09-14T11:08:20.051+0800] {processor.py:157} INFO - Started process (PID=71091) to work on /opt/homebrew/lib/python3.11/site-packages/airflow/example_dags/example_branch_operator_decorator.py
[2023-09-14T11:08:20.052+0800] {processor.py:829} INFO - Processing file /opt/homebrew/lib/python3.11/site-packages/airflow/example_dags/example_branch_operator_decorator.py for tasks to queue
[2023-09-14T11:08:20.052+0800] {logging_mixin.py:151} INFO - [2023-09-14T11:08:20.052+0800] {dagbag.py:539} INFO - Filling up the DagBag from /opt/homebrew/lib/python3.11/site-packages/airflow/example_dags/example_branch_operator_decorator.py
[2023-09-14T11:08:20.084+0800] {processor.py:839} INFO - DAG(s) dict_keys(['example_branch_python_operator_decorator']) retrieved from /opt/homebrew/lib/python3.11/site-packages/airflow/example_dags/example_branch_operator_decorator.py
[2023-09-14T11:08:20.178+0800] {logging_mixin.py:151} INFO - [2023-09-14T11:08:20.178+0800] {dag.py:2915} INFO - Sync 1 DAGs
[2023-09-14T11:08:20.187+0800] {logging_mixin.py:151} INFO - [2023-09-14T11:08:20.187+0800] {dag.py:3696} INFO - Setting next_dagrun for example_branch_python_operator_decorator to 2023-09-13T00:00:00+00:00, run_after=2023-09-14T00:00:00+00:00
[2023-09-14T11:08:20.197+0800] {processor.py:179} INFO - Processing /opt/homebrew/lib/python3.11/site-packages/airflow/example_dags/example_branch_operator_decorator.py took 0.146 seconds
[2023-09-14T11:24:32.512+0800] {processor.py:157} INFO - Started process (PID=71342) to work on /opt/homebrew/lib/python3.11/site-packages/airflow/example_dags/example_branch_operator_decorator.py
[2023-09-14T11:24:32.513+0800] {processor.py:829} INFO - Processing file /opt/homebrew/lib/python3.11/site-packages/airflow/example_dags/example_branch_operator_decorator.py for tasks to queue
[2023-09-14T11:24:32.513+0800] {logging_mixin.py:151} INFO - [2023-09-14T11:24:32.513+0800] {dagbag.py:539} INFO - Filling up the DagBag from /opt/homebrew/lib/python3.11/site-packages/airflow/example_dags/example_branch_operator_decorator.py
[2023-09-14T11:24:32.546+0800] {processor.py:839} INFO - DAG(s) dict_keys(['example_branch_python_operator_decorator']) retrieved from /opt/homebrew/lib/python3.11/site-packages/airflow/example_dags/example_branch_operator_decorator.py
[2023-09-14T11:24:32.640+0800] {logging_mixin.py:151} INFO - [2023-09-14T11:24:32.640+0800] {dag.py:2915} INFO - Sync 1 DAGs
[2023-09-14T11:24:32.649+0800] {logging_mixin.py:151} INFO - [2023-09-14T11:24:32.649+0800] {dag.py:3696} INFO - Setting next_dagrun for example_branch_python_operator_decorator to 2023-09-13T00:00:00+00:00, run_after=2023-09-14T00:00:00+00:00
[2023-09-14T11:24:32.659+0800] {processor.py:179} INFO - Processing /opt/homebrew/lib/python3.11/site-packages/airflow/example_dags/example_branch_operator_decorator.py took 0.147 seconds
[2023-09-14T11:26:20.701+0800] {processor.py:157} INFO - Started process (PID=71533) to work on /opt/homebrew/lib/python3.11/site-packages/airflow/example_dags/example_branch_operator_decorator.py
[2023-09-14T11:26:20.702+0800] {processor.py:829} INFO - Processing file /opt/homebrew/lib/python3.11/site-packages/airflow/example_dags/example_branch_operator_decorator.py for tasks to queue
[2023-09-14T11:26:20.702+0800] {logging_mixin.py:151} INFO - [2023-09-14T11:26:20.702+0800] {dagbag.py:539} INFO - Filling up the DagBag from /opt/homebrew/lib/python3.11/site-packages/airflow/example_dags/example_branch_operator_decorator.py
[2023-09-14T11:26:20.734+0800] {processor.py:839} INFO - DAG(s) dict_keys(['example_branch_python_operator_decorator']) retrieved from /opt/homebrew/lib/python3.11/site-packages/airflow/example_dags/example_branch_operator_decorator.py
[2023-09-14T11:26:20.828+0800] {logging_mixin.py:151} INFO - [2023-09-14T11:26:20.828+0800] {dag.py:2915} INFO - Sync 1 DAGs
[2023-09-14T11:26:20.837+0800] {logging_mixin.py:151} INFO - [2023-09-14T11:26:20.837+0800] {dag.py:3696} INFO - Setting next_dagrun for example_branch_python_operator_decorator to 2023-09-13T00:00:00+00:00, run_after=2023-09-14T00:00:00+00:00
[2023-09-14T11:26:20.847+0800] {processor.py:179} INFO - Processing /opt/homebrew/lib/python3.11/site-packages/airflow/example_dags/example_branch_operator_decorator.py took 0.146 seconds
[2023-09-14T11:28:05.175+0800] {processor.py:157} INFO - Started process (PID=71720) to work on /opt/homebrew/lib/python3.11/site-packages/airflow/example_dags/example_branch_operator_decorator.py
[2023-09-14T11:28:05.175+0800] {processor.py:829} INFO - Processing file /opt/homebrew/lib/python3.11/site-packages/airflow/example_dags/example_branch_operator_decorator.py for tasks to queue
[2023-09-14T11:28:05.176+0800] {logging_mixin.py:151} INFO - [2023-09-14T11:28:05.176+0800] {dagbag.py:539} INFO - Filling up the DagBag from /opt/homebrew/lib/python3.11/site-packages/airflow/example_dags/example_branch_operator_decorator.py
[2023-09-14T11:28:05.209+0800] {processor.py:839} INFO - DAG(s) dict_keys(['example_branch_python_operator_decorator']) retrieved from /opt/homebrew/lib/python3.11/site-packages/airflow/example_dags/example_branch_operator_decorator.py
[2023-09-14T11:28:05.303+0800] {logging_mixin.py:151} INFO - [2023-09-14T11:28:05.303+0800] {dag.py:2915} INFO - Sync 1 DAGs
[2023-09-14T11:28:05.313+0800] {logging_mixin.py:151} INFO - [2023-09-14T11:28:05.313+0800] {dag.py:3696} INFO - Setting next_dagrun for example_branch_python_operator_decorator to 2023-09-13T00:00:00+00:00, run_after=2023-09-14T00:00:00+00:00
[2023-09-14T11:28:05.323+0800] {processor.py:179} INFO - Processing /opt/homebrew/lib/python3.11/site-packages/airflow/example_dags/example_branch_operator_decorator.py took 0.148 seconds
[2023-09-14T11:29:47.209+0800] {processor.py:157} INFO - Started process (PID=71903) to work on /opt/homebrew/lib/python3.11/site-packages/airflow/example_dags/example_branch_operator_decorator.py
[2023-09-14T11:29:47.210+0800] {processor.py:829} INFO - Processing file /opt/homebrew/lib/python3.11/site-packages/airflow/example_dags/example_branch_operator_decorator.py for tasks to queue
[2023-09-14T11:29:47.210+0800] {logging_mixin.py:151} INFO - [2023-09-14T11:29:47.210+0800] {dagbag.py:539} INFO - Filling up the DagBag from /opt/homebrew/lib/python3.11/site-packages/airflow/example_dags/example_branch_operator_decorator.py
[2023-09-14T11:29:47.243+0800] {processor.py:839} INFO - DAG(s) dict_keys(['example_branch_python_operator_decorator']) retrieved from /opt/homebrew/lib/python3.11/site-packages/airflow/example_dags/example_branch_operator_decorator.py
[2023-09-14T11:29:47.336+0800] {logging_mixin.py:151} INFO - [2023-09-14T11:29:47.336+0800] {dag.py:2915} INFO - Sync 1 DAGs
[2023-09-14T11:29:47.346+0800] {logging_mixin.py:151} INFO - [2023-09-14T11:29:47.346+0800] {dag.py:3696} INFO - Setting next_dagrun for example_branch_python_operator_decorator to 2023-09-13T00:00:00+00:00, run_after=2023-09-14T00:00:00+00:00
[2023-09-14T11:29:47.355+0800] {processor.py:179} INFO - Processing /opt/homebrew/lib/python3.11/site-packages/airflow/example_dags/example_branch_operator_decorator.py took 0.147 seconds
[2023-09-14T11:31:30.841+0800] {processor.py:157} INFO - Started process (PID=72087) to work on /opt/homebrew/lib/python3.11/site-packages/airflow/example_dags/example_branch_operator_decorator.py
[2023-09-14T11:31:30.841+0800] {processor.py:829} INFO - Processing file /opt/homebrew/lib/python3.11/site-packages/airflow/example_dags/example_branch_operator_decorator.py for tasks to queue
[2023-09-14T11:31:30.841+0800] {logging_mixin.py:151} INFO - [2023-09-14T11:31:30.841+0800] {dagbag.py:539} INFO - Filling up the DagBag from /opt/homebrew/lib/python3.11/site-packages/airflow/example_dags/example_branch_operator_decorator.py
[2023-09-14T11:31:30.874+0800] {processor.py:839} INFO - DAG(s) dict_keys(['example_branch_python_operator_decorator']) retrieved from /opt/homebrew/lib/python3.11/site-packages/airflow/example_dags/example_branch_operator_decorator.py
[2023-09-14T11:31:30.969+0800] {logging_mixin.py:151} INFO - [2023-09-14T11:31:30.969+0800] {dag.py:2915} INFO - Sync 1 DAGs
[2023-09-14T11:31:30.978+0800] {logging_mixin.py:151} INFO - [2023-09-14T11:31:30.978+0800] {dag.py:3696} INFO - Setting next_dagrun for example_branch_python_operator_decorator to 2023-09-13T00:00:00+00:00, run_after=2023-09-14T00:00:00+00:00
[2023-09-14T11:31:30.988+0800] {processor.py:179} INFO - Processing /opt/homebrew/lib/python3.11/site-packages/airflow/example_dags/example_branch_operator_decorator.py took 0.147 seconds
[2023-09-14T11:33:17.968+0800] {processor.py:157} INFO - Started process (PID=72282) to work on /opt/homebrew/lib/python3.11/site-packages/airflow/example_dags/example_branch_operator_decorator.py
[2023-09-14T11:33:17.969+0800] {processor.py:829} INFO - Processing file /opt/homebrew/lib/python3.11/site-packages/airflow/example_dags/example_branch_operator_decorator.py for tasks to queue
[2023-09-14T11:33:17.969+0800] {logging_mixin.py:151} INFO - [2023-09-14T11:33:17.969+0800] {dagbag.py:539} INFO - Filling up the DagBag from /opt/homebrew/lib/python3.11/site-packages/airflow/example_dags/example_branch_operator_decorator.py
[2023-09-14T11:33:18.001+0800] {processor.py:839} INFO - DAG(s) dict_keys(['example_branch_python_operator_decorator']) retrieved from /opt/homebrew/lib/python3.11/site-packages/airflow/example_dags/example_branch_operator_decorator.py
[2023-09-14T11:33:18.095+0800] {logging_mixin.py:151} INFO - [2023-09-14T11:33:18.095+0800] {dag.py:2915} INFO - Sync 1 DAGs
[2023-09-14T11:33:18.104+0800] {logging_mixin.py:151} INFO - [2023-09-14T11:33:18.104+0800] {dag.py:3696} INFO - Setting next_dagrun for example_branch_python_operator_decorator to 2023-09-13T00:00:00+00:00, run_after=2023-09-14T00:00:00+00:00
[2023-09-14T11:33:18.114+0800] {processor.py:179} INFO - Processing /opt/homebrew/lib/python3.11/site-packages/airflow/example_dags/example_branch_operator_decorator.py took 0.146 seconds
[2023-09-14T11:35:04.929+0800] {processor.py:157} INFO - Started process (PID=72474) to work on /opt/homebrew/lib/python3.11/site-packages/airflow/example_dags/example_branch_operator_decorator.py
[2023-09-14T11:35:04.929+0800] {processor.py:829} INFO - Processing file /opt/homebrew/lib/python3.11/site-packages/airflow/example_dags/example_branch_operator_decorator.py for tasks to queue
[2023-09-14T11:35:04.930+0800] {logging_mixin.py:151} INFO - [2023-09-14T11:35:04.930+0800] {dagbag.py:539} INFO - Filling up the DagBag from /opt/homebrew/lib/python3.11/site-packages/airflow/example_dags/example_branch_operator_decorator.py
[2023-09-14T11:35:04.962+0800] {processor.py:839} INFO - DAG(s) dict_keys(['example_branch_python_operator_decorator']) retrieved from /opt/homebrew/lib/python3.11/site-packages/airflow/example_dags/example_branch_operator_decorator.py
[2023-09-14T11:35:05.056+0800] {logging_mixin.py:151} INFO - [2023-09-14T11:35:05.056+0800] {dag.py:2915} INFO - Sync 1 DAGs
[2023-09-14T11:35:05.065+0800] {logging_mixin.py:151} INFO - [2023-09-14T11:35:05.065+0800] {dag.py:3696} INFO - Setting next_dagrun for example_branch_python_operator_decorator to 2023-09-13T00:00:00+00:00, run_after=2023-09-14T00:00:00+00:00
[2023-09-14T11:35:05.075+0800] {processor.py:179} INFO - Processing /opt/homebrew/lib/python3.11/site-packages/airflow/example_dags/example_branch_operator_decorator.py took 0.147 seconds
[2023-09-14T11:36:54.760+0800] {processor.py:157} INFO - Started process (PID=72667) to work on /opt/homebrew/lib/python3.11/site-packages/airflow/example_dags/example_branch_operator_decorator.py
[2023-09-14T11:36:54.761+0800] {processor.py:829} INFO - Processing file /opt/homebrew/lib/python3.11/site-packages/airflow/example_dags/example_branch_operator_decorator.py for tasks to queue
[2023-09-14T11:36:54.761+0800] {logging_mixin.py:151} INFO - [2023-09-14T11:36:54.761+0800] {dagbag.py:539} INFO - Filling up the DagBag from /opt/homebrew/lib/python3.11/site-packages/airflow/example_dags/example_branch_operator_decorator.py
[2023-09-14T11:36:54.793+0800] {processor.py:839} INFO - DAG(s) dict_keys(['example_branch_python_operator_decorator']) retrieved from /opt/homebrew/lib/python3.11/site-packages/airflow/example_dags/example_branch_operator_decorator.py
[2023-09-14T11:36:54.887+0800] {logging_mixin.py:151} INFO - [2023-09-14T11:36:54.887+0800] {dag.py:2915} INFO - Sync 1 DAGs
[2023-09-14T11:36:54.896+0800] {logging_mixin.py:151} INFO - [2023-09-14T11:36:54.896+0800] {dag.py:3696} INFO - Setting next_dagrun for example_branch_python_operator_decorator to 2023-09-13T00:00:00+00:00, run_after=2023-09-14T00:00:00+00:00
[2023-09-14T11:36:54.906+0800] {processor.py:179} INFO - Processing /opt/homebrew/lib/python3.11/site-packages/airflow/example_dags/example_branch_operator_decorator.py took 0.147 seconds
[2023-09-14T11:38:35.978+0800] {processor.py:157} INFO - Started process (PID=72849) to work on /opt/homebrew/lib/python3.11/site-packages/airflow/example_dags/example_branch_operator_decorator.py
[2023-09-14T11:38:35.978+0800] {processor.py:829} INFO - Processing file /opt/homebrew/lib/python3.11/site-packages/airflow/example_dags/example_branch_operator_decorator.py for tasks to queue
[2023-09-14T11:38:35.979+0800] {logging_mixin.py:151} INFO - [2023-09-14T11:38:35.979+0800] {dagbag.py:539} INFO - Filling up the DagBag from /opt/homebrew/lib/python3.11/site-packages/airflow/example_dags/example_branch_operator_decorator.py
[2023-09-14T11:38:36.011+0800] {processor.py:839} INFO - DAG(s) dict_keys(['example_branch_python_operator_decorator']) retrieved from /opt/homebrew/lib/python3.11/site-packages/airflow/example_dags/example_branch_operator_decorator.py
[2023-09-14T11:38:36.104+0800] {logging_mixin.py:151} INFO - [2023-09-14T11:38:36.104+0800] {dag.py:2915} INFO - Sync 1 DAGs
[2023-09-14T11:38:36.113+0800] {logging_mixin.py:151} INFO - [2023-09-14T11:38:36.113+0800] {dag.py:3696} INFO - Setting next_dagrun for example_branch_python_operator_decorator to 2023-09-13T00:00:00+00:00, run_after=2023-09-14T00:00:00+00:00
[2023-09-14T11:38:36.123+0800] {processor.py:179} INFO - Processing /opt/homebrew/lib/python3.11/site-packages/airflow/example_dags/example_branch_operator_decorator.py took 0.146 seconds
[2023-09-14T11:40:14.667+0800] {processor.py:157} INFO - Started process (PID=73046) to work on /opt/homebrew/lib/python3.11/site-packages/airflow/example_dags/example_branch_operator_decorator.py
[2023-09-14T11:40:14.667+0800] {processor.py:829} INFO - Processing file /opt/homebrew/lib/python3.11/site-packages/airflow/example_dags/example_branch_operator_decorator.py for tasks to queue
[2023-09-14T11:40:14.668+0800] {logging_mixin.py:151} INFO - [2023-09-14T11:40:14.668+0800] {dagbag.py:539} INFO - Filling up the DagBag from /opt/homebrew/lib/python3.11/site-packages/airflow/example_dags/example_branch_operator_decorator.py
[2023-09-14T11:40:14.700+0800] {processor.py:839} INFO - DAG(s) dict_keys(['example_branch_python_operator_decorator']) retrieved from /opt/homebrew/lib/python3.11/site-packages/airflow/example_dags/example_branch_operator_decorator.py
[2023-09-14T11:40:14.794+0800] {logging_mixin.py:151} INFO - [2023-09-14T11:40:14.794+0800] {dag.py:2915} INFO - Sync 1 DAGs
[2023-09-14T11:40:14.803+0800] {logging_mixin.py:151} INFO - [2023-09-14T11:40:14.803+0800] {dag.py:3696} INFO - Setting next_dagrun for example_branch_python_operator_decorator to 2023-09-13T00:00:00+00:00, run_after=2023-09-14T00:00:00+00:00
[2023-09-14T11:40:14.813+0800] {processor.py:179} INFO - Processing /opt/homebrew/lib/python3.11/site-packages/airflow/example_dags/example_branch_operator_decorator.py took 0.147 seconds
[2023-09-14T11:41:59.568+0800] {processor.py:157} INFO - Started process (PID=73235) to work on /opt/homebrew/lib/python3.11/site-packages/airflow/example_dags/example_branch_operator_decorator.py
[2023-09-14T11:41:59.569+0800] {processor.py:829} INFO - Processing file /opt/homebrew/lib/python3.11/site-packages/airflow/example_dags/example_branch_operator_decorator.py for tasks to queue
[2023-09-14T11:41:59.569+0800] {logging_mixin.py:151} INFO - [2023-09-14T11:41:59.569+0800] {dagbag.py:539} INFO - Filling up the DagBag from /opt/homebrew/lib/python3.11/site-packages/airflow/example_dags/example_branch_operator_decorator.py
[2023-09-14T11:41:59.601+0800] {processor.py:839} INFO - DAG(s) dict_keys(['example_branch_python_operator_decorator']) retrieved from /opt/homebrew/lib/python3.11/site-packages/airflow/example_dags/example_branch_operator_decorator.py
[2023-09-14T11:41:59.695+0800] {logging_mixin.py:151} INFO - [2023-09-14T11:41:59.695+0800] {dag.py:2915} INFO - Sync 1 DAGs
[2023-09-14T11:41:59.704+0800] {logging_mixin.py:151} INFO - [2023-09-14T11:41:59.704+0800] {dag.py:3696} INFO - Setting next_dagrun for example_branch_python_operator_decorator to 2023-09-13T00:00:00+00:00, run_after=2023-09-14T00:00:00+00:00
[2023-09-14T11:41:59.714+0800] {processor.py:179} INFO - Processing /opt/homebrew/lib/python3.11/site-packages/airflow/example_dags/example_branch_operator_decorator.py took 0.146 seconds
[2023-09-14T11:43:41.757+0800] {processor.py:157} INFO - Started process (PID=73417) to work on /opt/homebrew/lib/python3.11/site-packages/airflow/example_dags/example_branch_operator_decorator.py
[2023-09-14T11:43:41.758+0800] {processor.py:829} INFO - Processing file /opt/homebrew/lib/python3.11/site-packages/airflow/example_dags/example_branch_operator_decorator.py for tasks to queue
[2023-09-14T11:43:41.758+0800] {logging_mixin.py:151} INFO - [2023-09-14T11:43:41.758+0800] {dagbag.py:539} INFO - Filling up the DagBag from /opt/homebrew/lib/python3.11/site-packages/airflow/example_dags/example_branch_operator_decorator.py
[2023-09-14T11:43:41.790+0800] {processor.py:839} INFO - DAG(s) dict_keys(['example_branch_python_operator_decorator']) retrieved from /opt/homebrew/lib/python3.11/site-packages/airflow/example_dags/example_branch_operator_decorator.py
[2023-09-14T11:43:41.884+0800] {logging_mixin.py:151} INFO - [2023-09-14T11:43:41.884+0800] {dag.py:2915} INFO - Sync 1 DAGs
[2023-09-14T11:43:41.893+0800] {logging_mixin.py:151} INFO - [2023-09-14T11:43:41.893+0800] {dag.py:3696} INFO - Setting next_dagrun for example_branch_python_operator_decorator to 2023-09-13T00:00:00+00:00, run_after=2023-09-14T00:00:00+00:00
[2023-09-14T11:43:41.903+0800] {processor.py:179} INFO - Processing /opt/homebrew/lib/python3.11/site-packages/airflow/example_dags/example_branch_operator_decorator.py took 0.146 seconds
[2023-09-14T11:45:29.369+0800] {processor.py:157} INFO - Started process (PID=73614) to work on /opt/homebrew/lib/python3.11/site-packages/airflow/example_dags/example_branch_operator_decorator.py
[2023-09-14T11:45:29.370+0800] {processor.py:829} INFO - Processing file /opt/homebrew/lib/python3.11/site-packages/airflow/example_dags/example_branch_operator_decorator.py for tasks to queue
[2023-09-14T11:45:29.370+0800] {logging_mixin.py:151} INFO - [2023-09-14T11:45:29.370+0800] {dagbag.py:539} INFO - Filling up the DagBag from /opt/homebrew/lib/python3.11/site-packages/airflow/example_dags/example_branch_operator_decorator.py
[2023-09-14T11:45:29.403+0800] {processor.py:839} INFO - DAG(s) dict_keys(['example_branch_python_operator_decorator']) retrieved from /opt/homebrew/lib/python3.11/site-packages/airflow/example_dags/example_branch_operator_decorator.py
[2023-09-14T11:45:29.504+0800] {logging_mixin.py:151} INFO - [2023-09-14T11:45:29.504+0800] {dag.py:2915} INFO - Sync 1 DAGs
[2023-09-14T11:45:29.514+0800] {logging_mixin.py:151} INFO - [2023-09-14T11:45:29.514+0800] {dag.py:3696} INFO - Setting next_dagrun for example_branch_python_operator_decorator to 2023-09-13T00:00:00+00:00, run_after=2023-09-14T00:00:00+00:00
[2023-09-14T11:45:29.524+0800] {processor.py:179} INFO - Processing /opt/homebrew/lib/python3.11/site-packages/airflow/example_dags/example_branch_operator_decorator.py took 0.156 seconds
[2023-09-14T15:05:01.293+0800] {processor.py:157} INFO - Started process (PID=73921) to work on /opt/homebrew/lib/python3.11/site-packages/airflow/example_dags/example_branch_operator_decorator.py
[2023-09-14T15:05:01.294+0800] {processor.py:829} INFO - Processing file /opt/homebrew/lib/python3.11/site-packages/airflow/example_dags/example_branch_operator_decorator.py for tasks to queue
[2023-09-14T15:05:01.295+0800] {logging_mixin.py:151} INFO - [2023-09-14T15:05:01.294+0800] {dagbag.py:539} INFO - Filling up the DagBag from /opt/homebrew/lib/python3.11/site-packages/airflow/example_dags/example_branch_operator_decorator.py
[2023-09-14T15:05:01.379+0800] {processor.py:839} INFO - DAG(s) dict_keys(['example_branch_python_operator_decorator']) retrieved from /opt/homebrew/lib/python3.11/site-packages/airflow/example_dags/example_branch_operator_decorator.py
[2023-09-14T15:05:01.592+0800] {logging_mixin.py:151} INFO - [2023-09-14T15:05:01.592+0800] {dag.py:2915} INFO - Sync 1 DAGs
[2023-09-14T15:05:01.607+0800] {logging_mixin.py:151} INFO - [2023-09-14T15:05:01.607+0800] {dag.py:3696} INFO - Setting next_dagrun for example_branch_python_operator_decorator to 2023-09-13T00:00:00+00:00, run_after=2023-09-14T00:00:00+00:00
[2023-09-14T15:05:01.621+0800] {processor.py:179} INFO - Processing /opt/homebrew/lib/python3.11/site-packages/airflow/example_dags/example_branch_operator_decorator.py took 0.329 seconds
[2023-09-14T18:24:45.910+0800] {processor.py:157} INFO - Started process (PID=74219) to work on /opt/homebrew/lib/python3.11/site-packages/airflow/example_dags/example_branch_operator_decorator.py
[2023-09-14T18:24:45.911+0800] {processor.py:829} INFO - Processing file /opt/homebrew/lib/python3.11/site-packages/airflow/example_dags/example_branch_operator_decorator.py for tasks to queue
[2023-09-14T18:24:45.911+0800] {logging_mixin.py:151} INFO - [2023-09-14T18:24:45.911+0800] {dagbag.py:539} INFO - Filling up the DagBag from /opt/homebrew/lib/python3.11/site-packages/airflow/example_dags/example_branch_operator_decorator.py
[2023-09-14T18:24:45.953+0800] {processor.py:839} INFO - DAG(s) dict_keys(['example_branch_python_operator_decorator']) retrieved from /opt/homebrew/lib/python3.11/site-packages/airflow/example_dags/example_branch_operator_decorator.py
[2023-09-14T18:24:46.114+0800] {logging_mixin.py:151} INFO - [2023-09-14T18:24:46.114+0800] {dag.py:2915} INFO - Sync 1 DAGs
[2023-09-14T18:24:46.133+0800] {logging_mixin.py:151} INFO - [2023-09-14T18:24:46.132+0800] {dag.py:3696} INFO - Setting next_dagrun for example_branch_python_operator_decorator to 2023-09-13T00:00:00+00:00, run_after=2023-09-14T00:00:00+00:00
[2023-09-14T18:24:46.147+0800] {processor.py:179} INFO - Processing /opt/homebrew/lib/python3.11/site-packages/airflow/example_dags/example_branch_operator_decorator.py took 0.237 seconds
[2023-09-14T21:43:55.312+0800] {processor.py:157} INFO - Started process (PID=74593) to work on /opt/homebrew/lib/python3.11/site-packages/airflow/example_dags/example_branch_operator_decorator.py
[2023-09-14T21:43:55.313+0800] {processor.py:829} INFO - Processing file /opt/homebrew/lib/python3.11/site-packages/airflow/example_dags/example_branch_operator_decorator.py for tasks to queue
[2023-09-14T21:43:55.313+0800] {logging_mixin.py:151} INFO - [2023-09-14T21:43:55.313+0800] {dagbag.py:539} INFO - Filling up the DagBag from /opt/homebrew/lib/python3.11/site-packages/airflow/example_dags/example_branch_operator_decorator.py
[2023-09-14T21:43:55.349+0800] {processor.py:839} INFO - DAG(s) dict_keys(['example_branch_python_operator_decorator']) retrieved from /opt/homebrew/lib/python3.11/site-packages/airflow/example_dags/example_branch_operator_decorator.py
[2023-09-14T21:43:55.446+0800] {logging_mixin.py:151} INFO - [2023-09-14T21:43:55.446+0800] {dag.py:2915} INFO - Sync 1 DAGs
[2023-09-14T21:43:55.455+0800] {logging_mixin.py:151} INFO - [2023-09-14T21:43:55.455+0800] {dag.py:3696} INFO - Setting next_dagrun for example_branch_python_operator_decorator to 2023-09-13T00:00:00+00:00, run_after=2023-09-14T00:00:00+00:00
[2023-09-14T21:43:55.465+0800] {processor.py:179} INFO - Processing /opt/homebrew/lib/python3.11/site-packages/airflow/example_dags/example_branch_operator_decorator.py took 0.153 seconds
[2023-09-15T01:01:31.403+0800] {processor.py:157} INFO - Started process (PID=74913) to work on /opt/homebrew/lib/python3.11/site-packages/airflow/example_dags/example_branch_operator_decorator.py
[2023-09-15T01:01:31.403+0800] {processor.py:829} INFO - Processing file /opt/homebrew/lib/python3.11/site-packages/airflow/example_dags/example_branch_operator_decorator.py for tasks to queue
[2023-09-15T01:01:31.404+0800] {logging_mixin.py:151} INFO - [2023-09-15T01:01:31.404+0800] {dagbag.py:539} INFO - Filling up the DagBag from /opt/homebrew/lib/python3.11/site-packages/airflow/example_dags/example_branch_operator_decorator.py
[2023-09-15T01:01:31.437+0800] {processor.py:839} INFO - DAG(s) dict_keys(['example_branch_python_operator_decorator']) retrieved from /opt/homebrew/lib/python3.11/site-packages/airflow/example_dags/example_branch_operator_decorator.py
[2023-09-15T01:01:31.532+0800] {logging_mixin.py:151} INFO - [2023-09-15T01:01:31.532+0800] {dag.py:2915} INFO - Sync 1 DAGs
[2023-09-15T01:01:31.541+0800] {logging_mixin.py:151} INFO - [2023-09-15T01:01:31.541+0800] {dag.py:3696} INFO - Setting next_dagrun for example_branch_python_operator_decorator to 2023-09-13T00:00:00+00:00, run_after=2023-09-14T00:00:00+00:00
[2023-09-15T01:01:31.551+0800] {processor.py:179} INFO - Processing /opt/homebrew/lib/python3.11/site-packages/airflow/example_dags/example_branch_operator_decorator.py took 0.149 seconds
[2023-09-15T04:16:11.603+0800] {processor.py:157} INFO - Started process (PID=75244) to work on /opt/homebrew/lib/python3.11/site-packages/airflow/example_dags/example_branch_operator_decorator.py
[2023-09-15T04:16:11.604+0800] {processor.py:829} INFO - Processing file /opt/homebrew/lib/python3.11/site-packages/airflow/example_dags/example_branch_operator_decorator.py for tasks to queue
[2023-09-15T04:16:11.604+0800] {logging_mixin.py:151} INFO - [2023-09-15T04:16:11.604+0800] {dagbag.py:539} INFO - Filling up the DagBag from /opt/homebrew/lib/python3.11/site-packages/airflow/example_dags/example_branch_operator_decorator.py
[2023-09-15T04:16:11.636+0800] {processor.py:839} INFO - DAG(s) dict_keys(['example_branch_python_operator_decorator']) retrieved from /opt/homebrew/lib/python3.11/site-packages/airflow/example_dags/example_branch_operator_decorator.py
[2023-09-15T04:16:11.729+0800] {logging_mixin.py:151} INFO - [2023-09-15T04:16:11.729+0800] {dag.py:2915} INFO - Sync 1 DAGs
[2023-09-15T04:16:11.738+0800] {logging_mixin.py:151} INFO - [2023-09-15T04:16:11.738+0800] {dag.py:3696} INFO - Setting next_dagrun for example_branch_python_operator_decorator to 2023-09-13T00:00:00+00:00, run_after=2023-09-14T00:00:00+00:00
[2023-09-15T04:16:11.748+0800] {processor.py:179} INFO - Processing /opt/homebrew/lib/python3.11/site-packages/airflow/example_dags/example_branch_operator_decorator.py took 0.146 seconds
[2023-09-15T07:31:23.068+0800] {processor.py:157} INFO - Started process (PID=75565) to work on /opt/homebrew/lib/python3.11/site-packages/airflow/example_dags/example_branch_operator_decorator.py
[2023-09-15T07:31:23.068+0800] {processor.py:829} INFO - Processing file /opt/homebrew/lib/python3.11/site-packages/airflow/example_dags/example_branch_operator_decorator.py for tasks to queue
[2023-09-15T07:31:23.069+0800] {logging_mixin.py:151} INFO - [2023-09-15T07:31:23.069+0800] {dagbag.py:539} INFO - Filling up the DagBag from /opt/homebrew/lib/python3.11/site-packages/airflow/example_dags/example_branch_operator_decorator.py
[2023-09-15T07:31:23.101+0800] {processor.py:839} INFO - DAG(s) dict_keys(['example_branch_python_operator_decorator']) retrieved from /opt/homebrew/lib/python3.11/site-packages/airflow/example_dags/example_branch_operator_decorator.py
[2023-09-15T07:31:23.194+0800] {logging_mixin.py:151} INFO - [2023-09-15T07:31:23.194+0800] {dag.py:2915} INFO - Sync 1 DAGs
[2023-09-15T07:31:23.203+0800] {logging_mixin.py:151} INFO - [2023-09-15T07:31:23.203+0800] {dag.py:3696} INFO - Setting next_dagrun for example_branch_python_operator_decorator to 2023-09-13T00:00:00+00:00, run_after=2023-09-14T00:00:00+00:00
[2023-09-15T07:31:23.213+0800] {processor.py:179} INFO - Processing /opt/homebrew/lib/python3.11/site-packages/airflow/example_dags/example_branch_operator_decorator.py took 0.146 seconds
