[2023-09-14T09:46:19.194+0800] {processor.py:157} INFO - Started process (PID=66915) to work on /opt/homebrew/lib/python3.11/site-packages/airflow/example_dags/example_task_group_decorator.py
[2023-09-14T09:46:19.194+0800] {processor.py:829} INFO - Processing file /opt/homebrew/lib/python3.11/site-packages/airflow/example_dags/example_task_group_decorator.py for tasks to queue
[2023-09-14T09:46:19.194+0800] {logging_mixin.py:151} INFO - [2023-09-14T09:46:19.194+0800] {dagbag.py:539} INFO - Filling up the DagBag from /opt/homebrew/lib/python3.11/site-packages/airflow/example_dags/example_task_group_decorator.py
[2023-09-14T09:46:19.229+0800] {processor.py:839} INFO - DAG(s) dict_keys(['example_task_group_decorator']) retrieved from /opt/homebrew/lib/python3.11/site-packages/airflow/example_dags/example_task_group_decorator.py
[2023-09-14T09:46:19.325+0800] {logging_mixin.py:151} INFO - [2023-09-14T09:46:19.325+0800] {dag.py:2915} INFO - Sync 1 DAGs
[2023-09-14T09:46:19.334+0800] {logging_mixin.py:151} INFO - [2023-09-14T09:46:19.334+0800] {dag.py:3696} INFO - Setting next_dagrun for example_task_group_decorator to 2023-09-13T01:46:19.334154+00:00, run_after=2023-09-14T01:46:19.334154+00:00
[2023-09-14T09:46:19.344+0800] {processor.py:179} INFO - Processing /opt/homebrew/lib/python3.11/site-packages/airflow/example_dags/example_task_group_decorator.py took 0.151 seconds
[2023-09-14T10:32:25.392+0800] {processor.py:157} INFO - Started process (PID=67139) to work on /opt/homebrew/lib/python3.11/site-packages/airflow/example_dags/example_task_group_decorator.py
[2023-09-14T10:32:25.393+0800] {processor.py:829} INFO - Processing file /opt/homebrew/lib/python3.11/site-packages/airflow/example_dags/example_task_group_decorator.py for tasks to queue
[2023-09-14T10:32:25.393+0800] {logging_mixin.py:151} INFO - [2023-09-14T10:32:25.393+0800] {dagbag.py:539} INFO - Filling up the DagBag from /opt/homebrew/lib/python3.11/site-packages/airflow/example_dags/example_task_group_decorator.py
[2023-09-14T10:32:25.428+0800] {processor.py:839} INFO - DAG(s) dict_keys(['example_task_group_decorator']) retrieved from /opt/homebrew/lib/python3.11/site-packages/airflow/example_dags/example_task_group_decorator.py
[2023-09-14T10:32:25.524+0800] {logging_mixin.py:151} INFO - [2023-09-14T10:32:25.524+0800] {dag.py:2915} INFO - Sync 1 DAGs
[2023-09-14T10:32:25.533+0800] {logging_mixin.py:151} INFO - [2023-09-14T10:32:25.533+0800] {dag.py:3696} INFO - Setting next_dagrun for example_task_group_decorator to 2023-09-13T02:32:25.533291+00:00, run_after=2023-09-14T02:32:25.533291+00:00
[2023-09-14T10:32:25.543+0800] {processor.py:179} INFO - Processing /opt/homebrew/lib/python3.11/site-packages/airflow/example_dags/example_task_group_decorator.py took 0.152 seconds
[2023-09-14T10:34:02.300+0800] {processor.py:157} INFO - Started process (PID=67314) to work on /opt/homebrew/lib/python3.11/site-packages/airflow/example_dags/example_task_group_decorator.py
[2023-09-14T10:34:02.301+0800] {processor.py:829} INFO - Processing file /opt/homebrew/lib/python3.11/site-packages/airflow/example_dags/example_task_group_decorator.py for tasks to queue
[2023-09-14T10:34:02.302+0800] {logging_mixin.py:151} INFO - [2023-09-14T10:34:02.302+0800] {dagbag.py:539} INFO - Filling up the DagBag from /opt/homebrew/lib/python3.11/site-packages/airflow/example_dags/example_task_group_decorator.py
[2023-09-14T10:34:02.336+0800] {processor.py:839} INFO - DAG(s) dict_keys(['example_task_group_decorator']) retrieved from /opt/homebrew/lib/python3.11/site-packages/airflow/example_dags/example_task_group_decorator.py
[2023-09-14T10:34:02.432+0800] {logging_mixin.py:151} INFO - [2023-09-14T10:34:02.432+0800] {dag.py:2915} INFO - Sync 1 DAGs
[2023-09-14T10:34:02.440+0800] {logging_mixin.py:151} INFO - [2023-09-14T10:34:02.440+0800] {dag.py:3696} INFO - Setting next_dagrun for example_task_group_decorator to 2023-09-13T02:34:02.440528+00:00, run_after=2023-09-14T02:34:02.440528+00:00
[2023-09-14T10:34:02.450+0800] {processor.py:179} INFO - Processing /opt/homebrew/lib/python3.11/site-packages/airflow/example_dags/example_task_group_decorator.py took 0.151 seconds
[2023-09-14T10:35:48.249+0800] {processor.py:157} INFO - Started process (PID=67530) to work on /opt/homebrew/lib/python3.11/site-packages/airflow/example_dags/example_task_group_decorator.py
[2023-09-14T10:35:48.249+0800] {processor.py:829} INFO - Processing file /opt/homebrew/lib/python3.11/site-packages/airflow/example_dags/example_task_group_decorator.py for tasks to queue
[2023-09-14T10:35:48.249+0800] {logging_mixin.py:151} INFO - [2023-09-14T10:35:48.249+0800] {dagbag.py:539} INFO - Filling up the DagBag from /opt/homebrew/lib/python3.11/site-packages/airflow/example_dags/example_task_group_decorator.py
[2023-09-14T10:35:48.285+0800] {processor.py:839} INFO - DAG(s) dict_keys(['example_task_group_decorator']) retrieved from /opt/homebrew/lib/python3.11/site-packages/airflow/example_dags/example_task_group_decorator.py
[2023-09-14T10:35:48.381+0800] {logging_mixin.py:151} INFO - [2023-09-14T10:35:48.381+0800] {dag.py:2915} INFO - Sync 1 DAGs
[2023-09-14T10:35:48.389+0800] {logging_mixin.py:151} INFO - [2023-09-14T10:35:48.389+0800] {dag.py:3696} INFO - Setting next_dagrun for example_task_group_decorator to 2023-09-13T02:35:48.389514+00:00, run_after=2023-09-14T02:35:48.389514+00:00
[2023-09-14T10:35:48.399+0800] {processor.py:179} INFO - Processing /opt/homebrew/lib/python3.11/site-packages/airflow/example_dags/example_task_group_decorator.py took 0.151 seconds
[2023-09-14T10:37:28.158+0800] {processor.py:157} INFO - Started process (PID=67713) to work on /opt/homebrew/lib/python3.11/site-packages/airflow/example_dags/example_task_group_decorator.py
[2023-09-14T10:37:28.159+0800] {processor.py:829} INFO - Processing file /opt/homebrew/lib/python3.11/site-packages/airflow/example_dags/example_task_group_decorator.py for tasks to queue
[2023-09-14T10:37:28.160+0800] {logging_mixin.py:151} INFO - [2023-09-14T10:37:28.160+0800] {dagbag.py:539} INFO - Filling up the DagBag from /opt/homebrew/lib/python3.11/site-packages/airflow/example_dags/example_task_group_decorator.py
[2023-09-14T10:37:28.195+0800] {processor.py:839} INFO - DAG(s) dict_keys(['example_task_group_decorator']) retrieved from /opt/homebrew/lib/python3.11/site-packages/airflow/example_dags/example_task_group_decorator.py
[2023-09-14T10:37:28.291+0800] {logging_mixin.py:151} INFO - [2023-09-14T10:37:28.291+0800] {dag.py:2915} INFO - Sync 1 DAGs
[2023-09-14T10:37:28.300+0800] {logging_mixin.py:151} INFO - [2023-09-14T10:37:28.300+0800] {dag.py:3696} INFO - Setting next_dagrun for example_task_group_decorator to 2023-09-13T02:37:28.300279+00:00, run_after=2023-09-14T02:37:28.300279+00:00
[2023-09-14T10:37:28.310+0800] {processor.py:179} INFO - Processing /opt/homebrew/lib/python3.11/site-packages/airflow/example_dags/example_task_group_decorator.py took 0.152 seconds
[2023-09-14T10:39:13.427+0800] {processor.py:157} INFO - Started process (PID=67906) to work on /opt/homebrew/lib/python3.11/site-packages/airflow/example_dags/example_task_group_decorator.py
[2023-09-14T10:39:13.427+0800] {processor.py:829} INFO - Processing file /opt/homebrew/lib/python3.11/site-packages/airflow/example_dags/example_task_group_decorator.py for tasks to queue
[2023-09-14T10:39:13.428+0800] {logging_mixin.py:151} INFO - [2023-09-14T10:39:13.428+0800] {dagbag.py:539} INFO - Filling up the DagBag from /opt/homebrew/lib/python3.11/site-packages/airflow/example_dags/example_task_group_decorator.py
[2023-09-14T10:39:13.462+0800] {processor.py:839} INFO - DAG(s) dict_keys(['example_task_group_decorator']) retrieved from /opt/homebrew/lib/python3.11/site-packages/airflow/example_dags/example_task_group_decorator.py
[2023-09-14T10:39:13.559+0800] {logging_mixin.py:151} INFO - [2023-09-14T10:39:13.559+0800] {dag.py:2915} INFO - Sync 1 DAGs
[2023-09-14T10:39:13.568+0800] {logging_mixin.py:151} INFO - [2023-09-14T10:39:13.568+0800] {dag.py:3696} INFO - Setting next_dagrun for example_task_group_decorator to 2023-09-13T02:39:13.567918+00:00, run_after=2023-09-14T02:39:13.567918+00:00
[2023-09-14T10:39:13.577+0800] {processor.py:179} INFO - Processing /opt/homebrew/lib/python3.11/site-packages/airflow/example_dags/example_task_group_decorator.py took 0.151 seconds
[2023-09-14T10:40:59.068+0800] {processor.py:157} INFO - Started process (PID=68095) to work on /opt/homebrew/lib/python3.11/site-packages/airflow/example_dags/example_task_group_decorator.py
[2023-09-14T10:40:59.068+0800] {processor.py:829} INFO - Processing file /opt/homebrew/lib/python3.11/site-packages/airflow/example_dags/example_task_group_decorator.py for tasks to queue
[2023-09-14T10:40:59.069+0800] {logging_mixin.py:151} INFO - [2023-09-14T10:40:59.069+0800] {dagbag.py:539} INFO - Filling up the DagBag from /opt/homebrew/lib/python3.11/site-packages/airflow/example_dags/example_task_group_decorator.py
[2023-09-14T10:40:59.103+0800] {processor.py:839} INFO - DAG(s) dict_keys(['example_task_group_decorator']) retrieved from /opt/homebrew/lib/python3.11/site-packages/airflow/example_dags/example_task_group_decorator.py
[2023-09-14T10:40:59.201+0800] {logging_mixin.py:151} INFO - [2023-09-14T10:40:59.201+0800] {dag.py:2915} INFO - Sync 1 DAGs
[2023-09-14T10:40:59.210+0800] {logging_mixin.py:151} INFO - [2023-09-14T10:40:59.210+0800] {dag.py:3696} INFO - Setting next_dagrun for example_task_group_decorator to 2023-09-13T02:40:59.210384+00:00, run_after=2023-09-14T02:40:59.210384+00:00
[2023-09-14T10:40:59.220+0800] {processor.py:179} INFO - Processing /opt/homebrew/lib/python3.11/site-packages/airflow/example_dags/example_task_group_decorator.py took 0.153 seconds
[2023-09-14T10:42:46.385+0800] {processor.py:157} INFO - Started process (PID=68288) to work on /opt/homebrew/lib/python3.11/site-packages/airflow/example_dags/example_task_group_decorator.py
[2023-09-14T10:42:46.387+0800] {processor.py:829} INFO - Processing file /opt/homebrew/lib/python3.11/site-packages/airflow/example_dags/example_task_group_decorator.py for tasks to queue
[2023-09-14T10:42:46.387+0800] {logging_mixin.py:151} INFO - [2023-09-14T10:42:46.387+0800] {dagbag.py:539} INFO - Filling up the DagBag from /opt/homebrew/lib/python3.11/site-packages/airflow/example_dags/example_task_group_decorator.py
[2023-09-14T10:42:46.422+0800] {processor.py:839} INFO - DAG(s) dict_keys(['example_task_group_decorator']) retrieved from /opt/homebrew/lib/python3.11/site-packages/airflow/example_dags/example_task_group_decorator.py
[2023-09-14T10:42:46.520+0800] {logging_mixin.py:151} INFO - [2023-09-14T10:42:46.519+0800] {dag.py:2915} INFO - Sync 1 DAGs
[2023-09-14T10:42:46.528+0800] {logging_mixin.py:151} INFO - [2023-09-14T10:42:46.528+0800] {dag.py:3696} INFO - Setting next_dagrun for example_task_group_decorator to 2023-09-13T02:42:46.528507+00:00, run_after=2023-09-14T02:42:46.528507+00:00
[2023-09-14T10:42:46.539+0800] {processor.py:179} INFO - Processing /opt/homebrew/lib/python3.11/site-packages/airflow/example_dags/example_task_group_decorator.py took 0.154 seconds
[2023-09-14T10:44:31.419+0800] {processor.py:157} INFO - Started process (PID=68475) to work on /opt/homebrew/lib/python3.11/site-packages/airflow/example_dags/example_task_group_decorator.py
[2023-09-14T10:44:31.419+0800] {processor.py:829} INFO - Processing file /opt/homebrew/lib/python3.11/site-packages/airflow/example_dags/example_task_group_decorator.py for tasks to queue
[2023-09-14T10:44:31.419+0800] {logging_mixin.py:151} INFO - [2023-09-14T10:44:31.419+0800] {dagbag.py:539} INFO - Filling up the DagBag from /opt/homebrew/lib/python3.11/site-packages/airflow/example_dags/example_task_group_decorator.py
[2023-09-14T10:44:31.454+0800] {processor.py:839} INFO - DAG(s) dict_keys(['example_task_group_decorator']) retrieved from /opt/homebrew/lib/python3.11/site-packages/airflow/example_dags/example_task_group_decorator.py
[2023-09-14T10:44:31.552+0800] {logging_mixin.py:151} INFO - [2023-09-14T10:44:31.552+0800] {dag.py:2915} INFO - Sync 1 DAGs
[2023-09-14T10:44:31.561+0800] {logging_mixin.py:151} INFO - [2023-09-14T10:44:31.561+0800] {dag.py:3696} INFO - Setting next_dagrun for example_task_group_decorator to 2023-09-13T02:44:31.561127+00:00, run_after=2023-09-14T02:44:31.561127+00:00
[2023-09-14T10:44:31.572+0800] {processor.py:179} INFO - Processing /opt/homebrew/lib/python3.11/site-packages/airflow/example_dags/example_task_group_decorator.py took 0.154 seconds
[2023-09-14T10:46:13.569+0800] {processor.py:157} INFO - Started process (PID=68666) to work on /opt/homebrew/lib/python3.11/site-packages/airflow/example_dags/example_task_group_decorator.py
[2023-09-14T10:46:13.570+0800] {processor.py:829} INFO - Processing file /opt/homebrew/lib/python3.11/site-packages/airflow/example_dags/example_task_group_decorator.py for tasks to queue
[2023-09-14T10:46:13.571+0800] {logging_mixin.py:151} INFO - [2023-09-14T10:46:13.570+0800] {dagbag.py:539} INFO - Filling up the DagBag from /opt/homebrew/lib/python3.11/site-packages/airflow/example_dags/example_task_group_decorator.py
[2023-09-14T10:46:13.605+0800] {processor.py:839} INFO - DAG(s) dict_keys(['example_task_group_decorator']) retrieved from /opt/homebrew/lib/python3.11/site-packages/airflow/example_dags/example_task_group_decorator.py
[2023-09-14T10:46:13.701+0800] {logging_mixin.py:151} INFO - [2023-09-14T10:46:13.701+0800] {dag.py:2915} INFO - Sync 1 DAGs
[2023-09-14T10:46:13.710+0800] {logging_mixin.py:151} INFO - [2023-09-14T10:46:13.709+0800] {dag.py:3696} INFO - Setting next_dagrun for example_task_group_decorator to 2023-09-13T02:46:13.709865+00:00, run_after=2023-09-14T02:46:13.709865+00:00
[2023-09-14T10:46:13.720+0800] {processor.py:179} INFO - Processing /opt/homebrew/lib/python3.11/site-packages/airflow/example_dags/example_task_group_decorator.py took 0.151 seconds
[2023-09-14T10:47:55.820+0800] {processor.py:157} INFO - Started process (PID=68848) to work on /opt/homebrew/lib/python3.11/site-packages/airflow/example_dags/example_task_group_decorator.py
[2023-09-14T10:47:55.821+0800] {processor.py:829} INFO - Processing file /opt/homebrew/lib/python3.11/site-packages/airflow/example_dags/example_task_group_decorator.py for tasks to queue
[2023-09-14T10:47:55.822+0800] {logging_mixin.py:151} INFO - [2023-09-14T10:47:55.821+0800] {dagbag.py:539} INFO - Filling up the DagBag from /opt/homebrew/lib/python3.11/site-packages/airflow/example_dags/example_task_group_decorator.py
[2023-09-14T10:47:55.856+0800] {processor.py:839} INFO - DAG(s) dict_keys(['example_task_group_decorator']) retrieved from /opt/homebrew/lib/python3.11/site-packages/airflow/example_dags/example_task_group_decorator.py
[2023-09-14T10:47:55.952+0800] {logging_mixin.py:151} INFO - [2023-09-14T10:47:55.952+0800] {dag.py:2915} INFO - Sync 1 DAGs
[2023-09-14T10:47:55.960+0800] {logging_mixin.py:151} INFO - [2023-09-14T10:47:55.960+0800] {dag.py:3696} INFO - Setting next_dagrun for example_task_group_decorator to 2023-09-13T02:47:55.960539+00:00, run_after=2023-09-14T02:47:55.960539+00:00
[2023-09-14T10:47:55.970+0800] {processor.py:179} INFO - Processing /opt/homebrew/lib/python3.11/site-packages/airflow/example_dags/example_task_group_decorator.py took 0.151 seconds
[2023-09-14T10:49:45.939+0800] {processor.py:157} INFO - Started process (PID=69042) to work on /opt/homebrew/lib/python3.11/site-packages/airflow/example_dags/example_task_group_decorator.py
[2023-09-14T10:49:45.939+0800] {processor.py:829} INFO - Processing file /opt/homebrew/lib/python3.11/site-packages/airflow/example_dags/example_task_group_decorator.py for tasks to queue
[2023-09-14T10:49:45.940+0800] {logging_mixin.py:151} INFO - [2023-09-14T10:49:45.940+0800] {dagbag.py:539} INFO - Filling up the DagBag from /opt/homebrew/lib/python3.11/site-packages/airflow/example_dags/example_task_group_decorator.py
[2023-09-14T10:49:45.974+0800] {processor.py:839} INFO - DAG(s) dict_keys(['example_task_group_decorator']) retrieved from /opt/homebrew/lib/python3.11/site-packages/airflow/example_dags/example_task_group_decorator.py
[2023-09-14T10:49:46.069+0800] {logging_mixin.py:151} INFO - [2023-09-14T10:49:46.069+0800] {dag.py:2915} INFO - Sync 1 DAGs
[2023-09-14T10:49:46.078+0800] {logging_mixin.py:151} INFO - [2023-09-14T10:49:46.078+0800] {dag.py:3696} INFO - Setting next_dagrun for example_task_group_decorator to 2023-09-13T02:49:46.077945+00:00, run_after=2023-09-14T02:49:46.077945+00:00
[2023-09-14T10:49:46.088+0800] {processor.py:179} INFO - Processing /opt/homebrew/lib/python3.11/site-packages/airflow/example_dags/example_task_group_decorator.py took 0.149 seconds
[2023-09-14T10:51:31.769+0800] {processor.py:157} INFO - Started process (PID=69236) to work on /opt/homebrew/lib/python3.11/site-packages/airflow/example_dags/example_task_group_decorator.py
[2023-09-14T10:51:31.770+0800] {processor.py:829} INFO - Processing file /opt/homebrew/lib/python3.11/site-packages/airflow/example_dags/example_task_group_decorator.py for tasks to queue
[2023-09-14T10:51:31.770+0800] {logging_mixin.py:151} INFO - [2023-09-14T10:51:31.770+0800] {dagbag.py:539} INFO - Filling up the DagBag from /opt/homebrew/lib/python3.11/site-packages/airflow/example_dags/example_task_group_decorator.py
[2023-09-14T10:51:31.804+0800] {processor.py:839} INFO - DAG(s) dict_keys(['example_task_group_decorator']) retrieved from /opt/homebrew/lib/python3.11/site-packages/airflow/example_dags/example_task_group_decorator.py
[2023-09-14T10:51:31.899+0800] {logging_mixin.py:151} INFO - [2023-09-14T10:51:31.899+0800] {dag.py:2915} INFO - Sync 1 DAGs
[2023-09-14T10:51:31.908+0800] {logging_mixin.py:151} INFO - [2023-09-14T10:51:31.908+0800] {dag.py:3696} INFO - Setting next_dagrun for example_task_group_decorator to 2023-09-13T02:51:31.908102+00:00, run_after=2023-09-14T02:51:31.908102+00:00
[2023-09-14T10:51:31.918+0800] {processor.py:179} INFO - Processing /opt/homebrew/lib/python3.11/site-packages/airflow/example_dags/example_task_group_decorator.py took 0.149 seconds
[2023-09-14T10:52:27.538+0800] {processor.py:157} INFO - Started process (PID=69334) to work on /opt/homebrew/lib/python3.11/site-packages/airflow/example_dags/example_task_group_decorator.py
[2023-09-14T10:52:27.538+0800] {processor.py:829} INFO - Processing file /opt/homebrew/lib/python3.11/site-packages/airflow/example_dags/example_task_group_decorator.py for tasks to queue
[2023-09-14T10:52:27.539+0800] {logging_mixin.py:151} INFO - [2023-09-14T10:52:27.539+0800] {dagbag.py:539} INFO - Filling up the DagBag from /opt/homebrew/lib/python3.11/site-packages/airflow/example_dags/example_task_group_decorator.py
[2023-09-14T10:52:27.573+0800] {processor.py:839} INFO - DAG(s) dict_keys(['example_task_group_decorator']) retrieved from /opt/homebrew/lib/python3.11/site-packages/airflow/example_dags/example_task_group_decorator.py
[2023-09-14T10:52:27.669+0800] {logging_mixin.py:151} INFO - [2023-09-14T10:52:27.669+0800] {dag.py:2915} INFO - Sync 1 DAGs
[2023-09-14T10:52:27.678+0800] {logging_mixin.py:151} INFO - [2023-09-14T10:52:27.678+0800] {dag.py:3696} INFO - Setting next_dagrun for example_task_group_decorator to 2023-09-13T02:52:27.677954+00:00, run_after=2023-09-14T02:52:27.677954+00:00
[2023-09-14T10:52:27.688+0800] {processor.py:179} INFO - Processing /opt/homebrew/lib/python3.11/site-packages/airflow/example_dags/example_task_group_decorator.py took 0.150 seconds
[2023-09-14T10:53:23.139+0800] {processor.py:157} INFO - Started process (PID=69438) to work on /opt/homebrew/lib/python3.11/site-packages/airflow/example_dags/example_task_group_decorator.py
[2023-09-14T10:53:23.141+0800] {processor.py:829} INFO - Processing file /opt/homebrew/lib/python3.11/site-packages/airflow/example_dags/example_task_group_decorator.py for tasks to queue
[2023-09-14T10:53:23.141+0800] {logging_mixin.py:151} INFO - [2023-09-14T10:53:23.141+0800] {dagbag.py:539} INFO - Filling up the DagBag from /opt/homebrew/lib/python3.11/site-packages/airflow/example_dags/example_task_group_decorator.py
[2023-09-14T10:53:23.175+0800] {processor.py:839} INFO - DAG(s) dict_keys(['example_task_group_decorator']) retrieved from /opt/homebrew/lib/python3.11/site-packages/airflow/example_dags/example_task_group_decorator.py
[2023-09-14T10:53:23.271+0800] {logging_mixin.py:151} INFO - [2023-09-14T10:53:23.271+0800] {dag.py:2915} INFO - Sync 1 DAGs
[2023-09-14T10:53:23.280+0800] {logging_mixin.py:151} INFO - [2023-09-14T10:53:23.280+0800] {dag.py:3696} INFO - Setting next_dagrun for example_task_group_decorator to 2023-09-13T02:53:23.279924+00:00, run_after=2023-09-14T02:53:23.279924+00:00
[2023-09-14T10:53:23.290+0800] {processor.py:179} INFO - Processing /opt/homebrew/lib/python3.11/site-packages/airflow/example_dags/example_task_group_decorator.py took 0.151 seconds
[2023-09-14T10:54:17.626+0800] {processor.py:157} INFO - Started process (PID=69546) to work on /opt/homebrew/lib/python3.11/site-packages/airflow/example_dags/example_task_group_decorator.py
[2023-09-14T10:54:17.628+0800] {processor.py:829} INFO - Processing file /opt/homebrew/lib/python3.11/site-packages/airflow/example_dags/example_task_group_decorator.py for tasks to queue
[2023-09-14T10:54:17.628+0800] {logging_mixin.py:151} INFO - [2023-09-14T10:54:17.628+0800] {dagbag.py:539} INFO - Filling up the DagBag from /opt/homebrew/lib/python3.11/site-packages/airflow/example_dags/example_task_group_decorator.py
[2023-09-14T10:54:17.663+0800] {processor.py:839} INFO - DAG(s) dict_keys(['example_task_group_decorator']) retrieved from /opt/homebrew/lib/python3.11/site-packages/airflow/example_dags/example_task_group_decorator.py
[2023-09-14T10:54:17.758+0800] {logging_mixin.py:151} INFO - [2023-09-14T10:54:17.758+0800] {dag.py:2915} INFO - Sync 1 DAGs
[2023-09-14T10:54:17.767+0800] {logging_mixin.py:151} INFO - [2023-09-14T10:54:17.766+0800] {dag.py:3696} INFO - Setting next_dagrun for example_task_group_decorator to 2023-09-13T02:54:17.766881+00:00, run_after=2023-09-14T02:54:17.766881+00:00
[2023-09-14T10:54:17.776+0800] {processor.py:179} INFO - Processing /opt/homebrew/lib/python3.11/site-packages/airflow/example_dags/example_task_group_decorator.py took 0.150 seconds
[2023-09-14T10:56:01.029+0800] {processor.py:157} INFO - Started process (PID=69739) to work on /opt/homebrew/lib/python3.11/site-packages/airflow/example_dags/example_task_group_decorator.py
[2023-09-14T10:56:01.030+0800] {processor.py:829} INFO - Processing file /opt/homebrew/lib/python3.11/site-packages/airflow/example_dags/example_task_group_decorator.py for tasks to queue
[2023-09-14T10:56:01.031+0800] {logging_mixin.py:151} INFO - [2023-09-14T10:56:01.031+0800] {dagbag.py:539} INFO - Filling up the DagBag from /opt/homebrew/lib/python3.11/site-packages/airflow/example_dags/example_task_group_decorator.py
[2023-09-14T10:56:01.065+0800] {processor.py:839} INFO - DAG(s) dict_keys(['example_task_group_decorator']) retrieved from /opt/homebrew/lib/python3.11/site-packages/airflow/example_dags/example_task_group_decorator.py
[2023-09-14T10:56:01.161+0800] {logging_mixin.py:151} INFO - [2023-09-14T10:56:01.161+0800] {dag.py:2915} INFO - Sync 1 DAGs
[2023-09-14T10:56:01.170+0800] {logging_mixin.py:151} INFO - [2023-09-14T10:56:01.169+0800] {dag.py:3696} INFO - Setting next_dagrun for example_task_group_decorator to 2023-09-13T02:56:01.169864+00:00, run_after=2023-09-14T02:56:01.169864+00:00
[2023-09-14T10:56:01.180+0800] {processor.py:179} INFO - Processing /opt/homebrew/lib/python3.11/site-packages/airflow/example_dags/example_task_group_decorator.py took 0.151 seconds
[2023-09-14T10:57:41.369+0800] {processor.py:157} INFO - Started process (PID=69921) to work on /opt/homebrew/lib/python3.11/site-packages/airflow/example_dags/example_task_group_decorator.py
[2023-09-14T10:57:41.369+0800] {processor.py:829} INFO - Processing file /opt/homebrew/lib/python3.11/site-packages/airflow/example_dags/example_task_group_decorator.py for tasks to queue
[2023-09-14T10:57:41.370+0800] {logging_mixin.py:151} INFO - [2023-09-14T10:57:41.369+0800] {dagbag.py:539} INFO - Filling up the DagBag from /opt/homebrew/lib/python3.11/site-packages/airflow/example_dags/example_task_group_decorator.py
[2023-09-14T10:57:41.404+0800] {processor.py:839} INFO - DAG(s) dict_keys(['example_task_group_decorator']) retrieved from /opt/homebrew/lib/python3.11/site-packages/airflow/example_dags/example_task_group_decorator.py
[2023-09-14T10:57:41.499+0800] {logging_mixin.py:151} INFO - [2023-09-14T10:57:41.499+0800] {dag.py:2915} INFO - Sync 1 DAGs
[2023-09-14T10:57:41.508+0800] {logging_mixin.py:151} INFO - [2023-09-14T10:57:41.508+0800] {dag.py:3696} INFO - Setting next_dagrun for example_task_group_decorator to 2023-09-13T02:57:41.508097+00:00, run_after=2023-09-14T02:57:41.508097+00:00
[2023-09-14T10:57:41.518+0800] {processor.py:179} INFO - Processing /opt/homebrew/lib/python3.11/site-packages/airflow/example_dags/example_task_group_decorator.py took 0.149 seconds
[2023-09-14T10:59:20.789+0800] {processor.py:157} INFO - Started process (PID=70099) to work on /opt/homebrew/lib/python3.11/site-packages/airflow/example_dags/example_task_group_decorator.py
[2023-09-14T10:59:20.790+0800] {processor.py:829} INFO - Processing file /opt/homebrew/lib/python3.11/site-packages/airflow/example_dags/example_task_group_decorator.py for tasks to queue
[2023-09-14T10:59:20.790+0800] {logging_mixin.py:151} INFO - [2023-09-14T10:59:20.790+0800] {dagbag.py:539} INFO - Filling up the DagBag from /opt/homebrew/lib/python3.11/site-packages/airflow/example_dags/example_task_group_decorator.py
[2023-09-14T10:59:20.824+0800] {processor.py:839} INFO - DAG(s) dict_keys(['example_task_group_decorator']) retrieved from /opt/homebrew/lib/python3.11/site-packages/airflow/example_dags/example_task_group_decorator.py
[2023-09-14T10:59:20.920+0800] {logging_mixin.py:151} INFO - [2023-09-14T10:59:20.919+0800] {dag.py:2915} INFO - Sync 1 DAGs
[2023-09-14T10:59:20.928+0800] {logging_mixin.py:151} INFO - [2023-09-14T10:59:20.928+0800] {dag.py:3696} INFO - Setting next_dagrun for example_task_group_decorator to 2023-09-13T02:59:20.928267+00:00, run_after=2023-09-14T02:59:20.928267+00:00
[2023-09-14T10:59:20.938+0800] {processor.py:179} INFO - Processing /opt/homebrew/lib/python3.11/site-packages/airflow/example_dags/example_task_group_decorator.py took 0.149 seconds
[2023-09-14T11:01:07.422+0800] {processor.py:157} INFO - Started process (PID=70296) to work on /opt/homebrew/lib/python3.11/site-packages/airflow/example_dags/example_task_group_decorator.py
[2023-09-14T11:01:07.423+0800] {processor.py:829} INFO - Processing file /opt/homebrew/lib/python3.11/site-packages/airflow/example_dags/example_task_group_decorator.py for tasks to queue
[2023-09-14T11:01:07.423+0800] {logging_mixin.py:151} INFO - [2023-09-14T11:01:07.423+0800] {dagbag.py:539} INFO - Filling up the DagBag from /opt/homebrew/lib/python3.11/site-packages/airflow/example_dags/example_task_group_decorator.py
[2023-09-14T11:01:07.457+0800] {processor.py:839} INFO - DAG(s) dict_keys(['example_task_group_decorator']) retrieved from /opt/homebrew/lib/python3.11/site-packages/airflow/example_dags/example_task_group_decorator.py
[2023-09-14T11:01:07.553+0800] {logging_mixin.py:151} INFO - [2023-09-14T11:01:07.552+0800] {dag.py:2915} INFO - Sync 1 DAGs
[2023-09-14T11:01:07.561+0800] {logging_mixin.py:151} INFO - [2023-09-14T11:01:07.561+0800] {dag.py:3696} INFO - Setting next_dagrun for example_task_group_decorator to 2023-09-13T03:01:07.561217+00:00, run_after=2023-09-14T03:01:07.561217+00:00
[2023-09-14T11:01:07.571+0800] {processor.py:179} INFO - Processing /opt/homebrew/lib/python3.11/site-packages/airflow/example_dags/example_task_group_decorator.py took 0.149 seconds
[2023-09-14T11:02:50.072+0800] {processor.py:157} INFO - Started process (PID=70478) to work on /opt/homebrew/lib/python3.11/site-packages/airflow/example_dags/example_task_group_decorator.py
[2023-09-14T11:02:50.073+0800] {processor.py:829} INFO - Processing file /opt/homebrew/lib/python3.11/site-packages/airflow/example_dags/example_task_group_decorator.py for tasks to queue
[2023-09-14T11:02:50.073+0800] {logging_mixin.py:151} INFO - [2023-09-14T11:02:50.073+0800] {dagbag.py:539} INFO - Filling up the DagBag from /opt/homebrew/lib/python3.11/site-packages/airflow/example_dags/example_task_group_decorator.py
[2023-09-14T11:02:50.107+0800] {processor.py:839} INFO - DAG(s) dict_keys(['example_task_group_decorator']) retrieved from /opt/homebrew/lib/python3.11/site-packages/airflow/example_dags/example_task_group_decorator.py
[2023-09-14T11:02:50.203+0800] {logging_mixin.py:151} INFO - [2023-09-14T11:02:50.203+0800] {dag.py:2915} INFO - Sync 1 DAGs
[2023-09-14T11:02:50.212+0800] {logging_mixin.py:151} INFO - [2023-09-14T11:02:50.211+0800] {dag.py:3696} INFO - Setting next_dagrun for example_task_group_decorator to 2023-09-13T03:02:50.211901+00:00, run_after=2023-09-14T03:02:50.211901+00:00
[2023-09-14T11:02:50.222+0800] {processor.py:179} INFO - Processing /opt/homebrew/lib/python3.11/site-packages/airflow/example_dags/example_task_group_decorator.py took 0.150 seconds
[2023-09-14T11:04:33.667+0800] {processor.py:157} INFO - Started process (PID=70690) to work on /opt/homebrew/lib/python3.11/site-packages/airflow/example_dags/example_task_group_decorator.py
[2023-09-14T11:04:33.668+0800] {processor.py:829} INFO - Processing file /opt/homebrew/lib/python3.11/site-packages/airflow/example_dags/example_task_group_decorator.py for tasks to queue
[2023-09-14T11:04:33.668+0800] {logging_mixin.py:151} INFO - [2023-09-14T11:04:33.668+0800] {dagbag.py:539} INFO - Filling up the DagBag from /opt/homebrew/lib/python3.11/site-packages/airflow/example_dags/example_task_group_decorator.py
[2023-09-14T11:04:33.703+0800] {processor.py:839} INFO - DAG(s) dict_keys(['example_task_group_decorator']) retrieved from /opt/homebrew/lib/python3.11/site-packages/airflow/example_dags/example_task_group_decorator.py
[2023-09-14T11:04:33.800+0800] {logging_mixin.py:151} INFO - [2023-09-14T11:04:33.800+0800] {dag.py:2915} INFO - Sync 1 DAGs
[2023-09-14T11:04:33.808+0800] {logging_mixin.py:151} INFO - [2023-09-14T11:04:33.808+0800] {dag.py:3696} INFO - Setting next_dagrun for example_task_group_decorator to 2023-09-13T03:04:33.808696+00:00, run_after=2023-09-14T03:04:33.808696+00:00
[2023-09-14T11:04:33.818+0800] {processor.py:179} INFO - Processing /opt/homebrew/lib/python3.11/site-packages/airflow/example_dags/example_task_group_decorator.py took 0.152 seconds
[2023-09-14T11:05:29.552+0800] {processor.py:157} INFO - Started process (PID=70784) to work on /opt/homebrew/lib/python3.11/site-packages/airflow/example_dags/example_task_group_decorator.py
[2023-09-14T11:05:29.552+0800] {processor.py:829} INFO - Processing file /opt/homebrew/lib/python3.11/site-packages/airflow/example_dags/example_task_group_decorator.py for tasks to queue
[2023-09-14T11:05:29.553+0800] {logging_mixin.py:151} INFO - [2023-09-14T11:05:29.553+0800] {dagbag.py:539} INFO - Filling up the DagBag from /opt/homebrew/lib/python3.11/site-packages/airflow/example_dags/example_task_group_decorator.py
[2023-09-14T11:05:29.587+0800] {processor.py:839} INFO - DAG(s) dict_keys(['example_task_group_decorator']) retrieved from /opt/homebrew/lib/python3.11/site-packages/airflow/example_dags/example_task_group_decorator.py
[2023-09-14T11:05:29.682+0800] {logging_mixin.py:151} INFO - [2023-09-14T11:05:29.682+0800] {dag.py:2915} INFO - Sync 1 DAGs
[2023-09-14T11:05:29.690+0800] {logging_mixin.py:151} INFO - [2023-09-14T11:05:29.690+0800] {dag.py:3696} INFO - Setting next_dagrun for example_task_group_decorator to 2023-09-13T03:05:29.690732+00:00, run_after=2023-09-14T03:05:29.690732+00:00
[2023-09-14T11:05:29.701+0800] {processor.py:179} INFO - Processing /opt/homebrew/lib/python3.11/site-packages/airflow/example_dags/example_task_group_decorator.py took 0.149 seconds
[2023-09-14T11:07:11.583+0800] {processor.py:157} INFO - Started process (PID=70967) to work on /opt/homebrew/lib/python3.11/site-packages/airflow/example_dags/example_task_group_decorator.py
[2023-09-14T11:07:11.583+0800] {processor.py:829} INFO - Processing file /opt/homebrew/lib/python3.11/site-packages/airflow/example_dags/example_task_group_decorator.py for tasks to queue
[2023-09-14T11:07:11.583+0800] {logging_mixin.py:151} INFO - [2023-09-14T11:07:11.583+0800] {dagbag.py:539} INFO - Filling up the DagBag from /opt/homebrew/lib/python3.11/site-packages/airflow/example_dags/example_task_group_decorator.py
[2023-09-14T11:07:11.618+0800] {processor.py:839} INFO - DAG(s) dict_keys(['example_task_group_decorator']) retrieved from /opt/homebrew/lib/python3.11/site-packages/airflow/example_dags/example_task_group_decorator.py
[2023-09-14T11:07:11.717+0800] {logging_mixin.py:151} INFO - [2023-09-14T11:07:11.717+0800] {dag.py:2915} INFO - Sync 1 DAGs
[2023-09-14T11:07:11.725+0800] {logging_mixin.py:151} INFO - [2023-09-14T11:07:11.725+0800] {dag.py:3696} INFO - Setting next_dagrun for example_task_group_decorator to 2023-09-13T03:07:11.725524+00:00, run_after=2023-09-14T03:07:11.725524+00:00
[2023-09-14T11:07:11.735+0800] {processor.py:179} INFO - Processing /opt/homebrew/lib/python3.11/site-packages/airflow/example_dags/example_task_group_decorator.py took 0.153 seconds
[2023-09-14T11:08:53.826+0800] {processor.py:157} INFO - Started process (PID=71161) to work on /opt/homebrew/lib/python3.11/site-packages/airflow/example_dags/example_task_group_decorator.py
[2023-09-14T11:08:53.827+0800] {processor.py:829} INFO - Processing file /opt/homebrew/lib/python3.11/site-packages/airflow/example_dags/example_task_group_decorator.py for tasks to queue
[2023-09-14T11:08:53.828+0800] {logging_mixin.py:151} INFO - [2023-09-14T11:08:53.828+0800] {dagbag.py:539} INFO - Filling up the DagBag from /opt/homebrew/lib/python3.11/site-packages/airflow/example_dags/example_task_group_decorator.py
[2023-09-14T11:08:53.862+0800] {processor.py:839} INFO - DAG(s) dict_keys(['example_task_group_decorator']) retrieved from /opt/homebrew/lib/python3.11/site-packages/airflow/example_dags/example_task_group_decorator.py
[2023-09-14T11:08:53.958+0800] {logging_mixin.py:151} INFO - [2023-09-14T11:08:53.958+0800] {dag.py:2915} INFO - Sync 1 DAGs
[2023-09-14T11:08:53.967+0800] {logging_mixin.py:151} INFO - [2023-09-14T11:08:53.967+0800] {dag.py:3696} INFO - Setting next_dagrun for example_task_group_decorator to 2023-09-13T03:08:53.967136+00:00, run_after=2023-09-14T03:08:53.967136+00:00
[2023-09-14T11:08:53.977+0800] {processor.py:179} INFO - Processing /opt/homebrew/lib/python3.11/site-packages/airflow/example_dags/example_task_group_decorator.py took 0.151 seconds
[2023-09-14T11:24:02.944+0800] {processor.py:157} INFO - Started process (PID=71289) to work on /opt/homebrew/lib/python3.11/site-packages/airflow/example_dags/example_task_group_decorator.py
[2023-09-14T11:24:02.944+0800] {processor.py:829} INFO - Processing file /opt/homebrew/lib/python3.11/site-packages/airflow/example_dags/example_task_group_decorator.py for tasks to queue
[2023-09-14T11:24:02.944+0800] {logging_mixin.py:151} INFO - [2023-09-14T11:24:02.944+0800] {dagbag.py:539} INFO - Filling up the DagBag from /opt/homebrew/lib/python3.11/site-packages/airflow/example_dags/example_task_group_decorator.py
[2023-09-14T11:24:02.979+0800] {processor.py:839} INFO - DAG(s) dict_keys(['example_task_group_decorator']) retrieved from /opt/homebrew/lib/python3.11/site-packages/airflow/example_dags/example_task_group_decorator.py
[2023-09-14T11:24:03.074+0800] {logging_mixin.py:151} INFO - [2023-09-14T11:24:03.074+0800] {dag.py:2915} INFO - Sync 1 DAGs
[2023-09-14T11:24:03.083+0800] {logging_mixin.py:151} INFO - [2023-09-14T11:24:03.083+0800] {dag.py:3696} INFO - Setting next_dagrun for example_task_group_decorator to 2023-09-13T03:24:03.082997+00:00, run_after=2023-09-14T03:24:03.082997+00:00
[2023-09-14T11:24:03.093+0800] {processor.py:179} INFO - Processing /opt/homebrew/lib/python3.11/site-packages/airflow/example_dags/example_task_group_decorator.py took 0.150 seconds
[2023-09-14T11:25:06.810+0800] {processor.py:157} INFO - Started process (PID=71400) to work on /opt/homebrew/lib/python3.11/site-packages/airflow/example_dags/example_task_group_decorator.py
[2023-09-14T11:25:06.811+0800] {processor.py:829} INFO - Processing file /opt/homebrew/lib/python3.11/site-packages/airflow/example_dags/example_task_group_decorator.py for tasks to queue
[2023-09-14T11:25:06.811+0800] {logging_mixin.py:151} INFO - [2023-09-14T11:25:06.811+0800] {dagbag.py:539} INFO - Filling up the DagBag from /opt/homebrew/lib/python3.11/site-packages/airflow/example_dags/example_task_group_decorator.py
[2023-09-14T11:25:06.845+0800] {processor.py:839} INFO - DAG(s) dict_keys(['example_task_group_decorator']) retrieved from /opt/homebrew/lib/python3.11/site-packages/airflow/example_dags/example_task_group_decorator.py
[2023-09-14T11:25:06.940+0800] {logging_mixin.py:151} INFO - [2023-09-14T11:25:06.940+0800] {dag.py:2915} INFO - Sync 1 DAGs
[2023-09-14T11:25:06.949+0800] {logging_mixin.py:151} INFO - [2023-09-14T11:25:06.949+0800] {dag.py:3696} INFO - Setting next_dagrun for example_task_group_decorator to 2023-09-13T03:25:06.948986+00:00, run_after=2023-09-14T03:25:06.948986+00:00
[2023-09-14T11:25:06.959+0800] {processor.py:179} INFO - Processing /opt/homebrew/lib/python3.11/site-packages/airflow/example_dags/example_task_group_decorator.py took 0.149 seconds
[2023-09-14T11:26:50.830+0800] {processor.py:157} INFO - Started process (PID=71587) to work on /opt/homebrew/lib/python3.11/site-packages/airflow/example_dags/example_task_group_decorator.py
[2023-09-14T11:26:50.831+0800] {processor.py:829} INFO - Processing file /opt/homebrew/lib/python3.11/site-packages/airflow/example_dags/example_task_group_decorator.py for tasks to queue
[2023-09-14T11:26:50.831+0800] {logging_mixin.py:151} INFO - [2023-09-14T11:26:50.831+0800] {dagbag.py:539} INFO - Filling up the DagBag from /opt/homebrew/lib/python3.11/site-packages/airflow/example_dags/example_task_group_decorator.py
[2023-09-14T11:26:50.865+0800] {processor.py:839} INFO - DAG(s) dict_keys(['example_task_group_decorator']) retrieved from /opt/homebrew/lib/python3.11/site-packages/airflow/example_dags/example_task_group_decorator.py
[2023-09-14T11:26:50.961+0800] {logging_mixin.py:151} INFO - [2023-09-14T11:26:50.961+0800] {dag.py:2915} INFO - Sync 1 DAGs
[2023-09-14T11:26:50.969+0800] {logging_mixin.py:151} INFO - [2023-09-14T11:26:50.969+0800] {dag.py:3696} INFO - Setting next_dagrun for example_task_group_decorator to 2023-09-13T03:26:50.969566+00:00, run_after=2023-09-14T03:26:50.969566+00:00
[2023-09-14T11:26:50.979+0800] {processor.py:179} INFO - Processing /opt/homebrew/lib/python3.11/site-packages/airflow/example_dags/example_task_group_decorator.py took 0.150 seconds
[2023-09-14T11:28:34.055+0800] {processor.py:157} INFO - Started process (PID=71772) to work on /opt/homebrew/lib/python3.11/site-packages/airflow/example_dags/example_task_group_decorator.py
[2023-09-14T11:28:34.055+0800] {processor.py:829} INFO - Processing file /opt/homebrew/lib/python3.11/site-packages/airflow/example_dags/example_task_group_decorator.py for tasks to queue
[2023-09-14T11:28:34.055+0800] {logging_mixin.py:151} INFO - [2023-09-14T11:28:34.055+0800] {dagbag.py:539} INFO - Filling up the DagBag from /opt/homebrew/lib/python3.11/site-packages/airflow/example_dags/example_task_group_decorator.py
[2023-09-14T11:28:34.090+0800] {processor.py:839} INFO - DAG(s) dict_keys(['example_task_group_decorator']) retrieved from /opt/homebrew/lib/python3.11/site-packages/airflow/example_dags/example_task_group_decorator.py
[2023-09-14T11:28:34.185+0800] {logging_mixin.py:151} INFO - [2023-09-14T11:28:34.185+0800] {dag.py:2915} INFO - Sync 1 DAGs
[2023-09-14T11:28:34.194+0800] {logging_mixin.py:151} INFO - [2023-09-14T11:28:34.193+0800] {dag.py:3696} INFO - Setting next_dagrun for example_task_group_decorator to 2023-09-13T03:28:34.193868+00:00, run_after=2023-09-14T03:28:34.193868+00:00
[2023-09-14T11:28:34.204+0800] {processor.py:179} INFO - Processing /opt/homebrew/lib/python3.11/site-packages/airflow/example_dags/example_task_group_decorator.py took 0.149 seconds
[2023-09-14T11:30:13.986+0800] {processor.py:157} INFO - Started process (PID=71954) to work on /opt/homebrew/lib/python3.11/site-packages/airflow/example_dags/example_task_group_decorator.py
[2023-09-14T11:30:13.986+0800] {processor.py:829} INFO - Processing file /opt/homebrew/lib/python3.11/site-packages/airflow/example_dags/example_task_group_decorator.py for tasks to queue
[2023-09-14T11:30:13.987+0800] {logging_mixin.py:151} INFO - [2023-09-14T11:30:13.987+0800] {dagbag.py:539} INFO - Filling up the DagBag from /opt/homebrew/lib/python3.11/site-packages/airflow/example_dags/example_task_group_decorator.py
[2023-09-14T11:30:14.021+0800] {processor.py:839} INFO - DAG(s) dict_keys(['example_task_group_decorator']) retrieved from /opt/homebrew/lib/python3.11/site-packages/airflow/example_dags/example_task_group_decorator.py
[2023-09-14T11:30:14.116+0800] {logging_mixin.py:151} INFO - [2023-09-14T11:30:14.116+0800] {dag.py:2915} INFO - Sync 1 DAGs
[2023-09-14T11:30:14.125+0800] {logging_mixin.py:151} INFO - [2023-09-14T11:30:14.124+0800] {dag.py:3696} INFO - Setting next_dagrun for example_task_group_decorator to 2023-09-13T03:30:14.124900+00:00, run_after=2023-09-14T03:30:14.124900+00:00
[2023-09-14T11:30:14.134+0800] {processor.py:179} INFO - Processing /opt/homebrew/lib/python3.11/site-packages/airflow/example_dags/example_task_group_decorator.py took 0.149 seconds
[2023-09-14T11:32:02.557+0800] {processor.py:157} INFO - Started process (PID=72144) to work on /opt/homebrew/lib/python3.11/site-packages/airflow/example_dags/example_task_group_decorator.py
[2023-09-14T11:32:02.558+0800] {processor.py:829} INFO - Processing file /opt/homebrew/lib/python3.11/site-packages/airflow/example_dags/example_task_group_decorator.py for tasks to queue
[2023-09-14T11:32:02.558+0800] {logging_mixin.py:151} INFO - [2023-09-14T11:32:02.558+0800] {dagbag.py:539} INFO - Filling up the DagBag from /opt/homebrew/lib/python3.11/site-packages/airflow/example_dags/example_task_group_decorator.py
[2023-09-14T11:32:02.592+0800] {processor.py:839} INFO - DAG(s) dict_keys(['example_task_group_decorator']) retrieved from /opt/homebrew/lib/python3.11/site-packages/airflow/example_dags/example_task_group_decorator.py
[2023-09-14T11:32:02.687+0800] {logging_mixin.py:151} INFO - [2023-09-14T11:32:02.687+0800] {dag.py:2915} INFO - Sync 1 DAGs
[2023-09-14T11:32:02.696+0800] {logging_mixin.py:151} INFO - [2023-09-14T11:32:02.696+0800] {dag.py:3696} INFO - Setting next_dagrun for example_task_group_decorator to 2023-09-13T03:32:02.695983+00:00, run_after=2023-09-14T03:32:02.695983+00:00
[2023-09-14T11:32:02.706+0800] {processor.py:179} INFO - Processing /opt/homebrew/lib/python3.11/site-packages/airflow/example_dags/example_task_group_decorator.py took 0.149 seconds
[2023-09-14T11:33:49.864+0800] {processor.py:157} INFO - Started process (PID=72338) to work on /opt/homebrew/lib/python3.11/site-packages/airflow/example_dags/example_task_group_decorator.py
[2023-09-14T11:33:49.865+0800] {processor.py:829} INFO - Processing file /opt/homebrew/lib/python3.11/site-packages/airflow/example_dags/example_task_group_decorator.py for tasks to queue
[2023-09-14T11:33:49.865+0800] {logging_mixin.py:151} INFO - [2023-09-14T11:33:49.865+0800] {dagbag.py:539} INFO - Filling up the DagBag from /opt/homebrew/lib/python3.11/site-packages/airflow/example_dags/example_task_group_decorator.py
[2023-09-14T11:33:49.900+0800] {processor.py:839} INFO - DAG(s) dict_keys(['example_task_group_decorator']) retrieved from /opt/homebrew/lib/python3.11/site-packages/airflow/example_dags/example_task_group_decorator.py
[2023-09-14T11:33:49.995+0800] {logging_mixin.py:151} INFO - [2023-09-14T11:33:49.995+0800] {dag.py:2915} INFO - Sync 1 DAGs
[2023-09-14T11:33:50.003+0800] {logging_mixin.py:151} INFO - [2023-09-14T11:33:50.003+0800] {dag.py:3696} INFO - Setting next_dagrun for example_task_group_decorator to 2023-09-13T03:33:50.003484+00:00, run_after=2023-09-14T03:33:50.003484+00:00
[2023-09-14T11:33:50.013+0800] {processor.py:179} INFO - Processing /opt/homebrew/lib/python3.11/site-packages/airflow/example_dags/example_task_group_decorator.py took 0.149 seconds
[2023-09-14T11:35:39.225+0800] {processor.py:157} INFO - Started process (PID=72533) to work on /opt/homebrew/lib/python3.11/site-packages/airflow/example_dags/example_task_group_decorator.py
[2023-09-14T11:35:39.225+0800] {processor.py:829} INFO - Processing file /opt/homebrew/lib/python3.11/site-packages/airflow/example_dags/example_task_group_decorator.py for tasks to queue
[2023-09-14T11:35:39.226+0800] {logging_mixin.py:151} INFO - [2023-09-14T11:35:39.225+0800] {dagbag.py:539} INFO - Filling up the DagBag from /opt/homebrew/lib/python3.11/site-packages/airflow/example_dags/example_task_group_decorator.py
[2023-09-14T11:35:39.259+0800] {processor.py:839} INFO - DAG(s) dict_keys(['example_task_group_decorator']) retrieved from /opt/homebrew/lib/python3.11/site-packages/airflow/example_dags/example_task_group_decorator.py
[2023-09-14T11:35:39.355+0800] {logging_mixin.py:151} INFO - [2023-09-14T11:35:39.355+0800] {dag.py:2915} INFO - Sync 1 DAGs
[2023-09-14T11:35:39.363+0800] {logging_mixin.py:151} INFO - [2023-09-14T11:35:39.363+0800] {dag.py:3696} INFO - Setting next_dagrun for example_task_group_decorator to 2023-09-13T03:35:39.363523+00:00, run_after=2023-09-14T03:35:39.363523+00:00
[2023-09-14T11:35:39.373+0800] {processor.py:179} INFO - Processing /opt/homebrew/lib/python3.11/site-packages/airflow/example_dags/example_task_group_decorator.py took 0.149 seconds
[2023-09-14T11:37:24.780+0800] {processor.py:157} INFO - Started process (PID=72719) to work on /opt/homebrew/lib/python3.11/site-packages/airflow/example_dags/example_task_group_decorator.py
[2023-09-14T11:37:24.781+0800] {processor.py:829} INFO - Processing file /opt/homebrew/lib/python3.11/site-packages/airflow/example_dags/example_task_group_decorator.py for tasks to queue
[2023-09-14T11:37:24.781+0800] {logging_mixin.py:151} INFO - [2023-09-14T11:37:24.781+0800] {dagbag.py:539} INFO - Filling up the DagBag from /opt/homebrew/lib/python3.11/site-packages/airflow/example_dags/example_task_group_decorator.py
[2023-09-14T11:37:24.815+0800] {processor.py:839} INFO - DAG(s) dict_keys(['example_task_group_decorator']) retrieved from /opt/homebrew/lib/python3.11/site-packages/airflow/example_dags/example_task_group_decorator.py
[2023-09-14T11:37:24.911+0800] {logging_mixin.py:151} INFO - [2023-09-14T11:37:24.911+0800] {dag.py:2915} INFO - Sync 1 DAGs
[2023-09-14T11:37:24.919+0800] {logging_mixin.py:151} INFO - [2023-09-14T11:37:24.919+0800] {dag.py:3696} INFO - Setting next_dagrun for example_task_group_decorator to 2023-09-13T03:37:24.919717+00:00, run_after=2023-09-14T03:37:24.919717+00:00
[2023-09-14T11:37:24.929+0800] {processor.py:179} INFO - Processing /opt/homebrew/lib/python3.11/site-packages/airflow/example_dags/example_task_group_decorator.py took 0.150 seconds
[2023-09-14T11:39:04.595+0800] {processor.py:157} INFO - Started process (PID=72925) to work on /opt/homebrew/lib/python3.11/site-packages/airflow/example_dags/example_task_group_decorator.py
[2023-09-14T11:39:04.595+0800] {processor.py:829} INFO - Processing file /opt/homebrew/lib/python3.11/site-packages/airflow/example_dags/example_task_group_decorator.py for tasks to queue
[2023-09-14T11:39:04.596+0800] {logging_mixin.py:151} INFO - [2023-09-14T11:39:04.595+0800] {dagbag.py:539} INFO - Filling up the DagBag from /opt/homebrew/lib/python3.11/site-packages/airflow/example_dags/example_task_group_decorator.py
[2023-09-14T11:39:04.630+0800] {processor.py:839} INFO - DAG(s) dict_keys(['example_task_group_decorator']) retrieved from /opt/homebrew/lib/python3.11/site-packages/airflow/example_dags/example_task_group_decorator.py
[2023-09-14T11:39:04.725+0800] {logging_mixin.py:151} INFO - [2023-09-14T11:39:04.725+0800] {dag.py:2915} INFO - Sync 1 DAGs
[2023-09-14T11:39:04.734+0800] {logging_mixin.py:151} INFO - [2023-09-14T11:39:04.733+0800] {dag.py:3696} INFO - Setting next_dagrun for example_task_group_decorator to 2023-09-13T03:39:04.733870+00:00, run_after=2023-09-14T03:39:04.733870+00:00
[2023-09-14T11:39:04.745+0800] {processor.py:179} INFO - Processing /opt/homebrew/lib/python3.11/site-packages/airflow/example_dags/example_task_group_decorator.py took 0.151 seconds
[2023-09-14T11:40:47.004+0800] {processor.py:157} INFO - Started process (PID=73105) to work on /opt/homebrew/lib/python3.11/site-packages/airflow/example_dags/example_task_group_decorator.py
[2023-09-14T11:40:47.005+0800] {processor.py:829} INFO - Processing file /opt/homebrew/lib/python3.11/site-packages/airflow/example_dags/example_task_group_decorator.py for tasks to queue
[2023-09-14T11:40:47.005+0800] {logging_mixin.py:151} INFO - [2023-09-14T11:40:47.005+0800] {dagbag.py:539} INFO - Filling up the DagBag from /opt/homebrew/lib/python3.11/site-packages/airflow/example_dags/example_task_group_decorator.py
[2023-09-14T11:40:47.039+0800] {processor.py:839} INFO - DAG(s) dict_keys(['example_task_group_decorator']) retrieved from /opt/homebrew/lib/python3.11/site-packages/airflow/example_dags/example_task_group_decorator.py
[2023-09-14T11:40:47.134+0800] {logging_mixin.py:151} INFO - [2023-09-14T11:40:47.134+0800] {dag.py:2915} INFO - Sync 1 DAGs
[2023-09-14T11:40:47.143+0800] {logging_mixin.py:151} INFO - [2023-09-14T11:40:47.143+0800] {dag.py:3696} INFO - Setting next_dagrun for example_task_group_decorator to 2023-09-13T03:40:47.142954+00:00, run_after=2023-09-14T03:40:47.142954+00:00
[2023-09-14T11:40:47.153+0800] {processor.py:179} INFO - Processing /opt/homebrew/lib/python3.11/site-packages/airflow/example_dags/example_task_group_decorator.py took 0.149 seconds
[2023-09-14T11:42:29.814+0800] {processor.py:157} INFO - Started process (PID=73289) to work on /opt/homebrew/lib/python3.11/site-packages/airflow/example_dags/example_task_group_decorator.py
[2023-09-14T11:42:29.814+0800] {processor.py:829} INFO - Processing file /opt/homebrew/lib/python3.11/site-packages/airflow/example_dags/example_task_group_decorator.py for tasks to queue
[2023-09-14T11:42:29.815+0800] {logging_mixin.py:151} INFO - [2023-09-14T11:42:29.814+0800] {dagbag.py:539} INFO - Filling up the DagBag from /opt/homebrew/lib/python3.11/site-packages/airflow/example_dags/example_task_group_decorator.py
[2023-09-14T11:42:29.850+0800] {processor.py:839} INFO - DAG(s) dict_keys(['example_task_group_decorator']) retrieved from /opt/homebrew/lib/python3.11/site-packages/airflow/example_dags/example_task_group_decorator.py
[2023-09-14T11:42:29.946+0800] {logging_mixin.py:151} INFO - [2023-09-14T11:42:29.946+0800] {dag.py:2915} INFO - Sync 1 DAGs
[2023-09-14T11:42:29.954+0800] {logging_mixin.py:151} INFO - [2023-09-14T11:42:29.954+0800] {dag.py:3696} INFO - Setting next_dagrun for example_task_group_decorator to 2023-09-13T03:42:29.954571+00:00, run_after=2023-09-14T03:42:29.954571+00:00
[2023-09-14T11:42:29.964+0800] {processor.py:179} INFO - Processing /opt/homebrew/lib/python3.11/site-packages/airflow/example_dags/example_task_group_decorator.py took 0.151 seconds
[2023-09-14T11:44:16.067+0800] {processor.py:157} INFO - Started process (PID=73474) to work on /opt/homebrew/lib/python3.11/site-packages/airflow/example_dags/example_task_group_decorator.py
[2023-09-14T11:44:16.067+0800] {processor.py:829} INFO - Processing file /opt/homebrew/lib/python3.11/site-packages/airflow/example_dags/example_task_group_decorator.py for tasks to queue
[2023-09-14T11:44:16.068+0800] {logging_mixin.py:151} INFO - [2023-09-14T11:44:16.068+0800] {dagbag.py:539} INFO - Filling up the DagBag from /opt/homebrew/lib/python3.11/site-packages/airflow/example_dags/example_task_group_decorator.py
[2023-09-14T11:44:16.102+0800] {processor.py:839} INFO - DAG(s) dict_keys(['example_task_group_decorator']) retrieved from /opt/homebrew/lib/python3.11/site-packages/airflow/example_dags/example_task_group_decorator.py
[2023-09-14T11:44:16.197+0800] {logging_mixin.py:151} INFO - [2023-09-14T11:44:16.197+0800] {dag.py:2915} INFO - Sync 1 DAGs
[2023-09-14T11:44:16.206+0800] {logging_mixin.py:151} INFO - [2023-09-14T11:44:16.206+0800] {dag.py:3696} INFO - Setting next_dagrun for example_task_group_decorator to 2023-09-13T03:44:16.206060+00:00, run_after=2023-09-14T03:44:16.206060+00:00
[2023-09-14T11:44:16.216+0800] {processor.py:179} INFO - Processing /opt/homebrew/lib/python3.11/site-packages/airflow/example_dags/example_task_group_decorator.py took 0.150 seconds
[2023-09-14T12:56:20.426+0800] {processor.py:157} INFO - Started process (PID=73741) to work on /opt/homebrew/lib/python3.11/site-packages/airflow/example_dags/example_task_group_decorator.py
[2023-09-14T12:56:20.427+0800] {processor.py:829} INFO - Processing file /opt/homebrew/lib/python3.11/site-packages/airflow/example_dags/example_task_group_decorator.py for tasks to queue
[2023-09-14T12:56:20.427+0800] {logging_mixin.py:151} INFO - [2023-09-14T12:56:20.427+0800] {dagbag.py:539} INFO - Filling up the DagBag from /opt/homebrew/lib/python3.11/site-packages/airflow/example_dags/example_task_group_decorator.py
[2023-09-14T12:56:20.463+0800] {processor.py:839} INFO - DAG(s) dict_keys(['example_task_group_decorator']) retrieved from /opt/homebrew/lib/python3.11/site-packages/airflow/example_dags/example_task_group_decorator.py
[2023-09-14T13:13:22.942+0800] {logging_mixin.py:151} INFO - [2023-09-14T13:13:22.942+0800] {dag.py:2915} INFO - Sync 1 DAGs
[2023-09-14T13:13:22.955+0800] {logging_mixin.py:151} INFO - [2023-09-14T13:13:22.955+0800] {dag.py:3696} INFO - Setting next_dagrun for example_task_group_decorator to 2023-09-13T05:13:22.955395+00:00, run_after=2023-09-14T05:13:22.955395+00:00
[2023-09-14T13:13:22.973+0800] {processor.py:179} INFO - Processing /opt/homebrew/lib/python3.11/site-packages/airflow/example_dags/example_task_group_decorator.py took 0.605 seconds
[2023-09-14T16:12:49.251+0800] {processor.py:157} INFO - Started process (PID=74040) to work on /opt/homebrew/lib/python3.11/site-packages/airflow/example_dags/example_task_group_decorator.py
[2023-09-14T16:12:49.252+0800] {processor.py:829} INFO - Processing file /opt/homebrew/lib/python3.11/site-packages/airflow/example_dags/example_task_group_decorator.py for tasks to queue
[2023-09-14T16:12:49.252+0800] {logging_mixin.py:151} INFO - [2023-09-14T16:12:49.252+0800] {dagbag.py:539} INFO - Filling up the DagBag from /opt/homebrew/lib/python3.11/site-packages/airflow/example_dags/example_task_group_decorator.py
[2023-09-14T16:12:49.286+0800] {processor.py:839} INFO - DAG(s) dict_keys(['example_task_group_decorator']) retrieved from /opt/homebrew/lib/python3.11/site-packages/airflow/example_dags/example_task_group_decorator.py
[2023-09-14T16:12:49.382+0800] {logging_mixin.py:151} INFO - [2023-09-14T16:12:49.382+0800] {dag.py:2915} INFO - Sync 1 DAGs
[2023-09-14T16:12:49.390+0800] {logging_mixin.py:151} INFO - [2023-09-14T16:12:49.390+0800] {dag.py:3696} INFO - Setting next_dagrun for example_task_group_decorator to 2023-09-13T08:12:49.390675+00:00, run_after=2023-09-14T08:12:49.390675+00:00
[2023-09-14T16:12:49.400+0800] {processor.py:179} INFO - Processing /opt/homebrew/lib/python3.11/site-packages/airflow/example_dags/example_task_group_decorator.py took 0.150 seconds
[2023-09-14T19:44:31.603+0800] {processor.py:157} INFO - Started process (PID=74349) to work on /opt/homebrew/lib/python3.11/site-packages/airflow/example_dags/example_task_group_decorator.py
[2023-09-14T19:44:31.627+0800] {processor.py:829} INFO - Processing file /opt/homebrew/lib/python3.11/site-packages/airflow/example_dags/example_task_group_decorator.py for tasks to queue
[2023-09-14T19:44:31.628+0800] {logging_mixin.py:151} INFO - [2023-09-14T19:44:31.628+0800] {dagbag.py:539} INFO - Filling up the DagBag from /opt/homebrew/lib/python3.11/site-packages/airflow/example_dags/example_task_group_decorator.py
[2023-09-14T19:44:31.697+0800] {processor.py:839} INFO - DAG(s) dict_keys(['example_task_group_decorator']) retrieved from /opt/homebrew/lib/python3.11/site-packages/airflow/example_dags/example_task_group_decorator.py
[2023-09-14T19:44:31.848+0800] {logging_mixin.py:151} INFO - [2023-09-14T19:44:31.848+0800] {dag.py:2915} INFO - Sync 1 DAGs
[2023-09-14T19:44:31.857+0800] {logging_mixin.py:151} INFO - [2023-09-14T19:44:31.857+0800] {dag.py:3696} INFO - Setting next_dagrun for example_task_group_decorator to 2023-09-13T11:44:31.857704+00:00, run_after=2023-09-14T11:44:31.857704+00:00
[2023-09-14T19:44:31.868+0800] {processor.py:179} INFO - Processing /opt/homebrew/lib/python3.11/site-packages/airflow/example_dags/example_task_group_decorator.py took 0.266 seconds
[2023-09-14T23:05:39.889+0800] {processor.py:157} INFO - Started process (PID=74717) to work on /opt/homebrew/lib/python3.11/site-packages/airflow/example_dags/example_task_group_decorator.py
[2023-09-14T23:05:39.890+0800] {processor.py:829} INFO - Processing file /opt/homebrew/lib/python3.11/site-packages/airflow/example_dags/example_task_group_decorator.py for tasks to queue
[2023-09-14T23:05:39.890+0800] {logging_mixin.py:151} INFO - [2023-09-14T23:05:39.890+0800] {dagbag.py:539} INFO - Filling up the DagBag from /opt/homebrew/lib/python3.11/site-packages/airflow/example_dags/example_task_group_decorator.py
[2023-09-14T23:05:39.925+0800] {processor.py:839} INFO - DAG(s) dict_keys(['example_task_group_decorator']) retrieved from /opt/homebrew/lib/python3.11/site-packages/airflow/example_dags/example_task_group_decorator.py
[2023-09-14T23:05:40.022+0800] {logging_mixin.py:151} INFO - [2023-09-14T23:05:40.022+0800] {dag.py:2915} INFO - Sync 1 DAGs
[2023-09-14T23:05:40.030+0800] {logging_mixin.py:151} INFO - [2023-09-14T23:05:40.030+0800] {dag.py:3696} INFO - Setting next_dagrun for example_task_group_decorator to 2023-09-13T15:05:40.030448+00:00, run_after=2023-09-14T15:05:40.030448+00:00
[2023-09-14T23:05:40.040+0800] {processor.py:179} INFO - Processing /opt/homebrew/lib/python3.11/site-packages/airflow/example_dags/example_task_group_decorator.py took 0.152 seconds
[2023-09-15T02:24:55.648+0800] {processor.py:157} INFO - Started process (PID=75045) to work on /opt/homebrew/lib/python3.11/site-packages/airflow/example_dags/example_task_group_decorator.py
[2023-09-15T02:24:55.649+0800] {processor.py:829} INFO - Processing file /opt/homebrew/lib/python3.11/site-packages/airflow/example_dags/example_task_group_decorator.py for tasks to queue
[2023-09-15T02:24:55.649+0800] {logging_mixin.py:151} INFO - [2023-09-15T02:24:55.649+0800] {dagbag.py:539} INFO - Filling up the DagBag from /opt/homebrew/lib/python3.11/site-packages/airflow/example_dags/example_task_group_decorator.py
[2023-09-15T02:24:55.684+0800] {processor.py:839} INFO - DAG(s) dict_keys(['example_task_group_decorator']) retrieved from /opt/homebrew/lib/python3.11/site-packages/airflow/example_dags/example_task_group_decorator.py
[2023-09-15T02:24:55.781+0800] {logging_mixin.py:151} INFO - [2023-09-15T02:24:55.781+0800] {dag.py:2915} INFO - Sync 1 DAGs
[2023-09-15T02:24:55.790+0800] {logging_mixin.py:151} INFO - [2023-09-15T02:24:55.790+0800] {dag.py:3696} INFO - Setting next_dagrun for example_task_group_decorator to 2023-09-13T18:24:55.790215+00:00, run_after=2023-09-14T18:24:55.790215+00:00
[2023-09-15T02:24:55.800+0800] {processor.py:179} INFO - Processing /opt/homebrew/lib/python3.11/site-packages/airflow/example_dags/example_task_group_decorator.py took 0.152 seconds
[2023-09-15T05:38:30.517+0800] {processor.py:157} INFO - Started process (PID=75380) to work on /opt/homebrew/lib/python3.11/site-packages/airflow/example_dags/example_task_group_decorator.py
[2023-09-15T05:38:30.518+0800] {processor.py:829} INFO - Processing file /opt/homebrew/lib/python3.11/site-packages/airflow/example_dags/example_task_group_decorator.py for tasks to queue
[2023-09-15T05:38:30.518+0800] {logging_mixin.py:151} INFO - [2023-09-15T05:38:30.518+0800] {dagbag.py:539} INFO - Filling up the DagBag from /opt/homebrew/lib/python3.11/site-packages/airflow/example_dags/example_task_group_decorator.py
[2023-09-15T05:38:30.553+0800] {processor.py:839} INFO - DAG(s) dict_keys(['example_task_group_decorator']) retrieved from /opt/homebrew/lib/python3.11/site-packages/airflow/example_dags/example_task_group_decorator.py
[2023-09-15T05:38:30.649+0800] {logging_mixin.py:151} INFO - [2023-09-15T05:38:30.649+0800] {dag.py:2915} INFO - Sync 1 DAGs
[2023-09-15T05:38:30.657+0800] {logging_mixin.py:151} INFO - [2023-09-15T05:38:30.657+0800] {dag.py:3696} INFO - Setting next_dagrun for example_task_group_decorator to 2023-09-13T21:38:30.657405+00:00, run_after=2023-09-14T21:38:30.657405+00:00
[2023-09-15T05:38:30.667+0800] {processor.py:179} INFO - Processing /opt/homebrew/lib/python3.11/site-packages/airflow/example_dags/example_task_group_decorator.py took 0.150 seconds
