[2023-09-14T09:46:21.097+0800] {processor.py:157} INFO - Started process (PID=66918) to work on /opt/homebrew/lib/python3.11/site-packages/airflow/example_dags/example_task_group.py
[2023-09-14T09:46:21.098+0800] {processor.py:829} INFO - Processing file /opt/homebrew/lib/python3.11/site-packages/airflow/example_dags/example_task_group.py for tasks to queue
[2023-09-14T09:46:21.098+0800] {logging_mixin.py:151} INFO - [2023-09-14T09:46:21.098+0800] {dagbag.py:539} INFO - Filling up the DagBag from /opt/homebrew/lib/python3.11/site-packages/airflow/example_dags/example_task_group.py
[2023-09-14T09:46:21.114+0800] {processor.py:839} INFO - DAG(s) dict_keys(['example_task_group']) retrieved from /opt/homebrew/lib/python3.11/site-packages/airflow/example_dags/example_task_group.py
[2023-09-14T09:46:21.210+0800] {logging_mixin.py:151} INFO - [2023-09-14T09:46:21.210+0800] {dag.py:2915} INFO - Sync 1 DAGs
[2023-09-14T09:46:21.219+0800] {logging_mixin.py:151} INFO - [2023-09-14T09:46:21.219+0800] {dag.py:3696} INFO - Setting next_dagrun for example_task_group to 2023-09-13T01:46:21.219114+00:00, run_after=2023-09-14T01:46:21.219114+00:00
[2023-09-14T09:46:21.230+0800] {processor.py:179} INFO - Processing /opt/homebrew/lib/python3.11/site-packages/airflow/example_dags/example_task_group.py took 0.133 seconds
[2023-09-14T10:32:26.370+0800] {processor.py:157} INFO - Started process (PID=67141) to work on /opt/homebrew/lib/python3.11/site-packages/airflow/example_dags/example_task_group.py
[2023-09-14T10:32:26.371+0800] {processor.py:829} INFO - Processing file /opt/homebrew/lib/python3.11/site-packages/airflow/example_dags/example_task_group.py for tasks to queue
[2023-09-14T10:32:26.371+0800] {logging_mixin.py:151} INFO - [2023-09-14T10:32:26.371+0800] {dagbag.py:539} INFO - Filling up the DagBag from /opt/homebrew/lib/python3.11/site-packages/airflow/example_dags/example_task_group.py
[2023-09-14T10:32:26.388+0800] {processor.py:839} INFO - DAG(s) dict_keys(['example_task_group']) retrieved from /opt/homebrew/lib/python3.11/site-packages/airflow/example_dags/example_task_group.py
[2023-09-14T10:32:26.484+0800] {logging_mixin.py:151} INFO - [2023-09-14T10:32:26.484+0800] {dag.py:2915} INFO - Sync 1 DAGs
[2023-09-14T10:32:26.492+0800] {logging_mixin.py:151} INFO - [2023-09-14T10:32:26.492+0800] {dag.py:3696} INFO - Setting next_dagrun for example_task_group to 2023-09-13T02:32:26.492552+00:00, run_after=2023-09-14T02:32:26.492552+00:00
[2023-09-14T10:32:26.504+0800] {processor.py:179} INFO - Processing /opt/homebrew/lib/python3.11/site-packages/airflow/example_dags/example_task_group.py took 0.134 seconds
[2023-09-14T10:34:03.525+0800] {processor.py:157} INFO - Started process (PID=67317) to work on /opt/homebrew/lib/python3.11/site-packages/airflow/example_dags/example_task_group.py
[2023-09-14T10:34:03.526+0800] {processor.py:829} INFO - Processing file /opt/homebrew/lib/python3.11/site-packages/airflow/example_dags/example_task_group.py for tasks to queue
[2023-09-14T10:34:03.526+0800] {logging_mixin.py:151} INFO - [2023-09-14T10:34:03.526+0800] {dagbag.py:539} INFO - Filling up the DagBag from /opt/homebrew/lib/python3.11/site-packages/airflow/example_dags/example_task_group.py
[2023-09-14T10:34:03.543+0800] {processor.py:839} INFO - DAG(s) dict_keys(['example_task_group']) retrieved from /opt/homebrew/lib/python3.11/site-packages/airflow/example_dags/example_task_group.py
[2023-09-14T10:34:03.638+0800] {logging_mixin.py:151} INFO - [2023-09-14T10:34:03.638+0800] {dag.py:2915} INFO - Sync 1 DAGs
[2023-09-14T10:34:03.647+0800] {logging_mixin.py:151} INFO - [2023-09-14T10:34:03.646+0800] {dag.py:3696} INFO - Setting next_dagrun for example_task_group to 2023-09-13T02:34:03.646842+00:00, run_after=2023-09-14T02:34:03.646842+00:00
[2023-09-14T10:34:03.657+0800] {processor.py:179} INFO - Processing /opt/homebrew/lib/python3.11/site-packages/airflow/example_dags/example_task_group.py took 0.133 seconds
[2023-09-14T10:35:50.155+0800] {processor.py:157} INFO - Started process (PID=67533) to work on /opt/homebrew/lib/python3.11/site-packages/airflow/example_dags/example_task_group.py
[2023-09-14T10:35:50.155+0800] {processor.py:829} INFO - Processing file /opt/homebrew/lib/python3.11/site-packages/airflow/example_dags/example_task_group.py for tasks to queue
[2023-09-14T10:35:50.155+0800] {logging_mixin.py:151} INFO - [2023-09-14T10:35:50.155+0800] {dagbag.py:539} INFO - Filling up the DagBag from /opt/homebrew/lib/python3.11/site-packages/airflow/example_dags/example_task_group.py
[2023-09-14T10:35:50.172+0800] {processor.py:839} INFO - DAG(s) dict_keys(['example_task_group']) retrieved from /opt/homebrew/lib/python3.11/site-packages/airflow/example_dags/example_task_group.py
[2023-09-14T10:35:50.268+0800] {logging_mixin.py:151} INFO - [2023-09-14T10:35:50.268+0800] {dag.py:2915} INFO - Sync 1 DAGs
[2023-09-14T10:35:50.277+0800] {logging_mixin.py:151} INFO - [2023-09-14T10:35:50.276+0800] {dag.py:3696} INFO - Setting next_dagrun for example_task_group to 2023-09-13T02:35:50.276821+00:00, run_after=2023-09-14T02:35:50.276821+00:00
[2023-09-14T10:35:50.288+0800] {processor.py:179} INFO - Processing /opt/homebrew/lib/python3.11/site-packages/airflow/example_dags/example_task_group.py took 0.133 seconds
[2023-09-14T10:37:30.066+0800] {processor.py:157} INFO - Started process (PID=67716) to work on /opt/homebrew/lib/python3.11/site-packages/airflow/example_dags/example_task_group.py
[2023-09-14T10:37:30.066+0800] {processor.py:829} INFO - Processing file /opt/homebrew/lib/python3.11/site-packages/airflow/example_dags/example_task_group.py for tasks to queue
[2023-09-14T10:37:30.067+0800] {logging_mixin.py:151} INFO - [2023-09-14T10:37:30.067+0800] {dagbag.py:539} INFO - Filling up the DagBag from /opt/homebrew/lib/python3.11/site-packages/airflow/example_dags/example_task_group.py
[2023-09-14T10:37:30.083+0800] {processor.py:839} INFO - DAG(s) dict_keys(['example_task_group']) retrieved from /opt/homebrew/lib/python3.11/site-packages/airflow/example_dags/example_task_group.py
[2023-09-14T10:37:30.179+0800] {logging_mixin.py:151} INFO - [2023-09-14T10:37:30.179+0800] {dag.py:2915} INFO - Sync 1 DAGs
[2023-09-14T10:37:30.187+0800] {logging_mixin.py:151} INFO - [2023-09-14T10:37:30.187+0800] {dag.py:3696} INFO - Setting next_dagrun for example_task_group to 2023-09-13T02:37:30.187681+00:00, run_after=2023-09-14T02:37:30.187681+00:00
[2023-09-14T10:37:30.198+0800] {processor.py:179} INFO - Processing /opt/homebrew/lib/python3.11/site-packages/airflow/example_dags/example_task_group.py took 0.133 seconds
[2023-09-14T10:39:15.316+0800] {processor.py:157} INFO - Started process (PID=67910) to work on /opt/homebrew/lib/python3.11/site-packages/airflow/example_dags/example_task_group.py
[2023-09-14T10:39:15.316+0800] {processor.py:829} INFO - Processing file /opt/homebrew/lib/python3.11/site-packages/airflow/example_dags/example_task_group.py for tasks to queue
[2023-09-14T10:39:15.317+0800] {logging_mixin.py:151} INFO - [2023-09-14T10:39:15.316+0800] {dagbag.py:539} INFO - Filling up the DagBag from /opt/homebrew/lib/python3.11/site-packages/airflow/example_dags/example_task_group.py
[2023-09-14T10:39:15.333+0800] {processor.py:839} INFO - DAG(s) dict_keys(['example_task_group']) retrieved from /opt/homebrew/lib/python3.11/site-packages/airflow/example_dags/example_task_group.py
[2023-09-14T10:39:15.428+0800] {logging_mixin.py:151} INFO - [2023-09-14T10:39:15.428+0800] {dag.py:2915} INFO - Sync 1 DAGs
[2023-09-14T10:39:15.437+0800] {logging_mixin.py:151} INFO - [2023-09-14T10:39:15.437+0800] {dag.py:3696} INFO - Setting next_dagrun for example_task_group to 2023-09-13T02:39:15.437003+00:00, run_after=2023-09-14T02:39:15.437003+00:00
[2023-09-14T10:39:15.447+0800] {processor.py:179} INFO - Processing /opt/homebrew/lib/python3.11/site-packages/airflow/example_dags/example_task_group.py took 0.132 seconds
[2023-09-14T10:41:00.982+0800] {processor.py:157} INFO - Started process (PID=68098) to work on /opt/homebrew/lib/python3.11/site-packages/airflow/example_dags/example_task_group.py
[2023-09-14T10:41:00.982+0800] {processor.py:829} INFO - Processing file /opt/homebrew/lib/python3.11/site-packages/airflow/example_dags/example_task_group.py for tasks to queue
[2023-09-14T10:41:00.983+0800] {logging_mixin.py:151} INFO - [2023-09-14T10:41:00.983+0800] {dagbag.py:539} INFO - Filling up the DagBag from /opt/homebrew/lib/python3.11/site-packages/airflow/example_dags/example_task_group.py
[2023-09-14T10:41:01.000+0800] {processor.py:839} INFO - DAG(s) dict_keys(['example_task_group']) retrieved from /opt/homebrew/lib/python3.11/site-packages/airflow/example_dags/example_task_group.py
[2023-09-14T10:41:01.104+0800] {logging_mixin.py:151} INFO - [2023-09-14T10:41:01.104+0800] {dag.py:2915} INFO - Sync 1 DAGs
[2023-09-14T10:41:01.113+0800] {logging_mixin.py:151} INFO - [2023-09-14T10:41:01.113+0800] {dag.py:3696} INFO - Setting next_dagrun for example_task_group to 2023-09-13T02:41:01.113638+00:00, run_after=2023-09-14T02:41:01.113638+00:00
[2023-09-14T10:41:01.125+0800] {processor.py:179} INFO - Processing /opt/homebrew/lib/python3.11/site-packages/airflow/example_dags/example_task_group.py took 0.144 seconds
[2023-09-14T10:42:47.470+0800] {processor.py:157} INFO - Started process (PID=68290) to work on /opt/homebrew/lib/python3.11/site-packages/airflow/example_dags/example_task_group.py
[2023-09-14T10:42:47.471+0800] {processor.py:829} INFO - Processing file /opt/homebrew/lib/python3.11/site-packages/airflow/example_dags/example_task_group.py for tasks to queue
[2023-09-14T10:42:47.471+0800] {logging_mixin.py:151} INFO - [2023-09-14T10:42:47.471+0800] {dagbag.py:539} INFO - Filling up the DagBag from /opt/homebrew/lib/python3.11/site-packages/airflow/example_dags/example_task_group.py
[2023-09-14T10:42:47.488+0800] {processor.py:839} INFO - DAG(s) dict_keys(['example_task_group']) retrieved from /opt/homebrew/lib/python3.11/site-packages/airflow/example_dags/example_task_group.py
[2023-09-14T10:42:47.585+0800] {logging_mixin.py:151} INFO - [2023-09-14T10:42:47.585+0800] {dag.py:2915} INFO - Sync 1 DAGs
[2023-09-14T10:42:47.593+0800] {logging_mixin.py:151} INFO - [2023-09-14T10:42:47.593+0800] {dag.py:3696} INFO - Setting next_dagrun for example_task_group to 2023-09-13T02:42:47.593428+00:00, run_after=2023-09-14T02:42:47.593428+00:00
[2023-09-14T10:42:47.604+0800] {processor.py:179} INFO - Processing /opt/homebrew/lib/python3.11/site-packages/airflow/example_dags/example_task_group.py took 0.134 seconds
[2023-09-14T10:44:33.338+0800] {processor.py:157} INFO - Started process (PID=68481) to work on /opt/homebrew/lib/python3.11/site-packages/airflow/example_dags/example_task_group.py
[2023-09-14T10:44:33.339+0800] {processor.py:829} INFO - Processing file /opt/homebrew/lib/python3.11/site-packages/airflow/example_dags/example_task_group.py for tasks to queue
[2023-09-14T10:44:33.339+0800] {logging_mixin.py:151} INFO - [2023-09-14T10:44:33.339+0800] {dagbag.py:539} INFO - Filling up the DagBag from /opt/homebrew/lib/python3.11/site-packages/airflow/example_dags/example_task_group.py
[2023-09-14T10:44:33.355+0800] {processor.py:839} INFO - DAG(s) dict_keys(['example_task_group']) retrieved from /opt/homebrew/lib/python3.11/site-packages/airflow/example_dags/example_task_group.py
[2023-09-14T10:44:33.451+0800] {logging_mixin.py:151} INFO - [2023-09-14T10:44:33.451+0800] {dag.py:2915} INFO - Sync 1 DAGs
[2023-09-14T10:44:33.459+0800] {logging_mixin.py:151} INFO - [2023-09-14T10:44:33.459+0800] {dag.py:3696} INFO - Setting next_dagrun for example_task_group to 2023-09-13T02:44:33.459480+00:00, run_after=2023-09-14T02:44:33.459480+00:00
[2023-09-14T10:44:33.470+0800] {processor.py:179} INFO - Processing /opt/homebrew/lib/python3.11/site-packages/airflow/example_dags/example_task_group.py took 0.132 seconds
[2023-09-14T10:46:15.489+0800] {processor.py:157} INFO - Started process (PID=68669) to work on /opt/homebrew/lib/python3.11/site-packages/airflow/example_dags/example_task_group.py
[2023-09-14T10:46:15.490+0800] {processor.py:829} INFO - Processing file /opt/homebrew/lib/python3.11/site-packages/airflow/example_dags/example_task_group.py for tasks to queue
[2023-09-14T10:46:15.491+0800] {logging_mixin.py:151} INFO - [2023-09-14T10:46:15.491+0800] {dagbag.py:539} INFO - Filling up the DagBag from /opt/homebrew/lib/python3.11/site-packages/airflow/example_dags/example_task_group.py
[2023-09-14T10:46:15.507+0800] {processor.py:839} INFO - DAG(s) dict_keys(['example_task_group']) retrieved from /opt/homebrew/lib/python3.11/site-packages/airflow/example_dags/example_task_group.py
[2023-09-14T10:46:15.602+0800] {logging_mixin.py:151} INFO - [2023-09-14T10:46:15.602+0800] {dag.py:2915} INFO - Sync 1 DAGs
[2023-09-14T10:46:15.611+0800] {logging_mixin.py:151} INFO - [2023-09-14T10:46:15.610+0800] {dag.py:3696} INFO - Setting next_dagrun for example_task_group to 2023-09-13T02:46:15.610814+00:00, run_after=2023-09-14T02:46:15.610814+00:00
[2023-09-14T10:46:15.621+0800] {processor.py:179} INFO - Processing /opt/homebrew/lib/python3.11/site-packages/airflow/example_dags/example_task_group.py took 0.133 seconds
[2023-09-14T10:47:57.716+0800] {processor.py:157} INFO - Started process (PID=68851) to work on /opt/homebrew/lib/python3.11/site-packages/airflow/example_dags/example_task_group.py
[2023-09-14T10:47:57.717+0800] {processor.py:829} INFO - Processing file /opt/homebrew/lib/python3.11/site-packages/airflow/example_dags/example_task_group.py for tasks to queue
[2023-09-14T10:47:57.717+0800] {logging_mixin.py:151} INFO - [2023-09-14T10:47:57.717+0800] {dagbag.py:539} INFO - Filling up the DagBag from /opt/homebrew/lib/python3.11/site-packages/airflow/example_dags/example_task_group.py
[2023-09-14T10:47:57.734+0800] {processor.py:839} INFO - DAG(s) dict_keys(['example_task_group']) retrieved from /opt/homebrew/lib/python3.11/site-packages/airflow/example_dags/example_task_group.py
[2023-09-14T10:47:57.830+0800] {logging_mixin.py:151} INFO - [2023-09-14T10:47:57.829+0800] {dag.py:2915} INFO - Sync 1 DAGs
[2023-09-14T10:47:57.838+0800] {logging_mixin.py:151} INFO - [2023-09-14T10:47:57.838+0800] {dag.py:3696} INFO - Setting next_dagrun for example_task_group to 2023-09-13T02:47:57.838252+00:00, run_after=2023-09-14T02:47:57.838252+00:00
[2023-09-14T10:47:57.849+0800] {processor.py:179} INFO - Processing /opt/homebrew/lib/python3.11/site-packages/airflow/example_dags/example_task_group.py took 0.133 seconds
[2023-09-14T10:49:47.840+0800] {processor.py:157} INFO - Started process (PID=69044) to work on /opt/homebrew/lib/python3.11/site-packages/airflow/example_dags/example_task_group.py
[2023-09-14T10:49:47.840+0800] {processor.py:829} INFO - Processing file /opt/homebrew/lib/python3.11/site-packages/airflow/example_dags/example_task_group.py for tasks to queue
[2023-09-14T10:49:47.841+0800] {logging_mixin.py:151} INFO - [2023-09-14T10:49:47.841+0800] {dagbag.py:539} INFO - Filling up the DagBag from /opt/homebrew/lib/python3.11/site-packages/airflow/example_dags/example_task_group.py
[2023-09-14T10:49:47.857+0800] {processor.py:839} INFO - DAG(s) dict_keys(['example_task_group']) retrieved from /opt/homebrew/lib/python3.11/site-packages/airflow/example_dags/example_task_group.py
[2023-09-14T10:49:47.952+0800] {logging_mixin.py:151} INFO - [2023-09-14T10:49:47.952+0800] {dag.py:2915} INFO - Sync 1 DAGs
[2023-09-14T10:49:47.961+0800] {logging_mixin.py:151} INFO - [2023-09-14T10:49:47.960+0800] {dag.py:3696} INFO - Setting next_dagrun for example_task_group to 2023-09-13T02:49:47.960879+00:00, run_after=2023-09-14T02:49:47.960879+00:00
[2023-09-14T10:49:47.971+0800] {processor.py:179} INFO - Processing /opt/homebrew/lib/python3.11/site-packages/airflow/example_dags/example_task_group.py took 0.132 seconds
[2023-09-14T10:51:33.667+0800] {processor.py:157} INFO - Started process (PID=69239) to work on /opt/homebrew/lib/python3.11/site-packages/airflow/example_dags/example_task_group.py
[2023-09-14T10:51:33.667+0800] {processor.py:829} INFO - Processing file /opt/homebrew/lib/python3.11/site-packages/airflow/example_dags/example_task_group.py for tasks to queue
[2023-09-14T10:51:33.668+0800] {logging_mixin.py:151} INFO - [2023-09-14T10:51:33.667+0800] {dagbag.py:539} INFO - Filling up the DagBag from /opt/homebrew/lib/python3.11/site-packages/airflow/example_dags/example_task_group.py
[2023-09-14T10:51:33.684+0800] {processor.py:839} INFO - DAG(s) dict_keys(['example_task_group']) retrieved from /opt/homebrew/lib/python3.11/site-packages/airflow/example_dags/example_task_group.py
[2023-09-14T10:51:33.779+0800] {logging_mixin.py:151} INFO - [2023-09-14T10:51:33.779+0800] {dag.py:2915} INFO - Sync 1 DAGs
[2023-09-14T10:51:33.787+0800] {logging_mixin.py:151} INFO - [2023-09-14T10:51:33.787+0800] {dag.py:3696} INFO - Setting next_dagrun for example_task_group to 2023-09-13T02:51:33.787756+00:00, run_after=2023-09-14T02:51:33.787756+00:00
[2023-09-14T10:51:33.798+0800] {processor.py:179} INFO - Processing /opt/homebrew/lib/python3.11/site-packages/airflow/example_dags/example_task_group.py took 0.132 seconds
[2023-09-14T10:53:25.044+0800] {processor.py:157} INFO - Started process (PID=69440) to work on /opt/homebrew/lib/python3.11/site-packages/airflow/example_dags/example_task_group.py
[2023-09-14T10:53:25.045+0800] {processor.py:829} INFO - Processing file /opt/homebrew/lib/python3.11/site-packages/airflow/example_dags/example_task_group.py for tasks to queue
[2023-09-14T10:53:25.046+0800] {logging_mixin.py:151} INFO - [2023-09-14T10:53:25.046+0800] {dagbag.py:539} INFO - Filling up the DagBag from /opt/homebrew/lib/python3.11/site-packages/airflow/example_dags/example_task_group.py
[2023-09-14T10:53:25.062+0800] {processor.py:839} INFO - DAG(s) dict_keys(['example_task_group']) retrieved from /opt/homebrew/lib/python3.11/site-packages/airflow/example_dags/example_task_group.py
[2023-09-14T10:53:25.158+0800] {logging_mixin.py:151} INFO - [2023-09-14T10:53:25.158+0800] {dag.py:2915} INFO - Sync 1 DAGs
[2023-09-14T10:53:25.166+0800] {logging_mixin.py:151} INFO - [2023-09-14T10:53:25.166+0800] {dag.py:3696} INFO - Setting next_dagrun for example_task_group to 2023-09-13T02:53:25.166427+00:00, run_after=2023-09-14T02:53:25.166427+00:00
[2023-09-14T10:53:25.177+0800] {processor.py:179} INFO - Processing /opt/homebrew/lib/python3.11/site-packages/airflow/example_dags/example_task_group.py took 0.133 seconds
[2023-09-14T10:55:10.679+0800] {processor.py:157} INFO - Started process (PID=69647) to work on /opt/homebrew/lib/python3.11/site-packages/airflow/example_dags/example_task_group.py
[2023-09-14T10:55:10.680+0800] {processor.py:829} INFO - Processing file /opt/homebrew/lib/python3.11/site-packages/airflow/example_dags/example_task_group.py for tasks to queue
[2023-09-14T10:55:10.681+0800] {logging_mixin.py:151} INFO - [2023-09-14T10:55:10.680+0800] {dagbag.py:539} INFO - Filling up the DagBag from /opt/homebrew/lib/python3.11/site-packages/airflow/example_dags/example_task_group.py
[2023-09-14T10:55:10.697+0800] {processor.py:839} INFO - DAG(s) dict_keys(['example_task_group']) retrieved from /opt/homebrew/lib/python3.11/site-packages/airflow/example_dags/example_task_group.py
[2023-09-14T10:55:10.799+0800] {logging_mixin.py:151} INFO - [2023-09-14T10:55:10.799+0800] {dag.py:2915} INFO - Sync 1 DAGs
[2023-09-14T10:55:10.808+0800] {logging_mixin.py:151} INFO - [2023-09-14T10:55:10.808+0800] {dag.py:3696} INFO - Setting next_dagrun for example_task_group to 2023-09-13T02:55:10.808254+00:00, run_after=2023-09-14T02:55:10.808254+00:00
[2023-09-14T10:55:10.819+0800] {processor.py:179} INFO - Processing /opt/homebrew/lib/python3.11/site-packages/airflow/example_dags/example_task_group.py took 0.140 seconds
[2023-09-14T10:56:55.698+0800] {processor.py:157} INFO - Started process (PID=69835) to work on /opt/homebrew/lib/python3.11/site-packages/airflow/example_dags/example_task_group.py
[2023-09-14T10:56:55.699+0800] {processor.py:829} INFO - Processing file /opt/homebrew/lib/python3.11/site-packages/airflow/example_dags/example_task_group.py for tasks to queue
[2023-09-14T10:56:55.699+0800] {logging_mixin.py:151} INFO - [2023-09-14T10:56:55.699+0800] {dagbag.py:539} INFO - Filling up the DagBag from /opt/homebrew/lib/python3.11/site-packages/airflow/example_dags/example_task_group.py
[2023-09-14T10:56:55.715+0800] {processor.py:839} INFO - DAG(s) dict_keys(['example_task_group']) retrieved from /opt/homebrew/lib/python3.11/site-packages/airflow/example_dags/example_task_group.py
[2023-09-14T10:56:55.811+0800] {logging_mixin.py:151} INFO - [2023-09-14T10:56:55.811+0800] {dag.py:2915} INFO - Sync 1 DAGs
[2023-09-14T10:56:55.819+0800] {logging_mixin.py:151} INFO - [2023-09-14T10:56:55.819+0800] {dag.py:3696} INFO - Setting next_dagrun for example_task_group to 2023-09-13T02:56:55.819449+00:00, run_after=2023-09-14T02:56:55.819449+00:00
[2023-09-14T10:56:55.830+0800] {processor.py:179} INFO - Processing /opt/homebrew/lib/python3.11/site-packages/airflow/example_dags/example_task_group.py took 0.132 seconds
[2023-09-14T10:58:34.571+0800] {processor.py:157} INFO - Started process (PID=70014) to work on /opt/homebrew/lib/python3.11/site-packages/airflow/example_dags/example_task_group.py
[2023-09-14T10:58:34.571+0800] {processor.py:829} INFO - Processing file /opt/homebrew/lib/python3.11/site-packages/airflow/example_dags/example_task_group.py for tasks to queue
[2023-09-14T10:58:34.572+0800] {logging_mixin.py:151} INFO - [2023-09-14T10:58:34.571+0800] {dagbag.py:539} INFO - Filling up the DagBag from /opt/homebrew/lib/python3.11/site-packages/airflow/example_dags/example_task_group.py
[2023-09-14T10:58:34.588+0800] {processor.py:839} INFO - DAG(s) dict_keys(['example_task_group']) retrieved from /opt/homebrew/lib/python3.11/site-packages/airflow/example_dags/example_task_group.py
[2023-09-14T10:58:34.685+0800] {logging_mixin.py:151} INFO - [2023-09-14T10:58:34.685+0800] {dag.py:2915} INFO - Sync 1 DAGs
[2023-09-14T10:58:34.695+0800] {logging_mixin.py:151} INFO - [2023-09-14T10:58:34.695+0800] {dag.py:3696} INFO - Setting next_dagrun for example_task_group to 2023-09-13T02:58:34.694951+00:00, run_after=2023-09-14T02:58:34.694951+00:00
[2023-09-14T10:58:34.705+0800] {processor.py:179} INFO - Processing /opt/homebrew/lib/python3.11/site-packages/airflow/example_dags/example_task_group.py took 0.135 seconds
[2023-09-14T11:00:15.689+0800] {processor.py:157} INFO - Started process (PID=70205) to work on /opt/homebrew/lib/python3.11/site-packages/airflow/example_dags/example_task_group.py
[2023-09-14T11:00:15.690+0800] {processor.py:829} INFO - Processing file /opt/homebrew/lib/python3.11/site-packages/airflow/example_dags/example_task_group.py for tasks to queue
[2023-09-14T11:00:15.690+0800] {logging_mixin.py:151} INFO - [2023-09-14T11:00:15.690+0800] {dagbag.py:539} INFO - Filling up the DagBag from /opt/homebrew/lib/python3.11/site-packages/airflow/example_dags/example_task_group.py
[2023-09-14T11:00:15.706+0800] {processor.py:839} INFO - DAG(s) dict_keys(['example_task_group']) retrieved from /opt/homebrew/lib/python3.11/site-packages/airflow/example_dags/example_task_group.py
[2023-09-14T11:00:15.803+0800] {logging_mixin.py:151} INFO - [2023-09-14T11:00:15.802+0800] {dag.py:2915} INFO - Sync 1 DAGs
[2023-09-14T11:00:15.811+0800] {logging_mixin.py:151} INFO - [2023-09-14T11:00:15.811+0800] {dag.py:3696} INFO - Setting next_dagrun for example_task_group to 2023-09-13T03:00:15.811481+00:00, run_after=2023-09-14T03:00:15.811481+00:00
[2023-09-14T11:00:15.822+0800] {processor.py:179} INFO - Processing /opt/homebrew/lib/python3.11/site-packages/airflow/example_dags/example_task_group.py took 0.133 seconds
[2023-09-14T11:02:01.514+0800] {processor.py:157} INFO - Started process (PID=70390) to work on /opt/homebrew/lib/python3.11/site-packages/airflow/example_dags/example_task_group.py
[2023-09-14T11:02:01.515+0800] {processor.py:829} INFO - Processing file /opt/homebrew/lib/python3.11/site-packages/airflow/example_dags/example_task_group.py for tasks to queue
[2023-09-14T11:02:01.515+0800] {logging_mixin.py:151} INFO - [2023-09-14T11:02:01.515+0800] {dagbag.py:539} INFO - Filling up the DagBag from /opt/homebrew/lib/python3.11/site-packages/airflow/example_dags/example_task_group.py
[2023-09-14T11:02:01.531+0800] {processor.py:839} INFO - DAG(s) dict_keys(['example_task_group']) retrieved from /opt/homebrew/lib/python3.11/site-packages/airflow/example_dags/example_task_group.py
[2023-09-14T11:02:01.627+0800] {logging_mixin.py:151} INFO - [2023-09-14T11:02:01.627+0800] {dag.py:2915} INFO - Sync 1 DAGs
[2023-09-14T11:02:01.636+0800] {logging_mixin.py:151} INFO - [2023-09-14T11:02:01.635+0800] {dag.py:3696} INFO - Setting next_dagrun for example_task_group to 2023-09-13T03:02:01.635847+00:00, run_after=2023-09-14T03:02:01.635847+00:00
[2023-09-14T11:02:01.646+0800] {processor.py:179} INFO - Processing /opt/homebrew/lib/python3.11/site-packages/airflow/example_dags/example_task_group.py took 0.132 seconds
[2023-09-14T11:03:44.037+0800] {processor.py:157} INFO - Started process (PID=70574) to work on /opt/homebrew/lib/python3.11/site-packages/airflow/example_dags/example_task_group.py
[2023-09-14T11:03:44.037+0800] {processor.py:829} INFO - Processing file /opt/homebrew/lib/python3.11/site-packages/airflow/example_dags/example_task_group.py for tasks to queue
[2023-09-14T11:03:44.038+0800] {logging_mixin.py:151} INFO - [2023-09-14T11:03:44.038+0800] {dagbag.py:539} INFO - Filling up the DagBag from /opt/homebrew/lib/python3.11/site-packages/airflow/example_dags/example_task_group.py
[2023-09-14T11:03:44.054+0800] {processor.py:839} INFO - DAG(s) dict_keys(['example_task_group']) retrieved from /opt/homebrew/lib/python3.11/site-packages/airflow/example_dags/example_task_group.py
[2023-09-14T11:03:44.149+0800] {logging_mixin.py:151} INFO - [2023-09-14T11:03:44.149+0800] {dag.py:2915} INFO - Sync 1 DAGs
[2023-09-14T11:03:44.158+0800] {logging_mixin.py:151} INFO - [2023-09-14T11:03:44.158+0800] {dag.py:3696} INFO - Setting next_dagrun for example_task_group to 2023-09-13T03:03:44.158000+00:00, run_after=2023-09-14T03:03:44.158000+00:00
[2023-09-14T11:03:44.168+0800] {processor.py:179} INFO - Processing /opt/homebrew/lib/python3.11/site-packages/airflow/example_dags/example_task_group.py took 0.132 seconds
[2023-09-14T11:05:31.466+0800] {processor.py:157} INFO - Started process (PID=70787) to work on /opt/homebrew/lib/python3.11/site-packages/airflow/example_dags/example_task_group.py
[2023-09-14T11:05:31.466+0800] {processor.py:829} INFO - Processing file /opt/homebrew/lib/python3.11/site-packages/airflow/example_dags/example_task_group.py for tasks to queue
[2023-09-14T11:05:31.466+0800] {logging_mixin.py:151} INFO - [2023-09-14T11:05:31.466+0800] {dagbag.py:539} INFO - Filling up the DagBag from /opt/homebrew/lib/python3.11/site-packages/airflow/example_dags/example_task_group.py
[2023-09-14T11:05:31.483+0800] {processor.py:839} INFO - DAG(s) dict_keys(['example_task_group']) retrieved from /opt/homebrew/lib/python3.11/site-packages/airflow/example_dags/example_task_group.py
[2023-09-14T11:05:31.578+0800] {logging_mixin.py:151} INFO - [2023-09-14T11:05:31.578+0800] {dag.py:2915} INFO - Sync 1 DAGs
[2023-09-14T11:05:31.587+0800] {logging_mixin.py:151} INFO - [2023-09-14T11:05:31.587+0800] {dag.py:3696} INFO - Setting next_dagrun for example_task_group to 2023-09-13T03:05:31.587001+00:00, run_after=2023-09-14T03:05:31.587001+00:00
[2023-09-14T11:05:31.597+0800] {processor.py:179} INFO - Processing /opt/homebrew/lib/python3.11/site-packages/airflow/example_dags/example_task_group.py took 0.132 seconds
[2023-09-14T11:07:13.484+0800] {processor.py:157} INFO - Started process (PID=70973) to work on /opt/homebrew/lib/python3.11/site-packages/airflow/example_dags/example_task_group.py
[2023-09-14T11:07:13.484+0800] {processor.py:829} INFO - Processing file /opt/homebrew/lib/python3.11/site-packages/airflow/example_dags/example_task_group.py for tasks to queue
[2023-09-14T11:07:13.485+0800] {logging_mixin.py:151} INFO - [2023-09-14T11:07:13.485+0800] {dagbag.py:539} INFO - Filling up the DagBag from /opt/homebrew/lib/python3.11/site-packages/airflow/example_dags/example_task_group.py
[2023-09-14T11:07:13.501+0800] {processor.py:839} INFO - DAG(s) dict_keys(['example_task_group']) retrieved from /opt/homebrew/lib/python3.11/site-packages/airflow/example_dags/example_task_group.py
[2023-09-14T11:07:13.596+0800] {logging_mixin.py:151} INFO - [2023-09-14T11:07:13.596+0800] {dag.py:2915} INFO - Sync 1 DAGs
[2023-09-14T11:07:13.604+0800] {logging_mixin.py:151} INFO - [2023-09-14T11:07:13.604+0800] {dag.py:3696} INFO - Setting next_dagrun for example_task_group to 2023-09-13T03:07:13.604560+00:00, run_after=2023-09-14T03:07:13.604560+00:00
[2023-09-14T11:07:13.615+0800] {processor.py:179} INFO - Processing /opt/homebrew/lib/python3.11/site-packages/airflow/example_dags/example_task_group.py took 0.131 seconds
[2023-09-14T11:22:17.084+0800] {processor.py:157} INFO - Started process (PID=71163) to work on /opt/homebrew/lib/python3.11/site-packages/airflow/example_dags/example_task_group.py
[2023-09-14T11:22:17.085+0800] {processor.py:829} INFO - Processing file /opt/homebrew/lib/python3.11/site-packages/airflow/example_dags/example_task_group.py for tasks to queue
[2023-09-14T11:22:17.085+0800] {logging_mixin.py:151} INFO - [2023-09-14T11:22:17.085+0800] {dagbag.py:539} INFO - Filling up the DagBag from /opt/homebrew/lib/python3.11/site-packages/airflow/example_dags/example_task_group.py
[2023-09-14T11:22:17.102+0800] {processor.py:839} INFO - DAG(s) dict_keys(['example_task_group']) retrieved from /opt/homebrew/lib/python3.11/site-packages/airflow/example_dags/example_task_group.py
[2023-09-14T11:22:17.197+0800] {logging_mixin.py:151} INFO - [2023-09-14T11:22:17.197+0800] {dag.py:2915} INFO - Sync 1 DAGs
[2023-09-14T11:22:17.206+0800] {logging_mixin.py:151} INFO - [2023-09-14T11:22:17.205+0800] {dag.py:3696} INFO - Setting next_dagrun for example_task_group to 2023-09-13T03:22:17.205889+00:00, run_after=2023-09-14T03:22:17.205889+00:00
[2023-09-14T11:22:17.216+0800] {processor.py:179} INFO - Processing /opt/homebrew/lib/python3.11/site-packages/airflow/example_dags/example_task_group.py took 0.133 seconds
[2023-09-14T11:24:04.870+0800] {processor.py:157} INFO - Started process (PID=71292) to work on /opt/homebrew/lib/python3.11/site-packages/airflow/example_dags/example_task_group.py
[2023-09-14T11:24:04.871+0800] {processor.py:829} INFO - Processing file /opt/homebrew/lib/python3.11/site-packages/airflow/example_dags/example_task_group.py for tasks to queue
[2023-09-14T11:24:04.871+0800] {logging_mixin.py:151} INFO - [2023-09-14T11:24:04.871+0800] {dagbag.py:539} INFO - Filling up the DagBag from /opt/homebrew/lib/python3.11/site-packages/airflow/example_dags/example_task_group.py
[2023-09-14T11:24:04.887+0800] {processor.py:839} INFO - DAG(s) dict_keys(['example_task_group']) retrieved from /opt/homebrew/lib/python3.11/site-packages/airflow/example_dags/example_task_group.py
[2023-09-14T11:24:04.984+0800] {logging_mixin.py:151} INFO - [2023-09-14T11:24:04.984+0800] {dag.py:2915} INFO - Sync 1 DAGs
[2023-09-14T11:24:04.993+0800] {logging_mixin.py:151} INFO - [2023-09-14T11:24:04.992+0800] {dag.py:3696} INFO - Setting next_dagrun for example_task_group to 2023-09-13T03:24:04.992873+00:00, run_after=2023-09-14T03:24:04.992873+00:00
[2023-09-14T11:24:05.004+0800] {processor.py:179} INFO - Processing /opt/homebrew/lib/python3.11/site-packages/airflow/example_dags/example_task_group.py took 0.134 seconds
[2023-09-14T11:25:08.704+0800] {processor.py:157} INFO - Started process (PID=71403) to work on /opt/homebrew/lib/python3.11/site-packages/airflow/example_dags/example_task_group.py
[2023-09-14T11:25:08.705+0800] {processor.py:829} INFO - Processing file /opt/homebrew/lib/python3.11/site-packages/airflow/example_dags/example_task_group.py for tasks to queue
[2023-09-14T11:25:08.705+0800] {logging_mixin.py:151} INFO - [2023-09-14T11:25:08.705+0800] {dagbag.py:539} INFO - Filling up the DagBag from /opt/homebrew/lib/python3.11/site-packages/airflow/example_dags/example_task_group.py
[2023-09-14T11:25:08.721+0800] {processor.py:839} INFO - DAG(s) dict_keys(['example_task_group']) retrieved from /opt/homebrew/lib/python3.11/site-packages/airflow/example_dags/example_task_group.py
[2023-09-14T11:25:08.817+0800] {logging_mixin.py:151} INFO - [2023-09-14T11:25:08.817+0800] {dag.py:2915} INFO - Sync 1 DAGs
[2023-09-14T11:25:08.825+0800] {logging_mixin.py:151} INFO - [2023-09-14T11:25:08.825+0800] {dag.py:3696} INFO - Setting next_dagrun for example_task_group to 2023-09-13T03:25:08.825601+00:00, run_after=2023-09-14T03:25:08.825601+00:00
[2023-09-14T11:25:08.836+0800] {processor.py:179} INFO - Processing /opt/homebrew/lib/python3.11/site-packages/airflow/example_dags/example_task_group.py took 0.133 seconds
[2023-09-14T11:26:51.715+0800] {processor.py:157} INFO - Started process (PID=71589) to work on /opt/homebrew/lib/python3.11/site-packages/airflow/example_dags/example_task_group.py
[2023-09-14T11:26:51.715+0800] {processor.py:829} INFO - Processing file /opt/homebrew/lib/python3.11/site-packages/airflow/example_dags/example_task_group.py for tasks to queue
[2023-09-14T11:26:51.715+0800] {logging_mixin.py:151} INFO - [2023-09-14T11:26:51.715+0800] {dagbag.py:539} INFO - Filling up the DagBag from /opt/homebrew/lib/python3.11/site-packages/airflow/example_dags/example_task_group.py
[2023-09-14T11:26:51.731+0800] {processor.py:839} INFO - DAG(s) dict_keys(['example_task_group']) retrieved from /opt/homebrew/lib/python3.11/site-packages/airflow/example_dags/example_task_group.py
[2023-09-14T11:26:51.828+0800] {logging_mixin.py:151} INFO - [2023-09-14T11:26:51.827+0800] {dag.py:2915} INFO - Sync 1 DAGs
[2023-09-14T11:26:51.836+0800] {logging_mixin.py:151} INFO - [2023-09-14T11:26:51.836+0800] {dag.py:3696} INFO - Setting next_dagrun for example_task_group to 2023-09-13T03:26:51.836370+00:00, run_after=2023-09-14T03:26:51.836370+00:00
[2023-09-14T11:26:51.847+0800] {processor.py:179} INFO - Processing /opt/homebrew/lib/python3.11/site-packages/airflow/example_dags/example_task_group.py took 0.132 seconds
[2023-09-14T11:28:35.947+0800] {processor.py:157} INFO - Started process (PID=71775) to work on /opt/homebrew/lib/python3.11/site-packages/airflow/example_dags/example_task_group.py
[2023-09-14T11:28:35.947+0800] {processor.py:829} INFO - Processing file /opt/homebrew/lib/python3.11/site-packages/airflow/example_dags/example_task_group.py for tasks to queue
[2023-09-14T11:28:35.948+0800] {logging_mixin.py:151} INFO - [2023-09-14T11:28:35.948+0800] {dagbag.py:539} INFO - Filling up the DagBag from /opt/homebrew/lib/python3.11/site-packages/airflow/example_dags/example_task_group.py
[2023-09-14T11:28:35.964+0800] {processor.py:839} INFO - DAG(s) dict_keys(['example_task_group']) retrieved from /opt/homebrew/lib/python3.11/site-packages/airflow/example_dags/example_task_group.py
[2023-09-14T11:28:36.059+0800] {logging_mixin.py:151} INFO - [2023-09-14T11:28:36.059+0800] {dag.py:2915} INFO - Sync 1 DAGs
[2023-09-14T11:28:36.068+0800] {logging_mixin.py:151} INFO - [2023-09-14T11:28:36.068+0800] {dag.py:3696} INFO - Setting next_dagrun for example_task_group to 2023-09-13T03:28:36.067977+00:00, run_after=2023-09-14T03:28:36.067977+00:00
[2023-09-14T11:28:36.079+0800] {processor.py:179} INFO - Processing /opt/homebrew/lib/python3.11/site-packages/airflow/example_dags/example_task_group.py took 0.132 seconds
[2023-09-14T11:30:15.895+0800] {processor.py:157} INFO - Started process (PID=71957) to work on /opt/homebrew/lib/python3.11/site-packages/airflow/example_dags/example_task_group.py
[2023-09-14T11:30:15.896+0800] {processor.py:829} INFO - Processing file /opt/homebrew/lib/python3.11/site-packages/airflow/example_dags/example_task_group.py for tasks to queue
[2023-09-14T11:30:15.896+0800] {logging_mixin.py:151} INFO - [2023-09-14T11:30:15.896+0800] {dagbag.py:539} INFO - Filling up the DagBag from /opt/homebrew/lib/python3.11/site-packages/airflow/example_dags/example_task_group.py
[2023-09-14T11:30:15.912+0800] {processor.py:839} INFO - DAG(s) dict_keys(['example_task_group']) retrieved from /opt/homebrew/lib/python3.11/site-packages/airflow/example_dags/example_task_group.py
[2023-09-14T11:30:16.008+0800] {logging_mixin.py:151} INFO - [2023-09-14T11:30:16.008+0800] {dag.py:2915} INFO - Sync 1 DAGs
[2023-09-14T11:30:16.017+0800] {logging_mixin.py:151} INFO - [2023-09-14T11:30:16.016+0800] {dag.py:3696} INFO - Setting next_dagrun for example_task_group to 2023-09-13T03:30:16.016855+00:00, run_after=2023-09-14T03:30:16.016855+00:00
[2023-09-14T11:30:16.027+0800] {processor.py:179} INFO - Processing /opt/homebrew/lib/python3.11/site-packages/airflow/example_dags/example_task_group.py took 0.132 seconds
[2023-09-14T11:32:04.454+0800] {processor.py:157} INFO - Started process (PID=72146) to work on /opt/homebrew/lib/python3.11/site-packages/airflow/example_dags/example_task_group.py
[2023-09-14T11:32:04.455+0800] {processor.py:829} INFO - Processing file /opt/homebrew/lib/python3.11/site-packages/airflow/example_dags/example_task_group.py for tasks to queue
[2023-09-14T11:32:04.455+0800] {logging_mixin.py:151} INFO - [2023-09-14T11:32:04.455+0800] {dagbag.py:539} INFO - Filling up the DagBag from /opt/homebrew/lib/python3.11/site-packages/airflow/example_dags/example_task_group.py
[2023-09-14T11:32:04.471+0800] {processor.py:839} INFO - DAG(s) dict_keys(['example_task_group']) retrieved from /opt/homebrew/lib/python3.11/site-packages/airflow/example_dags/example_task_group.py
[2023-09-14T11:32:04.567+0800] {logging_mixin.py:151} INFO - [2023-09-14T11:32:04.567+0800] {dag.py:2915} INFO - Sync 1 DAGs
[2023-09-14T11:32:04.575+0800] {logging_mixin.py:151} INFO - [2023-09-14T11:32:04.575+0800] {dag.py:3696} INFO - Setting next_dagrun for example_task_group to 2023-09-13T03:32:04.575406+00:00, run_after=2023-09-14T03:32:04.575406+00:00
[2023-09-14T11:32:04.586+0800] {processor.py:179} INFO - Processing /opt/homebrew/lib/python3.11/site-packages/airflow/example_dags/example_task_group.py took 0.132 seconds
[2023-09-14T11:33:51.770+0800] {processor.py:157} INFO - Started process (PID=72342) to work on /opt/homebrew/lib/python3.11/site-packages/airflow/example_dags/example_task_group.py
[2023-09-14T11:33:51.770+0800] {processor.py:829} INFO - Processing file /opt/homebrew/lib/python3.11/site-packages/airflow/example_dags/example_task_group.py for tasks to queue
[2023-09-14T11:33:51.771+0800] {logging_mixin.py:151} INFO - [2023-09-14T11:33:51.770+0800] {dagbag.py:539} INFO - Filling up the DagBag from /opt/homebrew/lib/python3.11/site-packages/airflow/example_dags/example_task_group.py
[2023-09-14T11:33:51.787+0800] {processor.py:839} INFO - DAG(s) dict_keys(['example_task_group']) retrieved from /opt/homebrew/lib/python3.11/site-packages/airflow/example_dags/example_task_group.py
[2023-09-14T11:33:51.883+0800] {logging_mixin.py:151} INFO - [2023-09-14T11:33:51.883+0800] {dag.py:2915} INFO - Sync 1 DAGs
[2023-09-14T11:33:51.891+0800] {logging_mixin.py:151} INFO - [2023-09-14T11:33:51.891+0800] {dag.py:3696} INFO - Setting next_dagrun for example_task_group to 2023-09-13T03:33:51.891434+00:00, run_after=2023-09-14T03:33:51.891434+00:00
[2023-09-14T11:33:51.902+0800] {processor.py:179} INFO - Processing /opt/homebrew/lib/python3.11/site-packages/airflow/example_dags/example_task_group.py took 0.133 seconds
[2023-09-14T11:35:41.122+0800] {processor.py:157} INFO - Started process (PID=72536) to work on /opt/homebrew/lib/python3.11/site-packages/airflow/example_dags/example_task_group.py
[2023-09-14T11:35:41.123+0800] {processor.py:829} INFO - Processing file /opt/homebrew/lib/python3.11/site-packages/airflow/example_dags/example_task_group.py for tasks to queue
[2023-09-14T11:35:41.123+0800] {logging_mixin.py:151} INFO - [2023-09-14T11:35:41.123+0800] {dagbag.py:539} INFO - Filling up the DagBag from /opt/homebrew/lib/python3.11/site-packages/airflow/example_dags/example_task_group.py
[2023-09-14T11:35:41.139+0800] {processor.py:839} INFO - DAG(s) dict_keys(['example_task_group']) retrieved from /opt/homebrew/lib/python3.11/site-packages/airflow/example_dags/example_task_group.py
[2023-09-14T11:35:41.235+0800] {logging_mixin.py:151} INFO - [2023-09-14T11:35:41.235+0800] {dag.py:2915} INFO - Sync 1 DAGs
[2023-09-14T11:35:41.243+0800] {logging_mixin.py:151} INFO - [2023-09-14T11:35:41.243+0800] {dag.py:3696} INFO - Setting next_dagrun for example_task_group to 2023-09-13T03:35:41.243522+00:00, run_after=2023-09-14T03:35:41.243522+00:00
[2023-09-14T11:35:41.254+0800] {processor.py:179} INFO - Processing /opt/homebrew/lib/python3.11/site-packages/airflow/example_dags/example_task_group.py took 0.132 seconds
[2023-09-14T11:37:26.683+0800] {processor.py:157} INFO - Started process (PID=72725) to work on /opt/homebrew/lib/python3.11/site-packages/airflow/example_dags/example_task_group.py
[2023-09-14T11:37:26.683+0800] {processor.py:829} INFO - Processing file /opt/homebrew/lib/python3.11/site-packages/airflow/example_dags/example_task_group.py for tasks to queue
[2023-09-14T11:37:26.684+0800] {logging_mixin.py:151} INFO - [2023-09-14T11:37:26.684+0800] {dagbag.py:539} INFO - Filling up the DagBag from /opt/homebrew/lib/python3.11/site-packages/airflow/example_dags/example_task_group.py
[2023-09-14T11:37:26.700+0800] {processor.py:839} INFO - DAG(s) dict_keys(['example_task_group']) retrieved from /opt/homebrew/lib/python3.11/site-packages/airflow/example_dags/example_task_group.py
[2023-09-14T11:37:26.796+0800] {logging_mixin.py:151} INFO - [2023-09-14T11:37:26.795+0800] {dag.py:2915} INFO - Sync 1 DAGs
[2023-09-14T11:37:26.804+0800] {logging_mixin.py:151} INFO - [2023-09-14T11:37:26.804+0800] {dag.py:3696} INFO - Setting next_dagrun for example_task_group to 2023-09-13T03:37:26.804276+00:00, run_after=2023-09-14T03:37:26.804276+00:00
[2023-09-14T11:37:26.815+0800] {processor.py:179} INFO - Processing /opt/homebrew/lib/python3.11/site-packages/airflow/example_dags/example_task_group.py took 0.132 seconds
[2023-09-14T11:39:06.044+0800] {processor.py:157} INFO - Started process (PID=72927) to work on /opt/homebrew/lib/python3.11/site-packages/airflow/example_dags/example_task_group.py
[2023-09-14T11:39:06.044+0800] {processor.py:829} INFO - Processing file /opt/homebrew/lib/python3.11/site-packages/airflow/example_dags/example_task_group.py for tasks to queue
[2023-09-14T11:39:06.045+0800] {logging_mixin.py:151} INFO - [2023-09-14T11:39:06.045+0800] {dagbag.py:539} INFO - Filling up the DagBag from /opt/homebrew/lib/python3.11/site-packages/airflow/example_dags/example_task_group.py
[2023-09-14T11:39:06.061+0800] {processor.py:839} INFO - DAG(s) dict_keys(['example_task_group']) retrieved from /opt/homebrew/lib/python3.11/site-packages/airflow/example_dags/example_task_group.py
[2023-09-14T11:39:06.156+0800] {logging_mixin.py:151} INFO - [2023-09-14T11:39:06.156+0800] {dag.py:2915} INFO - Sync 1 DAGs
[2023-09-14T11:39:06.164+0800] {logging_mixin.py:151} INFO - [2023-09-14T11:39:06.164+0800] {dag.py:3696} INFO - Setting next_dagrun for example_task_group to 2023-09-13T03:39:06.164583+00:00, run_after=2023-09-14T03:39:06.164583+00:00
[2023-09-14T11:39:06.175+0800] {processor.py:179} INFO - Processing /opt/homebrew/lib/python3.11/site-packages/airflow/example_dags/example_task_group.py took 0.132 seconds
[2023-09-14T11:40:48.913+0800] {processor.py:157} INFO - Started process (PID=73108) to work on /opt/homebrew/lib/python3.11/site-packages/airflow/example_dags/example_task_group.py
[2023-09-14T11:40:48.914+0800] {processor.py:829} INFO - Processing file /opt/homebrew/lib/python3.11/site-packages/airflow/example_dags/example_task_group.py for tasks to queue
[2023-09-14T11:40:48.914+0800] {logging_mixin.py:151} INFO - [2023-09-14T11:40:48.914+0800] {dagbag.py:539} INFO - Filling up the DagBag from /opt/homebrew/lib/python3.11/site-packages/airflow/example_dags/example_task_group.py
[2023-09-14T11:40:48.930+0800] {processor.py:839} INFO - DAG(s) dict_keys(['example_task_group']) retrieved from /opt/homebrew/lib/python3.11/site-packages/airflow/example_dags/example_task_group.py
[2023-09-14T11:40:49.026+0800] {logging_mixin.py:151} INFO - [2023-09-14T11:40:49.026+0800] {dag.py:2915} INFO - Sync 1 DAGs
[2023-09-14T11:40:49.034+0800] {logging_mixin.py:151} INFO - [2023-09-14T11:40:49.034+0800] {dag.py:3696} INFO - Setting next_dagrun for example_task_group to 2023-09-13T03:40:49.034801+00:00, run_after=2023-09-14T03:40:49.034801+00:00
[2023-09-14T11:40:49.045+0800] {processor.py:179} INFO - Processing /opt/homebrew/lib/python3.11/site-packages/airflow/example_dags/example_task_group.py took 0.133 seconds
[2023-09-14T11:42:31.069+0800] {processor.py:157} INFO - Started process (PID=73293) to work on /opt/homebrew/lib/python3.11/site-packages/airflow/example_dags/example_task_group.py
[2023-09-14T11:42:31.070+0800] {processor.py:829} INFO - Processing file /opt/homebrew/lib/python3.11/site-packages/airflow/example_dags/example_task_group.py for tasks to queue
[2023-09-14T11:42:31.070+0800] {logging_mixin.py:151} INFO - [2023-09-14T11:42:31.070+0800] {dagbag.py:539} INFO - Filling up the DagBag from /opt/homebrew/lib/python3.11/site-packages/airflow/example_dags/example_task_group.py
[2023-09-14T11:42:31.086+0800] {processor.py:839} INFO - DAG(s) dict_keys(['example_task_group']) retrieved from /opt/homebrew/lib/python3.11/site-packages/airflow/example_dags/example_task_group.py
[2023-09-14T11:42:31.182+0800] {logging_mixin.py:151} INFO - [2023-09-14T11:42:31.182+0800] {dag.py:2915} INFO - Sync 1 DAGs
[2023-09-14T11:42:31.190+0800] {logging_mixin.py:151} INFO - [2023-09-14T11:42:31.190+0800] {dag.py:3696} INFO - Setting next_dagrun for example_task_group to 2023-09-13T03:42:31.190452+00:00, run_after=2023-09-14T03:42:31.190452+00:00
[2023-09-14T11:42:31.201+0800] {processor.py:179} INFO - Processing /opt/homebrew/lib/python3.11/site-packages/airflow/example_dags/example_task_group.py took 0.132 seconds
[2023-09-14T11:44:17.967+0800] {processor.py:157} INFO - Started process (PID=73477) to work on /opt/homebrew/lib/python3.11/site-packages/airflow/example_dags/example_task_group.py
[2023-09-14T11:44:17.968+0800] {processor.py:829} INFO - Processing file /opt/homebrew/lib/python3.11/site-packages/airflow/example_dags/example_task_group.py for tasks to queue
[2023-09-14T11:44:17.968+0800] {logging_mixin.py:151} INFO - [2023-09-14T11:44:17.968+0800] {dagbag.py:539} INFO - Filling up the DagBag from /opt/homebrew/lib/python3.11/site-packages/airflow/example_dags/example_task_group.py
[2023-09-14T11:44:17.984+0800] {processor.py:839} INFO - DAG(s) dict_keys(['example_task_group']) retrieved from /opt/homebrew/lib/python3.11/site-packages/airflow/example_dags/example_task_group.py
[2023-09-14T11:44:18.080+0800] {logging_mixin.py:151} INFO - [2023-09-14T11:44:18.080+0800] {dag.py:2915} INFO - Sync 1 DAGs
[2023-09-14T11:44:18.088+0800] {logging_mixin.py:151} INFO - [2023-09-14T11:44:18.088+0800] {dag.py:3696} INFO - Setting next_dagrun for example_task_group to 2023-09-13T03:44:18.088625+00:00, run_after=2023-09-14T03:44:18.088625+00:00
[2023-09-14T11:44:18.099+0800] {processor.py:179} INFO - Processing /opt/homebrew/lib/python3.11/site-packages/airflow/example_dags/example_task_group.py took 0.132 seconds
[2023-09-14T13:13:25.246+0800] {processor.py:157} INFO - Started process (PID=73755) to work on /opt/homebrew/lib/python3.11/site-packages/airflow/example_dags/example_task_group.py
[2023-09-14T13:13:25.247+0800] {processor.py:829} INFO - Processing file /opt/homebrew/lib/python3.11/site-packages/airflow/example_dags/example_task_group.py for tasks to queue
[2023-09-14T13:13:25.247+0800] {logging_mixin.py:151} INFO - [2023-09-14T13:13:25.247+0800] {dagbag.py:539} INFO - Filling up the DagBag from /opt/homebrew/lib/python3.11/site-packages/airflow/example_dags/example_task_group.py
[2023-09-14T13:13:25.263+0800] {processor.py:839} INFO - DAG(s) dict_keys(['example_task_group']) retrieved from /opt/homebrew/lib/python3.11/site-packages/airflow/example_dags/example_task_group.py
[2023-09-14T13:13:25.359+0800] {logging_mixin.py:151} INFO - [2023-09-14T13:13:25.359+0800] {dag.py:2915} INFO - Sync 1 DAGs
[2023-09-14T13:13:25.368+0800] {logging_mixin.py:151} INFO - [2023-09-14T13:13:25.367+0800] {dag.py:3696} INFO - Setting next_dagrun for example_task_group to 2023-09-13T05:13:25.367914+00:00, run_after=2023-09-14T05:13:25.367914+00:00
[2023-09-14T13:13:25.378+0800] {processor.py:179} INFO - Processing /opt/homebrew/lib/python3.11/site-packages/airflow/example_dags/example_task_group.py took 0.133 seconds
[2023-09-14T16:29:54.568+0800] {processor.py:157} INFO - Started process (PID=74045) to work on /opt/homebrew/lib/python3.11/site-packages/airflow/example_dags/example_task_group.py
[2023-09-14T16:29:54.569+0800] {processor.py:829} INFO - Processing file /opt/homebrew/lib/python3.11/site-packages/airflow/example_dags/example_task_group.py for tasks to queue
[2023-09-14T16:29:54.570+0800] {logging_mixin.py:151} INFO - [2023-09-14T16:29:54.570+0800] {dagbag.py:539} INFO - Filling up the DagBag from /opt/homebrew/lib/python3.11/site-packages/airflow/example_dags/example_task_group.py
[2023-09-14T16:29:54.599+0800] {processor.py:839} INFO - DAG(s) dict_keys(['example_task_group']) retrieved from /opt/homebrew/lib/python3.11/site-packages/airflow/example_dags/example_task_group.py
[2023-09-14T16:29:54.735+0800] {logging_mixin.py:151} INFO - [2023-09-14T16:29:54.735+0800] {dag.py:2915} INFO - Sync 1 DAGs
[2023-09-14T16:29:54.745+0800] {logging_mixin.py:151} INFO - [2023-09-14T16:29:54.745+0800] {dag.py:3696} INFO - Setting next_dagrun for example_task_group to 2023-09-13T08:29:54.745038+00:00, run_after=2023-09-14T08:29:54.745038+00:00
[2023-09-14T16:29:54.758+0800] {processor.py:179} INFO - Processing /opt/homebrew/lib/python3.11/site-packages/airflow/example_dags/example_task_group.py took 0.190 seconds
[2023-09-14T19:44:33.436+0800] {processor.py:157} INFO - Started process (PID=74363) to work on /opt/homebrew/lib/python3.11/site-packages/airflow/example_dags/example_task_group.py
[2023-09-14T19:44:33.437+0800] {processor.py:829} INFO - Processing file /opt/homebrew/lib/python3.11/site-packages/airflow/example_dags/example_task_group.py for tasks to queue
[2023-09-14T19:44:33.437+0800] {logging_mixin.py:151} INFO - [2023-09-14T19:44:33.437+0800] {dagbag.py:539} INFO - Filling up the DagBag from /opt/homebrew/lib/python3.11/site-packages/airflow/example_dags/example_task_group.py
[2023-09-14T19:44:33.453+0800] {processor.py:839} INFO - DAG(s) dict_keys(['example_task_group']) retrieved from /opt/homebrew/lib/python3.11/site-packages/airflow/example_dags/example_task_group.py
[2023-09-14T19:44:33.549+0800] {logging_mixin.py:151} INFO - [2023-09-14T19:44:33.549+0800] {dag.py:2915} INFO - Sync 1 DAGs
[2023-09-14T19:44:33.558+0800] {logging_mixin.py:151} INFO - [2023-09-14T19:44:33.558+0800] {dag.py:3696} INFO - Setting next_dagrun for example_task_group to 2023-09-13T11:44:33.558112+00:00, run_after=2023-09-14T11:44:33.558112+00:00
[2023-09-14T19:44:33.569+0800] {processor.py:179} INFO - Processing /opt/homebrew/lib/python3.11/site-packages/airflow/example_dags/example_task_group.py took 0.133 seconds
[2023-09-14T23:05:41.815+0800] {processor.py:157} INFO - Started process (PID=74725) to work on /opt/homebrew/lib/python3.11/site-packages/airflow/example_dags/example_task_group.py
[2023-09-14T23:05:41.816+0800] {processor.py:829} INFO - Processing file /opt/homebrew/lib/python3.11/site-packages/airflow/example_dags/example_task_group.py for tasks to queue
[2023-09-14T23:05:41.817+0800] {logging_mixin.py:151} INFO - [2023-09-14T23:05:41.817+0800] {dagbag.py:539} INFO - Filling up the DagBag from /opt/homebrew/lib/python3.11/site-packages/airflow/example_dags/example_task_group.py
[2023-09-14T23:05:41.833+0800] {processor.py:839} INFO - DAG(s) dict_keys(['example_task_group']) retrieved from /opt/homebrew/lib/python3.11/site-packages/airflow/example_dags/example_task_group.py
[2023-09-14T23:05:41.929+0800] {logging_mixin.py:151} INFO - [2023-09-14T23:05:41.929+0800] {dag.py:2915} INFO - Sync 1 DAGs
[2023-09-14T23:05:41.937+0800] {logging_mixin.py:151} INFO - [2023-09-14T23:05:41.937+0800] {dag.py:3696} INFO - Setting next_dagrun for example_task_group to 2023-09-13T15:05:41.937815+00:00, run_after=2023-09-14T15:05:41.937815+00:00
[2023-09-14T23:05:41.948+0800] {processor.py:179} INFO - Processing /opt/homebrew/lib/python3.11/site-packages/airflow/example_dags/example_task_group.py took 0.133 seconds
[2023-09-15T02:24:57.250+0800] {processor.py:157} INFO - Started process (PID=75054) to work on /opt/homebrew/lib/python3.11/site-packages/airflow/example_dags/example_task_group.py
[2023-09-15T02:24:57.251+0800] {processor.py:829} INFO - Processing file /opt/homebrew/lib/python3.11/site-packages/airflow/example_dags/example_task_group.py for tasks to queue
[2023-09-15T02:24:57.251+0800] {logging_mixin.py:151} INFO - [2023-09-15T02:24:57.251+0800] {dagbag.py:539} INFO - Filling up the DagBag from /opt/homebrew/lib/python3.11/site-packages/airflow/example_dags/example_task_group.py
[2023-09-15T02:24:57.268+0800] {processor.py:839} INFO - DAG(s) dict_keys(['example_task_group']) retrieved from /opt/homebrew/lib/python3.11/site-packages/airflow/example_dags/example_task_group.py
[2023-09-15T02:24:57.363+0800] {logging_mixin.py:151} INFO - [2023-09-15T02:24:57.363+0800] {dag.py:2915} INFO - Sync 1 DAGs
[2023-09-15T02:24:57.371+0800] {logging_mixin.py:151} INFO - [2023-09-15T02:24:57.371+0800] {dag.py:3696} INFO - Setting next_dagrun for example_task_group to 2023-09-13T18:24:57.371429+00:00, run_after=2023-09-14T18:24:57.371429+00:00
[2023-09-15T02:24:57.382+0800] {processor.py:179} INFO - Processing /opt/homebrew/lib/python3.11/site-packages/airflow/example_dags/example_task_group.py took 0.131 seconds
[2023-09-15T05:38:32.403+0800] {processor.py:157} INFO - Started process (PID=75383) to work on /opt/homebrew/lib/python3.11/site-packages/airflow/example_dags/example_task_group.py
[2023-09-15T05:38:32.404+0800] {processor.py:829} INFO - Processing file /opt/homebrew/lib/python3.11/site-packages/airflow/example_dags/example_task_group.py for tasks to queue
[2023-09-15T05:38:32.404+0800] {logging_mixin.py:151} INFO - [2023-09-15T05:38:32.404+0800] {dagbag.py:539} INFO - Filling up the DagBag from /opt/homebrew/lib/python3.11/site-packages/airflow/example_dags/example_task_group.py
[2023-09-15T05:38:32.420+0800] {processor.py:839} INFO - DAG(s) dict_keys(['example_task_group']) retrieved from /opt/homebrew/lib/python3.11/site-packages/airflow/example_dags/example_task_group.py
[2023-09-15T05:38:32.516+0800] {logging_mixin.py:151} INFO - [2023-09-15T05:38:32.516+0800] {dag.py:2915} INFO - Sync 1 DAGs
[2023-09-15T05:38:32.524+0800] {logging_mixin.py:151} INFO - [2023-09-15T05:38:32.524+0800] {dag.py:3696} INFO - Setting next_dagrun for example_task_group to 2023-09-13T21:38:32.524482+00:00, run_after=2023-09-14T21:38:32.524482+00:00
[2023-09-15T05:38:32.535+0800] {processor.py:179} INFO - Processing /opt/homebrew/lib/python3.11/site-packages/airflow/example_dags/example_task_group.py took 0.132 seconds
