[2023-09-14T10:31:33.972+0800] {processor.py:157} INFO - Started process (PID=67017) to work on /opt/homebrew/lib/python3.11/site-packages/airflow/example_dags/example_latest_only_with_trigger.py
[2023-09-14T10:31:33.972+0800] {processor.py:829} INFO - Processing file /opt/homebrew/lib/python3.11/site-packages/airflow/example_dags/example_latest_only_with_trigger.py for tasks to queue
[2023-09-14T10:31:33.973+0800] {logging_mixin.py:151} INFO - [2023-09-14T10:31:33.973+0800] {dagbag.py:539} INFO - Filling up the DagBag from /opt/homebrew/lib/python3.11/site-packages/airflow/example_dags/example_latest_only_with_trigger.py
[2023-09-14T10:31:33.988+0800] {processor.py:839} INFO - DAG(s) dict_keys(['latest_only_with_trigger']) retrieved from /opt/homebrew/lib/python3.11/site-packages/airflow/example_dags/example_latest_only_with_trigger.py
[2023-09-14T10:31:34.085+0800] {logging_mixin.py:151} INFO - [2023-09-14T10:31:34.085+0800] {dag.py:2915} INFO - Sync 1 DAGs
[2023-09-14T10:31:34.094+0800] {logging_mixin.py:151} INFO - [2023-09-14T10:31:34.094+0800] {dag.py:3696} INFO - Setting next_dagrun for latest_only_with_trigger to 2023-09-13T22:31:34.094008+00:00, run_after=2023-09-14T02:31:34.094008+00:00
[2023-09-14T10:31:34.105+0800] {processor.py:179} INFO - Processing /opt/homebrew/lib/python3.11/site-packages/airflow/example_dags/example_latest_only_with_trigger.py took 0.133 seconds
[2023-09-14T10:33:17.157+0800] {processor.py:157} INFO - Started process (PID=67234) to work on /opt/homebrew/lib/python3.11/site-packages/airflow/example_dags/example_latest_only_with_trigger.py
[2023-09-14T10:33:17.159+0800] {processor.py:829} INFO - Processing file /opt/homebrew/lib/python3.11/site-packages/airflow/example_dags/example_latest_only_with_trigger.py for tasks to queue
[2023-09-14T10:33:17.159+0800] {logging_mixin.py:151} INFO - [2023-09-14T10:33:17.159+0800] {dagbag.py:539} INFO - Filling up the DagBag from /opt/homebrew/lib/python3.11/site-packages/airflow/example_dags/example_latest_only_with_trigger.py
[2023-09-14T10:33:17.174+0800] {processor.py:839} INFO - DAG(s) dict_keys(['latest_only_with_trigger']) retrieved from /opt/homebrew/lib/python3.11/site-packages/airflow/example_dags/example_latest_only_with_trigger.py
[2023-09-14T10:33:17.271+0800] {logging_mixin.py:151} INFO - [2023-09-14T10:33:17.270+0800] {dag.py:2915} INFO - Sync 1 DAGs
[2023-09-14T10:33:17.279+0800] {logging_mixin.py:151} INFO - [2023-09-14T10:33:17.279+0800] {dag.py:3696} INFO - Setting next_dagrun for latest_only_with_trigger to 2023-09-13T22:33:17.279213+00:00, run_after=2023-09-14T02:33:17.279213+00:00
[2023-09-14T10:33:17.290+0800] {processor.py:179} INFO - Processing /opt/homebrew/lib/python3.11/site-packages/airflow/example_dags/example_latest_only_with_trigger.py took 0.133 seconds
[2023-09-14T10:34:57.197+0800] {processor.py:157} INFO - Started process (PID=67438) to work on /opt/homebrew/lib/python3.11/site-packages/airflow/example_dags/example_latest_only_with_trigger.py
[2023-09-14T10:34:57.197+0800] {processor.py:829} INFO - Processing file /opt/homebrew/lib/python3.11/site-packages/airflow/example_dags/example_latest_only_with_trigger.py for tasks to queue
[2023-09-14T10:34:57.198+0800] {logging_mixin.py:151} INFO - [2023-09-14T10:34:57.198+0800] {dagbag.py:539} INFO - Filling up the DagBag from /opt/homebrew/lib/python3.11/site-packages/airflow/example_dags/example_latest_only_with_trigger.py
[2023-09-14T10:34:57.213+0800] {processor.py:839} INFO - DAG(s) dict_keys(['latest_only_with_trigger']) retrieved from /opt/homebrew/lib/python3.11/site-packages/airflow/example_dags/example_latest_only_with_trigger.py
[2023-09-14T10:34:57.309+0800] {logging_mixin.py:151} INFO - [2023-09-14T10:34:57.308+0800] {dag.py:2915} INFO - Sync 1 DAGs
[2023-09-14T10:34:57.317+0800] {logging_mixin.py:151} INFO - [2023-09-14T10:34:57.317+0800] {dag.py:3696} INFO - Setting next_dagrun for latest_only_with_trigger to 2023-09-13T22:34:57.317238+00:00, run_after=2023-09-14T02:34:57.317238+00:00
[2023-09-14T10:34:57.328+0800] {processor.py:179} INFO - Processing /opt/homebrew/lib/python3.11/site-packages/airflow/example_dags/example_latest_only_with_trigger.py took 0.131 seconds
[2023-09-14T10:36:41.856+0800] {processor.py:157} INFO - Started process (PID=67624) to work on /opt/homebrew/lib/python3.11/site-packages/airflow/example_dags/example_latest_only_with_trigger.py
[2023-09-14T10:36:41.857+0800] {processor.py:829} INFO - Processing file /opt/homebrew/lib/python3.11/site-packages/airflow/example_dags/example_latest_only_with_trigger.py for tasks to queue
[2023-09-14T10:36:41.857+0800] {logging_mixin.py:151} INFO - [2023-09-14T10:36:41.857+0800] {dagbag.py:539} INFO - Filling up the DagBag from /opt/homebrew/lib/python3.11/site-packages/airflow/example_dags/example_latest_only_with_trigger.py
[2023-09-14T10:36:41.872+0800] {processor.py:839} INFO - DAG(s) dict_keys(['latest_only_with_trigger']) retrieved from /opt/homebrew/lib/python3.11/site-packages/airflow/example_dags/example_latest_only_with_trigger.py
[2023-09-14T10:36:41.967+0800] {logging_mixin.py:151} INFO - [2023-09-14T10:36:41.967+0800] {dag.py:2915} INFO - Sync 1 DAGs
[2023-09-14T10:36:41.976+0800] {logging_mixin.py:151} INFO - [2023-09-14T10:36:41.976+0800] {dag.py:3696} INFO - Setting next_dagrun for latest_only_with_trigger to 2023-09-13T22:36:41.976035+00:00, run_after=2023-09-14T02:36:41.976035+00:00
[2023-09-14T10:36:41.986+0800] {processor.py:179} INFO - Processing /opt/homebrew/lib/python3.11/site-packages/airflow/example_dags/example_latest_only_with_trigger.py took 0.131 seconds
[2023-09-14T10:38:22.044+0800] {processor.py:157} INFO - Started process (PID=67813) to work on /opt/homebrew/lib/python3.11/site-packages/airflow/example_dags/example_latest_only_with_trigger.py
[2023-09-14T10:38:22.046+0800] {processor.py:829} INFO - Processing file /opt/homebrew/lib/python3.11/site-packages/airflow/example_dags/example_latest_only_with_trigger.py for tasks to queue
[2023-09-14T10:38:22.046+0800] {logging_mixin.py:151} INFO - [2023-09-14T10:38:22.046+0800] {dagbag.py:539} INFO - Filling up the DagBag from /opt/homebrew/lib/python3.11/site-packages/airflow/example_dags/example_latest_only_with_trigger.py
[2023-09-14T10:38:22.062+0800] {processor.py:839} INFO - DAG(s) dict_keys(['latest_only_with_trigger']) retrieved from /opt/homebrew/lib/python3.11/site-packages/airflow/example_dags/example_latest_only_with_trigger.py
[2023-09-14T10:38:22.157+0800] {logging_mixin.py:151} INFO - [2023-09-14T10:38:22.156+0800] {dag.py:2915} INFO - Sync 1 DAGs
[2023-09-14T10:38:22.165+0800] {logging_mixin.py:151} INFO - [2023-09-14T10:38:22.165+0800] {dag.py:3696} INFO - Setting next_dagrun for latest_only_with_trigger to 2023-09-13T22:38:22.165216+00:00, run_after=2023-09-14T02:38:22.165216+00:00
[2023-09-14T10:38:22.176+0800] {processor.py:179} INFO - Processing /opt/homebrew/lib/python3.11/site-packages/airflow/example_dags/example_latest_only_with_trigger.py took 0.132 seconds
[2023-09-14T10:40:06.445+0800] {processor.py:157} INFO - Started process (PID=68006) to work on /opt/homebrew/lib/python3.11/site-packages/airflow/example_dags/example_latest_only_with_trigger.py
[2023-09-14T10:40:06.446+0800] {processor.py:829} INFO - Processing file /opt/homebrew/lib/python3.11/site-packages/airflow/example_dags/example_latest_only_with_trigger.py for tasks to queue
[2023-09-14T10:40:06.446+0800] {logging_mixin.py:151} INFO - [2023-09-14T10:40:06.446+0800] {dagbag.py:539} INFO - Filling up the DagBag from /opt/homebrew/lib/python3.11/site-packages/airflow/example_dags/example_latest_only_with_trigger.py
[2023-09-14T10:40:06.462+0800] {processor.py:839} INFO - DAG(s) dict_keys(['latest_only_with_trigger']) retrieved from /opt/homebrew/lib/python3.11/site-packages/airflow/example_dags/example_latest_only_with_trigger.py
[2023-09-14T10:40:06.557+0800] {logging_mixin.py:151} INFO - [2023-09-14T10:40:06.557+0800] {dag.py:2915} INFO - Sync 1 DAGs
[2023-09-14T10:40:06.565+0800] {logging_mixin.py:151} INFO - [2023-09-14T10:40:06.565+0800] {dag.py:3696} INFO - Setting next_dagrun for latest_only_with_trigger to 2023-09-13T22:40:06.565328+00:00, run_after=2023-09-14T02:40:06.565328+00:00
[2023-09-14T10:40:06.576+0800] {processor.py:179} INFO - Processing /opt/homebrew/lib/python3.11/site-packages/airflow/example_dags/example_latest_only_with_trigger.py took 0.131 seconds
[2023-09-14T10:41:56.584+0800] {processor.py:157} INFO - Started process (PID=68198) to work on /opt/homebrew/lib/python3.11/site-packages/airflow/example_dags/example_latest_only_with_trigger.py
[2023-09-14T10:41:56.585+0800] {processor.py:829} INFO - Processing file /opt/homebrew/lib/python3.11/site-packages/airflow/example_dags/example_latest_only_with_trigger.py for tasks to queue
[2023-09-14T10:41:56.586+0800] {logging_mixin.py:151} INFO - [2023-09-14T10:41:56.586+0800] {dagbag.py:539} INFO - Filling up the DagBag from /opt/homebrew/lib/python3.11/site-packages/airflow/example_dags/example_latest_only_with_trigger.py
[2023-09-14T10:41:56.601+0800] {processor.py:839} INFO - DAG(s) dict_keys(['latest_only_with_trigger']) retrieved from /opt/homebrew/lib/python3.11/site-packages/airflow/example_dags/example_latest_only_with_trigger.py
[2023-09-14T10:41:56.697+0800] {logging_mixin.py:151} INFO - [2023-09-14T10:41:56.697+0800] {dag.py:2915} INFO - Sync 1 DAGs
[2023-09-14T10:41:56.705+0800] {logging_mixin.py:151} INFO - [2023-09-14T10:41:56.705+0800] {dag.py:3696} INFO - Setting next_dagrun for latest_only_with_trigger to 2023-09-13T22:41:56.705567+00:00, run_after=2023-09-14T02:41:56.705567+00:00
[2023-09-14T10:41:56.716+0800] {processor.py:179} INFO - Processing /opt/homebrew/lib/python3.11/site-packages/airflow/example_dags/example_latest_only_with_trigger.py took 0.132 seconds
[2023-09-14T10:43:40.834+0800] {processor.py:157} INFO - Started process (PID=68386) to work on /opt/homebrew/lib/python3.11/site-packages/airflow/example_dags/example_latest_only_with_trigger.py
[2023-09-14T10:43:40.837+0800] {processor.py:829} INFO - Processing file /opt/homebrew/lib/python3.11/site-packages/airflow/example_dags/example_latest_only_with_trigger.py for tasks to queue
[2023-09-14T10:43:40.837+0800] {logging_mixin.py:151} INFO - [2023-09-14T10:43:40.837+0800] {dagbag.py:539} INFO - Filling up the DagBag from /opt/homebrew/lib/python3.11/site-packages/airflow/example_dags/example_latest_only_with_trigger.py
[2023-09-14T10:43:40.853+0800] {processor.py:839} INFO - DAG(s) dict_keys(['latest_only_with_trigger']) retrieved from /opt/homebrew/lib/python3.11/site-packages/airflow/example_dags/example_latest_only_with_trigger.py
[2023-09-14T10:43:40.951+0800] {logging_mixin.py:151} INFO - [2023-09-14T10:43:40.950+0800] {dag.py:2915} INFO - Sync 1 DAGs
[2023-09-14T10:43:40.959+0800] {logging_mixin.py:151} INFO - [2023-09-14T10:43:40.959+0800] {dag.py:3696} INFO - Setting next_dagrun for latest_only_with_trigger to 2023-09-13T22:43:40.959620+00:00, run_after=2023-09-14T02:43:40.959620+00:00
[2023-09-14T10:43:40.970+0800] {processor.py:179} INFO - Processing /opt/homebrew/lib/python3.11/site-packages/airflow/example_dags/example_latest_only_with_trigger.py took 0.137 seconds
[2023-09-14T10:45:23.774+0800] {processor.py:157} INFO - Started process (PID=68577) to work on /opt/homebrew/lib/python3.11/site-packages/airflow/example_dags/example_latest_only_with_trigger.py
[2023-09-14T10:45:23.774+0800] {processor.py:829} INFO - Processing file /opt/homebrew/lib/python3.11/site-packages/airflow/example_dags/example_latest_only_with_trigger.py for tasks to queue
[2023-09-14T10:45:23.774+0800] {logging_mixin.py:151} INFO - [2023-09-14T10:45:23.774+0800] {dagbag.py:539} INFO - Filling up the DagBag from /opt/homebrew/lib/python3.11/site-packages/airflow/example_dags/example_latest_only_with_trigger.py
[2023-09-14T10:45:23.789+0800] {processor.py:839} INFO - DAG(s) dict_keys(['latest_only_with_trigger']) retrieved from /opt/homebrew/lib/python3.11/site-packages/airflow/example_dags/example_latest_only_with_trigger.py
[2023-09-14T10:45:23.884+0800] {logging_mixin.py:151} INFO - [2023-09-14T10:45:23.884+0800] {dag.py:2915} INFO - Sync 1 DAGs
[2023-09-14T10:45:23.893+0800] {logging_mixin.py:151} INFO - [2023-09-14T10:45:23.893+0800] {dag.py:3696} INFO - Setting next_dagrun for latest_only_with_trigger to 2023-09-13T22:45:23.893011+00:00, run_after=2023-09-14T02:45:23.893011+00:00
[2023-09-14T10:45:23.904+0800] {processor.py:179} INFO - Processing /opt/homebrew/lib/python3.11/site-packages/airflow/example_dags/example_latest_only_with_trigger.py took 0.131 seconds
[2023-09-14T10:47:09.693+0800] {processor.py:157} INFO - Started process (PID=68765) to work on /opt/homebrew/lib/python3.11/site-packages/airflow/example_dags/example_latest_only_with_trigger.py
[2023-09-14T10:47:09.694+0800] {processor.py:829} INFO - Processing file /opt/homebrew/lib/python3.11/site-packages/airflow/example_dags/example_latest_only_with_trigger.py for tasks to queue
[2023-09-14T10:47:09.695+0800] {logging_mixin.py:151} INFO - [2023-09-14T10:47:09.694+0800] {dagbag.py:539} INFO - Filling up the DagBag from /opt/homebrew/lib/python3.11/site-packages/airflow/example_dags/example_latest_only_with_trigger.py
[2023-09-14T10:47:09.710+0800] {processor.py:839} INFO - DAG(s) dict_keys(['latest_only_with_trigger']) retrieved from /opt/homebrew/lib/python3.11/site-packages/airflow/example_dags/example_latest_only_with_trigger.py
[2023-09-14T10:47:09.805+0800] {logging_mixin.py:151} INFO - [2023-09-14T10:47:09.805+0800] {dag.py:2915} INFO - Sync 1 DAGs
[2023-09-14T10:47:09.813+0800] {logging_mixin.py:151} INFO - [2023-09-14T10:47:09.813+0800] {dag.py:3696} INFO - Setting next_dagrun for latest_only_with_trigger to 2023-09-13T22:47:09.813742+00:00, run_after=2023-09-14T02:47:09.813742+00:00
[2023-09-14T10:47:09.824+0800] {processor.py:179} INFO - Processing /opt/homebrew/lib/python3.11/site-packages/airflow/example_dags/example_latest_only_with_trigger.py took 0.132 seconds
[2023-09-14T10:48:53.310+0800] {processor.py:157} INFO - Started process (PID=68951) to work on /opt/homebrew/lib/python3.11/site-packages/airflow/example_dags/example_latest_only_with_trigger.py
[2023-09-14T10:48:53.311+0800] {processor.py:829} INFO - Processing file /opt/homebrew/lib/python3.11/site-packages/airflow/example_dags/example_latest_only_with_trigger.py for tasks to queue
[2023-09-14T10:48:53.311+0800] {logging_mixin.py:151} INFO - [2023-09-14T10:48:53.311+0800] {dagbag.py:539} INFO - Filling up the DagBag from /opt/homebrew/lib/python3.11/site-packages/airflow/example_dags/example_latest_only_with_trigger.py
[2023-09-14T10:48:53.327+0800] {processor.py:839} INFO - DAG(s) dict_keys(['latest_only_with_trigger']) retrieved from /opt/homebrew/lib/python3.11/site-packages/airflow/example_dags/example_latest_only_with_trigger.py
[2023-09-14T10:48:53.422+0800] {logging_mixin.py:151} INFO - [2023-09-14T10:48:53.422+0800] {dag.py:2915} INFO - Sync 1 DAGs
[2023-09-14T10:48:53.431+0800] {logging_mixin.py:151} INFO - [2023-09-14T10:48:53.431+0800] {dag.py:3696} INFO - Setting next_dagrun for latest_only_with_trigger to 2023-09-13T22:48:53.431262+00:00, run_after=2023-09-14T02:48:53.431262+00:00
[2023-09-14T10:48:53.442+0800] {processor.py:179} INFO - Processing /opt/homebrew/lib/python3.11/site-packages/airflow/example_dags/example_latest_only_with_trigger.py took 0.132 seconds
[2023-09-14T10:50:42.893+0800] {processor.py:157} INFO - Started process (PID=69150) to work on /opt/homebrew/lib/python3.11/site-packages/airflow/example_dags/example_latest_only_with_trigger.py
[2023-09-14T10:50:42.894+0800] {processor.py:829} INFO - Processing file /opt/homebrew/lib/python3.11/site-packages/airflow/example_dags/example_latest_only_with_trigger.py for tasks to queue
[2023-09-14T10:50:42.894+0800] {logging_mixin.py:151} INFO - [2023-09-14T10:50:42.894+0800] {dagbag.py:539} INFO - Filling up the DagBag from /opt/homebrew/lib/python3.11/site-packages/airflow/example_dags/example_latest_only_with_trigger.py
[2023-09-14T10:50:42.909+0800] {processor.py:839} INFO - DAG(s) dict_keys(['latest_only_with_trigger']) retrieved from /opt/homebrew/lib/python3.11/site-packages/airflow/example_dags/example_latest_only_with_trigger.py
[2023-09-14T10:50:43.004+0800] {logging_mixin.py:151} INFO - [2023-09-14T10:50:43.004+0800] {dag.py:2915} INFO - Sync 1 DAGs
[2023-09-14T10:50:43.013+0800] {logging_mixin.py:151} INFO - [2023-09-14T10:50:43.013+0800] {dag.py:3696} INFO - Setting next_dagrun for latest_only_with_trigger to 2023-09-13T22:50:43.013210+00:00, run_after=2023-09-14T02:50:43.013210+00:00
[2023-09-14T10:50:43.024+0800] {processor.py:179} INFO - Processing /opt/homebrew/lib/python3.11/site-packages/airflow/example_dags/example_latest_only_with_trigger.py took 0.131 seconds
[2023-09-14T10:52:31.197+0800] {processor.py:157} INFO - Started process (PID=69340) to work on /opt/homebrew/lib/python3.11/site-packages/airflow/example_dags/example_latest_only_with_trigger.py
[2023-09-14T10:52:31.198+0800] {processor.py:829} INFO - Processing file /opt/homebrew/lib/python3.11/site-packages/airflow/example_dags/example_latest_only_with_trigger.py for tasks to queue
[2023-09-14T10:52:31.198+0800] {logging_mixin.py:151} INFO - [2023-09-14T10:52:31.198+0800] {dagbag.py:539} INFO - Filling up the DagBag from /opt/homebrew/lib/python3.11/site-packages/airflow/example_dags/example_latest_only_with_trigger.py
[2023-09-14T10:52:31.213+0800] {processor.py:839} INFO - DAG(s) dict_keys(['latest_only_with_trigger']) retrieved from /opt/homebrew/lib/python3.11/site-packages/airflow/example_dags/example_latest_only_with_trigger.py
[2023-09-14T10:52:31.309+0800] {logging_mixin.py:151} INFO - [2023-09-14T10:52:31.309+0800] {dag.py:2915} INFO - Sync 1 DAGs
[2023-09-14T10:52:31.318+0800] {logging_mixin.py:151} INFO - [2023-09-14T10:52:31.318+0800] {dag.py:3696} INFO - Setting next_dagrun for latest_only_with_trigger to 2023-09-13T22:52:31.318133+00:00, run_after=2023-09-14T02:52:31.318133+00:00
[2023-09-14T10:52:31.329+0800] {processor.py:179} INFO - Processing /opt/homebrew/lib/python3.11/site-packages/airflow/example_dags/example_latest_only_with_trigger.py took 0.132 seconds
[2023-09-14T10:54:20.370+0800] {processor.py:157} INFO - Started process (PID=69550) to work on /opt/homebrew/lib/python3.11/site-packages/airflow/example_dags/example_latest_only_with_trigger.py
[2023-09-14T10:54:20.372+0800] {processor.py:829} INFO - Processing file /opt/homebrew/lib/python3.11/site-packages/airflow/example_dags/example_latest_only_with_trigger.py for tasks to queue
[2023-09-14T10:54:20.372+0800] {logging_mixin.py:151} INFO - [2023-09-14T10:54:20.372+0800] {dagbag.py:539} INFO - Filling up the DagBag from /opt/homebrew/lib/python3.11/site-packages/airflow/example_dags/example_latest_only_with_trigger.py
[2023-09-14T10:54:20.388+0800] {processor.py:839} INFO - DAG(s) dict_keys(['latest_only_with_trigger']) retrieved from /opt/homebrew/lib/python3.11/site-packages/airflow/example_dags/example_latest_only_with_trigger.py
[2023-09-14T10:54:20.483+0800] {logging_mixin.py:151} INFO - [2023-09-14T10:54:20.483+0800] {dag.py:2915} INFO - Sync 1 DAGs
[2023-09-14T10:54:20.492+0800] {logging_mixin.py:151} INFO - [2023-09-14T10:54:20.492+0800] {dag.py:3696} INFO - Setting next_dagrun for latest_only_with_trigger to 2023-09-13T22:54:20.491921+00:00, run_after=2023-09-14T02:54:20.491921+00:00
[2023-09-14T10:54:20.503+0800] {processor.py:179} INFO - Processing /opt/homebrew/lib/python3.11/site-packages/airflow/example_dags/example_latest_only_with_trigger.py took 0.133 seconds
[2023-09-14T10:56:04.357+0800] {processor.py:157} INFO - Started process (PID=69744) to work on /opt/homebrew/lib/python3.11/site-packages/airflow/example_dags/example_latest_only_with_trigger.py
[2023-09-14T10:56:04.357+0800] {processor.py:829} INFO - Processing file /opt/homebrew/lib/python3.11/site-packages/airflow/example_dags/example_latest_only_with_trigger.py for tasks to queue
[2023-09-14T10:56:04.357+0800] {logging_mixin.py:151} INFO - [2023-09-14T10:56:04.357+0800] {dagbag.py:539} INFO - Filling up the DagBag from /opt/homebrew/lib/python3.11/site-packages/airflow/example_dags/example_latest_only_with_trigger.py
[2023-09-14T10:56:04.374+0800] {processor.py:839} INFO - DAG(s) dict_keys(['latest_only_with_trigger']) retrieved from /opt/homebrew/lib/python3.11/site-packages/airflow/example_dags/example_latest_only_with_trigger.py
[2023-09-14T10:56:04.469+0800] {logging_mixin.py:151} INFO - [2023-09-14T10:56:04.469+0800] {dag.py:2915} INFO - Sync 1 DAGs
[2023-09-14T10:56:04.477+0800] {logging_mixin.py:151} INFO - [2023-09-14T10:56:04.477+0800] {dag.py:3696} INFO - Setting next_dagrun for latest_only_with_trigger to 2023-09-13T22:56:04.477500+00:00, run_after=2023-09-14T02:56:04.477500+00:00
[2023-09-14T10:56:04.488+0800] {processor.py:179} INFO - Processing /opt/homebrew/lib/python3.11/site-packages/airflow/example_dags/example_latest_only_with_trigger.py took 0.132 seconds
[2023-09-14T10:57:45.094+0800] {processor.py:157} INFO - Started process (PID=69927) to work on /opt/homebrew/lib/python3.11/site-packages/airflow/example_dags/example_latest_only_with_trigger.py
[2023-09-14T10:57:45.094+0800] {processor.py:829} INFO - Processing file /opt/homebrew/lib/python3.11/site-packages/airflow/example_dags/example_latest_only_with_trigger.py for tasks to queue
[2023-09-14T10:57:45.095+0800] {logging_mixin.py:151} INFO - [2023-09-14T10:57:45.094+0800] {dagbag.py:539} INFO - Filling up the DagBag from /opt/homebrew/lib/python3.11/site-packages/airflow/example_dags/example_latest_only_with_trigger.py
[2023-09-14T10:57:45.110+0800] {processor.py:839} INFO - DAG(s) dict_keys(['latest_only_with_trigger']) retrieved from /opt/homebrew/lib/python3.11/site-packages/airflow/example_dags/example_latest_only_with_trigger.py
[2023-09-14T10:57:45.205+0800] {logging_mixin.py:151} INFO - [2023-09-14T10:57:45.205+0800] {dag.py:2915} INFO - Sync 1 DAGs
[2023-09-14T10:57:45.214+0800] {logging_mixin.py:151} INFO - [2023-09-14T10:57:45.214+0800] {dag.py:3696} INFO - Setting next_dagrun for latest_only_with_trigger to 2023-09-13T22:57:45.214181+00:00, run_after=2023-09-14T02:57:45.214181+00:00
[2023-09-14T10:57:45.225+0800] {processor.py:179} INFO - Processing /opt/homebrew/lib/python3.11/site-packages/airflow/example_dags/example_latest_only_with_trigger.py took 0.131 seconds
[2023-09-14T10:59:24.503+0800] {processor.py:157} INFO - Started process (PID=70105) to work on /opt/homebrew/lib/python3.11/site-packages/airflow/example_dags/example_latest_only_with_trigger.py
[2023-09-14T10:59:24.504+0800] {processor.py:829} INFO - Processing file /opt/homebrew/lib/python3.11/site-packages/airflow/example_dags/example_latest_only_with_trigger.py for tasks to queue
[2023-09-14T10:59:24.504+0800] {logging_mixin.py:151} INFO - [2023-09-14T10:59:24.504+0800] {dagbag.py:539} INFO - Filling up the DagBag from /opt/homebrew/lib/python3.11/site-packages/airflow/example_dags/example_latest_only_with_trigger.py
[2023-09-14T10:59:24.519+0800] {processor.py:839} INFO - DAG(s) dict_keys(['latest_only_with_trigger']) retrieved from /opt/homebrew/lib/python3.11/site-packages/airflow/example_dags/example_latest_only_with_trigger.py
[2023-09-14T10:59:24.614+0800] {logging_mixin.py:151} INFO - [2023-09-14T10:59:24.614+0800] {dag.py:2915} INFO - Sync 1 DAGs
[2023-09-14T10:59:24.622+0800] {logging_mixin.py:151} INFO - [2023-09-14T10:59:24.622+0800] {dag.py:3696} INFO - Setting next_dagrun for latest_only_with_trigger to 2023-09-13T22:59:24.622754+00:00, run_after=2023-09-14T02:59:24.622754+00:00
[2023-09-14T10:59:24.633+0800] {processor.py:179} INFO - Processing /opt/homebrew/lib/python3.11/site-packages/airflow/example_dags/example_latest_only_with_trigger.py took 0.130 seconds
[2023-09-14T11:01:11.139+0800] {processor.py:157} INFO - Started process (PID=70302) to work on /opt/homebrew/lib/python3.11/site-packages/airflow/example_dags/example_latest_only_with_trigger.py
[2023-09-14T11:01:11.139+0800] {processor.py:829} INFO - Processing file /opt/homebrew/lib/python3.11/site-packages/airflow/example_dags/example_latest_only_with_trigger.py for tasks to queue
[2023-09-14T11:01:11.140+0800] {logging_mixin.py:151} INFO - [2023-09-14T11:01:11.140+0800] {dagbag.py:539} INFO - Filling up the DagBag from /opt/homebrew/lib/python3.11/site-packages/airflow/example_dags/example_latest_only_with_trigger.py
[2023-09-14T11:01:11.155+0800] {processor.py:839} INFO - DAG(s) dict_keys(['latest_only_with_trigger']) retrieved from /opt/homebrew/lib/python3.11/site-packages/airflow/example_dags/example_latest_only_with_trigger.py
[2023-09-14T11:01:11.251+0800] {logging_mixin.py:151} INFO - [2023-09-14T11:01:11.250+0800] {dag.py:2915} INFO - Sync 1 DAGs
[2023-09-14T11:01:11.259+0800] {logging_mixin.py:151} INFO - [2023-09-14T11:01:11.259+0800] {dag.py:3696} INFO - Setting next_dagrun for latest_only_with_trigger to 2023-09-13T23:01:11.259354+00:00, run_after=2023-09-14T03:01:11.259354+00:00
[2023-09-14T11:01:11.270+0800] {processor.py:179} INFO - Processing /opt/homebrew/lib/python3.11/site-packages/airflow/example_dags/example_latest_only_with_trigger.py took 0.131 seconds
[2023-09-14T11:02:52.948+0800] {processor.py:157} INFO - Started process (PID=70482) to work on /opt/homebrew/lib/python3.11/site-packages/airflow/example_dags/example_latest_only_with_trigger.py
[2023-09-14T11:02:52.948+0800] {processor.py:829} INFO - Processing file /opt/homebrew/lib/python3.11/site-packages/airflow/example_dags/example_latest_only_with_trigger.py for tasks to queue
[2023-09-14T11:02:52.948+0800] {logging_mixin.py:151} INFO - [2023-09-14T11:02:52.948+0800] {dagbag.py:539} INFO - Filling up the DagBag from /opt/homebrew/lib/python3.11/site-packages/airflow/example_dags/example_latest_only_with_trigger.py
[2023-09-14T11:02:52.964+0800] {processor.py:839} INFO - DAG(s) dict_keys(['latest_only_with_trigger']) retrieved from /opt/homebrew/lib/python3.11/site-packages/airflow/example_dags/example_latest_only_with_trigger.py
[2023-09-14T11:02:53.059+0800] {logging_mixin.py:151} INFO - [2023-09-14T11:02:53.059+0800] {dag.py:2915} INFO - Sync 1 DAGs
[2023-09-14T11:02:53.068+0800] {logging_mixin.py:151} INFO - [2023-09-14T11:02:53.068+0800] {dag.py:3696} INFO - Setting next_dagrun for latest_only_with_trigger to 2023-09-13T23:02:53.067961+00:00, run_after=2023-09-14T03:02:53.067961+00:00
[2023-09-14T11:02:53.078+0800] {processor.py:179} INFO - Processing /opt/homebrew/lib/python3.11/site-packages/airflow/example_dags/example_latest_only_with_trigger.py took 0.131 seconds
[2023-09-14T11:04:37.396+0800] {processor.py:157} INFO - Started process (PID=70695) to work on /opt/homebrew/lib/python3.11/site-packages/airflow/example_dags/example_latest_only_with_trigger.py
[2023-09-14T11:04:37.396+0800] {processor.py:829} INFO - Processing file /opt/homebrew/lib/python3.11/site-packages/airflow/example_dags/example_latest_only_with_trigger.py for tasks to queue
[2023-09-14T11:04:37.396+0800] {logging_mixin.py:151} INFO - [2023-09-14T11:04:37.396+0800] {dagbag.py:539} INFO - Filling up the DagBag from /opt/homebrew/lib/python3.11/site-packages/airflow/example_dags/example_latest_only_with_trigger.py
[2023-09-14T11:04:37.412+0800] {processor.py:839} INFO - DAG(s) dict_keys(['latest_only_with_trigger']) retrieved from /opt/homebrew/lib/python3.11/site-packages/airflow/example_dags/example_latest_only_with_trigger.py
[2023-09-14T11:04:37.507+0800] {logging_mixin.py:151} INFO - [2023-09-14T11:04:37.506+0800] {dag.py:2915} INFO - Sync 1 DAGs
[2023-09-14T11:04:37.515+0800] {logging_mixin.py:151} INFO - [2023-09-14T11:04:37.515+0800] {dag.py:3696} INFO - Setting next_dagrun for latest_only_with_trigger to 2023-09-13T23:04:37.515295+00:00, run_after=2023-09-14T03:04:37.515295+00:00
[2023-09-14T11:04:37.526+0800] {processor.py:179} INFO - Processing /opt/homebrew/lib/python3.11/site-packages/airflow/example_dags/example_latest_only_with_trigger.py took 0.131 seconds
[2023-09-14T11:06:21.978+0800] {processor.py:157} INFO - Started process (PID=70878) to work on /opt/homebrew/lib/python3.11/site-packages/airflow/example_dags/example_latest_only_with_trigger.py
[2023-09-14T11:06:21.978+0800] {processor.py:829} INFO - Processing file /opt/homebrew/lib/python3.11/site-packages/airflow/example_dags/example_latest_only_with_trigger.py for tasks to queue
[2023-09-14T11:06:21.978+0800] {logging_mixin.py:151} INFO - [2023-09-14T11:06:21.978+0800] {dagbag.py:539} INFO - Filling up the DagBag from /opt/homebrew/lib/python3.11/site-packages/airflow/example_dags/example_latest_only_with_trigger.py
[2023-09-14T11:06:21.994+0800] {processor.py:839} INFO - DAG(s) dict_keys(['latest_only_with_trigger']) retrieved from /opt/homebrew/lib/python3.11/site-packages/airflow/example_dags/example_latest_only_with_trigger.py
[2023-09-14T11:06:22.089+0800] {logging_mixin.py:151} INFO - [2023-09-14T11:06:22.089+0800] {dag.py:2915} INFO - Sync 1 DAGs
[2023-09-14T11:06:22.097+0800] {logging_mixin.py:151} INFO - [2023-09-14T11:06:22.097+0800] {dag.py:3696} INFO - Setting next_dagrun for latest_only_with_trigger to 2023-09-13T23:06:22.097435+00:00, run_after=2023-09-14T03:06:22.097435+00:00
[2023-09-14T11:06:22.108+0800] {processor.py:179} INFO - Processing /opt/homebrew/lib/python3.11/site-packages/airflow/example_dags/example_latest_only_with_trigger.py took 0.131 seconds
[2023-09-14T11:08:01.158+0800] {processor.py:157} INFO - Started process (PID=71058) to work on /opt/homebrew/lib/python3.11/site-packages/airflow/example_dags/example_latest_only_with_trigger.py
[2023-09-14T11:08:01.159+0800] {processor.py:829} INFO - Processing file /opt/homebrew/lib/python3.11/site-packages/airflow/example_dags/example_latest_only_with_trigger.py for tasks to queue
[2023-09-14T11:08:01.159+0800] {logging_mixin.py:151} INFO - [2023-09-14T11:08:01.159+0800] {dagbag.py:539} INFO - Filling up the DagBag from /opt/homebrew/lib/python3.11/site-packages/airflow/example_dags/example_latest_only_with_trigger.py
[2023-09-14T11:08:01.174+0800] {processor.py:839} INFO - DAG(s) dict_keys(['latest_only_with_trigger']) retrieved from /opt/homebrew/lib/python3.11/site-packages/airflow/example_dags/example_latest_only_with_trigger.py
[2023-09-14T11:08:01.269+0800] {logging_mixin.py:151} INFO - [2023-09-14T11:08:01.269+0800] {dag.py:2915} INFO - Sync 1 DAGs
[2023-09-14T11:08:01.277+0800] {logging_mixin.py:151} INFO - [2023-09-14T11:08:01.277+0800] {dag.py:3696} INFO - Setting next_dagrun for latest_only_with_trigger to 2023-09-13T23:08:01.277500+00:00, run_after=2023-09-14T03:08:01.277500+00:00
[2023-09-14T11:08:01.288+0800] {processor.py:179} INFO - Processing /opt/homebrew/lib/python3.11/site-packages/airflow/example_dags/example_latest_only_with_trigger.py took 0.130 seconds
[2023-09-14T11:24:14.033+0800] {processor.py:157} INFO - Started process (PID=71309) to work on /opt/homebrew/lib/python3.11/site-packages/airflow/example_dags/example_latest_only_with_trigger.py
[2023-09-14T11:24:14.034+0800] {processor.py:829} INFO - Processing file /opt/homebrew/lib/python3.11/site-packages/airflow/example_dags/example_latest_only_with_trigger.py for tasks to queue
[2023-09-14T11:24:14.034+0800] {logging_mixin.py:151} INFO - [2023-09-14T11:24:14.034+0800] {dagbag.py:539} INFO - Filling up the DagBag from /opt/homebrew/lib/python3.11/site-packages/airflow/example_dags/example_latest_only_with_trigger.py
[2023-09-14T11:24:14.051+0800] {processor.py:839} INFO - DAG(s) dict_keys(['latest_only_with_trigger']) retrieved from /opt/homebrew/lib/python3.11/site-packages/airflow/example_dags/example_latest_only_with_trigger.py
[2023-09-14T11:24:14.146+0800] {logging_mixin.py:151} INFO - [2023-09-14T11:24:14.146+0800] {dag.py:2915} INFO - Sync 1 DAGs
[2023-09-14T11:24:14.154+0800] {logging_mixin.py:151} INFO - [2023-09-14T11:24:14.154+0800] {dag.py:3696} INFO - Setting next_dagrun for latest_only_with_trigger to 2023-09-13T23:24:14.154536+00:00, run_after=2023-09-14T03:24:14.154536+00:00
[2023-09-14T11:24:14.165+0800] {processor.py:179} INFO - Processing /opt/homebrew/lib/python3.11/site-packages/airflow/example_dags/example_latest_only_with_trigger.py took 0.132 seconds
[2023-09-14T11:26:03.308+0800] {processor.py:157} INFO - Started process (PID=71499) to work on /opt/homebrew/lib/python3.11/site-packages/airflow/example_dags/example_latest_only_with_trigger.py
[2023-09-14T11:26:03.309+0800] {processor.py:829} INFO - Processing file /opt/homebrew/lib/python3.11/site-packages/airflow/example_dags/example_latest_only_with_trigger.py for tasks to queue
[2023-09-14T11:26:03.309+0800] {logging_mixin.py:151} INFO - [2023-09-14T11:26:03.309+0800] {dagbag.py:539} INFO - Filling up the DagBag from /opt/homebrew/lib/python3.11/site-packages/airflow/example_dags/example_latest_only_with_trigger.py
[2023-09-14T11:26:03.324+0800] {processor.py:839} INFO - DAG(s) dict_keys(['latest_only_with_trigger']) retrieved from /opt/homebrew/lib/python3.11/site-packages/airflow/example_dags/example_latest_only_with_trigger.py
[2023-09-14T11:26:03.419+0800] {logging_mixin.py:151} INFO - [2023-09-14T11:26:03.419+0800] {dag.py:2915} INFO - Sync 1 DAGs
[2023-09-14T11:26:03.428+0800] {logging_mixin.py:151} INFO - [2023-09-14T11:26:03.428+0800] {dag.py:3696} INFO - Setting next_dagrun for latest_only_with_trigger to 2023-09-13T23:26:03.428039+00:00, run_after=2023-09-14T03:26:03.428039+00:00
[2023-09-14T11:26:03.439+0800] {processor.py:179} INFO - Processing /opt/homebrew/lib/python3.11/site-packages/airflow/example_dags/example_latest_only_with_trigger.py took 0.131 seconds
[2023-09-14T11:27:47.498+0800] {processor.py:157} INFO - Started process (PID=71685) to work on /opt/homebrew/lib/python3.11/site-packages/airflow/example_dags/example_latest_only_with_trigger.py
[2023-09-14T11:27:47.498+0800] {processor.py:829} INFO - Processing file /opt/homebrew/lib/python3.11/site-packages/airflow/example_dags/example_latest_only_with_trigger.py for tasks to queue
[2023-09-14T11:27:47.498+0800] {logging_mixin.py:151} INFO - [2023-09-14T11:27:47.498+0800] {dagbag.py:539} INFO - Filling up the DagBag from /opt/homebrew/lib/python3.11/site-packages/airflow/example_dags/example_latest_only_with_trigger.py
[2023-09-14T11:27:47.514+0800] {processor.py:839} INFO - DAG(s) dict_keys(['latest_only_with_trigger']) retrieved from /opt/homebrew/lib/python3.11/site-packages/airflow/example_dags/example_latest_only_with_trigger.py
[2023-09-14T11:27:47.609+0800] {logging_mixin.py:151} INFO - [2023-09-14T11:27:47.609+0800] {dag.py:2915} INFO - Sync 1 DAGs
[2023-09-14T11:27:47.617+0800] {logging_mixin.py:151} INFO - [2023-09-14T11:27:47.617+0800] {dag.py:3696} INFO - Setting next_dagrun for latest_only_with_trigger to 2023-09-13T23:27:47.617377+00:00, run_after=2023-09-14T03:27:47.617377+00:00
[2023-09-14T11:27:47.628+0800] {processor.py:179} INFO - Processing /opt/homebrew/lib/python3.11/site-packages/airflow/example_dags/example_latest_only_with_trigger.py took 0.131 seconds
[2023-09-14T11:29:29.962+0800] {processor.py:157} INFO - Started process (PID=71874) to work on /opt/homebrew/lib/python3.11/site-packages/airflow/example_dags/example_latest_only_with_trigger.py
[2023-09-14T11:29:29.963+0800] {processor.py:829} INFO - Processing file /opt/homebrew/lib/python3.11/site-packages/airflow/example_dags/example_latest_only_with_trigger.py for tasks to queue
[2023-09-14T11:29:29.963+0800] {logging_mixin.py:151} INFO - [2023-09-14T11:29:29.963+0800] {dagbag.py:539} INFO - Filling up the DagBag from /opt/homebrew/lib/python3.11/site-packages/airflow/example_dags/example_latest_only_with_trigger.py
[2023-09-14T11:29:29.978+0800] {processor.py:839} INFO - DAG(s) dict_keys(['latest_only_with_trigger']) retrieved from /opt/homebrew/lib/python3.11/site-packages/airflow/example_dags/example_latest_only_with_trigger.py
[2023-09-14T11:29:30.073+0800] {logging_mixin.py:151} INFO - [2023-09-14T11:29:30.073+0800] {dag.py:2915} INFO - Sync 1 DAGs
[2023-09-14T11:29:30.082+0800] {logging_mixin.py:151} INFO - [2023-09-14T11:29:30.081+0800] {dag.py:3696} INFO - Setting next_dagrun for latest_only_with_trigger to 2023-09-13T23:29:30.081881+00:00, run_after=2023-09-14T03:29:30.081881+00:00
[2023-09-14T11:29:30.093+0800] {processor.py:179} INFO - Processing /opt/homebrew/lib/python3.11/site-packages/airflow/example_dags/example_latest_only_with_trigger.py took 0.131 seconds
[2023-09-14T11:31:12.210+0800] {processor.py:157} INFO - Started process (PID=72053) to work on /opt/homebrew/lib/python3.11/site-packages/airflow/example_dags/example_latest_only_with_trigger.py
[2023-09-14T11:31:12.210+0800] {processor.py:829} INFO - Processing file /opt/homebrew/lib/python3.11/site-packages/airflow/example_dags/example_latest_only_with_trigger.py for tasks to queue
[2023-09-14T11:31:12.211+0800] {logging_mixin.py:151} INFO - [2023-09-14T11:31:12.211+0800] {dagbag.py:539} INFO - Filling up the DagBag from /opt/homebrew/lib/python3.11/site-packages/airflow/example_dags/example_latest_only_with_trigger.py
[2023-09-14T11:31:12.226+0800] {processor.py:839} INFO - DAG(s) dict_keys(['latest_only_with_trigger']) retrieved from /opt/homebrew/lib/python3.11/site-packages/airflow/example_dags/example_latest_only_with_trigger.py
[2023-09-14T11:31:12.321+0800] {logging_mixin.py:151} INFO - [2023-09-14T11:31:12.321+0800] {dag.py:2915} INFO - Sync 1 DAGs
[2023-09-14T11:31:12.329+0800] {logging_mixin.py:151} INFO - [2023-09-14T11:31:12.329+0800] {dag.py:3696} INFO - Setting next_dagrun for latest_only_with_trigger to 2023-09-13T23:31:12.329613+00:00, run_after=2023-09-14T03:31:12.329613+00:00
[2023-09-14T11:31:12.340+0800] {processor.py:179} INFO - Processing /opt/homebrew/lib/python3.11/site-packages/airflow/example_dags/example_latest_only_with_trigger.py took 0.131 seconds
[2023-09-14T11:33:00.232+0800] {processor.py:157} INFO - Started process (PID=72251) to work on /opt/homebrew/lib/python3.11/site-packages/airflow/example_dags/example_latest_only_with_trigger.py
[2023-09-14T11:33:00.233+0800] {processor.py:829} INFO - Processing file /opt/homebrew/lib/python3.11/site-packages/airflow/example_dags/example_latest_only_with_trigger.py for tasks to queue
[2023-09-14T11:33:00.233+0800] {logging_mixin.py:151} INFO - [2023-09-14T11:33:00.233+0800] {dagbag.py:539} INFO - Filling up the DagBag from /opt/homebrew/lib/python3.11/site-packages/airflow/example_dags/example_latest_only_with_trigger.py
[2023-09-14T11:33:00.248+0800] {processor.py:839} INFO - DAG(s) dict_keys(['latest_only_with_trigger']) retrieved from /opt/homebrew/lib/python3.11/site-packages/airflow/example_dags/example_latest_only_with_trigger.py
[2023-09-14T11:33:00.343+0800] {logging_mixin.py:151} INFO - [2023-09-14T11:33:00.343+0800] {dag.py:2915} INFO - Sync 1 DAGs
[2023-09-14T11:33:00.352+0800] {logging_mixin.py:151} INFO - [2023-09-14T11:33:00.351+0800] {dag.py:3696} INFO - Setting next_dagrun for latest_only_with_trigger to 2023-09-13T23:33:00.351900+00:00, run_after=2023-09-14T03:33:00.351900+00:00
[2023-09-14T11:33:00.362+0800] {processor.py:179} INFO - Processing /opt/homebrew/lib/python3.11/site-packages/airflow/example_dags/example_latest_only_with_trigger.py took 0.131 seconds
[2023-09-14T11:34:46.554+0800] {processor.py:157} INFO - Started process (PID=72443) to work on /opt/homebrew/lib/python3.11/site-packages/airflow/example_dags/example_latest_only_with_trigger.py
[2023-09-14T11:34:46.554+0800] {processor.py:829} INFO - Processing file /opt/homebrew/lib/python3.11/site-packages/airflow/example_dags/example_latest_only_with_trigger.py for tasks to queue
[2023-09-14T11:34:46.555+0800] {logging_mixin.py:151} INFO - [2023-09-14T11:34:46.555+0800] {dagbag.py:539} INFO - Filling up the DagBag from /opt/homebrew/lib/python3.11/site-packages/airflow/example_dags/example_latest_only_with_trigger.py
[2023-09-14T11:34:46.570+0800] {processor.py:839} INFO - DAG(s) dict_keys(['latest_only_with_trigger']) retrieved from /opt/homebrew/lib/python3.11/site-packages/airflow/example_dags/example_latest_only_with_trigger.py
[2023-09-14T11:34:46.666+0800] {logging_mixin.py:151} INFO - [2023-09-14T11:34:46.666+0800] {dag.py:2915} INFO - Sync 1 DAGs
[2023-09-14T11:34:46.675+0800] {logging_mixin.py:151} INFO - [2023-09-14T11:34:46.675+0800] {dag.py:3696} INFO - Setting next_dagrun for latest_only_with_trigger to 2023-09-13T23:34:46.675244+00:00, run_after=2023-09-14T03:34:46.675244+00:00
[2023-09-14T11:34:46.686+0800] {processor.py:179} INFO - Processing /opt/homebrew/lib/python3.11/site-packages/airflow/example_dags/example_latest_only_with_trigger.py took 0.132 seconds
[2023-09-14T11:36:36.032+0800] {processor.py:157} INFO - Started process (PID=72630) to work on /opt/homebrew/lib/python3.11/site-packages/airflow/example_dags/example_latest_only_with_trigger.py
[2023-09-14T11:36:36.032+0800] {processor.py:829} INFO - Processing file /opt/homebrew/lib/python3.11/site-packages/airflow/example_dags/example_latest_only_with_trigger.py for tasks to queue
[2023-09-14T11:36:36.032+0800] {logging_mixin.py:151} INFO - [2023-09-14T11:36:36.032+0800] {dagbag.py:539} INFO - Filling up the DagBag from /opt/homebrew/lib/python3.11/site-packages/airflow/example_dags/example_latest_only_with_trigger.py
[2023-09-14T11:36:36.048+0800] {processor.py:839} INFO - DAG(s) dict_keys(['latest_only_with_trigger']) retrieved from /opt/homebrew/lib/python3.11/site-packages/airflow/example_dags/example_latest_only_with_trigger.py
[2023-09-14T11:36:36.142+0800] {logging_mixin.py:151} INFO - [2023-09-14T11:36:36.142+0800] {dag.py:2915} INFO - Sync 1 DAGs
[2023-09-14T11:36:36.151+0800] {logging_mixin.py:151} INFO - [2023-09-14T11:36:36.151+0800] {dag.py:3696} INFO - Setting next_dagrun for latest_only_with_trigger to 2023-09-13T23:36:36.151010+00:00, run_after=2023-09-14T03:36:36.151010+00:00
[2023-09-14T11:36:36.162+0800] {processor.py:179} INFO - Processing /opt/homebrew/lib/python3.11/site-packages/airflow/example_dags/example_latest_only_with_trigger.py took 0.131 seconds
[2023-09-14T11:38:18.884+0800] {processor.py:157} INFO - Started process (PID=72817) to work on /opt/homebrew/lib/python3.11/site-packages/airflow/example_dags/example_latest_only_with_trigger.py
[2023-09-14T11:38:18.885+0800] {processor.py:829} INFO - Processing file /opt/homebrew/lib/python3.11/site-packages/airflow/example_dags/example_latest_only_with_trigger.py for tasks to queue
[2023-09-14T11:38:18.885+0800] {logging_mixin.py:151} INFO - [2023-09-14T11:38:18.885+0800] {dagbag.py:539} INFO - Filling up the DagBag from /opt/homebrew/lib/python3.11/site-packages/airflow/example_dags/example_latest_only_with_trigger.py
[2023-09-14T11:38:18.901+0800] {processor.py:839} INFO - DAG(s) dict_keys(['latest_only_with_trigger']) retrieved from /opt/homebrew/lib/python3.11/site-packages/airflow/example_dags/example_latest_only_with_trigger.py
[2023-09-14T11:38:18.997+0800] {logging_mixin.py:151} INFO - [2023-09-14T11:38:18.997+0800] {dag.py:2915} INFO - Sync 1 DAGs
[2023-09-14T11:38:19.006+0800] {logging_mixin.py:151} INFO - [2023-09-14T11:38:19.005+0800] {dag.py:3696} INFO - Setting next_dagrun for latest_only_with_trigger to 2023-09-13T23:38:19.005906+00:00, run_after=2023-09-14T03:38:19.005906+00:00
[2023-09-14T11:38:19.017+0800] {processor.py:179} INFO - Processing /opt/homebrew/lib/python3.11/site-packages/airflow/example_dags/example_latest_only_with_trigger.py took 0.133 seconds
[2023-09-14T11:39:56.646+0800] {processor.py:157} INFO - Started process (PID=73016) to work on /opt/homebrew/lib/python3.11/site-packages/airflow/example_dags/example_latest_only_with_trigger.py
[2023-09-14T11:39:56.647+0800] {processor.py:829} INFO - Processing file /opt/homebrew/lib/python3.11/site-packages/airflow/example_dags/example_latest_only_with_trigger.py for tasks to queue
[2023-09-14T11:39:56.647+0800] {logging_mixin.py:151} INFO - [2023-09-14T11:39:56.647+0800] {dagbag.py:539} INFO - Filling up the DagBag from /opt/homebrew/lib/python3.11/site-packages/airflow/example_dags/example_latest_only_with_trigger.py
[2023-09-14T11:39:56.663+0800] {processor.py:839} INFO - DAG(s) dict_keys(['latest_only_with_trigger']) retrieved from /opt/homebrew/lib/python3.11/site-packages/airflow/example_dags/example_latest_only_with_trigger.py
[2023-09-14T11:39:56.758+0800] {logging_mixin.py:151} INFO - [2023-09-14T11:39:56.757+0800] {dag.py:2915} INFO - Sync 1 DAGs
[2023-09-14T11:39:56.766+0800] {logging_mixin.py:151} INFO - [2023-09-14T11:39:56.766+0800] {dag.py:3696} INFO - Setting next_dagrun for latest_only_with_trigger to 2023-09-13T23:39:56.766165+00:00, run_after=2023-09-14T03:39:56.766165+00:00
[2023-09-14T11:39:56.776+0800] {processor.py:179} INFO - Processing /opt/homebrew/lib/python3.11/site-packages/airflow/example_dags/example_latest_only_with_trigger.py took 0.131 seconds
[2023-09-14T11:41:43.715+0800] {processor.py:157} INFO - Started process (PID=73205) to work on /opt/homebrew/lib/python3.11/site-packages/airflow/example_dags/example_latest_only_with_trigger.py
[2023-09-14T11:41:43.715+0800] {processor.py:829} INFO - Processing file /opt/homebrew/lib/python3.11/site-packages/airflow/example_dags/example_latest_only_with_trigger.py for tasks to queue
[2023-09-14T11:41:43.715+0800] {logging_mixin.py:151} INFO - [2023-09-14T11:41:43.715+0800] {dagbag.py:539} INFO - Filling up the DagBag from /opt/homebrew/lib/python3.11/site-packages/airflow/example_dags/example_latest_only_with_trigger.py
[2023-09-14T11:41:43.731+0800] {processor.py:839} INFO - DAG(s) dict_keys(['latest_only_with_trigger']) retrieved from /opt/homebrew/lib/python3.11/site-packages/airflow/example_dags/example_latest_only_with_trigger.py
[2023-09-14T11:41:43.827+0800] {logging_mixin.py:151} INFO - [2023-09-14T11:41:43.827+0800] {dag.py:2915} INFO - Sync 1 DAGs
[2023-09-14T11:41:43.836+0800] {logging_mixin.py:151} INFO - [2023-09-14T11:41:43.836+0800] {dag.py:3696} INFO - Setting next_dagrun for latest_only_with_trigger to 2023-09-13T23:41:43.836028+00:00, run_after=2023-09-14T03:41:43.836028+00:00
[2023-09-14T11:41:43.847+0800] {processor.py:179} INFO - Processing /opt/homebrew/lib/python3.11/site-packages/airflow/example_dags/example_latest_only_with_trigger.py took 0.133 seconds
[2023-09-14T11:43:23.355+0800] {processor.py:157} INFO - Started process (PID=73387) to work on /opt/homebrew/lib/python3.11/site-packages/airflow/example_dags/example_latest_only_with_trigger.py
[2023-09-14T11:43:23.355+0800] {processor.py:829} INFO - Processing file /opt/homebrew/lib/python3.11/site-packages/airflow/example_dags/example_latest_only_with_trigger.py for tasks to queue
[2023-09-14T11:43:23.356+0800] {logging_mixin.py:151} INFO - [2023-09-14T11:43:23.356+0800] {dagbag.py:539} INFO - Filling up the DagBag from /opt/homebrew/lib/python3.11/site-packages/airflow/example_dags/example_latest_only_with_trigger.py
[2023-09-14T11:43:23.371+0800] {processor.py:839} INFO - DAG(s) dict_keys(['latest_only_with_trigger']) retrieved from /opt/homebrew/lib/python3.11/site-packages/airflow/example_dags/example_latest_only_with_trigger.py
[2023-09-14T11:43:23.466+0800] {logging_mixin.py:151} INFO - [2023-09-14T11:43:23.466+0800] {dag.py:2915} INFO - Sync 1 DAGs
[2023-09-14T11:43:23.475+0800] {logging_mixin.py:151} INFO - [2023-09-14T11:43:23.475+0800] {dag.py:3696} INFO - Setting next_dagrun for latest_only_with_trigger to 2023-09-13T23:43:23.474949+00:00, run_after=2023-09-14T03:43:23.474949+00:00
[2023-09-14T11:43:23.485+0800] {processor.py:179} INFO - Processing /opt/homebrew/lib/python3.11/site-packages/airflow/example_dags/example_latest_only_with_trigger.py took 0.131 seconds
[2023-09-14T11:45:09.441+0800] {processor.py:157} INFO - Started process (PID=73567) to work on /opt/homebrew/lib/python3.11/site-packages/airflow/example_dags/example_latest_only_with_trigger.py
[2023-09-14T11:45:09.442+0800] {processor.py:829} INFO - Processing file /opt/homebrew/lib/python3.11/site-packages/airflow/example_dags/example_latest_only_with_trigger.py for tasks to queue
[2023-09-14T11:45:09.442+0800] {logging_mixin.py:151} INFO - [2023-09-14T11:45:09.442+0800] {dagbag.py:539} INFO - Filling up the DagBag from /opt/homebrew/lib/python3.11/site-packages/airflow/example_dags/example_latest_only_with_trigger.py
[2023-09-14T11:45:09.457+0800] {processor.py:839} INFO - DAG(s) dict_keys(['latest_only_with_trigger']) retrieved from /opt/homebrew/lib/python3.11/site-packages/airflow/example_dags/example_latest_only_with_trigger.py
[2023-09-14T11:45:09.552+0800] {logging_mixin.py:151} INFO - [2023-09-14T11:45:09.552+0800] {dag.py:2915} INFO - Sync 1 DAGs
[2023-09-14T11:45:09.561+0800] {logging_mixin.py:151} INFO - [2023-09-14T11:45:09.561+0800] {dag.py:3696} INFO - Setting next_dagrun for latest_only_with_trigger to 2023-09-13T23:45:09.560979+00:00, run_after=2023-09-14T03:45:09.560979+00:00
[2023-09-14T11:45:09.572+0800] {processor.py:179} INFO - Processing /opt/homebrew/lib/python3.11/site-packages/airflow/example_dags/example_latest_only_with_trigger.py took 0.131 seconds
[2023-09-14T14:17:00.119+0800] {processor.py:157} INFO - Started process (PID=73861) to work on /opt/homebrew/lib/python3.11/site-packages/airflow/example_dags/example_latest_only_with_trigger.py
[2023-09-14T14:17:00.119+0800] {processor.py:829} INFO - Processing file /opt/homebrew/lib/python3.11/site-packages/airflow/example_dags/example_latest_only_with_trigger.py for tasks to queue
[2023-09-14T14:17:00.119+0800] {logging_mixin.py:151} INFO - [2023-09-14T14:17:00.119+0800] {dagbag.py:539} INFO - Filling up the DagBag from /opt/homebrew/lib/python3.11/site-packages/airflow/example_dags/example_latest_only_with_trigger.py
[2023-09-14T14:17:00.135+0800] {processor.py:839} INFO - DAG(s) dict_keys(['latest_only_with_trigger']) retrieved from /opt/homebrew/lib/python3.11/site-packages/airflow/example_dags/example_latest_only_with_trigger.py
[2023-09-14T14:17:00.230+0800] {logging_mixin.py:151} INFO - [2023-09-14T14:17:00.230+0800] {dag.py:2915} INFO - Sync 1 DAGs
[2023-09-14T14:17:00.239+0800] {logging_mixin.py:151} INFO - [2023-09-14T14:17:00.239+0800] {dag.py:3696} INFO - Setting next_dagrun for latest_only_with_trigger to 2023-09-14T02:17:00.239067+00:00, run_after=2023-09-14T06:17:00.239067+00:00
[2023-09-14T14:17:00.249+0800] {processor.py:179} INFO - Processing /opt/homebrew/lib/python3.11/site-packages/airflow/example_dags/example_latest_only_with_trigger.py took 0.131 seconds
[2023-09-14T17:35:55.974+0800] {processor.py:157} INFO - Started process (PID=74161) to work on /opt/homebrew/lib/python3.11/site-packages/airflow/example_dags/example_latest_only_with_trigger.py
[2023-09-14T17:35:55.975+0800] {processor.py:829} INFO - Processing file /opt/homebrew/lib/python3.11/site-packages/airflow/example_dags/example_latest_only_with_trigger.py for tasks to queue
[2023-09-14T17:35:55.975+0800] {logging_mixin.py:151} INFO - [2023-09-14T17:35:55.975+0800] {dagbag.py:539} INFO - Filling up the DagBag from /opt/homebrew/lib/python3.11/site-packages/airflow/example_dags/example_latest_only_with_trigger.py
[2023-09-14T17:35:55.991+0800] {processor.py:839} INFO - DAG(s) dict_keys(['latest_only_with_trigger']) retrieved from /opt/homebrew/lib/python3.11/site-packages/airflow/example_dags/example_latest_only_with_trigger.py
[2023-09-14T17:35:56.087+0800] {logging_mixin.py:151} INFO - [2023-09-14T17:35:56.086+0800] {dag.py:2915} INFO - Sync 1 DAGs
[2023-09-14T17:35:56.095+0800] {logging_mixin.py:151} INFO - [2023-09-14T17:35:56.095+0800] {dag.py:3696} INFO - Setting next_dagrun for latest_only_with_trigger to 2023-09-14T05:35:56.095156+00:00, run_after=2023-09-14T09:35:56.095156+00:00
[2023-09-14T17:35:56.105+0800] {processor.py:179} INFO - Processing /opt/homebrew/lib/python3.11/site-packages/airflow/example_dags/example_latest_only_with_trigger.py took 0.132 seconds
[2023-09-14T20:51:47.035+0800] {processor.py:157} INFO - Started process (PID=74507) to work on /opt/homebrew/lib/python3.11/site-packages/airflow/example_dags/example_latest_only_with_trigger.py
[2023-09-14T20:51:47.036+0800] {processor.py:829} INFO - Processing file /opt/homebrew/lib/python3.11/site-packages/airflow/example_dags/example_latest_only_with_trigger.py for tasks to queue
[2023-09-14T20:51:47.037+0800] {logging_mixin.py:151} INFO - [2023-09-14T20:51:47.037+0800] {dagbag.py:539} INFO - Filling up the DagBag from /opt/homebrew/lib/python3.11/site-packages/airflow/example_dags/example_latest_only_with_trigger.py
[2023-09-14T20:51:47.066+0800] {processor.py:839} INFO - DAG(s) dict_keys(['latest_only_with_trigger']) retrieved from /opt/homebrew/lib/python3.11/site-packages/airflow/example_dags/example_latest_only_with_trigger.py
[2023-09-14T20:51:47.234+0800] {logging_mixin.py:151} INFO - [2023-09-14T20:51:47.234+0800] {dag.py:2915} INFO - Sync 1 DAGs
[2023-09-14T20:51:47.247+0800] {logging_mixin.py:151} INFO - [2023-09-14T20:51:47.247+0800] {dag.py:3696} INFO - Setting next_dagrun for latest_only_with_trigger to 2023-09-14T08:51:47.247503+00:00, run_after=2023-09-14T12:51:47.247503+00:00
[2023-09-14T20:51:47.263+0800] {processor.py:179} INFO - Processing /opt/homebrew/lib/python3.11/site-packages/airflow/example_dags/example_latest_only_with_trigger.py took 0.228 seconds
[2023-09-15T00:13:03.609+0800] {processor.py:157} INFO - Started process (PID=74834) to work on /opt/homebrew/lib/python3.11/site-packages/airflow/example_dags/example_latest_only_with_trigger.py
[2023-09-15T00:13:03.609+0800] {processor.py:829} INFO - Processing file /opt/homebrew/lib/python3.11/site-packages/airflow/example_dags/example_latest_only_with_trigger.py for tasks to queue
[2023-09-15T00:13:03.610+0800] {logging_mixin.py:151} INFO - [2023-09-15T00:13:03.610+0800] {dagbag.py:539} INFO - Filling up the DagBag from /opt/homebrew/lib/python3.11/site-packages/airflow/example_dags/example_latest_only_with_trigger.py
[2023-09-15T00:13:03.625+0800] {processor.py:839} INFO - DAG(s) dict_keys(['latest_only_with_trigger']) retrieved from /opt/homebrew/lib/python3.11/site-packages/airflow/example_dags/example_latest_only_with_trigger.py
[2023-09-15T00:13:03.720+0800] {logging_mixin.py:151} INFO - [2023-09-15T00:13:03.720+0800] {dag.py:2915} INFO - Sync 1 DAGs
[2023-09-15T00:13:03.729+0800] {logging_mixin.py:151} INFO - [2023-09-15T00:13:03.729+0800] {dag.py:3696} INFO - Setting next_dagrun for latest_only_with_trigger to 2023-09-14T12:13:03.729011+00:00, run_after=2023-09-14T16:13:03.729011+00:00
[2023-09-15T00:13:03.739+0800] {processor.py:179} INFO - Processing /opt/homebrew/lib/python3.11/site-packages/airflow/example_dags/example_latest_only_with_trigger.py took 0.131 seconds
[2023-09-15T03:29:15.259+0800] {processor.py:157} INFO - Started process (PID=75166) to work on /opt/homebrew/lib/python3.11/site-packages/airflow/example_dags/example_latest_only_with_trigger.py
[2023-09-15T03:29:15.260+0800] {processor.py:829} INFO - Processing file /opt/homebrew/lib/python3.11/site-packages/airflow/example_dags/example_latest_only_with_trigger.py for tasks to queue
[2023-09-15T03:29:15.260+0800] {logging_mixin.py:151} INFO - [2023-09-15T03:29:15.260+0800] {dagbag.py:539} INFO - Filling up the DagBag from /opt/homebrew/lib/python3.11/site-packages/airflow/example_dags/example_latest_only_with_trigger.py
[2023-09-15T03:29:15.277+0800] {processor.py:839} INFO - DAG(s) dict_keys(['latest_only_with_trigger']) retrieved from /opt/homebrew/lib/python3.11/site-packages/airflow/example_dags/example_latest_only_with_trigger.py
[2023-09-15T03:44:46.628+0800] {logging_mixin.py:151} INFO - [2023-09-15T03:44:46.627+0800] {dag.py:2915} INFO - Sync 1 DAGs
[2023-09-15T03:44:46.658+0800] {logging_mixin.py:151} INFO - [2023-09-15T03:44:46.657+0800] {dag.py:3696} INFO - Setting next_dagrun for latest_only_with_trigger to 2023-09-14T15:44:46.657663+00:00, run_after=2023-09-14T19:44:46.657663+00:00
[2023-09-15T03:44:46.677+0800] {processor.py:179} INFO - Processing /opt/homebrew/lib/python3.11/site-packages/airflow/example_dags/example_latest_only_with_trigger.py took 0.492 seconds
[2023-09-15T06:43:03.868+0800] {processor.py:157} INFO - Started process (PID=75498) to work on /opt/homebrew/lib/python3.11/site-packages/airflow/example_dags/example_latest_only_with_trigger.py
[2023-09-15T06:43:03.869+0800] {processor.py:829} INFO - Processing file /opt/homebrew/lib/python3.11/site-packages/airflow/example_dags/example_latest_only_with_trigger.py for tasks to queue
[2023-09-15T06:43:03.870+0800] {logging_mixin.py:151} INFO - [2023-09-15T06:43:03.870+0800] {dagbag.py:539} INFO - Filling up the DagBag from /opt/homebrew/lib/python3.11/site-packages/airflow/example_dags/example_latest_only_with_trigger.py
[2023-09-15T06:43:03.885+0800] {processor.py:839} INFO - DAG(s) dict_keys(['latest_only_with_trigger']) retrieved from /opt/homebrew/lib/python3.11/site-packages/airflow/example_dags/example_latest_only_with_trigger.py
[2023-09-15T06:43:03.979+0800] {logging_mixin.py:151} INFO - [2023-09-15T06:43:03.979+0800] {dag.py:2915} INFO - Sync 1 DAGs
[2023-09-15T06:43:03.987+0800] {logging_mixin.py:151} INFO - [2023-09-15T06:43:03.987+0800] {dag.py:3696} INFO - Setting next_dagrun for latest_only_with_trigger to 2023-09-14T18:43:03.987680+00:00, run_after=2023-09-14T22:43:03.987680+00:00
[2023-09-15T06:43:03.998+0800] {processor.py:179} INFO - Processing /opt/homebrew/lib/python3.11/site-packages/airflow/example_dags/example_latest_only_with_trigger.py took 0.130 seconds
