[2023-09-14T10:19:18.256+0800] {processor.py:157} INFO - Started process (PID=66972) to work on /opt/homebrew/lib/python3.11/site-packages/airflow/example_dags/example_sensor_decorator.py
[2023-09-14T10:19:18.256+0800] {processor.py:829} INFO - Processing file /opt/homebrew/lib/python3.11/site-packages/airflow/example_dags/example_sensor_decorator.py for tasks to queue
[2023-09-14T10:19:18.256+0800] {logging_mixin.py:151} INFO - [2023-09-14T10:19:18.256+0800] {dagbag.py:539} INFO - Filling up the DagBag from /opt/homebrew/lib/python3.11/site-packages/airflow/example_dags/example_sensor_decorator.py
[2023-09-14T10:19:18.287+0800] {processor.py:839} INFO - DAG(s) dict_keys(['example_sensor_decorator']) retrieved from /opt/homebrew/lib/python3.11/site-packages/airflow/example_dags/example_sensor_decorator.py
[2023-09-14T10:19:18.387+0800] {logging_mixin.py:151} INFO - [2023-09-14T10:19:18.387+0800] {dag.py:2915} INFO - Sync 1 DAGs
[2023-09-14T10:19:18.392+0800] {logging_mixin.py:151} INFO - [2023-09-14T10:19:18.391+0800] {dag.py:3696} INFO - Setting next_dagrun for example_sensor_decorator to None, run_after=None
[2023-09-14T10:19:18.402+0800] {processor.py:179} INFO - Processing /opt/homebrew/lib/python3.11/site-packages/airflow/example_dags/example_sensor_decorator.py took 0.147 seconds
[2023-09-14T10:32:41.024+0800] {processor.py:157} INFO - Started process (PID=67170) to work on /opt/homebrew/lib/python3.11/site-packages/airflow/example_dags/example_sensor_decorator.py
[2023-09-14T10:32:41.026+0800] {processor.py:829} INFO - Processing file /opt/homebrew/lib/python3.11/site-packages/airflow/example_dags/example_sensor_decorator.py for tasks to queue
[2023-09-14T10:32:41.026+0800] {logging_mixin.py:151} INFO - [2023-09-14T10:32:41.026+0800] {dagbag.py:539} INFO - Filling up the DagBag from /opt/homebrew/lib/python3.11/site-packages/airflow/example_dags/example_sensor_decorator.py
[2023-09-14T10:32:41.056+0800] {processor.py:839} INFO - DAG(s) dict_keys(['example_sensor_decorator']) retrieved from /opt/homebrew/lib/python3.11/site-packages/airflow/example_dags/example_sensor_decorator.py
[2023-09-14T10:32:41.613+0800] {logging_mixin.py:151} INFO - [2023-09-14T10:32:41.612+0800] {security.py:708} INFO - Not syncing DAG-level permissions for DAG 'DAG:example_sensor_decorator' as access control is unset.
[2023-09-14T10:32:41.613+0800] {logging_mixin.py:151} INFO - [2023-09-14T10:32:41.613+0800] {dag.py:2915} INFO - Sync 1 DAGs
[2023-09-14T10:32:41.617+0800] {logging_mixin.py:151} INFO - [2023-09-14T10:32:41.617+0800] {dag.py:3696} INFO - Setting next_dagrun for example_sensor_decorator to None, run_after=None
[2023-09-14T10:32:41.628+0800] {processor.py:179} INFO - Processing /opt/homebrew/lib/python3.11/site-packages/airflow/example_dags/example_sensor_decorator.py took 0.604 seconds
[2023-09-14T10:34:18.869+0800] {processor.py:157} INFO - Started process (PID=67370) to work on /opt/homebrew/lib/python3.11/site-packages/airflow/example_dags/example_sensor_decorator.py
[2023-09-14T10:34:18.870+0800] {processor.py:829} INFO - Processing file /opt/homebrew/lib/python3.11/site-packages/airflow/example_dags/example_sensor_decorator.py for tasks to queue
[2023-09-14T10:34:18.870+0800] {logging_mixin.py:151} INFO - [2023-09-14T10:34:18.870+0800] {dagbag.py:539} INFO - Filling up the DagBag from /opt/homebrew/lib/python3.11/site-packages/airflow/example_dags/example_sensor_decorator.py
[2023-09-14T10:34:18.900+0800] {processor.py:839} INFO - DAG(s) dict_keys(['example_sensor_decorator']) retrieved from /opt/homebrew/lib/python3.11/site-packages/airflow/example_dags/example_sensor_decorator.py
[2023-09-14T10:34:19.000+0800] {logging_mixin.py:151} INFO - [2023-09-14T10:34:19.000+0800] {dag.py:2915} INFO - Sync 1 DAGs
[2023-09-14T10:34:19.005+0800] {logging_mixin.py:151} INFO - [2023-09-14T10:34:19.005+0800] {dag.py:3696} INFO - Setting next_dagrun for example_sensor_decorator to None, run_after=None
[2023-09-14T10:34:19.016+0800] {processor.py:179} INFO - Processing /opt/homebrew/lib/python3.11/site-packages/airflow/example_dags/example_sensor_decorator.py took 0.147 seconds
[2023-09-14T10:36:04.393+0800] {processor.py:157} INFO - Started process (PID=67559) to work on /opt/homebrew/lib/python3.11/site-packages/airflow/example_dags/example_sensor_decorator.py
[2023-09-14T10:36:04.393+0800] {processor.py:829} INFO - Processing file /opt/homebrew/lib/python3.11/site-packages/airflow/example_dags/example_sensor_decorator.py for tasks to queue
[2023-09-14T10:36:04.393+0800] {logging_mixin.py:151} INFO - [2023-09-14T10:36:04.393+0800] {dagbag.py:539} INFO - Filling up the DagBag from /opt/homebrew/lib/python3.11/site-packages/airflow/example_dags/example_sensor_decorator.py
[2023-09-14T10:36:04.424+0800] {processor.py:839} INFO - DAG(s) dict_keys(['example_sensor_decorator']) retrieved from /opt/homebrew/lib/python3.11/site-packages/airflow/example_dags/example_sensor_decorator.py
[2023-09-14T10:36:04.524+0800] {logging_mixin.py:151} INFO - [2023-09-14T10:36:04.524+0800] {dag.py:2915} INFO - Sync 1 DAGs
[2023-09-14T10:36:04.529+0800] {logging_mixin.py:151} INFO - [2023-09-14T10:36:04.529+0800] {dag.py:3696} INFO - Setting next_dagrun for example_sensor_decorator to None, run_after=None
[2023-09-14T10:36:04.539+0800] {processor.py:179} INFO - Processing /opt/homebrew/lib/python3.11/site-packages/airflow/example_dags/example_sensor_decorator.py took 0.147 seconds
[2023-09-14T10:37:44.743+0800] {processor.py:157} INFO - Started process (PID=67748) to work on /opt/homebrew/lib/python3.11/site-packages/airflow/example_dags/example_sensor_decorator.py
[2023-09-14T10:37:44.745+0800] {processor.py:829} INFO - Processing file /opt/homebrew/lib/python3.11/site-packages/airflow/example_dags/example_sensor_decorator.py for tasks to queue
[2023-09-14T10:37:44.745+0800] {logging_mixin.py:151} INFO - [2023-09-14T10:37:44.745+0800] {dagbag.py:539} INFO - Filling up the DagBag from /opt/homebrew/lib/python3.11/site-packages/airflow/example_dags/example_sensor_decorator.py
[2023-09-14T10:37:44.776+0800] {processor.py:839} INFO - DAG(s) dict_keys(['example_sensor_decorator']) retrieved from /opt/homebrew/lib/python3.11/site-packages/airflow/example_dags/example_sensor_decorator.py
[2023-09-14T10:37:44.877+0800] {logging_mixin.py:151} INFO - [2023-09-14T10:37:44.877+0800] {dag.py:2915} INFO - Sync 1 DAGs
[2023-09-14T10:37:44.882+0800] {logging_mixin.py:151} INFO - [2023-09-14T10:37:44.882+0800] {dag.py:3696} INFO - Setting next_dagrun for example_sensor_decorator to None, run_after=None
[2023-09-14T10:37:44.892+0800] {processor.py:179} INFO - Processing /opt/homebrew/lib/python3.11/site-packages/airflow/example_dags/example_sensor_decorator.py took 0.149 seconds
[2023-09-14T10:39:30.060+0800] {processor.py:157} INFO - Started process (PID=67940) to work on /opt/homebrew/lib/python3.11/site-packages/airflow/example_dags/example_sensor_decorator.py
[2023-09-14T10:39:30.062+0800] {processor.py:829} INFO - Processing file /opt/homebrew/lib/python3.11/site-packages/airflow/example_dags/example_sensor_decorator.py for tasks to queue
[2023-09-14T10:39:30.062+0800] {logging_mixin.py:151} INFO - [2023-09-14T10:39:30.062+0800] {dagbag.py:539} INFO - Filling up the DagBag from /opt/homebrew/lib/python3.11/site-packages/airflow/example_dags/example_sensor_decorator.py
[2023-09-14T10:39:30.092+0800] {processor.py:839} INFO - DAG(s) dict_keys(['example_sensor_decorator']) retrieved from /opt/homebrew/lib/python3.11/site-packages/airflow/example_dags/example_sensor_decorator.py
[2023-09-14T10:39:30.192+0800] {logging_mixin.py:151} INFO - [2023-09-14T10:39:30.191+0800] {dag.py:2915} INFO - Sync 1 DAGs
[2023-09-14T10:39:30.196+0800] {logging_mixin.py:151} INFO - [2023-09-14T10:39:30.196+0800] {dag.py:3696} INFO - Setting next_dagrun for example_sensor_decorator to None, run_after=None
[2023-09-14T10:39:30.207+0800] {processor.py:179} INFO - Processing /opt/homebrew/lib/python3.11/site-packages/airflow/example_dags/example_sensor_decorator.py took 0.147 seconds
[2023-09-14T10:41:17.407+0800] {processor.py:157} INFO - Started process (PID=68129) to work on /opt/homebrew/lib/python3.11/site-packages/airflow/example_dags/example_sensor_decorator.py
[2023-09-14T10:41:17.408+0800] {processor.py:829} INFO - Processing file /opt/homebrew/lib/python3.11/site-packages/airflow/example_dags/example_sensor_decorator.py for tasks to queue
[2023-09-14T10:41:17.408+0800] {logging_mixin.py:151} INFO - [2023-09-14T10:41:17.408+0800] {dagbag.py:539} INFO - Filling up the DagBag from /opt/homebrew/lib/python3.11/site-packages/airflow/example_dags/example_sensor_decorator.py
[2023-09-14T10:41:17.439+0800] {processor.py:839} INFO - DAG(s) dict_keys(['example_sensor_decorator']) retrieved from /opt/homebrew/lib/python3.11/site-packages/airflow/example_dags/example_sensor_decorator.py
[2023-09-14T10:41:17.539+0800] {logging_mixin.py:151} INFO - [2023-09-14T10:41:17.539+0800] {dag.py:2915} INFO - Sync 1 DAGs
[2023-09-14T10:41:17.544+0800] {logging_mixin.py:151} INFO - [2023-09-14T10:41:17.544+0800] {dag.py:3696} INFO - Setting next_dagrun for example_sensor_decorator to None, run_after=None
[2023-09-14T10:41:17.554+0800] {processor.py:179} INFO - Processing /opt/homebrew/lib/python3.11/site-packages/airflow/example_dags/example_sensor_decorator.py took 0.148 seconds
[2023-09-14T10:43:02.290+0800] {processor.py:157} INFO - Started process (PID=68316) to work on /opt/homebrew/lib/python3.11/site-packages/airflow/example_dags/example_sensor_decorator.py
[2023-09-14T10:43:02.291+0800] {processor.py:829} INFO - Processing file /opt/homebrew/lib/python3.11/site-packages/airflow/example_dags/example_sensor_decorator.py for tasks to queue
[2023-09-14T10:43:02.291+0800] {logging_mixin.py:151} INFO - [2023-09-14T10:43:02.291+0800] {dagbag.py:539} INFO - Filling up the DagBag from /opt/homebrew/lib/python3.11/site-packages/airflow/example_dags/example_sensor_decorator.py
[2023-09-14T10:43:02.322+0800] {processor.py:839} INFO - DAG(s) dict_keys(['example_sensor_decorator']) retrieved from /opt/homebrew/lib/python3.11/site-packages/airflow/example_dags/example_sensor_decorator.py
[2023-09-14T10:43:02.422+0800] {logging_mixin.py:151} INFO - [2023-09-14T10:43:02.422+0800] {dag.py:2915} INFO - Sync 1 DAGs
[2023-09-14T10:43:02.427+0800] {logging_mixin.py:151} INFO - [2023-09-14T10:43:02.427+0800] {dag.py:3696} INFO - Setting next_dagrun for example_sensor_decorator to None, run_after=None
[2023-09-14T10:43:02.437+0800] {processor.py:179} INFO - Processing /opt/homebrew/lib/python3.11/site-packages/airflow/example_dags/example_sensor_decorator.py took 0.147 seconds
[2023-09-14T10:44:46.954+0800] {processor.py:157} INFO - Started process (PID=68503) to work on /opt/homebrew/lib/python3.11/site-packages/airflow/example_dags/example_sensor_decorator.py
[2023-09-14T10:44:46.954+0800] {processor.py:829} INFO - Processing file /opt/homebrew/lib/python3.11/site-packages/airflow/example_dags/example_sensor_decorator.py for tasks to queue
[2023-09-14T10:44:46.955+0800] {logging_mixin.py:151} INFO - [2023-09-14T10:44:46.955+0800] {dagbag.py:539} INFO - Filling up the DagBag from /opt/homebrew/lib/python3.11/site-packages/airflow/example_dags/example_sensor_decorator.py
[2023-09-14T10:44:46.985+0800] {processor.py:839} INFO - DAG(s) dict_keys(['example_sensor_decorator']) retrieved from /opt/homebrew/lib/python3.11/site-packages/airflow/example_dags/example_sensor_decorator.py
[2023-09-14T10:44:47.085+0800] {logging_mixin.py:151} INFO - [2023-09-14T10:44:47.085+0800] {dag.py:2915} INFO - Sync 1 DAGs
[2023-09-14T10:44:47.090+0800] {logging_mixin.py:151} INFO - [2023-09-14T10:44:47.090+0800] {dag.py:3696} INFO - Setting next_dagrun for example_sensor_decorator to None, run_after=None
[2023-09-14T10:44:47.100+0800] {processor.py:179} INFO - Processing /opt/homebrew/lib/python3.11/site-packages/airflow/example_dags/example_sensor_decorator.py took 0.147 seconds
[2023-09-14T10:46:30.348+0800] {processor.py:157} INFO - Started process (PID=68696) to work on /opt/homebrew/lib/python3.11/site-packages/airflow/example_dags/example_sensor_decorator.py
[2023-09-14T10:46:30.349+0800] {processor.py:829} INFO - Processing file /opt/homebrew/lib/python3.11/site-packages/airflow/example_dags/example_sensor_decorator.py for tasks to queue
[2023-09-14T10:46:30.349+0800] {logging_mixin.py:151} INFO - [2023-09-14T10:46:30.349+0800] {dagbag.py:539} INFO - Filling up the DagBag from /opt/homebrew/lib/python3.11/site-packages/airflow/example_dags/example_sensor_decorator.py
[2023-09-14T10:46:30.379+0800] {processor.py:839} INFO - DAG(s) dict_keys(['example_sensor_decorator']) retrieved from /opt/homebrew/lib/python3.11/site-packages/airflow/example_dags/example_sensor_decorator.py
[2023-09-14T10:46:30.479+0800] {logging_mixin.py:151} INFO - [2023-09-14T10:46:30.479+0800] {dag.py:2915} INFO - Sync 1 DAGs
[2023-09-14T10:46:30.484+0800] {logging_mixin.py:151} INFO - [2023-09-14T10:46:30.484+0800] {dag.py:3696} INFO - Setting next_dagrun for example_sensor_decorator to None, run_after=None
[2023-09-14T10:46:30.494+0800] {processor.py:179} INFO - Processing /opt/homebrew/lib/python3.11/site-packages/airflow/example_dags/example_sensor_decorator.py took 0.147 seconds
[2023-09-14T10:48:13.866+0800] {processor.py:157} INFO - Started process (PID=68880) to work on /opt/homebrew/lib/python3.11/site-packages/airflow/example_dags/example_sensor_decorator.py
[2023-09-14T10:48:13.867+0800] {processor.py:829} INFO - Processing file /opt/homebrew/lib/python3.11/site-packages/airflow/example_dags/example_sensor_decorator.py for tasks to queue
[2023-09-14T10:48:13.867+0800] {logging_mixin.py:151} INFO - [2023-09-14T10:48:13.867+0800] {dagbag.py:539} INFO - Filling up the DagBag from /opt/homebrew/lib/python3.11/site-packages/airflow/example_dags/example_sensor_decorator.py
[2023-09-14T10:48:13.898+0800] {processor.py:839} INFO - DAG(s) dict_keys(['example_sensor_decorator']) retrieved from /opt/homebrew/lib/python3.11/site-packages/airflow/example_dags/example_sensor_decorator.py
[2023-09-14T10:48:13.999+0800] {logging_mixin.py:151} INFO - [2023-09-14T10:48:13.999+0800] {dag.py:2915} INFO - Sync 1 DAGs
[2023-09-14T10:48:14.004+0800] {logging_mixin.py:151} INFO - [2023-09-14T10:48:14.004+0800] {dag.py:3696} INFO - Setting next_dagrun for example_sensor_decorator to None, run_after=None
[2023-09-14T10:48:14.014+0800] {processor.py:179} INFO - Processing /opt/homebrew/lib/python3.11/site-packages/airflow/example_dags/example_sensor_decorator.py took 0.148 seconds
[2023-09-14T10:50:03.717+0800] {processor.py:157} INFO - Started process (PID=69071) to work on /opt/homebrew/lib/python3.11/site-packages/airflow/example_dags/example_sensor_decorator.py
[2023-09-14T10:50:03.718+0800] {processor.py:829} INFO - Processing file /opt/homebrew/lib/python3.11/site-packages/airflow/example_dags/example_sensor_decorator.py for tasks to queue
[2023-09-14T10:50:03.718+0800] {logging_mixin.py:151} INFO - [2023-09-14T10:50:03.718+0800] {dagbag.py:539} INFO - Filling up the DagBag from /opt/homebrew/lib/python3.11/site-packages/airflow/example_dags/example_sensor_decorator.py
[2023-09-14T10:50:03.748+0800] {processor.py:839} INFO - DAG(s) dict_keys(['example_sensor_decorator']) retrieved from /opt/homebrew/lib/python3.11/site-packages/airflow/example_dags/example_sensor_decorator.py
[2023-09-14T10:50:03.848+0800] {logging_mixin.py:151} INFO - [2023-09-14T10:50:03.848+0800] {dag.py:2915} INFO - Sync 1 DAGs
[2023-09-14T10:50:03.853+0800] {logging_mixin.py:151} INFO - [2023-09-14T10:50:03.853+0800] {dag.py:3696} INFO - Setting next_dagrun for example_sensor_decorator to None, run_after=None
[2023-09-14T10:50:03.863+0800] {processor.py:179} INFO - Processing /opt/homebrew/lib/python3.11/site-packages/airflow/example_dags/example_sensor_decorator.py took 0.147 seconds
[2023-09-14T10:51:50.196+0800] {processor.py:157} INFO - Started process (PID=69267) to work on /opt/homebrew/lib/python3.11/site-packages/airflow/example_dags/example_sensor_decorator.py
[2023-09-14T10:51:50.196+0800] {processor.py:829} INFO - Processing file /opt/homebrew/lib/python3.11/site-packages/airflow/example_dags/example_sensor_decorator.py for tasks to queue
[2023-09-14T10:51:50.197+0800] {logging_mixin.py:151} INFO - [2023-09-14T10:51:50.196+0800] {dagbag.py:539} INFO - Filling up the DagBag from /opt/homebrew/lib/python3.11/site-packages/airflow/example_dags/example_sensor_decorator.py
[2023-09-14T10:51:50.227+0800] {processor.py:839} INFO - DAG(s) dict_keys(['example_sensor_decorator']) retrieved from /opt/homebrew/lib/python3.11/site-packages/airflow/example_dags/example_sensor_decorator.py
[2023-09-14T10:51:50.327+0800] {logging_mixin.py:151} INFO - [2023-09-14T10:51:50.326+0800] {dag.py:2915} INFO - Sync 1 DAGs
[2023-09-14T10:51:50.331+0800] {logging_mixin.py:151} INFO - [2023-09-14T10:51:50.331+0800] {dag.py:3696} INFO - Setting next_dagrun for example_sensor_decorator to None, run_after=None
[2023-09-14T10:51:50.342+0800] {processor.py:179} INFO - Processing /opt/homebrew/lib/python3.11/site-packages/airflow/example_dags/example_sensor_decorator.py took 0.146 seconds
[2023-09-14T10:53:41.671+0800] {processor.py:157} INFO - Started process (PID=69469) to work on /opt/homebrew/lib/python3.11/site-packages/airflow/example_dags/example_sensor_decorator.py
[2023-09-14T10:53:41.672+0800] {processor.py:829} INFO - Processing file /opt/homebrew/lib/python3.11/site-packages/airflow/example_dags/example_sensor_decorator.py for tasks to queue
[2023-09-14T10:53:41.672+0800] {logging_mixin.py:151} INFO - [2023-09-14T10:53:41.672+0800] {dagbag.py:539} INFO - Filling up the DagBag from /opt/homebrew/lib/python3.11/site-packages/airflow/example_dags/example_sensor_decorator.py
[2023-09-14T10:53:41.703+0800] {processor.py:839} INFO - DAG(s) dict_keys(['example_sensor_decorator']) retrieved from /opt/homebrew/lib/python3.11/site-packages/airflow/example_dags/example_sensor_decorator.py
[2023-09-14T10:53:41.805+0800] {logging_mixin.py:151} INFO - [2023-09-14T10:53:41.805+0800] {dag.py:2915} INFO - Sync 1 DAGs
[2023-09-14T10:53:41.810+0800] {logging_mixin.py:151} INFO - [2023-09-14T10:53:41.810+0800] {dag.py:3696} INFO - Setting next_dagrun for example_sensor_decorator to None, run_after=None
[2023-09-14T10:53:41.820+0800] {processor.py:179} INFO - Processing /opt/homebrew/lib/python3.11/site-packages/airflow/example_dags/example_sensor_decorator.py took 0.150 seconds
[2023-09-14T10:55:25.851+0800] {processor.py:157} INFO - Started process (PID=69676) to work on /opt/homebrew/lib/python3.11/site-packages/airflow/example_dags/example_sensor_decorator.py
[2023-09-14T10:55:25.851+0800] {processor.py:829} INFO - Processing file /opt/homebrew/lib/python3.11/site-packages/airflow/example_dags/example_sensor_decorator.py for tasks to queue
[2023-09-14T10:55:25.852+0800] {logging_mixin.py:151} INFO - [2023-09-14T10:55:25.852+0800] {dagbag.py:539} INFO - Filling up the DagBag from /opt/homebrew/lib/python3.11/site-packages/airflow/example_dags/example_sensor_decorator.py
[2023-09-14T10:55:25.882+0800] {processor.py:839} INFO - DAG(s) dict_keys(['example_sensor_decorator']) retrieved from /opt/homebrew/lib/python3.11/site-packages/airflow/example_dags/example_sensor_decorator.py
[2023-09-14T10:55:25.982+0800] {logging_mixin.py:151} INFO - [2023-09-14T10:55:25.982+0800] {dag.py:2915} INFO - Sync 1 DAGs
[2023-09-14T10:55:25.987+0800] {logging_mixin.py:151} INFO - [2023-09-14T10:55:25.987+0800] {dag.py:3696} INFO - Setting next_dagrun for example_sensor_decorator to None, run_after=None
[2023-09-14T10:55:25.997+0800] {processor.py:179} INFO - Processing /opt/homebrew/lib/python3.11/site-packages/airflow/example_dags/example_sensor_decorator.py took 0.147 seconds
[2023-09-14T10:57:10.560+0800] {processor.py:157} INFO - Started process (PID=69863) to work on /opt/homebrew/lib/python3.11/site-packages/airflow/example_dags/example_sensor_decorator.py
[2023-09-14T10:57:10.560+0800] {processor.py:829} INFO - Processing file /opt/homebrew/lib/python3.11/site-packages/airflow/example_dags/example_sensor_decorator.py for tasks to queue
[2023-09-14T10:57:10.561+0800] {logging_mixin.py:151} INFO - [2023-09-14T10:57:10.560+0800] {dagbag.py:539} INFO - Filling up the DagBag from /opt/homebrew/lib/python3.11/site-packages/airflow/example_dags/example_sensor_decorator.py
[2023-09-14T10:57:10.591+0800] {processor.py:839} INFO - DAG(s) dict_keys(['example_sensor_decorator']) retrieved from /opt/homebrew/lib/python3.11/site-packages/airflow/example_dags/example_sensor_decorator.py
[2023-09-14T10:57:10.691+0800] {logging_mixin.py:151} INFO - [2023-09-14T10:57:10.691+0800] {dag.py:2915} INFO - Sync 1 DAGs
[2023-09-14T10:57:10.696+0800] {logging_mixin.py:151} INFO - [2023-09-14T10:57:10.696+0800] {dag.py:3696} INFO - Setting next_dagrun for example_sensor_decorator to None, run_after=None
[2023-09-14T10:57:10.706+0800] {processor.py:179} INFO - Processing /opt/homebrew/lib/python3.11/site-packages/airflow/example_dags/example_sensor_decorator.py took 0.147 seconds
[2023-09-14T10:58:48.836+0800] {processor.py:157} INFO - Started process (PID=70042) to work on /opt/homebrew/lib/python3.11/site-packages/airflow/example_dags/example_sensor_decorator.py
[2023-09-14T10:58:48.837+0800] {processor.py:829} INFO - Processing file /opt/homebrew/lib/python3.11/site-packages/airflow/example_dags/example_sensor_decorator.py for tasks to queue
[2023-09-14T10:58:48.837+0800] {logging_mixin.py:151} INFO - [2023-09-14T10:58:48.837+0800] {dagbag.py:539} INFO - Filling up the DagBag from /opt/homebrew/lib/python3.11/site-packages/airflow/example_dags/example_sensor_decorator.py
[2023-09-14T10:58:48.867+0800] {processor.py:839} INFO - DAG(s) dict_keys(['example_sensor_decorator']) retrieved from /opt/homebrew/lib/python3.11/site-packages/airflow/example_dags/example_sensor_decorator.py
[2023-09-14T10:58:48.967+0800] {logging_mixin.py:151} INFO - [2023-09-14T10:58:48.967+0800] {dag.py:2915} INFO - Sync 1 DAGs
[2023-09-14T10:58:48.972+0800] {logging_mixin.py:151} INFO - [2023-09-14T10:58:48.972+0800] {dag.py:3696} INFO - Setting next_dagrun for example_sensor_decorator to None, run_after=None
[2023-09-14T10:58:48.982+0800] {processor.py:179} INFO - Processing /opt/homebrew/lib/python3.11/site-packages/airflow/example_dags/example_sensor_decorator.py took 0.146 seconds
[2023-09-14T11:00:32.662+0800] {processor.py:157} INFO - Started process (PID=70236) to work on /opt/homebrew/lib/python3.11/site-packages/airflow/example_dags/example_sensor_decorator.py
[2023-09-14T11:00:32.662+0800] {processor.py:829} INFO - Processing file /opt/homebrew/lib/python3.11/site-packages/airflow/example_dags/example_sensor_decorator.py for tasks to queue
[2023-09-14T11:00:32.662+0800] {logging_mixin.py:151} INFO - [2023-09-14T11:00:32.662+0800] {dagbag.py:539} INFO - Filling up the DagBag from /opt/homebrew/lib/python3.11/site-packages/airflow/example_dags/example_sensor_decorator.py
[2023-09-14T11:00:32.692+0800] {processor.py:839} INFO - DAG(s) dict_keys(['example_sensor_decorator']) retrieved from /opt/homebrew/lib/python3.11/site-packages/airflow/example_dags/example_sensor_decorator.py
[2023-09-14T11:00:32.792+0800] {logging_mixin.py:151} INFO - [2023-09-14T11:00:32.792+0800] {dag.py:2915} INFO - Sync 1 DAGs
[2023-09-14T11:00:32.797+0800] {logging_mixin.py:151} INFO - [2023-09-14T11:00:32.797+0800] {dag.py:3696} INFO - Setting next_dagrun for example_sensor_decorator to None, run_after=None
[2023-09-14T11:00:32.807+0800] {processor.py:179} INFO - Processing /opt/homebrew/lib/python3.11/site-packages/airflow/example_dags/example_sensor_decorator.py took 0.146 seconds
[2023-09-14T11:02:17.175+0800] {processor.py:157} INFO - Started process (PID=70419) to work on /opt/homebrew/lib/python3.11/site-packages/airflow/example_dags/example_sensor_decorator.py
[2023-09-14T11:02:17.175+0800] {processor.py:829} INFO - Processing file /opt/homebrew/lib/python3.11/site-packages/airflow/example_dags/example_sensor_decorator.py for tasks to queue
[2023-09-14T11:02:17.175+0800] {logging_mixin.py:151} INFO - [2023-09-14T11:02:17.175+0800] {dagbag.py:539} INFO - Filling up the DagBag from /opt/homebrew/lib/python3.11/site-packages/airflow/example_dags/example_sensor_decorator.py
[2023-09-14T11:02:17.206+0800] {processor.py:839} INFO - DAG(s) dict_keys(['example_sensor_decorator']) retrieved from /opt/homebrew/lib/python3.11/site-packages/airflow/example_dags/example_sensor_decorator.py
[2023-09-14T11:02:17.306+0800] {logging_mixin.py:151} INFO - [2023-09-14T11:02:17.306+0800] {dag.py:2915} INFO - Sync 1 DAGs
[2023-09-14T11:02:17.311+0800] {logging_mixin.py:151} INFO - [2023-09-14T11:02:17.310+0800] {dag.py:3696} INFO - Setting next_dagrun for example_sensor_decorator to None, run_after=None
[2023-09-14T11:02:17.321+0800] {processor.py:179} INFO - Processing /opt/homebrew/lib/python3.11/site-packages/airflow/example_dags/example_sensor_decorator.py took 0.147 seconds
[2023-09-14T11:03:59.959+0800] {processor.py:157} INFO - Started process (PID=70601) to work on /opt/homebrew/lib/python3.11/site-packages/airflow/example_dags/example_sensor_decorator.py
[2023-09-14T11:03:59.960+0800] {processor.py:829} INFO - Processing file /opt/homebrew/lib/python3.11/site-packages/airflow/example_dags/example_sensor_decorator.py for tasks to queue
[2023-09-14T11:03:59.960+0800] {logging_mixin.py:151} INFO - [2023-09-14T11:03:59.960+0800] {dagbag.py:539} INFO - Filling up the DagBag from /opt/homebrew/lib/python3.11/site-packages/airflow/example_dags/example_sensor_decorator.py
[2023-09-14T11:03:59.992+0800] {processor.py:839} INFO - DAG(s) dict_keys(['example_sensor_decorator']) retrieved from /opt/homebrew/lib/python3.11/site-packages/airflow/example_dags/example_sensor_decorator.py
[2023-09-14T11:04:00.094+0800] {logging_mixin.py:151} INFO - [2023-09-14T11:04:00.094+0800] {dag.py:2915} INFO - Sync 1 DAGs
[2023-09-14T11:04:00.099+0800] {logging_mixin.py:151} INFO - [2023-09-14T11:04:00.099+0800] {dag.py:3696} INFO - Setting next_dagrun for example_sensor_decorator to None, run_after=None
[2023-09-14T11:04:00.109+0800] {processor.py:179} INFO - Processing /opt/homebrew/lib/python3.11/site-packages/airflow/example_dags/example_sensor_decorator.py took 0.150 seconds
[2023-09-14T11:05:47.348+0800] {processor.py:157} INFO - Started process (PID=70815) to work on /opt/homebrew/lib/python3.11/site-packages/airflow/example_dags/example_sensor_decorator.py
[2023-09-14T11:05:47.348+0800] {processor.py:829} INFO - Processing file /opt/homebrew/lib/python3.11/site-packages/airflow/example_dags/example_sensor_decorator.py for tasks to queue
[2023-09-14T11:05:47.349+0800] {logging_mixin.py:151} INFO - [2023-09-14T11:05:47.348+0800] {dagbag.py:539} INFO - Filling up the DagBag from /opt/homebrew/lib/python3.11/site-packages/airflow/example_dags/example_sensor_decorator.py
[2023-09-14T11:05:47.379+0800] {processor.py:839} INFO - DAG(s) dict_keys(['example_sensor_decorator']) retrieved from /opt/homebrew/lib/python3.11/site-packages/airflow/example_dags/example_sensor_decorator.py
[2023-09-14T11:05:47.479+0800] {logging_mixin.py:151} INFO - [2023-09-14T11:05:47.479+0800] {dag.py:2915} INFO - Sync 1 DAGs
[2023-09-14T11:05:47.484+0800] {logging_mixin.py:151} INFO - [2023-09-14T11:05:47.483+0800] {dag.py:3696} INFO - Setting next_dagrun for example_sensor_decorator to None, run_after=None
[2023-09-14T11:05:47.494+0800] {processor.py:179} INFO - Processing /opt/homebrew/lib/python3.11/site-packages/airflow/example_dags/example_sensor_decorator.py took 0.146 seconds
[2023-09-14T11:07:28.144+0800] {processor.py:157} INFO - Started process (PID=70998) to work on /opt/homebrew/lib/python3.11/site-packages/airflow/example_dags/example_sensor_decorator.py
[2023-09-14T11:07:28.144+0800] {processor.py:829} INFO - Processing file /opt/homebrew/lib/python3.11/site-packages/airflow/example_dags/example_sensor_decorator.py for tasks to queue
[2023-09-14T11:07:28.145+0800] {logging_mixin.py:151} INFO - [2023-09-14T11:07:28.144+0800] {dagbag.py:539} INFO - Filling up the DagBag from /opt/homebrew/lib/python3.11/site-packages/airflow/example_dags/example_sensor_decorator.py
[2023-09-14T11:07:28.175+0800] {processor.py:839} INFO - DAG(s) dict_keys(['example_sensor_decorator']) retrieved from /opt/homebrew/lib/python3.11/site-packages/airflow/example_dags/example_sensor_decorator.py
[2023-09-14T11:07:28.275+0800] {logging_mixin.py:151} INFO - [2023-09-14T11:07:28.275+0800] {dag.py:2915} INFO - Sync 1 DAGs
[2023-09-14T11:07:28.280+0800] {logging_mixin.py:151} INFO - [2023-09-14T11:07:28.279+0800] {dag.py:3696} INFO - Setting next_dagrun for example_sensor_decorator to None, run_after=None
[2023-09-14T11:07:28.290+0800] {processor.py:179} INFO - Processing /opt/homebrew/lib/python3.11/site-packages/airflow/example_dags/example_sensor_decorator.py took 0.147 seconds
[2023-09-14T11:23:26.512+0800] {processor.py:157} INFO - Started process (PID=71223) to work on /opt/homebrew/lib/python3.11/site-packages/airflow/example_dags/example_sensor_decorator.py
[2023-09-14T11:23:26.513+0800] {processor.py:829} INFO - Processing file /opt/homebrew/lib/python3.11/site-packages/airflow/example_dags/example_sensor_decorator.py for tasks to queue
[2023-09-14T11:23:26.514+0800] {logging_mixin.py:151} INFO - [2023-09-14T11:23:26.514+0800] {dagbag.py:539} INFO - Filling up the DagBag from /opt/homebrew/lib/python3.11/site-packages/airflow/example_dags/example_sensor_decorator.py
[2023-09-14T11:23:26.544+0800] {processor.py:839} INFO - DAG(s) dict_keys(['example_sensor_decorator']) retrieved from /opt/homebrew/lib/python3.11/site-packages/airflow/example_dags/example_sensor_decorator.py
[2023-09-14T11:23:26.645+0800] {logging_mixin.py:151} INFO - [2023-09-14T11:23:26.644+0800] {dag.py:2915} INFO - Sync 1 DAGs
[2023-09-14T11:23:26.649+0800] {logging_mixin.py:151} INFO - [2023-09-14T11:23:26.649+0800] {dag.py:3696} INFO - Setting next_dagrun for example_sensor_decorator to None, run_after=None
[2023-09-14T11:23:26.659+0800] {processor.py:179} INFO - Processing /opt/homebrew/lib/python3.11/site-packages/airflow/example_dags/example_sensor_decorator.py took 0.148 seconds
[2023-09-14T11:25:24.821+0800] {processor.py:157} INFO - Started process (PID=71432) to work on /opt/homebrew/lib/python3.11/site-packages/airflow/example_dags/example_sensor_decorator.py
[2023-09-14T11:25:24.822+0800] {processor.py:829} INFO - Processing file /opt/homebrew/lib/python3.11/site-packages/airflow/example_dags/example_sensor_decorator.py for tasks to queue
[2023-09-14T11:25:24.822+0800] {logging_mixin.py:151} INFO - [2023-09-14T11:25:24.822+0800] {dagbag.py:539} INFO - Filling up the DagBag from /opt/homebrew/lib/python3.11/site-packages/airflow/example_dags/example_sensor_decorator.py
[2023-09-14T11:25:24.852+0800] {processor.py:839} INFO - DAG(s) dict_keys(['example_sensor_decorator']) retrieved from /opt/homebrew/lib/python3.11/site-packages/airflow/example_dags/example_sensor_decorator.py
[2023-09-14T11:25:24.953+0800] {logging_mixin.py:151} INFO - [2023-09-14T11:25:24.953+0800] {dag.py:2915} INFO - Sync 1 DAGs
[2023-09-14T11:25:24.958+0800] {logging_mixin.py:151} INFO - [2023-09-14T11:25:24.958+0800] {dag.py:3696} INFO - Setting next_dagrun for example_sensor_decorator to None, run_after=None
[2023-09-14T11:25:24.968+0800] {processor.py:179} INFO - Processing /opt/homebrew/lib/python3.11/site-packages/airflow/example_dags/example_sensor_decorator.py took 0.147 seconds
[2023-09-14T11:27:08.262+0800] {processor.py:157} INFO - Started process (PID=71618) to work on /opt/homebrew/lib/python3.11/site-packages/airflow/example_dags/example_sensor_decorator.py
[2023-09-14T11:27:08.262+0800] {processor.py:829} INFO - Processing file /opt/homebrew/lib/python3.11/site-packages/airflow/example_dags/example_sensor_decorator.py for tasks to queue
[2023-09-14T11:27:08.262+0800] {logging_mixin.py:151} INFO - [2023-09-14T11:27:08.262+0800] {dagbag.py:539} INFO - Filling up the DagBag from /opt/homebrew/lib/python3.11/site-packages/airflow/example_dags/example_sensor_decorator.py
[2023-09-14T11:27:08.293+0800] {processor.py:839} INFO - DAG(s) dict_keys(['example_sensor_decorator']) retrieved from /opt/homebrew/lib/python3.11/site-packages/airflow/example_dags/example_sensor_decorator.py
[2023-09-14T11:27:08.393+0800] {logging_mixin.py:151} INFO - [2023-09-14T11:27:08.393+0800] {dag.py:2915} INFO - Sync 1 DAGs
[2023-09-14T11:27:08.397+0800] {logging_mixin.py:151} INFO - [2023-09-14T11:27:08.397+0800] {dag.py:3696} INFO - Setting next_dagrun for example_sensor_decorator to None, run_after=None
[2023-09-14T11:27:08.408+0800] {processor.py:179} INFO - Processing /opt/homebrew/lib/python3.11/site-packages/airflow/example_dags/example_sensor_decorator.py took 0.147 seconds
[2023-09-14T11:28:51.655+0800] {processor.py:157} INFO - Started process (PID=71804) to work on /opt/homebrew/lib/python3.11/site-packages/airflow/example_dags/example_sensor_decorator.py
[2023-09-14T11:28:51.655+0800] {processor.py:829} INFO - Processing file /opt/homebrew/lib/python3.11/site-packages/airflow/example_dags/example_sensor_decorator.py for tasks to queue
[2023-09-14T11:28:51.656+0800] {logging_mixin.py:151} INFO - [2023-09-14T11:28:51.656+0800] {dagbag.py:539} INFO - Filling up the DagBag from /opt/homebrew/lib/python3.11/site-packages/airflow/example_dags/example_sensor_decorator.py
[2023-09-14T11:28:51.686+0800] {processor.py:839} INFO - DAG(s) dict_keys(['example_sensor_decorator']) retrieved from /opt/homebrew/lib/python3.11/site-packages/airflow/example_dags/example_sensor_decorator.py
[2023-09-14T11:28:51.786+0800] {logging_mixin.py:151} INFO - [2023-09-14T11:28:51.786+0800] {dag.py:2915} INFO - Sync 1 DAGs
[2023-09-14T11:28:51.791+0800] {logging_mixin.py:151} INFO - [2023-09-14T11:28:51.791+0800] {dag.py:3696} INFO - Setting next_dagrun for example_sensor_decorator to None, run_after=None
[2023-09-14T11:28:51.801+0800] {processor.py:179} INFO - Processing /opt/homebrew/lib/python3.11/site-packages/airflow/example_dags/example_sensor_decorator.py took 0.147 seconds
[2023-09-14T11:30:32.308+0800] {processor.py:157} INFO - Started process (PID=71986) to work on /opt/homebrew/lib/python3.11/site-packages/airflow/example_dags/example_sensor_decorator.py
[2023-09-14T11:30:32.309+0800] {processor.py:829} INFO - Processing file /opt/homebrew/lib/python3.11/site-packages/airflow/example_dags/example_sensor_decorator.py for tasks to queue
[2023-09-14T11:30:32.309+0800] {logging_mixin.py:151} INFO - [2023-09-14T11:30:32.309+0800] {dagbag.py:539} INFO - Filling up the DagBag from /opt/homebrew/lib/python3.11/site-packages/airflow/example_dags/example_sensor_decorator.py
[2023-09-14T11:30:32.339+0800] {processor.py:839} INFO - DAG(s) dict_keys(['example_sensor_decorator']) retrieved from /opt/homebrew/lib/python3.11/site-packages/airflow/example_dags/example_sensor_decorator.py
[2023-09-14T11:30:32.439+0800] {logging_mixin.py:151} INFO - [2023-09-14T11:30:32.439+0800] {dag.py:2915} INFO - Sync 1 DAGs
[2023-09-14T11:30:32.444+0800] {logging_mixin.py:151} INFO - [2023-09-14T11:30:32.443+0800] {dag.py:3696} INFO - Setting next_dagrun for example_sensor_decorator to None, run_after=None
[2023-09-14T11:30:32.453+0800] {processor.py:179} INFO - Processing /opt/homebrew/lib/python3.11/site-packages/airflow/example_dags/example_sensor_decorator.py took 0.145 seconds
[2023-09-14T11:32:20.352+0800] {processor.py:157} INFO - Started process (PID=72175) to work on /opt/homebrew/lib/python3.11/site-packages/airflow/example_dags/example_sensor_decorator.py
[2023-09-14T11:32:20.353+0800] {processor.py:829} INFO - Processing file /opt/homebrew/lib/python3.11/site-packages/airflow/example_dags/example_sensor_decorator.py for tasks to queue
[2023-09-14T11:32:20.353+0800] {logging_mixin.py:151} INFO - [2023-09-14T11:32:20.353+0800] {dagbag.py:539} INFO - Filling up the DagBag from /opt/homebrew/lib/python3.11/site-packages/airflow/example_dags/example_sensor_decorator.py
[2023-09-14T11:32:20.384+0800] {processor.py:839} INFO - DAG(s) dict_keys(['example_sensor_decorator']) retrieved from /opt/homebrew/lib/python3.11/site-packages/airflow/example_dags/example_sensor_decorator.py
[2023-09-14T11:32:20.484+0800] {logging_mixin.py:151} INFO - [2023-09-14T11:32:20.484+0800] {dag.py:2915} INFO - Sync 1 DAGs
[2023-09-14T11:32:20.489+0800] {logging_mixin.py:151} INFO - [2023-09-14T11:32:20.489+0800] {dag.py:3696} INFO - Setting next_dagrun for example_sensor_decorator to None, run_after=None
[2023-09-14T11:32:20.499+0800] {processor.py:179} INFO - Processing /opt/homebrew/lib/python3.11/site-packages/airflow/example_dags/example_sensor_decorator.py took 0.147 seconds
[2023-09-14T11:34:07.147+0800] {processor.py:157} INFO - Started process (PID=72368) to work on /opt/homebrew/lib/python3.11/site-packages/airflow/example_dags/example_sensor_decorator.py
[2023-09-14T11:34:07.147+0800] {processor.py:829} INFO - Processing file /opt/homebrew/lib/python3.11/site-packages/airflow/example_dags/example_sensor_decorator.py for tasks to queue
[2023-09-14T11:34:07.148+0800] {logging_mixin.py:151} INFO - [2023-09-14T11:34:07.147+0800] {dagbag.py:539} INFO - Filling up the DagBag from /opt/homebrew/lib/python3.11/site-packages/airflow/example_dags/example_sensor_decorator.py
[2023-09-14T11:34:07.179+0800] {processor.py:839} INFO - DAG(s) dict_keys(['example_sensor_decorator']) retrieved from /opt/homebrew/lib/python3.11/site-packages/airflow/example_dags/example_sensor_decorator.py
[2023-09-14T11:34:07.281+0800] {logging_mixin.py:151} INFO - [2023-09-14T11:34:07.281+0800] {dag.py:2915} INFO - Sync 1 DAGs
[2023-09-14T11:34:07.285+0800] {logging_mixin.py:151} INFO - [2023-09-14T11:34:07.285+0800] {dag.py:3696} INFO - Setting next_dagrun for example_sensor_decorator to None, run_after=None
[2023-09-14T11:34:07.296+0800] {processor.py:179} INFO - Processing /opt/homebrew/lib/python3.11/site-packages/airflow/example_dags/example_sensor_decorator.py took 0.149 seconds
[2023-09-14T11:35:56.998+0800] {processor.py:157} INFO - Started process (PID=72563) to work on /opt/homebrew/lib/python3.11/site-packages/airflow/example_dags/example_sensor_decorator.py
[2023-09-14T11:35:56.999+0800] {processor.py:829} INFO - Processing file /opt/homebrew/lib/python3.11/site-packages/airflow/example_dags/example_sensor_decorator.py for tasks to queue
[2023-09-14T11:35:56.999+0800] {logging_mixin.py:151} INFO - [2023-09-14T11:35:56.999+0800] {dagbag.py:539} INFO - Filling up the DagBag from /opt/homebrew/lib/python3.11/site-packages/airflow/example_dags/example_sensor_decorator.py
[2023-09-14T11:35:57.029+0800] {processor.py:839} INFO - DAG(s) dict_keys(['example_sensor_decorator']) retrieved from /opt/homebrew/lib/python3.11/site-packages/airflow/example_dags/example_sensor_decorator.py
[2023-09-14T11:35:57.130+0800] {logging_mixin.py:151} INFO - [2023-09-14T11:35:57.130+0800] {dag.py:2915} INFO - Sync 1 DAGs
[2023-09-14T11:35:57.134+0800] {logging_mixin.py:151} INFO - [2023-09-14T11:35:57.134+0800] {dag.py:3696} INFO - Setting next_dagrun for example_sensor_decorator to None, run_after=None
[2023-09-14T11:35:57.145+0800] {processor.py:179} INFO - Processing /opt/homebrew/lib/python3.11/site-packages/airflow/example_dags/example_sensor_decorator.py took 0.147 seconds
[2023-09-14T11:37:42.491+0800] {processor.py:157} INFO - Started process (PID=72752) to work on /opt/homebrew/lib/python3.11/site-packages/airflow/example_dags/example_sensor_decorator.py
[2023-09-14T11:37:42.492+0800] {processor.py:829} INFO - Processing file /opt/homebrew/lib/python3.11/site-packages/airflow/example_dags/example_sensor_decorator.py for tasks to queue
[2023-09-14T11:37:42.492+0800] {logging_mixin.py:151} INFO - [2023-09-14T11:37:42.492+0800] {dagbag.py:539} INFO - Filling up the DagBag from /opt/homebrew/lib/python3.11/site-packages/airflow/example_dags/example_sensor_decorator.py
[2023-09-14T11:37:42.522+0800] {processor.py:839} INFO - DAG(s) dict_keys(['example_sensor_decorator']) retrieved from /opt/homebrew/lib/python3.11/site-packages/airflow/example_dags/example_sensor_decorator.py
[2023-09-14T11:37:42.623+0800] {logging_mixin.py:151} INFO - [2023-09-14T11:37:42.622+0800] {dag.py:2915} INFO - Sync 1 DAGs
[2023-09-14T11:37:42.627+0800] {logging_mixin.py:151} INFO - [2023-09-14T11:37:42.627+0800] {dag.py:3696} INFO - Setting next_dagrun for example_sensor_decorator to None, run_after=None
[2023-09-14T11:37:42.637+0800] {processor.py:179} INFO - Processing /opt/homebrew/lib/python3.11/site-packages/airflow/example_dags/example_sensor_decorator.py took 0.147 seconds
[2023-09-14T11:39:21.919+0800] {processor.py:157} INFO - Started process (PID=72956) to work on /opt/homebrew/lib/python3.11/site-packages/airflow/example_dags/example_sensor_decorator.py
[2023-09-14T11:39:21.919+0800] {processor.py:829} INFO - Processing file /opt/homebrew/lib/python3.11/site-packages/airflow/example_dags/example_sensor_decorator.py for tasks to queue
[2023-09-14T11:39:21.920+0800] {logging_mixin.py:151} INFO - [2023-09-14T11:39:21.920+0800] {dagbag.py:539} INFO - Filling up the DagBag from /opt/homebrew/lib/python3.11/site-packages/airflow/example_dags/example_sensor_decorator.py
[2023-09-14T11:39:21.950+0800] {processor.py:839} INFO - DAG(s) dict_keys(['example_sensor_decorator']) retrieved from /opt/homebrew/lib/python3.11/site-packages/airflow/example_dags/example_sensor_decorator.py
[2023-09-14T11:39:22.050+0800] {logging_mixin.py:151} INFO - [2023-09-14T11:39:22.050+0800] {dag.py:2915} INFO - Sync 1 DAGs
[2023-09-14T11:39:22.055+0800] {logging_mixin.py:151} INFO - [2023-09-14T11:39:22.055+0800] {dag.py:3696} INFO - Setting next_dagrun for example_sensor_decorator to None, run_after=None
[2023-09-14T11:39:22.065+0800] {processor.py:179} INFO - Processing /opt/homebrew/lib/python3.11/site-packages/airflow/example_dags/example_sensor_decorator.py took 0.147 seconds
[2023-09-14T11:41:05.286+0800] {processor.py:157} INFO - Started process (PID=73135) to work on /opt/homebrew/lib/python3.11/site-packages/airflow/example_dags/example_sensor_decorator.py
[2023-09-14T11:41:05.286+0800] {processor.py:829} INFO - Processing file /opt/homebrew/lib/python3.11/site-packages/airflow/example_dags/example_sensor_decorator.py for tasks to queue
[2023-09-14T11:41:05.287+0800] {logging_mixin.py:151} INFO - [2023-09-14T11:41:05.286+0800] {dagbag.py:539} INFO - Filling up the DagBag from /opt/homebrew/lib/python3.11/site-packages/airflow/example_dags/example_sensor_decorator.py
[2023-09-14T11:41:05.317+0800] {processor.py:839} INFO - DAG(s) dict_keys(['example_sensor_decorator']) retrieved from /opt/homebrew/lib/python3.11/site-packages/airflow/example_dags/example_sensor_decorator.py
[2023-09-14T11:41:05.417+0800] {logging_mixin.py:151} INFO - [2023-09-14T11:41:05.416+0800] {dag.py:2915} INFO - Sync 1 DAGs
[2023-09-14T11:41:05.421+0800] {logging_mixin.py:151} INFO - [2023-09-14T11:41:05.421+0800] {dag.py:3696} INFO - Setting next_dagrun for example_sensor_decorator to None, run_after=None
[2023-09-14T11:41:05.432+0800] {processor.py:179} INFO - Processing /opt/homebrew/lib/python3.11/site-packages/airflow/example_dags/example_sensor_decorator.py took 0.146 seconds
[2023-09-14T11:42:46.838+0800] {processor.py:157} INFO - Started process (PID=73320) to work on /opt/homebrew/lib/python3.11/site-packages/airflow/example_dags/example_sensor_decorator.py
[2023-09-14T11:42:46.839+0800] {processor.py:829} INFO - Processing file /opt/homebrew/lib/python3.11/site-packages/airflow/example_dags/example_sensor_decorator.py for tasks to queue
[2023-09-14T11:42:46.839+0800] {logging_mixin.py:151} INFO - [2023-09-14T11:42:46.839+0800] {dagbag.py:539} INFO - Filling up the DagBag from /opt/homebrew/lib/python3.11/site-packages/airflow/example_dags/example_sensor_decorator.py
[2023-09-14T11:42:46.869+0800] {processor.py:839} INFO - DAG(s) dict_keys(['example_sensor_decorator']) retrieved from /opt/homebrew/lib/python3.11/site-packages/airflow/example_dags/example_sensor_decorator.py
[2023-09-14T11:42:46.970+0800] {logging_mixin.py:151} INFO - [2023-09-14T11:42:46.969+0800] {dag.py:2915} INFO - Sync 1 DAGs
[2023-09-14T11:42:46.974+0800] {logging_mixin.py:151} INFO - [2023-09-14T11:42:46.974+0800] {dag.py:3696} INFO - Setting next_dagrun for example_sensor_decorator to None, run_after=None
[2023-09-14T11:42:46.984+0800] {processor.py:179} INFO - Processing /opt/homebrew/lib/python3.11/site-packages/airflow/example_dags/example_sensor_decorator.py took 0.146 seconds
[2023-09-14T11:44:32.225+0800] {processor.py:157} INFO - Started process (PID=73504) to work on /opt/homebrew/lib/python3.11/site-packages/airflow/example_dags/example_sensor_decorator.py
[2023-09-14T11:44:32.225+0800] {processor.py:829} INFO - Processing file /opt/homebrew/lib/python3.11/site-packages/airflow/example_dags/example_sensor_decorator.py for tasks to queue
[2023-09-14T11:44:32.225+0800] {logging_mixin.py:151} INFO - [2023-09-14T11:44:32.225+0800] {dagbag.py:539} INFO - Filling up the DagBag from /opt/homebrew/lib/python3.11/site-packages/airflow/example_dags/example_sensor_decorator.py
[2023-09-14T11:44:32.256+0800] {processor.py:839} INFO - DAG(s) dict_keys(['example_sensor_decorator']) retrieved from /opt/homebrew/lib/python3.11/site-packages/airflow/example_dags/example_sensor_decorator.py
[2023-09-14T11:44:32.356+0800] {logging_mixin.py:151} INFO - [2023-09-14T11:44:32.355+0800] {dag.py:2915} INFO - Sync 1 DAGs
[2023-09-14T11:44:32.360+0800] {logging_mixin.py:151} INFO - [2023-09-14T11:44:32.360+0800] {dag.py:3696} INFO - Setting next_dagrun for example_sensor_decorator to None, run_after=None
[2023-09-14T11:44:32.371+0800] {processor.py:179} INFO - Processing /opt/homebrew/lib/python3.11/site-packages/airflow/example_dags/example_sensor_decorator.py took 0.146 seconds
[2023-09-14T13:47:28.287+0800] {processor.py:157} INFO - Started process (PID=73809) to work on /opt/homebrew/lib/python3.11/site-packages/airflow/example_dags/example_sensor_decorator.py
[2023-09-14T13:47:28.288+0800] {processor.py:829} INFO - Processing file /opt/homebrew/lib/python3.11/site-packages/airflow/example_dags/example_sensor_decorator.py for tasks to queue
[2023-09-14T13:47:28.289+0800] {logging_mixin.py:151} INFO - [2023-09-14T13:47:28.289+0800] {dagbag.py:539} INFO - Filling up the DagBag from /opt/homebrew/lib/python3.11/site-packages/airflow/example_dags/example_sensor_decorator.py
[2023-09-14T13:47:28.319+0800] {processor.py:839} INFO - DAG(s) dict_keys(['example_sensor_decorator']) retrieved from /opt/homebrew/lib/python3.11/site-packages/airflow/example_dags/example_sensor_decorator.py
[2023-09-14T13:47:28.419+0800] {logging_mixin.py:151} INFO - [2023-09-14T13:47:28.418+0800] {dag.py:2915} INFO - Sync 1 DAGs
[2023-09-14T13:47:28.423+0800] {logging_mixin.py:151} INFO - [2023-09-14T13:47:28.423+0800] {dag.py:3696} INFO - Setting next_dagrun for example_sensor_decorator to None, run_after=None
[2023-09-14T13:47:28.433+0800] {processor.py:179} INFO - Processing /opt/homebrew/lib/python3.11/site-packages/airflow/example_dags/example_sensor_decorator.py took 0.147 seconds
[2023-09-14T17:01:42.342+0800] {processor.py:157} INFO - Started process (PID=74110) to work on /opt/homebrew/lib/python3.11/site-packages/airflow/example_dags/example_sensor_decorator.py
[2023-09-14T17:01:42.343+0800] {processor.py:829} INFO - Processing file /opt/homebrew/lib/python3.11/site-packages/airflow/example_dags/example_sensor_decorator.py for tasks to queue
[2023-09-14T17:01:42.343+0800] {logging_mixin.py:151} INFO - [2023-09-14T17:01:42.343+0800] {dagbag.py:539} INFO - Filling up the DagBag from /opt/homebrew/lib/python3.11/site-packages/airflow/example_dags/example_sensor_decorator.py
[2023-09-14T17:01:42.374+0800] {processor.py:839} INFO - DAG(s) dict_keys(['example_sensor_decorator']) retrieved from /opt/homebrew/lib/python3.11/site-packages/airflow/example_dags/example_sensor_decorator.py
[2023-09-14T17:01:42.477+0800] {logging_mixin.py:151} INFO - [2023-09-14T17:01:42.477+0800] {dag.py:2915} INFO - Sync 1 DAGs
[2023-09-14T17:01:42.482+0800] {logging_mixin.py:151} INFO - [2023-09-14T17:01:42.481+0800] {dag.py:3696} INFO - Setting next_dagrun for example_sensor_decorator to None, run_after=None
[2023-09-14T17:01:42.492+0800] {processor.py:179} INFO - Processing /opt/homebrew/lib/python3.11/site-packages/airflow/example_dags/example_sensor_decorator.py took 0.150 seconds
[2023-09-14T20:18:49.529+0800] {processor.py:157} INFO - Started process (PID=74443) to work on /opt/homebrew/lib/python3.11/site-packages/airflow/example_dags/example_sensor_decorator.py
[2023-09-14T20:18:49.530+0800] {processor.py:829} INFO - Processing file /opt/homebrew/lib/python3.11/site-packages/airflow/example_dags/example_sensor_decorator.py for tasks to queue
[2023-09-14T20:18:49.530+0800] {logging_mixin.py:151} INFO - [2023-09-14T20:18:49.530+0800] {dagbag.py:539} INFO - Filling up the DagBag from /opt/homebrew/lib/python3.11/site-packages/airflow/example_dags/example_sensor_decorator.py
[2023-09-14T20:18:49.560+0800] {processor.py:839} INFO - DAG(s) dict_keys(['example_sensor_decorator']) retrieved from /opt/homebrew/lib/python3.11/site-packages/airflow/example_dags/example_sensor_decorator.py
[2023-09-14T20:18:49.661+0800] {logging_mixin.py:151} INFO - [2023-09-14T20:18:49.661+0800] {dag.py:2915} INFO - Sync 1 DAGs
[2023-09-14T20:18:49.666+0800] {logging_mixin.py:151} INFO - [2023-09-14T20:18:49.666+0800] {dag.py:3696} INFO - Setting next_dagrun for example_sensor_decorator to None, run_after=None
[2023-09-14T20:18:49.676+0800] {processor.py:179} INFO - Processing /opt/homebrew/lib/python3.11/site-packages/airflow/example_dags/example_sensor_decorator.py took 0.148 seconds
[2023-09-14T23:40:17.706+0800] {processor.py:157} INFO - Started process (PID=74780) to work on /opt/homebrew/lib/python3.11/site-packages/airflow/example_dags/example_sensor_decorator.py
[2023-09-14T23:40:17.707+0800] {processor.py:829} INFO - Processing file /opt/homebrew/lib/python3.11/site-packages/airflow/example_dags/example_sensor_decorator.py for tasks to queue
[2023-09-14T23:40:17.707+0800] {logging_mixin.py:151} INFO - [2023-09-14T23:40:17.707+0800] {dagbag.py:539} INFO - Filling up the DagBag from /opt/homebrew/lib/python3.11/site-packages/airflow/example_dags/example_sensor_decorator.py
[2023-09-14T23:40:17.737+0800] {processor.py:839} INFO - DAG(s) dict_keys(['example_sensor_decorator']) retrieved from /opt/homebrew/lib/python3.11/site-packages/airflow/example_dags/example_sensor_decorator.py
[2023-09-14T23:40:17.838+0800] {logging_mixin.py:151} INFO - [2023-09-14T23:40:17.838+0800] {dag.py:2915} INFO - Sync 1 DAGs
[2023-09-14T23:40:17.843+0800] {logging_mixin.py:151} INFO - [2023-09-14T23:40:17.843+0800] {dag.py:3696} INFO - Setting next_dagrun for example_sensor_decorator to None, run_after=None
[2023-09-14T23:40:17.853+0800] {processor.py:179} INFO - Processing /opt/homebrew/lib/python3.11/site-packages/airflow/example_dags/example_sensor_decorator.py took 0.148 seconds
[2023-09-15T02:56:18.152+0800] {processor.py:157} INFO - Started process (PID=75116) to work on /opt/homebrew/lib/python3.11/site-packages/airflow/example_dags/example_sensor_decorator.py
[2023-09-15T02:56:18.153+0800] {processor.py:829} INFO - Processing file /opt/homebrew/lib/python3.11/site-packages/airflow/example_dags/example_sensor_decorator.py for tasks to queue
[2023-09-15T02:56:18.153+0800] {logging_mixin.py:151} INFO - [2023-09-15T02:56:18.153+0800] {dagbag.py:539} INFO - Filling up the DagBag from /opt/homebrew/lib/python3.11/site-packages/airflow/example_dags/example_sensor_decorator.py
[2023-09-15T02:56:18.183+0800] {processor.py:839} INFO - DAG(s) dict_keys(['example_sensor_decorator']) retrieved from /opt/homebrew/lib/python3.11/site-packages/airflow/example_dags/example_sensor_decorator.py
[2023-09-15T02:56:18.287+0800] {logging_mixin.py:151} INFO - [2023-09-15T02:56:18.286+0800] {dag.py:2915} INFO - Sync 1 DAGs
[2023-09-15T02:56:18.292+0800] {logging_mixin.py:151} INFO - [2023-09-15T02:56:18.291+0800] {dag.py:3696} INFO - Setting next_dagrun for example_sensor_decorator to None, run_after=None
[2023-09-15T02:56:18.302+0800] {processor.py:179} INFO - Processing /opt/homebrew/lib/python3.11/site-packages/airflow/example_dags/example_sensor_decorator.py took 0.150 seconds
[2023-09-15T06:28:07.339+0800] {processor.py:157} INFO - Started process (PID=75445) to work on /opt/homebrew/lib/python3.11/site-packages/airflow/example_dags/example_sensor_decorator.py
[2023-09-15T06:28:07.340+0800] {processor.py:829} INFO - Processing file /opt/homebrew/lib/python3.11/site-packages/airflow/example_dags/example_sensor_decorator.py for tasks to queue
[2023-09-15T06:28:07.340+0800] {logging_mixin.py:151} INFO - [2023-09-15T06:28:07.340+0800] {dagbag.py:539} INFO - Filling up the DagBag from /opt/homebrew/lib/python3.11/site-packages/airflow/example_dags/example_sensor_decorator.py
[2023-09-15T06:28:07.371+0800] {processor.py:839} INFO - DAG(s) dict_keys(['example_sensor_decorator']) retrieved from /opt/homebrew/lib/python3.11/site-packages/airflow/example_dags/example_sensor_decorator.py
[2023-09-15T06:28:07.913+0800] {logging_mixin.py:151} INFO - [2023-09-15T06:28:07.913+0800] {security.py:708} INFO - Not syncing DAG-level permissions for DAG 'DAG:example_sensor_decorator' as access control is unset.
[2023-09-15T06:28:07.913+0800] {logging_mixin.py:151} INFO - [2023-09-15T06:28:07.913+0800] {dag.py:2915} INFO - Sync 1 DAGs
[2023-09-15T06:28:07.918+0800] {logging_mixin.py:151} INFO - [2023-09-15T06:28:07.918+0800] {dag.py:3696} INFO - Setting next_dagrun for example_sensor_decorator to None, run_after=None
[2023-09-15T06:28:07.929+0800] {processor.py:179} INFO - Processing /opt/homebrew/lib/python3.11/site-packages/airflow/example_dags/example_sensor_decorator.py took 0.589 seconds
