[2023-09-14T10:31:41.486+0800] {processor.py:157} INFO - Started process (PID=67043) to work on /opt/homebrew/lib/python3.11/site-packages/airflow/example_dags/example_dynamic_task_mapping_with_no_taskflow_operators.py
[2023-09-14T10:31:41.486+0800] {processor.py:829} INFO - Processing file /opt/homebrew/lib/python3.11/site-packages/airflow/example_dags/example_dynamic_task_mapping_with_no_taskflow_operators.py for tasks to queue
[2023-09-14T10:31:41.487+0800] {logging_mixin.py:151} INFO - [2023-09-14T10:31:41.486+0800] {dagbag.py:539} INFO - Filling up the DagBag from /opt/homebrew/lib/python3.11/site-packages/airflow/example_dags/example_dynamic_task_mapping_with_no_taskflow_operators.py
[2023-09-14T10:31:41.501+0800] {processor.py:839} INFO - DAG(s) dict_keys(['example_dynamic_task_mapping_with_no_taskflow_operators']) retrieved from /opt/homebrew/lib/python3.11/site-packages/airflow/example_dags/example_dynamic_task_mapping_with_no_taskflow_operators.py
[2023-09-14T10:31:41.597+0800] {logging_mixin.py:151} INFO - [2023-09-14T10:31:41.596+0800] {dag.py:2915} INFO - Sync 1 DAGs
[2023-09-14T10:31:41.605+0800] {logging_mixin.py:151} INFO - [2023-09-14T10:31:41.605+0800] {dag.py:3696} INFO - Setting next_dagrun for example_dynamic_task_mapping_with_no_taskflow_operators to 2023-09-13T02:31:41.605345+00:00, run_after=2023-09-14T02:31:41.605345+00:00
[2023-09-14T10:31:41.616+0800] {processor.py:179} INFO - Processing /opt/homebrew/lib/python3.11/site-packages/airflow/example_dags/example_dynamic_task_mapping_with_no_taskflow_operators.py took 0.130 seconds
[2023-09-14T10:33:24.290+0800] {processor.py:157} INFO - Started process (PID=67248) to work on /opt/homebrew/lib/python3.11/site-packages/airflow/example_dags/example_dynamic_task_mapping_with_no_taskflow_operators.py
[2023-09-14T10:33:24.291+0800] {processor.py:829} INFO - Processing file /opt/homebrew/lib/python3.11/site-packages/airflow/example_dags/example_dynamic_task_mapping_with_no_taskflow_operators.py for tasks to queue
[2023-09-14T10:33:24.292+0800] {logging_mixin.py:151} INFO - [2023-09-14T10:33:24.291+0800] {dagbag.py:539} INFO - Filling up the DagBag from /opt/homebrew/lib/python3.11/site-packages/airflow/example_dags/example_dynamic_task_mapping_with_no_taskflow_operators.py
[2023-09-14T10:33:24.306+0800] {processor.py:839} INFO - DAG(s) dict_keys(['example_dynamic_task_mapping_with_no_taskflow_operators']) retrieved from /opt/homebrew/lib/python3.11/site-packages/airflow/example_dags/example_dynamic_task_mapping_with_no_taskflow_operators.py
[2023-09-14T10:33:24.400+0800] {logging_mixin.py:151} INFO - [2023-09-14T10:33:24.400+0800] {dag.py:2915} INFO - Sync 1 DAGs
[2023-09-14T10:33:24.409+0800] {logging_mixin.py:151} INFO - [2023-09-14T10:33:24.409+0800] {dag.py:3696} INFO - Setting next_dagrun for example_dynamic_task_mapping_with_no_taskflow_operators to 2023-09-13T02:33:24.409084+00:00, run_after=2023-09-14T02:33:24.409084+00:00
[2023-09-14T10:33:24.419+0800] {processor.py:179} INFO - Processing /opt/homebrew/lib/python3.11/site-packages/airflow/example_dags/example_dynamic_task_mapping_with_no_taskflow_operators.py took 0.130 seconds
[2023-09-14T10:35:04.644+0800] {processor.py:157} INFO - Started process (PID=67452) to work on /opt/homebrew/lib/python3.11/site-packages/airflow/example_dags/example_dynamic_task_mapping_with_no_taskflow_operators.py
[2023-09-14T10:35:04.644+0800] {processor.py:829} INFO - Processing file /opt/homebrew/lib/python3.11/site-packages/airflow/example_dags/example_dynamic_task_mapping_with_no_taskflow_operators.py for tasks to queue
[2023-09-14T10:35:04.644+0800] {logging_mixin.py:151} INFO - [2023-09-14T10:35:04.644+0800] {dagbag.py:539} INFO - Filling up the DagBag from /opt/homebrew/lib/python3.11/site-packages/airflow/example_dags/example_dynamic_task_mapping_with_no_taskflow_operators.py
[2023-09-14T10:35:04.659+0800] {processor.py:839} INFO - DAG(s) dict_keys(['example_dynamic_task_mapping_with_no_taskflow_operators']) retrieved from /opt/homebrew/lib/python3.11/site-packages/airflow/example_dags/example_dynamic_task_mapping_with_no_taskflow_operators.py
[2023-09-14T10:35:04.754+0800] {logging_mixin.py:151} INFO - [2023-09-14T10:35:04.754+0800] {dag.py:2915} INFO - Sync 1 DAGs
[2023-09-14T10:35:04.762+0800] {logging_mixin.py:151} INFO - [2023-09-14T10:35:04.762+0800] {dag.py:3696} INFO - Setting next_dagrun for example_dynamic_task_mapping_with_no_taskflow_operators to 2023-09-13T02:35:04.762557+00:00, run_after=2023-09-14T02:35:04.762557+00:00
[2023-09-14T10:35:04.773+0800] {processor.py:179} INFO - Processing /opt/homebrew/lib/python3.11/site-packages/airflow/example_dags/example_dynamic_task_mapping_with_no_taskflow_operators.py took 0.130 seconds
[2023-09-14T10:36:49.010+0800] {processor.py:157} INFO - Started process (PID=67638) to work on /opt/homebrew/lib/python3.11/site-packages/airflow/example_dags/example_dynamic_task_mapping_with_no_taskflow_operators.py
[2023-09-14T10:36:49.010+0800] {processor.py:829} INFO - Processing file /opt/homebrew/lib/python3.11/site-packages/airflow/example_dags/example_dynamic_task_mapping_with_no_taskflow_operators.py for tasks to queue
[2023-09-14T10:36:49.010+0800] {logging_mixin.py:151} INFO - [2023-09-14T10:36:49.010+0800] {dagbag.py:539} INFO - Filling up the DagBag from /opt/homebrew/lib/python3.11/site-packages/airflow/example_dags/example_dynamic_task_mapping_with_no_taskflow_operators.py
[2023-09-14T10:36:49.025+0800] {processor.py:839} INFO - DAG(s) dict_keys(['example_dynamic_task_mapping_with_no_taskflow_operators']) retrieved from /opt/homebrew/lib/python3.11/site-packages/airflow/example_dags/example_dynamic_task_mapping_with_no_taskflow_operators.py
[2023-09-14T10:36:49.119+0800] {logging_mixin.py:151} INFO - [2023-09-14T10:36:49.119+0800] {dag.py:2915} INFO - Sync 1 DAGs
[2023-09-14T10:36:49.128+0800] {logging_mixin.py:151} INFO - [2023-09-14T10:36:49.127+0800] {dag.py:3696} INFO - Setting next_dagrun for example_dynamic_task_mapping_with_no_taskflow_operators to 2023-09-13T02:36:49.127871+00:00, run_after=2023-09-14T02:36:49.127871+00:00
[2023-09-14T10:36:49.138+0800] {processor.py:179} INFO - Processing /opt/homebrew/lib/python3.11/site-packages/airflow/example_dags/example_dynamic_task_mapping_with_no_taskflow_operators.py took 0.129 seconds
[2023-09-14T10:38:29.496+0800] {processor.py:157} INFO - Started process (PID=67827) to work on /opt/homebrew/lib/python3.11/site-packages/airflow/example_dags/example_dynamic_task_mapping_with_no_taskflow_operators.py
[2023-09-14T10:38:29.498+0800] {processor.py:829} INFO - Processing file /opt/homebrew/lib/python3.11/site-packages/airflow/example_dags/example_dynamic_task_mapping_with_no_taskflow_operators.py for tasks to queue
[2023-09-14T10:38:29.498+0800] {logging_mixin.py:151} INFO - [2023-09-14T10:38:29.498+0800] {dagbag.py:539} INFO - Filling up the DagBag from /opt/homebrew/lib/python3.11/site-packages/airflow/example_dags/example_dynamic_task_mapping_with_no_taskflow_operators.py
[2023-09-14T10:38:29.513+0800] {processor.py:839} INFO - DAG(s) dict_keys(['example_dynamic_task_mapping_with_no_taskflow_operators']) retrieved from /opt/homebrew/lib/python3.11/site-packages/airflow/example_dags/example_dynamic_task_mapping_with_no_taskflow_operators.py
[2023-09-14T10:38:29.607+0800] {logging_mixin.py:151} INFO - [2023-09-14T10:38:29.607+0800] {dag.py:2915} INFO - Sync 1 DAGs
[2023-09-14T10:38:29.616+0800] {logging_mixin.py:151} INFO - [2023-09-14T10:38:29.615+0800] {dag.py:3696} INFO - Setting next_dagrun for example_dynamic_task_mapping_with_no_taskflow_operators to 2023-09-13T02:38:29.615874+00:00, run_after=2023-09-14T02:38:29.615874+00:00
[2023-09-14T10:38:29.626+0800] {processor.py:179} INFO - Processing /opt/homebrew/lib/python3.11/site-packages/airflow/example_dags/example_dynamic_task_mapping_with_no_taskflow_operators.py took 0.130 seconds
[2023-09-14T10:40:13.909+0800] {processor.py:157} INFO - Started process (PID=68017) to work on /opt/homebrew/lib/python3.11/site-packages/airflow/example_dags/example_dynamic_task_mapping_with_no_taskflow_operators.py
[2023-09-14T10:40:13.910+0800] {processor.py:829} INFO - Processing file /opt/homebrew/lib/python3.11/site-packages/airflow/example_dags/example_dynamic_task_mapping_with_no_taskflow_operators.py for tasks to queue
[2023-09-14T10:40:13.910+0800] {logging_mixin.py:151} INFO - [2023-09-14T10:40:13.910+0800] {dagbag.py:539} INFO - Filling up the DagBag from /opt/homebrew/lib/python3.11/site-packages/airflow/example_dags/example_dynamic_task_mapping_with_no_taskflow_operators.py
[2023-09-14T10:40:13.925+0800] {processor.py:839} INFO - DAG(s) dict_keys(['example_dynamic_task_mapping_with_no_taskflow_operators']) retrieved from /opt/homebrew/lib/python3.11/site-packages/airflow/example_dags/example_dynamic_task_mapping_with_no_taskflow_operators.py
[2023-09-14T10:40:14.019+0800] {logging_mixin.py:151} INFO - [2023-09-14T10:40:14.019+0800] {dag.py:2915} INFO - Sync 1 DAGs
[2023-09-14T10:40:14.027+0800] {logging_mixin.py:151} INFO - [2023-09-14T10:40:14.027+0800] {dag.py:3696} INFO - Setting next_dagrun for example_dynamic_task_mapping_with_no_taskflow_operators to 2023-09-13T02:40:14.027509+00:00, run_after=2023-09-14T02:40:14.027509+00:00
[2023-09-14T10:40:14.038+0800] {processor.py:179} INFO - Processing /opt/homebrew/lib/python3.11/site-packages/airflow/example_dags/example_dynamic_task_mapping_with_no_taskflow_operators.py took 0.130 seconds
[2023-09-14T10:42:03.640+0800] {processor.py:157} INFO - Started process (PID=68210) to work on /opt/homebrew/lib/python3.11/site-packages/airflow/example_dags/example_dynamic_task_mapping_with_no_taskflow_operators.py
[2023-09-14T10:42:03.642+0800] {processor.py:829} INFO - Processing file /opt/homebrew/lib/python3.11/site-packages/airflow/example_dags/example_dynamic_task_mapping_with_no_taskflow_operators.py for tasks to queue
[2023-09-14T10:42:03.642+0800] {logging_mixin.py:151} INFO - [2023-09-14T10:42:03.642+0800] {dagbag.py:539} INFO - Filling up the DagBag from /opt/homebrew/lib/python3.11/site-packages/airflow/example_dags/example_dynamic_task_mapping_with_no_taskflow_operators.py
[2023-09-14T10:42:03.657+0800] {processor.py:839} INFO - DAG(s) dict_keys(['example_dynamic_task_mapping_with_no_taskflow_operators']) retrieved from /opt/homebrew/lib/python3.11/site-packages/airflow/example_dags/example_dynamic_task_mapping_with_no_taskflow_operators.py
[2023-09-14T10:42:03.751+0800] {logging_mixin.py:151} INFO - [2023-09-14T10:42:03.751+0800] {dag.py:2915} INFO - Sync 1 DAGs
[2023-09-14T10:42:03.760+0800] {logging_mixin.py:151} INFO - [2023-09-14T10:42:03.759+0800] {dag.py:3696} INFO - Setting next_dagrun for example_dynamic_task_mapping_with_no_taskflow_operators to 2023-09-13T02:42:03.759855+00:00, run_after=2023-09-14T02:42:03.759855+00:00
[2023-09-14T10:42:03.770+0800] {processor.py:179} INFO - Processing /opt/homebrew/lib/python3.11/site-packages/airflow/example_dags/example_dynamic_task_mapping_with_no_taskflow_operators.py took 0.130 seconds
[2023-09-14T10:43:47.917+0800] {processor.py:157} INFO - Started process (PID=68401) to work on /opt/homebrew/lib/python3.11/site-packages/airflow/example_dags/example_dynamic_task_mapping_with_no_taskflow_operators.py
[2023-09-14T10:43:47.918+0800] {processor.py:829} INFO - Processing file /opt/homebrew/lib/python3.11/site-packages/airflow/example_dags/example_dynamic_task_mapping_with_no_taskflow_operators.py for tasks to queue
[2023-09-14T10:43:47.918+0800] {logging_mixin.py:151} INFO - [2023-09-14T10:43:47.918+0800] {dagbag.py:539} INFO - Filling up the DagBag from /opt/homebrew/lib/python3.11/site-packages/airflow/example_dags/example_dynamic_task_mapping_with_no_taskflow_operators.py
[2023-09-14T10:43:47.933+0800] {processor.py:839} INFO - DAG(s) dict_keys(['example_dynamic_task_mapping_with_no_taskflow_operators']) retrieved from /opt/homebrew/lib/python3.11/site-packages/airflow/example_dags/example_dynamic_task_mapping_with_no_taskflow_operators.py
[2023-09-14T10:43:48.027+0800] {logging_mixin.py:151} INFO - [2023-09-14T10:43:48.027+0800] {dag.py:2915} INFO - Sync 1 DAGs
[2023-09-14T10:43:48.036+0800] {logging_mixin.py:151} INFO - [2023-09-14T10:43:48.035+0800] {dag.py:3696} INFO - Setting next_dagrun for example_dynamic_task_mapping_with_no_taskflow_operators to 2023-09-13T02:43:48.035860+00:00, run_after=2023-09-14T02:43:48.035860+00:00
[2023-09-14T10:43:48.046+0800] {processor.py:179} INFO - Processing /opt/homebrew/lib/python3.11/site-packages/airflow/example_dags/example_dynamic_task_mapping_with_no_taskflow_operators.py took 0.130 seconds
[2023-09-14T10:45:31.239+0800] {processor.py:157} INFO - Started process (PID=68588) to work on /opt/homebrew/lib/python3.11/site-packages/airflow/example_dags/example_dynamic_task_mapping_with_no_taskflow_operators.py
[2023-09-14T10:45:31.240+0800] {processor.py:829} INFO - Processing file /opt/homebrew/lib/python3.11/site-packages/airflow/example_dags/example_dynamic_task_mapping_with_no_taskflow_operators.py for tasks to queue
[2023-09-14T10:45:31.240+0800] {logging_mixin.py:151} INFO - [2023-09-14T10:45:31.240+0800] {dagbag.py:539} INFO - Filling up the DagBag from /opt/homebrew/lib/python3.11/site-packages/airflow/example_dags/example_dynamic_task_mapping_with_no_taskflow_operators.py
[2023-09-14T10:45:31.255+0800] {processor.py:839} INFO - DAG(s) dict_keys(['example_dynamic_task_mapping_with_no_taskflow_operators']) retrieved from /opt/homebrew/lib/python3.11/site-packages/airflow/example_dags/example_dynamic_task_mapping_with_no_taskflow_operators.py
[2023-09-14T10:45:31.349+0800] {logging_mixin.py:151} INFO - [2023-09-14T10:45:31.349+0800] {dag.py:2915} INFO - Sync 1 DAGs
[2023-09-14T10:45:31.357+0800] {logging_mixin.py:151} INFO - [2023-09-14T10:45:31.357+0800] {dag.py:3696} INFO - Setting next_dagrun for example_dynamic_task_mapping_with_no_taskflow_operators to 2023-09-13T02:45:31.357687+00:00, run_after=2023-09-14T02:45:31.357687+00:00
[2023-09-14T10:45:31.368+0800] {processor.py:179} INFO - Processing /opt/homebrew/lib/python3.11/site-packages/airflow/example_dags/example_dynamic_task_mapping_with_no_taskflow_operators.py took 0.129 seconds
[2023-09-14T10:47:16.583+0800] {processor.py:157} INFO - Started process (PID=68778) to work on /opt/homebrew/lib/python3.11/site-packages/airflow/example_dags/example_dynamic_task_mapping_with_no_taskflow_operators.py
[2023-09-14T10:47:16.584+0800] {processor.py:829} INFO - Processing file /opt/homebrew/lib/python3.11/site-packages/airflow/example_dags/example_dynamic_task_mapping_with_no_taskflow_operators.py for tasks to queue
[2023-09-14T10:47:16.584+0800] {logging_mixin.py:151} INFO - [2023-09-14T10:47:16.584+0800] {dagbag.py:539} INFO - Filling up the DagBag from /opt/homebrew/lib/python3.11/site-packages/airflow/example_dags/example_dynamic_task_mapping_with_no_taskflow_operators.py
[2023-09-14T10:47:16.599+0800] {processor.py:839} INFO - DAG(s) dict_keys(['example_dynamic_task_mapping_with_no_taskflow_operators']) retrieved from /opt/homebrew/lib/python3.11/site-packages/airflow/example_dags/example_dynamic_task_mapping_with_no_taskflow_operators.py
[2023-09-14T10:47:16.693+0800] {logging_mixin.py:151} INFO - [2023-09-14T10:47:16.693+0800] {dag.py:2915} INFO - Sync 1 DAGs
[2023-09-14T10:47:16.701+0800] {logging_mixin.py:151} INFO - [2023-09-14T10:47:16.701+0800] {dag.py:3696} INFO - Setting next_dagrun for example_dynamic_task_mapping_with_no_taskflow_operators to 2023-09-13T02:47:16.701793+00:00, run_after=2023-09-14T02:47:16.701793+00:00
[2023-09-14T10:47:16.712+0800] {processor.py:179} INFO - Processing /opt/homebrew/lib/python3.11/site-packages/airflow/example_dags/example_dynamic_task_mapping_with_no_taskflow_operators.py took 0.130 seconds
[2023-09-14T10:49:00.390+0800] {processor.py:157} INFO - Started process (PID=68962) to work on /opt/homebrew/lib/python3.11/site-packages/airflow/example_dags/example_dynamic_task_mapping_with_no_taskflow_operators.py
[2023-09-14T10:49:00.391+0800] {processor.py:829} INFO - Processing file /opt/homebrew/lib/python3.11/site-packages/airflow/example_dags/example_dynamic_task_mapping_with_no_taskflow_operators.py for tasks to queue
[2023-09-14T10:49:00.391+0800] {logging_mixin.py:151} INFO - [2023-09-14T10:49:00.391+0800] {dagbag.py:539} INFO - Filling up the DagBag from /opt/homebrew/lib/python3.11/site-packages/airflow/example_dags/example_dynamic_task_mapping_with_no_taskflow_operators.py
[2023-09-14T10:49:00.406+0800] {processor.py:839} INFO - DAG(s) dict_keys(['example_dynamic_task_mapping_with_no_taskflow_operators']) retrieved from /opt/homebrew/lib/python3.11/site-packages/airflow/example_dags/example_dynamic_task_mapping_with_no_taskflow_operators.py
[2023-09-14T10:49:00.500+0800] {logging_mixin.py:151} INFO - [2023-09-14T10:49:00.500+0800] {dag.py:2915} INFO - Sync 1 DAGs
[2023-09-14T10:49:00.508+0800] {logging_mixin.py:151} INFO - [2023-09-14T10:49:00.508+0800] {dag.py:3696} INFO - Setting next_dagrun for example_dynamic_task_mapping_with_no_taskflow_operators to 2023-09-13T02:49:00.508475+00:00, run_after=2023-09-14T02:49:00.508475+00:00
[2023-09-14T10:49:00.519+0800] {processor.py:179} INFO - Processing /opt/homebrew/lib/python3.11/site-packages/airflow/example_dags/example_dynamic_task_mapping_with_no_taskflow_operators.py took 0.129 seconds
[2023-09-14T10:50:50.365+0800] {processor.py:157} INFO - Started process (PID=69161) to work on /opt/homebrew/lib/python3.11/site-packages/airflow/example_dags/example_dynamic_task_mapping_with_no_taskflow_operators.py
[2023-09-14T10:50:50.366+0800] {processor.py:829} INFO - Processing file /opt/homebrew/lib/python3.11/site-packages/airflow/example_dags/example_dynamic_task_mapping_with_no_taskflow_operators.py for tasks to queue
[2023-09-14T10:50:50.366+0800] {logging_mixin.py:151} INFO - [2023-09-14T10:50:50.366+0800] {dagbag.py:539} INFO - Filling up the DagBag from /opt/homebrew/lib/python3.11/site-packages/airflow/example_dags/example_dynamic_task_mapping_with_no_taskflow_operators.py
[2023-09-14T10:50:50.381+0800] {processor.py:839} INFO - DAG(s) dict_keys(['example_dynamic_task_mapping_with_no_taskflow_operators']) retrieved from /opt/homebrew/lib/python3.11/site-packages/airflow/example_dags/example_dynamic_task_mapping_with_no_taskflow_operators.py
[2023-09-14T10:50:50.475+0800] {logging_mixin.py:151} INFO - [2023-09-14T10:50:50.475+0800] {dag.py:2915} INFO - Sync 1 DAGs
[2023-09-14T10:50:50.484+0800] {logging_mixin.py:151} INFO - [2023-09-14T10:50:50.483+0800] {dag.py:3696} INFO - Setting next_dagrun for example_dynamic_task_mapping_with_no_taskflow_operators to 2023-09-13T02:50:50.483827+00:00, run_after=2023-09-14T02:50:50.483827+00:00
[2023-09-14T10:50:50.494+0800] {processor.py:179} INFO - Processing /opt/homebrew/lib/python3.11/site-packages/airflow/example_dags/example_dynamic_task_mapping_with_no_taskflow_operators.py took 0.129 seconds
[2023-09-14T10:52:38.656+0800] {processor.py:157} INFO - Started process (PID=69354) to work on /opt/homebrew/lib/python3.11/site-packages/airflow/example_dags/example_dynamic_task_mapping_with_no_taskflow_operators.py
[2023-09-14T10:52:38.656+0800] {processor.py:829} INFO - Processing file /opt/homebrew/lib/python3.11/site-packages/airflow/example_dags/example_dynamic_task_mapping_with_no_taskflow_operators.py for tasks to queue
[2023-09-14T10:52:38.657+0800] {logging_mixin.py:151} INFO - [2023-09-14T10:52:38.657+0800] {dagbag.py:539} INFO - Filling up the DagBag from /opt/homebrew/lib/python3.11/site-packages/airflow/example_dags/example_dynamic_task_mapping_with_no_taskflow_operators.py
[2023-09-14T10:52:38.671+0800] {processor.py:839} INFO - DAG(s) dict_keys(['example_dynamic_task_mapping_with_no_taskflow_operators']) retrieved from /opt/homebrew/lib/python3.11/site-packages/airflow/example_dags/example_dynamic_task_mapping_with_no_taskflow_operators.py
[2023-09-14T10:52:38.765+0800] {logging_mixin.py:151} INFO - [2023-09-14T10:52:38.765+0800] {dag.py:2915} INFO - Sync 1 DAGs
[2023-09-14T10:52:38.774+0800] {logging_mixin.py:151} INFO - [2023-09-14T10:52:38.773+0800] {dag.py:3696} INFO - Setting next_dagrun for example_dynamic_task_mapping_with_no_taskflow_operators to 2023-09-13T02:52:38.773852+00:00, run_after=2023-09-14T02:52:38.773852+00:00
[2023-09-14T10:52:38.784+0800] {processor.py:179} INFO - Processing /opt/homebrew/lib/python3.11/site-packages/airflow/example_dags/example_dynamic_task_mapping_with_no_taskflow_operators.py took 0.129 seconds
[2023-09-14T10:54:27.908+0800] {processor.py:157} INFO - Started process (PID=69572) to work on /opt/homebrew/lib/python3.11/site-packages/airflow/example_dags/example_dynamic_task_mapping_with_no_taskflow_operators.py
[2023-09-14T10:54:27.909+0800] {processor.py:829} INFO - Processing file /opt/homebrew/lib/python3.11/site-packages/airflow/example_dags/example_dynamic_task_mapping_with_no_taskflow_operators.py for tasks to queue
[2023-09-14T10:54:27.909+0800] {logging_mixin.py:151} INFO - [2023-09-14T10:54:27.909+0800] {dagbag.py:539} INFO - Filling up the DagBag from /opt/homebrew/lib/python3.11/site-packages/airflow/example_dags/example_dynamic_task_mapping_with_no_taskflow_operators.py
[2023-09-14T10:54:27.924+0800] {processor.py:839} INFO - DAG(s) dict_keys(['example_dynamic_task_mapping_with_no_taskflow_operators']) retrieved from /opt/homebrew/lib/python3.11/site-packages/airflow/example_dags/example_dynamic_task_mapping_with_no_taskflow_operators.py
[2023-09-14T10:54:28.019+0800] {logging_mixin.py:151} INFO - [2023-09-14T10:54:28.019+0800] {dag.py:2915} INFO - Sync 1 DAGs
[2023-09-14T10:54:28.028+0800] {logging_mixin.py:151} INFO - [2023-09-14T10:54:28.028+0800] {dag.py:3696} INFO - Setting next_dagrun for example_dynamic_task_mapping_with_no_taskflow_operators to 2023-09-13T02:54:28.028052+00:00, run_after=2023-09-14T02:54:28.028052+00:00
[2023-09-14T10:54:28.039+0800] {processor.py:179} INFO - Processing /opt/homebrew/lib/python3.11/site-packages/airflow/example_dags/example_dynamic_task_mapping_with_no_taskflow_operators.py took 0.131 seconds
[2023-09-14T10:56:11.865+0800] {processor.py:157} INFO - Started process (PID=69757) to work on /opt/homebrew/lib/python3.11/site-packages/airflow/example_dags/example_dynamic_task_mapping_with_no_taskflow_operators.py
[2023-09-14T10:56:11.865+0800] {processor.py:829} INFO - Processing file /opt/homebrew/lib/python3.11/site-packages/airflow/example_dags/example_dynamic_task_mapping_with_no_taskflow_operators.py for tasks to queue
[2023-09-14T10:56:11.866+0800] {logging_mixin.py:151} INFO - [2023-09-14T10:56:11.866+0800] {dagbag.py:539} INFO - Filling up the DagBag from /opt/homebrew/lib/python3.11/site-packages/airflow/example_dags/example_dynamic_task_mapping_with_no_taskflow_operators.py
[2023-09-14T10:56:11.881+0800] {processor.py:839} INFO - DAG(s) dict_keys(['example_dynamic_task_mapping_with_no_taskflow_operators']) retrieved from /opt/homebrew/lib/python3.11/site-packages/airflow/example_dags/example_dynamic_task_mapping_with_no_taskflow_operators.py
[2023-09-14T10:56:11.976+0800] {logging_mixin.py:151} INFO - [2023-09-14T10:56:11.976+0800] {dag.py:2915} INFO - Sync 1 DAGs
[2023-09-14T10:56:11.985+0800] {logging_mixin.py:151} INFO - [2023-09-14T10:56:11.984+0800] {dag.py:3696} INFO - Setting next_dagrun for example_dynamic_task_mapping_with_no_taskflow_operators to 2023-09-13T02:56:11.984908+00:00, run_after=2023-09-14T02:56:11.984908+00:00
[2023-09-14T10:56:11.995+0800] {processor.py:179} INFO - Processing /opt/homebrew/lib/python3.11/site-packages/airflow/example_dags/example_dynamic_task_mapping_with_no_taskflow_operators.py took 0.131 seconds
[2023-09-14T10:57:52.266+0800] {processor.py:157} INFO - Started process (PID=69941) to work on /opt/homebrew/lib/python3.11/site-packages/airflow/example_dags/example_dynamic_task_mapping_with_no_taskflow_operators.py
[2023-09-14T10:57:52.267+0800] {processor.py:829} INFO - Processing file /opt/homebrew/lib/python3.11/site-packages/airflow/example_dags/example_dynamic_task_mapping_with_no_taskflow_operators.py for tasks to queue
[2023-09-14T10:57:52.267+0800] {logging_mixin.py:151} INFO - [2023-09-14T10:57:52.267+0800] {dagbag.py:539} INFO - Filling up the DagBag from /opt/homebrew/lib/python3.11/site-packages/airflow/example_dags/example_dynamic_task_mapping_with_no_taskflow_operators.py
[2023-09-14T10:57:52.282+0800] {processor.py:839} INFO - DAG(s) dict_keys(['example_dynamic_task_mapping_with_no_taskflow_operators']) retrieved from /opt/homebrew/lib/python3.11/site-packages/airflow/example_dags/example_dynamic_task_mapping_with_no_taskflow_operators.py
[2023-09-14T10:57:52.377+0800] {logging_mixin.py:151} INFO - [2023-09-14T10:57:52.376+0800] {dag.py:2915} INFO - Sync 1 DAGs
[2023-09-14T10:57:52.385+0800] {logging_mixin.py:151} INFO - [2023-09-14T10:57:52.385+0800] {dag.py:3696} INFO - Setting next_dagrun for example_dynamic_task_mapping_with_no_taskflow_operators to 2023-09-13T02:57:52.385150+00:00, run_after=2023-09-14T02:57:52.385150+00:00
[2023-09-14T10:57:52.396+0800] {processor.py:179} INFO - Processing /opt/homebrew/lib/python3.11/site-packages/airflow/example_dags/example_dynamic_task_mapping_with_no_taskflow_operators.py took 0.130 seconds
[2023-09-14T10:59:31.659+0800] {processor.py:157} INFO - Started process (PID=70118) to work on /opt/homebrew/lib/python3.11/site-packages/airflow/example_dags/example_dynamic_task_mapping_with_no_taskflow_operators.py
[2023-09-14T10:59:31.660+0800] {processor.py:829} INFO - Processing file /opt/homebrew/lib/python3.11/site-packages/airflow/example_dags/example_dynamic_task_mapping_with_no_taskflow_operators.py for tasks to queue
[2023-09-14T10:59:31.660+0800] {logging_mixin.py:151} INFO - [2023-09-14T10:59:31.660+0800] {dagbag.py:539} INFO - Filling up the DagBag from /opt/homebrew/lib/python3.11/site-packages/airflow/example_dags/example_dynamic_task_mapping_with_no_taskflow_operators.py
[2023-09-14T10:59:31.675+0800] {processor.py:839} INFO - DAG(s) dict_keys(['example_dynamic_task_mapping_with_no_taskflow_operators']) retrieved from /opt/homebrew/lib/python3.11/site-packages/airflow/example_dags/example_dynamic_task_mapping_with_no_taskflow_operators.py
[2023-09-14T10:59:31.769+0800] {logging_mixin.py:151} INFO - [2023-09-14T10:59:31.769+0800] {dag.py:2915} INFO - Sync 1 DAGs
[2023-09-14T10:59:31.777+0800] {logging_mixin.py:151} INFO - [2023-09-14T10:59:31.777+0800] {dag.py:3696} INFO - Setting next_dagrun for example_dynamic_task_mapping_with_no_taskflow_operators to 2023-09-13T02:59:31.777614+00:00, run_after=2023-09-14T02:59:31.777614+00:00
[2023-09-14T10:59:31.788+0800] {processor.py:179} INFO - Processing /opt/homebrew/lib/python3.11/site-packages/airflow/example_dags/example_dynamic_task_mapping_with_no_taskflow_operators.py took 0.129 seconds
[2023-09-14T11:01:18.343+0800] {processor.py:157} INFO - Started process (PID=70313) to work on /opt/homebrew/lib/python3.11/site-packages/airflow/example_dags/example_dynamic_task_mapping_with_no_taskflow_operators.py
[2023-09-14T11:01:18.344+0800] {processor.py:829} INFO - Processing file /opt/homebrew/lib/python3.11/site-packages/airflow/example_dags/example_dynamic_task_mapping_with_no_taskflow_operators.py for tasks to queue
[2023-09-14T11:01:18.344+0800] {logging_mixin.py:151} INFO - [2023-09-14T11:01:18.344+0800] {dagbag.py:539} INFO - Filling up the DagBag from /opt/homebrew/lib/python3.11/site-packages/airflow/example_dags/example_dynamic_task_mapping_with_no_taskflow_operators.py
[2023-09-14T11:01:18.359+0800] {processor.py:839} INFO - DAG(s) dict_keys(['example_dynamic_task_mapping_with_no_taskflow_operators']) retrieved from /opt/homebrew/lib/python3.11/site-packages/airflow/example_dags/example_dynamic_task_mapping_with_no_taskflow_operators.py
[2023-09-14T11:01:18.453+0800] {logging_mixin.py:151} INFO - [2023-09-14T11:01:18.453+0800] {dag.py:2915} INFO - Sync 1 DAGs
[2023-09-14T11:01:18.462+0800] {logging_mixin.py:151} INFO - [2023-09-14T11:01:18.462+0800] {dag.py:3696} INFO - Setting next_dagrun for example_dynamic_task_mapping_with_no_taskflow_operators to 2023-09-13T03:01:18.461924+00:00, run_after=2023-09-14T03:01:18.461924+00:00
[2023-09-14T11:01:18.472+0800] {processor.py:179} INFO - Processing /opt/homebrew/lib/python3.11/site-packages/airflow/example_dags/example_dynamic_task_mapping_with_no_taskflow_operators.py took 0.130 seconds
[2023-09-14T11:02:59.649+0800] {processor.py:157} INFO - Started process (PID=70497) to work on /opt/homebrew/lib/python3.11/site-packages/airflow/example_dags/example_dynamic_task_mapping_with_no_taskflow_operators.py
[2023-09-14T11:02:59.650+0800] {processor.py:829} INFO - Processing file /opt/homebrew/lib/python3.11/site-packages/airflow/example_dags/example_dynamic_task_mapping_with_no_taskflow_operators.py for tasks to queue
[2023-09-14T11:02:59.650+0800] {logging_mixin.py:151} INFO - [2023-09-14T11:02:59.650+0800] {dagbag.py:539} INFO - Filling up the DagBag from /opt/homebrew/lib/python3.11/site-packages/airflow/example_dags/example_dynamic_task_mapping_with_no_taskflow_operators.py
[2023-09-14T11:02:59.665+0800] {processor.py:839} INFO - DAG(s) dict_keys(['example_dynamic_task_mapping_with_no_taskflow_operators']) retrieved from /opt/homebrew/lib/python3.11/site-packages/airflow/example_dags/example_dynamic_task_mapping_with_no_taskflow_operators.py
[2023-09-14T11:02:59.759+0800] {logging_mixin.py:151} INFO - [2023-09-14T11:02:59.759+0800] {dag.py:2915} INFO - Sync 1 DAGs
[2023-09-14T11:02:59.767+0800] {logging_mixin.py:151} INFO - [2023-09-14T11:02:59.767+0800] {dag.py:3696} INFO - Setting next_dagrun for example_dynamic_task_mapping_with_no_taskflow_operators to 2023-09-13T03:02:59.767386+00:00, run_after=2023-09-14T03:02:59.767386+00:00
[2023-09-14T11:02:59.777+0800] {processor.py:179} INFO - Processing /opt/homebrew/lib/python3.11/site-packages/airflow/example_dags/example_dynamic_task_mapping_with_no_taskflow_operators.py took 0.128 seconds
[2023-09-14T11:04:43.811+0800] {processor.py:157} INFO - Started process (PID=70705) to work on /opt/homebrew/lib/python3.11/site-packages/airflow/example_dags/example_dynamic_task_mapping_with_no_taskflow_operators.py
[2023-09-14T11:04:43.811+0800] {processor.py:829} INFO - Processing file /opt/homebrew/lib/python3.11/site-packages/airflow/example_dags/example_dynamic_task_mapping_with_no_taskflow_operators.py for tasks to queue
[2023-09-14T11:04:43.812+0800] {logging_mixin.py:151} INFO - [2023-09-14T11:04:43.811+0800] {dagbag.py:539} INFO - Filling up the DagBag from /opt/homebrew/lib/python3.11/site-packages/airflow/example_dags/example_dynamic_task_mapping_with_no_taskflow_operators.py
[2023-09-14T11:04:43.826+0800] {processor.py:839} INFO - DAG(s) dict_keys(['example_dynamic_task_mapping_with_no_taskflow_operators']) retrieved from /opt/homebrew/lib/python3.11/site-packages/airflow/example_dags/example_dynamic_task_mapping_with_no_taskflow_operators.py
[2023-09-14T11:04:43.921+0800] {logging_mixin.py:151} INFO - [2023-09-14T11:04:43.921+0800] {dag.py:2915} INFO - Sync 1 DAGs
[2023-09-14T11:04:43.929+0800] {logging_mixin.py:151} INFO - [2023-09-14T11:04:43.929+0800] {dag.py:3696} INFO - Setting next_dagrun for example_dynamic_task_mapping_with_no_taskflow_operators to 2023-09-13T03:04:43.929388+00:00, run_after=2023-09-14T03:04:43.929388+00:00
[2023-09-14T11:04:43.940+0800] {processor.py:179} INFO - Processing /opt/homebrew/lib/python3.11/site-packages/airflow/example_dags/example_dynamic_task_mapping_with_no_taskflow_operators.py took 0.129 seconds
[2023-09-14T11:06:28.889+0800] {processor.py:157} INFO - Started process (PID=70893) to work on /opt/homebrew/lib/python3.11/site-packages/airflow/example_dags/example_dynamic_task_mapping_with_no_taskflow_operators.py
[2023-09-14T11:06:28.890+0800] {processor.py:829} INFO - Processing file /opt/homebrew/lib/python3.11/site-packages/airflow/example_dags/example_dynamic_task_mapping_with_no_taskflow_operators.py for tasks to queue
[2023-09-14T11:06:28.890+0800] {logging_mixin.py:151} INFO - [2023-09-14T11:06:28.890+0800] {dagbag.py:539} INFO - Filling up the DagBag from /opt/homebrew/lib/python3.11/site-packages/airflow/example_dags/example_dynamic_task_mapping_with_no_taskflow_operators.py
[2023-09-14T11:06:28.905+0800] {processor.py:839} INFO - DAG(s) dict_keys(['example_dynamic_task_mapping_with_no_taskflow_operators']) retrieved from /opt/homebrew/lib/python3.11/site-packages/airflow/example_dags/example_dynamic_task_mapping_with_no_taskflow_operators.py
[2023-09-14T11:06:28.999+0800] {logging_mixin.py:151} INFO - [2023-09-14T11:06:28.999+0800] {dag.py:2915} INFO - Sync 1 DAGs
[2023-09-14T11:06:29.007+0800] {logging_mixin.py:151} INFO - [2023-09-14T11:06:29.007+0800] {dag.py:3696} INFO - Setting next_dagrun for example_dynamic_task_mapping_with_no_taskflow_operators to 2023-09-13T03:06:29.007522+00:00, run_after=2023-09-14T03:06:29.007522+00:00
[2023-09-14T11:06:29.018+0800] {processor.py:179} INFO - Processing /opt/homebrew/lib/python3.11/site-packages/airflow/example_dags/example_dynamic_task_mapping_with_no_taskflow_operators.py took 0.129 seconds
[2023-09-14T11:08:08.645+0800] {processor.py:157} INFO - Started process (PID=71071) to work on /opt/homebrew/lib/python3.11/site-packages/airflow/example_dags/example_dynamic_task_mapping_with_no_taskflow_operators.py
[2023-09-14T11:08:08.646+0800] {processor.py:829} INFO - Processing file /opt/homebrew/lib/python3.11/site-packages/airflow/example_dags/example_dynamic_task_mapping_with_no_taskflow_operators.py for tasks to queue
[2023-09-14T11:08:08.646+0800] {logging_mixin.py:151} INFO - [2023-09-14T11:08:08.646+0800] {dagbag.py:539} INFO - Filling up the DagBag from /opt/homebrew/lib/python3.11/site-packages/airflow/example_dags/example_dynamic_task_mapping_with_no_taskflow_operators.py
[2023-09-14T11:08:08.661+0800] {processor.py:839} INFO - DAG(s) dict_keys(['example_dynamic_task_mapping_with_no_taskflow_operators']) retrieved from /opt/homebrew/lib/python3.11/site-packages/airflow/example_dags/example_dynamic_task_mapping_with_no_taskflow_operators.py
[2023-09-14T11:08:08.755+0800] {logging_mixin.py:151} INFO - [2023-09-14T11:08:08.755+0800] {dag.py:2915} INFO - Sync 1 DAGs
[2023-09-14T11:08:08.763+0800] {logging_mixin.py:151} INFO - [2023-09-14T11:08:08.763+0800] {dag.py:3696} INFO - Setting next_dagrun for example_dynamic_task_mapping_with_no_taskflow_operators to 2023-09-13T03:08:08.763794+00:00, run_after=2023-09-14T03:08:08.763794+00:00
[2023-09-14T11:08:08.774+0800] {processor.py:179} INFO - Processing /opt/homebrew/lib/python3.11/site-packages/airflow/example_dags/example_dynamic_task_mapping_with_no_taskflow_operators.py took 0.129 seconds
[2023-09-14T11:24:21.406+0800] {processor.py:157} INFO - Started process (PID=71322) to work on /opt/homebrew/lib/python3.11/site-packages/airflow/example_dags/example_dynamic_task_mapping_with_no_taskflow_operators.py
[2023-09-14T11:24:21.407+0800] {processor.py:829} INFO - Processing file /opt/homebrew/lib/python3.11/site-packages/airflow/example_dags/example_dynamic_task_mapping_with_no_taskflow_operators.py for tasks to queue
[2023-09-14T11:24:21.407+0800] {logging_mixin.py:151} INFO - [2023-09-14T11:24:21.407+0800] {dagbag.py:539} INFO - Filling up the DagBag from /opt/homebrew/lib/python3.11/site-packages/airflow/example_dags/example_dynamic_task_mapping_with_no_taskflow_operators.py
[2023-09-14T11:24:21.422+0800] {processor.py:839} INFO - DAG(s) dict_keys(['example_dynamic_task_mapping_with_no_taskflow_operators']) retrieved from /opt/homebrew/lib/python3.11/site-packages/airflow/example_dags/example_dynamic_task_mapping_with_no_taskflow_operators.py
[2023-09-14T11:24:21.516+0800] {logging_mixin.py:151} INFO - [2023-09-14T11:24:21.516+0800] {dag.py:2915} INFO - Sync 1 DAGs
[2023-09-14T11:24:21.525+0800] {logging_mixin.py:151} INFO - [2023-09-14T11:24:21.524+0800] {dag.py:3696} INFO - Setting next_dagrun for example_dynamic_task_mapping_with_no_taskflow_operators to 2023-09-13T03:24:21.524905+00:00, run_after=2023-09-14T03:24:21.524905+00:00
[2023-09-14T11:24:21.535+0800] {processor.py:179} INFO - Processing /opt/homebrew/lib/python3.11/site-packages/airflow/example_dags/example_dynamic_task_mapping_with_no_taskflow_operators.py took 0.130 seconds
[2023-09-14T11:26:09.162+0800] {processor.py:157} INFO - Started process (PID=71510) to work on /opt/homebrew/lib/python3.11/site-packages/airflow/example_dags/example_dynamic_task_mapping_with_no_taskflow_operators.py
[2023-09-14T11:26:09.163+0800] {processor.py:829} INFO - Processing file /opt/homebrew/lib/python3.11/site-packages/airflow/example_dags/example_dynamic_task_mapping_with_no_taskflow_operators.py for tasks to queue
[2023-09-14T11:26:09.163+0800] {logging_mixin.py:151} INFO - [2023-09-14T11:26:09.163+0800] {dagbag.py:539} INFO - Filling up the DagBag from /opt/homebrew/lib/python3.11/site-packages/airflow/example_dags/example_dynamic_task_mapping_with_no_taskflow_operators.py
[2023-09-14T11:26:09.178+0800] {processor.py:839} INFO - DAG(s) dict_keys(['example_dynamic_task_mapping_with_no_taskflow_operators']) retrieved from /opt/homebrew/lib/python3.11/site-packages/airflow/example_dags/example_dynamic_task_mapping_with_no_taskflow_operators.py
[2023-09-14T11:26:09.273+0800] {logging_mixin.py:151} INFO - [2023-09-14T11:26:09.273+0800] {dag.py:2915} INFO - Sync 1 DAGs
[2023-09-14T11:26:09.281+0800] {logging_mixin.py:151} INFO - [2023-09-14T11:26:09.281+0800] {dag.py:3696} INFO - Setting next_dagrun for example_dynamic_task_mapping_with_no_taskflow_operators to 2023-09-13T03:26:09.281402+00:00, run_after=2023-09-14T03:26:09.281402+00:00
[2023-09-14T11:26:09.292+0800] {processor.py:179} INFO - Processing /opt/homebrew/lib/python3.11/site-packages/airflow/example_dags/example_dynamic_task_mapping_with_no_taskflow_operators.py took 0.130 seconds
[2023-09-14T11:27:53.349+0800] {processor.py:157} INFO - Started process (PID=71699) to work on /opt/homebrew/lib/python3.11/site-packages/airflow/example_dags/example_dynamic_task_mapping_with_no_taskflow_operators.py
[2023-09-14T11:27:53.349+0800] {processor.py:829} INFO - Processing file /opt/homebrew/lib/python3.11/site-packages/airflow/example_dags/example_dynamic_task_mapping_with_no_taskflow_operators.py for tasks to queue
[2023-09-14T11:27:53.350+0800] {logging_mixin.py:151} INFO - [2023-09-14T11:27:53.350+0800] {dagbag.py:539} INFO - Filling up the DagBag from /opt/homebrew/lib/python3.11/site-packages/airflow/example_dags/example_dynamic_task_mapping_with_no_taskflow_operators.py
[2023-09-14T11:27:53.364+0800] {processor.py:839} INFO - DAG(s) dict_keys(['example_dynamic_task_mapping_with_no_taskflow_operators']) retrieved from /opt/homebrew/lib/python3.11/site-packages/airflow/example_dags/example_dynamic_task_mapping_with_no_taskflow_operators.py
[2023-09-14T11:27:53.458+0800] {logging_mixin.py:151} INFO - [2023-09-14T11:27:53.458+0800] {dag.py:2915} INFO - Sync 1 DAGs
[2023-09-14T11:27:53.467+0800] {logging_mixin.py:151} INFO - [2023-09-14T11:27:53.467+0800] {dag.py:3696} INFO - Setting next_dagrun for example_dynamic_task_mapping_with_no_taskflow_operators to 2023-09-13T03:27:53.467060+00:00, run_after=2023-09-14T03:27:53.467060+00:00
[2023-09-14T11:27:53.477+0800] {processor.py:179} INFO - Processing /opt/homebrew/lib/python3.11/site-packages/airflow/example_dags/example_dynamic_task_mapping_with_no_taskflow_operators.py took 0.129 seconds
[2023-09-14T11:29:37.419+0800] {processor.py:157} INFO - Started process (PID=71885) to work on /opt/homebrew/lib/python3.11/site-packages/airflow/example_dags/example_dynamic_task_mapping_with_no_taskflow_operators.py
[2023-09-14T11:29:37.419+0800] {processor.py:829} INFO - Processing file /opt/homebrew/lib/python3.11/site-packages/airflow/example_dags/example_dynamic_task_mapping_with_no_taskflow_operators.py for tasks to queue
[2023-09-14T11:29:37.420+0800] {logging_mixin.py:151} INFO - [2023-09-14T11:29:37.420+0800] {dagbag.py:539} INFO - Filling up the DagBag from /opt/homebrew/lib/python3.11/site-packages/airflow/example_dags/example_dynamic_task_mapping_with_no_taskflow_operators.py
[2023-09-14T11:29:37.434+0800] {processor.py:839} INFO - DAG(s) dict_keys(['example_dynamic_task_mapping_with_no_taskflow_operators']) retrieved from /opt/homebrew/lib/python3.11/site-packages/airflow/example_dags/example_dynamic_task_mapping_with_no_taskflow_operators.py
[2023-09-14T11:29:37.529+0800] {logging_mixin.py:151} INFO - [2023-09-14T11:29:37.529+0800] {dag.py:2915} INFO - Sync 1 DAGs
[2023-09-14T11:29:37.537+0800] {logging_mixin.py:151} INFO - [2023-09-14T11:29:37.537+0800] {dag.py:3696} INFO - Setting next_dagrun for example_dynamic_task_mapping_with_no_taskflow_operators to 2023-09-13T03:29:37.537438+00:00, run_after=2023-09-14T03:29:37.537438+00:00
[2023-09-14T11:29:37.548+0800] {processor.py:179} INFO - Processing /opt/homebrew/lib/python3.11/site-packages/airflow/example_dags/example_dynamic_task_mapping_with_no_taskflow_operators.py took 0.129 seconds
[2023-09-14T11:31:19.032+0800] {processor.py:157} INFO - Started process (PID=72069) to work on /opt/homebrew/lib/python3.11/site-packages/airflow/example_dags/example_dynamic_task_mapping_with_no_taskflow_operators.py
[2023-09-14T11:31:19.033+0800] {processor.py:829} INFO - Processing file /opt/homebrew/lib/python3.11/site-packages/airflow/example_dags/example_dynamic_task_mapping_with_no_taskflow_operators.py for tasks to queue
[2023-09-14T11:31:19.033+0800] {logging_mixin.py:151} INFO - [2023-09-14T11:31:19.033+0800] {dagbag.py:539} INFO - Filling up the DagBag from /opt/homebrew/lib/python3.11/site-packages/airflow/example_dags/example_dynamic_task_mapping_with_no_taskflow_operators.py
[2023-09-14T11:31:19.048+0800] {processor.py:839} INFO - DAG(s) dict_keys(['example_dynamic_task_mapping_with_no_taskflow_operators']) retrieved from /opt/homebrew/lib/python3.11/site-packages/airflow/example_dags/example_dynamic_task_mapping_with_no_taskflow_operators.py
[2023-09-14T11:31:19.142+0800] {logging_mixin.py:151} INFO - [2023-09-14T11:31:19.142+0800] {dag.py:2915} INFO - Sync 1 DAGs
[2023-09-14T11:31:19.151+0800] {logging_mixin.py:151} INFO - [2023-09-14T11:31:19.151+0800] {dag.py:3696} INFO - Setting next_dagrun for example_dynamic_task_mapping_with_no_taskflow_operators to 2023-09-13T03:31:19.150968+00:00, run_after=2023-09-14T03:31:19.150968+00:00
[2023-09-14T11:31:19.161+0800] {processor.py:179} INFO - Processing /opt/homebrew/lib/python3.11/site-packages/airflow/example_dags/example_dynamic_task_mapping_with_no_taskflow_operators.py took 0.130 seconds
[2023-09-14T11:33:06.077+0800] {processor.py:157} INFO - Started process (PID=72260) to work on /opt/homebrew/lib/python3.11/site-packages/airflow/example_dags/example_dynamic_task_mapping_with_no_taskflow_operators.py
[2023-09-14T11:33:06.078+0800] {processor.py:829} INFO - Processing file /opt/homebrew/lib/python3.11/site-packages/airflow/example_dags/example_dynamic_task_mapping_with_no_taskflow_operators.py for tasks to queue
[2023-09-14T11:33:06.078+0800] {logging_mixin.py:151} INFO - [2023-09-14T11:33:06.078+0800] {dagbag.py:539} INFO - Filling up the DagBag from /opt/homebrew/lib/python3.11/site-packages/airflow/example_dags/example_dynamic_task_mapping_with_no_taskflow_operators.py
[2023-09-14T11:33:06.093+0800] {processor.py:839} INFO - DAG(s) dict_keys(['example_dynamic_task_mapping_with_no_taskflow_operators']) retrieved from /opt/homebrew/lib/python3.11/site-packages/airflow/example_dags/example_dynamic_task_mapping_with_no_taskflow_operators.py
[2023-09-14T11:33:06.187+0800] {logging_mixin.py:151} INFO - [2023-09-14T11:33:06.187+0800] {dag.py:2915} INFO - Sync 1 DAGs
[2023-09-14T11:33:06.195+0800] {logging_mixin.py:151} INFO - [2023-09-14T11:33:06.195+0800] {dag.py:3696} INFO - Setting next_dagrun for example_dynamic_task_mapping_with_no_taskflow_operators to 2023-09-13T03:33:06.195577+00:00, run_after=2023-09-14T03:33:06.195577+00:00
[2023-09-14T11:33:06.206+0800] {processor.py:179} INFO - Processing /opt/homebrew/lib/python3.11/site-packages/airflow/example_dags/example_dynamic_task_mapping_with_no_taskflow_operators.py took 0.129 seconds
[2023-09-14T11:34:53.734+0800] {processor.py:157} INFO - Started process (PID=72454) to work on /opt/homebrew/lib/python3.11/site-packages/airflow/example_dags/example_dynamic_task_mapping_with_no_taskflow_operators.py
[2023-09-14T11:34:53.735+0800] {processor.py:829} INFO - Processing file /opt/homebrew/lib/python3.11/site-packages/airflow/example_dags/example_dynamic_task_mapping_with_no_taskflow_operators.py for tasks to queue
[2023-09-14T11:34:53.735+0800] {logging_mixin.py:151} INFO - [2023-09-14T11:34:53.735+0800] {dagbag.py:539} INFO - Filling up the DagBag from /opt/homebrew/lib/python3.11/site-packages/airflow/example_dags/example_dynamic_task_mapping_with_no_taskflow_operators.py
[2023-09-14T11:34:53.750+0800] {processor.py:839} INFO - DAG(s) dict_keys(['example_dynamic_task_mapping_with_no_taskflow_operators']) retrieved from /opt/homebrew/lib/python3.11/site-packages/airflow/example_dags/example_dynamic_task_mapping_with_no_taskflow_operators.py
[2023-09-14T11:34:53.844+0800] {logging_mixin.py:151} INFO - [2023-09-14T11:34:53.844+0800] {dag.py:2915} INFO - Sync 1 DAGs
[2023-09-14T11:34:53.852+0800] {logging_mixin.py:151} INFO - [2023-09-14T11:34:53.852+0800] {dag.py:3696} INFO - Setting next_dagrun for example_dynamic_task_mapping_with_no_taskflow_operators to 2023-09-13T03:34:53.852790+00:00, run_after=2023-09-14T03:34:53.852790+00:00
[2023-09-14T11:34:53.863+0800] {processor.py:179} INFO - Processing /opt/homebrew/lib/python3.11/site-packages/airflow/example_dags/example_dynamic_task_mapping_with_no_taskflow_operators.py took 0.129 seconds
[2023-09-14T11:36:43.490+0800] {processor.py:157} INFO - Started process (PID=72646) to work on /opt/homebrew/lib/python3.11/site-packages/airflow/example_dags/example_dynamic_task_mapping_with_no_taskflow_operators.py
[2023-09-14T11:36:43.490+0800] {processor.py:829} INFO - Processing file /opt/homebrew/lib/python3.11/site-packages/airflow/example_dags/example_dynamic_task_mapping_with_no_taskflow_operators.py for tasks to queue
[2023-09-14T11:36:43.490+0800] {logging_mixin.py:151} INFO - [2023-09-14T11:36:43.490+0800] {dagbag.py:539} INFO - Filling up the DagBag from /opt/homebrew/lib/python3.11/site-packages/airflow/example_dags/example_dynamic_task_mapping_with_no_taskflow_operators.py
[2023-09-14T11:36:43.505+0800] {processor.py:839} INFO - DAG(s) dict_keys(['example_dynamic_task_mapping_with_no_taskflow_operators']) retrieved from /opt/homebrew/lib/python3.11/site-packages/airflow/example_dags/example_dynamic_task_mapping_with_no_taskflow_operators.py
[2023-09-14T11:36:43.599+0800] {logging_mixin.py:151} INFO - [2023-09-14T11:36:43.599+0800] {dag.py:2915} INFO - Sync 1 DAGs
[2023-09-14T11:36:43.608+0800] {logging_mixin.py:151} INFO - [2023-09-14T11:36:43.607+0800] {dag.py:3696} INFO - Setting next_dagrun for example_dynamic_task_mapping_with_no_taskflow_operators to 2023-09-13T03:36:43.607911+00:00, run_after=2023-09-14T03:36:43.607911+00:00
[2023-09-14T11:36:43.618+0800] {processor.py:179} INFO - Processing /opt/homebrew/lib/python3.11/site-packages/airflow/example_dags/example_dynamic_task_mapping_with_no_taskflow_operators.py took 0.129 seconds
[2023-09-14T11:38:26.331+0800] {processor.py:157} INFO - Started process (PID=72831) to work on /opt/homebrew/lib/python3.11/site-packages/airflow/example_dags/example_dynamic_task_mapping_with_no_taskflow_operators.py
[2023-09-14T11:38:26.332+0800] {processor.py:829} INFO - Processing file /opt/homebrew/lib/python3.11/site-packages/airflow/example_dags/example_dynamic_task_mapping_with_no_taskflow_operators.py for tasks to queue
[2023-09-14T11:38:26.332+0800] {logging_mixin.py:151} INFO - [2023-09-14T11:38:26.332+0800] {dagbag.py:539} INFO - Filling up the DagBag from /opt/homebrew/lib/python3.11/site-packages/airflow/example_dags/example_dynamic_task_mapping_with_no_taskflow_operators.py
[2023-09-14T11:38:26.347+0800] {processor.py:839} INFO - DAG(s) dict_keys(['example_dynamic_task_mapping_with_no_taskflow_operators']) retrieved from /opt/homebrew/lib/python3.11/site-packages/airflow/example_dags/example_dynamic_task_mapping_with_no_taskflow_operators.py
[2023-09-14T11:38:26.441+0800] {logging_mixin.py:151} INFO - [2023-09-14T11:38:26.441+0800] {dag.py:2915} INFO - Sync 1 DAGs
[2023-09-14T11:38:26.449+0800] {logging_mixin.py:151} INFO - [2023-09-14T11:38:26.449+0800] {dag.py:3696} INFO - Setting next_dagrun for example_dynamic_task_mapping_with_no_taskflow_operators to 2023-09-13T03:38:26.449804+00:00, run_after=2023-09-14T03:38:26.449804+00:00
[2023-09-14T11:38:26.460+0800] {processor.py:179} INFO - Processing /opt/homebrew/lib/python3.11/site-packages/airflow/example_dags/example_dynamic_task_mapping_with_no_taskflow_operators.py took 0.129 seconds
[2023-09-14T11:40:03.780+0800] {processor.py:157} INFO - Started process (PID=73027) to work on /opt/homebrew/lib/python3.11/site-packages/airflow/example_dags/example_dynamic_task_mapping_with_no_taskflow_operators.py
[2023-09-14T11:40:03.780+0800] {processor.py:829} INFO - Processing file /opt/homebrew/lib/python3.11/site-packages/airflow/example_dags/example_dynamic_task_mapping_with_no_taskflow_operators.py for tasks to queue
[2023-09-14T11:40:03.780+0800] {logging_mixin.py:151} INFO - [2023-09-14T11:40:03.780+0800] {dagbag.py:539} INFO - Filling up the DagBag from /opt/homebrew/lib/python3.11/site-packages/airflow/example_dags/example_dynamic_task_mapping_with_no_taskflow_operators.py
[2023-09-14T11:40:03.795+0800] {processor.py:839} INFO - DAG(s) dict_keys(['example_dynamic_task_mapping_with_no_taskflow_operators']) retrieved from /opt/homebrew/lib/python3.11/site-packages/airflow/example_dags/example_dynamic_task_mapping_with_no_taskflow_operators.py
[2023-09-14T11:40:03.890+0800] {logging_mixin.py:151} INFO - [2023-09-14T11:40:03.890+0800] {dag.py:2915} INFO - Sync 1 DAGs
[2023-09-14T11:40:03.898+0800] {logging_mixin.py:151} INFO - [2023-09-14T11:40:03.898+0800] {dag.py:3696} INFO - Setting next_dagrun for example_dynamic_task_mapping_with_no_taskflow_operators to 2023-09-13T03:40:03.898501+00:00, run_after=2023-09-14T03:40:03.898501+00:00
[2023-09-14T11:40:03.909+0800] {processor.py:179} INFO - Processing /opt/homebrew/lib/python3.11/site-packages/airflow/example_dags/example_dynamic_task_mapping_with_no_taskflow_operators.py took 0.130 seconds
[2023-09-14T11:41:49.719+0800] {processor.py:157} INFO - Started process (PID=73217) to work on /opt/homebrew/lib/python3.11/site-packages/airflow/example_dags/example_dynamic_task_mapping_with_no_taskflow_operators.py
[2023-09-14T11:41:49.719+0800] {processor.py:829} INFO - Processing file /opt/homebrew/lib/python3.11/site-packages/airflow/example_dags/example_dynamic_task_mapping_with_no_taskflow_operators.py for tasks to queue
[2023-09-14T11:41:49.720+0800] {logging_mixin.py:151} INFO - [2023-09-14T11:41:49.720+0800] {dagbag.py:539} INFO - Filling up the DagBag from /opt/homebrew/lib/python3.11/site-packages/airflow/example_dags/example_dynamic_task_mapping_with_no_taskflow_operators.py
[2023-09-14T11:41:49.735+0800] {processor.py:839} INFO - DAG(s) dict_keys(['example_dynamic_task_mapping_with_no_taskflow_operators']) retrieved from /opt/homebrew/lib/python3.11/site-packages/airflow/example_dags/example_dynamic_task_mapping_with_no_taskflow_operators.py
[2023-09-14T11:41:49.829+0800] {logging_mixin.py:151} INFO - [2023-09-14T11:41:49.829+0800] {dag.py:2915} INFO - Sync 1 DAGs
[2023-09-14T11:41:49.837+0800] {logging_mixin.py:151} INFO - [2023-09-14T11:41:49.837+0800] {dag.py:3696} INFO - Setting next_dagrun for example_dynamic_task_mapping_with_no_taskflow_operators to 2023-09-13T03:41:49.837546+00:00, run_after=2023-09-14T03:41:49.837546+00:00
[2023-09-14T11:41:49.848+0800] {processor.py:179} INFO - Processing /opt/homebrew/lib/python3.11/site-packages/airflow/example_dags/example_dynamic_task_mapping_with_no_taskflow_operators.py took 0.129 seconds
[2023-09-14T11:43:30.464+0800] {processor.py:157} INFO - Started process (PID=73397) to work on /opt/homebrew/lib/python3.11/site-packages/airflow/example_dags/example_dynamic_task_mapping_with_no_taskflow_operators.py
[2023-09-14T11:43:30.464+0800] {processor.py:829} INFO - Processing file /opt/homebrew/lib/python3.11/site-packages/airflow/example_dags/example_dynamic_task_mapping_with_no_taskflow_operators.py for tasks to queue
[2023-09-14T11:43:30.464+0800] {logging_mixin.py:151} INFO - [2023-09-14T11:43:30.464+0800] {dagbag.py:539} INFO - Filling up the DagBag from /opt/homebrew/lib/python3.11/site-packages/airflow/example_dags/example_dynamic_task_mapping_with_no_taskflow_operators.py
[2023-09-14T11:43:30.479+0800] {processor.py:839} INFO - DAG(s) dict_keys(['example_dynamic_task_mapping_with_no_taskflow_operators']) retrieved from /opt/homebrew/lib/python3.11/site-packages/airflow/example_dags/example_dynamic_task_mapping_with_no_taskflow_operators.py
[2023-09-14T11:43:30.574+0800] {logging_mixin.py:151} INFO - [2023-09-14T11:43:30.574+0800] {dag.py:2915} INFO - Sync 1 DAGs
[2023-09-14T11:43:30.582+0800] {logging_mixin.py:151} INFO - [2023-09-14T11:43:30.582+0800] {dag.py:3696} INFO - Setting next_dagrun for example_dynamic_task_mapping_with_no_taskflow_operators to 2023-09-13T03:43:30.582341+00:00, run_after=2023-09-14T03:43:30.582341+00:00
[2023-09-14T11:43:30.593+0800] {processor.py:179} INFO - Processing /opt/homebrew/lib/python3.11/site-packages/airflow/example_dags/example_dynamic_task_mapping_with_no_taskflow_operators.py took 0.130 seconds
[2023-09-14T11:45:16.649+0800] {processor.py:157} INFO - Started process (PID=73581) to work on /opt/homebrew/lib/python3.11/site-packages/airflow/example_dags/example_dynamic_task_mapping_with_no_taskflow_operators.py
[2023-09-14T11:45:16.650+0800] {processor.py:829} INFO - Processing file /opt/homebrew/lib/python3.11/site-packages/airflow/example_dags/example_dynamic_task_mapping_with_no_taskflow_operators.py for tasks to queue
[2023-09-14T11:45:16.650+0800] {logging_mixin.py:151} INFO - [2023-09-14T11:45:16.650+0800] {dagbag.py:539} INFO - Filling up the DagBag from /opt/homebrew/lib/python3.11/site-packages/airflow/example_dags/example_dynamic_task_mapping_with_no_taskflow_operators.py
[2023-09-14T11:45:16.665+0800] {processor.py:839} INFO - DAG(s) dict_keys(['example_dynamic_task_mapping_with_no_taskflow_operators']) retrieved from /opt/homebrew/lib/python3.11/site-packages/airflow/example_dags/example_dynamic_task_mapping_with_no_taskflow_operators.py
[2023-09-14T11:45:16.760+0800] {logging_mixin.py:151} INFO - [2023-09-14T11:45:16.760+0800] {dag.py:2915} INFO - Sync 1 DAGs
[2023-09-14T11:45:16.768+0800] {logging_mixin.py:151} INFO - [2023-09-14T11:45:16.768+0800] {dag.py:3696} INFO - Setting next_dagrun for example_dynamic_task_mapping_with_no_taskflow_operators to 2023-09-13T03:45:16.768278+00:00, run_after=2023-09-14T03:45:16.768278+00:00
[2023-09-14T11:45:16.779+0800] {processor.py:179} INFO - Processing /opt/homebrew/lib/python3.11/site-packages/airflow/example_dags/example_dynamic_task_mapping_with_no_taskflow_operators.py took 0.130 seconds
[2023-09-14T14:32:40.421+0800] {processor.py:157} INFO - Started process (PID=73883) to work on /opt/homebrew/lib/python3.11/site-packages/airflow/example_dags/example_dynamic_task_mapping_with_no_taskflow_operators.py
[2023-09-14T14:32:40.421+0800] {processor.py:829} INFO - Processing file /opt/homebrew/lib/python3.11/site-packages/airflow/example_dags/example_dynamic_task_mapping_with_no_taskflow_operators.py for tasks to queue
[2023-09-14T14:32:40.422+0800] {logging_mixin.py:151} INFO - [2023-09-14T14:32:40.422+0800] {dagbag.py:539} INFO - Filling up the DagBag from /opt/homebrew/lib/python3.11/site-packages/airflow/example_dags/example_dynamic_task_mapping_with_no_taskflow_operators.py
[2023-09-14T14:32:40.437+0800] {processor.py:839} INFO - DAG(s) dict_keys(['example_dynamic_task_mapping_with_no_taskflow_operators']) retrieved from /opt/homebrew/lib/python3.11/site-packages/airflow/example_dags/example_dynamic_task_mapping_with_no_taskflow_operators.py
[2023-09-14T14:32:40.531+0800] {logging_mixin.py:151} INFO - [2023-09-14T14:32:40.531+0800] {dag.py:2915} INFO - Sync 1 DAGs
[2023-09-14T14:32:40.539+0800] {logging_mixin.py:151} INFO - [2023-09-14T14:32:40.539+0800] {dag.py:3696} INFO - Setting next_dagrun for example_dynamic_task_mapping_with_no_taskflow_operators to 2023-09-13T06:32:40.539670+00:00, run_after=2023-09-14T06:32:40.539670+00:00
[2023-09-14T14:32:40.550+0800] {processor.py:179} INFO - Processing /opt/homebrew/lib/python3.11/site-packages/airflow/example_dags/example_dynamic_task_mapping_with_no_taskflow_operators.py took 0.129 seconds
[2023-09-14T17:53:01.350+0800] {processor.py:157} INFO - Started process (PID=74187) to work on /opt/homebrew/lib/python3.11/site-packages/airflow/example_dags/example_dynamic_task_mapping_with_no_taskflow_operators.py
[2023-09-14T17:53:01.351+0800] {processor.py:829} INFO - Processing file /opt/homebrew/lib/python3.11/site-packages/airflow/example_dags/example_dynamic_task_mapping_with_no_taskflow_operators.py for tasks to queue
[2023-09-14T17:53:01.351+0800] {logging_mixin.py:151} INFO - [2023-09-14T17:53:01.351+0800] {dagbag.py:539} INFO - Filling up the DagBag from /opt/homebrew/lib/python3.11/site-packages/airflow/example_dags/example_dynamic_task_mapping_with_no_taskflow_operators.py
[2023-09-14T17:53:01.366+0800] {processor.py:839} INFO - DAG(s) dict_keys(['example_dynamic_task_mapping_with_no_taskflow_operators']) retrieved from /opt/homebrew/lib/python3.11/site-packages/airflow/example_dags/example_dynamic_task_mapping_with_no_taskflow_operators.py
[2023-09-14T17:53:01.462+0800] {logging_mixin.py:151} INFO - [2023-09-14T17:53:01.461+0800] {dag.py:2915} INFO - Sync 1 DAGs
[2023-09-14T17:53:01.470+0800] {logging_mixin.py:151} INFO - [2023-09-14T17:53:01.470+0800] {dag.py:3696} INFO - Setting next_dagrun for example_dynamic_task_mapping_with_no_taskflow_operators to 2023-09-13T09:53:01.470244+00:00, run_after=2023-09-14T09:53:01.470244+00:00
[2023-09-14T17:53:01.481+0800] {processor.py:179} INFO - Processing /opt/homebrew/lib/python3.11/site-packages/airflow/example_dags/example_dynamic_task_mapping_with_no_taskflow_operators.py took 0.131 seconds
[2023-09-14T21:08:49.948+0800] {processor.py:157} INFO - Started process (PID=74551) to work on /opt/homebrew/lib/python3.11/site-packages/airflow/example_dags/example_dynamic_task_mapping_with_no_taskflow_operators.py
[2023-09-14T21:08:49.949+0800] {processor.py:829} INFO - Processing file /opt/homebrew/lib/python3.11/site-packages/airflow/example_dags/example_dynamic_task_mapping_with_no_taskflow_operators.py for tasks to queue
[2023-09-14T21:08:49.949+0800] {logging_mixin.py:151} INFO - [2023-09-14T21:08:49.949+0800] {dagbag.py:539} INFO - Filling up the DagBag from /opt/homebrew/lib/python3.11/site-packages/airflow/example_dags/example_dynamic_task_mapping_with_no_taskflow_operators.py
[2023-09-14T21:08:49.964+0800] {processor.py:839} INFO - DAG(s) dict_keys(['example_dynamic_task_mapping_with_no_taskflow_operators']) retrieved from /opt/homebrew/lib/python3.11/site-packages/airflow/example_dags/example_dynamic_task_mapping_with_no_taskflow_operators.py
[2023-09-14T21:08:50.058+0800] {logging_mixin.py:151} INFO - [2023-09-14T21:08:50.058+0800] {dag.py:2915} INFO - Sync 1 DAGs
[2023-09-14T21:08:50.066+0800] {logging_mixin.py:151} INFO - [2023-09-14T21:08:50.066+0800] {dag.py:3696} INFO - Setting next_dagrun for example_dynamic_task_mapping_with_no_taskflow_operators to 2023-09-13T13:08:50.066807+00:00, run_after=2023-09-14T13:08:50.066807+00:00
[2023-09-14T21:08:50.077+0800] {processor.py:179} INFO - Processing /opt/homebrew/lib/python3.11/site-packages/airflow/example_dags/example_dynamic_task_mapping_with_no_taskflow_operators.py took 0.129 seconds
[2023-09-15T00:30:19.842+0800] {processor.py:157} INFO - Started process (PID=74861) to work on /opt/homebrew/lib/python3.11/site-packages/airflow/example_dags/example_dynamic_task_mapping_with_no_taskflow_operators.py
[2023-09-15T00:30:19.844+0800] {processor.py:829} INFO - Processing file /opt/homebrew/lib/python3.11/site-packages/airflow/example_dags/example_dynamic_task_mapping_with_no_taskflow_operators.py for tasks to queue
[2023-09-15T00:30:19.844+0800] {logging_mixin.py:151} INFO - [2023-09-15T00:30:19.844+0800] {dagbag.py:539} INFO - Filling up the DagBag from /opt/homebrew/lib/python3.11/site-packages/airflow/example_dags/example_dynamic_task_mapping_with_no_taskflow_operators.py
[2023-09-15T00:30:19.859+0800] {processor.py:839} INFO - DAG(s) dict_keys(['example_dynamic_task_mapping_with_no_taskflow_operators']) retrieved from /opt/homebrew/lib/python3.11/site-packages/airflow/example_dags/example_dynamic_task_mapping_with_no_taskflow_operators.py
[2023-09-15T00:30:19.953+0800] {logging_mixin.py:151} INFO - [2023-09-15T00:30:19.953+0800] {dag.py:2915} INFO - Sync 1 DAGs
[2023-09-15T00:30:19.961+0800] {logging_mixin.py:151} INFO - [2023-09-15T00:30:19.961+0800] {dag.py:3696} INFO - Setting next_dagrun for example_dynamic_task_mapping_with_no_taskflow_operators to 2023-09-13T16:30:19.961820+00:00, run_after=2023-09-14T16:30:19.961820+00:00
[2023-09-15T00:30:19.972+0800] {processor.py:179} INFO - Processing /opt/homebrew/lib/python3.11/site-packages/airflow/example_dags/example_dynamic_task_mapping_with_no_taskflow_operators.py took 0.130 seconds
[2023-09-15T03:44:53.245+0800] {processor.py:157} INFO - Started process (PID=75195) to work on /opt/homebrew/lib/python3.11/site-packages/airflow/example_dags/example_dynamic_task_mapping_with_no_taskflow_operators.py
[2023-09-15T03:44:53.247+0800] {processor.py:829} INFO - Processing file /opt/homebrew/lib/python3.11/site-packages/airflow/example_dags/example_dynamic_task_mapping_with_no_taskflow_operators.py for tasks to queue
[2023-09-15T03:44:53.247+0800] {logging_mixin.py:151} INFO - [2023-09-15T03:44:53.247+0800] {dagbag.py:539} INFO - Filling up the DagBag from /opt/homebrew/lib/python3.11/site-packages/airflow/example_dags/example_dynamic_task_mapping_with_no_taskflow_operators.py
[2023-09-15T03:44:53.263+0800] {processor.py:839} INFO - DAG(s) dict_keys(['example_dynamic_task_mapping_with_no_taskflow_operators']) retrieved from /opt/homebrew/lib/python3.11/site-packages/airflow/example_dags/example_dynamic_task_mapping_with_no_taskflow_operators.py
[2023-09-15T04:00:57.676+0800] {logging_mixin.py:151} INFO - [2023-09-15T04:00:57.676+0800] {dag.py:2915} INFO - Sync 1 DAGs
[2023-09-15T04:00:57.698+0800] {logging_mixin.py:151} INFO - [2023-09-15T04:00:57.698+0800] {dag.py:3696} INFO - Setting next_dagrun for example_dynamic_task_mapping_with_no_taskflow_operators to 2023-09-13T20:00:57.698290+00:00, run_after=2023-09-14T20:00:57.698290+00:00
[2023-09-15T04:00:57.713+0800] {processor.py:179} INFO - Processing /opt/homebrew/lib/python3.11/site-packages/airflow/example_dags/example_dynamic_task_mapping_with_no_taskflow_operators.py took 0.490 seconds
[2023-09-15T06:59:33.073+0800] {processor.py:157} INFO - Started process (PID=75518) to work on /opt/homebrew/lib/python3.11/site-packages/airflow/example_dags/example_dynamic_task_mapping_with_no_taskflow_operators.py
[2023-09-15T06:59:33.074+0800] {processor.py:829} INFO - Processing file /opt/homebrew/lib/python3.11/site-packages/airflow/example_dags/example_dynamic_task_mapping_with_no_taskflow_operators.py for tasks to queue
[2023-09-15T06:59:33.074+0800] {logging_mixin.py:151} INFO - [2023-09-15T06:59:33.074+0800] {dagbag.py:539} INFO - Filling up the DagBag from /opt/homebrew/lib/python3.11/site-packages/airflow/example_dags/example_dynamic_task_mapping_with_no_taskflow_operators.py
[2023-09-15T06:59:33.089+0800] {processor.py:839} INFO - DAG(s) dict_keys(['example_dynamic_task_mapping_with_no_taskflow_operators']) retrieved from /opt/homebrew/lib/python3.11/site-packages/airflow/example_dags/example_dynamic_task_mapping_with_no_taskflow_operators.py
[2023-09-15T06:59:33.183+0800] {logging_mixin.py:151} INFO - [2023-09-15T06:59:33.183+0800] {dag.py:2915} INFO - Sync 1 DAGs
[2023-09-15T06:59:33.191+0800] {logging_mixin.py:151} INFO - [2023-09-15T06:59:33.191+0800] {dag.py:3696} INFO - Setting next_dagrun for example_dynamic_task_mapping_with_no_taskflow_operators to 2023-09-13T22:59:33.191666+00:00, run_after=2023-09-14T22:59:33.191666+00:00
[2023-09-15T06:59:33.202+0800] {processor.py:179} INFO - Processing /opt/homebrew/lib/python3.11/site-packages/airflow/example_dags/example_dynamic_task_mapping_with_no_taskflow_operators.py took 0.129 seconds
