[2023-09-14T09:39:05.070+0800] {processor.py:157} INFO - Started process (PID=66891) to work on /opt/homebrew/lib/python3.11/site-packages/airflow/example_dags/example_trigger_target_dag.py
[2023-09-14T09:39:05.070+0800] {processor.py:829} INFO - Processing file /opt/homebrew/lib/python3.11/site-packages/airflow/example_dags/example_trigger_target_dag.py for tasks to queue
[2023-09-14T09:39:05.070+0800] {logging_mixin.py:151} INFO - [2023-09-14T09:39:05.070+0800] {dagbag.py:539} INFO - Filling up the DagBag from /opt/homebrew/lib/python3.11/site-packages/airflow/example_dags/example_trigger_target_dag.py
[2023-09-14T09:39:05.102+0800] {processor.py:839} INFO - DAG(s) dict_keys(['example_trigger_target_dag']) retrieved from /opt/homebrew/lib/python3.11/site-packages/airflow/example_dags/example_trigger_target_dag.py
[2023-09-14T09:39:05.195+0800] {logging_mixin.py:151} INFO - [2023-09-14T09:39:05.195+0800] {dag.py:2915} INFO - Sync 1 DAGs
[2023-09-14T09:39:05.200+0800] {logging_mixin.py:151} INFO - [2023-09-14T09:39:05.199+0800] {dag.py:3696} INFO - Setting next_dagrun for example_trigger_target_dag to None, run_after=None
[2023-09-14T09:39:05.210+0800] {processor.py:179} INFO - Processing /opt/homebrew/lib/python3.11/site-packages/airflow/example_dags/example_trigger_target_dag.py took 0.141 seconds
[2023-09-14T10:32:19.714+0800] {processor.py:157} INFO - Started process (PID=67119) to work on /opt/homebrew/lib/python3.11/site-packages/airflow/example_dags/example_trigger_target_dag.py
[2023-09-14T10:32:19.715+0800] {processor.py:829} INFO - Processing file /opt/homebrew/lib/python3.11/site-packages/airflow/example_dags/example_trigger_target_dag.py for tasks to queue
[2023-09-14T10:32:19.715+0800] {logging_mixin.py:151} INFO - [2023-09-14T10:32:19.715+0800] {dagbag.py:539} INFO - Filling up the DagBag from /opt/homebrew/lib/python3.11/site-packages/airflow/example_dags/example_trigger_target_dag.py
[2023-09-14T10:32:19.750+0800] {processor.py:839} INFO - DAG(s) dict_keys(['example_trigger_target_dag']) retrieved from /opt/homebrew/lib/python3.11/site-packages/airflow/example_dags/example_trigger_target_dag.py
[2023-09-14T10:32:19.852+0800] {logging_mixin.py:151} INFO - [2023-09-14T10:32:19.852+0800] {dag.py:2915} INFO - Sync 1 DAGs
[2023-09-14T10:32:19.858+0800] {logging_mixin.py:151} INFO - [2023-09-14T10:32:19.857+0800] {dag.py:3696} INFO - Setting next_dagrun for example_trigger_target_dag to None, run_after=None
[2023-09-14T10:32:19.869+0800] {processor.py:179} INFO - Processing /opt/homebrew/lib/python3.11/site-packages/airflow/example_dags/example_trigger_target_dag.py took 0.156 seconds
[2023-09-14T10:33:11.573+0800] {processor.py:157} INFO - Started process (PID=67226) to work on /opt/homebrew/lib/python3.11/site-packages/airflow/example_dags/example_trigger_target_dag.py
[2023-09-14T10:33:11.574+0800] {processor.py:829} INFO - Processing file /opt/homebrew/lib/python3.11/site-packages/airflow/example_dags/example_trigger_target_dag.py for tasks to queue
[2023-09-14T10:33:11.574+0800] {logging_mixin.py:151} INFO - [2023-09-14T10:33:11.574+0800] {dagbag.py:539} INFO - Filling up the DagBag from /opt/homebrew/lib/python3.11/site-packages/airflow/example_dags/example_trigger_target_dag.py
[2023-09-14T10:33:11.605+0800] {processor.py:839} INFO - DAG(s) dict_keys(['example_trigger_target_dag']) retrieved from /opt/homebrew/lib/python3.11/site-packages/airflow/example_dags/example_trigger_target_dag.py
[2023-09-14T10:33:11.697+0800] {logging_mixin.py:151} INFO - [2023-09-14T10:33:11.697+0800] {dag.py:2915} INFO - Sync 1 DAGs
[2023-09-14T10:33:11.702+0800] {logging_mixin.py:151} INFO - [2023-09-14T10:33:11.702+0800] {dag.py:3696} INFO - Setting next_dagrun for example_trigger_target_dag to None, run_after=None
[2023-09-14T10:33:11.712+0800] {processor.py:179} INFO - Processing /opt/homebrew/lib/python3.11/site-packages/airflow/example_dags/example_trigger_target_dag.py took 0.140 seconds
[2023-09-14T10:34:50.075+0800] {processor.py:157} INFO - Started process (PID=67424) to work on /opt/homebrew/lib/python3.11/site-packages/airflow/example_dags/example_trigger_target_dag.py
[2023-09-14T10:34:50.076+0800] {processor.py:829} INFO - Processing file /opt/homebrew/lib/python3.11/site-packages/airflow/example_dags/example_trigger_target_dag.py for tasks to queue
[2023-09-14T10:34:50.076+0800] {logging_mixin.py:151} INFO - [2023-09-14T10:34:50.076+0800] {dagbag.py:539} INFO - Filling up the DagBag from /opt/homebrew/lib/python3.11/site-packages/airflow/example_dags/example_trigger_target_dag.py
[2023-09-14T10:34:50.107+0800] {processor.py:839} INFO - DAG(s) dict_keys(['example_trigger_target_dag']) retrieved from /opt/homebrew/lib/python3.11/site-packages/airflow/example_dags/example_trigger_target_dag.py
[2023-09-14T10:34:50.201+0800] {logging_mixin.py:151} INFO - [2023-09-14T10:34:50.201+0800] {dag.py:2915} INFO - Sync 1 DAGs
[2023-09-14T10:34:50.206+0800] {logging_mixin.py:151} INFO - [2023-09-14T10:34:50.206+0800] {dag.py:3696} INFO - Setting next_dagrun for example_trigger_target_dag to None, run_after=None
[2023-09-14T10:34:50.216+0800] {processor.py:179} INFO - Processing /opt/homebrew/lib/python3.11/site-packages/airflow/example_dags/example_trigger_target_dag.py took 0.141 seconds
[2023-09-14T10:35:44.488+0800] {processor.py:157} INFO - Started process (PID=67524) to work on /opt/homebrew/lib/python3.11/site-packages/airflow/example_dags/example_trigger_target_dag.py
[2023-09-14T10:35:44.488+0800] {processor.py:829} INFO - Processing file /opt/homebrew/lib/python3.11/site-packages/airflow/example_dags/example_trigger_target_dag.py for tasks to queue
[2023-09-14T10:35:44.489+0800] {logging_mixin.py:151} INFO - [2023-09-14T10:35:44.489+0800] {dagbag.py:539} INFO - Filling up the DagBag from /opt/homebrew/lib/python3.11/site-packages/airflow/example_dags/example_trigger_target_dag.py
[2023-09-14T10:35:44.520+0800] {processor.py:839} INFO - DAG(s) dict_keys(['example_trigger_target_dag']) retrieved from /opt/homebrew/lib/python3.11/site-packages/airflow/example_dags/example_trigger_target_dag.py
[2023-09-14T10:35:44.612+0800] {logging_mixin.py:151} INFO - [2023-09-14T10:35:44.612+0800] {dag.py:2915} INFO - Sync 1 DAGs
[2023-09-14T10:35:44.617+0800] {logging_mixin.py:151} INFO - [2023-09-14T10:35:44.617+0800] {dag.py:3696} INFO - Setting next_dagrun for example_trigger_target_dag to None, run_after=None
[2023-09-14T10:35:44.627+0800] {processor.py:179} INFO - Processing /opt/homebrew/lib/python3.11/site-packages/airflow/example_dags/example_trigger_target_dag.py took 0.140 seconds
[2023-09-14T10:36:36.288+0800] {processor.py:157} INFO - Started process (PID=67616) to work on /opt/homebrew/lib/python3.11/site-packages/airflow/example_dags/example_trigger_target_dag.py
[2023-09-14T10:36:36.289+0800] {processor.py:829} INFO - Processing file /opt/homebrew/lib/python3.11/site-packages/airflow/example_dags/example_trigger_target_dag.py for tasks to queue
[2023-09-14T10:36:36.289+0800] {logging_mixin.py:151} INFO - [2023-09-14T10:36:36.289+0800] {dagbag.py:539} INFO - Filling up the DagBag from /opt/homebrew/lib/python3.11/site-packages/airflow/example_dags/example_trigger_target_dag.py
[2023-09-14T10:36:36.320+0800] {processor.py:839} INFO - DAG(s) dict_keys(['example_trigger_target_dag']) retrieved from /opt/homebrew/lib/python3.11/site-packages/airflow/example_dags/example_trigger_target_dag.py
[2023-09-14T10:36:36.413+0800] {logging_mixin.py:151} INFO - [2023-09-14T10:36:36.412+0800] {dag.py:2915} INFO - Sync 1 DAGs
[2023-09-14T10:36:36.417+0800] {logging_mixin.py:151} INFO - [2023-09-14T10:36:36.417+0800] {dag.py:3696} INFO - Setting next_dagrun for example_trigger_target_dag to None, run_after=None
[2023-09-14T10:36:36.428+0800] {processor.py:179} INFO - Processing /opt/homebrew/lib/python3.11/site-packages/airflow/example_dags/example_trigger_target_dag.py took 0.139 seconds
[2023-09-14T10:38:14.800+0800] {processor.py:157} INFO - Started process (PID=67802) to work on /opt/homebrew/lib/python3.11/site-packages/airflow/example_dags/example_trigger_target_dag.py
[2023-09-14T10:38:14.801+0800] {processor.py:829} INFO - Processing file /opt/homebrew/lib/python3.11/site-packages/airflow/example_dags/example_trigger_target_dag.py for tasks to queue
[2023-09-14T10:38:14.802+0800] {logging_mixin.py:151} INFO - [2023-09-14T10:38:14.801+0800] {dagbag.py:539} INFO - Filling up the DagBag from /opt/homebrew/lib/python3.11/site-packages/airflow/example_dags/example_trigger_target_dag.py
[2023-09-14T10:38:14.833+0800] {processor.py:839} INFO - DAG(s) dict_keys(['example_trigger_target_dag']) retrieved from /opt/homebrew/lib/python3.11/site-packages/airflow/example_dags/example_trigger_target_dag.py
[2023-09-14T10:38:14.926+0800] {logging_mixin.py:151} INFO - [2023-09-14T10:38:14.926+0800] {dag.py:2915} INFO - Sync 1 DAGs
[2023-09-14T10:38:14.930+0800] {logging_mixin.py:151} INFO - [2023-09-14T10:38:14.930+0800] {dag.py:3696} INFO - Setting next_dagrun for example_trigger_target_dag to None, run_after=None
[2023-09-14T10:38:14.941+0800] {processor.py:179} INFO - Processing /opt/homebrew/lib/python3.11/site-packages/airflow/example_dags/example_trigger_target_dag.py took 0.141 seconds
[2023-09-14T10:39:08.374+0800] {processor.py:157} INFO - Started process (PID=67895) to work on /opt/homebrew/lib/python3.11/site-packages/airflow/example_dags/example_trigger_target_dag.py
[2023-09-14T10:39:08.375+0800] {processor.py:829} INFO - Processing file /opt/homebrew/lib/python3.11/site-packages/airflow/example_dags/example_trigger_target_dag.py for tasks to queue
[2023-09-14T10:39:08.375+0800] {logging_mixin.py:151} INFO - [2023-09-14T10:39:08.375+0800] {dagbag.py:539} INFO - Filling up the DagBag from /opt/homebrew/lib/python3.11/site-packages/airflow/example_dags/example_trigger_target_dag.py
[2023-09-14T10:39:08.406+0800] {processor.py:839} INFO - DAG(s) dict_keys(['example_trigger_target_dag']) retrieved from /opt/homebrew/lib/python3.11/site-packages/airflow/example_dags/example_trigger_target_dag.py
[2023-09-14T10:39:08.499+0800] {logging_mixin.py:151} INFO - [2023-09-14T10:39:08.499+0800] {dag.py:2915} INFO - Sync 1 DAGs
[2023-09-14T10:39:08.504+0800] {logging_mixin.py:151} INFO - [2023-09-14T10:39:08.504+0800] {dag.py:3696} INFO - Setting next_dagrun for example_trigger_target_dag to None, run_after=None
[2023-09-14T10:39:08.514+0800] {processor.py:179} INFO - Processing /opt/homebrew/lib/python3.11/site-packages/airflow/example_dags/example_trigger_target_dag.py took 0.140 seconds
[2023-09-14T10:40:00.959+0800] {processor.py:157} INFO - Started process (PID=67996) to work on /opt/homebrew/lib/python3.11/site-packages/airflow/example_dags/example_trigger_target_dag.py
[2023-09-14T10:40:00.960+0800] {processor.py:829} INFO - Processing file /opt/homebrew/lib/python3.11/site-packages/airflow/example_dags/example_trigger_target_dag.py for tasks to queue
[2023-09-14T10:40:00.960+0800] {logging_mixin.py:151} INFO - [2023-09-14T10:40:00.960+0800] {dagbag.py:539} INFO - Filling up the DagBag from /opt/homebrew/lib/python3.11/site-packages/airflow/example_dags/example_trigger_target_dag.py
[2023-09-14T10:40:00.992+0800] {processor.py:839} INFO - DAG(s) dict_keys(['example_trigger_target_dag']) retrieved from /opt/homebrew/lib/python3.11/site-packages/airflow/example_dags/example_trigger_target_dag.py
[2023-09-14T10:40:01.084+0800] {logging_mixin.py:151} INFO - [2023-09-14T10:40:01.084+0800] {dag.py:2915} INFO - Sync 1 DAGs
[2023-09-14T10:40:01.089+0800] {logging_mixin.py:151} INFO - [2023-09-14T10:40:01.089+0800] {dag.py:3696} INFO - Setting next_dagrun for example_trigger_target_dag to None, run_after=None
[2023-09-14T10:40:01.099+0800] {processor.py:179} INFO - Processing /opt/homebrew/lib/python3.11/site-packages/airflow/example_dags/example_trigger_target_dag.py took 0.141 seconds
[2023-09-14T10:40:53.705+0800] {processor.py:157} INFO - Started process (PID=68087) to work on /opt/homebrew/lib/python3.11/site-packages/airflow/example_dags/example_trigger_target_dag.py
[2023-09-14T10:40:53.707+0800] {processor.py:829} INFO - Processing file /opt/homebrew/lib/python3.11/site-packages/airflow/example_dags/example_trigger_target_dag.py for tasks to queue
[2023-09-14T10:40:53.707+0800] {logging_mixin.py:151} INFO - [2023-09-14T10:40:53.707+0800] {dagbag.py:539} INFO - Filling up the DagBag from /opt/homebrew/lib/python3.11/site-packages/airflow/example_dags/example_trigger_target_dag.py
[2023-09-14T10:40:53.738+0800] {processor.py:839} INFO - DAG(s) dict_keys(['example_trigger_target_dag']) retrieved from /opt/homebrew/lib/python3.11/site-packages/airflow/example_dags/example_trigger_target_dag.py
[2023-09-14T10:40:53.834+0800] {logging_mixin.py:151} INFO - [2023-09-14T10:40:53.833+0800] {dag.py:2915} INFO - Sync 1 DAGs
[2023-09-14T10:40:53.838+0800] {logging_mixin.py:151} INFO - [2023-09-14T10:40:53.838+0800] {dag.py:3696} INFO - Setting next_dagrun for example_trigger_target_dag to None, run_after=None
[2023-09-14T10:40:53.849+0800] {processor.py:179} INFO - Processing /opt/homebrew/lib/python3.11/site-packages/airflow/example_dags/example_trigger_target_dag.py took 0.144 seconds
[2023-09-14T10:41:49.477+0800] {processor.py:157} INFO - Started process (PID=68184) to work on /opt/homebrew/lib/python3.11/site-packages/airflow/example_dags/example_trigger_target_dag.py
[2023-09-14T10:41:49.479+0800] {processor.py:829} INFO - Processing file /opt/homebrew/lib/python3.11/site-packages/airflow/example_dags/example_trigger_target_dag.py for tasks to queue
[2023-09-14T10:41:49.479+0800] {logging_mixin.py:151} INFO - [2023-09-14T10:41:49.479+0800] {dagbag.py:539} INFO - Filling up the DagBag from /opt/homebrew/lib/python3.11/site-packages/airflow/example_dags/example_trigger_target_dag.py
[2023-09-14T10:41:49.510+0800] {processor.py:839} INFO - DAG(s) dict_keys(['example_trigger_target_dag']) retrieved from /opt/homebrew/lib/python3.11/site-packages/airflow/example_dags/example_trigger_target_dag.py
[2023-09-14T10:41:49.603+0800] {logging_mixin.py:151} INFO - [2023-09-14T10:41:49.602+0800] {dag.py:2915} INFO - Sync 1 DAGs
[2023-09-14T10:41:49.607+0800] {logging_mixin.py:151} INFO - [2023-09-14T10:41:49.607+0800] {dag.py:3696} INFO - Setting next_dagrun for example_trigger_target_dag to None, run_after=None
[2023-09-14T10:41:49.619+0800] {processor.py:179} INFO - Processing /opt/homebrew/lib/python3.11/site-packages/airflow/example_dags/example_trigger_target_dag.py took 0.142 seconds
[2023-09-14T10:42:43.469+0800] {processor.py:157} INFO - Started process (PID=68283) to work on /opt/homebrew/lib/python3.11/site-packages/airflow/example_dags/example_trigger_target_dag.py
[2023-09-14T10:42:43.471+0800] {processor.py:829} INFO - Processing file /opt/homebrew/lib/python3.11/site-packages/airflow/example_dags/example_trigger_target_dag.py for tasks to queue
[2023-09-14T10:42:43.471+0800] {logging_mixin.py:151} INFO - [2023-09-14T10:42:43.471+0800] {dagbag.py:539} INFO - Filling up the DagBag from /opt/homebrew/lib/python3.11/site-packages/airflow/example_dags/example_trigger_target_dag.py
[2023-09-14T10:42:43.502+0800] {processor.py:839} INFO - DAG(s) dict_keys(['example_trigger_target_dag']) retrieved from /opt/homebrew/lib/python3.11/site-packages/airflow/example_dags/example_trigger_target_dag.py
[2023-09-14T10:42:43.595+0800] {logging_mixin.py:151} INFO - [2023-09-14T10:42:43.595+0800] {dag.py:2915} INFO - Sync 1 DAGs
[2023-09-14T10:42:43.600+0800] {logging_mixin.py:151} INFO - [2023-09-14T10:42:43.600+0800] {dag.py:3696} INFO - Setting next_dagrun for example_trigger_target_dag to None, run_after=None
[2023-09-14T10:42:43.610+0800] {processor.py:179} INFO - Processing /opt/homebrew/lib/python3.11/site-packages/airflow/example_dags/example_trigger_target_dag.py took 0.141 seconds
[2023-09-14T10:43:35.212+0800] {processor.py:157} INFO - Started process (PID=68377) to work on /opt/homebrew/lib/python3.11/site-packages/airflow/example_dags/example_trigger_target_dag.py
[2023-09-14T10:43:35.213+0800] {processor.py:829} INFO - Processing file /opt/homebrew/lib/python3.11/site-packages/airflow/example_dags/example_trigger_target_dag.py for tasks to queue
[2023-09-14T10:43:35.213+0800] {logging_mixin.py:151} INFO - [2023-09-14T10:43:35.213+0800] {dagbag.py:539} INFO - Filling up the DagBag from /opt/homebrew/lib/python3.11/site-packages/airflow/example_dags/example_trigger_target_dag.py
[2023-09-14T10:43:35.244+0800] {processor.py:839} INFO - DAG(s) dict_keys(['example_trigger_target_dag']) retrieved from /opt/homebrew/lib/python3.11/site-packages/airflow/example_dags/example_trigger_target_dag.py
[2023-09-14T10:43:35.336+0800] {logging_mixin.py:151} INFO - [2023-09-14T10:43:35.335+0800] {dag.py:2915} INFO - Sync 1 DAGs
[2023-09-14T10:43:35.340+0800] {logging_mixin.py:151} INFO - [2023-09-14T10:43:35.340+0800] {dag.py:3696} INFO - Setting next_dagrun for example_trigger_target_dag to None, run_after=None
[2023-09-14T10:43:35.350+0800] {processor.py:179} INFO - Processing /opt/homebrew/lib/python3.11/site-packages/airflow/example_dags/example_trigger_target_dag.py took 0.139 seconds
[2023-09-14T10:44:27.635+0800] {processor.py:157} INFO - Started process (PID=68468) to work on /opt/homebrew/lib/python3.11/site-packages/airflow/example_dags/example_trigger_target_dag.py
[2023-09-14T10:44:27.636+0800] {processor.py:829} INFO - Processing file /opt/homebrew/lib/python3.11/site-packages/airflow/example_dags/example_trigger_target_dag.py for tasks to queue
[2023-09-14T10:44:27.636+0800] {logging_mixin.py:151} INFO - [2023-09-14T10:44:27.636+0800] {dagbag.py:539} INFO - Filling up the DagBag from /opt/homebrew/lib/python3.11/site-packages/airflow/example_dags/example_trigger_target_dag.py
[2023-09-14T10:44:27.667+0800] {processor.py:839} INFO - DAG(s) dict_keys(['example_trigger_target_dag']) retrieved from /opt/homebrew/lib/python3.11/site-packages/airflow/example_dags/example_trigger_target_dag.py
[2023-09-14T10:44:27.759+0800] {logging_mixin.py:151} INFO - [2023-09-14T10:44:27.759+0800] {dag.py:2915} INFO - Sync 1 DAGs
[2023-09-14T10:44:27.764+0800] {logging_mixin.py:151} INFO - [2023-09-14T10:44:27.764+0800] {dag.py:3696} INFO - Setting next_dagrun for example_trigger_target_dag to None, run_after=None
[2023-09-14T10:44:27.774+0800] {processor.py:179} INFO - Processing /opt/homebrew/lib/python3.11/site-packages/airflow/example_dags/example_trigger_target_dag.py took 0.139 seconds
[2023-09-14T10:45:18.672+0800] {processor.py:157} INFO - Started process (PID=68565) to work on /opt/homebrew/lib/python3.11/site-packages/airflow/example_dags/example_trigger_target_dag.py
[2023-09-14T10:45:18.672+0800] {processor.py:829} INFO - Processing file /opt/homebrew/lib/python3.11/site-packages/airflow/example_dags/example_trigger_target_dag.py for tasks to queue
[2023-09-14T10:45:18.672+0800] {logging_mixin.py:151} INFO - [2023-09-14T10:45:18.672+0800] {dagbag.py:539} INFO - Filling up the DagBag from /opt/homebrew/lib/python3.11/site-packages/airflow/example_dags/example_trigger_target_dag.py
[2023-09-14T10:45:18.703+0800] {processor.py:839} INFO - DAG(s) dict_keys(['example_trigger_target_dag']) retrieved from /opt/homebrew/lib/python3.11/site-packages/airflow/example_dags/example_trigger_target_dag.py
[2023-09-14T10:45:18.796+0800] {logging_mixin.py:151} INFO - [2023-09-14T10:45:18.795+0800] {dag.py:2915} INFO - Sync 1 DAGs
[2023-09-14T10:45:18.800+0800] {logging_mixin.py:151} INFO - [2023-09-14T10:45:18.800+0800] {dag.py:3696} INFO - Setting next_dagrun for example_trigger_target_dag to None, run_after=None
[2023-09-14T10:45:18.810+0800] {processor.py:179} INFO - Processing /opt/homebrew/lib/python3.11/site-packages/airflow/example_dags/example_trigger_target_dag.py took 0.139 seconds
[2023-09-14T10:46:09.810+0800] {processor.py:157} INFO - Started process (PID=68660) to work on /opt/homebrew/lib/python3.11/site-packages/airflow/example_dags/example_trigger_target_dag.py
[2023-09-14T10:46:09.812+0800] {processor.py:829} INFO - Processing file /opt/homebrew/lib/python3.11/site-packages/airflow/example_dags/example_trigger_target_dag.py for tasks to queue
[2023-09-14T10:46:09.812+0800] {logging_mixin.py:151} INFO - [2023-09-14T10:46:09.812+0800] {dagbag.py:539} INFO - Filling up the DagBag from /opt/homebrew/lib/python3.11/site-packages/airflow/example_dags/example_trigger_target_dag.py
[2023-09-14T10:46:09.843+0800] {processor.py:839} INFO - DAG(s) dict_keys(['example_trigger_target_dag']) retrieved from /opt/homebrew/lib/python3.11/site-packages/airflow/example_dags/example_trigger_target_dag.py
[2023-09-14T10:46:09.936+0800] {logging_mixin.py:151} INFO - [2023-09-14T10:46:09.936+0800] {dag.py:2915} INFO - Sync 1 DAGs
[2023-09-14T10:46:09.941+0800] {logging_mixin.py:151} INFO - [2023-09-14T10:46:09.941+0800] {dag.py:3696} INFO - Setting next_dagrun for example_trigger_target_dag to None, run_after=None
[2023-09-14T10:46:09.951+0800] {processor.py:179} INFO - Processing /opt/homebrew/lib/python3.11/site-packages/airflow/example_dags/example_trigger_target_dag.py took 0.141 seconds
[2023-09-14T10:47:02.648+0800] {processor.py:157} INFO - Started process (PID=68751) to work on /opt/homebrew/lib/python3.11/site-packages/airflow/example_dags/example_trigger_target_dag.py
[2023-09-14T10:47:02.649+0800] {processor.py:829} INFO - Processing file /opt/homebrew/lib/python3.11/site-packages/airflow/example_dags/example_trigger_target_dag.py for tasks to queue
[2023-09-14T10:47:02.649+0800] {logging_mixin.py:151} INFO - [2023-09-14T10:47:02.649+0800] {dagbag.py:539} INFO - Filling up the DagBag from /opt/homebrew/lib/python3.11/site-packages/airflow/example_dags/example_trigger_target_dag.py
[2023-09-14T10:47:02.680+0800] {processor.py:839} INFO - DAG(s) dict_keys(['example_trigger_target_dag']) retrieved from /opt/homebrew/lib/python3.11/site-packages/airflow/example_dags/example_trigger_target_dag.py
[2023-09-14T10:47:02.772+0800] {logging_mixin.py:151} INFO - [2023-09-14T10:47:02.772+0800] {dag.py:2915} INFO - Sync 1 DAGs
[2023-09-14T10:47:02.777+0800] {logging_mixin.py:151} INFO - [2023-09-14T10:47:02.777+0800] {dag.py:3696} INFO - Setting next_dagrun for example_trigger_target_dag to None, run_after=None
[2023-09-14T10:47:02.787+0800] {processor.py:179} INFO - Processing /opt/homebrew/lib/python3.11/site-packages/airflow/example_dags/example_trigger_target_dag.py took 0.139 seconds
[2023-09-14T10:47:53.936+0800] {processor.py:157} INFO - Started process (PID=68845) to work on /opt/homebrew/lib/python3.11/site-packages/airflow/example_dags/example_trigger_target_dag.py
[2023-09-14T10:47:53.936+0800] {processor.py:829} INFO - Processing file /opt/homebrew/lib/python3.11/site-packages/airflow/example_dags/example_trigger_target_dag.py for tasks to queue
[2023-09-14T10:47:53.936+0800] {logging_mixin.py:151} INFO - [2023-09-14T10:47:53.936+0800] {dagbag.py:539} INFO - Filling up the DagBag from /opt/homebrew/lib/python3.11/site-packages/airflow/example_dags/example_trigger_target_dag.py
[2023-09-14T10:47:53.968+0800] {processor.py:839} INFO - DAG(s) dict_keys(['example_trigger_target_dag']) retrieved from /opt/homebrew/lib/python3.11/site-packages/airflow/example_dags/example_trigger_target_dag.py
[2023-09-14T10:47:54.060+0800] {logging_mixin.py:151} INFO - [2023-09-14T10:47:54.059+0800] {dag.py:2915} INFO - Sync 1 DAGs
[2023-09-14T10:47:54.064+0800] {logging_mixin.py:151} INFO - [2023-09-14T10:47:54.064+0800] {dag.py:3696} INFO - Setting next_dagrun for example_trigger_target_dag to None, run_after=None
[2023-09-14T10:47:54.075+0800] {processor.py:179} INFO - Processing /opt/homebrew/lib/python3.11/site-packages/airflow/example_dags/example_trigger_target_dag.py took 0.139 seconds
[2023-09-14T10:48:45.828+0800] {processor.py:157} INFO - Started process (PID=68937) to work on /opt/homebrew/lib/python3.11/site-packages/airflow/example_dags/example_trigger_target_dag.py
[2023-09-14T10:48:45.829+0800] {processor.py:829} INFO - Processing file /opt/homebrew/lib/python3.11/site-packages/airflow/example_dags/example_trigger_target_dag.py for tasks to queue
[2023-09-14T10:48:45.829+0800] {logging_mixin.py:151} INFO - [2023-09-14T10:48:45.829+0800] {dagbag.py:539} INFO - Filling up the DagBag from /opt/homebrew/lib/python3.11/site-packages/airflow/example_dags/example_trigger_target_dag.py
[2023-09-14T10:48:45.860+0800] {processor.py:839} INFO - DAG(s) dict_keys(['example_trigger_target_dag']) retrieved from /opt/homebrew/lib/python3.11/site-packages/airflow/example_dags/example_trigger_target_dag.py
[2023-09-14T10:48:45.952+0800] {logging_mixin.py:151} INFO - [2023-09-14T10:48:45.952+0800] {dag.py:2915} INFO - Sync 1 DAGs
[2023-09-14T10:48:45.957+0800] {logging_mixin.py:151} INFO - [2023-09-14T10:48:45.957+0800] {dag.py:3696} INFO - Setting next_dagrun for example_trigger_target_dag to None, run_after=None
[2023-09-14T10:48:45.967+0800] {processor.py:179} INFO - Processing /opt/homebrew/lib/python3.11/site-packages/airflow/example_dags/example_trigger_target_dag.py took 0.139 seconds
[2023-09-14T10:49:40.314+0800] {processor.py:157} INFO - Started process (PID=69033) to work on /opt/homebrew/lib/python3.11/site-packages/airflow/example_dags/example_trigger_target_dag.py
[2023-09-14T10:49:40.315+0800] {processor.py:829} INFO - Processing file /opt/homebrew/lib/python3.11/site-packages/airflow/example_dags/example_trigger_target_dag.py for tasks to queue
[2023-09-14T10:49:40.315+0800] {logging_mixin.py:151} INFO - [2023-09-14T10:49:40.315+0800] {dagbag.py:539} INFO - Filling up the DagBag from /opt/homebrew/lib/python3.11/site-packages/airflow/example_dags/example_trigger_target_dag.py
[2023-09-14T10:49:40.346+0800] {processor.py:839} INFO - DAG(s) dict_keys(['example_trigger_target_dag']) retrieved from /opt/homebrew/lib/python3.11/site-packages/airflow/example_dags/example_trigger_target_dag.py
[2023-09-14T10:49:40.438+0800] {logging_mixin.py:151} INFO - [2023-09-14T10:49:40.438+0800] {dag.py:2915} INFO - Sync 1 DAGs
[2023-09-14T10:49:40.443+0800] {logging_mixin.py:151} INFO - [2023-09-14T10:49:40.443+0800] {dag.py:3696} INFO - Setting next_dagrun for example_trigger_target_dag to None, run_after=None
[2023-09-14T10:49:40.453+0800] {processor.py:179} INFO - Processing /opt/homebrew/lib/python3.11/site-packages/airflow/example_dags/example_trigger_target_dag.py took 0.139 seconds
[2023-09-14T10:50:35.711+0800] {processor.py:157} INFO - Started process (PID=69136) to work on /opt/homebrew/lib/python3.11/site-packages/airflow/example_dags/example_trigger_target_dag.py
[2023-09-14T10:50:35.712+0800] {processor.py:829} INFO - Processing file /opt/homebrew/lib/python3.11/site-packages/airflow/example_dags/example_trigger_target_dag.py for tasks to queue
[2023-09-14T10:50:35.712+0800] {logging_mixin.py:151} INFO - [2023-09-14T10:50:35.712+0800] {dagbag.py:539} INFO - Filling up the DagBag from /opt/homebrew/lib/python3.11/site-packages/airflow/example_dags/example_trigger_target_dag.py
[2023-09-14T10:50:35.743+0800] {processor.py:839} INFO - DAG(s) dict_keys(['example_trigger_target_dag']) retrieved from /opt/homebrew/lib/python3.11/site-packages/airflow/example_dags/example_trigger_target_dag.py
[2023-09-14T10:50:35.835+0800] {logging_mixin.py:151} INFO - [2023-09-14T10:50:35.835+0800] {dag.py:2915} INFO - Sync 1 DAGs
[2023-09-14T10:50:35.840+0800] {logging_mixin.py:151} INFO - [2023-09-14T10:50:35.840+0800] {dag.py:3696} INFO - Setting next_dagrun for example_trigger_target_dag to None, run_after=None
[2023-09-14T10:50:35.850+0800] {processor.py:179} INFO - Processing /opt/homebrew/lib/python3.11/site-packages/airflow/example_dags/example_trigger_target_dag.py took 0.139 seconds
[2023-09-14T10:51:27.994+0800] {processor.py:157} INFO - Started process (PID=69229) to work on /opt/homebrew/lib/python3.11/site-packages/airflow/example_dags/example_trigger_target_dag.py
[2023-09-14T10:51:27.994+0800] {processor.py:829} INFO - Processing file /opt/homebrew/lib/python3.11/site-packages/airflow/example_dags/example_trigger_target_dag.py for tasks to queue
[2023-09-14T10:51:27.995+0800] {logging_mixin.py:151} INFO - [2023-09-14T10:51:27.995+0800] {dagbag.py:539} INFO - Filling up the DagBag from /opt/homebrew/lib/python3.11/site-packages/airflow/example_dags/example_trigger_target_dag.py
[2023-09-14T10:51:28.026+0800] {processor.py:839} INFO - DAG(s) dict_keys(['example_trigger_target_dag']) retrieved from /opt/homebrew/lib/python3.11/site-packages/airflow/example_dags/example_trigger_target_dag.py
[2023-09-14T10:51:28.119+0800] {logging_mixin.py:151} INFO - [2023-09-14T10:51:28.119+0800] {dag.py:2915} INFO - Sync 1 DAGs
[2023-09-14T10:51:28.124+0800] {logging_mixin.py:151} INFO - [2023-09-14T10:51:28.123+0800] {dag.py:3696} INFO - Setting next_dagrun for example_trigger_target_dag to None, run_after=None
[2023-09-14T10:51:28.134+0800] {processor.py:179} INFO - Processing /opt/homebrew/lib/python3.11/site-packages/airflow/example_dags/example_trigger_target_dag.py took 0.140 seconds
[2023-09-14T10:52:22.268+0800] {processor.py:157} INFO - Started process (PID=69323) to work on /opt/homebrew/lib/python3.11/site-packages/airflow/example_dags/example_trigger_target_dag.py
[2023-09-14T10:52:22.269+0800] {processor.py:829} INFO - Processing file /opt/homebrew/lib/python3.11/site-packages/airflow/example_dags/example_trigger_target_dag.py for tasks to queue
[2023-09-14T10:52:22.269+0800] {logging_mixin.py:151} INFO - [2023-09-14T10:52:22.269+0800] {dagbag.py:539} INFO - Filling up the DagBag from /opt/homebrew/lib/python3.11/site-packages/airflow/example_dags/example_trigger_target_dag.py
[2023-09-14T10:52:22.300+0800] {processor.py:839} INFO - DAG(s) dict_keys(['example_trigger_target_dag']) retrieved from /opt/homebrew/lib/python3.11/site-packages/airflow/example_dags/example_trigger_target_dag.py
[2023-09-14T10:52:22.393+0800] {logging_mixin.py:151} INFO - [2023-09-14T10:52:22.392+0800] {dag.py:2915} INFO - Sync 1 DAGs
[2023-09-14T10:52:22.397+0800] {logging_mixin.py:151} INFO - [2023-09-14T10:52:22.397+0800] {dag.py:3696} INFO - Setting next_dagrun for example_trigger_target_dag to None, run_after=None
[2023-09-14T10:52:22.407+0800] {processor.py:179} INFO - Processing /opt/homebrew/lib/python3.11/site-packages/airflow/example_dags/example_trigger_target_dag.py took 0.140 seconds
[2023-09-14T10:53:17.434+0800] {processor.py:157} INFO - Started process (PID=69426) to work on /opt/homebrew/lib/python3.11/site-packages/airflow/example_dags/example_trigger_target_dag.py
[2023-09-14T10:53:17.435+0800] {processor.py:829} INFO - Processing file /opt/homebrew/lib/python3.11/site-packages/airflow/example_dags/example_trigger_target_dag.py for tasks to queue
[2023-09-14T10:53:17.435+0800] {logging_mixin.py:151} INFO - [2023-09-14T10:53:17.435+0800] {dagbag.py:539} INFO - Filling up the DagBag from /opt/homebrew/lib/python3.11/site-packages/airflow/example_dags/example_trigger_target_dag.py
[2023-09-14T10:53:17.466+0800] {processor.py:839} INFO - DAG(s) dict_keys(['example_trigger_target_dag']) retrieved from /opt/homebrew/lib/python3.11/site-packages/airflow/example_dags/example_trigger_target_dag.py
[2023-09-14T10:53:17.560+0800] {logging_mixin.py:151} INFO - [2023-09-14T10:53:17.560+0800] {dag.py:2915} INFO - Sync 1 DAGs
[2023-09-14T10:53:17.565+0800] {logging_mixin.py:151} INFO - [2023-09-14T10:53:17.565+0800] {dag.py:3696} INFO - Setting next_dagrun for example_trigger_target_dag to None, run_after=None
[2023-09-14T10:53:17.576+0800] {processor.py:179} INFO - Processing /opt/homebrew/lib/python3.11/site-packages/airflow/example_dags/example_trigger_target_dag.py took 0.143 seconds
[2023-09-14T10:54:13.405+0800] {processor.py:157} INFO - Started process (PID=69539) to work on /opt/homebrew/lib/python3.11/site-packages/airflow/example_dags/example_trigger_target_dag.py
[2023-09-14T10:54:13.406+0800] {processor.py:829} INFO - Processing file /opt/homebrew/lib/python3.11/site-packages/airflow/example_dags/example_trigger_target_dag.py for tasks to queue
[2023-09-14T10:54:13.406+0800] {logging_mixin.py:151} INFO - [2023-09-14T10:54:13.406+0800] {dagbag.py:539} INFO - Filling up the DagBag from /opt/homebrew/lib/python3.11/site-packages/airflow/example_dags/example_trigger_target_dag.py
[2023-09-14T10:54:13.437+0800] {processor.py:839} INFO - DAG(s) dict_keys(['example_trigger_target_dag']) retrieved from /opt/homebrew/lib/python3.11/site-packages/airflow/example_dags/example_trigger_target_dag.py
[2023-09-14T10:54:13.530+0800] {logging_mixin.py:151} INFO - [2023-09-14T10:54:13.530+0800] {dag.py:2915} INFO - Sync 1 DAGs
[2023-09-14T10:54:13.536+0800] {logging_mixin.py:151} INFO - [2023-09-14T10:54:13.536+0800] {dag.py:3696} INFO - Setting next_dagrun for example_trigger_target_dag to None, run_after=None
[2023-09-14T10:54:13.547+0800] {processor.py:179} INFO - Processing /opt/homebrew/lib/python3.11/site-packages/airflow/example_dags/example_trigger_target_dag.py took 0.142 seconds
[2023-09-14T10:55:06.912+0800] {processor.py:157} INFO - Started process (PID=69641) to work on /opt/homebrew/lib/python3.11/site-packages/airflow/example_dags/example_trigger_target_dag.py
[2023-09-14T10:55:06.913+0800] {processor.py:829} INFO - Processing file /opt/homebrew/lib/python3.11/site-packages/airflow/example_dags/example_trigger_target_dag.py for tasks to queue
[2023-09-14T10:55:06.913+0800] {logging_mixin.py:151} INFO - [2023-09-14T10:55:06.913+0800] {dagbag.py:539} INFO - Filling up the DagBag from /opt/homebrew/lib/python3.11/site-packages/airflow/example_dags/example_trigger_target_dag.py
[2023-09-14T10:55:06.945+0800] {processor.py:839} INFO - DAG(s) dict_keys(['example_trigger_target_dag']) retrieved from /opt/homebrew/lib/python3.11/site-packages/airflow/example_dags/example_trigger_target_dag.py
[2023-09-14T10:55:07.037+0800] {logging_mixin.py:151} INFO - [2023-09-14T10:55:07.037+0800] {dag.py:2915} INFO - Sync 1 DAGs
[2023-09-14T10:55:07.042+0800] {logging_mixin.py:151} INFO - [2023-09-14T10:55:07.042+0800] {dag.py:3696} INFO - Setting next_dagrun for example_trigger_target_dag to None, run_after=None
[2023-09-14T10:55:07.052+0800] {processor.py:179} INFO - Processing /opt/homebrew/lib/python3.11/site-packages/airflow/example_dags/example_trigger_target_dag.py took 0.141 seconds
[2023-09-14T10:55:57.240+0800] {processor.py:157} INFO - Started process (PID=69731) to work on /opt/homebrew/lib/python3.11/site-packages/airflow/example_dags/example_trigger_target_dag.py
[2023-09-14T10:55:57.241+0800] {processor.py:829} INFO - Processing file /opt/homebrew/lib/python3.11/site-packages/airflow/example_dags/example_trigger_target_dag.py for tasks to queue
[2023-09-14T10:55:57.241+0800] {logging_mixin.py:151} INFO - [2023-09-14T10:55:57.241+0800] {dagbag.py:539} INFO - Filling up the DagBag from /opt/homebrew/lib/python3.11/site-packages/airflow/example_dags/example_trigger_target_dag.py
[2023-09-14T10:55:57.272+0800] {processor.py:839} INFO - DAG(s) dict_keys(['example_trigger_target_dag']) retrieved from /opt/homebrew/lib/python3.11/site-packages/airflow/example_dags/example_trigger_target_dag.py
[2023-09-14T10:55:57.364+0800] {logging_mixin.py:151} INFO - [2023-09-14T10:55:57.364+0800] {dag.py:2915} INFO - Sync 1 DAGs
[2023-09-14T10:55:57.369+0800] {logging_mixin.py:151} INFO - [2023-09-14T10:55:57.369+0800] {dag.py:3696} INFO - Setting next_dagrun for example_trigger_target_dag to None, run_after=None
[2023-09-14T10:55:57.380+0800] {processor.py:179} INFO - Processing /opt/homebrew/lib/python3.11/site-packages/airflow/example_dags/example_trigger_target_dag.py took 0.140 seconds
[2023-09-14T10:56:50.919+0800] {processor.py:157} INFO - Started process (PID=69826) to work on /opt/homebrew/lib/python3.11/site-packages/airflow/example_dags/example_trigger_target_dag.py
[2023-09-14T10:56:50.920+0800] {processor.py:829} INFO - Processing file /opt/homebrew/lib/python3.11/site-packages/airflow/example_dags/example_trigger_target_dag.py for tasks to queue
[2023-09-14T10:56:50.920+0800] {logging_mixin.py:151} INFO - [2023-09-14T10:56:50.920+0800] {dagbag.py:539} INFO - Filling up the DagBag from /opt/homebrew/lib/python3.11/site-packages/airflow/example_dags/example_trigger_target_dag.py
[2023-09-14T10:56:50.951+0800] {processor.py:839} INFO - DAG(s) dict_keys(['example_trigger_target_dag']) retrieved from /opt/homebrew/lib/python3.11/site-packages/airflow/example_dags/example_trigger_target_dag.py
[2023-09-14T10:56:51.043+0800] {logging_mixin.py:151} INFO - [2023-09-14T10:56:51.043+0800] {dag.py:2915} INFO - Sync 1 DAGs
[2023-09-14T10:56:51.048+0800] {logging_mixin.py:151} INFO - [2023-09-14T10:56:51.048+0800] {dag.py:3696} INFO - Setting next_dagrun for example_trigger_target_dag to None, run_after=None
[2023-09-14T10:56:51.058+0800] {processor.py:179} INFO - Processing /opt/homebrew/lib/python3.11/site-packages/airflow/example_dags/example_trigger_target_dag.py took 0.139 seconds
[2023-09-14T10:57:40.424+0800] {processor.py:157} INFO - Started process (PID=69920) to work on /opt/homebrew/lib/python3.11/site-packages/airflow/example_dags/example_trigger_target_dag.py
[2023-09-14T10:57:40.424+0800] {processor.py:829} INFO - Processing file /opt/homebrew/lib/python3.11/site-packages/airflow/example_dags/example_trigger_target_dag.py for tasks to queue
[2023-09-14T10:57:40.424+0800] {logging_mixin.py:151} INFO - [2023-09-14T10:57:40.424+0800] {dagbag.py:539} INFO - Filling up the DagBag from /opt/homebrew/lib/python3.11/site-packages/airflow/example_dags/example_trigger_target_dag.py
[2023-09-14T10:57:40.456+0800] {processor.py:839} INFO - DAG(s) dict_keys(['example_trigger_target_dag']) retrieved from /opt/homebrew/lib/python3.11/site-packages/airflow/example_dags/example_trigger_target_dag.py
[2023-09-14T10:57:40.548+0800] {logging_mixin.py:151} INFO - [2023-09-14T10:57:40.547+0800] {dag.py:2915} INFO - Sync 1 DAGs
[2023-09-14T10:57:40.552+0800] {logging_mixin.py:151} INFO - [2023-09-14T10:57:40.552+0800] {dag.py:3696} INFO - Setting next_dagrun for example_trigger_target_dag to None, run_after=None
[2023-09-14T10:57:40.563+0800] {processor.py:179} INFO - Processing /opt/homebrew/lib/python3.11/site-packages/airflow/example_dags/example_trigger_target_dag.py took 0.139 seconds
[2023-09-14T10:59:18.918+0800] {processor.py:157} INFO - Started process (PID=70096) to work on /opt/homebrew/lib/python3.11/site-packages/airflow/example_dags/example_trigger_target_dag.py
[2023-09-14T10:59:18.918+0800] {processor.py:829} INFO - Processing file /opt/homebrew/lib/python3.11/site-packages/airflow/example_dags/example_trigger_target_dag.py for tasks to queue
[2023-09-14T10:59:18.918+0800] {logging_mixin.py:151} INFO - [2023-09-14T10:59:18.918+0800] {dagbag.py:539} INFO - Filling up the DagBag from /opt/homebrew/lib/python3.11/site-packages/airflow/example_dags/example_trigger_target_dag.py
[2023-09-14T10:59:18.949+0800] {processor.py:839} INFO - DAG(s) dict_keys(['example_trigger_target_dag']) retrieved from /opt/homebrew/lib/python3.11/site-packages/airflow/example_dags/example_trigger_target_dag.py
[2023-09-14T10:59:19.042+0800] {logging_mixin.py:151} INFO - [2023-09-14T10:59:19.042+0800] {dag.py:2915} INFO - Sync 1 DAGs
[2023-09-14T10:59:19.046+0800] {logging_mixin.py:151} INFO - [2023-09-14T10:59:19.046+0800] {dag.py:3696} INFO - Setting next_dagrun for example_trigger_target_dag to None, run_after=None
[2023-09-14T10:59:19.057+0800] {processor.py:179} INFO - Processing /opt/homebrew/lib/python3.11/site-packages/airflow/example_dags/example_trigger_target_dag.py took 0.139 seconds
[2023-09-14T11:00:11.102+0800] {processor.py:157} INFO - Started process (PID=70196) to work on /opt/homebrew/lib/python3.11/site-packages/airflow/example_dags/example_trigger_target_dag.py
[2023-09-14T11:00:11.102+0800] {processor.py:829} INFO - Processing file /opt/homebrew/lib/python3.11/site-packages/airflow/example_dags/example_trigger_target_dag.py for tasks to queue
[2023-09-14T11:00:11.102+0800] {logging_mixin.py:151} INFO - [2023-09-14T11:00:11.102+0800] {dagbag.py:539} INFO - Filling up the DagBag from /opt/homebrew/lib/python3.11/site-packages/airflow/example_dags/example_trigger_target_dag.py
[2023-09-14T11:00:11.133+0800] {processor.py:839} INFO - DAG(s) dict_keys(['example_trigger_target_dag']) retrieved from /opt/homebrew/lib/python3.11/site-packages/airflow/example_dags/example_trigger_target_dag.py
[2023-09-14T11:00:11.226+0800] {logging_mixin.py:151} INFO - [2023-09-14T11:00:11.226+0800] {dag.py:2915} INFO - Sync 1 DAGs
[2023-09-14T11:00:11.230+0800] {logging_mixin.py:151} INFO - [2023-09-14T11:00:11.230+0800] {dag.py:3696} INFO - Setting next_dagrun for example_trigger_target_dag to None, run_after=None
[2023-09-14T11:00:11.241+0800] {processor.py:179} INFO - Processing /opt/homebrew/lib/python3.11/site-packages/airflow/example_dags/example_trigger_target_dag.py took 0.139 seconds
[2023-09-14T11:01:04.343+0800] {processor.py:157} INFO - Started process (PID=70289) to work on /opt/homebrew/lib/python3.11/site-packages/airflow/example_dags/example_trigger_target_dag.py
[2023-09-14T11:01:04.344+0800] {processor.py:829} INFO - Processing file /opt/homebrew/lib/python3.11/site-packages/airflow/example_dags/example_trigger_target_dag.py for tasks to queue
[2023-09-14T11:01:04.344+0800] {logging_mixin.py:151} INFO - [2023-09-14T11:01:04.344+0800] {dagbag.py:539} INFO - Filling up the DagBag from /opt/homebrew/lib/python3.11/site-packages/airflow/example_dags/example_trigger_target_dag.py
[2023-09-14T11:01:04.375+0800] {processor.py:839} INFO - DAG(s) dict_keys(['example_trigger_target_dag']) retrieved from /opt/homebrew/lib/python3.11/site-packages/airflow/example_dags/example_trigger_target_dag.py
[2023-09-14T11:01:04.468+0800] {logging_mixin.py:151} INFO - [2023-09-14T11:01:04.467+0800] {dag.py:2915} INFO - Sync 1 DAGs
[2023-09-14T11:01:04.472+0800] {logging_mixin.py:151} INFO - [2023-09-14T11:01:04.472+0800] {dag.py:3696} INFO - Setting next_dagrun for example_trigger_target_dag to None, run_after=None
[2023-09-14T11:01:04.482+0800] {processor.py:179} INFO - Processing /opt/homebrew/lib/python3.11/site-packages/airflow/example_dags/example_trigger_target_dag.py took 0.140 seconds
[2023-09-14T11:01:56.860+0800] {processor.py:157} INFO - Started process (PID=70383) to work on /opt/homebrew/lib/python3.11/site-packages/airflow/example_dags/example_trigger_target_dag.py
[2023-09-14T11:01:56.861+0800] {processor.py:829} INFO - Processing file /opt/homebrew/lib/python3.11/site-packages/airflow/example_dags/example_trigger_target_dag.py for tasks to queue
[2023-09-14T11:01:56.861+0800] {logging_mixin.py:151} INFO - [2023-09-14T11:01:56.861+0800] {dagbag.py:539} INFO - Filling up the DagBag from /opt/homebrew/lib/python3.11/site-packages/airflow/example_dags/example_trigger_target_dag.py
[2023-09-14T11:01:56.892+0800] {processor.py:839} INFO - DAG(s) dict_keys(['example_trigger_target_dag']) retrieved from /opt/homebrew/lib/python3.11/site-packages/airflow/example_dags/example_trigger_target_dag.py
[2023-09-14T11:01:56.984+0800] {logging_mixin.py:151} INFO - [2023-09-14T11:01:56.984+0800] {dag.py:2915} INFO - Sync 1 DAGs
[2023-09-14T11:01:56.988+0800] {logging_mixin.py:151} INFO - [2023-09-14T11:01:56.988+0800] {dag.py:3696} INFO - Setting next_dagrun for example_trigger_target_dag to None, run_after=None
[2023-09-14T11:01:56.999+0800] {processor.py:179} INFO - Processing /opt/homebrew/lib/python3.11/site-packages/airflow/example_dags/example_trigger_target_dag.py took 0.139 seconds
[2023-09-14T11:02:48.188+0800] {processor.py:157} INFO - Started process (PID=70475) to work on /opt/homebrew/lib/python3.11/site-packages/airflow/example_dags/example_trigger_target_dag.py
[2023-09-14T11:02:48.189+0800] {processor.py:829} INFO - Processing file /opt/homebrew/lib/python3.11/site-packages/airflow/example_dags/example_trigger_target_dag.py for tasks to queue
[2023-09-14T11:02:48.189+0800] {logging_mixin.py:151} INFO - [2023-09-14T11:02:48.189+0800] {dagbag.py:539} INFO - Filling up the DagBag from /opt/homebrew/lib/python3.11/site-packages/airflow/example_dags/example_trigger_target_dag.py
[2023-09-14T11:02:48.220+0800] {processor.py:839} INFO - DAG(s) dict_keys(['example_trigger_target_dag']) retrieved from /opt/homebrew/lib/python3.11/site-packages/airflow/example_dags/example_trigger_target_dag.py
[2023-09-14T11:02:48.314+0800] {logging_mixin.py:151} INFO - [2023-09-14T11:02:48.314+0800] {dag.py:2915} INFO - Sync 1 DAGs
[2023-09-14T11:02:48.318+0800] {logging_mixin.py:151} INFO - [2023-09-14T11:02:48.318+0800] {dag.py:3696} INFO - Setting next_dagrun for example_trigger_target_dag to None, run_after=None
[2023-09-14T11:02:48.329+0800] {processor.py:179} INFO - Processing /opt/homebrew/lib/python3.11/site-packages/airflow/example_dags/example_trigger_target_dag.py took 0.141 seconds
[2023-09-14T11:03:38.414+0800] {processor.py:157} INFO - Started process (PID=70564) to work on /opt/homebrew/lib/python3.11/site-packages/airflow/example_dags/example_trigger_target_dag.py
[2023-09-14T11:03:38.415+0800] {processor.py:829} INFO - Processing file /opt/homebrew/lib/python3.11/site-packages/airflow/example_dags/example_trigger_target_dag.py for tasks to queue
[2023-09-14T11:03:38.415+0800] {logging_mixin.py:151} INFO - [2023-09-14T11:03:38.415+0800] {dagbag.py:539} INFO - Filling up the DagBag from /opt/homebrew/lib/python3.11/site-packages/airflow/example_dags/example_trigger_target_dag.py
[2023-09-14T11:03:38.446+0800] {processor.py:839} INFO - DAG(s) dict_keys(['example_trigger_target_dag']) retrieved from /opt/homebrew/lib/python3.11/site-packages/airflow/example_dags/example_trigger_target_dag.py
[2023-09-14T11:03:38.538+0800] {logging_mixin.py:151} INFO - [2023-09-14T11:03:38.538+0800] {dag.py:2915} INFO - Sync 1 DAGs
[2023-09-14T11:03:38.543+0800] {logging_mixin.py:151} INFO - [2023-09-14T11:03:38.543+0800] {dag.py:3696} INFO - Setting next_dagrun for example_trigger_target_dag to None, run_after=None
[2023-09-14T11:03:38.553+0800] {processor.py:179} INFO - Processing /opt/homebrew/lib/python3.11/site-packages/airflow/example_dags/example_trigger_target_dag.py took 0.139 seconds
[2023-09-14T11:04:29.828+0800] {processor.py:157} INFO - Started process (PID=70656) to work on /opt/homebrew/lib/python3.11/site-packages/airflow/example_dags/example_trigger_target_dag.py
[2023-09-14T11:04:29.828+0800] {processor.py:829} INFO - Processing file /opt/homebrew/lib/python3.11/site-packages/airflow/example_dags/example_trigger_target_dag.py for tasks to queue
[2023-09-14T11:04:29.829+0800] {logging_mixin.py:151} INFO - [2023-09-14T11:04:29.828+0800] {dagbag.py:539} INFO - Filling up the DagBag from /opt/homebrew/lib/python3.11/site-packages/airflow/example_dags/example_trigger_target_dag.py
[2023-09-14T11:04:29.859+0800] {processor.py:839} INFO - DAG(s) dict_keys(['example_trigger_target_dag']) retrieved from /opt/homebrew/lib/python3.11/site-packages/airflow/example_dags/example_trigger_target_dag.py
[2023-09-14T11:04:29.956+0800] {logging_mixin.py:151} INFO - [2023-09-14T11:04:29.956+0800] {dag.py:2915} INFO - Sync 1 DAGs
[2023-09-14T11:04:29.961+0800] {logging_mixin.py:151} INFO - [2023-09-14T11:04:29.961+0800] {dag.py:3696} INFO - Setting next_dagrun for example_trigger_target_dag to None, run_after=None
[2023-09-14T11:04:29.971+0800] {processor.py:179} INFO - Processing /opt/homebrew/lib/python3.11/site-packages/airflow/example_dags/example_trigger_target_dag.py took 0.144 seconds
[2023-09-14T11:05:23.901+0800] {processor.py:157} INFO - Started process (PID=70776) to work on /opt/homebrew/lib/python3.11/site-packages/airflow/example_dags/example_trigger_target_dag.py
[2023-09-14T11:05:23.902+0800] {processor.py:829} INFO - Processing file /opt/homebrew/lib/python3.11/site-packages/airflow/example_dags/example_trigger_target_dag.py for tasks to queue
[2023-09-14T11:05:23.902+0800] {logging_mixin.py:151} INFO - [2023-09-14T11:05:23.902+0800] {dagbag.py:539} INFO - Filling up the DagBag from /opt/homebrew/lib/python3.11/site-packages/airflow/example_dags/example_trigger_target_dag.py
[2023-09-14T11:05:23.933+0800] {processor.py:839} INFO - DAG(s) dict_keys(['example_trigger_target_dag']) retrieved from /opt/homebrew/lib/python3.11/site-packages/airflow/example_dags/example_trigger_target_dag.py
[2023-09-14T11:05:24.025+0800] {logging_mixin.py:151} INFO - [2023-09-14T11:05:24.025+0800] {dag.py:2915} INFO - Sync 1 DAGs
[2023-09-14T11:05:24.029+0800] {logging_mixin.py:151} INFO - [2023-09-14T11:05:24.029+0800] {dag.py:3696} INFO - Setting next_dagrun for example_trigger_target_dag to None, run_after=None
[2023-09-14T11:05:24.040+0800] {processor.py:179} INFO - Processing /opt/homebrew/lib/python3.11/site-packages/airflow/example_dags/example_trigger_target_dag.py took 0.139 seconds
[2023-09-14T11:06:17.453+0800] {processor.py:157} INFO - Started process (PID=70871) to work on /opt/homebrew/lib/python3.11/site-packages/airflow/example_dags/example_trigger_target_dag.py
[2023-09-14T11:06:17.454+0800] {processor.py:829} INFO - Processing file /opt/homebrew/lib/python3.11/site-packages/airflow/example_dags/example_trigger_target_dag.py for tasks to queue
[2023-09-14T11:06:17.454+0800] {logging_mixin.py:151} INFO - [2023-09-14T11:06:17.454+0800] {dagbag.py:539} INFO - Filling up the DagBag from /opt/homebrew/lib/python3.11/site-packages/airflow/example_dags/example_trigger_target_dag.py
[2023-09-14T11:06:17.485+0800] {processor.py:839} INFO - DAG(s) dict_keys(['example_trigger_target_dag']) retrieved from /opt/homebrew/lib/python3.11/site-packages/airflow/example_dags/example_trigger_target_dag.py
[2023-09-14T11:06:17.577+0800] {logging_mixin.py:151} INFO - [2023-09-14T11:06:17.577+0800] {dag.py:2915} INFO - Sync 1 DAGs
[2023-09-14T11:06:17.582+0800] {logging_mixin.py:151} INFO - [2023-09-14T11:06:17.582+0800] {dag.py:3696} INFO - Setting next_dagrun for example_trigger_target_dag to None, run_after=None
[2023-09-14T11:06:17.592+0800] {processor.py:179} INFO - Processing /opt/homebrew/lib/python3.11/site-packages/airflow/example_dags/example_trigger_target_dag.py took 0.139 seconds
[2023-09-14T11:07:08.222+0800] {processor.py:157} INFO - Started process (PID=70962) to work on /opt/homebrew/lib/python3.11/site-packages/airflow/example_dags/example_trigger_target_dag.py
[2023-09-14T11:07:08.222+0800] {processor.py:829} INFO - Processing file /opt/homebrew/lib/python3.11/site-packages/airflow/example_dags/example_trigger_target_dag.py for tasks to queue
[2023-09-14T11:07:08.222+0800] {logging_mixin.py:151} INFO - [2023-09-14T11:07:08.222+0800] {dagbag.py:539} INFO - Filling up the DagBag from /opt/homebrew/lib/python3.11/site-packages/airflow/example_dags/example_trigger_target_dag.py
[2023-09-14T11:07:08.253+0800] {processor.py:839} INFO - DAG(s) dict_keys(['example_trigger_target_dag']) retrieved from /opt/homebrew/lib/python3.11/site-packages/airflow/example_dags/example_trigger_target_dag.py
[2023-09-14T11:07:08.346+0800] {logging_mixin.py:151} INFO - [2023-09-14T11:07:08.345+0800] {dag.py:2915} INFO - Sync 1 DAGs
[2023-09-14T11:07:08.350+0800] {logging_mixin.py:151} INFO - [2023-09-14T11:07:08.350+0800] {dag.py:3696} INFO - Setting next_dagrun for example_trigger_target_dag to None, run_after=None
[2023-09-14T11:07:08.360+0800] {processor.py:179} INFO - Processing /opt/homebrew/lib/python3.11/site-packages/airflow/example_dags/example_trigger_target_dag.py took 0.139 seconds
[2023-09-14T11:08:49.124+0800] {processor.py:157} INFO - Started process (PID=71152) to work on /opt/homebrew/lib/python3.11/site-packages/airflow/example_dags/example_trigger_target_dag.py
[2023-09-14T11:08:49.126+0800] {processor.py:829} INFO - Processing file /opt/homebrew/lib/python3.11/site-packages/airflow/example_dags/example_trigger_target_dag.py for tasks to queue
[2023-09-14T11:08:49.126+0800] {logging_mixin.py:151} INFO - [2023-09-14T11:08:49.126+0800] {dagbag.py:539} INFO - Filling up the DagBag from /opt/homebrew/lib/python3.11/site-packages/airflow/example_dags/example_trigger_target_dag.py
[2023-09-14T11:08:49.158+0800] {processor.py:839} INFO - DAG(s) dict_keys(['example_trigger_target_dag']) retrieved from /opt/homebrew/lib/python3.11/site-packages/airflow/example_dags/example_trigger_target_dag.py
[2023-09-14T11:08:49.253+0800] {logging_mixin.py:151} INFO - [2023-09-14T11:08:49.253+0800] {dag.py:2915} INFO - Sync 1 DAGs
[2023-09-14T11:08:49.258+0800] {logging_mixin.py:151} INFO - [2023-09-14T11:08:49.258+0800] {dag.py:3696} INFO - Setting next_dagrun for example_trigger_target_dag to None, run_after=None
[2023-09-14T11:08:49.268+0800] {processor.py:179} INFO - Processing /opt/homebrew/lib/python3.11/site-packages/airflow/example_dags/example_trigger_target_dag.py took 0.144 seconds
[2023-09-14T11:23:57.308+0800] {processor.py:157} INFO - Started process (PID=71280) to work on /opt/homebrew/lib/python3.11/site-packages/airflow/example_dags/example_trigger_target_dag.py
[2023-09-14T11:23:57.309+0800] {processor.py:829} INFO - Processing file /opt/homebrew/lib/python3.11/site-packages/airflow/example_dags/example_trigger_target_dag.py for tasks to queue
[2023-09-14T11:23:57.309+0800] {logging_mixin.py:151} INFO - [2023-09-14T11:23:57.309+0800] {dagbag.py:539} INFO - Filling up the DagBag from /opt/homebrew/lib/python3.11/site-packages/airflow/example_dags/example_trigger_target_dag.py
[2023-09-14T11:23:57.340+0800] {processor.py:839} INFO - DAG(s) dict_keys(['example_trigger_target_dag']) retrieved from /opt/homebrew/lib/python3.11/site-packages/airflow/example_dags/example_trigger_target_dag.py
[2023-09-14T11:23:57.432+0800] {logging_mixin.py:151} INFO - [2023-09-14T11:23:57.432+0800] {dag.py:2915} INFO - Sync 1 DAGs
[2023-09-14T11:23:57.437+0800] {logging_mixin.py:151} INFO - [2023-09-14T11:23:57.437+0800] {dag.py:3696} INFO - Setting next_dagrun for example_trigger_target_dag to None, run_after=None
[2023-09-14T11:23:57.447+0800] {processor.py:179} INFO - Processing /opt/homebrew/lib/python3.11/site-packages/airflow/example_dags/example_trigger_target_dag.py took 0.139 seconds
[2023-09-14T11:25:01.173+0800] {processor.py:157} INFO - Started process (PID=71392) to work on /opt/homebrew/lib/python3.11/site-packages/airflow/example_dags/example_trigger_target_dag.py
[2023-09-14T11:25:01.174+0800] {processor.py:829} INFO - Processing file /opt/homebrew/lib/python3.11/site-packages/airflow/example_dags/example_trigger_target_dag.py for tasks to queue
[2023-09-14T11:25:01.174+0800] {logging_mixin.py:151} INFO - [2023-09-14T11:25:01.174+0800] {dagbag.py:539} INFO - Filling up the DagBag from /opt/homebrew/lib/python3.11/site-packages/airflow/example_dags/example_trigger_target_dag.py
[2023-09-14T11:25:01.205+0800] {processor.py:839} INFO - DAG(s) dict_keys(['example_trigger_target_dag']) retrieved from /opt/homebrew/lib/python3.11/site-packages/airflow/example_dags/example_trigger_target_dag.py
[2023-09-14T11:25:01.297+0800] {logging_mixin.py:151} INFO - [2023-09-14T11:25:01.297+0800] {dag.py:2915} INFO - Sync 1 DAGs
[2023-09-14T11:25:01.302+0800] {logging_mixin.py:151} INFO - [2023-09-14T11:25:01.302+0800] {dag.py:3696} INFO - Setting next_dagrun for example_trigger_target_dag to None, run_after=None
[2023-09-14T11:25:01.312+0800] {processor.py:179} INFO - Processing /opt/homebrew/lib/python3.11/site-packages/airflow/example_dags/example_trigger_target_dag.py took 0.139 seconds
[2023-09-14T11:25:57.512+0800] {processor.py:157} INFO - Started process (PID=71488) to work on /opt/homebrew/lib/python3.11/site-packages/airflow/example_dags/example_trigger_target_dag.py
[2023-09-14T11:25:57.513+0800] {processor.py:829} INFO - Processing file /opt/homebrew/lib/python3.11/site-packages/airflow/example_dags/example_trigger_target_dag.py for tasks to queue
[2023-09-14T11:25:57.513+0800] {logging_mixin.py:151} INFO - [2023-09-14T11:25:57.513+0800] {dagbag.py:539} INFO - Filling up the DagBag from /opt/homebrew/lib/python3.11/site-packages/airflow/example_dags/example_trigger_target_dag.py
[2023-09-14T11:25:57.544+0800] {processor.py:839} INFO - DAG(s) dict_keys(['example_trigger_target_dag']) retrieved from /opt/homebrew/lib/python3.11/site-packages/airflow/example_dags/example_trigger_target_dag.py
[2023-09-14T11:25:57.637+0800] {logging_mixin.py:151} INFO - [2023-09-14T11:25:57.637+0800] {dag.py:2915} INFO - Sync 1 DAGs
[2023-09-14T11:25:57.642+0800] {logging_mixin.py:151} INFO - [2023-09-14T11:25:57.642+0800] {dag.py:3696} INFO - Setting next_dagrun for example_trigger_target_dag to None, run_after=None
[2023-09-14T11:25:57.655+0800] {processor.py:179} INFO - Processing /opt/homebrew/lib/python3.11/site-packages/airflow/example_dags/example_trigger_target_dag.py took 0.143 seconds
[2023-09-14T11:26:48.938+0800] {processor.py:157} INFO - Started process (PID=71584) to work on /opt/homebrew/lib/python3.11/site-packages/airflow/example_dags/example_trigger_target_dag.py
[2023-09-14T11:26:48.938+0800] {processor.py:829} INFO - Processing file /opt/homebrew/lib/python3.11/site-packages/airflow/example_dags/example_trigger_target_dag.py for tasks to queue
[2023-09-14T11:26:48.939+0800] {logging_mixin.py:151} INFO - [2023-09-14T11:26:48.939+0800] {dagbag.py:539} INFO - Filling up the DagBag from /opt/homebrew/lib/python3.11/site-packages/airflow/example_dags/example_trigger_target_dag.py
[2023-09-14T11:26:48.970+0800] {processor.py:839} INFO - DAG(s) dict_keys(['example_trigger_target_dag']) retrieved from /opt/homebrew/lib/python3.11/site-packages/airflow/example_dags/example_trigger_target_dag.py
[2023-09-14T11:26:49.063+0800] {logging_mixin.py:151} INFO - [2023-09-14T11:26:49.063+0800] {dag.py:2915} INFO - Sync 1 DAGs
[2023-09-14T11:26:49.068+0800] {logging_mixin.py:151} INFO - [2023-09-14T11:26:49.067+0800] {dag.py:3696} INFO - Setting next_dagrun for example_trigger_target_dag to None, run_after=None
[2023-09-14T11:26:49.078+0800] {processor.py:179} INFO - Processing /opt/homebrew/lib/python3.11/site-packages/airflow/example_dags/example_trigger_target_dag.py took 0.140 seconds
[2023-09-14T11:27:40.049+0800] {processor.py:157} INFO - Started process (PID=71674) to work on /opt/homebrew/lib/python3.11/site-packages/airflow/example_dags/example_trigger_target_dag.py
[2023-09-14T11:27:40.050+0800] {processor.py:829} INFO - Processing file /opt/homebrew/lib/python3.11/site-packages/airflow/example_dags/example_trigger_target_dag.py for tasks to queue
[2023-09-14T11:27:40.050+0800] {logging_mixin.py:151} INFO - [2023-09-14T11:27:40.050+0800] {dagbag.py:539} INFO - Filling up the DagBag from /opt/homebrew/lib/python3.11/site-packages/airflow/example_dags/example_trigger_target_dag.py
[2023-09-14T11:27:40.081+0800] {processor.py:839} INFO - DAG(s) dict_keys(['example_trigger_target_dag']) retrieved from /opt/homebrew/lib/python3.11/site-packages/airflow/example_dags/example_trigger_target_dag.py
[2023-09-14T11:27:40.173+0800] {logging_mixin.py:151} INFO - [2023-09-14T11:27:40.173+0800] {dag.py:2915} INFO - Sync 1 DAGs
[2023-09-14T11:27:40.178+0800] {logging_mixin.py:151} INFO - [2023-09-14T11:27:40.178+0800] {dag.py:3696} INFO - Setting next_dagrun for example_trigger_target_dag to None, run_after=None
[2023-09-14T11:27:40.188+0800] {processor.py:179} INFO - Processing /opt/homebrew/lib/python3.11/site-packages/airflow/example_dags/example_trigger_target_dag.py took 0.140 seconds
[2023-09-14T11:28:32.575+0800] {processor.py:157} INFO - Started process (PID=71770) to work on /opt/homebrew/lib/python3.11/site-packages/airflow/example_dags/example_trigger_target_dag.py
[2023-09-14T11:28:32.576+0800] {processor.py:829} INFO - Processing file /opt/homebrew/lib/python3.11/site-packages/airflow/example_dags/example_trigger_target_dag.py for tasks to queue
[2023-09-14T11:28:32.576+0800] {logging_mixin.py:151} INFO - [2023-09-14T11:28:32.576+0800] {dagbag.py:539} INFO - Filling up the DagBag from /opt/homebrew/lib/python3.11/site-packages/airflow/example_dags/example_trigger_target_dag.py
[2023-09-14T11:28:32.607+0800] {processor.py:839} INFO - DAG(s) dict_keys(['example_trigger_target_dag']) retrieved from /opt/homebrew/lib/python3.11/site-packages/airflow/example_dags/example_trigger_target_dag.py
[2023-09-14T11:28:32.700+0800] {logging_mixin.py:151} INFO - [2023-09-14T11:28:32.699+0800] {dag.py:2915} INFO - Sync 1 DAGs
[2023-09-14T11:28:32.704+0800] {logging_mixin.py:151} INFO - [2023-09-14T11:28:32.704+0800] {dag.py:3696} INFO - Setting next_dagrun for example_trigger_target_dag to None, run_after=None
[2023-09-14T11:28:32.715+0800] {processor.py:179} INFO - Processing /opt/homebrew/lib/python3.11/site-packages/airflow/example_dags/example_trigger_target_dag.py took 0.140 seconds
[2023-09-14T11:29:24.154+0800] {processor.py:157} INFO - Started process (PID=71861) to work on /opt/homebrew/lib/python3.11/site-packages/airflow/example_dags/example_trigger_target_dag.py
[2023-09-14T11:29:24.155+0800] {processor.py:829} INFO - Processing file /opt/homebrew/lib/python3.11/site-packages/airflow/example_dags/example_trigger_target_dag.py for tasks to queue
[2023-09-14T11:29:24.155+0800] {logging_mixin.py:151} INFO - [2023-09-14T11:29:24.155+0800] {dagbag.py:539} INFO - Filling up the DagBag from /opt/homebrew/lib/python3.11/site-packages/airflow/example_dags/example_trigger_target_dag.py
[2023-09-14T11:29:24.186+0800] {processor.py:839} INFO - DAG(s) dict_keys(['example_trigger_target_dag']) retrieved from /opt/homebrew/lib/python3.11/site-packages/airflow/example_dags/example_trigger_target_dag.py
[2023-09-14T11:29:24.279+0800] {logging_mixin.py:151} INFO - [2023-09-14T11:29:24.278+0800] {dag.py:2915} INFO - Sync 1 DAGs
[2023-09-14T11:29:24.283+0800] {logging_mixin.py:151} INFO - [2023-09-14T11:29:24.283+0800] {dag.py:3696} INFO - Setting next_dagrun for example_trigger_target_dag to None, run_after=None
[2023-09-14T11:29:24.293+0800] {processor.py:179} INFO - Processing /opt/homebrew/lib/python3.11/site-packages/airflow/example_dags/example_trigger_target_dag.py took 0.139 seconds
[2023-09-14T11:31:04.733+0800] {processor.py:157} INFO - Started process (PID=72042) to work on /opt/homebrew/lib/python3.11/site-packages/airflow/example_dags/example_trigger_target_dag.py
[2023-09-14T11:31:04.733+0800] {processor.py:829} INFO - Processing file /opt/homebrew/lib/python3.11/site-packages/airflow/example_dags/example_trigger_target_dag.py for tasks to queue
[2023-09-14T11:31:04.733+0800] {logging_mixin.py:151} INFO - [2023-09-14T11:31:04.733+0800] {dagbag.py:539} INFO - Filling up the DagBag from /opt/homebrew/lib/python3.11/site-packages/airflow/example_dags/example_trigger_target_dag.py
[2023-09-14T11:31:04.764+0800] {processor.py:839} INFO - DAG(s) dict_keys(['example_trigger_target_dag']) retrieved from /opt/homebrew/lib/python3.11/site-packages/airflow/example_dags/example_trigger_target_dag.py
[2023-09-14T11:31:04.856+0800] {logging_mixin.py:151} INFO - [2023-09-14T11:31:04.856+0800] {dag.py:2915} INFO - Sync 1 DAGs
[2023-09-14T11:31:04.861+0800] {logging_mixin.py:151} INFO - [2023-09-14T11:31:04.861+0800] {dag.py:3696} INFO - Setting next_dagrun for example_trigger_target_dag to None, run_after=None
[2023-09-14T11:31:04.871+0800] {processor.py:179} INFO - Processing /opt/homebrew/lib/python3.11/site-packages/airflow/example_dags/example_trigger_target_dag.py took 0.139 seconds
[2023-09-14T11:31:57.486+0800] {processor.py:157} INFO - Started process (PID=72136) to work on /opt/homebrew/lib/python3.11/site-packages/airflow/example_dags/example_trigger_target_dag.py
[2023-09-14T11:31:57.486+0800] {processor.py:829} INFO - Processing file /opt/homebrew/lib/python3.11/site-packages/airflow/example_dags/example_trigger_target_dag.py for tasks to queue
[2023-09-14T11:31:57.487+0800] {logging_mixin.py:151} INFO - [2023-09-14T11:31:57.486+0800] {dagbag.py:539} INFO - Filling up the DagBag from /opt/homebrew/lib/python3.11/site-packages/airflow/example_dags/example_trigger_target_dag.py
[2023-09-14T11:31:57.518+0800] {processor.py:839} INFO - DAG(s) dict_keys(['example_trigger_target_dag']) retrieved from /opt/homebrew/lib/python3.11/site-packages/airflow/example_dags/example_trigger_target_dag.py
[2023-09-14T11:31:57.610+0800] {logging_mixin.py:151} INFO - [2023-09-14T11:31:57.610+0800] {dag.py:2915} INFO - Sync 1 DAGs
[2023-09-14T11:31:57.615+0800] {logging_mixin.py:151} INFO - [2023-09-14T11:31:57.615+0800] {dag.py:3696} INFO - Setting next_dagrun for example_trigger_target_dag to None, run_after=None
[2023-09-14T11:31:57.625+0800] {processor.py:179} INFO - Processing /opt/homebrew/lib/python3.11/site-packages/airflow/example_dags/example_trigger_target_dag.py took 0.139 seconds
[2023-09-14T11:32:52.746+0800] {processor.py:157} INFO - Started process (PID=72236) to work on /opt/homebrew/lib/python3.11/site-packages/airflow/example_dags/example_trigger_target_dag.py
[2023-09-14T11:32:52.747+0800] {processor.py:829} INFO - Processing file /opt/homebrew/lib/python3.11/site-packages/airflow/example_dags/example_trigger_target_dag.py for tasks to queue
[2023-09-14T11:32:52.747+0800] {logging_mixin.py:151} INFO - [2023-09-14T11:32:52.747+0800] {dagbag.py:539} INFO - Filling up the DagBag from /opt/homebrew/lib/python3.11/site-packages/airflow/example_dags/example_trigger_target_dag.py
[2023-09-14T11:32:52.778+0800] {processor.py:839} INFO - DAG(s) dict_keys(['example_trigger_target_dag']) retrieved from /opt/homebrew/lib/python3.11/site-packages/airflow/example_dags/example_trigger_target_dag.py
[2023-09-14T11:32:52.870+0800] {logging_mixin.py:151} INFO - [2023-09-14T11:32:52.870+0800] {dag.py:2915} INFO - Sync 1 DAGs
[2023-09-14T11:32:52.875+0800] {logging_mixin.py:151} INFO - [2023-09-14T11:32:52.875+0800] {dag.py:3696} INFO - Setting next_dagrun for example_trigger_target_dag to None, run_after=None
[2023-09-14T11:32:52.885+0800] {processor.py:179} INFO - Processing /opt/homebrew/lib/python3.11/site-packages/airflow/example_dags/example_trigger_target_dag.py took 0.140 seconds
[2023-09-14T11:33:46.098+0800] {processor.py:157} INFO - Started process (PID=72333) to work on /opt/homebrew/lib/python3.11/site-packages/airflow/example_dags/example_trigger_target_dag.py
[2023-09-14T11:33:46.098+0800] {processor.py:829} INFO - Processing file /opt/homebrew/lib/python3.11/site-packages/airflow/example_dags/example_trigger_target_dag.py for tasks to queue
[2023-09-14T11:33:46.098+0800] {logging_mixin.py:151} INFO - [2023-09-14T11:33:46.098+0800] {dagbag.py:539} INFO - Filling up the DagBag from /opt/homebrew/lib/python3.11/site-packages/airflow/example_dags/example_trigger_target_dag.py
[2023-09-14T11:33:46.129+0800] {processor.py:839} INFO - DAG(s) dict_keys(['example_trigger_target_dag']) retrieved from /opt/homebrew/lib/python3.11/site-packages/airflow/example_dags/example_trigger_target_dag.py
[2023-09-14T11:33:46.221+0800] {logging_mixin.py:151} INFO - [2023-09-14T11:33:46.221+0800] {dag.py:2915} INFO - Sync 1 DAGs
[2023-09-14T11:33:46.226+0800] {logging_mixin.py:151} INFO - [2023-09-14T11:33:46.226+0800] {dag.py:3696} INFO - Setting next_dagrun for example_trigger_target_dag to None, run_after=None
[2023-09-14T11:33:46.236+0800] {processor.py:179} INFO - Processing /opt/homebrew/lib/python3.11/site-packages/airflow/example_dags/example_trigger_target_dag.py took 0.139 seconds
[2023-09-14T11:34:39.077+0800] {processor.py:157} INFO - Started process (PID=72429) to work on /opt/homebrew/lib/python3.11/site-packages/airflow/example_dags/example_trigger_target_dag.py
[2023-09-14T11:34:39.078+0800] {processor.py:829} INFO - Processing file /opt/homebrew/lib/python3.11/site-packages/airflow/example_dags/example_trigger_target_dag.py for tasks to queue
[2023-09-14T11:34:39.078+0800] {logging_mixin.py:151} INFO - [2023-09-14T11:34:39.078+0800] {dagbag.py:539} INFO - Filling up the DagBag from /opt/homebrew/lib/python3.11/site-packages/airflow/example_dags/example_trigger_target_dag.py
[2023-09-14T11:34:39.109+0800] {processor.py:839} INFO - DAG(s) dict_keys(['example_trigger_target_dag']) retrieved from /opt/homebrew/lib/python3.11/site-packages/airflow/example_dags/example_trigger_target_dag.py
[2023-09-14T11:34:39.202+0800] {logging_mixin.py:151} INFO - [2023-09-14T11:34:39.202+0800] {dag.py:2915} INFO - Sync 1 DAGs
[2023-09-14T11:34:39.206+0800] {logging_mixin.py:151} INFO - [2023-09-14T11:34:39.206+0800] {dag.py:3696} INFO - Setting next_dagrun for example_trigger_target_dag to None, run_after=None
[2023-09-14T11:34:39.216+0800] {processor.py:179} INFO - Processing /opt/homebrew/lib/python3.11/site-packages/airflow/example_dags/example_trigger_target_dag.py took 0.140 seconds
[2023-09-14T11:35:33.548+0800] {processor.py:157} INFO - Started process (PID=72523) to work on /opt/homebrew/lib/python3.11/site-packages/airflow/example_dags/example_trigger_target_dag.py
[2023-09-14T11:35:33.548+0800] {processor.py:829} INFO - Processing file /opt/homebrew/lib/python3.11/site-packages/airflow/example_dags/example_trigger_target_dag.py for tasks to queue
[2023-09-14T11:35:33.549+0800] {logging_mixin.py:151} INFO - [2023-09-14T11:35:33.549+0800] {dagbag.py:539} INFO - Filling up the DagBag from /opt/homebrew/lib/python3.11/site-packages/airflow/example_dags/example_trigger_target_dag.py
[2023-09-14T11:35:33.580+0800] {processor.py:839} INFO - DAG(s) dict_keys(['example_trigger_target_dag']) retrieved from /opt/homebrew/lib/python3.11/site-packages/airflow/example_dags/example_trigger_target_dag.py
[2023-09-14T11:35:33.673+0800] {logging_mixin.py:151} INFO - [2023-09-14T11:35:33.673+0800] {dag.py:2915} INFO - Sync 1 DAGs
[2023-09-14T11:35:33.678+0800] {logging_mixin.py:151} INFO - [2023-09-14T11:35:33.678+0800] {dag.py:3696} INFO - Setting next_dagrun for example_trigger_target_dag to None, run_after=None
[2023-09-14T11:35:33.688+0800] {processor.py:179} INFO - Processing /opt/homebrew/lib/python3.11/site-packages/airflow/example_dags/example_trigger_target_dag.py took 0.141 seconds
[2023-09-14T11:36:28.918+0800] {processor.py:157} INFO - Started process (PID=72620) to work on /opt/homebrew/lib/python3.11/site-packages/airflow/example_dags/example_trigger_target_dag.py
[2023-09-14T11:36:28.919+0800] {processor.py:829} INFO - Processing file /opt/homebrew/lib/python3.11/site-packages/airflow/example_dags/example_trigger_target_dag.py for tasks to queue
[2023-09-14T11:36:28.919+0800] {logging_mixin.py:151} INFO - [2023-09-14T11:36:28.919+0800] {dagbag.py:539} INFO - Filling up the DagBag from /opt/homebrew/lib/python3.11/site-packages/airflow/example_dags/example_trigger_target_dag.py
[2023-09-14T11:36:28.950+0800] {processor.py:839} INFO - DAG(s) dict_keys(['example_trigger_target_dag']) retrieved from /opt/homebrew/lib/python3.11/site-packages/airflow/example_dags/example_trigger_target_dag.py
[2023-09-14T11:36:29.042+0800] {logging_mixin.py:151} INFO - [2023-09-14T11:36:29.042+0800] {dag.py:2915} INFO - Sync 1 DAGs
[2023-09-14T11:36:29.047+0800] {logging_mixin.py:151} INFO - [2023-09-14T11:36:29.047+0800] {dag.py:3696} INFO - Setting next_dagrun for example_trigger_target_dag to None, run_after=None
[2023-09-14T11:36:29.057+0800] {processor.py:179} INFO - Processing /opt/homebrew/lib/python3.11/site-packages/airflow/example_dags/example_trigger_target_dag.py took 0.139 seconds
[2023-09-14T11:37:21.019+0800] {processor.py:157} INFO - Started process (PID=72714) to work on /opt/homebrew/lib/python3.11/site-packages/airflow/example_dags/example_trigger_target_dag.py
[2023-09-14T11:37:21.020+0800] {processor.py:829} INFO - Processing file /opt/homebrew/lib/python3.11/site-packages/airflow/example_dags/example_trigger_target_dag.py for tasks to queue
[2023-09-14T11:37:21.020+0800] {logging_mixin.py:151} INFO - [2023-09-14T11:37:21.020+0800] {dagbag.py:539} INFO - Filling up the DagBag from /opt/homebrew/lib/python3.11/site-packages/airflow/example_dags/example_trigger_target_dag.py
[2023-09-14T11:37:21.051+0800] {processor.py:839} INFO - DAG(s) dict_keys(['example_trigger_target_dag']) retrieved from /opt/homebrew/lib/python3.11/site-packages/airflow/example_dags/example_trigger_target_dag.py
[2023-09-14T11:37:21.144+0800] {logging_mixin.py:151} INFO - [2023-09-14T11:37:21.144+0800] {dag.py:2915} INFO - Sync 1 DAGs
[2023-09-14T11:37:21.149+0800] {logging_mixin.py:151} INFO - [2023-09-14T11:37:21.148+0800] {dag.py:3696} INFO - Setting next_dagrun for example_trigger_target_dag to None, run_after=None
[2023-09-14T11:37:21.159+0800] {processor.py:179} INFO - Processing /opt/homebrew/lib/python3.11/site-packages/airflow/example_dags/example_trigger_target_dag.py took 0.140 seconds
[2023-09-14T11:38:12.384+0800] {processor.py:157} INFO - Started process (PID=72804) to work on /opt/homebrew/lib/python3.11/site-packages/airflow/example_dags/example_trigger_target_dag.py
[2023-09-14T11:38:12.384+0800] {processor.py:829} INFO - Processing file /opt/homebrew/lib/python3.11/site-packages/airflow/example_dags/example_trigger_target_dag.py for tasks to queue
[2023-09-14T11:38:12.385+0800] {logging_mixin.py:151} INFO - [2023-09-14T11:38:12.385+0800] {dagbag.py:539} INFO - Filling up the DagBag from /opt/homebrew/lib/python3.11/site-packages/airflow/example_dags/example_trigger_target_dag.py
[2023-09-14T11:38:12.416+0800] {processor.py:839} INFO - DAG(s) dict_keys(['example_trigger_target_dag']) retrieved from /opt/homebrew/lib/python3.11/site-packages/airflow/example_dags/example_trigger_target_dag.py
[2023-09-14T11:38:12.508+0800] {logging_mixin.py:151} INFO - [2023-09-14T11:38:12.507+0800] {dag.py:2915} INFO - Sync 1 DAGs
[2023-09-14T11:38:12.512+0800] {logging_mixin.py:151} INFO - [2023-09-14T11:38:12.512+0800] {dag.py:3696} INFO - Setting next_dagrun for example_trigger_target_dag to None, run_after=None
[2023-09-14T11:38:12.523+0800] {processor.py:179} INFO - Processing /opt/homebrew/lib/python3.11/site-packages/airflow/example_dags/example_trigger_target_dag.py took 0.139 seconds
[2023-09-14T11:39:02.718+0800] {processor.py:157} INFO - Started process (PID=72922) to work on /opt/homebrew/lib/python3.11/site-packages/airflow/example_dags/example_trigger_target_dag.py
[2023-09-14T11:39:02.718+0800] {processor.py:829} INFO - Processing file /opt/homebrew/lib/python3.11/site-packages/airflow/example_dags/example_trigger_target_dag.py for tasks to queue
[2023-09-14T11:39:02.719+0800] {logging_mixin.py:151} INFO - [2023-09-14T11:39:02.718+0800] {dagbag.py:539} INFO - Filling up the DagBag from /opt/homebrew/lib/python3.11/site-packages/airflow/example_dags/example_trigger_target_dag.py
[2023-09-14T11:39:02.749+0800] {processor.py:839} INFO - DAG(s) dict_keys(['example_trigger_target_dag']) retrieved from /opt/homebrew/lib/python3.11/site-packages/airflow/example_dags/example_trigger_target_dag.py
[2023-09-14T11:39:02.842+0800] {logging_mixin.py:151} INFO - [2023-09-14T11:39:02.842+0800] {dag.py:2915} INFO - Sync 1 DAGs
[2023-09-14T11:39:02.846+0800] {logging_mixin.py:151} INFO - [2023-09-14T11:39:02.846+0800] {dag.py:3696} INFO - Setting next_dagrun for example_trigger_target_dag to None, run_after=None
[2023-09-14T11:39:02.857+0800] {processor.py:179} INFO - Processing /opt/homebrew/lib/python3.11/site-packages/airflow/example_dags/example_trigger_target_dag.py took 0.139 seconds
[2023-09-14T11:40:43.516+0800] {processor.py:157} INFO - Started process (PID=73099) to work on /opt/homebrew/lib/python3.11/site-packages/airflow/example_dags/example_trigger_target_dag.py
[2023-09-14T11:40:43.517+0800] {processor.py:829} INFO - Processing file /opt/homebrew/lib/python3.11/site-packages/airflow/example_dags/example_trigger_target_dag.py for tasks to queue
[2023-09-14T11:40:43.517+0800] {logging_mixin.py:151} INFO - [2023-09-14T11:40:43.517+0800] {dagbag.py:539} INFO - Filling up the DagBag from /opt/homebrew/lib/python3.11/site-packages/airflow/example_dags/example_trigger_target_dag.py
[2023-09-14T11:40:43.548+0800] {processor.py:839} INFO - DAG(s) dict_keys(['example_trigger_target_dag']) retrieved from /opt/homebrew/lib/python3.11/site-packages/airflow/example_dags/example_trigger_target_dag.py
[2023-09-14T11:40:43.640+0800] {logging_mixin.py:151} INFO - [2023-09-14T11:40:43.640+0800] {dag.py:2915} INFO - Sync 1 DAGs
[2023-09-14T11:40:43.645+0800] {logging_mixin.py:151} INFO - [2023-09-14T11:40:43.645+0800] {dag.py:3696} INFO - Setting next_dagrun for example_trigger_target_dag to None, run_after=None
[2023-09-14T11:40:43.655+0800] {processor.py:179} INFO - Processing /opt/homebrew/lib/python3.11/site-packages/airflow/example_dags/example_trigger_target_dag.py took 0.139 seconds
[2023-09-14T11:41:37.165+0800] {processor.py:157} INFO - Started process (PID=73192) to work on /opt/homebrew/lib/python3.11/site-packages/airflow/example_dags/example_trigger_target_dag.py
[2023-09-14T11:41:37.165+0800] {processor.py:829} INFO - Processing file /opt/homebrew/lib/python3.11/site-packages/airflow/example_dags/example_trigger_target_dag.py for tasks to queue
[2023-09-14T11:41:37.166+0800] {logging_mixin.py:151} INFO - [2023-09-14T11:41:37.166+0800] {dagbag.py:539} INFO - Filling up the DagBag from /opt/homebrew/lib/python3.11/site-packages/airflow/example_dags/example_trigger_target_dag.py
[2023-09-14T11:41:37.197+0800] {processor.py:839} INFO - DAG(s) dict_keys(['example_trigger_target_dag']) retrieved from /opt/homebrew/lib/python3.11/site-packages/airflow/example_dags/example_trigger_target_dag.py
[2023-09-14T11:41:37.289+0800] {logging_mixin.py:151} INFO - [2023-09-14T11:41:37.289+0800] {dag.py:2915} INFO - Sync 1 DAGs
[2023-09-14T11:41:37.293+0800] {logging_mixin.py:151} INFO - [2023-09-14T11:41:37.293+0800] {dag.py:3696} INFO - Setting next_dagrun for example_trigger_target_dag to None, run_after=None
[2023-09-14T11:41:37.303+0800] {processor.py:179} INFO - Processing /opt/homebrew/lib/python3.11/site-packages/airflow/example_dags/example_trigger_target_dag.py took 0.139 seconds
[2023-09-14T11:42:27.926+0800] {processor.py:157} INFO - Started process (PID=73285) to work on /opt/homebrew/lib/python3.11/site-packages/airflow/example_dags/example_trigger_target_dag.py
[2023-09-14T11:42:27.927+0800] {processor.py:829} INFO - Processing file /opt/homebrew/lib/python3.11/site-packages/airflow/example_dags/example_trigger_target_dag.py for tasks to queue
[2023-09-14T11:42:27.927+0800] {logging_mixin.py:151} INFO - [2023-09-14T11:42:27.927+0800] {dagbag.py:539} INFO - Filling up the DagBag from /opt/homebrew/lib/python3.11/site-packages/airflow/example_dags/example_trigger_target_dag.py
[2023-09-14T11:42:27.958+0800] {processor.py:839} INFO - DAG(s) dict_keys(['example_trigger_target_dag']) retrieved from /opt/homebrew/lib/python3.11/site-packages/airflow/example_dags/example_trigger_target_dag.py
[2023-09-14T11:42:28.051+0800] {logging_mixin.py:151} INFO - [2023-09-14T11:42:28.051+0800] {dag.py:2915} INFO - Sync 1 DAGs
[2023-09-14T11:42:28.056+0800] {logging_mixin.py:151} INFO - [2023-09-14T11:42:28.055+0800] {dag.py:3696} INFO - Setting next_dagrun for example_trigger_target_dag to None, run_after=None
[2023-09-14T11:42:28.066+0800] {processor.py:179} INFO - Processing /opt/homebrew/lib/python3.11/site-packages/airflow/example_dags/example_trigger_target_dag.py took 0.140 seconds
[2023-09-14T11:44:10.428+0800] {processor.py:157} INFO - Started process (PID=73466) to work on /opt/homebrew/lib/python3.11/site-packages/airflow/example_dags/example_trigger_target_dag.py
[2023-09-14T11:44:10.429+0800] {processor.py:829} INFO - Processing file /opt/homebrew/lib/python3.11/site-packages/airflow/example_dags/example_trigger_target_dag.py for tasks to queue
[2023-09-14T11:44:10.429+0800] {logging_mixin.py:151} INFO - [2023-09-14T11:44:10.429+0800] {dagbag.py:539} INFO - Filling up the DagBag from /opt/homebrew/lib/python3.11/site-packages/airflow/example_dags/example_trigger_target_dag.py
[2023-09-14T11:44:10.460+0800] {processor.py:839} INFO - DAG(s) dict_keys(['example_trigger_target_dag']) retrieved from /opt/homebrew/lib/python3.11/site-packages/airflow/example_dags/example_trigger_target_dag.py
[2023-09-14T11:44:10.552+0800] {logging_mixin.py:151} INFO - [2023-09-14T11:44:10.552+0800] {dag.py:2915} INFO - Sync 1 DAGs
[2023-09-14T11:44:10.556+0800] {logging_mixin.py:151} INFO - [2023-09-14T11:44:10.556+0800] {dag.py:3696} INFO - Setting next_dagrun for example_trigger_target_dag to None, run_after=None
[2023-09-14T11:44:10.566+0800] {processor.py:179} INFO - Processing /opt/homebrew/lib/python3.11/site-packages/airflow/example_dags/example_trigger_target_dag.py took 0.139 seconds
[2023-09-14T11:45:03.941+0800] {processor.py:157} INFO - Started process (PID=73559) to work on /opt/homebrew/lib/python3.11/site-packages/airflow/example_dags/example_trigger_target_dag.py
[2023-09-14T11:45:03.941+0800] {processor.py:829} INFO - Processing file /opt/homebrew/lib/python3.11/site-packages/airflow/example_dags/example_trigger_target_dag.py for tasks to queue
[2023-09-14T11:45:03.942+0800] {logging_mixin.py:151} INFO - [2023-09-14T11:45:03.941+0800] {dagbag.py:539} INFO - Filling up the DagBag from /opt/homebrew/lib/python3.11/site-packages/airflow/example_dags/example_trigger_target_dag.py
[2023-09-14T11:45:03.973+0800] {processor.py:839} INFO - DAG(s) dict_keys(['example_trigger_target_dag']) retrieved from /opt/homebrew/lib/python3.11/site-packages/airflow/example_dags/example_trigger_target_dag.py
[2023-09-14T11:45:04.065+0800] {logging_mixin.py:151} INFO - [2023-09-14T11:45:04.065+0800] {dag.py:2915} INFO - Sync 1 DAGs
[2023-09-14T11:45:04.070+0800] {logging_mixin.py:151} INFO - [2023-09-14T11:45:04.070+0800] {dag.py:3696} INFO - Setting next_dagrun for example_trigger_target_dag to None, run_after=None
[2023-09-14T11:45:04.081+0800] {processor.py:179} INFO - Processing /opt/homebrew/lib/python3.11/site-packages/airflow/example_dags/example_trigger_target_dag.py took 0.140 seconds
[2023-09-14T12:56:14.768+0800] {processor.py:157} INFO - Started process (PID=73719) to work on /opt/homebrew/lib/python3.11/site-packages/airflow/example_dags/example_trigger_target_dag.py
[2023-09-14T12:56:14.769+0800] {processor.py:829} INFO - Processing file /opt/homebrew/lib/python3.11/site-packages/airflow/example_dags/example_trigger_target_dag.py for tasks to queue
[2023-09-14T12:56:14.769+0800] {logging_mixin.py:151} INFO - [2023-09-14T12:56:14.769+0800] {dagbag.py:539} INFO - Filling up the DagBag from /opt/homebrew/lib/python3.11/site-packages/airflow/example_dags/example_trigger_target_dag.py
[2023-09-14T12:56:14.801+0800] {processor.py:839} INFO - DAG(s) dict_keys(['example_trigger_target_dag']) retrieved from /opt/homebrew/lib/python3.11/site-packages/airflow/example_dags/example_trigger_target_dag.py
[2023-09-14T12:56:14.895+0800] {logging_mixin.py:151} INFO - [2023-09-14T12:56:14.895+0800] {dag.py:2915} INFO - Sync 1 DAGs
[2023-09-14T12:56:14.900+0800] {logging_mixin.py:151} INFO - [2023-09-14T12:56:14.900+0800] {dag.py:3696} INFO - Setting next_dagrun for example_trigger_target_dag to None, run_after=None
[2023-09-14T12:56:14.910+0800] {processor.py:179} INFO - Processing /opt/homebrew/lib/python3.11/site-packages/airflow/example_dags/example_trigger_target_dag.py took 0.142 seconds
[2023-09-14T16:12:44.454+0800] {processor.py:157} INFO - Started process (PID=74022) to work on /opt/homebrew/lib/python3.11/site-packages/airflow/example_dags/example_trigger_target_dag.py
[2023-09-14T16:12:44.455+0800] {processor.py:829} INFO - Processing file /opt/homebrew/lib/python3.11/site-packages/airflow/example_dags/example_trigger_target_dag.py for tasks to queue
[2023-09-14T16:12:44.455+0800] {logging_mixin.py:151} INFO - [2023-09-14T16:12:44.455+0800] {dagbag.py:539} INFO - Filling up the DagBag from /opt/homebrew/lib/python3.11/site-packages/airflow/example_dags/example_trigger_target_dag.py
[2023-09-14T16:12:44.487+0800] {processor.py:839} INFO - DAG(s) dict_keys(['example_trigger_target_dag']) retrieved from /opt/homebrew/lib/python3.11/site-packages/airflow/example_dags/example_trigger_target_dag.py
[2023-09-14T16:12:44.580+0800] {logging_mixin.py:151} INFO - [2023-09-14T16:12:44.580+0800] {dag.py:2915} INFO - Sync 1 DAGs
[2023-09-14T16:12:44.585+0800] {logging_mixin.py:151} INFO - [2023-09-14T16:12:44.585+0800] {dag.py:3696} INFO - Setting next_dagrun for example_trigger_target_dag to None, run_after=None
[2023-09-14T16:12:44.596+0800] {processor.py:179} INFO - Processing /opt/homebrew/lib/python3.11/site-packages/airflow/example_dags/example_trigger_target_dag.py took 0.143 seconds
[2023-09-14T19:29:06.435+0800] {processor.py:157} INFO - Started process (PID=74336) to work on /opt/homebrew/lib/python3.11/site-packages/airflow/example_dags/example_trigger_target_dag.py
[2023-09-14T19:29:06.436+0800] {processor.py:829} INFO - Processing file /opt/homebrew/lib/python3.11/site-packages/airflow/example_dags/example_trigger_target_dag.py for tasks to queue
[2023-09-14T19:29:06.436+0800] {logging_mixin.py:151} INFO - [2023-09-14T19:29:06.436+0800] {dagbag.py:539} INFO - Filling up the DagBag from /opt/homebrew/lib/python3.11/site-packages/airflow/example_dags/example_trigger_target_dag.py
[2023-09-14T19:29:06.467+0800] {processor.py:839} INFO - DAG(s) dict_keys(['example_trigger_target_dag']) retrieved from /opt/homebrew/lib/python3.11/site-packages/airflow/example_dags/example_trigger_target_dag.py
[2023-09-14T19:29:06.560+0800] {logging_mixin.py:151} INFO - [2023-09-14T19:29:06.559+0800] {dag.py:2915} INFO - Sync 1 DAGs
[2023-09-14T19:29:06.564+0800] {logging_mixin.py:151} INFO - [2023-09-14T19:29:06.564+0800] {dag.py:3696} INFO - Setting next_dagrun for example_trigger_target_dag to None, run_after=None
[2023-09-14T19:29:06.574+0800] {processor.py:179} INFO - Processing /opt/homebrew/lib/python3.11/site-packages/airflow/example_dags/example_trigger_target_dag.py took 0.140 seconds
[2023-09-14T22:47:49.216+0800] {processor.py:157} INFO - Started process (PID=74702) to work on /opt/homebrew/lib/python3.11/site-packages/airflow/example_dags/example_trigger_target_dag.py
[2023-09-14T22:47:49.217+0800] {processor.py:829} INFO - Processing file /opt/homebrew/lib/python3.11/site-packages/airflow/example_dags/example_trigger_target_dag.py for tasks to queue
[2023-09-14T22:47:49.218+0800] {logging_mixin.py:151} INFO - [2023-09-14T22:47:49.218+0800] {dagbag.py:539} INFO - Filling up the DagBag from /opt/homebrew/lib/python3.11/site-packages/airflow/example_dags/example_trigger_target_dag.py
[2023-09-14T22:47:49.251+0800] {processor.py:839} INFO - DAG(s) dict_keys(['example_trigger_target_dag']) retrieved from /opt/homebrew/lib/python3.11/site-packages/airflow/example_dags/example_trigger_target_dag.py
[2023-09-14T22:47:49.348+0800] {logging_mixin.py:151} INFO - [2023-09-14T22:47:49.348+0800] {dag.py:2915} INFO - Sync 1 DAGs
[2023-09-14T22:47:49.352+0800] {logging_mixin.py:151} INFO - [2023-09-14T22:47:49.352+0800] {dag.py:3696} INFO - Setting next_dagrun for example_trigger_target_dag to None, run_after=None
[2023-09-14T22:47:49.363+0800] {processor.py:179} INFO - Processing /opt/homebrew/lib/python3.11/site-packages/airflow/example_dags/example_trigger_target_dag.py took 0.147 seconds
[2023-09-15T02:09:40.626+0800] {processor.py:157} INFO - Started process (PID=75022) to work on /opt/homebrew/lib/python3.11/site-packages/airflow/example_dags/example_trigger_target_dag.py
[2023-09-15T02:09:40.627+0800] {processor.py:829} INFO - Processing file /opt/homebrew/lib/python3.11/site-packages/airflow/example_dags/example_trigger_target_dag.py for tasks to queue
[2023-09-15T02:09:40.627+0800] {logging_mixin.py:151} INFO - [2023-09-15T02:09:40.627+0800] {dagbag.py:539} INFO - Filling up the DagBag from /opt/homebrew/lib/python3.11/site-packages/airflow/example_dags/example_trigger_target_dag.py
[2023-09-15T02:09:40.658+0800] {processor.py:839} INFO - DAG(s) dict_keys(['example_trigger_target_dag']) retrieved from /opt/homebrew/lib/python3.11/site-packages/airflow/example_dags/example_trigger_target_dag.py
[2023-09-15T02:09:40.750+0800] {logging_mixin.py:151} INFO - [2023-09-15T02:09:40.750+0800] {dag.py:2915} INFO - Sync 1 DAGs
[2023-09-15T02:09:40.755+0800] {logging_mixin.py:151} INFO - [2023-09-15T02:09:40.755+0800] {dag.py:3696} INFO - Setting next_dagrun for example_trigger_target_dag to None, run_after=None
[2023-09-15T02:09:40.765+0800] {processor.py:179} INFO - Processing /opt/homebrew/lib/python3.11/site-packages/airflow/example_dags/example_trigger_target_dag.py took 0.139 seconds
[2023-09-15T05:22:05.801+0800] {processor.py:157} INFO - Started process (PID=75355) to work on /opt/homebrew/lib/python3.11/site-packages/airflow/example_dags/example_trigger_target_dag.py
[2023-09-15T05:22:05.803+0800] {processor.py:829} INFO - Processing file /opt/homebrew/lib/python3.11/site-packages/airflow/example_dags/example_trigger_target_dag.py for tasks to queue
[2023-09-15T05:22:05.803+0800] {logging_mixin.py:151} INFO - [2023-09-15T05:22:05.803+0800] {dagbag.py:539} INFO - Filling up the DagBag from /opt/homebrew/lib/python3.11/site-packages/airflow/example_dags/example_trigger_target_dag.py
[2023-09-15T05:22:05.834+0800] {processor.py:839} INFO - DAG(s) dict_keys(['example_trigger_target_dag']) retrieved from /opt/homebrew/lib/python3.11/site-packages/airflow/example_dags/example_trigger_target_dag.py
[2023-09-15T05:22:05.926+0800] {logging_mixin.py:151} INFO - [2023-09-15T05:22:05.926+0800] {dag.py:2915} INFO - Sync 1 DAGs
[2023-09-15T05:22:05.931+0800] {logging_mixin.py:151} INFO - [2023-09-15T05:22:05.930+0800] {dag.py:3696} INFO - Setting next_dagrun for example_trigger_target_dag to None, run_after=None
[2023-09-15T05:22:05.941+0800] {processor.py:179} INFO - Processing /opt/homebrew/lib/python3.11/site-packages/airflow/example_dags/example_trigger_target_dag.py took 0.139 seconds
