[2023-09-14T09:46:17.065+0800] {processor.py:157} INFO - Started process (PID=66902) to work on /opt/homebrew/lib/python3.11/site-packages/airflow/example_dags/example_time_delta_sensor_async.py
[2023-09-14T09:46:17.066+0800] {processor.py:829} INFO - Processing file /opt/homebrew/lib/python3.11/site-packages/airflow/example_dags/example_time_delta_sensor_async.py for tasks to queue
[2023-09-14T09:46:17.066+0800] {logging_mixin.py:151} INFO - [2023-09-14T09:46:17.066+0800] {dagbag.py:539} INFO - Filling up the DagBag from /opt/homebrew/lib/python3.11/site-packages/airflow/example_dags/example_time_delta_sensor_async.py
[2023-09-14T09:46:17.084+0800] {processor.py:839} INFO - DAG(s) dict_keys(['example_time_delta_sensor_async']) retrieved from /opt/homebrew/lib/python3.11/site-packages/airflow/example_dags/example_time_delta_sensor_async.py
[2023-09-14T09:46:17.224+0800] {logging_mixin.py:151} INFO - [2023-09-14T09:46:17.224+0800] {dag.py:2915} INFO - Sync 1 DAGs
[2023-09-14T09:46:17.230+0800] {logging_mixin.py:151} INFO - [2023-09-14T09:46:17.230+0800] {dag.py:3696} INFO - Setting next_dagrun for example_time_delta_sensor_async to None, run_after=None
[2023-09-14T09:46:17.247+0800] {processor.py:179} INFO - Processing /opt/homebrew/lib/python3.11/site-packages/airflow/example_dags/example_time_delta_sensor_async.py took 0.182 seconds
[2023-09-14T10:32:23.513+0800] {processor.py:157} INFO - Started process (PID=67135) to work on /opt/homebrew/lib/python3.11/site-packages/airflow/example_dags/example_time_delta_sensor_async.py
[2023-09-14T10:32:23.515+0800] {processor.py:829} INFO - Processing file /opt/homebrew/lib/python3.11/site-packages/airflow/example_dags/example_time_delta_sensor_async.py for tasks to queue
[2023-09-14T10:32:23.515+0800] {logging_mixin.py:151} INFO - [2023-09-14T10:32:23.515+0800] {dagbag.py:539} INFO - Filling up the DagBag from /opt/homebrew/lib/python3.11/site-packages/airflow/example_dags/example_time_delta_sensor_async.py
[2023-09-14T10:32:23.531+0800] {processor.py:839} INFO - DAG(s) dict_keys(['example_time_delta_sensor_async']) retrieved from /opt/homebrew/lib/python3.11/site-packages/airflow/example_dags/example_time_delta_sensor_async.py
[2023-09-14T10:32:23.633+0800] {logging_mixin.py:151} INFO - [2023-09-14T10:32:23.633+0800] {dag.py:2915} INFO - Sync 1 DAGs
[2023-09-14T10:32:23.638+0800] {logging_mixin.py:151} INFO - [2023-09-14T10:32:23.637+0800] {dag.py:3696} INFO - Setting next_dagrun for example_time_delta_sensor_async to None, run_after=None
[2023-09-14T10:32:23.649+0800] {processor.py:179} INFO - Processing /opt/homebrew/lib/python3.11/site-packages/airflow/example_dags/example_time_delta_sensor_async.py took 0.136 seconds
[2023-09-14T10:34:00.423+0800] {processor.py:157} INFO - Started process (PID=67312) to work on /opt/homebrew/lib/python3.11/site-packages/airflow/example_dags/example_time_delta_sensor_async.py
[2023-09-14T10:34:00.425+0800] {processor.py:829} INFO - Processing file /opt/homebrew/lib/python3.11/site-packages/airflow/example_dags/example_time_delta_sensor_async.py for tasks to queue
[2023-09-14T10:34:00.425+0800] {logging_mixin.py:151} INFO - [2023-09-14T10:34:00.425+0800] {dagbag.py:539} INFO - Filling up the DagBag from /opt/homebrew/lib/python3.11/site-packages/airflow/example_dags/example_time_delta_sensor_async.py
[2023-09-14T10:34:00.440+0800] {processor.py:839} INFO - DAG(s) dict_keys(['example_time_delta_sensor_async']) retrieved from /opt/homebrew/lib/python3.11/site-packages/airflow/example_dags/example_time_delta_sensor_async.py
[2023-09-14T10:34:00.542+0800] {logging_mixin.py:151} INFO - [2023-09-14T10:34:00.542+0800] {dag.py:2915} INFO - Sync 1 DAGs
[2023-09-14T10:34:00.547+0800] {logging_mixin.py:151} INFO - [2023-09-14T10:34:00.547+0800] {dag.py:3696} INFO - Setting next_dagrun for example_time_delta_sensor_async to None, run_after=None
[2023-09-14T10:34:00.558+0800] {processor.py:179} INFO - Processing /opt/homebrew/lib/python3.11/site-packages/airflow/example_dags/example_time_delta_sensor_async.py took 0.135 seconds
[2023-09-14T10:34:53.833+0800] {processor.py:157} INFO - Started process (PID=67430) to work on /opt/homebrew/lib/python3.11/site-packages/airflow/example_dags/example_time_delta_sensor_async.py
[2023-09-14T10:34:53.834+0800] {processor.py:829} INFO - Processing file /opt/homebrew/lib/python3.11/site-packages/airflow/example_dags/example_time_delta_sensor_async.py for tasks to queue
[2023-09-14T10:34:53.834+0800] {logging_mixin.py:151} INFO - [2023-09-14T10:34:53.834+0800] {dagbag.py:539} INFO - Filling up the DagBag from /opt/homebrew/lib/python3.11/site-packages/airflow/example_dags/example_time_delta_sensor_async.py
[2023-09-14T10:34:53.849+0800] {processor.py:839} INFO - DAG(s) dict_keys(['example_time_delta_sensor_async']) retrieved from /opt/homebrew/lib/python3.11/site-packages/airflow/example_dags/example_time_delta_sensor_async.py
[2023-09-14T10:34:53.950+0800] {logging_mixin.py:151} INFO - [2023-09-14T10:34:53.950+0800] {dag.py:2915} INFO - Sync 1 DAGs
[2023-09-14T10:34:53.955+0800] {logging_mixin.py:151} INFO - [2023-09-14T10:34:53.955+0800] {dag.py:3696} INFO - Setting next_dagrun for example_time_delta_sensor_async to None, run_after=None
[2023-09-14T10:34:53.966+0800] {processor.py:179} INFO - Processing /opt/homebrew/lib/python3.11/site-packages/airflow/example_dags/example_time_delta_sensor_async.py took 0.133 seconds
[2023-09-14T10:36:38.164+0800] {processor.py:157} INFO - Started process (PID=67619) to work on /opt/homebrew/lib/python3.11/site-packages/airflow/example_dags/example_time_delta_sensor_async.py
[2023-09-14T10:36:38.164+0800] {processor.py:829} INFO - Processing file /opt/homebrew/lib/python3.11/site-packages/airflow/example_dags/example_time_delta_sensor_async.py for tasks to queue
[2023-09-14T10:36:38.165+0800] {logging_mixin.py:151} INFO - [2023-09-14T10:36:38.165+0800] {dagbag.py:539} INFO - Filling up the DagBag from /opt/homebrew/lib/python3.11/site-packages/airflow/example_dags/example_time_delta_sensor_async.py
[2023-09-14T10:36:38.179+0800] {processor.py:839} INFO - DAG(s) dict_keys(['example_time_delta_sensor_async']) retrieved from /opt/homebrew/lib/python3.11/site-packages/airflow/example_dags/example_time_delta_sensor_async.py
[2023-09-14T10:36:38.281+0800] {logging_mixin.py:151} INFO - [2023-09-14T10:36:38.281+0800] {dag.py:2915} INFO - Sync 1 DAGs
[2023-09-14T10:36:38.286+0800] {logging_mixin.py:151} INFO - [2023-09-14T10:36:38.286+0800] {dag.py:3696} INFO - Setting next_dagrun for example_time_delta_sensor_async to None, run_after=None
[2023-09-14T10:36:38.297+0800] {processor.py:179} INFO - Processing /opt/homebrew/lib/python3.11/site-packages/airflow/example_dags/example_time_delta_sensor_async.py took 0.133 seconds
[2023-09-14T10:38:18.337+0800] {processor.py:157} INFO - Started process (PID=67807) to work on /opt/homebrew/lib/python3.11/site-packages/airflow/example_dags/example_time_delta_sensor_async.py
[2023-09-14T10:38:18.338+0800] {processor.py:829} INFO - Processing file /opt/homebrew/lib/python3.11/site-packages/airflow/example_dags/example_time_delta_sensor_async.py for tasks to queue
[2023-09-14T10:38:18.338+0800] {logging_mixin.py:151} INFO - [2023-09-14T10:38:18.338+0800] {dagbag.py:539} INFO - Filling up the DagBag from /opt/homebrew/lib/python3.11/site-packages/airflow/example_dags/example_time_delta_sensor_async.py
[2023-09-14T10:38:18.353+0800] {processor.py:839} INFO - DAG(s) dict_keys(['example_time_delta_sensor_async']) retrieved from /opt/homebrew/lib/python3.11/site-packages/airflow/example_dags/example_time_delta_sensor_async.py
[2023-09-14T10:38:18.456+0800] {logging_mixin.py:151} INFO - [2023-09-14T10:38:18.455+0800] {dag.py:2915} INFO - Sync 1 DAGs
[2023-09-14T10:38:18.460+0800] {logging_mixin.py:151} INFO - [2023-09-14T10:38:18.460+0800] {dag.py:3696} INFO - Setting next_dagrun for example_time_delta_sensor_async to None, run_after=None
[2023-09-14T10:38:18.471+0800] {processor.py:179} INFO - Processing /opt/homebrew/lib/python3.11/site-packages/airflow/example_dags/example_time_delta_sensor_async.py took 0.135 seconds
[2023-09-14T10:39:11.512+0800] {processor.py:157} INFO - Started process (PID=67900) to work on /opt/homebrew/lib/python3.11/site-packages/airflow/example_dags/example_time_delta_sensor_async.py
[2023-09-14T10:39:11.513+0800] {processor.py:829} INFO - Processing file /opt/homebrew/lib/python3.11/site-packages/airflow/example_dags/example_time_delta_sensor_async.py for tasks to queue
[2023-09-14T10:39:11.513+0800] {logging_mixin.py:151} INFO - [2023-09-14T10:39:11.513+0800] {dagbag.py:539} INFO - Filling up the DagBag from /opt/homebrew/lib/python3.11/site-packages/airflow/example_dags/example_time_delta_sensor_async.py
[2023-09-14T10:39:11.528+0800] {processor.py:839} INFO - DAG(s) dict_keys(['example_time_delta_sensor_async']) retrieved from /opt/homebrew/lib/python3.11/site-packages/airflow/example_dags/example_time_delta_sensor_async.py
[2023-09-14T10:39:11.632+0800] {logging_mixin.py:151} INFO - [2023-09-14T10:39:11.632+0800] {dag.py:2915} INFO - Sync 1 DAGs
[2023-09-14T10:39:11.637+0800] {logging_mixin.py:151} INFO - [2023-09-14T10:39:11.637+0800] {dag.py:3696} INFO - Setting next_dagrun for example_time_delta_sensor_async to None, run_after=None
[2023-09-14T10:39:11.649+0800] {processor.py:179} INFO - Processing /opt/homebrew/lib/python3.11/site-packages/airflow/example_dags/example_time_delta_sensor_async.py took 0.137 seconds
[2023-09-14T10:40:57.169+0800] {processor.py:157} INFO - Started process (PID=68093) to work on /opt/homebrew/lib/python3.11/site-packages/airflow/example_dags/example_time_delta_sensor_async.py
[2023-09-14T10:40:57.170+0800] {processor.py:829} INFO - Processing file /opt/homebrew/lib/python3.11/site-packages/airflow/example_dags/example_time_delta_sensor_async.py for tasks to queue
[2023-09-14T10:40:57.171+0800] {logging_mixin.py:151} INFO - [2023-09-14T10:40:57.171+0800] {dagbag.py:539} INFO - Filling up the DagBag from /opt/homebrew/lib/python3.11/site-packages/airflow/example_dags/example_time_delta_sensor_async.py
[2023-09-14T10:40:57.186+0800] {processor.py:839} INFO - DAG(s) dict_keys(['example_time_delta_sensor_async']) retrieved from /opt/homebrew/lib/python3.11/site-packages/airflow/example_dags/example_time_delta_sensor_async.py
[2023-09-14T10:40:57.288+0800] {logging_mixin.py:151} INFO - [2023-09-14T10:40:57.288+0800] {dag.py:2915} INFO - Sync 1 DAGs
[2023-09-14T10:40:57.293+0800] {logging_mixin.py:151} INFO - [2023-09-14T10:40:57.293+0800] {dag.py:3696} INFO - Setting next_dagrun for example_time_delta_sensor_async to None, run_after=None
[2023-09-14T10:40:57.304+0800] {processor.py:179} INFO - Processing /opt/homebrew/lib/python3.11/site-packages/airflow/example_dags/example_time_delta_sensor_async.py took 0.135 seconds
[2023-09-14T10:41:53.278+0800] {processor.py:157} INFO - Started process (PID=68193) to work on /opt/homebrew/lib/python3.11/site-packages/airflow/example_dags/example_time_delta_sensor_async.py
[2023-09-14T10:41:53.279+0800] {processor.py:829} INFO - Processing file /opt/homebrew/lib/python3.11/site-packages/airflow/example_dags/example_time_delta_sensor_async.py for tasks to queue
[2023-09-14T10:41:53.280+0800] {logging_mixin.py:151} INFO - [2023-09-14T10:41:53.280+0800] {dagbag.py:539} INFO - Filling up the DagBag from /opt/homebrew/lib/python3.11/site-packages/airflow/example_dags/example_time_delta_sensor_async.py
[2023-09-14T10:41:53.295+0800] {processor.py:839} INFO - DAG(s) dict_keys(['example_time_delta_sensor_async']) retrieved from /opt/homebrew/lib/python3.11/site-packages/airflow/example_dags/example_time_delta_sensor_async.py
[2023-09-14T10:41:53.397+0800] {logging_mixin.py:151} INFO - [2023-09-14T10:41:53.397+0800] {dag.py:2915} INFO - Sync 1 DAGs
[2023-09-14T10:41:53.402+0800] {logging_mixin.py:151} INFO - [2023-09-14T10:41:53.402+0800] {dag.py:3696} INFO - Setting next_dagrun for example_time_delta_sensor_async to None, run_after=None
[2023-09-14T10:41:53.413+0800] {processor.py:179} INFO - Processing /opt/homebrew/lib/python3.11/site-packages/airflow/example_dags/example_time_delta_sensor_async.py took 0.135 seconds
[2023-09-14T10:43:37.095+0800] {processor.py:157} INFO - Started process (PID=68380) to work on /opt/homebrew/lib/python3.11/site-packages/airflow/example_dags/example_time_delta_sensor_async.py
[2023-09-14T10:43:37.096+0800] {processor.py:829} INFO - Processing file /opt/homebrew/lib/python3.11/site-packages/airflow/example_dags/example_time_delta_sensor_async.py for tasks to queue
[2023-09-14T10:43:37.096+0800] {logging_mixin.py:151} INFO - [2023-09-14T10:43:37.096+0800] {dagbag.py:539} INFO - Filling up the DagBag from /opt/homebrew/lib/python3.11/site-packages/airflow/example_dags/example_time_delta_sensor_async.py
[2023-09-14T10:43:37.111+0800] {processor.py:839} INFO - DAG(s) dict_keys(['example_time_delta_sensor_async']) retrieved from /opt/homebrew/lib/python3.11/site-packages/airflow/example_dags/example_time_delta_sensor_async.py
[2023-09-14T10:43:37.213+0800] {logging_mixin.py:151} INFO - [2023-09-14T10:43:37.213+0800] {dag.py:2915} INFO - Sync 1 DAGs
[2023-09-14T10:43:37.218+0800] {logging_mixin.py:151} INFO - [2023-09-14T10:43:37.218+0800] {dag.py:3696} INFO - Setting next_dagrun for example_time_delta_sensor_async to None, run_after=None
[2023-09-14T10:43:37.229+0800] {processor.py:179} INFO - Processing /opt/homebrew/lib/python3.11/site-packages/airflow/example_dags/example_time_delta_sensor_async.py took 0.134 seconds
[2023-09-14T10:45:20.547+0800] {processor.py:157} INFO - Started process (PID=68572) to work on /opt/homebrew/lib/python3.11/site-packages/airflow/example_dags/example_time_delta_sensor_async.py
[2023-09-14T10:45:20.547+0800] {processor.py:829} INFO - Processing file /opt/homebrew/lib/python3.11/site-packages/airflow/example_dags/example_time_delta_sensor_async.py for tasks to queue
[2023-09-14T10:45:20.547+0800] {logging_mixin.py:151} INFO - [2023-09-14T10:45:20.547+0800] {dagbag.py:539} INFO - Filling up the DagBag from /opt/homebrew/lib/python3.11/site-packages/airflow/example_dags/example_time_delta_sensor_async.py
[2023-09-14T10:45:20.562+0800] {processor.py:839} INFO - DAG(s) dict_keys(['example_time_delta_sensor_async']) retrieved from /opt/homebrew/lib/python3.11/site-packages/airflow/example_dags/example_time_delta_sensor_async.py
[2023-09-14T10:45:20.665+0800] {logging_mixin.py:151} INFO - [2023-09-14T10:45:20.665+0800] {dag.py:2915} INFO - Sync 1 DAGs
[2023-09-14T10:45:20.670+0800] {logging_mixin.py:151} INFO - [2023-09-14T10:45:20.670+0800] {dag.py:3696} INFO - Setting next_dagrun for example_time_delta_sensor_async to None, run_after=None
[2023-09-14T10:45:20.681+0800] {processor.py:179} INFO - Processing /opt/homebrew/lib/python3.11/site-packages/airflow/example_dags/example_time_delta_sensor_async.py took 0.135 seconds
[2023-09-14T10:47:06.408+0800] {processor.py:157} INFO - Started process (PID=68759) to work on /opt/homebrew/lib/python3.11/site-packages/airflow/example_dags/example_time_delta_sensor_async.py
[2023-09-14T10:47:06.409+0800] {processor.py:829} INFO - Processing file /opt/homebrew/lib/python3.11/site-packages/airflow/example_dags/example_time_delta_sensor_async.py for tasks to queue
[2023-09-14T10:47:06.409+0800] {logging_mixin.py:151} INFO - [2023-09-14T10:47:06.409+0800] {dagbag.py:539} INFO - Filling up the DagBag from /opt/homebrew/lib/python3.11/site-packages/airflow/example_dags/example_time_delta_sensor_async.py
[2023-09-14T10:47:06.425+0800] {processor.py:839} INFO - DAG(s) dict_keys(['example_time_delta_sensor_async']) retrieved from /opt/homebrew/lib/python3.11/site-packages/airflow/example_dags/example_time_delta_sensor_async.py
[2023-09-14T10:47:06.527+0800] {logging_mixin.py:151} INFO - [2023-09-14T10:47:06.527+0800] {dag.py:2915} INFO - Sync 1 DAGs
[2023-09-14T10:47:06.532+0800] {logging_mixin.py:151} INFO - [2023-09-14T10:47:06.531+0800] {dag.py:3696} INFO - Setting next_dagrun for example_time_delta_sensor_async to None, run_after=None
[2023-09-14T10:47:06.542+0800] {processor.py:179} INFO - Processing /opt/homebrew/lib/python3.11/site-packages/airflow/example_dags/example_time_delta_sensor_async.py took 0.135 seconds
[2023-09-14T10:48:49.606+0800] {processor.py:157} INFO - Started process (PID=68946) to work on /opt/homebrew/lib/python3.11/site-packages/airflow/example_dags/example_time_delta_sensor_async.py
[2023-09-14T10:48:49.607+0800] {processor.py:829} INFO - Processing file /opt/homebrew/lib/python3.11/site-packages/airflow/example_dags/example_time_delta_sensor_async.py for tasks to queue
[2023-09-14T10:48:49.607+0800] {logging_mixin.py:151} INFO - [2023-09-14T10:48:49.607+0800] {dagbag.py:539} INFO - Filling up the DagBag from /opt/homebrew/lib/python3.11/site-packages/airflow/example_dags/example_time_delta_sensor_async.py
[2023-09-14T10:48:49.622+0800] {processor.py:839} INFO - DAG(s) dict_keys(['example_time_delta_sensor_async']) retrieved from /opt/homebrew/lib/python3.11/site-packages/airflow/example_dags/example_time_delta_sensor_async.py
[2023-09-14T10:48:49.724+0800] {logging_mixin.py:151} INFO - [2023-09-14T10:48:49.724+0800] {dag.py:2915} INFO - Sync 1 DAGs
[2023-09-14T10:48:49.728+0800] {logging_mixin.py:151} INFO - [2023-09-14T10:48:49.728+0800] {dag.py:3696} INFO - Setting next_dagrun for example_time_delta_sensor_async to None, run_after=None
[2023-09-14T10:48:49.740+0800] {processor.py:179} INFO - Processing /opt/homebrew/lib/python3.11/site-packages/airflow/example_dags/example_time_delta_sensor_async.py took 0.134 seconds
[2023-09-14T10:49:44.068+0800] {processor.py:157} INFO - Started process (PID=69039) to work on /opt/homebrew/lib/python3.11/site-packages/airflow/example_dags/example_time_delta_sensor_async.py
[2023-09-14T10:49:44.068+0800] {processor.py:829} INFO - Processing file /opt/homebrew/lib/python3.11/site-packages/airflow/example_dags/example_time_delta_sensor_async.py for tasks to queue
[2023-09-14T10:49:44.069+0800] {logging_mixin.py:151} INFO - [2023-09-14T10:49:44.069+0800] {dagbag.py:539} INFO - Filling up the DagBag from /opt/homebrew/lib/python3.11/site-packages/airflow/example_dags/example_time_delta_sensor_async.py
[2023-09-14T10:49:44.083+0800] {processor.py:839} INFO - DAG(s) dict_keys(['example_time_delta_sensor_async']) retrieved from /opt/homebrew/lib/python3.11/site-packages/airflow/example_dags/example_time_delta_sensor_async.py
[2023-09-14T10:49:44.185+0800] {logging_mixin.py:151} INFO - [2023-09-14T10:49:44.185+0800] {dag.py:2915} INFO - Sync 1 DAGs
[2023-09-14T10:49:44.190+0800] {logging_mixin.py:151} INFO - [2023-09-14T10:49:44.190+0800] {dag.py:3696} INFO - Setting next_dagrun for example_time_delta_sensor_async to None, run_after=None
[2023-09-14T10:49:44.201+0800] {processor.py:179} INFO - Processing /opt/homebrew/lib/python3.11/site-packages/airflow/example_dags/example_time_delta_sensor_async.py took 0.134 seconds
[2023-09-14T10:50:39.474+0800] {processor.py:157} INFO - Started process (PID=69142) to work on /opt/homebrew/lib/python3.11/site-packages/airflow/example_dags/example_time_delta_sensor_async.py
[2023-09-14T10:50:39.474+0800] {processor.py:829} INFO - Processing file /opt/homebrew/lib/python3.11/site-packages/airflow/example_dags/example_time_delta_sensor_async.py for tasks to queue
[2023-09-14T10:50:39.475+0800] {logging_mixin.py:151} INFO - [2023-09-14T10:50:39.475+0800] {dagbag.py:539} INFO - Filling up the DagBag from /opt/homebrew/lib/python3.11/site-packages/airflow/example_dags/example_time_delta_sensor_async.py
[2023-09-14T10:50:39.490+0800] {processor.py:839} INFO - DAG(s) dict_keys(['example_time_delta_sensor_async']) retrieved from /opt/homebrew/lib/python3.11/site-packages/airflow/example_dags/example_time_delta_sensor_async.py
[2023-09-14T10:50:39.593+0800] {logging_mixin.py:151} INFO - [2023-09-14T10:50:39.593+0800] {dag.py:2915} INFO - Sync 1 DAGs
[2023-09-14T10:50:39.598+0800] {logging_mixin.py:151} INFO - [2023-09-14T10:50:39.598+0800] {dag.py:3696} INFO - Setting next_dagrun for example_time_delta_sensor_async to None, run_after=None
[2023-09-14T10:50:39.609+0800] {processor.py:179} INFO - Processing /opt/homebrew/lib/python3.11/site-packages/airflow/example_dags/example_time_delta_sensor_async.py took 0.135 seconds
[2023-09-14T10:52:25.660+0800] {processor.py:157} INFO - Started process (PID=69329) to work on /opt/homebrew/lib/python3.11/site-packages/airflow/example_dags/example_time_delta_sensor_async.py
[2023-09-14T10:52:25.661+0800] {processor.py:829} INFO - Processing file /opt/homebrew/lib/python3.11/site-packages/airflow/example_dags/example_time_delta_sensor_async.py for tasks to queue
[2023-09-14T10:52:25.661+0800] {logging_mixin.py:151} INFO - [2023-09-14T10:52:25.661+0800] {dagbag.py:539} INFO - Filling up the DagBag from /opt/homebrew/lib/python3.11/site-packages/airflow/example_dags/example_time_delta_sensor_async.py
[2023-09-14T10:52:25.676+0800] {processor.py:839} INFO - DAG(s) dict_keys(['example_time_delta_sensor_async']) retrieved from /opt/homebrew/lib/python3.11/site-packages/airflow/example_dags/example_time_delta_sensor_async.py
[2023-09-14T10:52:25.778+0800] {logging_mixin.py:151} INFO - [2023-09-14T10:52:25.778+0800] {dag.py:2915} INFO - Sync 1 DAGs
[2023-09-14T10:52:25.783+0800] {logging_mixin.py:151} INFO - [2023-09-14T10:52:25.783+0800] {dag.py:3696} INFO - Setting next_dagrun for example_time_delta_sensor_async to None, run_after=None
[2023-09-14T10:52:25.794+0800] {processor.py:179} INFO - Processing /opt/homebrew/lib/python3.11/site-packages/airflow/example_dags/example_time_delta_sensor_async.py took 0.134 seconds
[2023-09-14T10:53:21.235+0800] {processor.py:157} INFO - Started process (PID=69435) to work on /opt/homebrew/lib/python3.11/site-packages/airflow/example_dags/example_time_delta_sensor_async.py
[2023-09-14T10:53:21.236+0800] {processor.py:829} INFO - Processing file /opt/homebrew/lib/python3.11/site-packages/airflow/example_dags/example_time_delta_sensor_async.py for tasks to queue
[2023-09-14T10:53:21.236+0800] {logging_mixin.py:151} INFO - [2023-09-14T10:53:21.236+0800] {dagbag.py:539} INFO - Filling up the DagBag from /opt/homebrew/lib/python3.11/site-packages/airflow/example_dags/example_time_delta_sensor_async.py
[2023-09-14T10:53:21.252+0800] {processor.py:839} INFO - DAG(s) dict_keys(['example_time_delta_sensor_async']) retrieved from /opt/homebrew/lib/python3.11/site-packages/airflow/example_dags/example_time_delta_sensor_async.py
[2023-09-14T10:53:21.353+0800] {logging_mixin.py:151} INFO - [2023-09-14T10:53:21.353+0800] {dag.py:2915} INFO - Sync 1 DAGs
[2023-09-14T10:53:21.358+0800] {logging_mixin.py:151} INFO - [2023-09-14T10:53:21.358+0800] {dag.py:3696} INFO - Setting next_dagrun for example_time_delta_sensor_async to None, run_after=None
[2023-09-14T10:53:21.370+0800] {processor.py:179} INFO - Processing /opt/homebrew/lib/python3.11/site-packages/airflow/example_dags/example_time_delta_sensor_async.py took 0.135 seconds
[2023-09-14T10:54:16.397+0800] {processor.py:157} INFO - Started process (PID=69544) to work on /opt/homebrew/lib/python3.11/site-packages/airflow/example_dags/example_time_delta_sensor_async.py
[2023-09-14T10:54:16.397+0800] {processor.py:829} INFO - Processing file /opt/homebrew/lib/python3.11/site-packages/airflow/example_dags/example_time_delta_sensor_async.py for tasks to queue
[2023-09-14T10:54:16.398+0800] {logging_mixin.py:151} INFO - [2023-09-14T10:54:16.398+0800] {dagbag.py:539} INFO - Filling up the DagBag from /opt/homebrew/lib/python3.11/site-packages/airflow/example_dags/example_time_delta_sensor_async.py
[2023-09-14T10:54:16.414+0800] {processor.py:839} INFO - DAG(s) dict_keys(['example_time_delta_sensor_async']) retrieved from /opt/homebrew/lib/python3.11/site-packages/airflow/example_dags/example_time_delta_sensor_async.py
[2023-09-14T10:54:16.517+0800] {logging_mixin.py:151} INFO - [2023-09-14T10:54:16.516+0800] {dag.py:2915} INFO - Sync 1 DAGs
[2023-09-14T10:54:16.521+0800] {logging_mixin.py:151} INFO - [2023-09-14T10:54:16.521+0800] {dag.py:3696} INFO - Setting next_dagrun for example_time_delta_sensor_async to None, run_after=None
[2023-09-14T10:54:16.532+0800] {processor.py:179} INFO - Processing /opt/homebrew/lib/python3.11/site-packages/airflow/example_dags/example_time_delta_sensor_async.py took 0.136 seconds
[2023-09-14T10:55:59.134+0800] {processor.py:157} INFO - Started process (PID=69733) to work on /opt/homebrew/lib/python3.11/site-packages/airflow/example_dags/example_time_delta_sensor_async.py
[2023-09-14T10:55:59.135+0800] {processor.py:829} INFO - Processing file /opt/homebrew/lib/python3.11/site-packages/airflow/example_dags/example_time_delta_sensor_async.py for tasks to queue
[2023-09-14T10:55:59.135+0800] {logging_mixin.py:151} INFO - [2023-09-14T10:55:59.135+0800] {dagbag.py:539} INFO - Filling up the DagBag from /opt/homebrew/lib/python3.11/site-packages/airflow/example_dags/example_time_delta_sensor_async.py
[2023-09-14T10:55:59.150+0800] {processor.py:839} INFO - DAG(s) dict_keys(['example_time_delta_sensor_async']) retrieved from /opt/homebrew/lib/python3.11/site-packages/airflow/example_dags/example_time_delta_sensor_async.py
[2023-09-14T10:55:59.256+0800] {logging_mixin.py:151} INFO - [2023-09-14T10:55:59.255+0800] {dag.py:2915} INFO - Sync 1 DAGs
[2023-09-14T10:55:59.260+0800] {logging_mixin.py:151} INFO - [2023-09-14T10:55:59.260+0800] {dag.py:3696} INFO - Setting next_dagrun for example_time_delta_sensor_async to None, run_after=None
[2023-09-14T10:55:59.271+0800] {processor.py:179} INFO - Processing /opt/homebrew/lib/python3.11/site-packages/airflow/example_dags/example_time_delta_sensor_async.py took 0.138 seconds
[2023-09-14T10:56:53.818+0800] {processor.py:157} INFO - Started process (PID=69831) to work on /opt/homebrew/lib/python3.11/site-packages/airflow/example_dags/example_time_delta_sensor_async.py
[2023-09-14T10:56:53.819+0800] {processor.py:829} INFO - Processing file /opt/homebrew/lib/python3.11/site-packages/airflow/example_dags/example_time_delta_sensor_async.py for tasks to queue
[2023-09-14T10:56:53.819+0800] {logging_mixin.py:151} INFO - [2023-09-14T10:56:53.819+0800] {dagbag.py:539} INFO - Filling up the DagBag from /opt/homebrew/lib/python3.11/site-packages/airflow/example_dags/example_time_delta_sensor_async.py
[2023-09-14T10:56:53.834+0800] {processor.py:839} INFO - DAG(s) dict_keys(['example_time_delta_sensor_async']) retrieved from /opt/homebrew/lib/python3.11/site-packages/airflow/example_dags/example_time_delta_sensor_async.py
[2023-09-14T10:56:53.936+0800] {logging_mixin.py:151} INFO - [2023-09-14T10:56:53.936+0800] {dag.py:2915} INFO - Sync 1 DAGs
[2023-09-14T10:56:53.940+0800] {logging_mixin.py:151} INFO - [2023-09-14T10:56:53.940+0800] {dag.py:3696} INFO - Setting next_dagrun for example_time_delta_sensor_async to None, run_after=None
[2023-09-14T10:56:53.951+0800] {processor.py:179} INFO - Processing /opt/homebrew/lib/python3.11/site-packages/airflow/example_dags/example_time_delta_sensor_async.py took 0.134 seconds
[2023-09-14T10:58:32.699+0800] {processor.py:157} INFO - Started process (PID=70011) to work on /opt/homebrew/lib/python3.11/site-packages/airflow/example_dags/example_time_delta_sensor_async.py
[2023-09-14T10:58:32.699+0800] {processor.py:829} INFO - Processing file /opt/homebrew/lib/python3.11/site-packages/airflow/example_dags/example_time_delta_sensor_async.py for tasks to queue
[2023-09-14T10:58:32.699+0800] {logging_mixin.py:151} INFO - [2023-09-14T10:58:32.699+0800] {dagbag.py:539} INFO - Filling up the DagBag from /opt/homebrew/lib/python3.11/site-packages/airflow/example_dags/example_time_delta_sensor_async.py
[2023-09-14T10:58:32.714+0800] {processor.py:839} INFO - DAG(s) dict_keys(['example_time_delta_sensor_async']) retrieved from /opt/homebrew/lib/python3.11/site-packages/airflow/example_dags/example_time_delta_sensor_async.py
[2023-09-14T10:58:32.816+0800] {logging_mixin.py:151} INFO - [2023-09-14T10:58:32.816+0800] {dag.py:2915} INFO - Sync 1 DAGs
[2023-09-14T10:58:32.821+0800] {logging_mixin.py:151} INFO - [2023-09-14T10:58:32.821+0800] {dag.py:3696} INFO - Setting next_dagrun for example_time_delta_sensor_async to None, run_after=None
[2023-09-14T10:58:32.832+0800] {processor.py:179} INFO - Processing /opt/homebrew/lib/python3.11/site-packages/airflow/example_dags/example_time_delta_sensor_async.py took 0.134 seconds
[2023-09-14T11:00:14.443+0800] {processor.py:157} INFO - Started process (PID=70201) to work on /opt/homebrew/lib/python3.11/site-packages/airflow/example_dags/example_time_delta_sensor_async.py
[2023-09-14T11:00:14.444+0800] {processor.py:829} INFO - Processing file /opt/homebrew/lib/python3.11/site-packages/airflow/example_dags/example_time_delta_sensor_async.py for tasks to queue
[2023-09-14T11:00:14.444+0800] {logging_mixin.py:151} INFO - [2023-09-14T11:00:14.444+0800] {dagbag.py:539} INFO - Filling up the DagBag from /opt/homebrew/lib/python3.11/site-packages/airflow/example_dags/example_time_delta_sensor_async.py
[2023-09-14T11:00:14.459+0800] {processor.py:839} INFO - DAG(s) dict_keys(['example_time_delta_sensor_async']) retrieved from /opt/homebrew/lib/python3.11/site-packages/airflow/example_dags/example_time_delta_sensor_async.py
[2023-09-14T11:00:14.561+0800] {logging_mixin.py:151} INFO - [2023-09-14T11:00:14.561+0800] {dag.py:2915} INFO - Sync 1 DAGs
[2023-09-14T11:00:14.565+0800] {logging_mixin.py:151} INFO - [2023-09-14T11:00:14.565+0800] {dag.py:3696} INFO - Setting next_dagrun for example_time_delta_sensor_async to None, run_after=None
[2023-09-14T11:00:14.576+0800] {processor.py:179} INFO - Processing /opt/homebrew/lib/python3.11/site-packages/airflow/example_dags/example_time_delta_sensor_async.py took 0.134 seconds
[2023-09-14T11:01:59.632+0800] {processor.py:157} INFO - Started process (PID=70387) to work on /opt/homebrew/lib/python3.11/site-packages/airflow/example_dags/example_time_delta_sensor_async.py
[2023-09-14T11:01:59.633+0800] {processor.py:829} INFO - Processing file /opt/homebrew/lib/python3.11/site-packages/airflow/example_dags/example_time_delta_sensor_async.py for tasks to queue
[2023-09-14T11:01:59.633+0800] {logging_mixin.py:151} INFO - [2023-09-14T11:01:59.633+0800] {dagbag.py:539} INFO - Filling up the DagBag from /opt/homebrew/lib/python3.11/site-packages/airflow/example_dags/example_time_delta_sensor_async.py
[2023-09-14T11:01:59.648+0800] {processor.py:839} INFO - DAG(s) dict_keys(['example_time_delta_sensor_async']) retrieved from /opt/homebrew/lib/python3.11/site-packages/airflow/example_dags/example_time_delta_sensor_async.py
[2023-09-14T11:01:59.750+0800] {logging_mixin.py:151} INFO - [2023-09-14T11:01:59.750+0800] {dag.py:2915} INFO - Sync 1 DAGs
[2023-09-14T11:01:59.755+0800] {logging_mixin.py:151} INFO - [2023-09-14T11:01:59.754+0800] {dag.py:3696} INFO - Setting next_dagrun for example_time_delta_sensor_async to None, run_after=None
[2023-09-14T11:01:59.765+0800] {processor.py:179} INFO - Processing /opt/homebrew/lib/python3.11/site-packages/airflow/example_dags/example_time_delta_sensor_async.py took 0.133 seconds
[2023-09-14T11:03:42.169+0800] {processor.py:157} INFO - Started process (PID=70571) to work on /opt/homebrew/lib/python3.11/site-packages/airflow/example_dags/example_time_delta_sensor_async.py
[2023-09-14T11:03:42.169+0800] {processor.py:829} INFO - Processing file /opt/homebrew/lib/python3.11/site-packages/airflow/example_dags/example_time_delta_sensor_async.py for tasks to queue
[2023-09-14T11:03:42.169+0800] {logging_mixin.py:151} INFO - [2023-09-14T11:03:42.169+0800] {dagbag.py:539} INFO - Filling up the DagBag from /opt/homebrew/lib/python3.11/site-packages/airflow/example_dags/example_time_delta_sensor_async.py
[2023-09-14T11:03:42.184+0800] {processor.py:839} INFO - DAG(s) dict_keys(['example_time_delta_sensor_async']) retrieved from /opt/homebrew/lib/python3.11/site-packages/airflow/example_dags/example_time_delta_sensor_async.py
[2023-09-14T11:03:42.286+0800] {logging_mixin.py:151} INFO - [2023-09-14T11:03:42.286+0800] {dag.py:2915} INFO - Sync 1 DAGs
[2023-09-14T11:03:42.291+0800] {logging_mixin.py:151} INFO - [2023-09-14T11:03:42.291+0800] {dag.py:3696} INFO - Setting next_dagrun for example_time_delta_sensor_async to None, run_after=None
[2023-09-14T11:03:42.301+0800] {processor.py:179} INFO - Processing /opt/homebrew/lib/python3.11/site-packages/airflow/example_dags/example_time_delta_sensor_async.py took 0.133 seconds
[2023-09-14T11:05:27.672+0800] {processor.py:157} INFO - Started process (PID=70782) to work on /opt/homebrew/lib/python3.11/site-packages/airflow/example_dags/example_time_delta_sensor_async.py
[2023-09-14T11:05:27.673+0800] {processor.py:829} INFO - Processing file /opt/homebrew/lib/python3.11/site-packages/airflow/example_dags/example_time_delta_sensor_async.py for tasks to queue
[2023-09-14T11:05:27.673+0800] {logging_mixin.py:151} INFO - [2023-09-14T11:05:27.673+0800] {dagbag.py:539} INFO - Filling up the DagBag from /opt/homebrew/lib/python3.11/site-packages/airflow/example_dags/example_time_delta_sensor_async.py
[2023-09-14T11:05:27.688+0800] {processor.py:839} INFO - DAG(s) dict_keys(['example_time_delta_sensor_async']) retrieved from /opt/homebrew/lib/python3.11/site-packages/airflow/example_dags/example_time_delta_sensor_async.py
[2023-09-14T11:05:27.790+0800] {logging_mixin.py:151} INFO - [2023-09-14T11:05:27.790+0800] {dag.py:2915} INFO - Sync 1 DAGs
[2023-09-14T11:05:27.794+0800] {logging_mixin.py:151} INFO - [2023-09-14T11:05:27.794+0800] {dag.py:3696} INFO - Setting next_dagrun for example_time_delta_sensor_async to None, run_after=None
[2023-09-14T11:05:27.805+0800] {processor.py:179} INFO - Processing /opt/homebrew/lib/python3.11/site-packages/airflow/example_dags/example_time_delta_sensor_async.py took 0.134 seconds
[2023-09-14T11:07:09.693+0800] {processor.py:157} INFO - Started process (PID=70964) to work on /opt/homebrew/lib/python3.11/site-packages/airflow/example_dags/example_time_delta_sensor_async.py
[2023-09-14T11:07:09.693+0800] {processor.py:829} INFO - Processing file /opt/homebrew/lib/python3.11/site-packages/airflow/example_dags/example_time_delta_sensor_async.py for tasks to queue
[2023-09-14T11:07:09.693+0800] {logging_mixin.py:151} INFO - [2023-09-14T11:07:09.693+0800] {dagbag.py:539} INFO - Filling up the DagBag from /opt/homebrew/lib/python3.11/site-packages/airflow/example_dags/example_time_delta_sensor_async.py
[2023-09-14T11:07:09.708+0800] {processor.py:839} INFO - DAG(s) dict_keys(['example_time_delta_sensor_async']) retrieved from /opt/homebrew/lib/python3.11/site-packages/airflow/example_dags/example_time_delta_sensor_async.py
[2023-09-14T11:07:09.810+0800] {logging_mixin.py:151} INFO - [2023-09-14T11:07:09.810+0800] {dag.py:2915} INFO - Sync 1 DAGs
[2023-09-14T11:07:09.815+0800] {logging_mixin.py:151} INFO - [2023-09-14T11:07:09.815+0800] {dag.py:3696} INFO - Setting next_dagrun for example_time_delta_sensor_async to None, run_after=None
[2023-09-14T11:07:09.825+0800] {processor.py:179} INFO - Processing /opt/homebrew/lib/python3.11/site-packages/airflow/example_dags/example_time_delta_sensor_async.py took 0.133 seconds
[2023-09-14T11:08:52.919+0800] {processor.py:157} INFO - Started process (PID=71159) to work on /opt/homebrew/lib/python3.11/site-packages/airflow/example_dags/example_time_delta_sensor_async.py
[2023-09-14T11:08:52.920+0800] {processor.py:829} INFO - Processing file /opt/homebrew/lib/python3.11/site-packages/airflow/example_dags/example_time_delta_sensor_async.py for tasks to queue
[2023-09-14T11:08:52.920+0800] {logging_mixin.py:151} INFO - [2023-09-14T11:08:52.920+0800] {dagbag.py:539} INFO - Filling up the DagBag from /opt/homebrew/lib/python3.11/site-packages/airflow/example_dags/example_time_delta_sensor_async.py
[2023-09-14T11:08:52.936+0800] {processor.py:839} INFO - DAG(s) dict_keys(['example_time_delta_sensor_async']) retrieved from /opt/homebrew/lib/python3.11/site-packages/airflow/example_dags/example_time_delta_sensor_async.py
[2023-09-14T11:08:53.038+0800] {logging_mixin.py:151} INFO - [2023-09-14T11:08:53.037+0800] {dag.py:2915} INFO - Sync 1 DAGs
[2023-09-14T11:08:53.042+0800] {logging_mixin.py:151} INFO - [2023-09-14T11:08:53.042+0800] {dag.py:3696} INFO - Setting next_dagrun for example_time_delta_sensor_async to None, run_after=None
[2023-09-14T11:08:53.053+0800] {processor.py:179} INFO - Processing /opt/homebrew/lib/python3.11/site-packages/airflow/example_dags/example_time_delta_sensor_async.py took 0.135 seconds
[2023-09-14T11:24:01.068+0800] {processor.py:157} INFO - Started process (PID=71287) to work on /opt/homebrew/lib/python3.11/site-packages/airflow/example_dags/example_time_delta_sensor_async.py
[2023-09-14T11:24:01.068+0800] {processor.py:829} INFO - Processing file /opt/homebrew/lib/python3.11/site-packages/airflow/example_dags/example_time_delta_sensor_async.py for tasks to queue
[2023-09-14T11:24:01.069+0800] {logging_mixin.py:151} INFO - [2023-09-14T11:24:01.068+0800] {dagbag.py:539} INFO - Filling up the DagBag from /opt/homebrew/lib/python3.11/site-packages/airflow/example_dags/example_time_delta_sensor_async.py
[2023-09-14T11:24:01.084+0800] {processor.py:839} INFO - DAG(s) dict_keys(['example_time_delta_sensor_async']) retrieved from /opt/homebrew/lib/python3.11/site-packages/airflow/example_dags/example_time_delta_sensor_async.py
[2023-09-14T11:24:01.186+0800] {logging_mixin.py:151} INFO - [2023-09-14T11:24:01.186+0800] {dag.py:2915} INFO - Sync 1 DAGs
[2023-09-14T11:24:01.191+0800] {logging_mixin.py:151} INFO - [2023-09-14T11:24:01.191+0800] {dag.py:3696} INFO - Setting next_dagrun for example_time_delta_sensor_async to None, run_after=None
[2023-09-14T11:24:01.202+0800] {processor.py:179} INFO - Processing /opt/homebrew/lib/python3.11/site-packages/airflow/example_dags/example_time_delta_sensor_async.py took 0.134 seconds
[2023-09-14T11:25:04.927+0800] {processor.py:157} INFO - Started process (PID=71398) to work on /opt/homebrew/lib/python3.11/site-packages/airflow/example_dags/example_time_delta_sensor_async.py
[2023-09-14T11:25:04.927+0800] {processor.py:829} INFO - Processing file /opt/homebrew/lib/python3.11/site-packages/airflow/example_dags/example_time_delta_sensor_async.py for tasks to queue
[2023-09-14T11:25:04.927+0800] {logging_mixin.py:151} INFO - [2023-09-14T11:25:04.927+0800] {dagbag.py:539} INFO - Filling up the DagBag from /opt/homebrew/lib/python3.11/site-packages/airflow/example_dags/example_time_delta_sensor_async.py
[2023-09-14T11:25:04.942+0800] {processor.py:839} INFO - DAG(s) dict_keys(['example_time_delta_sensor_async']) retrieved from /opt/homebrew/lib/python3.11/site-packages/airflow/example_dags/example_time_delta_sensor_async.py
[2023-09-14T11:25:05.044+0800] {logging_mixin.py:151} INFO - [2023-09-14T11:25:05.044+0800] {dag.py:2915} INFO - Sync 1 DAGs
[2023-09-14T11:25:05.049+0800] {logging_mixin.py:151} INFO - [2023-09-14T11:25:05.049+0800] {dag.py:3696} INFO - Setting next_dagrun for example_time_delta_sensor_async to None, run_after=None
[2023-09-14T11:25:05.060+0800] {processor.py:179} INFO - Processing /opt/homebrew/lib/python3.11/site-packages/airflow/example_dags/example_time_delta_sensor_async.py took 0.134 seconds
[2023-09-14T11:26:00.283+0800] {processor.py:157} INFO - Started process (PID=71495) to work on /opt/homebrew/lib/python3.11/site-packages/airflow/example_dags/example_time_delta_sensor_async.py
[2023-09-14T11:26:00.283+0800] {processor.py:829} INFO - Processing file /opt/homebrew/lib/python3.11/site-packages/airflow/example_dags/example_time_delta_sensor_async.py for tasks to queue
[2023-09-14T11:26:00.284+0800] {logging_mixin.py:151} INFO - [2023-09-14T11:26:00.283+0800] {dagbag.py:539} INFO - Filling up the DagBag from /opt/homebrew/lib/python3.11/site-packages/airflow/example_dags/example_time_delta_sensor_async.py
[2023-09-14T11:26:00.298+0800] {processor.py:839} INFO - DAG(s) dict_keys(['example_time_delta_sensor_async']) retrieved from /opt/homebrew/lib/python3.11/site-packages/airflow/example_dags/example_time_delta_sensor_async.py
[2023-09-14T11:26:00.400+0800] {logging_mixin.py:151} INFO - [2023-09-14T11:26:00.400+0800] {dag.py:2915} INFO - Sync 1 DAGs
[2023-09-14T11:26:00.405+0800] {logging_mixin.py:151} INFO - [2023-09-14T11:26:00.405+0800] {dag.py:3696} INFO - Setting next_dagrun for example_time_delta_sensor_async to None, run_after=None
[2023-09-14T11:26:00.416+0800] {processor.py:179} INFO - Processing /opt/homebrew/lib/python3.11/site-packages/airflow/example_dags/example_time_delta_sensor_async.py took 0.134 seconds
[2023-09-14T11:27:43.796+0800] {processor.py:157} INFO - Started process (PID=71680) to work on /opt/homebrew/lib/python3.11/site-packages/airflow/example_dags/example_time_delta_sensor_async.py
[2023-09-14T11:27:43.797+0800] {processor.py:829} INFO - Processing file /opt/homebrew/lib/python3.11/site-packages/airflow/example_dags/example_time_delta_sensor_async.py for tasks to queue
[2023-09-14T11:27:43.797+0800] {logging_mixin.py:151} INFO - [2023-09-14T11:27:43.797+0800] {dagbag.py:539} INFO - Filling up the DagBag from /opt/homebrew/lib/python3.11/site-packages/airflow/example_dags/example_time_delta_sensor_async.py
[2023-09-14T11:27:43.812+0800] {processor.py:839} INFO - DAG(s) dict_keys(['example_time_delta_sensor_async']) retrieved from /opt/homebrew/lib/python3.11/site-packages/airflow/example_dags/example_time_delta_sensor_async.py
[2023-09-14T11:27:43.914+0800] {logging_mixin.py:151} INFO - [2023-09-14T11:27:43.913+0800] {dag.py:2915} INFO - Sync 1 DAGs
[2023-09-14T11:27:43.918+0800] {logging_mixin.py:151} INFO - [2023-09-14T11:27:43.918+0800] {dag.py:3696} INFO - Setting next_dagrun for example_time_delta_sensor_async to None, run_after=None
[2023-09-14T11:27:43.929+0800] {processor.py:179} INFO - Processing /opt/homebrew/lib/python3.11/site-packages/airflow/example_dags/example_time_delta_sensor_async.py took 0.134 seconds
[2023-09-14T11:29:26.980+0800] {processor.py:157} INFO - Started process (PID=71869) to work on /opt/homebrew/lib/python3.11/site-packages/airflow/example_dags/example_time_delta_sensor_async.py
[2023-09-14T11:29:26.980+0800] {processor.py:829} INFO - Processing file /opt/homebrew/lib/python3.11/site-packages/airflow/example_dags/example_time_delta_sensor_async.py for tasks to queue
[2023-09-14T11:29:26.980+0800] {logging_mixin.py:151} INFO - [2023-09-14T11:29:26.980+0800] {dagbag.py:539} INFO - Filling up the DagBag from /opt/homebrew/lib/python3.11/site-packages/airflow/example_dags/example_time_delta_sensor_async.py
[2023-09-14T11:29:26.995+0800] {processor.py:839} INFO - DAG(s) dict_keys(['example_time_delta_sensor_async']) retrieved from /opt/homebrew/lib/python3.11/site-packages/airflow/example_dags/example_time_delta_sensor_async.py
[2023-09-14T11:29:27.097+0800] {logging_mixin.py:151} INFO - [2023-09-14T11:29:27.097+0800] {dag.py:2915} INFO - Sync 1 DAGs
[2023-09-14T11:29:27.102+0800] {logging_mixin.py:151} INFO - [2023-09-14T11:29:27.102+0800] {dag.py:3696} INFO - Setting next_dagrun for example_time_delta_sensor_async to None, run_after=None
[2023-09-14T11:29:27.113+0800] {processor.py:179} INFO - Processing /opt/homebrew/lib/python3.11/site-packages/airflow/example_dags/example_time_delta_sensor_async.py took 0.134 seconds
[2023-09-14T11:31:08.499+0800] {processor.py:157} INFO - Started process (PID=72047) to work on /opt/homebrew/lib/python3.11/site-packages/airflow/example_dags/example_time_delta_sensor_async.py
[2023-09-14T11:31:08.499+0800] {processor.py:829} INFO - Processing file /opt/homebrew/lib/python3.11/site-packages/airflow/example_dags/example_time_delta_sensor_async.py for tasks to queue
[2023-09-14T11:31:08.500+0800] {logging_mixin.py:151} INFO - [2023-09-14T11:31:08.500+0800] {dagbag.py:539} INFO - Filling up the DagBag from /opt/homebrew/lib/python3.11/site-packages/airflow/example_dags/example_time_delta_sensor_async.py
[2023-09-14T11:31:08.515+0800] {processor.py:839} INFO - DAG(s) dict_keys(['example_time_delta_sensor_async']) retrieved from /opt/homebrew/lib/python3.11/site-packages/airflow/example_dags/example_time_delta_sensor_async.py
[2023-09-14T11:31:08.617+0800] {logging_mixin.py:151} INFO - [2023-09-14T11:31:08.616+0800] {dag.py:2915} INFO - Sync 1 DAGs
[2023-09-14T11:31:08.621+0800] {logging_mixin.py:151} INFO - [2023-09-14T11:31:08.621+0800] {dag.py:3696} INFO - Setting next_dagrun for example_time_delta_sensor_async to None, run_after=None
[2023-09-14T11:31:08.632+0800] {processor.py:179} INFO - Processing /opt/homebrew/lib/python3.11/site-packages/airflow/example_dags/example_time_delta_sensor_async.py took 0.134 seconds
[2023-09-14T11:32:01.260+0800] {processor.py:157} INFO - Started process (PID=72141) to work on /opt/homebrew/lib/python3.11/site-packages/airflow/example_dags/example_time_delta_sensor_async.py
[2023-09-14T11:32:01.261+0800] {processor.py:829} INFO - Processing file /opt/homebrew/lib/python3.11/site-packages/airflow/example_dags/example_time_delta_sensor_async.py for tasks to queue
[2023-09-14T11:32:01.261+0800] {logging_mixin.py:151} INFO - [2023-09-14T11:32:01.261+0800] {dagbag.py:539} INFO - Filling up the DagBag from /opt/homebrew/lib/python3.11/site-packages/airflow/example_dags/example_time_delta_sensor_async.py
[2023-09-14T11:32:01.276+0800] {processor.py:839} INFO - DAG(s) dict_keys(['example_time_delta_sensor_async']) retrieved from /opt/homebrew/lib/python3.11/site-packages/airflow/example_dags/example_time_delta_sensor_async.py
[2023-09-14T11:32:01.378+0800] {logging_mixin.py:151} INFO - [2023-09-14T11:32:01.378+0800] {dag.py:2915} INFO - Sync 1 DAGs
[2023-09-14T11:32:01.383+0800] {logging_mixin.py:151} INFO - [2023-09-14T11:32:01.383+0800] {dag.py:3696} INFO - Setting next_dagrun for example_time_delta_sensor_async to None, run_after=None
[2023-09-14T11:32:01.394+0800] {processor.py:179} INFO - Processing /opt/homebrew/lib/python3.11/site-packages/airflow/example_dags/example_time_delta_sensor_async.py took 0.134 seconds
[2023-09-14T11:32:56.528+0800] {processor.py:157} INFO - Started process (PID=72245) to work on /opt/homebrew/lib/python3.11/site-packages/airflow/example_dags/example_time_delta_sensor_async.py
[2023-09-14T11:32:56.529+0800] {processor.py:829} INFO - Processing file /opt/homebrew/lib/python3.11/site-packages/airflow/example_dags/example_time_delta_sensor_async.py for tasks to queue
[2023-09-14T11:32:56.529+0800] {logging_mixin.py:151} INFO - [2023-09-14T11:32:56.529+0800] {dagbag.py:539} INFO - Filling up the DagBag from /opt/homebrew/lib/python3.11/site-packages/airflow/example_dags/example_time_delta_sensor_async.py
[2023-09-14T11:32:56.544+0800] {processor.py:839} INFO - DAG(s) dict_keys(['example_time_delta_sensor_async']) retrieved from /opt/homebrew/lib/python3.11/site-packages/airflow/example_dags/example_time_delta_sensor_async.py
[2023-09-14T11:32:56.647+0800] {logging_mixin.py:151} INFO - [2023-09-14T11:32:56.647+0800] {dag.py:2915} INFO - Sync 1 DAGs
[2023-09-14T11:32:56.651+0800] {logging_mixin.py:151} INFO - [2023-09-14T11:32:56.651+0800] {dag.py:3696} INFO - Setting next_dagrun for example_time_delta_sensor_async to None, run_after=None
[2023-09-14T11:32:56.662+0800] {processor.py:179} INFO - Processing /opt/homebrew/lib/python3.11/site-packages/airflow/example_dags/example_time_delta_sensor_async.py took 0.135 seconds
[2023-09-14T11:34:42.844+0800] {processor.py:157} INFO - Started process (PID=72435) to work on /opt/homebrew/lib/python3.11/site-packages/airflow/example_dags/example_time_delta_sensor_async.py
[2023-09-14T11:34:42.845+0800] {processor.py:829} INFO - Processing file /opt/homebrew/lib/python3.11/site-packages/airflow/example_dags/example_time_delta_sensor_async.py for tasks to queue
[2023-09-14T11:34:42.845+0800] {logging_mixin.py:151} INFO - [2023-09-14T11:34:42.845+0800] {dagbag.py:539} INFO - Filling up the DagBag from /opt/homebrew/lib/python3.11/site-packages/airflow/example_dags/example_time_delta_sensor_async.py
[2023-09-14T11:34:42.860+0800] {processor.py:839} INFO - DAG(s) dict_keys(['example_time_delta_sensor_async']) retrieved from /opt/homebrew/lib/python3.11/site-packages/airflow/example_dags/example_time_delta_sensor_async.py
[2023-09-14T11:34:42.962+0800] {logging_mixin.py:151} INFO - [2023-09-14T11:34:42.962+0800] {dag.py:2915} INFO - Sync 1 DAGs
[2023-09-14T11:34:42.967+0800] {logging_mixin.py:151} INFO - [2023-09-14T11:34:42.967+0800] {dag.py:3696} INFO - Setting next_dagrun for example_time_delta_sensor_async to None, run_after=None
[2023-09-14T11:34:42.978+0800] {processor.py:179} INFO - Processing /opt/homebrew/lib/python3.11/site-packages/airflow/example_dags/example_time_delta_sensor_async.py took 0.134 seconds
[2023-09-14T11:35:37.341+0800] {processor.py:157} INFO - Started process (PID=72530) to work on /opt/homebrew/lib/python3.11/site-packages/airflow/example_dags/example_time_delta_sensor_async.py
[2023-09-14T11:35:37.341+0800] {processor.py:829} INFO - Processing file /opt/homebrew/lib/python3.11/site-packages/airflow/example_dags/example_time_delta_sensor_async.py for tasks to queue
[2023-09-14T11:35:37.341+0800] {logging_mixin.py:151} INFO - [2023-09-14T11:35:37.341+0800] {dagbag.py:539} INFO - Filling up the DagBag from /opt/homebrew/lib/python3.11/site-packages/airflow/example_dags/example_time_delta_sensor_async.py
[2023-09-14T11:35:37.356+0800] {processor.py:839} INFO - DAG(s) dict_keys(['example_time_delta_sensor_async']) retrieved from /opt/homebrew/lib/python3.11/site-packages/airflow/example_dags/example_time_delta_sensor_async.py
[2023-09-14T11:35:37.458+0800] {logging_mixin.py:151} INFO - [2023-09-14T11:35:37.458+0800] {dag.py:2915} INFO - Sync 1 DAGs
[2023-09-14T11:35:37.463+0800] {logging_mixin.py:151} INFO - [2023-09-14T11:35:37.463+0800] {dag.py:3696} INFO - Setting next_dagrun for example_time_delta_sensor_async to None, run_after=None
[2023-09-14T11:35:37.474+0800] {processor.py:179} INFO - Processing /opt/homebrew/lib/python3.11/site-packages/airflow/example_dags/example_time_delta_sensor_async.py took 0.134 seconds
[2023-09-14T11:36:32.672+0800] {processor.py:157} INFO - Started process (PID=72625) to work on /opt/homebrew/lib/python3.11/site-packages/airflow/example_dags/example_time_delta_sensor_async.py
[2023-09-14T11:36:32.673+0800] {processor.py:829} INFO - Processing file /opt/homebrew/lib/python3.11/site-packages/airflow/example_dags/example_time_delta_sensor_async.py for tasks to queue
[2023-09-14T11:36:32.673+0800] {logging_mixin.py:151} INFO - [2023-09-14T11:36:32.673+0800] {dagbag.py:539} INFO - Filling up the DagBag from /opt/homebrew/lib/python3.11/site-packages/airflow/example_dags/example_time_delta_sensor_async.py
[2023-09-14T11:36:32.688+0800] {processor.py:839} INFO - DAG(s) dict_keys(['example_time_delta_sensor_async']) retrieved from /opt/homebrew/lib/python3.11/site-packages/airflow/example_dags/example_time_delta_sensor_async.py
[2023-09-14T11:36:32.790+0800] {logging_mixin.py:151} INFO - [2023-09-14T11:36:32.790+0800] {dag.py:2915} INFO - Sync 1 DAGs
[2023-09-14T11:36:32.795+0800] {logging_mixin.py:151} INFO - [2023-09-14T11:36:32.795+0800] {dag.py:3696} INFO - Setting next_dagrun for example_time_delta_sensor_async to None, run_after=None
[2023-09-14T11:36:32.805+0800] {processor.py:179} INFO - Processing /opt/homebrew/lib/python3.11/site-packages/airflow/example_dags/example_time_delta_sensor_async.py took 0.134 seconds
[2023-09-14T11:38:15.396+0800] {processor.py:157} INFO - Started process (PID=72812) to work on /opt/homebrew/lib/python3.11/site-packages/airflow/example_dags/example_time_delta_sensor_async.py
[2023-09-14T11:38:15.397+0800] {processor.py:829} INFO - Processing file /opt/homebrew/lib/python3.11/site-packages/airflow/example_dags/example_time_delta_sensor_async.py for tasks to queue
[2023-09-14T11:38:15.397+0800] {logging_mixin.py:151} INFO - [2023-09-14T11:38:15.397+0800] {dagbag.py:539} INFO - Filling up the DagBag from /opt/homebrew/lib/python3.11/site-packages/airflow/example_dags/example_time_delta_sensor_async.py
[2023-09-14T11:38:15.412+0800] {processor.py:839} INFO - DAG(s) dict_keys(['example_time_delta_sensor_async']) retrieved from /opt/homebrew/lib/python3.11/site-packages/airflow/example_dags/example_time_delta_sensor_async.py
[2023-09-14T11:38:15.514+0800] {logging_mixin.py:151} INFO - [2023-09-14T11:38:15.514+0800] {dag.py:2915} INFO - Sync 1 DAGs
[2023-09-14T11:38:15.519+0800] {logging_mixin.py:151} INFO - [2023-09-14T11:38:15.519+0800] {dag.py:3696} INFO - Setting next_dagrun for example_time_delta_sensor_async to None, run_after=None
[2023-09-14T11:38:15.530+0800] {processor.py:179} INFO - Processing /opt/homebrew/lib/python3.11/site-packages/airflow/example_dags/example_time_delta_sensor_async.py took 0.134 seconds
[2023-09-14T11:39:52.934+0800] {processor.py:157} INFO - Started process (PID=73011) to work on /opt/homebrew/lib/python3.11/site-packages/airflow/example_dags/example_time_delta_sensor_async.py
[2023-09-14T11:39:52.935+0800] {processor.py:829} INFO - Processing file /opt/homebrew/lib/python3.11/site-packages/airflow/example_dags/example_time_delta_sensor_async.py for tasks to queue
[2023-09-14T11:39:52.935+0800] {logging_mixin.py:151} INFO - [2023-09-14T11:39:52.935+0800] {dagbag.py:539} INFO - Filling up the DagBag from /opt/homebrew/lib/python3.11/site-packages/airflow/example_dags/example_time_delta_sensor_async.py
[2023-09-14T11:39:52.950+0800] {processor.py:839} INFO - DAG(s) dict_keys(['example_time_delta_sensor_async']) retrieved from /opt/homebrew/lib/python3.11/site-packages/airflow/example_dags/example_time_delta_sensor_async.py
[2023-09-14T11:39:53.052+0800] {logging_mixin.py:151} INFO - [2023-09-14T11:39:53.052+0800] {dag.py:2915} INFO - Sync 1 DAGs
[2023-09-14T11:39:53.056+0800] {logging_mixin.py:151} INFO - [2023-09-14T11:39:53.056+0800] {dag.py:3696} INFO - Setting next_dagrun for example_time_delta_sensor_async to None, run_after=None
[2023-09-14T11:39:53.067+0800] {processor.py:179} INFO - Processing /opt/homebrew/lib/python3.11/site-packages/airflow/example_dags/example_time_delta_sensor_async.py took 0.134 seconds
[2023-09-14T11:41:40.943+0800] {processor.py:157} INFO - Started process (PID=73198) to work on /opt/homebrew/lib/python3.11/site-packages/airflow/example_dags/example_time_delta_sensor_async.py
[2023-09-14T11:41:40.943+0800] {processor.py:829} INFO - Processing file /opt/homebrew/lib/python3.11/site-packages/airflow/example_dags/example_time_delta_sensor_async.py for tasks to queue
[2023-09-14T11:41:40.944+0800] {logging_mixin.py:151} INFO - [2023-09-14T11:41:40.944+0800] {dagbag.py:539} INFO - Filling up the DagBag from /opt/homebrew/lib/python3.11/site-packages/airflow/example_dags/example_time_delta_sensor_async.py
[2023-09-14T11:41:40.959+0800] {processor.py:839} INFO - DAG(s) dict_keys(['example_time_delta_sensor_async']) retrieved from /opt/homebrew/lib/python3.11/site-packages/airflow/example_dags/example_time_delta_sensor_async.py
[2023-09-14T11:41:41.062+0800] {logging_mixin.py:151} INFO - [2023-09-14T11:41:41.061+0800] {dag.py:2915} INFO - Sync 1 DAGs
[2023-09-14T11:41:41.066+0800] {logging_mixin.py:151} INFO - [2023-09-14T11:41:41.066+0800] {dag.py:3696} INFO - Setting next_dagrun for example_time_delta_sensor_async to None, run_after=None
[2023-09-14T11:41:41.077+0800] {processor.py:179} INFO - Processing /opt/homebrew/lib/python3.11/site-packages/airflow/example_dags/example_time_delta_sensor_async.py took 0.135 seconds
[2023-09-14T11:43:19.634+0800] {processor.py:157} INFO - Started process (PID=73381) to work on /opt/homebrew/lib/python3.11/site-packages/airflow/example_dags/example_time_delta_sensor_async.py
[2023-09-14T11:43:19.635+0800] {processor.py:829} INFO - Processing file /opt/homebrew/lib/python3.11/site-packages/airflow/example_dags/example_time_delta_sensor_async.py for tasks to queue
[2023-09-14T11:43:19.635+0800] {logging_mixin.py:151} INFO - [2023-09-14T11:43:19.635+0800] {dagbag.py:539} INFO - Filling up the DagBag from /opt/homebrew/lib/python3.11/site-packages/airflow/example_dags/example_time_delta_sensor_async.py
[2023-09-14T11:43:19.650+0800] {processor.py:839} INFO - DAG(s) dict_keys(['example_time_delta_sensor_async']) retrieved from /opt/homebrew/lib/python3.11/site-packages/airflow/example_dags/example_time_delta_sensor_async.py
[2023-09-14T11:43:19.752+0800] {logging_mixin.py:151} INFO - [2023-09-14T11:43:19.752+0800] {dag.py:2915} INFO - Sync 1 DAGs
[2023-09-14T11:43:19.757+0800] {logging_mixin.py:151} INFO - [2023-09-14T11:43:19.757+0800] {dag.py:3696} INFO - Setting next_dagrun for example_time_delta_sensor_async to None, run_after=None
[2023-09-14T11:43:19.768+0800] {processor.py:179} INFO - Processing /opt/homebrew/lib/python3.11/site-packages/airflow/example_dags/example_time_delta_sensor_async.py took 0.135 seconds
[2023-09-14T11:44:14.191+0800] {processor.py:157} INFO - Started process (PID=73471) to work on /opt/homebrew/lib/python3.11/site-packages/airflow/example_dags/example_time_delta_sensor_async.py
[2023-09-14T11:44:14.191+0800] {processor.py:829} INFO - Processing file /opt/homebrew/lib/python3.11/site-packages/airflow/example_dags/example_time_delta_sensor_async.py for tasks to queue
[2023-09-14T11:44:14.191+0800] {logging_mixin.py:151} INFO - [2023-09-14T11:44:14.191+0800] {dagbag.py:539} INFO - Filling up the DagBag from /opt/homebrew/lib/python3.11/site-packages/airflow/example_dags/example_time_delta_sensor_async.py
[2023-09-14T11:44:14.206+0800] {processor.py:839} INFO - DAG(s) dict_keys(['example_time_delta_sensor_async']) retrieved from /opt/homebrew/lib/python3.11/site-packages/airflow/example_dags/example_time_delta_sensor_async.py
[2023-09-14T11:44:14.308+0800] {logging_mixin.py:151} INFO - [2023-09-14T11:44:14.308+0800] {dag.py:2915} INFO - Sync 1 DAGs
[2023-09-14T11:44:14.313+0800] {logging_mixin.py:151} INFO - [2023-09-14T11:44:14.313+0800] {dag.py:3696} INFO - Setting next_dagrun for example_time_delta_sensor_async to None, run_after=None
[2023-09-14T11:44:14.324+0800] {processor.py:179} INFO - Processing /opt/homebrew/lib/python3.11/site-packages/airflow/example_dags/example_time_delta_sensor_async.py took 0.133 seconds
[2023-09-14T12:56:18.543+0800] {processor.py:157} INFO - Started process (PID=73736) to work on /opt/homebrew/lib/python3.11/site-packages/airflow/example_dags/example_time_delta_sensor_async.py
[2023-09-14T12:56:18.545+0800] {processor.py:829} INFO - Processing file /opt/homebrew/lib/python3.11/site-packages/airflow/example_dags/example_time_delta_sensor_async.py for tasks to queue
[2023-09-14T12:56:18.545+0800] {logging_mixin.py:151} INFO - [2023-09-14T12:56:18.545+0800] {dagbag.py:539} INFO - Filling up the DagBag from /opt/homebrew/lib/python3.11/site-packages/airflow/example_dags/example_time_delta_sensor_async.py
[2023-09-14T12:56:18.561+0800] {processor.py:839} INFO - DAG(s) dict_keys(['example_time_delta_sensor_async']) retrieved from /opt/homebrew/lib/python3.11/site-packages/airflow/example_dags/example_time_delta_sensor_async.py
[2023-09-14T12:56:18.663+0800] {logging_mixin.py:151} INFO - [2023-09-14T12:56:18.663+0800] {dag.py:2915} INFO - Sync 1 DAGs
[2023-09-14T12:56:18.668+0800] {logging_mixin.py:151} INFO - [2023-09-14T12:56:18.668+0800] {dag.py:3696} INFO - Setting next_dagrun for example_time_delta_sensor_async to None, run_after=None
[2023-09-14T12:56:18.679+0800] {processor.py:179} INFO - Processing /opt/homebrew/lib/python3.11/site-packages/airflow/example_dags/example_time_delta_sensor_async.py took 0.136 seconds
[2023-09-14T16:12:48.148+0800] {processor.py:157} INFO - Started process (PID=74038) to work on /opt/homebrew/lib/python3.11/site-packages/airflow/example_dags/example_time_delta_sensor_async.py
[2023-09-14T16:12:48.149+0800] {processor.py:829} INFO - Processing file /opt/homebrew/lib/python3.11/site-packages/airflow/example_dags/example_time_delta_sensor_async.py for tasks to queue
[2023-09-14T16:12:48.150+0800] {logging_mixin.py:151} INFO - [2023-09-14T16:12:48.149+0800] {dagbag.py:539} INFO - Filling up the DagBag from /opt/homebrew/lib/python3.11/site-packages/airflow/example_dags/example_time_delta_sensor_async.py
[2023-09-14T16:12:48.165+0800] {processor.py:839} INFO - DAG(s) dict_keys(['example_time_delta_sensor_async']) retrieved from /opt/homebrew/lib/python3.11/site-packages/airflow/example_dags/example_time_delta_sensor_async.py
[2023-09-14T16:12:48.266+0800] {logging_mixin.py:151} INFO - [2023-09-14T16:12:48.266+0800] {dag.py:2915} INFO - Sync 1 DAGs
[2023-09-14T16:12:48.271+0800] {logging_mixin.py:151} INFO - [2023-09-14T16:12:48.271+0800] {dag.py:3696} INFO - Setting next_dagrun for example_time_delta_sensor_async to None, run_after=None
[2023-09-14T16:12:48.282+0800] {processor.py:179} INFO - Processing /opt/homebrew/lib/python3.11/site-packages/airflow/example_dags/example_time_delta_sensor_async.py took 0.134 seconds
[2023-09-14T19:29:09.504+0800] {processor.py:157} INFO - Started process (PID=74341) to work on /opt/homebrew/lib/python3.11/site-packages/airflow/example_dags/example_time_delta_sensor_async.py
[2023-09-14T19:29:09.505+0800] {processor.py:829} INFO - Processing file /opt/homebrew/lib/python3.11/site-packages/airflow/example_dags/example_time_delta_sensor_async.py for tasks to queue
[2023-09-14T19:29:09.505+0800] {logging_mixin.py:151} INFO - [2023-09-14T19:29:09.505+0800] {dagbag.py:539} INFO - Filling up the DagBag from /opt/homebrew/lib/python3.11/site-packages/airflow/example_dags/example_time_delta_sensor_async.py
[2023-09-14T19:29:09.520+0800] {processor.py:839} INFO - DAG(s) dict_keys(['example_time_delta_sensor_async']) retrieved from /opt/homebrew/lib/python3.11/site-packages/airflow/example_dags/example_time_delta_sensor_async.py
[2023-09-14T19:29:09.622+0800] {logging_mixin.py:151} INFO - [2023-09-14T19:29:09.622+0800] {dag.py:2915} INFO - Sync 1 DAGs
[2023-09-14T19:29:09.627+0800] {logging_mixin.py:151} INFO - [2023-09-14T19:29:09.627+0800] {dag.py:3696} INFO - Setting next_dagrun for example_time_delta_sensor_async to None, run_after=None
[2023-09-14T19:29:09.638+0800] {processor.py:179} INFO - Processing /opt/homebrew/lib/python3.11/site-packages/airflow/example_dags/example_time_delta_sensor_async.py took 0.135 seconds
[2023-09-14T22:47:52.997+0800] {processor.py:157} INFO - Started process (PID=74708) to work on /opt/homebrew/lib/python3.11/site-packages/airflow/example_dags/example_time_delta_sensor_async.py
[2023-09-14T22:47:52.998+0800] {processor.py:829} INFO - Processing file /opt/homebrew/lib/python3.11/site-packages/airflow/example_dags/example_time_delta_sensor_async.py for tasks to queue
[2023-09-14T22:47:52.998+0800] {logging_mixin.py:151} INFO - [2023-09-14T22:47:52.998+0800] {dagbag.py:539} INFO - Filling up the DagBag from /opt/homebrew/lib/python3.11/site-packages/airflow/example_dags/example_time_delta_sensor_async.py
[2023-09-14T22:47:53.014+0800] {processor.py:839} INFO - DAG(s) dict_keys(['example_time_delta_sensor_async']) retrieved from /opt/homebrew/lib/python3.11/site-packages/airflow/example_dags/example_time_delta_sensor_async.py
[2023-09-14T22:47:53.116+0800] {logging_mixin.py:151} INFO - [2023-09-14T22:47:53.116+0800] {dag.py:2915} INFO - Sync 1 DAGs
[2023-09-14T22:47:53.120+0800] {logging_mixin.py:151} INFO - [2023-09-14T22:47:53.120+0800] {dag.py:3696} INFO - Setting next_dagrun for example_time_delta_sensor_async to None, run_after=None
[2023-09-14T22:47:53.131+0800] {processor.py:179} INFO - Processing /opt/homebrew/lib/python3.11/site-packages/airflow/example_dags/example_time_delta_sensor_async.py took 0.135 seconds
[2023-09-15T02:24:53.759+0800] {processor.py:157} INFO - Started process (PID=75031) to work on /opt/homebrew/lib/python3.11/site-packages/airflow/example_dags/example_time_delta_sensor_async.py
[2023-09-15T02:24:53.760+0800] {processor.py:829} INFO - Processing file /opt/homebrew/lib/python3.11/site-packages/airflow/example_dags/example_time_delta_sensor_async.py for tasks to queue
[2023-09-15T02:24:53.760+0800] {logging_mixin.py:151} INFO - [2023-09-15T02:24:53.760+0800] {dagbag.py:539} INFO - Filling up the DagBag from /opt/homebrew/lib/python3.11/site-packages/airflow/example_dags/example_time_delta_sensor_async.py
[2023-09-15T02:24:53.776+0800] {processor.py:839} INFO - DAG(s) dict_keys(['example_time_delta_sensor_async']) retrieved from /opt/homebrew/lib/python3.11/site-packages/airflow/example_dags/example_time_delta_sensor_async.py
[2023-09-15T02:24:53.879+0800] {logging_mixin.py:151} INFO - [2023-09-15T02:24:53.878+0800] {dag.py:2915} INFO - Sync 1 DAGs
[2023-09-15T02:24:53.884+0800] {logging_mixin.py:151} INFO - [2023-09-15T02:24:53.884+0800] {dag.py:3696} INFO - Setting next_dagrun for example_time_delta_sensor_async to None, run_after=None
[2023-09-15T02:24:53.895+0800] {processor.py:179} INFO - Processing /opt/homebrew/lib/python3.11/site-packages/airflow/example_dags/example_time_delta_sensor_async.py took 0.137 seconds
[2023-09-15T05:38:28.629+0800] {processor.py:157} INFO - Started process (PID=75369) to work on /opt/homebrew/lib/python3.11/site-packages/airflow/example_dags/example_time_delta_sensor_async.py
[2023-09-15T05:38:28.631+0800] {processor.py:829} INFO - Processing file /opt/homebrew/lib/python3.11/site-packages/airflow/example_dags/example_time_delta_sensor_async.py for tasks to queue
[2023-09-15T05:38:28.632+0800] {logging_mixin.py:151} INFO - [2023-09-15T05:38:28.631+0800] {dagbag.py:539} INFO - Filling up the DagBag from /opt/homebrew/lib/python3.11/site-packages/airflow/example_dags/example_time_delta_sensor_async.py
[2023-09-15T05:38:28.647+0800] {processor.py:839} INFO - DAG(s) dict_keys(['example_time_delta_sensor_async']) retrieved from /opt/homebrew/lib/python3.11/site-packages/airflow/example_dags/example_time_delta_sensor_async.py
[2023-09-15T05:38:28.750+0800] {logging_mixin.py:151} INFO - [2023-09-15T05:38:28.750+0800] {dag.py:2915} INFO - Sync 1 DAGs
[2023-09-15T05:38:28.755+0800] {logging_mixin.py:151} INFO - [2023-09-15T05:38:28.755+0800] {dag.py:3696} INFO - Setting next_dagrun for example_time_delta_sensor_async to None, run_after=None
[2023-09-15T05:38:28.766+0800] {processor.py:179} INFO - Processing /opt/homebrew/lib/python3.11/site-packages/airflow/example_dags/example_time_delta_sensor_async.py took 0.137 seconds
