[2023-09-14T10:31:58.747+0800] {processor.py:157} INFO - Started process (PID=67074) to work on /opt/homebrew/lib/python3.11/site-packages/airflow/example_dags/example_branch_datetime_operator.py
[2023-09-14T10:31:58.748+0800] {processor.py:829} INFO - Processing file /opt/homebrew/lib/python3.11/site-packages/airflow/example_dags/example_branch_datetime_operator.py for tasks to queue
[2023-09-14T10:31:58.748+0800] {logging_mixin.py:151} INFO - [2023-09-14T10:31:58.748+0800] {dagbag.py:539} INFO - Filling up the DagBag from /opt/homebrew/lib/python3.11/site-packages/airflow/example_dags/example_branch_datetime_operator.py
[2023-09-14T10:31:58.766+0800] {processor.py:839} INFO - DAG(s) dict_keys(['example_branch_datetime_operator_2', 'example_branch_datetime_operator_3', 'example_branch_datetime_operator']) retrieved from /opt/homebrew/lib/python3.11/site-packages/airflow/example_dags/example_branch_datetime_operator.py
[2023-09-14T10:31:58.879+0800] {logging_mixin.py:151} INFO - [2023-09-14T10:31:58.879+0800] {dag.py:2915} INFO - Sync 3 DAGs
[2023-09-14T10:31:58.888+0800] {logging_mixin.py:151} INFO - [2023-09-14T10:31:58.888+0800] {dag.py:3696} INFO - Setting next_dagrun for example_branch_datetime_operator to 2023-09-13T00:00:00+00:00, run_after=2023-09-14T00:00:00+00:00
[2023-09-14T10:31:58.891+0800] {logging_mixin.py:151} INFO - [2023-09-14T10:31:58.891+0800] {dag.py:3696} INFO - Setting next_dagrun for example_branch_datetime_operator_2 to 2023-09-13T00:00:00+00:00, run_after=2023-09-14T00:00:00+00:00
[2023-09-14T10:31:58.892+0800] {logging_mixin.py:151} INFO - [2023-09-14T10:31:58.892+0800] {dag.py:3696} INFO - Setting next_dagrun for example_branch_datetime_operator_3 to 2023-09-13T00:00:00+00:00, run_after=2023-09-14T00:00:00+00:00
[2023-09-14T10:31:58.902+0800] {processor.py:179} INFO - Processing /opt/homebrew/lib/python3.11/site-packages/airflow/example_dags/example_branch_datetime_operator.py took 0.155 seconds
[2023-09-14T10:33:41.402+0800] {processor.py:157} INFO - Started process (PID=67277) to work on /opt/homebrew/lib/python3.11/site-packages/airflow/example_dags/example_branch_datetime_operator.py
[2023-09-14T10:33:41.403+0800] {processor.py:829} INFO - Processing file /opt/homebrew/lib/python3.11/site-packages/airflow/example_dags/example_branch_datetime_operator.py for tasks to queue
[2023-09-14T10:33:41.404+0800] {logging_mixin.py:151} INFO - [2023-09-14T10:33:41.404+0800] {dagbag.py:539} INFO - Filling up the DagBag from /opt/homebrew/lib/python3.11/site-packages/airflow/example_dags/example_branch_datetime_operator.py
[2023-09-14T10:33:41.422+0800] {processor.py:839} INFO - DAG(s) dict_keys(['example_branch_datetime_operator', 'example_branch_datetime_operator_2', 'example_branch_datetime_operator_3']) retrieved from /opt/homebrew/lib/python3.11/site-packages/airflow/example_dags/example_branch_datetime_operator.py
[2023-09-14T10:33:41.520+0800] {logging_mixin.py:151} INFO - [2023-09-14T10:33:41.520+0800] {dag.py:2915} INFO - Sync 3 DAGs
[2023-09-14T10:33:41.529+0800] {logging_mixin.py:151} INFO - [2023-09-14T10:33:41.529+0800] {dag.py:3696} INFO - Setting next_dagrun for example_branch_datetime_operator to 2023-09-13T00:00:00+00:00, run_after=2023-09-14T00:00:00+00:00
[2023-09-14T10:33:41.531+0800] {logging_mixin.py:151} INFO - [2023-09-14T10:33:41.531+0800] {dag.py:3696} INFO - Setting next_dagrun for example_branch_datetime_operator_2 to 2023-09-13T00:00:00+00:00, run_after=2023-09-14T00:00:00+00:00
[2023-09-14T10:33:41.532+0800] {logging_mixin.py:151} INFO - [2023-09-14T10:33:41.532+0800] {dag.py:3696} INFO - Setting next_dagrun for example_branch_datetime_operator_3 to 2023-09-13T00:00:00+00:00, run_after=2023-09-14T00:00:00+00:00
[2023-09-14T10:33:41.542+0800] {processor.py:179} INFO - Processing /opt/homebrew/lib/python3.11/site-packages/airflow/example_dags/example_branch_datetime_operator.py took 0.140 seconds
[2023-09-14T10:35:21.774+0800] {processor.py:157} INFO - Started process (PID=67481) to work on /opt/homebrew/lib/python3.11/site-packages/airflow/example_dags/example_branch_datetime_operator.py
[2023-09-14T10:35:21.774+0800] {processor.py:829} INFO - Processing file /opt/homebrew/lib/python3.11/site-packages/airflow/example_dags/example_branch_datetime_operator.py for tasks to queue
[2023-09-14T10:35:21.775+0800] {logging_mixin.py:151} INFO - [2023-09-14T10:35:21.775+0800] {dagbag.py:539} INFO - Filling up the DagBag from /opt/homebrew/lib/python3.11/site-packages/airflow/example_dags/example_branch_datetime_operator.py
[2023-09-14T10:35:21.792+0800] {processor.py:839} INFO - DAG(s) dict_keys(['example_branch_datetime_operator_2', 'example_branch_datetime_operator_3', 'example_branch_datetime_operator']) retrieved from /opt/homebrew/lib/python3.11/site-packages/airflow/example_dags/example_branch_datetime_operator.py
[2023-09-14T10:35:21.892+0800] {logging_mixin.py:151} INFO - [2023-09-14T10:35:21.892+0800] {dag.py:2915} INFO - Sync 3 DAGs
[2023-09-14T10:35:21.902+0800] {logging_mixin.py:151} INFO - [2023-09-14T10:35:21.902+0800] {dag.py:3696} INFO - Setting next_dagrun for example_branch_datetime_operator to 2023-09-13T00:00:00+00:00, run_after=2023-09-14T00:00:00+00:00
[2023-09-14T10:35:21.904+0800] {logging_mixin.py:151} INFO - [2023-09-14T10:35:21.904+0800] {dag.py:3696} INFO - Setting next_dagrun for example_branch_datetime_operator_2 to 2023-09-13T00:00:00+00:00, run_after=2023-09-14T00:00:00+00:00
[2023-09-14T10:35:21.905+0800] {logging_mixin.py:151} INFO - [2023-09-14T10:35:21.905+0800] {dag.py:3696} INFO - Setting next_dagrun for example_branch_datetime_operator_3 to 2023-09-13T00:00:00+00:00, run_after=2023-09-14T00:00:00+00:00
[2023-09-14T10:35:21.915+0800] {processor.py:179} INFO - Processing /opt/homebrew/lib/python3.11/site-packages/airflow/example_dags/example_branch_datetime_operator.py took 0.142 seconds
[2023-09-14T10:37:05.766+0800] {processor.py:157} INFO - Started process (PID=67669) to work on /opt/homebrew/lib/python3.11/site-packages/airflow/example_dags/example_branch_datetime_operator.py
[2023-09-14T10:37:05.767+0800] {processor.py:829} INFO - Processing file /opt/homebrew/lib/python3.11/site-packages/airflow/example_dags/example_branch_datetime_operator.py for tasks to queue
[2023-09-14T10:37:05.767+0800] {logging_mixin.py:151} INFO - [2023-09-14T10:37:05.767+0800] {dagbag.py:539} INFO - Filling up the DagBag from /opt/homebrew/lib/python3.11/site-packages/airflow/example_dags/example_branch_datetime_operator.py
[2023-09-14T10:37:05.785+0800] {processor.py:839} INFO - DAG(s) dict_keys(['example_branch_datetime_operator', 'example_branch_datetime_operator_3', 'example_branch_datetime_operator_2']) retrieved from /opt/homebrew/lib/python3.11/site-packages/airflow/example_dags/example_branch_datetime_operator.py
[2023-09-14T10:37:05.882+0800] {logging_mixin.py:151} INFO - [2023-09-14T10:37:05.882+0800] {dag.py:2915} INFO - Sync 3 DAGs
[2023-09-14T10:37:05.892+0800] {logging_mixin.py:151} INFO - [2023-09-14T10:37:05.892+0800] {dag.py:3696} INFO - Setting next_dagrun for example_branch_datetime_operator to 2023-09-13T00:00:00+00:00, run_after=2023-09-14T00:00:00+00:00
[2023-09-14T10:37:05.894+0800] {logging_mixin.py:151} INFO - [2023-09-14T10:37:05.894+0800] {dag.py:3696} INFO - Setting next_dagrun for example_branch_datetime_operator_2 to 2023-09-13T00:00:00+00:00, run_after=2023-09-14T00:00:00+00:00
[2023-09-14T10:37:05.895+0800] {logging_mixin.py:151} INFO - [2023-09-14T10:37:05.895+0800] {dag.py:3696} INFO - Setting next_dagrun for example_branch_datetime_operator_3 to 2023-09-13T00:00:00+00:00, run_after=2023-09-14T00:00:00+00:00
[2023-09-14T10:37:05.905+0800] {processor.py:179} INFO - Processing /opt/homebrew/lib/python3.11/site-packages/airflow/example_dags/example_branch_datetime_operator.py took 0.139 seconds
[2023-09-14T10:38:47.560+0800] {processor.py:157} INFO - Started process (PID=67859) to work on /opt/homebrew/lib/python3.11/site-packages/airflow/example_dags/example_branch_datetime_operator.py
[2023-09-14T10:38:47.562+0800] {processor.py:829} INFO - Processing file /opt/homebrew/lib/python3.11/site-packages/airflow/example_dags/example_branch_datetime_operator.py for tasks to queue
[2023-09-14T10:38:47.562+0800] {logging_mixin.py:151} INFO - [2023-09-14T10:38:47.562+0800] {dagbag.py:539} INFO - Filling up the DagBag from /opt/homebrew/lib/python3.11/site-packages/airflow/example_dags/example_branch_datetime_operator.py
[2023-09-14T10:38:47.580+0800] {processor.py:839} INFO - DAG(s) dict_keys(['example_branch_datetime_operator_2', 'example_branch_datetime_operator_3', 'example_branch_datetime_operator']) retrieved from /opt/homebrew/lib/python3.11/site-packages/airflow/example_dags/example_branch_datetime_operator.py
[2023-09-14T10:38:47.677+0800] {logging_mixin.py:151} INFO - [2023-09-14T10:38:47.677+0800] {dag.py:2915} INFO - Sync 3 DAGs
[2023-09-14T10:38:47.686+0800] {logging_mixin.py:151} INFO - [2023-09-14T10:38:47.686+0800] {dag.py:3696} INFO - Setting next_dagrun for example_branch_datetime_operator to 2023-09-13T00:00:00+00:00, run_after=2023-09-14T00:00:00+00:00
[2023-09-14T10:38:47.689+0800] {logging_mixin.py:151} INFO - [2023-09-14T10:38:47.689+0800] {dag.py:3696} INFO - Setting next_dagrun for example_branch_datetime_operator_2 to 2023-09-13T00:00:00+00:00, run_after=2023-09-14T00:00:00+00:00
[2023-09-14T10:38:47.690+0800] {logging_mixin.py:151} INFO - [2023-09-14T10:38:47.690+0800] {dag.py:3696} INFO - Setting next_dagrun for example_branch_datetime_operator_3 to 2023-09-13T00:00:00+00:00, run_after=2023-09-14T00:00:00+00:00
[2023-09-14T10:38:47.700+0800] {processor.py:179} INFO - Processing /opt/homebrew/lib/python3.11/site-packages/airflow/example_dags/example_branch_datetime_operator.py took 0.139 seconds
[2023-09-14T10:40:32.594+0800] {processor.py:157} INFO - Started process (PID=68051) to work on /opt/homebrew/lib/python3.11/site-packages/airflow/example_dags/example_branch_datetime_operator.py
[2023-09-14T10:40:32.595+0800] {processor.py:829} INFO - Processing file /opt/homebrew/lib/python3.11/site-packages/airflow/example_dags/example_branch_datetime_operator.py for tasks to queue
[2023-09-14T10:40:32.595+0800] {logging_mixin.py:151} INFO - [2023-09-14T10:40:32.595+0800] {dagbag.py:539} INFO - Filling up the DagBag from /opt/homebrew/lib/python3.11/site-packages/airflow/example_dags/example_branch_datetime_operator.py
[2023-09-14T10:40:32.613+0800] {processor.py:839} INFO - DAG(s) dict_keys(['example_branch_datetime_operator_2', 'example_branch_datetime_operator', 'example_branch_datetime_operator_3']) retrieved from /opt/homebrew/lib/python3.11/site-packages/airflow/example_dags/example_branch_datetime_operator.py
[2023-09-14T10:40:32.711+0800] {logging_mixin.py:151} INFO - [2023-09-14T10:40:32.711+0800] {dag.py:2915} INFO - Sync 3 DAGs
[2023-09-14T10:40:32.720+0800] {logging_mixin.py:151} INFO - [2023-09-14T10:40:32.720+0800] {dag.py:3696} INFO - Setting next_dagrun for example_branch_datetime_operator to 2023-09-13T00:00:00+00:00, run_after=2023-09-14T00:00:00+00:00
[2023-09-14T10:40:32.723+0800] {logging_mixin.py:151} INFO - [2023-09-14T10:40:32.723+0800] {dag.py:3696} INFO - Setting next_dagrun for example_branch_datetime_operator_2 to 2023-09-13T00:00:00+00:00, run_after=2023-09-14T00:00:00+00:00
[2023-09-14T10:40:32.724+0800] {logging_mixin.py:151} INFO - [2023-09-14T10:40:32.724+0800] {dag.py:3696} INFO - Setting next_dagrun for example_branch_datetime_operator_3 to 2023-09-13T00:00:00+00:00, run_after=2023-09-14T00:00:00+00:00
[2023-09-14T10:40:32.734+0800] {processor.py:179} INFO - Processing /opt/homebrew/lib/python3.11/site-packages/airflow/example_dags/example_branch_datetime_operator.py took 0.141 seconds
[2023-09-14T10:42:21.067+0800] {processor.py:157} INFO - Started process (PID=68241) to work on /opt/homebrew/lib/python3.11/site-packages/airflow/example_dags/example_branch_datetime_operator.py
[2023-09-14T10:42:21.069+0800] {processor.py:829} INFO - Processing file /opt/homebrew/lib/python3.11/site-packages/airflow/example_dags/example_branch_datetime_operator.py for tasks to queue
[2023-09-14T10:42:21.069+0800] {logging_mixin.py:151} INFO - [2023-09-14T10:42:21.069+0800] {dagbag.py:539} INFO - Filling up the DagBag from /opt/homebrew/lib/python3.11/site-packages/airflow/example_dags/example_branch_datetime_operator.py
[2023-09-14T10:42:21.087+0800] {processor.py:839} INFO - DAG(s) dict_keys(['example_branch_datetime_operator_3', 'example_branch_datetime_operator', 'example_branch_datetime_operator_2']) retrieved from /opt/homebrew/lib/python3.11/site-packages/airflow/example_dags/example_branch_datetime_operator.py
[2023-09-14T10:42:21.187+0800] {logging_mixin.py:151} INFO - [2023-09-14T10:42:21.187+0800] {dag.py:2915} INFO - Sync 3 DAGs
[2023-09-14T10:42:21.196+0800] {logging_mixin.py:151} INFO - [2023-09-14T10:42:21.196+0800] {dag.py:3696} INFO - Setting next_dagrun for example_branch_datetime_operator to 2023-09-13T00:00:00+00:00, run_after=2023-09-14T00:00:00+00:00
[2023-09-14T10:42:21.199+0800] {logging_mixin.py:151} INFO - [2023-09-14T10:42:21.198+0800] {dag.py:3696} INFO - Setting next_dagrun for example_branch_datetime_operator_2 to 2023-09-13T00:00:00+00:00, run_after=2023-09-14T00:00:00+00:00
[2023-09-14T10:42:21.200+0800] {logging_mixin.py:151} INFO - [2023-09-14T10:42:21.200+0800] {dag.py:3696} INFO - Setting next_dagrun for example_branch_datetime_operator_3 to 2023-09-13T00:00:00+00:00, run_after=2023-09-14T00:00:00+00:00
[2023-09-14T10:42:21.210+0800] {processor.py:179} INFO - Processing /opt/homebrew/lib/python3.11/site-packages/airflow/example_dags/example_branch_datetime_operator.py took 0.143 seconds
[2023-09-14T10:44:05.924+0800] {processor.py:157} INFO - Started process (PID=68433) to work on /opt/homebrew/lib/python3.11/site-packages/airflow/example_dags/example_branch_datetime_operator.py
[2023-09-14T10:44:05.925+0800] {processor.py:829} INFO - Processing file /opt/homebrew/lib/python3.11/site-packages/airflow/example_dags/example_branch_datetime_operator.py for tasks to queue
[2023-09-14T10:44:05.926+0800] {logging_mixin.py:151} INFO - [2023-09-14T10:44:05.926+0800] {dagbag.py:539} INFO - Filling up the DagBag from /opt/homebrew/lib/python3.11/site-packages/airflow/example_dags/example_branch_datetime_operator.py
[2023-09-14T10:44:05.944+0800] {processor.py:839} INFO - DAG(s) dict_keys(['example_branch_datetime_operator_3', 'example_branch_datetime_operator', 'example_branch_datetime_operator_2']) retrieved from /opt/homebrew/lib/python3.11/site-packages/airflow/example_dags/example_branch_datetime_operator.py
[2023-09-14T10:44:06.047+0800] {logging_mixin.py:151} INFO - [2023-09-14T10:44:06.047+0800] {dag.py:2915} INFO - Sync 3 DAGs
[2023-09-14T10:44:06.056+0800] {logging_mixin.py:151} INFO - [2023-09-14T10:44:06.056+0800] {dag.py:3696} INFO - Setting next_dagrun for example_branch_datetime_operator to 2023-09-13T00:00:00+00:00, run_after=2023-09-14T00:00:00+00:00
[2023-09-14T10:44:06.059+0800] {logging_mixin.py:151} INFO - [2023-09-14T10:44:06.059+0800] {dag.py:3696} INFO - Setting next_dagrun for example_branch_datetime_operator_2 to 2023-09-13T00:00:00+00:00, run_after=2023-09-14T00:00:00+00:00
[2023-09-14T10:44:06.060+0800] {logging_mixin.py:151} INFO - [2023-09-14T10:44:06.060+0800] {dag.py:3696} INFO - Setting next_dagrun for example_branch_datetime_operator_3 to 2023-09-13T00:00:00+00:00, run_after=2023-09-14T00:00:00+00:00
[2023-09-14T10:44:06.070+0800] {processor.py:179} INFO - Processing /opt/homebrew/lib/python3.11/site-packages/airflow/example_dags/example_branch_datetime_operator.py took 0.146 seconds
[2023-09-14T10:45:48.653+0800] {processor.py:157} INFO - Started process (PID=68618) to work on /opt/homebrew/lib/python3.11/site-packages/airflow/example_dags/example_branch_datetime_operator.py
[2023-09-14T10:45:48.654+0800] {processor.py:829} INFO - Processing file /opt/homebrew/lib/python3.11/site-packages/airflow/example_dags/example_branch_datetime_operator.py for tasks to queue
[2023-09-14T10:45:48.654+0800] {logging_mixin.py:151} INFO - [2023-09-14T10:45:48.654+0800] {dagbag.py:539} INFO - Filling up the DagBag from /opt/homebrew/lib/python3.11/site-packages/airflow/example_dags/example_branch_datetime_operator.py
[2023-09-14T10:45:48.672+0800] {processor.py:839} INFO - DAG(s) dict_keys(['example_branch_datetime_operator', 'example_branch_datetime_operator_2', 'example_branch_datetime_operator_3']) retrieved from /opt/homebrew/lib/python3.11/site-packages/airflow/example_dags/example_branch_datetime_operator.py
[2023-09-14T10:45:48.770+0800] {logging_mixin.py:151} INFO - [2023-09-14T10:45:48.770+0800] {dag.py:2915} INFO - Sync 3 DAGs
[2023-09-14T10:45:48.779+0800] {logging_mixin.py:151} INFO - [2023-09-14T10:45:48.779+0800] {dag.py:3696} INFO - Setting next_dagrun for example_branch_datetime_operator to 2023-09-13T00:00:00+00:00, run_after=2023-09-14T00:00:00+00:00
[2023-09-14T10:45:48.781+0800] {logging_mixin.py:151} INFO - [2023-09-14T10:45:48.781+0800] {dag.py:3696} INFO - Setting next_dagrun for example_branch_datetime_operator_2 to 2023-09-13T00:00:00+00:00, run_after=2023-09-14T00:00:00+00:00
[2023-09-14T10:45:48.783+0800] {logging_mixin.py:151} INFO - [2023-09-14T10:45:48.782+0800] {dag.py:3696} INFO - Setting next_dagrun for example_branch_datetime_operator_3 to 2023-09-13T00:00:00+00:00, run_after=2023-09-14T00:00:00+00:00
[2023-09-14T10:45:48.793+0800] {processor.py:179} INFO - Processing /opt/homebrew/lib/python3.11/site-packages/airflow/example_dags/example_branch_datetime_operator.py took 0.140 seconds
[2023-09-14T10:47:33.469+0800] {processor.py:157} INFO - Started process (PID=68810) to work on /opt/homebrew/lib/python3.11/site-packages/airflow/example_dags/example_branch_datetime_operator.py
[2023-09-14T10:47:33.470+0800] {processor.py:829} INFO - Processing file /opt/homebrew/lib/python3.11/site-packages/airflow/example_dags/example_branch_datetime_operator.py for tasks to queue
[2023-09-14T10:47:33.470+0800] {logging_mixin.py:151} INFO - [2023-09-14T10:47:33.470+0800] {dagbag.py:539} INFO - Filling up the DagBag from /opt/homebrew/lib/python3.11/site-packages/airflow/example_dags/example_branch_datetime_operator.py
[2023-09-14T10:47:33.489+0800] {processor.py:839} INFO - DAG(s) dict_keys(['example_branch_datetime_operator_3', 'example_branch_datetime_operator_2', 'example_branch_datetime_operator']) retrieved from /opt/homebrew/lib/python3.11/site-packages/airflow/example_dags/example_branch_datetime_operator.py
[2023-09-14T10:47:33.586+0800] {logging_mixin.py:151} INFO - [2023-09-14T10:47:33.586+0800] {dag.py:2915} INFO - Sync 3 DAGs
[2023-09-14T10:47:33.595+0800] {logging_mixin.py:151} INFO - [2023-09-14T10:47:33.595+0800] {dag.py:3696} INFO - Setting next_dagrun for example_branch_datetime_operator to 2023-09-13T00:00:00+00:00, run_after=2023-09-14T00:00:00+00:00
[2023-09-14T10:47:33.597+0800] {logging_mixin.py:151} INFO - [2023-09-14T10:47:33.597+0800] {dag.py:3696} INFO - Setting next_dagrun for example_branch_datetime_operator_2 to 2023-09-13T00:00:00+00:00, run_after=2023-09-14T00:00:00+00:00
[2023-09-14T10:47:33.598+0800] {logging_mixin.py:151} INFO - [2023-09-14T10:47:33.598+0800] {dag.py:3696} INFO - Setting next_dagrun for example_branch_datetime_operator_3 to 2023-09-13T00:00:00+00:00, run_after=2023-09-14T00:00:00+00:00
[2023-09-14T10:47:33.608+0800] {processor.py:179} INFO - Processing /opt/homebrew/lib/python3.11/site-packages/airflow/example_dags/example_branch_datetime_operator.py took 0.140 seconds
[2023-09-14T10:49:18.795+0800] {processor.py:157} INFO - Started process (PID=68995) to work on /opt/homebrew/lib/python3.11/site-packages/airflow/example_dags/example_branch_datetime_operator.py
[2023-09-14T10:49:18.795+0800] {processor.py:829} INFO - Processing file /opt/homebrew/lib/python3.11/site-packages/airflow/example_dags/example_branch_datetime_operator.py for tasks to queue
[2023-09-14T10:49:18.795+0800] {logging_mixin.py:151} INFO - [2023-09-14T10:49:18.795+0800] {dagbag.py:539} INFO - Filling up the DagBag from /opt/homebrew/lib/python3.11/site-packages/airflow/example_dags/example_branch_datetime_operator.py
[2023-09-14T10:49:18.814+0800] {processor.py:839} INFO - DAG(s) dict_keys(['example_branch_datetime_operator', 'example_branch_datetime_operator_3', 'example_branch_datetime_operator_2']) retrieved from /opt/homebrew/lib/python3.11/site-packages/airflow/example_dags/example_branch_datetime_operator.py
[2023-09-14T10:49:18.913+0800] {logging_mixin.py:151} INFO - [2023-09-14T10:49:18.913+0800] {dag.py:2915} INFO - Sync 3 DAGs
[2023-09-14T10:49:18.922+0800] {logging_mixin.py:151} INFO - [2023-09-14T10:49:18.922+0800] {dag.py:3696} INFO - Setting next_dagrun for example_branch_datetime_operator to 2023-09-13T00:00:00+00:00, run_after=2023-09-14T00:00:00+00:00
[2023-09-14T10:49:18.924+0800] {logging_mixin.py:151} INFO - [2023-09-14T10:49:18.924+0800] {dag.py:3696} INFO - Setting next_dagrun for example_branch_datetime_operator_2 to 2023-09-13T00:00:00+00:00, run_after=2023-09-14T00:00:00+00:00
[2023-09-14T10:49:18.925+0800] {logging_mixin.py:151} INFO - [2023-09-14T10:49:18.925+0800] {dag.py:3696} INFO - Setting next_dagrun for example_branch_datetime_operator_3 to 2023-09-13T00:00:00+00:00, run_after=2023-09-14T00:00:00+00:00
[2023-09-14T10:49:18.935+0800] {processor.py:179} INFO - Processing /opt/homebrew/lib/python3.11/site-packages/airflow/example_dags/example_branch_datetime_operator.py took 0.141 seconds
[2023-09-14T10:51:07.162+0800] {processor.py:157} INFO - Started process (PID=69192) to work on /opt/homebrew/lib/python3.11/site-packages/airflow/example_dags/example_branch_datetime_operator.py
[2023-09-14T10:51:07.163+0800] {processor.py:829} INFO - Processing file /opt/homebrew/lib/python3.11/site-packages/airflow/example_dags/example_branch_datetime_operator.py for tasks to queue
[2023-09-14T10:51:07.163+0800] {logging_mixin.py:151} INFO - [2023-09-14T10:51:07.163+0800] {dagbag.py:539} INFO - Filling up the DagBag from /opt/homebrew/lib/python3.11/site-packages/airflow/example_dags/example_branch_datetime_operator.py
[2023-09-14T10:51:07.181+0800] {processor.py:839} INFO - DAG(s) dict_keys(['example_branch_datetime_operator_3', 'example_branch_datetime_operator_2', 'example_branch_datetime_operator']) retrieved from /opt/homebrew/lib/python3.11/site-packages/airflow/example_dags/example_branch_datetime_operator.py
[2023-09-14T10:51:07.279+0800] {logging_mixin.py:151} INFO - [2023-09-14T10:51:07.278+0800] {dag.py:2915} INFO - Sync 3 DAGs
[2023-09-14T10:51:07.288+0800] {logging_mixin.py:151} INFO - [2023-09-14T10:51:07.288+0800] {dag.py:3696} INFO - Setting next_dagrun for example_branch_datetime_operator to 2023-09-13T00:00:00+00:00, run_after=2023-09-14T00:00:00+00:00
[2023-09-14T10:51:07.290+0800] {logging_mixin.py:151} INFO - [2023-09-14T10:51:07.290+0800] {dag.py:3696} INFO - Setting next_dagrun for example_branch_datetime_operator_2 to 2023-09-13T00:00:00+00:00, run_after=2023-09-14T00:00:00+00:00
[2023-09-14T10:51:07.291+0800] {logging_mixin.py:151} INFO - [2023-09-14T10:51:07.291+0800] {dag.py:3696} INFO - Setting next_dagrun for example_branch_datetime_operator_3 to 2023-09-13T00:00:00+00:00, run_after=2023-09-14T00:00:00+00:00
[2023-09-14T10:51:07.301+0800] {processor.py:179} INFO - Processing /opt/homebrew/lib/python3.11/site-packages/airflow/example_dags/example_branch_datetime_operator.py took 0.139 seconds
[2023-09-14T10:52:56.742+0800] {processor.py:157} INFO - Started process (PID=69384) to work on /opt/homebrew/lib/python3.11/site-packages/airflow/example_dags/example_branch_datetime_operator.py
[2023-09-14T10:52:56.742+0800] {processor.py:829} INFO - Processing file /opt/homebrew/lib/python3.11/site-packages/airflow/example_dags/example_branch_datetime_operator.py for tasks to queue
[2023-09-14T10:52:56.742+0800] {logging_mixin.py:151} INFO - [2023-09-14T10:52:56.742+0800] {dagbag.py:539} INFO - Filling up the DagBag from /opt/homebrew/lib/python3.11/site-packages/airflow/example_dags/example_branch_datetime_operator.py
[2023-09-14T10:52:56.760+0800] {processor.py:839} INFO - DAG(s) dict_keys(['example_branch_datetime_operator_3', 'example_branch_datetime_operator', 'example_branch_datetime_operator_2']) retrieved from /opt/homebrew/lib/python3.11/site-packages/airflow/example_dags/example_branch_datetime_operator.py
[2023-09-14T10:52:56.857+0800] {logging_mixin.py:151} INFO - [2023-09-14T10:52:56.857+0800] {dag.py:2915} INFO - Sync 3 DAGs
[2023-09-14T10:52:56.866+0800] {logging_mixin.py:151} INFO - [2023-09-14T10:52:56.866+0800] {dag.py:3696} INFO - Setting next_dagrun for example_branch_datetime_operator to 2023-09-13T00:00:00+00:00, run_after=2023-09-14T00:00:00+00:00
[2023-09-14T10:52:56.868+0800] {logging_mixin.py:151} INFO - [2023-09-14T10:52:56.868+0800] {dag.py:3696} INFO - Setting next_dagrun for example_branch_datetime_operator_2 to 2023-09-13T00:00:00+00:00, run_after=2023-09-14T00:00:00+00:00
[2023-09-14T10:52:56.870+0800] {logging_mixin.py:151} INFO - [2023-09-14T10:52:56.869+0800] {dag.py:3696} INFO - Setting next_dagrun for example_branch_datetime_operator_3 to 2023-09-13T00:00:00+00:00, run_after=2023-09-14T00:00:00+00:00
[2023-09-14T10:52:56.879+0800] {processor.py:179} INFO - Processing /opt/homebrew/lib/python3.11/site-packages/airflow/example_dags/example_branch_datetime_operator.py took 0.138 seconds
[2023-09-14T10:54:45.342+0800] {processor.py:157} INFO - Started process (PID=69604) to work on /opt/homebrew/lib/python3.11/site-packages/airflow/example_dags/example_branch_datetime_operator.py
[2023-09-14T10:54:45.344+0800] {processor.py:829} INFO - Processing file /opt/homebrew/lib/python3.11/site-packages/airflow/example_dags/example_branch_datetime_operator.py for tasks to queue
[2023-09-14T10:54:45.344+0800] {logging_mixin.py:151} INFO - [2023-09-14T10:54:45.344+0800] {dagbag.py:539} INFO - Filling up the DagBag from /opt/homebrew/lib/python3.11/site-packages/airflow/example_dags/example_branch_datetime_operator.py
[2023-09-14T10:54:45.363+0800] {processor.py:839} INFO - DAG(s) dict_keys(['example_branch_datetime_operator_2', 'example_branch_datetime_operator', 'example_branch_datetime_operator_3']) retrieved from /opt/homebrew/lib/python3.11/site-packages/airflow/example_dags/example_branch_datetime_operator.py
[2023-09-14T10:54:45.460+0800] {logging_mixin.py:151} INFO - [2023-09-14T10:54:45.460+0800] {dag.py:2915} INFO - Sync 3 DAGs
[2023-09-14T10:54:45.469+0800] {logging_mixin.py:151} INFO - [2023-09-14T10:54:45.469+0800] {dag.py:3696} INFO - Setting next_dagrun for example_branch_datetime_operator to 2023-09-13T00:00:00+00:00, run_after=2023-09-14T00:00:00+00:00
[2023-09-14T10:54:45.471+0800] {logging_mixin.py:151} INFO - [2023-09-14T10:54:45.471+0800] {dag.py:3696} INFO - Setting next_dagrun for example_branch_datetime_operator_2 to 2023-09-13T00:00:00+00:00, run_after=2023-09-14T00:00:00+00:00
[2023-09-14T10:54:45.472+0800] {logging_mixin.py:151} INFO - [2023-09-14T10:54:45.472+0800] {dag.py:3696} INFO - Setting next_dagrun for example_branch_datetime_operator_3 to 2023-09-13T00:00:00+00:00, run_after=2023-09-14T00:00:00+00:00
[2023-09-14T10:54:45.482+0800] {processor.py:179} INFO - Processing /opt/homebrew/lib/python3.11/site-packages/airflow/example_dags/example_branch_datetime_operator.py took 0.140 seconds
[2023-09-14T10:56:29.189+0800] {processor.py:157} INFO - Started process (PID=69787) to work on /opt/homebrew/lib/python3.11/site-packages/airflow/example_dags/example_branch_datetime_operator.py
[2023-09-14T10:56:29.189+0800] {processor.py:829} INFO - Processing file /opt/homebrew/lib/python3.11/site-packages/airflow/example_dags/example_branch_datetime_operator.py for tasks to queue
[2023-09-14T10:56:29.190+0800] {logging_mixin.py:151} INFO - [2023-09-14T10:56:29.190+0800] {dagbag.py:539} INFO - Filling up the DagBag from /opt/homebrew/lib/python3.11/site-packages/airflow/example_dags/example_branch_datetime_operator.py
[2023-09-14T10:56:29.208+0800] {processor.py:839} INFO - DAG(s) dict_keys(['example_branch_datetime_operator', 'example_branch_datetime_operator_3', 'example_branch_datetime_operator_2']) retrieved from /opt/homebrew/lib/python3.11/site-packages/airflow/example_dags/example_branch_datetime_operator.py
[2023-09-14T10:56:29.305+0800] {logging_mixin.py:151} INFO - [2023-09-14T10:56:29.305+0800] {dag.py:2915} INFO - Sync 3 DAGs
[2023-09-14T10:56:29.314+0800] {logging_mixin.py:151} INFO - [2023-09-14T10:56:29.314+0800] {dag.py:3696} INFO - Setting next_dagrun for example_branch_datetime_operator to 2023-09-13T00:00:00+00:00, run_after=2023-09-14T00:00:00+00:00
[2023-09-14T10:56:29.316+0800] {logging_mixin.py:151} INFO - [2023-09-14T10:56:29.316+0800] {dag.py:3696} INFO - Setting next_dagrun for example_branch_datetime_operator_2 to 2023-09-13T00:00:00+00:00, run_after=2023-09-14T00:00:00+00:00
[2023-09-14T10:56:29.317+0800] {logging_mixin.py:151} INFO - [2023-09-14T10:56:29.317+0800] {dag.py:3696} INFO - Setting next_dagrun for example_branch_datetime_operator_3 to 2023-09-13T00:00:00+00:00, run_after=2023-09-14T00:00:00+00:00
[2023-09-14T10:56:29.327+0800] {processor.py:179} INFO - Processing /opt/homebrew/lib/python3.11/site-packages/airflow/example_dags/example_branch_datetime_operator.py took 0.139 seconds
[2023-09-14T10:58:10.039+0800] {processor.py:157} INFO - Started process (PID=69972) to work on /opt/homebrew/lib/python3.11/site-packages/airflow/example_dags/example_branch_datetime_operator.py
[2023-09-14T10:58:10.039+0800] {processor.py:829} INFO - Processing file /opt/homebrew/lib/python3.11/site-packages/airflow/example_dags/example_branch_datetime_operator.py for tasks to queue
[2023-09-14T10:58:10.040+0800] {logging_mixin.py:151} INFO - [2023-09-14T10:58:10.040+0800] {dagbag.py:539} INFO - Filling up the DagBag from /opt/homebrew/lib/python3.11/site-packages/airflow/example_dags/example_branch_datetime_operator.py
[2023-09-14T10:58:10.058+0800] {processor.py:839} INFO - DAG(s) dict_keys(['example_branch_datetime_operator_3', 'example_branch_datetime_operator', 'example_branch_datetime_operator_2']) retrieved from /opt/homebrew/lib/python3.11/site-packages/airflow/example_dags/example_branch_datetime_operator.py
[2023-09-14T10:58:10.156+0800] {logging_mixin.py:151} INFO - [2023-09-14T10:58:10.156+0800] {dag.py:2915} INFO - Sync 3 DAGs
[2023-09-14T10:58:10.165+0800] {logging_mixin.py:151} INFO - [2023-09-14T10:58:10.165+0800] {dag.py:3696} INFO - Setting next_dagrun for example_branch_datetime_operator to 2023-09-13T00:00:00+00:00, run_after=2023-09-14T00:00:00+00:00
[2023-09-14T10:58:10.167+0800] {logging_mixin.py:151} INFO - [2023-09-14T10:58:10.167+0800] {dag.py:3696} INFO - Setting next_dagrun for example_branch_datetime_operator_2 to 2023-09-13T00:00:00+00:00, run_after=2023-09-14T00:00:00+00:00
[2023-09-14T10:58:10.168+0800] {logging_mixin.py:151} INFO - [2023-09-14T10:58:10.168+0800] {dag.py:3696} INFO - Setting next_dagrun for example_branch_datetime_operator_3 to 2023-09-13T00:00:00+00:00, run_after=2023-09-14T00:00:00+00:00
[2023-09-14T10:58:10.178+0800] {processor.py:179} INFO - Processing /opt/homebrew/lib/python3.11/site-packages/airflow/example_dags/example_branch_datetime_operator.py took 0.139 seconds
[2023-09-14T10:59:49.063+0800] {processor.py:157} INFO - Started process (PID=70149) to work on /opt/homebrew/lib/python3.11/site-packages/airflow/example_dags/example_branch_datetime_operator.py
[2023-09-14T10:59:49.063+0800] {processor.py:829} INFO - Processing file /opt/homebrew/lib/python3.11/site-packages/airflow/example_dags/example_branch_datetime_operator.py for tasks to queue
[2023-09-14T10:59:49.064+0800] {logging_mixin.py:151} INFO - [2023-09-14T10:59:49.064+0800] {dagbag.py:539} INFO - Filling up the DagBag from /opt/homebrew/lib/python3.11/site-packages/airflow/example_dags/example_branch_datetime_operator.py
[2023-09-14T10:59:49.081+0800] {processor.py:839} INFO - DAG(s) dict_keys(['example_branch_datetime_operator_3', 'example_branch_datetime_operator_2', 'example_branch_datetime_operator']) retrieved from /opt/homebrew/lib/python3.11/site-packages/airflow/example_dags/example_branch_datetime_operator.py
[2023-09-14T10:59:49.178+0800] {logging_mixin.py:151} INFO - [2023-09-14T10:59:49.178+0800] {dag.py:2915} INFO - Sync 3 DAGs
[2023-09-14T10:59:49.188+0800] {logging_mixin.py:151} INFO - [2023-09-14T10:59:49.188+0800] {dag.py:3696} INFO - Setting next_dagrun for example_branch_datetime_operator to 2023-09-13T00:00:00+00:00, run_after=2023-09-14T00:00:00+00:00
[2023-09-14T10:59:49.190+0800] {logging_mixin.py:151} INFO - [2023-09-14T10:59:49.190+0800] {dag.py:3696} INFO - Setting next_dagrun for example_branch_datetime_operator_2 to 2023-09-13T00:00:00+00:00, run_after=2023-09-14T00:00:00+00:00
[2023-09-14T10:59:49.191+0800] {logging_mixin.py:151} INFO - [2023-09-14T10:59:49.191+0800] {dag.py:3696} INFO - Setting next_dagrun for example_branch_datetime_operator_3 to 2023-09-13T00:00:00+00:00, run_after=2023-09-14T00:00:00+00:00
[2023-09-14T10:59:49.201+0800] {processor.py:179} INFO - Processing /opt/homebrew/lib/python3.11/site-packages/airflow/example_dags/example_branch_datetime_operator.py took 0.139 seconds
[2023-09-14T11:01:36.019+0800] {processor.py:157} INFO - Started process (PID=70344) to work on /opt/homebrew/lib/python3.11/site-packages/airflow/example_dags/example_branch_datetime_operator.py
[2023-09-14T11:01:36.019+0800] {processor.py:829} INFO - Processing file /opt/homebrew/lib/python3.11/site-packages/airflow/example_dags/example_branch_datetime_operator.py for tasks to queue
[2023-09-14T11:01:36.020+0800] {logging_mixin.py:151} INFO - [2023-09-14T11:01:36.020+0800] {dagbag.py:539} INFO - Filling up the DagBag from /opt/homebrew/lib/python3.11/site-packages/airflow/example_dags/example_branch_datetime_operator.py
[2023-09-14T11:01:36.038+0800] {processor.py:839} INFO - DAG(s) dict_keys(['example_branch_datetime_operator', 'example_branch_datetime_operator_3', 'example_branch_datetime_operator_2']) retrieved from /opt/homebrew/lib/python3.11/site-packages/airflow/example_dags/example_branch_datetime_operator.py
[2023-09-14T11:01:36.135+0800] {logging_mixin.py:151} INFO - [2023-09-14T11:01:36.135+0800] {dag.py:2915} INFO - Sync 3 DAGs
[2023-09-14T11:01:36.144+0800] {logging_mixin.py:151} INFO - [2023-09-14T11:01:36.144+0800] {dag.py:3696} INFO - Setting next_dagrun for example_branch_datetime_operator to 2023-09-13T00:00:00+00:00, run_after=2023-09-14T00:00:00+00:00
[2023-09-14T11:01:36.146+0800] {logging_mixin.py:151} INFO - [2023-09-14T11:01:36.146+0800] {dag.py:3696} INFO - Setting next_dagrun for example_branch_datetime_operator_2 to 2023-09-13T00:00:00+00:00, run_after=2023-09-14T00:00:00+00:00
[2023-09-14T11:01:36.147+0800] {logging_mixin.py:151} INFO - [2023-09-14T11:01:36.147+0800] {dag.py:3696} INFO - Setting next_dagrun for example_branch_datetime_operator_3 to 2023-09-13T00:00:00+00:00, run_after=2023-09-14T00:00:00+00:00
[2023-09-14T11:01:36.157+0800] {processor.py:179} INFO - Processing /opt/homebrew/lib/python3.11/site-packages/airflow/example_dags/example_branch_datetime_operator.py took 0.139 seconds
[2023-09-14T11:03:17.350+0800] {processor.py:157} INFO - Started process (PID=70529) to work on /opt/homebrew/lib/python3.11/site-packages/airflow/example_dags/example_branch_datetime_operator.py
[2023-09-14T11:03:17.350+0800] {processor.py:829} INFO - Processing file /opt/homebrew/lib/python3.11/site-packages/airflow/example_dags/example_branch_datetime_operator.py for tasks to queue
[2023-09-14T11:03:17.350+0800] {logging_mixin.py:151} INFO - [2023-09-14T11:03:17.350+0800] {dagbag.py:539} INFO - Filling up the DagBag from /opt/homebrew/lib/python3.11/site-packages/airflow/example_dags/example_branch_datetime_operator.py
[2023-09-14T11:03:17.368+0800] {processor.py:839} INFO - DAG(s) dict_keys(['example_branch_datetime_operator', 'example_branch_datetime_operator_2', 'example_branch_datetime_operator_3']) retrieved from /opt/homebrew/lib/python3.11/site-packages/airflow/example_dags/example_branch_datetime_operator.py
[2023-09-14T11:03:17.465+0800] {logging_mixin.py:151} INFO - [2023-09-14T11:03:17.465+0800] {dag.py:2915} INFO - Sync 3 DAGs
[2023-09-14T11:03:17.474+0800] {logging_mixin.py:151} INFO - [2023-09-14T11:03:17.474+0800] {dag.py:3696} INFO - Setting next_dagrun for example_branch_datetime_operator to 2023-09-13T00:00:00+00:00, run_after=2023-09-14T00:00:00+00:00
[2023-09-14T11:03:17.476+0800] {logging_mixin.py:151} INFO - [2023-09-14T11:03:17.476+0800] {dag.py:3696} INFO - Setting next_dagrun for example_branch_datetime_operator_2 to 2023-09-13T00:00:00+00:00, run_after=2023-09-14T00:00:00+00:00
[2023-09-14T11:03:17.477+0800] {logging_mixin.py:151} INFO - [2023-09-14T11:03:17.477+0800] {dag.py:3696} INFO - Setting next_dagrun for example_branch_datetime_operator_3 to 2023-09-13T00:00:00+00:00, run_after=2023-09-14T00:00:00+00:00
[2023-09-14T11:03:17.487+0800] {processor.py:179} INFO - Processing /opt/homebrew/lib/python3.11/site-packages/airflow/example_dags/example_branch_datetime_operator.py took 0.138 seconds
[2023-09-14T11:05:02.816+0800] {processor.py:157} INFO - Started process (PID=70736) to work on /opt/homebrew/lib/python3.11/site-packages/airflow/example_dags/example_branch_datetime_operator.py
[2023-09-14T11:05:02.817+0800] {processor.py:829} INFO - Processing file /opt/homebrew/lib/python3.11/site-packages/airflow/example_dags/example_branch_datetime_operator.py for tasks to queue
[2023-09-14T11:05:02.817+0800] {logging_mixin.py:151} INFO - [2023-09-14T11:05:02.817+0800] {dagbag.py:539} INFO - Filling up the DagBag from /opt/homebrew/lib/python3.11/site-packages/airflow/example_dags/example_branch_datetime_operator.py
[2023-09-14T11:05:02.834+0800] {processor.py:839} INFO - DAG(s) dict_keys(['example_branch_datetime_operator_3', 'example_branch_datetime_operator', 'example_branch_datetime_operator_2']) retrieved from /opt/homebrew/lib/python3.11/site-packages/airflow/example_dags/example_branch_datetime_operator.py
[2023-09-14T11:05:02.932+0800] {logging_mixin.py:151} INFO - [2023-09-14T11:05:02.932+0800] {dag.py:2915} INFO - Sync 3 DAGs
[2023-09-14T11:05:02.941+0800] {logging_mixin.py:151} INFO - [2023-09-14T11:05:02.941+0800] {dag.py:3696} INFO - Setting next_dagrun for example_branch_datetime_operator to 2023-09-13T00:00:00+00:00, run_after=2023-09-14T00:00:00+00:00
[2023-09-14T11:05:02.943+0800] {logging_mixin.py:151} INFO - [2023-09-14T11:05:02.943+0800] {dag.py:3696} INFO - Setting next_dagrun for example_branch_datetime_operator_2 to 2023-09-13T00:00:00+00:00, run_after=2023-09-14T00:00:00+00:00
[2023-09-14T11:05:02.944+0800] {logging_mixin.py:151} INFO - [2023-09-14T11:05:02.944+0800] {dag.py:3696} INFO - Setting next_dagrun for example_branch_datetime_operator_3 to 2023-09-13T00:00:00+00:00, run_after=2023-09-14T00:00:00+00:00
[2023-09-14T11:05:02.954+0800] {processor.py:179} INFO - Processing /opt/homebrew/lib/python3.11/site-packages/airflow/example_dags/example_branch_datetime_operator.py took 0.139 seconds
[2023-09-14T11:06:47.338+0800] {processor.py:157} INFO - Started process (PID=70924) to work on /opt/homebrew/lib/python3.11/site-packages/airflow/example_dags/example_branch_datetime_operator.py
[2023-09-14T11:06:47.338+0800] {processor.py:829} INFO - Processing file /opt/homebrew/lib/python3.11/site-packages/airflow/example_dags/example_branch_datetime_operator.py for tasks to queue
[2023-09-14T11:06:47.338+0800] {logging_mixin.py:151} INFO - [2023-09-14T11:06:47.338+0800] {dagbag.py:539} INFO - Filling up the DagBag from /opt/homebrew/lib/python3.11/site-packages/airflow/example_dags/example_branch_datetime_operator.py
[2023-09-14T11:06:47.356+0800] {processor.py:839} INFO - DAG(s) dict_keys(['example_branch_datetime_operator', 'example_branch_datetime_operator_2', 'example_branch_datetime_operator_3']) retrieved from /opt/homebrew/lib/python3.11/site-packages/airflow/example_dags/example_branch_datetime_operator.py
[2023-09-14T11:06:47.453+0800] {logging_mixin.py:151} INFO - [2023-09-14T11:06:47.453+0800] {dag.py:2915} INFO - Sync 3 DAGs
[2023-09-14T11:06:47.463+0800] {logging_mixin.py:151} INFO - [2023-09-14T11:06:47.463+0800] {dag.py:3696} INFO - Setting next_dagrun for example_branch_datetime_operator to 2023-09-13T00:00:00+00:00, run_after=2023-09-14T00:00:00+00:00
[2023-09-14T11:06:47.465+0800] {logging_mixin.py:151} INFO - [2023-09-14T11:06:47.465+0800] {dag.py:3696} INFO - Setting next_dagrun for example_branch_datetime_operator_2 to 2023-09-13T00:00:00+00:00, run_after=2023-09-14T00:00:00+00:00
[2023-09-14T11:06:47.466+0800] {logging_mixin.py:151} INFO - [2023-09-14T11:06:47.466+0800] {dag.py:3696} INFO - Setting next_dagrun for example_branch_datetime_operator_3 to 2023-09-13T00:00:00+00:00, run_after=2023-09-14T00:00:00+00:00
[2023-09-14T11:06:47.476+0800] {processor.py:179} INFO - Processing /opt/homebrew/lib/python3.11/site-packages/airflow/example_dags/example_branch_datetime_operator.py took 0.139 seconds
[2023-09-14T11:08:27.234+0800] {processor.py:157} INFO - Started process (PID=71102) to work on /opt/homebrew/lib/python3.11/site-packages/airflow/example_dags/example_branch_datetime_operator.py
[2023-09-14T11:08:27.235+0800] {processor.py:829} INFO - Processing file /opt/homebrew/lib/python3.11/site-packages/airflow/example_dags/example_branch_datetime_operator.py for tasks to queue
[2023-09-14T11:08:27.235+0800] {logging_mixin.py:151} INFO - [2023-09-14T11:08:27.235+0800] {dagbag.py:539} INFO - Filling up the DagBag from /opt/homebrew/lib/python3.11/site-packages/airflow/example_dags/example_branch_datetime_operator.py
[2023-09-14T11:08:27.252+0800] {processor.py:839} INFO - DAG(s) dict_keys(['example_branch_datetime_operator_3', 'example_branch_datetime_operator_2', 'example_branch_datetime_operator']) retrieved from /opt/homebrew/lib/python3.11/site-packages/airflow/example_dags/example_branch_datetime_operator.py
[2023-09-14T11:08:27.350+0800] {logging_mixin.py:151} INFO - [2023-09-14T11:08:27.350+0800] {dag.py:2915} INFO - Sync 3 DAGs
[2023-09-14T11:08:27.360+0800] {logging_mixin.py:151} INFO - [2023-09-14T11:08:27.359+0800] {dag.py:3696} INFO - Setting next_dagrun for example_branch_datetime_operator to 2023-09-13T00:00:00+00:00, run_after=2023-09-14T00:00:00+00:00
[2023-09-14T11:08:27.362+0800] {logging_mixin.py:151} INFO - [2023-09-14T11:08:27.362+0800] {dag.py:3696} INFO - Setting next_dagrun for example_branch_datetime_operator_2 to 2023-09-13T00:00:00+00:00, run_after=2023-09-14T00:00:00+00:00
[2023-09-14T11:08:27.363+0800] {logging_mixin.py:151} INFO - [2023-09-14T11:08:27.363+0800] {dag.py:3696} INFO - Setting next_dagrun for example_branch_datetime_operator_3 to 2023-09-13T00:00:00+00:00, run_after=2023-09-14T00:00:00+00:00
[2023-09-14T11:08:27.373+0800] {processor.py:179} INFO - Processing /opt/homebrew/lib/python3.11/site-packages/airflow/example_dags/example_branch_datetime_operator.py took 0.139 seconds
[2023-09-14T11:24:39.485+0800] {processor.py:157} INFO - Started process (PID=71356) to work on /opt/homebrew/lib/python3.11/site-packages/airflow/example_dags/example_branch_datetime_operator.py
[2023-09-14T11:24:39.486+0800] {processor.py:829} INFO - Processing file /opt/homebrew/lib/python3.11/site-packages/airflow/example_dags/example_branch_datetime_operator.py for tasks to queue
[2023-09-14T11:24:39.487+0800] {logging_mixin.py:151} INFO - [2023-09-14T11:24:39.487+0800] {dagbag.py:539} INFO - Filling up the DagBag from /opt/homebrew/lib/python3.11/site-packages/airflow/example_dags/example_branch_datetime_operator.py
[2023-09-14T11:24:39.505+0800] {processor.py:839} INFO - DAG(s) dict_keys(['example_branch_datetime_operator_2', 'example_branch_datetime_operator', 'example_branch_datetime_operator_3']) retrieved from /opt/homebrew/lib/python3.11/site-packages/airflow/example_dags/example_branch_datetime_operator.py
[2023-09-14T11:24:39.602+0800] {logging_mixin.py:151} INFO - [2023-09-14T11:24:39.602+0800] {dag.py:2915} INFO - Sync 3 DAGs
[2023-09-14T11:24:39.611+0800] {logging_mixin.py:151} INFO - [2023-09-14T11:24:39.611+0800] {dag.py:3696} INFO - Setting next_dagrun for example_branch_datetime_operator to 2023-09-13T00:00:00+00:00, run_after=2023-09-14T00:00:00+00:00
[2023-09-14T11:24:39.614+0800] {logging_mixin.py:151} INFO - [2023-09-14T11:24:39.613+0800] {dag.py:3696} INFO - Setting next_dagrun for example_branch_datetime_operator_2 to 2023-09-13T00:00:00+00:00, run_after=2023-09-14T00:00:00+00:00
[2023-09-14T11:24:39.615+0800] {logging_mixin.py:151} INFO - [2023-09-14T11:24:39.614+0800] {dag.py:3696} INFO - Setting next_dagrun for example_branch_datetime_operator_3 to 2023-09-13T00:00:00+00:00, run_after=2023-09-14T00:00:00+00:00
[2023-09-14T11:24:39.625+0800] {processor.py:179} INFO - Processing /opt/homebrew/lib/python3.11/site-packages/airflow/example_dags/example_branch_datetime_operator.py took 0.140 seconds
[2023-09-14T11:26:28.107+0800] {processor.py:157} INFO - Started process (PID=71545) to work on /opt/homebrew/lib/python3.11/site-packages/airflow/example_dags/example_branch_datetime_operator.py
[2023-09-14T11:26:28.108+0800] {processor.py:829} INFO - Processing file /opt/homebrew/lib/python3.11/site-packages/airflow/example_dags/example_branch_datetime_operator.py for tasks to queue
[2023-09-14T11:26:28.108+0800] {logging_mixin.py:151} INFO - [2023-09-14T11:26:28.108+0800] {dagbag.py:539} INFO - Filling up the DagBag from /opt/homebrew/lib/python3.11/site-packages/airflow/example_dags/example_branch_datetime_operator.py
[2023-09-14T11:26:28.126+0800] {processor.py:839} INFO - DAG(s) dict_keys(['example_branch_datetime_operator', 'example_branch_datetime_operator_2', 'example_branch_datetime_operator_3']) retrieved from /opt/homebrew/lib/python3.11/site-packages/airflow/example_dags/example_branch_datetime_operator.py
[2023-09-14T11:26:28.223+0800] {logging_mixin.py:151} INFO - [2023-09-14T11:26:28.223+0800] {dag.py:2915} INFO - Sync 3 DAGs
[2023-09-14T11:26:28.232+0800] {logging_mixin.py:151} INFO - [2023-09-14T11:26:28.232+0800] {dag.py:3696} INFO - Setting next_dagrun for example_branch_datetime_operator to 2023-09-13T00:00:00+00:00, run_after=2023-09-14T00:00:00+00:00
[2023-09-14T11:26:28.234+0800] {logging_mixin.py:151} INFO - [2023-09-14T11:26:28.234+0800] {dag.py:3696} INFO - Setting next_dagrun for example_branch_datetime_operator_2 to 2023-09-13T00:00:00+00:00, run_after=2023-09-14T00:00:00+00:00
[2023-09-14T11:26:28.235+0800] {logging_mixin.py:151} INFO - [2023-09-14T11:26:28.235+0800] {dag.py:3696} INFO - Setting next_dagrun for example_branch_datetime_operator_3 to 2023-09-13T00:00:00+00:00, run_after=2023-09-14T00:00:00+00:00
[2023-09-14T11:26:28.246+0800] {processor.py:179} INFO - Processing /opt/homebrew/lib/python3.11/site-packages/airflow/example_dags/example_branch_datetime_operator.py took 0.139 seconds
[2023-09-14T11:28:11.065+0800] {processor.py:157} INFO - Started process (PID=71733) to work on /opt/homebrew/lib/python3.11/site-packages/airflow/example_dags/example_branch_datetime_operator.py
[2023-09-14T11:28:11.065+0800] {processor.py:829} INFO - Processing file /opt/homebrew/lib/python3.11/site-packages/airflow/example_dags/example_branch_datetime_operator.py for tasks to queue
[2023-09-14T11:28:11.066+0800] {logging_mixin.py:151} INFO - [2023-09-14T11:28:11.066+0800] {dagbag.py:539} INFO - Filling up the DagBag from /opt/homebrew/lib/python3.11/site-packages/airflow/example_dags/example_branch_datetime_operator.py
[2023-09-14T11:28:11.083+0800] {processor.py:839} INFO - DAG(s) dict_keys(['example_branch_datetime_operator_3', 'example_branch_datetime_operator_2', 'example_branch_datetime_operator']) retrieved from /opt/homebrew/lib/python3.11/site-packages/airflow/example_dags/example_branch_datetime_operator.py
[2023-09-14T11:28:11.182+0800] {logging_mixin.py:151} INFO - [2023-09-14T11:28:11.181+0800] {dag.py:2915} INFO - Sync 3 DAGs
[2023-09-14T11:28:11.191+0800] {logging_mixin.py:151} INFO - [2023-09-14T11:28:11.191+0800] {dag.py:3696} INFO - Setting next_dagrun for example_branch_datetime_operator to 2023-09-13T00:00:00+00:00, run_after=2023-09-14T00:00:00+00:00
[2023-09-14T11:28:11.193+0800] {logging_mixin.py:151} INFO - [2023-09-14T11:28:11.193+0800] {dag.py:3696} INFO - Setting next_dagrun for example_branch_datetime_operator_2 to 2023-09-13T00:00:00+00:00, run_after=2023-09-14T00:00:00+00:00
[2023-09-14T11:28:11.194+0800] {logging_mixin.py:151} INFO - [2023-09-14T11:28:11.194+0800] {dag.py:3696} INFO - Setting next_dagrun for example_branch_datetime_operator_3 to 2023-09-13T00:00:00+00:00, run_after=2023-09-14T00:00:00+00:00
[2023-09-14T11:28:11.204+0800] {processor.py:179} INFO - Processing /opt/homebrew/lib/python3.11/site-packages/airflow/example_dags/example_branch_datetime_operator.py took 0.140 seconds
[2023-09-14T11:29:53.068+0800] {processor.py:157} INFO - Started process (PID=71913) to work on /opt/homebrew/lib/python3.11/site-packages/airflow/example_dags/example_branch_datetime_operator.py
[2023-09-14T11:29:53.069+0800] {processor.py:829} INFO - Processing file /opt/homebrew/lib/python3.11/site-packages/airflow/example_dags/example_branch_datetime_operator.py for tasks to queue
[2023-09-14T11:29:53.069+0800] {logging_mixin.py:151} INFO - [2023-09-14T11:29:53.069+0800] {dagbag.py:539} INFO - Filling up the DagBag from /opt/homebrew/lib/python3.11/site-packages/airflow/example_dags/example_branch_datetime_operator.py
[2023-09-14T11:29:53.087+0800] {processor.py:839} INFO - DAG(s) dict_keys(['example_branch_datetime_operator_3', 'example_branch_datetime_operator', 'example_branch_datetime_operator_2']) retrieved from /opt/homebrew/lib/python3.11/site-packages/airflow/example_dags/example_branch_datetime_operator.py
[2023-09-14T11:29:53.184+0800] {logging_mixin.py:151} INFO - [2023-09-14T11:29:53.184+0800] {dag.py:2915} INFO - Sync 3 DAGs
[2023-09-14T11:29:53.193+0800] {logging_mixin.py:151} INFO - [2023-09-14T11:29:53.193+0800] {dag.py:3696} INFO - Setting next_dagrun for example_branch_datetime_operator to 2023-09-13T00:00:00+00:00, run_after=2023-09-14T00:00:00+00:00
[2023-09-14T11:29:53.195+0800] {logging_mixin.py:151} INFO - [2023-09-14T11:29:53.195+0800] {dag.py:3696} INFO - Setting next_dagrun for example_branch_datetime_operator_2 to 2023-09-13T00:00:00+00:00, run_after=2023-09-14T00:00:00+00:00
[2023-09-14T11:29:53.196+0800] {logging_mixin.py:151} INFO - [2023-09-14T11:29:53.196+0800] {dag.py:3696} INFO - Setting next_dagrun for example_branch_datetime_operator_3 to 2023-09-13T00:00:00+00:00, run_after=2023-09-14T00:00:00+00:00
[2023-09-14T11:29:53.206+0800] {processor.py:179} INFO - Processing /opt/homebrew/lib/python3.11/site-packages/airflow/example_dags/example_branch_datetime_operator.py took 0.138 seconds
[2023-09-14T11:31:37.935+0800] {processor.py:157} INFO - Started process (PID=72101) to work on /opt/homebrew/lib/python3.11/site-packages/airflow/example_dags/example_branch_datetime_operator.py
[2023-09-14T11:31:37.935+0800] {processor.py:829} INFO - Processing file /opt/homebrew/lib/python3.11/site-packages/airflow/example_dags/example_branch_datetime_operator.py for tasks to queue
[2023-09-14T11:31:37.936+0800] {logging_mixin.py:151} INFO - [2023-09-14T11:31:37.936+0800] {dagbag.py:539} INFO - Filling up the DagBag from /opt/homebrew/lib/python3.11/site-packages/airflow/example_dags/example_branch_datetime_operator.py
[2023-09-14T11:31:37.953+0800] {processor.py:839} INFO - DAG(s) dict_keys(['example_branch_datetime_operator', 'example_branch_datetime_operator_2', 'example_branch_datetime_operator_3']) retrieved from /opt/homebrew/lib/python3.11/site-packages/airflow/example_dags/example_branch_datetime_operator.py
[2023-09-14T11:31:38.051+0800] {logging_mixin.py:151} INFO - [2023-09-14T11:31:38.051+0800] {dag.py:2915} INFO - Sync 3 DAGs
[2023-09-14T11:31:38.060+0800] {logging_mixin.py:151} INFO - [2023-09-14T11:31:38.060+0800] {dag.py:3696} INFO - Setting next_dagrun for example_branch_datetime_operator to 2023-09-13T00:00:00+00:00, run_after=2023-09-14T00:00:00+00:00
[2023-09-14T11:31:38.062+0800] {logging_mixin.py:151} INFO - [2023-09-14T11:31:38.062+0800] {dag.py:3696} INFO - Setting next_dagrun for example_branch_datetime_operator_2 to 2023-09-13T00:00:00+00:00, run_after=2023-09-14T00:00:00+00:00
[2023-09-14T11:31:38.063+0800] {logging_mixin.py:151} INFO - [2023-09-14T11:31:38.063+0800] {dag.py:3696} INFO - Setting next_dagrun for example_branch_datetime_operator_3 to 2023-09-13T00:00:00+00:00, run_after=2023-09-14T00:00:00+00:00
[2023-09-14T11:31:38.073+0800] {processor.py:179} INFO - Processing /opt/homebrew/lib/python3.11/site-packages/airflow/example_dags/example_branch_datetime_operator.py took 0.139 seconds
[2023-09-14T11:33:23.848+0800] {processor.py:157} INFO - Started process (PID=72294) to work on /opt/homebrew/lib/python3.11/site-packages/airflow/example_dags/example_branch_datetime_operator.py
[2023-09-14T11:33:23.849+0800] {processor.py:829} INFO - Processing file /opt/homebrew/lib/python3.11/site-packages/airflow/example_dags/example_branch_datetime_operator.py for tasks to queue
[2023-09-14T11:33:23.849+0800] {logging_mixin.py:151} INFO - [2023-09-14T11:33:23.849+0800] {dagbag.py:539} INFO - Filling up the DagBag from /opt/homebrew/lib/python3.11/site-packages/airflow/example_dags/example_branch_datetime_operator.py
[2023-09-14T11:33:23.868+0800] {processor.py:839} INFO - DAG(s) dict_keys(['example_branch_datetime_operator_3', 'example_branch_datetime_operator_2', 'example_branch_datetime_operator']) retrieved from /opt/homebrew/lib/python3.11/site-packages/airflow/example_dags/example_branch_datetime_operator.py
[2023-09-14T11:33:23.965+0800] {logging_mixin.py:151} INFO - [2023-09-14T11:33:23.965+0800] {dag.py:2915} INFO - Sync 3 DAGs
[2023-09-14T11:33:23.974+0800] {logging_mixin.py:151} INFO - [2023-09-14T11:33:23.974+0800] {dag.py:3696} INFO - Setting next_dagrun for example_branch_datetime_operator to 2023-09-13T00:00:00+00:00, run_after=2023-09-14T00:00:00+00:00
[2023-09-14T11:33:23.976+0800] {logging_mixin.py:151} INFO - [2023-09-14T11:33:23.976+0800] {dag.py:3696} INFO - Setting next_dagrun for example_branch_datetime_operator_2 to 2023-09-13T00:00:00+00:00, run_after=2023-09-14T00:00:00+00:00
[2023-09-14T11:33:23.978+0800] {logging_mixin.py:151} INFO - [2023-09-14T11:33:23.977+0800] {dag.py:3696} INFO - Setting next_dagrun for example_branch_datetime_operator_3 to 2023-09-13T00:00:00+00:00, run_after=2023-09-14T00:00:00+00:00
[2023-09-14T11:33:23.987+0800] {processor.py:179} INFO - Processing /opt/homebrew/lib/python3.11/site-packages/airflow/example_dags/example_branch_datetime_operator.py took 0.139 seconds
[2023-09-14T11:35:12.030+0800] {processor.py:157} INFO - Started process (PID=72484) to work on /opt/homebrew/lib/python3.11/site-packages/airflow/example_dags/example_branch_datetime_operator.py
[2023-09-14T11:35:12.031+0800] {processor.py:829} INFO - Processing file /opt/homebrew/lib/python3.11/site-packages/airflow/example_dags/example_branch_datetime_operator.py for tasks to queue
[2023-09-14T11:35:12.031+0800] {logging_mixin.py:151} INFO - [2023-09-14T11:35:12.031+0800] {dagbag.py:539} INFO - Filling up the DagBag from /opt/homebrew/lib/python3.11/site-packages/airflow/example_dags/example_branch_datetime_operator.py
[2023-09-14T11:35:12.049+0800] {processor.py:839} INFO - DAG(s) dict_keys(['example_branch_datetime_operator_3', 'example_branch_datetime_operator_2', 'example_branch_datetime_operator']) retrieved from /opt/homebrew/lib/python3.11/site-packages/airflow/example_dags/example_branch_datetime_operator.py
[2023-09-14T11:35:12.146+0800] {logging_mixin.py:151} INFO - [2023-09-14T11:35:12.146+0800] {dag.py:2915} INFO - Sync 3 DAGs
[2023-09-14T11:35:12.156+0800] {logging_mixin.py:151} INFO - [2023-09-14T11:35:12.156+0800] {dag.py:3696} INFO - Setting next_dagrun for example_branch_datetime_operator to 2023-09-13T00:00:00+00:00, run_after=2023-09-14T00:00:00+00:00
[2023-09-14T11:35:12.158+0800] {logging_mixin.py:151} INFO - [2023-09-14T11:35:12.158+0800] {dag.py:3696} INFO - Setting next_dagrun for example_branch_datetime_operator_2 to 2023-09-13T00:00:00+00:00, run_after=2023-09-14T00:00:00+00:00
[2023-09-14T11:35:12.159+0800] {logging_mixin.py:151} INFO - [2023-09-14T11:35:12.159+0800] {dag.py:3696} INFO - Setting next_dagrun for example_branch_datetime_operator_3 to 2023-09-13T00:00:00+00:00, run_after=2023-09-14T00:00:00+00:00
[2023-09-14T11:35:12.169+0800] {processor.py:179} INFO - Processing /opt/homebrew/lib/python3.11/site-packages/airflow/example_dags/example_branch_datetime_operator.py took 0.139 seconds
[2023-09-14T11:37:00.658+0800] {processor.py:157} INFO - Started process (PID=72676) to work on /opt/homebrew/lib/python3.11/site-packages/airflow/example_dags/example_branch_datetime_operator.py
[2023-09-14T11:37:00.659+0800] {processor.py:829} INFO - Processing file /opt/homebrew/lib/python3.11/site-packages/airflow/example_dags/example_branch_datetime_operator.py for tasks to queue
[2023-09-14T11:37:00.659+0800] {logging_mixin.py:151} INFO - [2023-09-14T11:37:00.659+0800] {dagbag.py:539} INFO - Filling up the DagBag from /opt/homebrew/lib/python3.11/site-packages/airflow/example_dags/example_branch_datetime_operator.py
[2023-09-14T11:37:00.677+0800] {processor.py:839} INFO - DAG(s) dict_keys(['example_branch_datetime_operator_3', 'example_branch_datetime_operator_2', 'example_branch_datetime_operator']) retrieved from /opt/homebrew/lib/python3.11/site-packages/airflow/example_dags/example_branch_datetime_operator.py
[2023-09-14T11:37:00.774+0800] {logging_mixin.py:151} INFO - [2023-09-14T11:37:00.774+0800] {dag.py:2915} INFO - Sync 3 DAGs
[2023-09-14T11:37:00.783+0800] {logging_mixin.py:151} INFO - [2023-09-14T11:37:00.783+0800] {dag.py:3696} INFO - Setting next_dagrun for example_branch_datetime_operator to 2023-09-13T00:00:00+00:00, run_after=2023-09-14T00:00:00+00:00
[2023-09-14T11:37:00.786+0800] {logging_mixin.py:151} INFO - [2023-09-14T11:37:00.786+0800] {dag.py:3696} INFO - Setting next_dagrun for example_branch_datetime_operator_2 to 2023-09-13T00:00:00+00:00, run_after=2023-09-14T00:00:00+00:00
[2023-09-14T11:37:00.787+0800] {logging_mixin.py:151} INFO - [2023-09-14T11:37:00.787+0800] {dag.py:3696} INFO - Setting next_dagrun for example_branch_datetime_operator_3 to 2023-09-13T00:00:00+00:00, run_after=2023-09-14T00:00:00+00:00
[2023-09-14T11:37:00.796+0800] {processor.py:179} INFO - Processing /opt/homebrew/lib/python3.11/site-packages/airflow/example_dags/example_branch_datetime_operator.py took 0.139 seconds
[2023-09-14T11:38:43.385+0800] {processor.py:157} INFO - Started process (PID=72860) to work on /opt/homebrew/lib/python3.11/site-packages/airflow/example_dags/example_branch_datetime_operator.py
[2023-09-14T11:38:43.385+0800] {processor.py:829} INFO - Processing file /opt/homebrew/lib/python3.11/site-packages/airflow/example_dags/example_branch_datetime_operator.py for tasks to queue
[2023-09-14T11:38:43.385+0800] {logging_mixin.py:151} INFO - [2023-09-14T11:38:43.385+0800] {dagbag.py:539} INFO - Filling up the DagBag from /opt/homebrew/lib/python3.11/site-packages/airflow/example_dags/example_branch_datetime_operator.py
[2023-09-14T11:38:43.403+0800] {processor.py:839} INFO - DAG(s) dict_keys(['example_branch_datetime_operator_2', 'example_branch_datetime_operator', 'example_branch_datetime_operator_3']) retrieved from /opt/homebrew/lib/python3.11/site-packages/airflow/example_dags/example_branch_datetime_operator.py
[2023-09-14T11:38:43.501+0800] {logging_mixin.py:151} INFO - [2023-09-14T11:38:43.501+0800] {dag.py:2915} INFO - Sync 3 DAGs
[2023-09-14T11:38:43.510+0800] {logging_mixin.py:151} INFO - [2023-09-14T11:38:43.510+0800] {dag.py:3696} INFO - Setting next_dagrun for example_branch_datetime_operator to 2023-09-13T00:00:00+00:00, run_after=2023-09-14T00:00:00+00:00
[2023-09-14T11:38:43.512+0800] {logging_mixin.py:151} INFO - [2023-09-14T11:38:43.512+0800] {dag.py:3696} INFO - Setting next_dagrun for example_branch_datetime_operator_2 to 2023-09-13T00:00:00+00:00, run_after=2023-09-14T00:00:00+00:00
[2023-09-14T11:38:43.513+0800] {logging_mixin.py:151} INFO - [2023-09-14T11:38:43.513+0800] {dag.py:3696} INFO - Setting next_dagrun for example_branch_datetime_operator_3 to 2023-09-13T00:00:00+00:00, run_after=2023-09-14T00:00:00+00:00
[2023-09-14T11:38:43.523+0800] {processor.py:179} INFO - Processing /opt/homebrew/lib/python3.11/site-packages/airflow/example_dags/example_branch_datetime_operator.py took 0.139 seconds
[2023-09-14T11:40:21.775+0800] {processor.py:157} INFO - Started process (PID=73060) to work on /opt/homebrew/lib/python3.11/site-packages/airflow/example_dags/example_branch_datetime_operator.py
[2023-09-14T11:40:21.776+0800] {processor.py:829} INFO - Processing file /opt/homebrew/lib/python3.11/site-packages/airflow/example_dags/example_branch_datetime_operator.py for tasks to queue
[2023-09-14T11:40:21.776+0800] {logging_mixin.py:151} INFO - [2023-09-14T11:40:21.776+0800] {dagbag.py:539} INFO - Filling up the DagBag from /opt/homebrew/lib/python3.11/site-packages/airflow/example_dags/example_branch_datetime_operator.py
[2023-09-14T11:40:21.795+0800] {processor.py:839} INFO - DAG(s) dict_keys(['example_branch_datetime_operator_2', 'example_branch_datetime_operator_3', 'example_branch_datetime_operator']) retrieved from /opt/homebrew/lib/python3.11/site-packages/airflow/example_dags/example_branch_datetime_operator.py
[2023-09-14T11:40:21.896+0800] {logging_mixin.py:151} INFO - [2023-09-14T11:40:21.896+0800] {dag.py:2915} INFO - Sync 3 DAGs
[2023-09-14T11:40:21.905+0800] {logging_mixin.py:151} INFO - [2023-09-14T11:40:21.905+0800] {dag.py:3696} INFO - Setting next_dagrun for example_branch_datetime_operator to 2023-09-13T00:00:00+00:00, run_after=2023-09-14T00:00:00+00:00
[2023-09-14T11:40:21.909+0800] {logging_mixin.py:151} INFO - [2023-09-14T11:40:21.909+0800] {dag.py:3696} INFO - Setting next_dagrun for example_branch_datetime_operator_2 to 2023-09-13T00:00:00+00:00, run_after=2023-09-14T00:00:00+00:00
[2023-09-14T11:40:21.910+0800] {logging_mixin.py:151} INFO - [2023-09-14T11:40:21.910+0800] {dag.py:3696} INFO - Setting next_dagrun for example_branch_datetime_operator_3 to 2023-09-13T00:00:00+00:00, run_after=2023-09-14T00:00:00+00:00
[2023-09-14T11:40:21.921+0800] {processor.py:179} INFO - Processing /opt/homebrew/lib/python3.11/site-packages/airflow/example_dags/example_branch_datetime_operator.py took 0.146 seconds
[2023-09-14T11:42:06.377+0800] {processor.py:157} INFO - Started process (PID=73247) to work on /opt/homebrew/lib/python3.11/site-packages/airflow/example_dags/example_branch_datetime_operator.py
[2023-09-14T11:42:06.377+0800] {processor.py:829} INFO - Processing file /opt/homebrew/lib/python3.11/site-packages/airflow/example_dags/example_branch_datetime_operator.py for tasks to queue
[2023-09-14T11:42:06.378+0800] {logging_mixin.py:151} INFO - [2023-09-14T11:42:06.378+0800] {dagbag.py:539} INFO - Filling up the DagBag from /opt/homebrew/lib/python3.11/site-packages/airflow/example_dags/example_branch_datetime_operator.py
[2023-09-14T11:42:06.395+0800] {processor.py:839} INFO - DAG(s) dict_keys(['example_branch_datetime_operator_3', 'example_branch_datetime_operator', 'example_branch_datetime_operator_2']) retrieved from /opt/homebrew/lib/python3.11/site-packages/airflow/example_dags/example_branch_datetime_operator.py
[2023-09-14T11:42:06.493+0800] {logging_mixin.py:151} INFO - [2023-09-14T11:42:06.492+0800] {dag.py:2915} INFO - Sync 3 DAGs
[2023-09-14T11:42:06.502+0800] {logging_mixin.py:151} INFO - [2023-09-14T11:42:06.502+0800] {dag.py:3696} INFO - Setting next_dagrun for example_branch_datetime_operator to 2023-09-13T00:00:00+00:00, run_after=2023-09-14T00:00:00+00:00
[2023-09-14T11:42:06.504+0800] {logging_mixin.py:151} INFO - [2023-09-14T11:42:06.504+0800] {dag.py:3696} INFO - Setting next_dagrun for example_branch_datetime_operator_2 to 2023-09-13T00:00:00+00:00, run_after=2023-09-14T00:00:00+00:00
[2023-09-14T11:42:06.505+0800] {logging_mixin.py:151} INFO - [2023-09-14T11:42:06.505+0800] {dag.py:3696} INFO - Setting next_dagrun for example_branch_datetime_operator_3 to 2023-09-13T00:00:00+00:00, run_after=2023-09-14T00:00:00+00:00
[2023-09-14T11:42:06.515+0800] {processor.py:179} INFO - Processing /opt/homebrew/lib/python3.11/site-packages/airflow/example_dags/example_branch_datetime_operator.py took 0.139 seconds
[2023-09-14T11:43:48.860+0800] {processor.py:157} INFO - Started process (PID=73428) to work on /opt/homebrew/lib/python3.11/site-packages/airflow/example_dags/example_branch_datetime_operator.py
[2023-09-14T11:43:48.861+0800] {processor.py:829} INFO - Processing file /opt/homebrew/lib/python3.11/site-packages/airflow/example_dags/example_branch_datetime_operator.py for tasks to queue
[2023-09-14T11:43:48.861+0800] {logging_mixin.py:151} INFO - [2023-09-14T11:43:48.861+0800] {dagbag.py:539} INFO - Filling up the DagBag from /opt/homebrew/lib/python3.11/site-packages/airflow/example_dags/example_branch_datetime_operator.py
[2023-09-14T11:43:48.879+0800] {processor.py:839} INFO - DAG(s) dict_keys(['example_branch_datetime_operator_2', 'example_branch_datetime_operator', 'example_branch_datetime_operator_3']) retrieved from /opt/homebrew/lib/python3.11/site-packages/airflow/example_dags/example_branch_datetime_operator.py
[2023-09-14T11:43:48.977+0800] {logging_mixin.py:151} INFO - [2023-09-14T11:43:48.977+0800] {dag.py:2915} INFO - Sync 3 DAGs
[2023-09-14T11:43:48.986+0800] {logging_mixin.py:151} INFO - [2023-09-14T11:43:48.986+0800] {dag.py:3696} INFO - Setting next_dagrun for example_branch_datetime_operator to 2023-09-13T00:00:00+00:00, run_after=2023-09-14T00:00:00+00:00
[2023-09-14T11:43:48.988+0800] {logging_mixin.py:151} INFO - [2023-09-14T11:43:48.988+0800] {dag.py:3696} INFO - Setting next_dagrun for example_branch_datetime_operator_2 to 2023-09-13T00:00:00+00:00, run_after=2023-09-14T00:00:00+00:00
[2023-09-14T11:43:48.989+0800] {logging_mixin.py:151} INFO - [2023-09-14T11:43:48.989+0800] {dag.py:3696} INFO - Setting next_dagrun for example_branch_datetime_operator_3 to 2023-09-13T00:00:00+00:00, run_after=2023-09-14T00:00:00+00:00
[2023-09-14T11:43:48.999+0800] {processor.py:179} INFO - Processing /opt/homebrew/lib/python3.11/site-packages/airflow/example_dags/example_branch_datetime_operator.py took 0.140 seconds
[2023-09-14T12:03:18.506+0800] {processor.py:157} INFO - Started process (PID=73630) to work on /opt/homebrew/lib/python3.11/site-packages/airflow/example_dags/example_branch_datetime_operator.py
[2023-09-14T12:03:18.507+0800] {processor.py:829} INFO - Processing file /opt/homebrew/lib/python3.11/site-packages/airflow/example_dags/example_branch_datetime_operator.py for tasks to queue
[2023-09-14T12:03:18.508+0800] {logging_mixin.py:151} INFO - [2023-09-14T12:03:18.508+0800] {dagbag.py:539} INFO - Filling up the DagBag from /opt/homebrew/lib/python3.11/site-packages/airflow/example_dags/example_branch_datetime_operator.py
[2023-09-14T12:03:18.534+0800] {processor.py:839} INFO - DAG(s) dict_keys(['example_branch_datetime_operator_2', 'example_branch_datetime_operator', 'example_branch_datetime_operator_3']) retrieved from /opt/homebrew/lib/python3.11/site-packages/airflow/example_dags/example_branch_datetime_operator.py
[2023-09-14T12:03:18.678+0800] {logging_mixin.py:151} INFO - [2023-09-14T12:03:18.678+0800] {dag.py:2915} INFO - Sync 3 DAGs
[2023-09-14T12:03:18.691+0800] {logging_mixin.py:151} INFO - [2023-09-14T12:03:18.691+0800] {dag.py:3696} INFO - Setting next_dagrun for example_branch_datetime_operator to 2023-09-13T00:00:00+00:00, run_after=2023-09-14T00:00:00+00:00
[2023-09-14T12:03:18.695+0800] {logging_mixin.py:151} INFO - [2023-09-14T12:03:18.695+0800] {dag.py:3696} INFO - Setting next_dagrun for example_branch_datetime_operator_2 to 2023-09-13T00:00:00+00:00, run_after=2023-09-14T00:00:00+00:00
[2023-09-14T12:03:18.696+0800] {logging_mixin.py:151} INFO - [2023-09-14T12:03:18.696+0800] {dag.py:3696} INFO - Setting next_dagrun for example_branch_datetime_operator_3 to 2023-09-13T00:00:00+00:00, run_after=2023-09-14T00:00:00+00:00
[2023-09-14T12:03:18.711+0800] {processor.py:179} INFO - Processing /opt/homebrew/lib/python3.11/site-packages/airflow/example_dags/example_branch_datetime_operator.py took 0.205 seconds
[2023-09-14T18:41:11.935+0800] {processor.py:157} INFO - Started process (PID=74247) to work on /opt/homebrew/lib/python3.11/site-packages/airflow/example_dags/example_branch_datetime_operator.py
[2023-09-14T18:41:11.936+0800] {processor.py:829} INFO - Processing file /opt/homebrew/lib/python3.11/site-packages/airflow/example_dags/example_branch_datetime_operator.py for tasks to queue
[2023-09-14T18:41:11.937+0800] {logging_mixin.py:151} INFO - [2023-09-14T18:41:11.937+0800] {dagbag.py:539} INFO - Filling up the DagBag from /opt/homebrew/lib/python3.11/site-packages/airflow/example_dags/example_branch_datetime_operator.py
[2023-09-14T18:41:11.960+0800] {processor.py:839} INFO - DAG(s) dict_keys(['example_branch_datetime_operator_2', 'example_branch_datetime_operator_3', 'example_branch_datetime_operator']) retrieved from /opt/homebrew/lib/python3.11/site-packages/airflow/example_dags/example_branch_datetime_operator.py
[2023-09-14T18:41:12.116+0800] {logging_mixin.py:151} INFO - [2023-09-14T18:41:12.116+0800] {dag.py:2915} INFO - Sync 3 DAGs
[2023-09-14T18:41:12.131+0800] {logging_mixin.py:151} INFO - [2023-09-14T18:41:12.131+0800] {dag.py:3696} INFO - Setting next_dagrun for example_branch_datetime_operator to 2023-09-13T00:00:00+00:00, run_after=2023-09-14T00:00:00+00:00
[2023-09-14T18:41:12.137+0800] {logging_mixin.py:151} INFO - [2023-09-14T18:41:12.136+0800] {dag.py:3696} INFO - Setting next_dagrun for example_branch_datetime_operator_2 to 2023-09-13T00:00:00+00:00, run_after=2023-09-14T00:00:00+00:00
[2023-09-14T18:41:12.138+0800] {logging_mixin.py:151} INFO - [2023-09-14T18:41:12.138+0800] {dag.py:3696} INFO - Setting next_dagrun for example_branch_datetime_operator_3 to 2023-09-13T00:00:00+00:00, run_after=2023-09-14T00:00:00+00:00
[2023-09-14T18:41:12.155+0800] {processor.py:179} INFO - Processing /opt/homebrew/lib/python3.11/site-packages/airflow/example_dags/example_branch_datetime_operator.py took 0.221 seconds
[2023-09-15T01:18:48.172+0800] {processor.py:157} INFO - Started process (PID=74935) to work on /opt/homebrew/lib/python3.11/site-packages/airflow/example_dags/example_branch_datetime_operator.py
[2023-09-15T01:18:48.172+0800] {processor.py:829} INFO - Processing file /opt/homebrew/lib/python3.11/site-packages/airflow/example_dags/example_branch_datetime_operator.py for tasks to queue
[2023-09-15T01:18:48.173+0800] {logging_mixin.py:151} INFO - [2023-09-15T01:18:48.173+0800] {dagbag.py:539} INFO - Filling up the DagBag from /opt/homebrew/lib/python3.11/site-packages/airflow/example_dags/example_branch_datetime_operator.py
[2023-09-15T01:18:48.191+0800] {processor.py:839} INFO - DAG(s) dict_keys(['example_branch_datetime_operator', 'example_branch_datetime_operator_3', 'example_branch_datetime_operator_2']) retrieved from /opt/homebrew/lib/python3.11/site-packages/airflow/example_dags/example_branch_datetime_operator.py
[2023-09-15T01:18:48.290+0800] {logging_mixin.py:151} INFO - [2023-09-15T01:18:48.290+0800] {dag.py:2915} INFO - Sync 3 DAGs
[2023-09-15T01:18:48.299+0800] {logging_mixin.py:151} INFO - [2023-09-15T01:18:48.299+0800] {dag.py:3696} INFO - Setting next_dagrun for example_branch_datetime_operator to 2023-09-13T00:00:00+00:00, run_after=2023-09-14T00:00:00+00:00
[2023-09-15T01:18:48.301+0800] {logging_mixin.py:151} INFO - [2023-09-15T01:18:48.301+0800] {dag.py:3696} INFO - Setting next_dagrun for example_branch_datetime_operator_2 to 2023-09-13T00:00:00+00:00, run_after=2023-09-14T00:00:00+00:00
[2023-09-15T01:18:48.302+0800] {logging_mixin.py:151} INFO - [2023-09-15T01:18:48.302+0800] {dag.py:3696} INFO - Setting next_dagrun for example_branch_datetime_operator_3 to 2023-09-13T00:00:00+00:00, run_after=2023-09-14T00:00:00+00:00
[2023-09-15T01:18:48.313+0800] {processor.py:179} INFO - Processing /opt/homebrew/lib/python3.11/site-packages/airflow/example_dags/example_branch_datetime_operator.py took 0.141 seconds
[2023-09-15T07:48:40.266+0800] {processor.py:157} INFO - Started process (PID=75588) to work on /opt/homebrew/lib/python3.11/site-packages/airflow/example_dags/example_branch_datetime_operator.py
[2023-09-15T07:48:40.266+0800] {processor.py:829} INFO - Processing file /opt/homebrew/lib/python3.11/site-packages/airflow/example_dags/example_branch_datetime_operator.py for tasks to queue
[2023-09-15T07:48:40.267+0800] {logging_mixin.py:151} INFO - [2023-09-15T07:48:40.267+0800] {dagbag.py:539} INFO - Filling up the DagBag from /opt/homebrew/lib/python3.11/site-packages/airflow/example_dags/example_branch_datetime_operator.py
[2023-09-15T07:48:40.285+0800] {processor.py:839} INFO - DAG(s) dict_keys(['example_branch_datetime_operator', 'example_branch_datetime_operator_2', 'example_branch_datetime_operator_3']) retrieved from /opt/homebrew/lib/python3.11/site-packages/airflow/example_dags/example_branch_datetime_operator.py
[2023-09-15T07:48:40.383+0800] {logging_mixin.py:151} INFO - [2023-09-15T07:48:40.383+0800] {dag.py:2915} INFO - Sync 3 DAGs
[2023-09-15T07:48:40.392+0800] {logging_mixin.py:151} INFO - [2023-09-15T07:48:40.392+0800] {dag.py:3696} INFO - Setting next_dagrun for example_branch_datetime_operator to 2023-09-13T00:00:00+00:00, run_after=2023-09-14T00:00:00+00:00
[2023-09-15T07:48:40.395+0800] {logging_mixin.py:151} INFO - [2023-09-15T07:48:40.395+0800] {dag.py:3696} INFO - Setting next_dagrun for example_branch_datetime_operator_2 to 2023-09-13T00:00:00+00:00, run_after=2023-09-14T00:00:00+00:00
[2023-09-15T07:48:40.396+0800] {logging_mixin.py:151} INFO - [2023-09-15T07:48:40.396+0800] {dag.py:3696} INFO - Setting next_dagrun for example_branch_datetime_operator_3 to 2023-09-13T00:00:00+00:00, run_after=2023-09-14T00:00:00+00:00
[2023-09-15T07:48:40.406+0800] {processor.py:179} INFO - Processing /opt/homebrew/lib/python3.11/site-packages/airflow/example_dags/example_branch_datetime_operator.py took 0.140 seconds
