[2023-09-14T10:31:09.927+0800] {processor.py:157} INFO - Started process (PID=67000) to work on /opt/homebrew/lib/python3.11/site-packages/airflow/example_dags/example_params_trigger_ui.py
[2023-09-14T10:31:09.927+0800] {processor.py:829} INFO - Processing file /opt/homebrew/lib/python3.11/site-packages/airflow/example_dags/example_params_trigger_ui.py for tasks to queue
[2023-09-14T10:31:09.927+0800] {logging_mixin.py:151} INFO - [2023-09-14T10:31:09.927+0800] {dagbag.py:539} INFO - Filling up the DagBag from /opt/homebrew/lib/python3.11/site-packages/airflow/example_dags/example_params_trigger_ui.py
[2023-09-14T10:31:09.992+0800] {processor.py:839} INFO - DAG(s) dict_keys(['example_params_trigger_ui']) retrieved from /opt/homebrew/lib/python3.11/site-packages/airflow/example_dags/example_params_trigger_ui.py
[2023-09-14T10:31:10.081+0800] {logging_mixin.py:151} INFO - [2023-09-14T10:31:10.080+0800] {dag.py:2915} INFO - Sync 1 DAGs
[2023-09-14T10:31:10.086+0800] {logging_mixin.py:151} INFO - [2023-09-14T10:31:10.086+0800] {dag.py:3696} INFO - Setting next_dagrun for example_params_trigger_ui to None, run_after=None
[2023-09-14T10:31:10.097+0800] {processor.py:179} INFO - Processing /opt/homebrew/lib/python3.11/site-packages/airflow/example_dags/example_params_trigger_ui.py took 0.170 seconds
[2023-09-14T10:32:48.111+0800] {processor.py:157} INFO - Started process (PID=67183) to work on /opt/homebrew/lib/python3.11/site-packages/airflow/example_dags/example_params_trigger_ui.py
[2023-09-14T10:32:48.112+0800] {processor.py:829} INFO - Processing file /opt/homebrew/lib/python3.11/site-packages/airflow/example_dags/example_params_trigger_ui.py for tasks to queue
[2023-09-14T10:32:48.112+0800] {logging_mixin.py:151} INFO - [2023-09-14T10:32:48.112+0800] {dagbag.py:539} INFO - Filling up the DagBag from /opt/homebrew/lib/python3.11/site-packages/airflow/example_dags/example_params_trigger_ui.py
[2023-09-14T10:32:48.173+0800] {processor.py:839} INFO - DAG(s) dict_keys(['example_params_trigger_ui']) retrieved from /opt/homebrew/lib/python3.11/site-packages/airflow/example_dags/example_params_trigger_ui.py
[2023-09-14T10:32:48.255+0800] {logging_mixin.py:151} INFO - [2023-09-14T10:32:48.255+0800] {dag.py:2915} INFO - Sync 1 DAGs
[2023-09-14T10:32:48.259+0800] {logging_mixin.py:151} INFO - [2023-09-14T10:32:48.259+0800] {dag.py:3696} INFO - Setting next_dagrun for example_params_trigger_ui to None, run_after=None
[2023-09-14T10:32:48.270+0800] {processor.py:179} INFO - Processing /opt/homebrew/lib/python3.11/site-packages/airflow/example_dags/example_params_trigger_ui.py took 0.159 seconds
[2023-09-14T10:34:26.002+0800] {processor.py:157} INFO - Started process (PID=67384) to work on /opt/homebrew/lib/python3.11/site-packages/airflow/example_dags/example_params_trigger_ui.py
[2023-09-14T10:34:26.002+0800] {processor.py:829} INFO - Processing file /opt/homebrew/lib/python3.11/site-packages/airflow/example_dags/example_params_trigger_ui.py for tasks to queue
[2023-09-14T10:34:26.003+0800] {logging_mixin.py:151} INFO - [2023-09-14T10:34:26.003+0800] {dagbag.py:539} INFO - Filling up the DagBag from /opt/homebrew/lib/python3.11/site-packages/airflow/example_dags/example_params_trigger_ui.py
[2023-09-14T10:34:26.060+0800] {processor.py:839} INFO - DAG(s) dict_keys(['example_params_trigger_ui']) retrieved from /opt/homebrew/lib/python3.11/site-packages/airflow/example_dags/example_params_trigger_ui.py
[2023-09-14T10:34:26.141+0800] {logging_mixin.py:151} INFO - [2023-09-14T10:34:26.141+0800] {dag.py:2915} INFO - Sync 1 DAGs
[2023-09-14T10:34:26.145+0800] {logging_mixin.py:151} INFO - [2023-09-14T10:34:26.145+0800] {dag.py:3696} INFO - Setting next_dagrun for example_params_trigger_ui to None, run_after=None
[2023-09-14T10:34:26.157+0800] {processor.py:179} INFO - Processing /opt/homebrew/lib/python3.11/site-packages/airflow/example_dags/example_params_trigger_ui.py took 0.155 seconds
[2023-09-14T10:36:11.983+0800] {processor.py:157} INFO - Started process (PID=67572) to work on /opt/homebrew/lib/python3.11/site-packages/airflow/example_dags/example_params_trigger_ui.py
[2023-09-14T10:36:11.984+0800] {processor.py:829} INFO - Processing file /opt/homebrew/lib/python3.11/site-packages/airflow/example_dags/example_params_trigger_ui.py for tasks to queue
[2023-09-14T10:36:11.984+0800] {logging_mixin.py:151} INFO - [2023-09-14T10:36:11.984+0800] {dagbag.py:539} INFO - Filling up the DagBag from /opt/homebrew/lib/python3.11/site-packages/airflow/example_dags/example_params_trigger_ui.py
[2023-09-14T10:36:12.042+0800] {processor.py:839} INFO - DAG(s) dict_keys(['example_params_trigger_ui']) retrieved from /opt/homebrew/lib/python3.11/site-packages/airflow/example_dags/example_params_trigger_ui.py
[2023-09-14T10:36:12.123+0800] {logging_mixin.py:151} INFO - [2023-09-14T10:36:12.123+0800] {dag.py:2915} INFO - Sync 1 DAGs
[2023-09-14T10:36:12.128+0800] {logging_mixin.py:151} INFO - [2023-09-14T10:36:12.127+0800] {dag.py:3696} INFO - Setting next_dagrun for example_params_trigger_ui to None, run_after=None
[2023-09-14T10:36:12.138+0800] {processor.py:179} INFO - Processing /opt/homebrew/lib/python3.11/site-packages/airflow/example_dags/example_params_trigger_ui.py took 0.155 seconds
[2023-09-14T10:37:51.858+0800] {processor.py:157} INFO - Started process (PID=67759) to work on /opt/homebrew/lib/python3.11/site-packages/airflow/example_dags/example_params_trigger_ui.py
[2023-09-14T10:37:51.859+0800] {processor.py:829} INFO - Processing file /opt/homebrew/lib/python3.11/site-packages/airflow/example_dags/example_params_trigger_ui.py for tasks to queue
[2023-09-14T10:37:51.859+0800] {logging_mixin.py:151} INFO - [2023-09-14T10:37:51.859+0800] {dagbag.py:539} INFO - Filling up the DagBag from /opt/homebrew/lib/python3.11/site-packages/airflow/example_dags/example_params_trigger_ui.py
[2023-09-14T10:37:51.917+0800] {processor.py:839} INFO - DAG(s) dict_keys(['example_params_trigger_ui']) retrieved from /opt/homebrew/lib/python3.11/site-packages/airflow/example_dags/example_params_trigger_ui.py
[2023-09-14T10:37:52.000+0800] {logging_mixin.py:151} INFO - [2023-09-14T10:37:52.000+0800] {dag.py:2915} INFO - Sync 1 DAGs
[2023-09-14T10:37:52.005+0800] {logging_mixin.py:151} INFO - [2023-09-14T10:37:52.005+0800] {dag.py:3696} INFO - Setting next_dagrun for example_params_trigger_ui to None, run_after=None
[2023-09-14T10:37:52.015+0800] {processor.py:179} INFO - Processing /opt/homebrew/lib/python3.11/site-packages/airflow/example_dags/example_params_trigger_ui.py took 0.158 seconds
[2023-09-14T10:39:37.193+0800] {processor.py:157} INFO - Started process (PID=67951) to work on /opt/homebrew/lib/python3.11/site-packages/airflow/example_dags/example_params_trigger_ui.py
[2023-09-14T10:39:37.194+0800] {processor.py:829} INFO - Processing file /opt/homebrew/lib/python3.11/site-packages/airflow/example_dags/example_params_trigger_ui.py for tasks to queue
[2023-09-14T10:39:37.194+0800] {logging_mixin.py:151} INFO - [2023-09-14T10:39:37.194+0800] {dagbag.py:539} INFO - Filling up the DagBag from /opt/homebrew/lib/python3.11/site-packages/airflow/example_dags/example_params_trigger_ui.py
[2023-09-14T10:39:37.252+0800] {processor.py:839} INFO - DAG(s) dict_keys(['example_params_trigger_ui']) retrieved from /opt/homebrew/lib/python3.11/site-packages/airflow/example_dags/example_params_trigger_ui.py
[2023-09-14T10:39:37.333+0800] {logging_mixin.py:151} INFO - [2023-09-14T10:39:37.333+0800] {dag.py:2915} INFO - Sync 1 DAGs
[2023-09-14T10:39:37.338+0800] {logging_mixin.py:151} INFO - [2023-09-14T10:39:37.338+0800] {dag.py:3696} INFO - Setting next_dagrun for example_params_trigger_ui to None, run_after=None
[2023-09-14T10:39:37.348+0800] {processor.py:179} INFO - Processing /opt/homebrew/lib/python3.11/site-packages/airflow/example_dags/example_params_trigger_ui.py took 0.156 seconds
[2023-09-14T10:41:24.522+0800] {processor.py:157} INFO - Started process (PID=68142) to work on /opt/homebrew/lib/python3.11/site-packages/airflow/example_dags/example_params_trigger_ui.py
[2023-09-14T10:41:24.523+0800] {processor.py:829} INFO - Processing file /opt/homebrew/lib/python3.11/site-packages/airflow/example_dags/example_params_trigger_ui.py for tasks to queue
[2023-09-14T10:41:24.523+0800] {logging_mixin.py:151} INFO - [2023-09-14T10:41:24.523+0800] {dagbag.py:539} INFO - Filling up the DagBag from /opt/homebrew/lib/python3.11/site-packages/airflow/example_dags/example_params_trigger_ui.py
[2023-09-14T10:41:24.581+0800] {processor.py:839} INFO - DAG(s) dict_keys(['example_params_trigger_ui']) retrieved from /opt/homebrew/lib/python3.11/site-packages/airflow/example_dags/example_params_trigger_ui.py
[2023-09-14T10:41:24.662+0800] {logging_mixin.py:151} INFO - [2023-09-14T10:41:24.662+0800] {dag.py:2915} INFO - Sync 1 DAGs
[2023-09-14T10:41:24.667+0800] {logging_mixin.py:151} INFO - [2023-09-14T10:41:24.666+0800] {dag.py:3696} INFO - Setting next_dagrun for example_params_trigger_ui to None, run_after=None
[2023-09-14T10:41:24.677+0800] {processor.py:179} INFO - Processing /opt/homebrew/lib/python3.11/site-packages/airflow/example_dags/example_params_trigger_ui.py took 0.156 seconds
[2023-09-14T10:43:09.898+0800] {processor.py:157} INFO - Started process (PID=68329) to work on /opt/homebrew/lib/python3.11/site-packages/airflow/example_dags/example_params_trigger_ui.py
[2023-09-14T10:43:09.900+0800] {processor.py:829} INFO - Processing file /opt/homebrew/lib/python3.11/site-packages/airflow/example_dags/example_params_trigger_ui.py for tasks to queue
[2023-09-14T10:43:09.900+0800] {logging_mixin.py:151} INFO - [2023-09-14T10:43:09.900+0800] {dagbag.py:539} INFO - Filling up the DagBag from /opt/homebrew/lib/python3.11/site-packages/airflow/example_dags/example_params_trigger_ui.py
[2023-09-14T10:43:09.958+0800] {processor.py:839} INFO - DAG(s) dict_keys(['example_params_trigger_ui']) retrieved from /opt/homebrew/lib/python3.11/site-packages/airflow/example_dags/example_params_trigger_ui.py
[2023-09-14T10:43:10.039+0800] {logging_mixin.py:151} INFO - [2023-09-14T10:43:10.039+0800] {dag.py:2915} INFO - Sync 1 DAGs
[2023-09-14T10:43:10.044+0800] {logging_mixin.py:151} INFO - [2023-09-14T10:43:10.044+0800] {dag.py:3696} INFO - Setting next_dagrun for example_params_trigger_ui to None, run_after=None
[2023-09-14T10:43:10.054+0800] {processor.py:179} INFO - Processing /opt/homebrew/lib/python3.11/site-packages/airflow/example_dags/example_params_trigger_ui.py took 0.156 seconds
[2023-09-14T10:44:54.012+0800] {processor.py:157} INFO - Started process (PID=68517) to work on /opt/homebrew/lib/python3.11/site-packages/airflow/example_dags/example_params_trigger_ui.py
[2023-09-14T10:44:54.012+0800] {processor.py:829} INFO - Processing file /opt/homebrew/lib/python3.11/site-packages/airflow/example_dags/example_params_trigger_ui.py for tasks to queue
[2023-09-14T10:44:54.012+0800] {logging_mixin.py:151} INFO - [2023-09-14T10:44:54.012+0800] {dagbag.py:539} INFO - Filling up the DagBag from /opt/homebrew/lib/python3.11/site-packages/airflow/example_dags/example_params_trigger_ui.py
[2023-09-14T10:44:54.070+0800] {processor.py:839} INFO - DAG(s) dict_keys(['example_params_trigger_ui']) retrieved from /opt/homebrew/lib/python3.11/site-packages/airflow/example_dags/example_params_trigger_ui.py
[2023-09-14T10:44:54.151+0800] {logging_mixin.py:151} INFO - [2023-09-14T10:44:54.151+0800] {dag.py:2915} INFO - Sync 1 DAGs
[2023-09-14T10:44:54.156+0800] {logging_mixin.py:151} INFO - [2023-09-14T10:44:54.156+0800] {dag.py:3696} INFO - Setting next_dagrun for example_params_trigger_ui to None, run_after=None
[2023-09-14T10:44:54.166+0800] {processor.py:179} INFO - Processing /opt/homebrew/lib/python3.11/site-packages/airflow/example_dags/example_params_trigger_ui.py took 0.155 seconds
[2023-09-14T10:46:37.280+0800] {processor.py:157} INFO - Started process (PID=68706) to work on /opt/homebrew/lib/python3.11/site-packages/airflow/example_dags/example_params_trigger_ui.py
[2023-09-14T10:46:37.281+0800] {processor.py:829} INFO - Processing file /opt/homebrew/lib/python3.11/site-packages/airflow/example_dags/example_params_trigger_ui.py for tasks to queue
[2023-09-14T10:46:37.282+0800] {logging_mixin.py:151} INFO - [2023-09-14T10:46:37.282+0800] {dagbag.py:539} INFO - Filling up the DagBag from /opt/homebrew/lib/python3.11/site-packages/airflow/example_dags/example_params_trigger_ui.py
[2023-09-14T10:46:37.339+0800] {processor.py:839} INFO - DAG(s) dict_keys(['example_params_trigger_ui']) retrieved from /opt/homebrew/lib/python3.11/site-packages/airflow/example_dags/example_params_trigger_ui.py
[2023-09-14T10:46:37.420+0800] {logging_mixin.py:151} INFO - [2023-09-14T10:46:37.420+0800] {dag.py:2915} INFO - Sync 1 DAGs
[2023-09-14T10:46:37.425+0800] {logging_mixin.py:151} INFO - [2023-09-14T10:46:37.425+0800] {dag.py:3696} INFO - Setting next_dagrun for example_params_trigger_ui to None, run_after=None
[2023-09-14T10:46:37.435+0800] {processor.py:179} INFO - Processing /opt/homebrew/lib/python3.11/site-packages/airflow/example_dags/example_params_trigger_ui.py took 0.155 seconds
[2023-09-14T10:48:21.193+0800] {processor.py:157} INFO - Started process (PID=68894) to work on /opt/homebrew/lib/python3.11/site-packages/airflow/example_dags/example_params_trigger_ui.py
[2023-09-14T10:48:21.194+0800] {processor.py:829} INFO - Processing file /opt/homebrew/lib/python3.11/site-packages/airflow/example_dags/example_params_trigger_ui.py for tasks to queue
[2023-09-14T10:48:21.194+0800] {logging_mixin.py:151} INFO - [2023-09-14T10:48:21.194+0800] {dagbag.py:539} INFO - Filling up the DagBag from /opt/homebrew/lib/python3.11/site-packages/airflow/example_dags/example_params_trigger_ui.py
[2023-09-14T10:48:21.252+0800] {processor.py:839} INFO - DAG(s) dict_keys(['example_params_trigger_ui']) retrieved from /opt/homebrew/lib/python3.11/site-packages/airflow/example_dags/example_params_trigger_ui.py
[2023-09-14T10:48:21.333+0800] {logging_mixin.py:151} INFO - [2023-09-14T10:48:21.333+0800] {dag.py:2915} INFO - Sync 1 DAGs
[2023-09-14T10:48:21.338+0800] {logging_mixin.py:151} INFO - [2023-09-14T10:48:21.338+0800] {dag.py:3696} INFO - Setting next_dagrun for example_params_trigger_ui to None, run_after=None
[2023-09-14T10:48:21.348+0800] {processor.py:179} INFO - Processing /opt/homebrew/lib/python3.11/site-packages/airflow/example_dags/example_params_trigger_ui.py took 0.156 seconds
[2023-09-14T10:50:10.290+0800] {processor.py:157} INFO - Started process (PID=69094) to work on /opt/homebrew/lib/python3.11/site-packages/airflow/example_dags/example_params_trigger_ui.py
[2023-09-14T10:50:10.290+0800] {processor.py:829} INFO - Processing file /opt/homebrew/lib/python3.11/site-packages/airflow/example_dags/example_params_trigger_ui.py for tasks to queue
[2023-09-14T10:50:10.291+0800] {logging_mixin.py:151} INFO - [2023-09-14T10:50:10.290+0800] {dagbag.py:539} INFO - Filling up the DagBag from /opt/homebrew/lib/python3.11/site-packages/airflow/example_dags/example_params_trigger_ui.py
[2023-09-14T10:50:10.348+0800] {processor.py:839} INFO - DAG(s) dict_keys(['example_params_trigger_ui']) retrieved from /opt/homebrew/lib/python3.11/site-packages/airflow/example_dags/example_params_trigger_ui.py
[2023-09-14T10:50:10.429+0800] {logging_mixin.py:151} INFO - [2023-09-14T10:50:10.428+0800] {dag.py:2915} INFO - Sync 1 DAGs
[2023-09-14T10:50:10.433+0800] {logging_mixin.py:151} INFO - [2023-09-14T10:50:10.433+0800] {dag.py:3696} INFO - Setting next_dagrun for example_params_trigger_ui to None, run_after=None
[2023-09-14T10:50:10.444+0800] {processor.py:179} INFO - Processing /opt/homebrew/lib/python3.11/site-packages/airflow/example_dags/example_params_trigger_ui.py took 0.154 seconds
[2023-09-14T10:51:57.318+0800] {processor.py:157} INFO - Started process (PID=69278) to work on /opt/homebrew/lib/python3.11/site-packages/airflow/example_dags/example_params_trigger_ui.py
[2023-09-14T10:51:57.318+0800] {processor.py:829} INFO - Processing file /opt/homebrew/lib/python3.11/site-packages/airflow/example_dags/example_params_trigger_ui.py for tasks to queue
[2023-09-14T10:51:57.318+0800] {logging_mixin.py:151} INFO - [2023-09-14T10:51:57.318+0800] {dagbag.py:539} INFO - Filling up the DagBag from /opt/homebrew/lib/python3.11/site-packages/airflow/example_dags/example_params_trigger_ui.py
[2023-09-14T10:51:57.376+0800] {processor.py:839} INFO - DAG(s) dict_keys(['example_params_trigger_ui']) retrieved from /opt/homebrew/lib/python3.11/site-packages/airflow/example_dags/example_params_trigger_ui.py
[2023-09-14T10:51:57.457+0800] {logging_mixin.py:151} INFO - [2023-09-14T10:51:57.457+0800] {dag.py:2915} INFO - Sync 1 DAGs
[2023-09-14T10:51:57.461+0800] {logging_mixin.py:151} INFO - [2023-09-14T10:51:57.461+0800] {dag.py:3696} INFO - Setting next_dagrun for example_params_trigger_ui to None, run_after=None
[2023-09-14T10:51:57.472+0800] {processor.py:179} INFO - Processing /opt/homebrew/lib/python3.11/site-packages/airflow/example_dags/example_params_trigger_ui.py took 0.154 seconds
[2023-09-14T10:53:49.006+0800] {processor.py:157} INFO - Started process (PID=69492) to work on /opt/homebrew/lib/python3.11/site-packages/airflow/example_dags/example_params_trigger_ui.py
[2023-09-14T10:53:49.007+0800] {processor.py:829} INFO - Processing file /opt/homebrew/lib/python3.11/site-packages/airflow/example_dags/example_params_trigger_ui.py for tasks to queue
[2023-09-14T10:53:49.007+0800] {logging_mixin.py:151} INFO - [2023-09-14T10:53:49.007+0800] {dagbag.py:539} INFO - Filling up the DagBag from /opt/homebrew/lib/python3.11/site-packages/airflow/example_dags/example_params_trigger_ui.py
[2023-09-14T10:53:49.067+0800] {processor.py:839} INFO - DAG(s) dict_keys(['example_params_trigger_ui']) retrieved from /opt/homebrew/lib/python3.11/site-packages/airflow/example_dags/example_params_trigger_ui.py
[2023-09-14T10:53:49.189+0800] {logging_mixin.py:151} INFO - [2023-09-14T10:53:49.189+0800] {dag.py:2915} INFO - Sync 1 DAGs
[2023-09-14T10:53:49.195+0800] {logging_mixin.py:151} INFO - [2023-09-14T10:53:49.195+0800] {dag.py:3696} INFO - Setting next_dagrun for example_params_trigger_ui to None, run_after=None
[2023-09-14T10:53:49.209+0800] {processor.py:179} INFO - Processing /opt/homebrew/lib/python3.11/site-packages/airflow/example_dags/example_params_trigger_ui.py took 0.203 seconds
[2023-09-14T10:55:32.981+0800] {processor.py:157} INFO - Started process (PID=69690) to work on /opt/homebrew/lib/python3.11/site-packages/airflow/example_dags/example_params_trigger_ui.py
[2023-09-14T10:55:32.982+0800] {processor.py:829} INFO - Processing file /opt/homebrew/lib/python3.11/site-packages/airflow/example_dags/example_params_trigger_ui.py for tasks to queue
[2023-09-14T10:55:32.982+0800] {logging_mixin.py:151} INFO - [2023-09-14T10:55:32.982+0800] {dagbag.py:539} INFO - Filling up the DagBag from /opt/homebrew/lib/python3.11/site-packages/airflow/example_dags/example_params_trigger_ui.py
[2023-09-14T10:55:33.040+0800] {processor.py:839} INFO - DAG(s) dict_keys(['example_params_trigger_ui']) retrieved from /opt/homebrew/lib/python3.11/site-packages/airflow/example_dags/example_params_trigger_ui.py
[2023-09-14T10:55:33.121+0800] {logging_mixin.py:151} INFO - [2023-09-14T10:55:33.121+0800] {dag.py:2915} INFO - Sync 1 DAGs
[2023-09-14T10:55:33.126+0800] {logging_mixin.py:151} INFO - [2023-09-14T10:55:33.126+0800] {dag.py:3696} INFO - Setting next_dagrun for example_params_trigger_ui to None, run_after=None
[2023-09-14T10:55:33.136+0800] {processor.py:179} INFO - Processing /opt/homebrew/lib/python3.11/site-packages/airflow/example_dags/example_params_trigger_ui.py took 0.155 seconds
[2023-09-14T10:57:17.999+0800] {processor.py:157} INFO - Started process (PID=69873) to work on /opt/homebrew/lib/python3.11/site-packages/airflow/example_dags/example_params_trigger_ui.py
[2023-09-14T10:57:17.999+0800] {processor.py:829} INFO - Processing file /opt/homebrew/lib/python3.11/site-packages/airflow/example_dags/example_params_trigger_ui.py for tasks to queue
[2023-09-14T10:57:17.999+0800] {logging_mixin.py:151} INFO - [2023-09-14T10:57:17.999+0800] {dagbag.py:539} INFO - Filling up the DagBag from /opt/homebrew/lib/python3.11/site-packages/airflow/example_dags/example_params_trigger_ui.py
[2023-09-14T10:57:18.057+0800] {processor.py:839} INFO - DAG(s) dict_keys(['example_params_trigger_ui']) retrieved from /opt/homebrew/lib/python3.11/site-packages/airflow/example_dags/example_params_trigger_ui.py
[2023-09-14T10:57:18.138+0800] {logging_mixin.py:151} INFO - [2023-09-14T10:57:18.138+0800] {dag.py:2915} INFO - Sync 1 DAGs
[2023-09-14T10:57:18.143+0800] {logging_mixin.py:151} INFO - [2023-09-14T10:57:18.143+0800] {dag.py:3696} INFO - Setting next_dagrun for example_params_trigger_ui to None, run_after=None
[2023-09-14T10:57:18.153+0800] {processor.py:179} INFO - Processing /opt/homebrew/lib/python3.11/site-packages/airflow/example_dags/example_params_trigger_ui.py took 0.155 seconds
[2023-09-14T10:58:56.411+0800] {processor.py:157} INFO - Started process (PID=70056) to work on /opt/homebrew/lib/python3.11/site-packages/airflow/example_dags/example_params_trigger_ui.py
[2023-09-14T10:58:56.412+0800] {processor.py:829} INFO - Processing file /opt/homebrew/lib/python3.11/site-packages/airflow/example_dags/example_params_trigger_ui.py for tasks to queue
[2023-09-14T10:58:56.412+0800] {logging_mixin.py:151} INFO - [2023-09-14T10:58:56.412+0800] {dagbag.py:539} INFO - Filling up the DagBag from /opt/homebrew/lib/python3.11/site-packages/airflow/example_dags/example_params_trigger_ui.py
[2023-09-14T10:58:56.469+0800] {processor.py:839} INFO - DAG(s) dict_keys(['example_params_trigger_ui']) retrieved from /opt/homebrew/lib/python3.11/site-packages/airflow/example_dags/example_params_trigger_ui.py
[2023-09-14T10:58:56.550+0800] {logging_mixin.py:151} INFO - [2023-09-14T10:58:56.550+0800] {dag.py:2915} INFO - Sync 1 DAGs
[2023-09-14T10:58:56.554+0800] {logging_mixin.py:151} INFO - [2023-09-14T10:58:56.554+0800] {dag.py:3696} INFO - Setting next_dagrun for example_params_trigger_ui to None, run_after=None
[2023-09-14T10:58:56.565+0800] {processor.py:179} INFO - Processing /opt/homebrew/lib/python3.11/site-packages/airflow/example_dags/example_params_trigger_ui.py took 0.154 seconds
[2023-09-14T11:00:39.786+0800] {processor.py:157} INFO - Started process (PID=70246) to work on /opt/homebrew/lib/python3.11/site-packages/airflow/example_dags/example_params_trigger_ui.py
[2023-09-14T11:00:39.786+0800] {processor.py:829} INFO - Processing file /opt/homebrew/lib/python3.11/site-packages/airflow/example_dags/example_params_trigger_ui.py for tasks to queue
[2023-09-14T11:00:39.786+0800] {logging_mixin.py:151} INFO - [2023-09-14T11:00:39.786+0800] {dagbag.py:539} INFO - Filling up the DagBag from /opt/homebrew/lib/python3.11/site-packages/airflow/example_dags/example_params_trigger_ui.py
[2023-09-14T11:00:39.844+0800] {processor.py:839} INFO - DAG(s) dict_keys(['example_params_trigger_ui']) retrieved from /opt/homebrew/lib/python3.11/site-packages/airflow/example_dags/example_params_trigger_ui.py
[2023-09-14T11:00:39.925+0800] {logging_mixin.py:151} INFO - [2023-09-14T11:00:39.924+0800] {dag.py:2915} INFO - Sync 1 DAGs
[2023-09-14T11:00:39.929+0800] {logging_mixin.py:151} INFO - [2023-09-14T11:00:39.929+0800] {dag.py:3696} INFO - Setting next_dagrun for example_params_trigger_ui to None, run_after=None
[2023-09-14T11:00:39.939+0800] {processor.py:179} INFO - Processing /opt/homebrew/lib/python3.11/site-packages/airflow/example_dags/example_params_trigger_ui.py took 0.154 seconds
[2023-09-14T11:02:23.598+0800] {processor.py:157} INFO - Started process (PID=70429) to work on /opt/homebrew/lib/python3.11/site-packages/airflow/example_dags/example_params_trigger_ui.py
[2023-09-14T11:02:23.598+0800] {processor.py:829} INFO - Processing file /opt/homebrew/lib/python3.11/site-packages/airflow/example_dags/example_params_trigger_ui.py for tasks to queue
[2023-09-14T11:02:23.599+0800] {logging_mixin.py:151} INFO - [2023-09-14T11:02:23.599+0800] {dagbag.py:539} INFO - Filling up the DagBag from /opt/homebrew/lib/python3.11/site-packages/airflow/example_dags/example_params_trigger_ui.py
[2023-09-14T11:02:23.657+0800] {processor.py:839} INFO - DAG(s) dict_keys(['example_params_trigger_ui']) retrieved from /opt/homebrew/lib/python3.11/site-packages/airflow/example_dags/example_params_trigger_ui.py
[2023-09-14T11:02:23.738+0800] {logging_mixin.py:151} INFO - [2023-09-14T11:02:23.738+0800] {dag.py:2915} INFO - Sync 1 DAGs
[2023-09-14T11:02:23.743+0800] {logging_mixin.py:151} INFO - [2023-09-14T11:02:23.743+0800] {dag.py:3696} INFO - Setting next_dagrun for example_params_trigger_ui to None, run_after=None
[2023-09-14T11:02:23.753+0800] {processor.py:179} INFO - Processing /opt/homebrew/lib/python3.11/site-packages/airflow/example_dags/example_params_trigger_ui.py took 0.155 seconds
[2023-09-14T11:04:07.064+0800] {processor.py:157} INFO - Started process (PID=70616) to work on /opt/homebrew/lib/python3.11/site-packages/airflow/example_dags/example_params_trigger_ui.py
[2023-09-14T11:04:07.065+0800] {processor.py:829} INFO - Processing file /opt/homebrew/lib/python3.11/site-packages/airflow/example_dags/example_params_trigger_ui.py for tasks to queue
[2023-09-14T11:04:07.065+0800] {logging_mixin.py:151} INFO - [2023-09-14T11:04:07.065+0800] {dagbag.py:539} INFO - Filling up the DagBag from /opt/homebrew/lib/python3.11/site-packages/airflow/example_dags/example_params_trigger_ui.py
[2023-09-14T11:04:07.123+0800] {processor.py:839} INFO - DAG(s) dict_keys(['example_params_trigger_ui']) retrieved from /opt/homebrew/lib/python3.11/site-packages/airflow/example_dags/example_params_trigger_ui.py
[2023-09-14T11:04:07.204+0800] {logging_mixin.py:151} INFO - [2023-09-14T11:04:07.204+0800] {dag.py:2915} INFO - Sync 1 DAGs
[2023-09-14T11:04:07.209+0800] {logging_mixin.py:151} INFO - [2023-09-14T11:04:07.209+0800] {dag.py:3696} INFO - Setting next_dagrun for example_params_trigger_ui to None, run_after=None
[2023-09-14T11:04:07.219+0800] {processor.py:179} INFO - Processing /opt/homebrew/lib/python3.11/site-packages/airflow/example_dags/example_params_trigger_ui.py took 0.155 seconds
[2023-09-14T11:05:53.691+0800] {processor.py:157} INFO - Started process (PID=70828) to work on /opt/homebrew/lib/python3.11/site-packages/airflow/example_dags/example_params_trigger_ui.py
[2023-09-14T11:05:53.692+0800] {processor.py:829} INFO - Processing file /opt/homebrew/lib/python3.11/site-packages/airflow/example_dags/example_params_trigger_ui.py for tasks to queue
[2023-09-14T11:05:53.692+0800] {logging_mixin.py:151} INFO - [2023-09-14T11:05:53.692+0800] {dagbag.py:539} INFO - Filling up the DagBag from /opt/homebrew/lib/python3.11/site-packages/airflow/example_dags/example_params_trigger_ui.py
[2023-09-14T11:05:53.750+0800] {processor.py:839} INFO - DAG(s) dict_keys(['example_params_trigger_ui']) retrieved from /opt/homebrew/lib/python3.11/site-packages/airflow/example_dags/example_params_trigger_ui.py
[2023-09-14T11:05:53.831+0800] {logging_mixin.py:151} INFO - [2023-09-14T11:05:53.831+0800] {dag.py:2915} INFO - Sync 1 DAGs
[2023-09-14T11:05:53.836+0800] {logging_mixin.py:151} INFO - [2023-09-14T11:05:53.836+0800] {dag.py:3696} INFO - Setting next_dagrun for example_params_trigger_ui to None, run_after=None
[2023-09-14T11:05:53.845+0800] {processor.py:179} INFO - Processing /opt/homebrew/lib/python3.11/site-packages/airflow/example_dags/example_params_trigger_ui.py took 0.155 seconds
[2023-09-14T11:07:35.067+0800] {processor.py:157} INFO - Started process (PID=71011) to work on /opt/homebrew/lib/python3.11/site-packages/airflow/example_dags/example_params_trigger_ui.py
[2023-09-14T11:07:35.068+0800] {processor.py:829} INFO - Processing file /opt/homebrew/lib/python3.11/site-packages/airflow/example_dags/example_params_trigger_ui.py for tasks to queue
[2023-09-14T11:07:35.068+0800] {logging_mixin.py:151} INFO - [2023-09-14T11:07:35.068+0800] {dagbag.py:539} INFO - Filling up the DagBag from /opt/homebrew/lib/python3.11/site-packages/airflow/example_dags/example_params_trigger_ui.py
[2023-09-14T11:07:35.126+0800] {processor.py:839} INFO - DAG(s) dict_keys(['example_params_trigger_ui']) retrieved from /opt/homebrew/lib/python3.11/site-packages/airflow/example_dags/example_params_trigger_ui.py
[2023-09-14T11:07:35.207+0800] {logging_mixin.py:151} INFO - [2023-09-14T11:07:35.206+0800] {dag.py:2915} INFO - Sync 1 DAGs
[2023-09-14T11:07:35.211+0800] {logging_mixin.py:151} INFO - [2023-09-14T11:07:35.211+0800] {dag.py:3696} INFO - Setting next_dagrun for example_params_trigger_ui to None, run_after=None
[2023-09-14T11:07:35.221+0800] {processor.py:179} INFO - Processing /opt/homebrew/lib/python3.11/site-packages/airflow/example_dags/example_params_trigger_ui.py took 0.155 seconds
[2023-09-14T11:23:33.116+0800] {processor.py:157} INFO - Started process (PID=71236) to work on /opt/homebrew/lib/python3.11/site-packages/airflow/example_dags/example_params_trigger_ui.py
[2023-09-14T11:23:33.117+0800] {processor.py:829} INFO - Processing file /opt/homebrew/lib/python3.11/site-packages/airflow/example_dags/example_params_trigger_ui.py for tasks to queue
[2023-09-14T11:23:33.117+0800] {logging_mixin.py:151} INFO - [2023-09-14T11:23:33.117+0800] {dagbag.py:539} INFO - Filling up the DagBag from /opt/homebrew/lib/python3.11/site-packages/airflow/example_dags/example_params_trigger_ui.py
[2023-09-14T11:23:33.175+0800] {processor.py:839} INFO - DAG(s) dict_keys(['example_params_trigger_ui']) retrieved from /opt/homebrew/lib/python3.11/site-packages/airflow/example_dags/example_params_trigger_ui.py
[2023-09-14T11:23:33.261+0800] {logging_mixin.py:151} INFO - [2023-09-14T11:23:33.260+0800] {dag.py:2915} INFO - Sync 1 DAGs
[2023-09-14T11:23:33.265+0800] {logging_mixin.py:151} INFO - [2023-09-14T11:23:33.265+0800] {dag.py:3696} INFO - Setting next_dagrun for example_params_trigger_ui to None, run_after=None
[2023-09-14T11:23:33.275+0800] {processor.py:179} INFO - Processing /opt/homebrew/lib/python3.11/site-packages/airflow/example_dags/example_params_trigger_ui.py took 0.160 seconds
[2023-09-14T11:25:31.936+0800] {processor.py:157} INFO - Started process (PID=71446) to work on /opt/homebrew/lib/python3.11/site-packages/airflow/example_dags/example_params_trigger_ui.py
[2023-09-14T11:25:31.936+0800] {processor.py:829} INFO - Processing file /opt/homebrew/lib/python3.11/site-packages/airflow/example_dags/example_params_trigger_ui.py for tasks to queue
[2023-09-14T11:25:31.936+0800] {logging_mixin.py:151} INFO - [2023-09-14T11:25:31.936+0800] {dagbag.py:539} INFO - Filling up the DagBag from /opt/homebrew/lib/python3.11/site-packages/airflow/example_dags/example_params_trigger_ui.py
[2023-09-14T11:25:31.995+0800] {processor.py:839} INFO - DAG(s) dict_keys(['example_params_trigger_ui']) retrieved from /opt/homebrew/lib/python3.11/site-packages/airflow/example_dags/example_params_trigger_ui.py
[2023-09-14T11:25:32.075+0800] {logging_mixin.py:151} INFO - [2023-09-14T11:25:32.075+0800] {dag.py:2915} INFO - Sync 1 DAGs
[2023-09-14T11:25:32.080+0800] {logging_mixin.py:151} INFO - [2023-09-14T11:25:32.080+0800] {dag.py:3696} INFO - Setting next_dagrun for example_params_trigger_ui to None, run_after=None
[2023-09-14T11:25:32.090+0800] {processor.py:179} INFO - Processing /opt/homebrew/lib/python3.11/site-packages/airflow/example_dags/example_params_trigger_ui.py took 0.155 seconds
[2023-09-14T11:27:15.869+0800] {processor.py:157} INFO - Started process (PID=71629) to work on /opt/homebrew/lib/python3.11/site-packages/airflow/example_dags/example_params_trigger_ui.py
[2023-09-14T11:27:15.870+0800] {processor.py:829} INFO - Processing file /opt/homebrew/lib/python3.11/site-packages/airflow/example_dags/example_params_trigger_ui.py for tasks to queue
[2023-09-14T11:27:15.870+0800] {logging_mixin.py:151} INFO - [2023-09-14T11:27:15.870+0800] {dagbag.py:539} INFO - Filling up the DagBag from /opt/homebrew/lib/python3.11/site-packages/airflow/example_dags/example_params_trigger_ui.py
[2023-09-14T11:27:15.927+0800] {processor.py:839} INFO - DAG(s) dict_keys(['example_params_trigger_ui']) retrieved from /opt/homebrew/lib/python3.11/site-packages/airflow/example_dags/example_params_trigger_ui.py
[2023-09-14T11:27:16.010+0800] {logging_mixin.py:151} INFO - [2023-09-14T11:27:16.009+0800] {dag.py:2915} INFO - Sync 1 DAGs
[2023-09-14T11:27:16.015+0800] {logging_mixin.py:151} INFO - [2023-09-14T11:27:16.015+0800] {dag.py:3696} INFO - Setting next_dagrun for example_params_trigger_ui to None, run_after=None
[2023-09-14T11:27:16.026+0800] {processor.py:179} INFO - Processing /opt/homebrew/lib/python3.11/site-packages/airflow/example_dags/example_params_trigger_ui.py took 0.158 seconds
[2023-09-14T11:28:58.825+0800] {processor.py:157} INFO - Started process (PID=71818) to work on /opt/homebrew/lib/python3.11/site-packages/airflow/example_dags/example_params_trigger_ui.py
[2023-09-14T11:28:58.826+0800] {processor.py:829} INFO - Processing file /opt/homebrew/lib/python3.11/site-packages/airflow/example_dags/example_params_trigger_ui.py for tasks to queue
[2023-09-14T11:28:58.826+0800] {logging_mixin.py:151} INFO - [2023-09-14T11:28:58.826+0800] {dagbag.py:539} INFO - Filling up the DagBag from /opt/homebrew/lib/python3.11/site-packages/airflow/example_dags/example_params_trigger_ui.py
[2023-09-14T11:28:58.884+0800] {processor.py:839} INFO - DAG(s) dict_keys(['example_params_trigger_ui']) retrieved from /opt/homebrew/lib/python3.11/site-packages/airflow/example_dags/example_params_trigger_ui.py
[2023-09-14T11:28:58.964+0800] {logging_mixin.py:151} INFO - [2023-09-14T11:28:58.964+0800] {dag.py:2915} INFO - Sync 1 DAGs
[2023-09-14T11:28:58.969+0800] {logging_mixin.py:151} INFO - [2023-09-14T11:28:58.969+0800] {dag.py:3696} INFO - Setting next_dagrun for example_params_trigger_ui to None, run_after=None
[2023-09-14T11:28:58.979+0800] {processor.py:179} INFO - Processing /opt/homebrew/lib/python3.11/site-packages/airflow/example_dags/example_params_trigger_ui.py took 0.154 seconds
[2023-09-14T11:30:39.265+0800] {processor.py:157} INFO - Started process (PID=71997) to work on /opt/homebrew/lib/python3.11/site-packages/airflow/example_dags/example_params_trigger_ui.py
[2023-09-14T11:30:39.265+0800] {processor.py:829} INFO - Processing file /opt/homebrew/lib/python3.11/site-packages/airflow/example_dags/example_params_trigger_ui.py for tasks to queue
[2023-09-14T11:30:39.265+0800] {logging_mixin.py:151} INFO - [2023-09-14T11:30:39.265+0800] {dagbag.py:539} INFO - Filling up the DagBag from /opt/homebrew/lib/python3.11/site-packages/airflow/example_dags/example_params_trigger_ui.py
[2023-09-14T11:30:39.323+0800] {processor.py:839} INFO - DAG(s) dict_keys(['example_params_trigger_ui']) retrieved from /opt/homebrew/lib/python3.11/site-packages/airflow/example_dags/example_params_trigger_ui.py
[2023-09-14T11:30:39.404+0800] {logging_mixin.py:151} INFO - [2023-09-14T11:30:39.403+0800] {dag.py:2915} INFO - Sync 1 DAGs
[2023-09-14T11:30:39.408+0800] {logging_mixin.py:151} INFO - [2023-09-14T11:30:39.408+0800] {dag.py:3696} INFO - Setting next_dagrun for example_params_trigger_ui to None, run_after=None
[2023-09-14T11:30:39.418+0800] {processor.py:179} INFO - Processing /opt/homebrew/lib/python3.11/site-packages/airflow/example_dags/example_params_trigger_ui.py took 0.154 seconds
[2023-09-14T11:32:27.200+0800] {processor.py:157} INFO - Started process (PID=72192) to work on /opt/homebrew/lib/python3.11/site-packages/airflow/example_dags/example_params_trigger_ui.py
[2023-09-14T11:32:27.200+0800] {processor.py:829} INFO - Processing file /opt/homebrew/lib/python3.11/site-packages/airflow/example_dags/example_params_trigger_ui.py for tasks to queue
[2023-09-14T11:32:27.200+0800] {logging_mixin.py:151} INFO - [2023-09-14T11:32:27.200+0800] {dagbag.py:539} INFO - Filling up the DagBag from /opt/homebrew/lib/python3.11/site-packages/airflow/example_dags/example_params_trigger_ui.py
[2023-09-14T11:32:27.259+0800] {processor.py:839} INFO - DAG(s) dict_keys(['example_params_trigger_ui']) retrieved from /opt/homebrew/lib/python3.11/site-packages/airflow/example_dags/example_params_trigger_ui.py
[2023-09-14T11:32:27.340+0800] {logging_mixin.py:151} INFO - [2023-09-14T11:32:27.340+0800] {dag.py:2915} INFO - Sync 1 DAGs
[2023-09-14T11:32:27.344+0800] {logging_mixin.py:151} INFO - [2023-09-14T11:32:27.344+0800] {dag.py:3696} INFO - Setting next_dagrun for example_params_trigger_ui to None, run_after=None
[2023-09-14T11:32:27.354+0800] {processor.py:179} INFO - Processing /opt/homebrew/lib/python3.11/site-packages/airflow/example_dags/example_params_trigger_ui.py took 0.155 seconds
[2023-09-14T11:34:14.519+0800] {processor.py:157} INFO - Started process (PID=72386) to work on /opt/homebrew/lib/python3.11/site-packages/airflow/example_dags/example_params_trigger_ui.py
[2023-09-14T11:34:14.520+0800] {processor.py:829} INFO - Processing file /opt/homebrew/lib/python3.11/site-packages/airflow/example_dags/example_params_trigger_ui.py for tasks to queue
[2023-09-14T11:34:14.520+0800] {logging_mixin.py:151} INFO - [2023-09-14T11:34:14.520+0800] {dagbag.py:539} INFO - Filling up the DagBag from /opt/homebrew/lib/python3.11/site-packages/airflow/example_dags/example_params_trigger_ui.py
[2023-09-14T11:34:14.578+0800] {processor.py:839} INFO - DAG(s) dict_keys(['example_params_trigger_ui']) retrieved from /opt/homebrew/lib/python3.11/site-packages/airflow/example_dags/example_params_trigger_ui.py
[2023-09-14T11:34:14.659+0800] {logging_mixin.py:151} INFO - [2023-09-14T11:34:14.659+0800] {dag.py:2915} INFO - Sync 1 DAGs
[2023-09-14T11:34:14.664+0800] {logging_mixin.py:151} INFO - [2023-09-14T11:34:14.664+0800] {dag.py:3696} INFO - Setting next_dagrun for example_params_trigger_ui to None, run_after=None
[2023-09-14T11:34:14.674+0800] {processor.py:179} INFO - Processing /opt/homebrew/lib/python3.11/site-packages/airflow/example_dags/example_params_trigger_ui.py took 0.155 seconds
[2023-09-14T11:36:04.333+0800] {processor.py:157} INFO - Started process (PID=72574) to work on /opt/homebrew/lib/python3.11/site-packages/airflow/example_dags/example_params_trigger_ui.py
[2023-09-14T11:36:04.334+0800] {processor.py:829} INFO - Processing file /opt/homebrew/lib/python3.11/site-packages/airflow/example_dags/example_params_trigger_ui.py for tasks to queue
[2023-09-14T11:36:04.334+0800] {logging_mixin.py:151} INFO - [2023-09-14T11:36:04.334+0800] {dagbag.py:539} INFO - Filling up the DagBag from /opt/homebrew/lib/python3.11/site-packages/airflow/example_dags/example_params_trigger_ui.py
[2023-09-14T11:36:04.392+0800] {processor.py:839} INFO - DAG(s) dict_keys(['example_params_trigger_ui']) retrieved from /opt/homebrew/lib/python3.11/site-packages/airflow/example_dags/example_params_trigger_ui.py
[2023-09-14T11:36:04.472+0800] {logging_mixin.py:151} INFO - [2023-09-14T11:36:04.472+0800] {dag.py:2915} INFO - Sync 1 DAGs
[2023-09-14T11:36:04.477+0800] {logging_mixin.py:151} INFO - [2023-09-14T11:36:04.477+0800] {dag.py:3696} INFO - Setting next_dagrun for example_params_trigger_ui to None, run_after=None
[2023-09-14T11:36:04.487+0800] {processor.py:179} INFO - Processing /opt/homebrew/lib/python3.11/site-packages/airflow/example_dags/example_params_trigger_ui.py took 0.154 seconds
[2023-09-14T11:37:49.067+0800] {processor.py:157} INFO - Started process (PID=72763) to work on /opt/homebrew/lib/python3.11/site-packages/airflow/example_dags/example_params_trigger_ui.py
[2023-09-14T11:37:49.067+0800] {processor.py:829} INFO - Processing file /opt/homebrew/lib/python3.11/site-packages/airflow/example_dags/example_params_trigger_ui.py for tasks to queue
[2023-09-14T11:37:49.067+0800] {logging_mixin.py:151} INFO - [2023-09-14T11:37:49.067+0800] {dagbag.py:539} INFO - Filling up the DagBag from /opt/homebrew/lib/python3.11/site-packages/airflow/example_dags/example_params_trigger_ui.py
[2023-09-14T11:37:49.125+0800] {processor.py:839} INFO - DAG(s) dict_keys(['example_params_trigger_ui']) retrieved from /opt/homebrew/lib/python3.11/site-packages/airflow/example_dags/example_params_trigger_ui.py
[2023-09-14T11:37:49.206+0800] {logging_mixin.py:151} INFO - [2023-09-14T11:37:49.205+0800] {dag.py:2915} INFO - Sync 1 DAGs
[2023-09-14T11:37:49.210+0800] {logging_mixin.py:151} INFO - [2023-09-14T11:37:49.210+0800] {dag.py:3696} INFO - Setting next_dagrun for example_params_trigger_ui to None, run_after=None
[2023-09-14T11:37:49.220+0800] {processor.py:179} INFO - Processing /opt/homebrew/lib/python3.11/site-packages/airflow/example_dags/example_params_trigger_ui.py took 0.154 seconds
[2023-09-14T11:39:27.820+0800] {processor.py:157} INFO - Started process (PID=72966) to work on /opt/homebrew/lib/python3.11/site-packages/airflow/example_dags/example_params_trigger_ui.py
[2023-09-14T11:39:27.820+0800] {processor.py:829} INFO - Processing file /opt/homebrew/lib/python3.11/site-packages/airflow/example_dags/example_params_trigger_ui.py for tasks to queue
[2023-09-14T11:39:27.821+0800] {logging_mixin.py:151} INFO - [2023-09-14T11:39:27.821+0800] {dagbag.py:539} INFO - Filling up the DagBag from /opt/homebrew/lib/python3.11/site-packages/airflow/example_dags/example_params_trigger_ui.py
[2023-09-14T11:39:27.878+0800] {processor.py:839} INFO - DAG(s) dict_keys(['example_params_trigger_ui']) retrieved from /opt/homebrew/lib/python3.11/site-packages/airflow/example_dags/example_params_trigger_ui.py
[2023-09-14T11:39:27.959+0800] {logging_mixin.py:151} INFO - [2023-09-14T11:39:27.959+0800] {dag.py:2915} INFO - Sync 1 DAGs
[2023-09-14T11:39:27.964+0800] {logging_mixin.py:151} INFO - [2023-09-14T11:39:27.964+0800] {dag.py:3696} INFO - Setting next_dagrun for example_params_trigger_ui to None, run_after=None
[2023-09-14T11:39:27.974+0800] {processor.py:179} INFO - Processing /opt/homebrew/lib/python3.11/site-packages/airflow/example_dags/example_params_trigger_ui.py took 0.155 seconds
[2023-09-14T11:41:11.919+0800] {processor.py:157} INFO - Started process (PID=73149) to work on /opt/homebrew/lib/python3.11/site-packages/airflow/example_dags/example_params_trigger_ui.py
[2023-09-14T11:41:11.919+0800] {processor.py:829} INFO - Processing file /opt/homebrew/lib/python3.11/site-packages/airflow/example_dags/example_params_trigger_ui.py for tasks to queue
[2023-09-14T11:41:11.919+0800] {logging_mixin.py:151} INFO - [2023-09-14T11:41:11.919+0800] {dagbag.py:539} INFO - Filling up the DagBag from /opt/homebrew/lib/python3.11/site-packages/airflow/example_dags/example_params_trigger_ui.py
[2023-09-14T11:41:11.977+0800] {processor.py:839} INFO - DAG(s) dict_keys(['example_params_trigger_ui']) retrieved from /opt/homebrew/lib/python3.11/site-packages/airflow/example_dags/example_params_trigger_ui.py
[2023-09-14T11:41:12.058+0800] {logging_mixin.py:151} INFO - [2023-09-14T11:41:12.058+0800] {dag.py:2915} INFO - Sync 1 DAGs
[2023-09-14T11:41:12.062+0800] {logging_mixin.py:151} INFO - [2023-09-14T11:41:12.062+0800] {dag.py:3696} INFO - Setting next_dagrun for example_params_trigger_ui to None, run_after=None
[2023-09-14T11:41:12.072+0800] {processor.py:179} INFO - Processing /opt/homebrew/lib/python3.11/site-packages/airflow/example_dags/example_params_trigger_ui.py took 0.154 seconds
[2023-09-14T11:42:52.841+0800] {processor.py:157} INFO - Started process (PID=73332) to work on /opt/homebrew/lib/python3.11/site-packages/airflow/example_dags/example_params_trigger_ui.py
[2023-09-14T11:42:52.841+0800] {processor.py:829} INFO - Processing file /opt/homebrew/lib/python3.11/site-packages/airflow/example_dags/example_params_trigger_ui.py for tasks to queue
[2023-09-14T11:42:52.842+0800] {logging_mixin.py:151} INFO - [2023-09-14T11:42:52.842+0800] {dagbag.py:539} INFO - Filling up the DagBag from /opt/homebrew/lib/python3.11/site-packages/airflow/example_dags/example_params_trigger_ui.py
[2023-09-14T11:42:52.899+0800] {processor.py:839} INFO - DAG(s) dict_keys(['example_params_trigger_ui']) retrieved from /opt/homebrew/lib/python3.11/site-packages/airflow/example_dags/example_params_trigger_ui.py
[2023-09-14T11:42:52.980+0800] {logging_mixin.py:151} INFO - [2023-09-14T11:42:52.980+0800] {dag.py:2915} INFO - Sync 1 DAGs
[2023-09-14T11:42:52.984+0800] {logging_mixin.py:151} INFO - [2023-09-14T11:42:52.984+0800] {dag.py:3696} INFO - Setting next_dagrun for example_params_trigger_ui to None, run_after=None
[2023-09-14T11:42:52.995+0800] {processor.py:179} INFO - Processing /opt/homebrew/lib/python3.11/site-packages/airflow/example_dags/example_params_trigger_ui.py took 0.154 seconds
[2023-09-14T11:44:39.798+0800] {processor.py:157} INFO - Started process (PID=73518) to work on /opt/homebrew/lib/python3.11/site-packages/airflow/example_dags/example_params_trigger_ui.py
[2023-09-14T11:44:39.799+0800] {processor.py:829} INFO - Processing file /opt/homebrew/lib/python3.11/site-packages/airflow/example_dags/example_params_trigger_ui.py for tasks to queue
[2023-09-14T11:44:39.799+0800] {logging_mixin.py:151} INFO - [2023-09-14T11:44:39.799+0800] {dagbag.py:539} INFO - Filling up the DagBag from /opt/homebrew/lib/python3.11/site-packages/airflow/example_dags/example_params_trigger_ui.py
[2023-09-14T11:44:39.857+0800] {processor.py:839} INFO - DAG(s) dict_keys(['example_params_trigger_ui']) retrieved from /opt/homebrew/lib/python3.11/site-packages/airflow/example_dags/example_params_trigger_ui.py
[2023-09-14T11:44:39.938+0800] {logging_mixin.py:151} INFO - [2023-09-14T11:44:39.937+0800] {dag.py:2915} INFO - Sync 1 DAGs
[2023-09-14T11:44:39.942+0800] {logging_mixin.py:151} INFO - [2023-09-14T11:44:39.942+0800] {dag.py:3696} INFO - Setting next_dagrun for example_params_trigger_ui to None, run_after=None
[2023-09-14T11:44:39.952+0800] {processor.py:179} INFO - Processing /opt/homebrew/lib/python3.11/site-packages/airflow/example_dags/example_params_trigger_ui.py took 0.154 seconds
[2023-09-14T14:05:17.246+0800] {processor.py:157} INFO - Started process (PID=73838) to work on /opt/homebrew/lib/python3.11/site-packages/airflow/example_dags/example_params_trigger_ui.py
[2023-09-14T14:05:17.247+0800] {processor.py:829} INFO - Processing file /opt/homebrew/lib/python3.11/site-packages/airflow/example_dags/example_params_trigger_ui.py for tasks to queue
[2023-09-14T14:05:17.248+0800] {logging_mixin.py:151} INFO - [2023-09-14T14:05:17.248+0800] {dagbag.py:539} INFO - Filling up the DagBag from /opt/homebrew/lib/python3.11/site-packages/airflow/example_dags/example_params_trigger_ui.py
[2023-09-14T14:05:17.305+0800] {processor.py:839} INFO - DAG(s) dict_keys(['example_params_trigger_ui']) retrieved from /opt/homebrew/lib/python3.11/site-packages/airflow/example_dags/example_params_trigger_ui.py
[2023-09-14T14:05:17.386+0800] {logging_mixin.py:151} INFO - [2023-09-14T14:05:17.386+0800] {dag.py:2915} INFO - Sync 1 DAGs
[2023-09-14T14:05:17.391+0800] {logging_mixin.py:151} INFO - [2023-09-14T14:05:17.391+0800] {dag.py:3696} INFO - Setting next_dagrun for example_params_trigger_ui to None, run_after=None
[2023-09-14T14:05:17.401+0800] {processor.py:179} INFO - Processing /opt/homebrew/lib/python3.11/site-packages/airflow/example_dags/example_params_trigger_ui.py took 0.155 seconds
[2023-09-14T17:18:37.975+0800] {processor.py:157} INFO - Started process (PID=74140) to work on /opt/homebrew/lib/python3.11/site-packages/airflow/example_dags/example_params_trigger_ui.py
[2023-09-14T17:18:37.976+0800] {processor.py:829} INFO - Processing file /opt/homebrew/lib/python3.11/site-packages/airflow/example_dags/example_params_trigger_ui.py for tasks to queue
[2023-09-14T17:18:37.977+0800] {logging_mixin.py:151} INFO - [2023-09-14T17:18:37.976+0800] {dagbag.py:539} INFO - Filling up the DagBag from /opt/homebrew/lib/python3.11/site-packages/airflow/example_dags/example_params_trigger_ui.py
[2023-09-14T17:18:38.034+0800] {processor.py:839} INFO - DAG(s) dict_keys(['example_params_trigger_ui']) retrieved from /opt/homebrew/lib/python3.11/site-packages/airflow/example_dags/example_params_trigger_ui.py
[2023-09-14T17:18:38.116+0800] {logging_mixin.py:151} INFO - [2023-09-14T17:18:38.115+0800] {dag.py:2915} INFO - Sync 1 DAGs
[2023-09-14T17:18:38.120+0800] {logging_mixin.py:151} INFO - [2023-09-14T17:18:38.120+0800] {dag.py:3696} INFO - Setting next_dagrun for example_params_trigger_ui to None, run_after=None
[2023-09-14T17:18:38.131+0800] {processor.py:179} INFO - Processing /opt/homebrew/lib/python3.11/site-packages/airflow/example_dags/example_params_trigger_ui.py took 0.156 seconds
[2023-09-14T20:35:02.486+0800] {processor.py:157} INFO - Started process (PID=74470) to work on /opt/homebrew/lib/python3.11/site-packages/airflow/example_dags/example_params_trigger_ui.py
[2023-09-14T20:35:02.487+0800] {processor.py:829} INFO - Processing file /opt/homebrew/lib/python3.11/site-packages/airflow/example_dags/example_params_trigger_ui.py for tasks to queue
[2023-09-14T20:35:02.487+0800] {logging_mixin.py:151} INFO - [2023-09-14T20:35:02.487+0800] {dagbag.py:539} INFO - Filling up the DagBag from /opt/homebrew/lib/python3.11/site-packages/airflow/example_dags/example_params_trigger_ui.py
[2023-09-14T20:35:02.545+0800] {processor.py:839} INFO - DAG(s) dict_keys(['example_params_trigger_ui']) retrieved from /opt/homebrew/lib/python3.11/site-packages/airflow/example_dags/example_params_trigger_ui.py
[2023-09-14T20:35:02.626+0800] {logging_mixin.py:151} INFO - [2023-09-14T20:35:02.626+0800] {dag.py:2915} INFO - Sync 1 DAGs
[2023-09-14T20:35:02.630+0800] {logging_mixin.py:151} INFO - [2023-09-14T20:35:02.630+0800] {dag.py:3696} INFO - Setting next_dagrun for example_params_trigger_ui to None, run_after=None
[2023-09-14T20:35:02.640+0800] {processor.py:179} INFO - Processing /opt/homebrew/lib/python3.11/site-packages/airflow/example_dags/example_params_trigger_ui.py took 0.155 seconds
[2023-09-14T23:55:31.929+0800] {processor.py:157} INFO - Started process (PID=74815) to work on /opt/homebrew/lib/python3.11/site-packages/airflow/example_dags/example_params_trigger_ui.py
[2023-09-14T23:55:31.931+0800] {processor.py:829} INFO - Processing file /opt/homebrew/lib/python3.11/site-packages/airflow/example_dags/example_params_trigger_ui.py for tasks to queue
[2023-09-14T23:55:31.931+0800] {logging_mixin.py:151} INFO - [2023-09-14T23:55:31.931+0800] {dagbag.py:539} INFO - Filling up the DagBag from /opt/homebrew/lib/python3.11/site-packages/airflow/example_dags/example_params_trigger_ui.py
[2023-09-14T23:55:31.988+0800] {processor.py:839} INFO - DAG(s) dict_keys(['example_params_trigger_ui']) retrieved from /opt/homebrew/lib/python3.11/site-packages/airflow/example_dags/example_params_trigger_ui.py
[2023-09-14T23:55:32.068+0800] {logging_mixin.py:151} INFO - [2023-09-14T23:55:32.068+0800] {dag.py:2915} INFO - Sync 1 DAGs
[2023-09-14T23:55:32.073+0800] {logging_mixin.py:151} INFO - [2023-09-14T23:55:32.073+0800] {dag.py:3696} INFO - Setting next_dagrun for example_params_trigger_ui to None, run_after=None
[2023-09-14T23:55:32.083+0800] {processor.py:179} INFO - Processing /opt/homebrew/lib/python3.11/site-packages/airflow/example_dags/example_params_trigger_ui.py took 0.154 seconds
[2023-09-15T03:29:09.818+0800] {processor.py:157} INFO - Started process (PID=75148) to work on /opt/homebrew/lib/python3.11/site-packages/airflow/example_dags/example_params_trigger_ui.py
[2023-09-15T03:29:09.819+0800] {processor.py:829} INFO - Processing file /opt/homebrew/lib/python3.11/site-packages/airflow/example_dags/example_params_trigger_ui.py for tasks to queue
[2023-09-15T03:29:09.819+0800] {logging_mixin.py:151} INFO - [2023-09-15T03:29:09.819+0800] {dagbag.py:539} INFO - Filling up the DagBag from /opt/homebrew/lib/python3.11/site-packages/airflow/example_dags/example_params_trigger_ui.py
[2023-09-15T03:29:09.885+0800] {processor.py:839} INFO - DAG(s) dict_keys(['example_params_trigger_ui']) retrieved from /opt/homebrew/lib/python3.11/site-packages/airflow/example_dags/example_params_trigger_ui.py
[2023-09-15T03:29:09.966+0800] {logging_mixin.py:151} INFO - [2023-09-15T03:29:09.966+0800] {dag.py:2915} INFO - Sync 1 DAGs
[2023-09-15T03:29:09.971+0800] {logging_mixin.py:151} INFO - [2023-09-15T03:29:09.970+0800] {dag.py:3696} INFO - Setting next_dagrun for example_params_trigger_ui to None, run_after=None
[2023-09-15T03:29:09.981+0800] {processor.py:179} INFO - Processing /opt/homebrew/lib/python3.11/site-packages/airflow/example_dags/example_params_trigger_ui.py took 0.163 seconds
[2023-09-15T06:42:58.250+0800] {processor.py:157} INFO - Started process (PID=75486) to work on /opt/homebrew/lib/python3.11/site-packages/airflow/example_dags/example_params_trigger_ui.py
[2023-09-15T06:42:58.251+0800] {processor.py:829} INFO - Processing file /opt/homebrew/lib/python3.11/site-packages/airflow/example_dags/example_params_trigger_ui.py for tasks to queue
[2023-09-15T06:42:58.251+0800] {logging_mixin.py:151} INFO - [2023-09-15T06:42:58.251+0800] {dagbag.py:539} INFO - Filling up the DagBag from /opt/homebrew/lib/python3.11/site-packages/airflow/example_dags/example_params_trigger_ui.py
[2023-09-15T06:42:58.309+0800] {processor.py:839} INFO - DAG(s) dict_keys(['example_params_trigger_ui']) retrieved from /opt/homebrew/lib/python3.11/site-packages/airflow/example_dags/example_params_trigger_ui.py
[2023-09-15T06:42:58.391+0800] {logging_mixin.py:151} INFO - [2023-09-15T06:42:58.391+0800] {dag.py:2915} INFO - Sync 1 DAGs
[2023-09-15T06:42:58.396+0800] {logging_mixin.py:151} INFO - [2023-09-15T06:42:58.395+0800] {dag.py:3696} INFO - Setting next_dagrun for example_params_trigger_ui to None, run_after=None
[2023-09-15T06:42:58.405+0800] {processor.py:179} INFO - Processing /opt/homebrew/lib/python3.11/site-packages/airflow/example_dags/example_params_trigger_ui.py took 0.156 seconds
