[2023-09-14T08:32:00.094+0800] {processor.py:157} INFO - Started process (PID=66787) to work on /opt/homebrew/lib/python3.11/site-packages/airflow/example_dags/example_branch_python_dop_operator_3.py
[2023-09-14T08:32:00.094+0800] {processor.py:829} INFO - Processing file /opt/homebrew/lib/python3.11/site-packages/airflow/example_dags/example_branch_python_dop_operator_3.py for tasks to queue
[2023-09-14T08:32:00.095+0800] {logging_mixin.py:151} INFO - [2023-09-14T08:32:00.095+0800] {dagbag.py:539} INFO - Filling up the DagBag from /opt/homebrew/lib/python3.11/site-packages/airflow/example_dags/example_branch_python_dop_operator_3.py
[2023-09-14T08:32:00.127+0800] {processor.py:839} INFO - DAG(s) dict_keys(['example_branch_dop_operator_v3']) retrieved from /opt/homebrew/lib/python3.11/site-packages/airflow/example_dags/example_branch_python_dop_operator_3.py
[2023-09-14T08:32:00.220+0800] {logging_mixin.py:151} INFO - [2023-09-14T08:32:00.220+0800] {dag.py:2915} INFO - Sync 1 DAGs
[2023-09-14T08:32:00.230+0800] {logging_mixin.py:151} INFO - [2023-09-14T08:32:00.230+0800] {dag.py:3696} INFO - Setting next_dagrun for example_branch_dop_operator_v3 to 2023-09-14T00:31:00+00:00, run_after=2023-09-14T00:32:00+00:00
[2023-09-14T08:32:00.241+0800] {processor.py:179} INFO - Processing /opt/homebrew/lib/python3.11/site-packages/airflow/example_dags/example_branch_python_dop_operator_3.py took 0.147 seconds
[2023-09-14T10:31:50.994+0800] {processor.py:157} INFO - Started process (PID=67062) to work on /opt/homebrew/lib/python3.11/site-packages/airflow/example_dags/example_branch_python_dop_operator_3.py
[2023-09-14T10:31:50.994+0800] {processor.py:829} INFO - Processing file /opt/homebrew/lib/python3.11/site-packages/airflow/example_dags/example_branch_python_dop_operator_3.py for tasks to queue
[2023-09-14T10:31:50.994+0800] {logging_mixin.py:151} INFO - [2023-09-14T10:31:50.994+0800] {dagbag.py:539} INFO - Filling up the DagBag from /opt/homebrew/lib/python3.11/site-packages/airflow/example_dags/example_branch_python_dop_operator_3.py
[2023-09-14T10:31:51.027+0800] {processor.py:839} INFO - DAG(s) dict_keys(['example_branch_dop_operator_v3']) retrieved from /opt/homebrew/lib/python3.11/site-packages/airflow/example_dags/example_branch_python_dop_operator_3.py
[2023-09-14T10:31:51.121+0800] {logging_mixin.py:151} INFO - [2023-09-14T10:31:51.120+0800] {dag.py:2915} INFO - Sync 1 DAGs
[2023-09-14T10:31:51.131+0800] {logging_mixin.py:151} INFO - [2023-09-14T10:31:51.131+0800] {dag.py:3696} INFO - Setting next_dagrun for example_branch_dop_operator_v3 to 2023-09-14T02:30:00+00:00, run_after=2023-09-14T02:31:00+00:00
[2023-09-14T10:31:51.142+0800] {processor.py:179} INFO - Processing /opt/homebrew/lib/python3.11/site-packages/airflow/example_dags/example_branch_python_dop_operator_3.py took 0.148 seconds
[2023-09-14T10:33:33.955+0800] {processor.py:157} INFO - Started process (PID=67262) to work on /opt/homebrew/lib/python3.11/site-packages/airflow/example_dags/example_branch_python_dop_operator_3.py
[2023-09-14T10:33:33.956+0800] {processor.py:829} INFO - Processing file /opt/homebrew/lib/python3.11/site-packages/airflow/example_dags/example_branch_python_dop_operator_3.py for tasks to queue
[2023-09-14T10:33:33.956+0800] {logging_mixin.py:151} INFO - [2023-09-14T10:33:33.956+0800] {dagbag.py:539} INFO - Filling up the DagBag from /opt/homebrew/lib/python3.11/site-packages/airflow/example_dags/example_branch_python_dop_operator_3.py
[2023-09-14T10:33:33.991+0800] {processor.py:839} INFO - DAG(s) dict_keys(['example_branch_dop_operator_v3']) retrieved from /opt/homebrew/lib/python3.11/site-packages/airflow/example_dags/example_branch_python_dop_operator_3.py
[2023-09-14T10:33:34.087+0800] {logging_mixin.py:151} INFO - [2023-09-14T10:33:34.087+0800] {dag.py:2915} INFO - Sync 1 DAGs
[2023-09-14T10:33:34.097+0800] {logging_mixin.py:151} INFO - [2023-09-14T10:33:34.097+0800] {dag.py:3696} INFO - Setting next_dagrun for example_branch_dop_operator_v3 to 2023-09-14T02:32:00+00:00, run_after=2023-09-14T02:33:00+00:00
[2023-09-14T10:33:34.107+0800] {processor.py:179} INFO - Processing /opt/homebrew/lib/python3.11/site-packages/airflow/example_dags/example_branch_python_dop_operator_3.py took 0.152 seconds
[2023-09-14T10:35:14.020+0800] {processor.py:157} INFO - Started process (PID=67469) to work on /opt/homebrew/lib/python3.11/site-packages/airflow/example_dags/example_branch_python_dop_operator_3.py
[2023-09-14T10:35:14.020+0800] {processor.py:829} INFO - Processing file /opt/homebrew/lib/python3.11/site-packages/airflow/example_dags/example_branch_python_dop_operator_3.py for tasks to queue
[2023-09-14T10:35:14.021+0800] {logging_mixin.py:151} INFO - [2023-09-14T10:35:14.021+0800] {dagbag.py:539} INFO - Filling up the DagBag from /opt/homebrew/lib/python3.11/site-packages/airflow/example_dags/example_branch_python_dop_operator_3.py
[2023-09-14T10:35:14.052+0800] {processor.py:839} INFO - DAG(s) dict_keys(['example_branch_dop_operator_v3']) retrieved from /opt/homebrew/lib/python3.11/site-packages/airflow/example_dags/example_branch_python_dop_operator_3.py
[2023-09-14T10:35:14.145+0800] {logging_mixin.py:151} INFO - [2023-09-14T10:35:14.145+0800] {dag.py:2915} INFO - Sync 1 DAGs
[2023-09-14T10:35:14.155+0800] {logging_mixin.py:151} INFO - [2023-09-14T10:35:14.155+0800] {dag.py:3696} INFO - Setting next_dagrun for example_branch_dop_operator_v3 to 2023-09-14T02:34:00+00:00, run_after=2023-09-14T02:35:00+00:00
[2023-09-14T10:35:14.165+0800] {processor.py:179} INFO - Processing /opt/homebrew/lib/python3.11/site-packages/airflow/example_dags/example_branch_python_dop_operator_3.py took 0.146 seconds
[2023-09-14T10:36:57.972+0800] {processor.py:157} INFO - Started process (PID=67652) to work on /opt/homebrew/lib/python3.11/site-packages/airflow/example_dags/example_branch_python_dop_operator_3.py
[2023-09-14T10:36:57.973+0800] {processor.py:829} INFO - Processing file /opt/homebrew/lib/python3.11/site-packages/airflow/example_dags/example_branch_python_dop_operator_3.py for tasks to queue
[2023-09-14T10:36:57.973+0800] {logging_mixin.py:151} INFO - [2023-09-14T10:36:57.973+0800] {dagbag.py:539} INFO - Filling up the DagBag from /opt/homebrew/lib/python3.11/site-packages/airflow/example_dags/example_branch_python_dop_operator_3.py
[2023-09-14T10:36:58.005+0800] {processor.py:839} INFO - DAG(s) dict_keys(['example_branch_dop_operator_v3']) retrieved from /opt/homebrew/lib/python3.11/site-packages/airflow/example_dags/example_branch_python_dop_operator_3.py
[2023-09-14T10:36:58.097+0800] {logging_mixin.py:151} INFO - [2023-09-14T10:36:58.097+0800] {dag.py:2915} INFO - Sync 1 DAGs
[2023-09-14T10:36:58.108+0800] {logging_mixin.py:151} INFO - [2023-09-14T10:36:58.108+0800] {dag.py:3696} INFO - Setting next_dagrun for example_branch_dop_operator_v3 to 2023-09-14T02:35:00+00:00, run_after=2023-09-14T02:36:00+00:00
[2023-09-14T10:36:58.118+0800] {processor.py:179} INFO - Processing /opt/homebrew/lib/python3.11/site-packages/airflow/example_dags/example_branch_python_dop_operator_3.py took 0.146 seconds
[2023-09-14T10:38:38.563+0800] {processor.py:157} INFO - Started process (PID=67841) to work on /opt/homebrew/lib/python3.11/site-packages/airflow/example_dags/example_branch_python_dop_operator_3.py
[2023-09-14T10:38:38.564+0800] {processor.py:829} INFO - Processing file /opt/homebrew/lib/python3.11/site-packages/airflow/example_dags/example_branch_python_dop_operator_3.py for tasks to queue
[2023-09-14T10:38:38.564+0800] {logging_mixin.py:151} INFO - [2023-09-14T10:38:38.564+0800] {dagbag.py:539} INFO - Filling up the DagBag from /opt/homebrew/lib/python3.11/site-packages/airflow/example_dags/example_branch_python_dop_operator_3.py
[2023-09-14T10:38:38.596+0800] {processor.py:839} INFO - DAG(s) dict_keys(['example_branch_dop_operator_v3']) retrieved from /opt/homebrew/lib/python3.11/site-packages/airflow/example_dags/example_branch_python_dop_operator_3.py
[2023-09-14T10:38:38.689+0800] {logging_mixin.py:151} INFO - [2023-09-14T10:38:38.689+0800] {dag.py:2915} INFO - Sync 1 DAGs
[2023-09-14T10:38:38.699+0800] {logging_mixin.py:151} INFO - [2023-09-14T10:38:38.699+0800] {dag.py:3696} INFO - Setting next_dagrun for example_branch_dop_operator_v3 to 2023-09-14T02:37:00+00:00, run_after=2023-09-14T02:38:00+00:00
[2023-09-14T10:38:38.709+0800] {processor.py:179} INFO - Processing /opt/homebrew/lib/python3.11/site-packages/airflow/example_dags/example_branch_python_dop_operator_3.py took 0.147 seconds
[2023-09-14T10:40:23.575+0800] {processor.py:157} INFO - Started process (PID=68034) to work on /opt/homebrew/lib/python3.11/site-packages/airflow/example_dags/example_branch_python_dop_operator_3.py
[2023-09-14T10:40:23.576+0800] {processor.py:829} INFO - Processing file /opt/homebrew/lib/python3.11/site-packages/airflow/example_dags/example_branch_python_dop_operator_3.py for tasks to queue
[2023-09-14T10:40:23.577+0800] {logging_mixin.py:151} INFO - [2023-09-14T10:40:23.577+0800] {dagbag.py:539} INFO - Filling up the DagBag from /opt/homebrew/lib/python3.11/site-packages/airflow/example_dags/example_branch_python_dop_operator_3.py
[2023-09-14T10:40:23.608+0800] {processor.py:839} INFO - DAG(s) dict_keys(['example_branch_dop_operator_v3']) retrieved from /opt/homebrew/lib/python3.11/site-packages/airflow/example_dags/example_branch_python_dop_operator_3.py
[2023-09-14T10:40:23.701+0800] {logging_mixin.py:151} INFO - [2023-09-14T10:40:23.701+0800] {dag.py:2915} INFO - Sync 1 DAGs
[2023-09-14T10:40:23.712+0800] {logging_mixin.py:151} INFO - [2023-09-14T10:40:23.712+0800] {dag.py:3696} INFO - Setting next_dagrun for example_branch_dop_operator_v3 to 2023-09-14T02:39:00+00:00, run_after=2023-09-14T02:40:00+00:00
[2023-09-14T10:40:23.722+0800] {processor.py:179} INFO - Processing /opt/homebrew/lib/python3.11/site-packages/airflow/example_dags/example_branch_python_dop_operator_3.py took 0.147 seconds
[2023-09-14T10:42:13.319+0800] {processor.py:157} INFO - Started process (PID=68229) to work on /opt/homebrew/lib/python3.11/site-packages/airflow/example_dags/example_branch_python_dop_operator_3.py
[2023-09-14T10:42:13.320+0800] {processor.py:829} INFO - Processing file /opt/homebrew/lib/python3.11/site-packages/airflow/example_dags/example_branch_python_dop_operator_3.py for tasks to queue
[2023-09-14T10:42:13.320+0800] {logging_mixin.py:151} INFO - [2023-09-14T10:42:13.320+0800] {dagbag.py:539} INFO - Filling up the DagBag from /opt/homebrew/lib/python3.11/site-packages/airflow/example_dags/example_branch_python_dop_operator_3.py
[2023-09-14T10:42:13.352+0800] {processor.py:839} INFO - DAG(s) dict_keys(['example_branch_dop_operator_v3']) retrieved from /opt/homebrew/lib/python3.11/site-packages/airflow/example_dags/example_branch_python_dop_operator_3.py
[2023-09-14T10:42:13.445+0800] {logging_mixin.py:151} INFO - [2023-09-14T10:42:13.445+0800] {dag.py:2915} INFO - Sync 1 DAGs
[2023-09-14T10:42:13.455+0800] {logging_mixin.py:151} INFO - [2023-09-14T10:42:13.455+0800] {dag.py:3696} INFO - Setting next_dagrun for example_branch_dop_operator_v3 to 2023-09-14T02:41:00+00:00, run_after=2023-09-14T02:42:00+00:00
[2023-09-14T10:42:13.465+0800] {processor.py:179} INFO - Processing /opt/homebrew/lib/python3.11/site-packages/airflow/example_dags/example_branch_python_dop_operator_3.py took 0.147 seconds
[2023-09-14T10:43:56.905+0800] {processor.py:157} INFO - Started process (PID=68414) to work on /opt/homebrew/lib/python3.11/site-packages/airflow/example_dags/example_branch_python_dop_operator_3.py
[2023-09-14T10:43:56.907+0800] {processor.py:829} INFO - Processing file /opt/homebrew/lib/python3.11/site-packages/airflow/example_dags/example_branch_python_dop_operator_3.py for tasks to queue
[2023-09-14T10:43:56.907+0800] {logging_mixin.py:151} INFO - [2023-09-14T10:43:56.907+0800] {dagbag.py:539} INFO - Filling up the DagBag from /opt/homebrew/lib/python3.11/site-packages/airflow/example_dags/example_branch_python_dop_operator_3.py
[2023-09-14T10:43:56.939+0800] {processor.py:839} INFO - DAG(s) dict_keys(['example_branch_dop_operator_v3']) retrieved from /opt/homebrew/lib/python3.11/site-packages/airflow/example_dags/example_branch_python_dop_operator_3.py
[2023-09-14T10:43:57.031+0800] {logging_mixin.py:151} INFO - [2023-09-14T10:43:57.031+0800] {dag.py:2915} INFO - Sync 1 DAGs
[2023-09-14T10:43:57.042+0800] {logging_mixin.py:151} INFO - [2023-09-14T10:43:57.041+0800] {dag.py:3696} INFO - Setting next_dagrun for example_branch_dop_operator_v3 to 2023-09-14T02:42:00+00:00, run_after=2023-09-14T02:43:00+00:00
[2023-09-14T10:43:57.052+0800] {processor.py:179} INFO - Processing /opt/homebrew/lib/python3.11/site-packages/airflow/example_dags/example_branch_python_dop_operator_3.py took 0.147 seconds
[2023-09-14T10:45:40.921+0800] {processor.py:157} INFO - Started process (PID=68605) to work on /opt/homebrew/lib/python3.11/site-packages/airflow/example_dags/example_branch_python_dop_operator_3.py
[2023-09-14T10:45:40.922+0800] {processor.py:829} INFO - Processing file /opt/homebrew/lib/python3.11/site-packages/airflow/example_dags/example_branch_python_dop_operator_3.py for tasks to queue
[2023-09-14T10:45:40.922+0800] {logging_mixin.py:151} INFO - [2023-09-14T10:45:40.922+0800] {dagbag.py:539} INFO - Filling up the DagBag from /opt/homebrew/lib/python3.11/site-packages/airflow/example_dags/example_branch_python_dop_operator_3.py
[2023-09-14T10:45:40.954+0800] {processor.py:839} INFO - DAG(s) dict_keys(['example_branch_dop_operator_v3']) retrieved from /opt/homebrew/lib/python3.11/site-packages/airflow/example_dags/example_branch_python_dop_operator_3.py
[2023-09-14T10:45:41.046+0800] {logging_mixin.py:151} INFO - [2023-09-14T10:45:41.046+0800] {dag.py:2915} INFO - Sync 1 DAGs
[2023-09-14T10:45:41.057+0800] {logging_mixin.py:151} INFO - [2023-09-14T10:45:41.056+0800] {dag.py:3696} INFO - Setting next_dagrun for example_branch_dop_operator_v3 to 2023-09-14T02:44:00+00:00, run_after=2023-09-14T02:45:00+00:00
[2023-09-14T10:45:41.067+0800] {processor.py:179} INFO - Processing /opt/homebrew/lib/python3.11/site-packages/airflow/example_dags/example_branch_python_dop_operator_3.py took 0.146 seconds
[2023-09-14T10:47:25.729+0800] {processor.py:157} INFO - Started process (PID=68792) to work on /opt/homebrew/lib/python3.11/site-packages/airflow/example_dags/example_branch_python_dop_operator_3.py
[2023-09-14T10:47:25.730+0800] {processor.py:829} INFO - Processing file /opt/homebrew/lib/python3.11/site-packages/airflow/example_dags/example_branch_python_dop_operator_3.py for tasks to queue
[2023-09-14T10:47:25.730+0800] {logging_mixin.py:151} INFO - [2023-09-14T10:47:25.730+0800] {dagbag.py:539} INFO - Filling up the DagBag from /opt/homebrew/lib/python3.11/site-packages/airflow/example_dags/example_branch_python_dop_operator_3.py
[2023-09-14T10:47:25.762+0800] {processor.py:839} INFO - DAG(s) dict_keys(['example_branch_dop_operator_v3']) retrieved from /opt/homebrew/lib/python3.11/site-packages/airflow/example_dags/example_branch_python_dop_operator_3.py
[2023-09-14T10:47:25.854+0800] {logging_mixin.py:151} INFO - [2023-09-14T10:47:25.854+0800] {dag.py:2915} INFO - Sync 1 DAGs
[2023-09-14T10:47:25.865+0800] {logging_mixin.py:151} INFO - [2023-09-14T10:47:25.865+0800] {dag.py:3696} INFO - Setting next_dagrun for example_branch_dop_operator_v3 to 2023-09-14T02:46:00+00:00, run_after=2023-09-14T02:47:00+00:00
[2023-09-14T10:47:25.875+0800] {processor.py:179} INFO - Processing /opt/homebrew/lib/python3.11/site-packages/airflow/example_dags/example_branch_python_dop_operator_3.py took 0.147 seconds
[2023-09-14T10:49:09.487+0800] {processor.py:157} INFO - Started process (PID=68980) to work on /opt/homebrew/lib/python3.11/site-packages/airflow/example_dags/example_branch_python_dop_operator_3.py
[2023-09-14T10:49:09.487+0800] {processor.py:829} INFO - Processing file /opt/homebrew/lib/python3.11/site-packages/airflow/example_dags/example_branch_python_dop_operator_3.py for tasks to queue
[2023-09-14T10:49:09.488+0800] {logging_mixin.py:151} INFO - [2023-09-14T10:49:09.488+0800] {dagbag.py:539} INFO - Filling up the DagBag from /opt/homebrew/lib/python3.11/site-packages/airflow/example_dags/example_branch_python_dop_operator_3.py
[2023-09-14T10:49:09.520+0800] {processor.py:839} INFO - DAG(s) dict_keys(['example_branch_dop_operator_v3']) retrieved from /opt/homebrew/lib/python3.11/site-packages/airflow/example_dags/example_branch_python_dop_operator_3.py
[2023-09-14T10:49:09.612+0800] {logging_mixin.py:151} INFO - [2023-09-14T10:49:09.612+0800] {dag.py:2915} INFO - Sync 1 DAGs
[2023-09-14T10:49:09.622+0800] {logging_mixin.py:151} INFO - [2023-09-14T10:49:09.622+0800] {dag.py:3696} INFO - Setting next_dagrun for example_branch_dop_operator_v3 to 2023-09-14T02:48:00+00:00, run_after=2023-09-14T02:49:00+00:00
[2023-09-14T10:49:09.633+0800] {processor.py:179} INFO - Processing /opt/homebrew/lib/python3.11/site-packages/airflow/example_dags/example_branch_python_dop_operator_3.py took 0.146 seconds
[2023-09-14T10:50:59.392+0800] {processor.py:157} INFO - Started process (PID=69178) to work on /opt/homebrew/lib/python3.11/site-packages/airflow/example_dags/example_branch_python_dop_operator_3.py
[2023-09-14T10:50:59.392+0800] {processor.py:829} INFO - Processing file /opt/homebrew/lib/python3.11/site-packages/airflow/example_dags/example_branch_python_dop_operator_3.py for tasks to queue
[2023-09-14T10:50:59.395+0800] {logging_mixin.py:151} INFO - [2023-09-14T10:50:59.395+0800] {dagbag.py:539} INFO - Filling up the DagBag from /opt/homebrew/lib/python3.11/site-packages/airflow/example_dags/example_branch_python_dop_operator_3.py
[2023-09-14T10:50:59.426+0800] {processor.py:839} INFO - DAG(s) dict_keys(['example_branch_dop_operator_v3']) retrieved from /opt/homebrew/lib/python3.11/site-packages/airflow/example_dags/example_branch_python_dop_operator_3.py
[2023-09-14T10:50:59.520+0800] {logging_mixin.py:151} INFO - [2023-09-14T10:50:59.520+0800] {dag.py:2915} INFO - Sync 1 DAGs
[2023-09-14T10:50:59.530+0800] {logging_mixin.py:151} INFO - [2023-09-14T10:50:59.530+0800] {dag.py:3696} INFO - Setting next_dagrun for example_branch_dop_operator_v3 to 2023-09-14T02:49:00+00:00, run_after=2023-09-14T02:50:00+00:00
[2023-09-14T10:50:59.540+0800] {processor.py:179} INFO - Processing /opt/homebrew/lib/python3.11/site-packages/airflow/example_dags/example_branch_python_dop_operator_3.py took 0.149 seconds
[2023-09-14T10:52:47.727+0800] {processor.py:157} INFO - Started process (PID=69368) to work on /opt/homebrew/lib/python3.11/site-packages/airflow/example_dags/example_branch_python_dop_operator_3.py
[2023-09-14T10:52:47.728+0800] {processor.py:829} INFO - Processing file /opt/homebrew/lib/python3.11/site-packages/airflow/example_dags/example_branch_python_dop_operator_3.py for tasks to queue
[2023-09-14T10:52:47.728+0800] {logging_mixin.py:151} INFO - [2023-09-14T10:52:47.728+0800] {dagbag.py:539} INFO - Filling up the DagBag from /opt/homebrew/lib/python3.11/site-packages/airflow/example_dags/example_branch_python_dop_operator_3.py
[2023-09-14T10:52:47.760+0800] {processor.py:839} INFO - DAG(s) dict_keys(['example_branch_dop_operator_v3']) retrieved from /opt/homebrew/lib/python3.11/site-packages/airflow/example_dags/example_branch_python_dop_operator_3.py
[2023-09-14T10:52:47.854+0800] {logging_mixin.py:151} INFO - [2023-09-14T10:52:47.853+0800] {dag.py:2915} INFO - Sync 1 DAGs
[2023-09-14T10:52:47.864+0800] {logging_mixin.py:151} INFO - [2023-09-14T10:52:47.864+0800] {dag.py:3696} INFO - Setting next_dagrun for example_branch_dop_operator_v3 to 2023-09-14T02:51:00+00:00, run_after=2023-09-14T02:52:00+00:00
[2023-09-14T10:52:47.874+0800] {processor.py:179} INFO - Processing /opt/homebrew/lib/python3.11/site-packages/airflow/example_dags/example_branch_python_dop_operator_3.py took 0.147 seconds
[2023-09-14T10:54:37.591+0800] {processor.py:157} INFO - Started process (PID=69589) to work on /opt/homebrew/lib/python3.11/site-packages/airflow/example_dags/example_branch_python_dop_operator_3.py
[2023-09-14T10:54:37.592+0800] {processor.py:829} INFO - Processing file /opt/homebrew/lib/python3.11/site-packages/airflow/example_dags/example_branch_python_dop_operator_3.py for tasks to queue
[2023-09-14T10:54:37.592+0800] {logging_mixin.py:151} INFO - [2023-09-14T10:54:37.592+0800] {dagbag.py:539} INFO - Filling up the DagBag from /opt/homebrew/lib/python3.11/site-packages/airflow/example_dags/example_branch_python_dop_operator_3.py
[2023-09-14T10:54:37.624+0800] {processor.py:839} INFO - DAG(s) dict_keys(['example_branch_dop_operator_v3']) retrieved from /opt/homebrew/lib/python3.11/site-packages/airflow/example_dags/example_branch_python_dop_operator_3.py
[2023-09-14T10:54:37.716+0800] {logging_mixin.py:151} INFO - [2023-09-14T10:54:37.716+0800] {dag.py:2915} INFO - Sync 1 DAGs
[2023-09-14T10:54:37.727+0800] {logging_mixin.py:151} INFO - [2023-09-14T10:54:37.727+0800] {dag.py:3696} INFO - Setting next_dagrun for example_branch_dop_operator_v3 to 2023-09-14T02:53:00+00:00, run_after=2023-09-14T02:54:00+00:00
[2023-09-14T10:54:37.737+0800] {processor.py:179} INFO - Processing /opt/homebrew/lib/python3.11/site-packages/airflow/example_dags/example_branch_python_dop_operator_3.py took 0.147 seconds
[2023-09-14T10:56:21.391+0800] {processor.py:157} INFO - Started process (PID=69774) to work on /opt/homebrew/lib/python3.11/site-packages/airflow/example_dags/example_branch_python_dop_operator_3.py
[2023-09-14T10:56:21.392+0800] {processor.py:829} INFO - Processing file /opt/homebrew/lib/python3.11/site-packages/airflow/example_dags/example_branch_python_dop_operator_3.py for tasks to queue
[2023-09-14T10:56:21.392+0800] {logging_mixin.py:151} INFO - [2023-09-14T10:56:21.392+0800] {dagbag.py:539} INFO - Filling up the DagBag from /opt/homebrew/lib/python3.11/site-packages/airflow/example_dags/example_branch_python_dop_operator_3.py
[2023-09-14T10:56:21.424+0800] {processor.py:839} INFO - DAG(s) dict_keys(['example_branch_dop_operator_v3']) retrieved from /opt/homebrew/lib/python3.11/site-packages/airflow/example_dags/example_branch_python_dop_operator_3.py
[2023-09-14T10:56:21.516+0800] {logging_mixin.py:151} INFO - [2023-09-14T10:56:21.516+0800] {dag.py:2915} INFO - Sync 1 DAGs
[2023-09-14T10:56:21.526+0800] {logging_mixin.py:151} INFO - [2023-09-14T10:56:21.526+0800] {dag.py:3696} INFO - Setting next_dagrun for example_branch_dop_operator_v3 to 2023-09-14T02:55:00+00:00, run_after=2023-09-14T02:56:00+00:00
[2023-09-14T10:56:21.537+0800] {processor.py:179} INFO - Processing /opt/homebrew/lib/python3.11/site-packages/airflow/example_dags/example_branch_python_dop_operator_3.py took 0.146 seconds
[2023-09-14T10:58:01.920+0800] {processor.py:157} INFO - Started process (PID=69955) to work on /opt/homebrew/lib/python3.11/site-packages/airflow/example_dags/example_branch_python_dop_operator_3.py
[2023-09-14T10:58:01.920+0800] {processor.py:829} INFO - Processing file /opt/homebrew/lib/python3.11/site-packages/airflow/example_dags/example_branch_python_dop_operator_3.py for tasks to queue
[2023-09-14T10:58:01.920+0800] {logging_mixin.py:151} INFO - [2023-09-14T10:58:01.920+0800] {dagbag.py:539} INFO - Filling up the DagBag from /opt/homebrew/lib/python3.11/site-packages/airflow/example_dags/example_branch_python_dop_operator_3.py
[2023-09-14T10:58:01.952+0800] {processor.py:839} INFO - DAG(s) dict_keys(['example_branch_dop_operator_v3']) retrieved from /opt/homebrew/lib/python3.11/site-packages/airflow/example_dags/example_branch_python_dop_operator_3.py
[2023-09-14T10:58:02.045+0800] {logging_mixin.py:151} INFO - [2023-09-14T10:58:02.045+0800] {dag.py:2915} INFO - Sync 1 DAGs
[2023-09-14T10:58:02.056+0800] {logging_mixin.py:151} INFO - [2023-09-14T10:58:02.056+0800] {dag.py:3696} INFO - Setting next_dagrun for example_branch_dop_operator_v3 to 2023-09-14T02:57:00+00:00, run_after=2023-09-14T02:58:00+00:00
[2023-09-14T10:58:02.066+0800] {processor.py:179} INFO - Processing /opt/homebrew/lib/python3.11/site-packages/airflow/example_dags/example_branch_python_dop_operator_3.py took 0.147 seconds
[2023-09-14T10:59:40.665+0800] {processor.py:157} INFO - Started process (PID=70133) to work on /opt/homebrew/lib/python3.11/site-packages/airflow/example_dags/example_branch_python_dop_operator_3.py
[2023-09-14T10:59:40.665+0800] {processor.py:829} INFO - Processing file /opt/homebrew/lib/python3.11/site-packages/airflow/example_dags/example_branch_python_dop_operator_3.py for tasks to queue
[2023-09-14T10:59:40.665+0800] {logging_mixin.py:151} INFO - [2023-09-14T10:59:40.665+0800] {dagbag.py:539} INFO - Filling up the DagBag from /opt/homebrew/lib/python3.11/site-packages/airflow/example_dags/example_branch_python_dop_operator_3.py
[2023-09-14T10:59:40.697+0800] {processor.py:839} INFO - DAG(s) dict_keys(['example_branch_dop_operator_v3']) retrieved from /opt/homebrew/lib/python3.11/site-packages/airflow/example_dags/example_branch_python_dop_operator_3.py
[2023-09-14T10:59:40.790+0800] {logging_mixin.py:151} INFO - [2023-09-14T10:59:40.790+0800] {dag.py:2915} INFO - Sync 1 DAGs
[2023-09-14T10:59:40.800+0800] {logging_mixin.py:151} INFO - [2023-09-14T10:59:40.800+0800] {dag.py:3696} INFO - Setting next_dagrun for example_branch_dop_operator_v3 to 2023-09-14T02:58:00+00:00, run_after=2023-09-14T02:59:00+00:00
[2023-09-14T10:59:40.810+0800] {processor.py:179} INFO - Processing /opt/homebrew/lib/python3.11/site-packages/airflow/example_dags/example_branch_python_dop_operator_3.py took 0.146 seconds
[2023-09-14T11:01:27.451+0800] {processor.py:157} INFO - Started process (PID=70329) to work on /opt/homebrew/lib/python3.11/site-packages/airflow/example_dags/example_branch_python_dop_operator_3.py
[2023-09-14T11:01:27.452+0800] {processor.py:829} INFO - Processing file /opt/homebrew/lib/python3.11/site-packages/airflow/example_dags/example_branch_python_dop_operator_3.py for tasks to queue
[2023-09-14T11:01:27.452+0800] {logging_mixin.py:151} INFO - [2023-09-14T11:01:27.452+0800] {dagbag.py:539} INFO - Filling up the DagBag from /opt/homebrew/lib/python3.11/site-packages/airflow/example_dags/example_branch_python_dop_operator_3.py
[2023-09-14T11:01:27.484+0800] {processor.py:839} INFO - DAG(s) dict_keys(['example_branch_dop_operator_v3']) retrieved from /opt/homebrew/lib/python3.11/site-packages/airflow/example_dags/example_branch_python_dop_operator_3.py
[2023-09-14T11:01:27.576+0800] {logging_mixin.py:151} INFO - [2023-09-14T11:01:27.576+0800] {dag.py:2915} INFO - Sync 1 DAGs
[2023-09-14T11:01:27.587+0800] {logging_mixin.py:151} INFO - [2023-09-14T11:01:27.587+0800] {dag.py:3696} INFO - Setting next_dagrun for example_branch_dop_operator_v3 to 2023-09-14T03:00:00+00:00, run_after=2023-09-14T03:01:00+00:00
[2023-09-14T11:01:27.597+0800] {processor.py:179} INFO - Processing /opt/homebrew/lib/python3.11/site-packages/airflow/example_dags/example_branch_python_dop_operator_3.py took 0.146 seconds
[2023-09-14T11:03:08.825+0800] {processor.py:157} INFO - Started process (PID=70512) to work on /opt/homebrew/lib/python3.11/site-packages/airflow/example_dags/example_branch_python_dop_operator_3.py
[2023-09-14T11:03:08.826+0800] {processor.py:829} INFO - Processing file /opt/homebrew/lib/python3.11/site-packages/airflow/example_dags/example_branch_python_dop_operator_3.py for tasks to queue
[2023-09-14T11:03:08.826+0800] {logging_mixin.py:151} INFO - [2023-09-14T11:03:08.826+0800] {dagbag.py:539} INFO - Filling up the DagBag from /opt/homebrew/lib/python3.11/site-packages/airflow/example_dags/example_branch_python_dop_operator_3.py
[2023-09-14T11:03:08.858+0800] {processor.py:839} INFO - DAG(s) dict_keys(['example_branch_dop_operator_v3']) retrieved from /opt/homebrew/lib/python3.11/site-packages/airflow/example_dags/example_branch_python_dop_operator_3.py
[2023-09-14T11:03:08.950+0800] {logging_mixin.py:151} INFO - [2023-09-14T11:03:08.950+0800] {dag.py:2915} INFO - Sync 1 DAGs
[2023-09-14T11:03:08.961+0800] {logging_mixin.py:151} INFO - [2023-09-14T11:03:08.961+0800] {dag.py:3696} INFO - Setting next_dagrun for example_branch_dop_operator_v3 to 2023-09-14T03:02:00+00:00, run_after=2023-09-14T03:03:00+00:00
[2023-09-14T11:03:08.971+0800] {processor.py:179} INFO - Processing /opt/homebrew/lib/python3.11/site-packages/airflow/example_dags/example_branch_python_dop_operator_3.py took 0.146 seconds
[2023-09-14T11:04:53.481+0800] {processor.py:157} INFO - Started process (PID=70723) to work on /opt/homebrew/lib/python3.11/site-packages/airflow/example_dags/example_branch_python_dop_operator_3.py
[2023-09-14T11:04:53.482+0800] {processor.py:829} INFO - Processing file /opt/homebrew/lib/python3.11/site-packages/airflow/example_dags/example_branch_python_dop_operator_3.py for tasks to queue
[2023-09-14T11:04:53.482+0800] {logging_mixin.py:151} INFO - [2023-09-14T11:04:53.482+0800] {dagbag.py:539} INFO - Filling up the DagBag from /opt/homebrew/lib/python3.11/site-packages/airflow/example_dags/example_branch_python_dop_operator_3.py
[2023-09-14T11:04:53.514+0800] {processor.py:839} INFO - DAG(s) dict_keys(['example_branch_dop_operator_v3']) retrieved from /opt/homebrew/lib/python3.11/site-packages/airflow/example_dags/example_branch_python_dop_operator_3.py
[2023-09-14T11:04:53.606+0800] {logging_mixin.py:151} INFO - [2023-09-14T11:04:53.606+0800] {dag.py:2915} INFO - Sync 1 DAGs
[2023-09-14T11:04:53.617+0800] {logging_mixin.py:151} INFO - [2023-09-14T11:04:53.617+0800] {dag.py:3696} INFO - Setting next_dagrun for example_branch_dop_operator_v3 to 2023-09-14T03:03:00+00:00, run_after=2023-09-14T03:04:00+00:00
[2023-09-14T11:04:53.627+0800] {processor.py:179} INFO - Processing /opt/homebrew/lib/python3.11/site-packages/airflow/example_dags/example_branch_python_dop_operator_3.py took 0.146 seconds
[2023-09-14T11:06:37.856+0800] {processor.py:157} INFO - Started process (PID=70907) to work on /opt/homebrew/lib/python3.11/site-packages/airflow/example_dags/example_branch_python_dop_operator_3.py
[2023-09-14T11:06:37.856+0800] {processor.py:829} INFO - Processing file /opt/homebrew/lib/python3.11/site-packages/airflow/example_dags/example_branch_python_dop_operator_3.py for tasks to queue
[2023-09-14T11:06:37.856+0800] {logging_mixin.py:151} INFO - [2023-09-14T11:06:37.856+0800] {dagbag.py:539} INFO - Filling up the DagBag from /opt/homebrew/lib/python3.11/site-packages/airflow/example_dags/example_branch_python_dop_operator_3.py
[2023-09-14T11:06:37.888+0800] {processor.py:839} INFO - DAG(s) dict_keys(['example_branch_dop_operator_v3']) retrieved from /opt/homebrew/lib/python3.11/site-packages/airflow/example_dags/example_branch_python_dop_operator_3.py
[2023-09-14T11:06:37.981+0800] {logging_mixin.py:151} INFO - [2023-09-14T11:06:37.980+0800] {dag.py:2915} INFO - Sync 1 DAGs
[2023-09-14T11:06:37.991+0800] {logging_mixin.py:151} INFO - [2023-09-14T11:06:37.991+0800] {dag.py:3696} INFO - Setting next_dagrun for example_branch_dop_operator_v3 to 2023-09-14T03:05:00+00:00, run_after=2023-09-14T03:06:00+00:00
[2023-09-14T11:06:38.001+0800] {processor.py:179} INFO - Processing /opt/homebrew/lib/python3.11/site-packages/airflow/example_dags/example_branch_python_dop_operator_3.py took 0.146 seconds
[2023-09-14T11:08:18.221+0800] {processor.py:157} INFO - Started process (PID=71088) to work on /opt/homebrew/lib/python3.11/site-packages/airflow/example_dags/example_branch_python_dop_operator_3.py
[2023-09-14T11:08:18.222+0800] {processor.py:829} INFO - Processing file /opt/homebrew/lib/python3.11/site-packages/airflow/example_dags/example_branch_python_dop_operator_3.py for tasks to queue
[2023-09-14T11:08:18.222+0800] {logging_mixin.py:151} INFO - [2023-09-14T11:08:18.222+0800] {dagbag.py:539} INFO - Filling up the DagBag from /opt/homebrew/lib/python3.11/site-packages/airflow/example_dags/example_branch_python_dop_operator_3.py
[2023-09-14T11:08:18.254+0800] {processor.py:839} INFO - DAG(s) dict_keys(['example_branch_dop_operator_v3']) retrieved from /opt/homebrew/lib/python3.11/site-packages/airflow/example_dags/example_branch_python_dop_operator_3.py
[2023-09-14T11:08:18.346+0800] {logging_mixin.py:151} INFO - [2023-09-14T11:08:18.346+0800] {dag.py:2915} INFO - Sync 1 DAGs
[2023-09-14T11:08:18.356+0800] {logging_mixin.py:151} INFO - [2023-09-14T11:08:18.356+0800] {dag.py:3696} INFO - Setting next_dagrun for example_branch_dop_operator_v3 to 2023-09-14T03:07:00+00:00, run_after=2023-09-14T03:08:00+00:00
[2023-09-14T11:08:18.367+0800] {processor.py:179} INFO - Processing /opt/homebrew/lib/python3.11/site-packages/airflow/example_dags/example_branch_python_dop_operator_3.py took 0.146 seconds
[2023-09-14T11:24:30.621+0800] {processor.py:157} INFO - Started process (PID=71338) to work on /opt/homebrew/lib/python3.11/site-packages/airflow/example_dags/example_branch_python_dop_operator_3.py
[2023-09-14T11:24:30.622+0800] {processor.py:829} INFO - Processing file /opt/homebrew/lib/python3.11/site-packages/airflow/example_dags/example_branch_python_dop_operator_3.py for tasks to queue
[2023-09-14T11:24:30.622+0800] {logging_mixin.py:151} INFO - [2023-09-14T11:24:30.622+0800] {dagbag.py:539} INFO - Filling up the DagBag from /opt/homebrew/lib/python3.11/site-packages/airflow/example_dags/example_branch_python_dop_operator_3.py
[2023-09-14T11:24:30.654+0800] {processor.py:839} INFO - DAG(s) dict_keys(['example_branch_dop_operator_v3']) retrieved from /opt/homebrew/lib/python3.11/site-packages/airflow/example_dags/example_branch_python_dop_operator_3.py
[2023-09-14T11:24:30.746+0800] {logging_mixin.py:151} INFO - [2023-09-14T11:24:30.746+0800] {dag.py:2915} INFO - Sync 1 DAGs
[2023-09-14T11:24:30.757+0800] {logging_mixin.py:151} INFO - [2023-09-14T11:24:30.757+0800] {dag.py:3696} INFO - Setting next_dagrun for example_branch_dop_operator_v3 to 2023-09-14T03:23:00+00:00, run_after=2023-09-14T03:24:00+00:00
[2023-09-14T11:24:30.767+0800] {processor.py:179} INFO - Processing /opt/homebrew/lib/python3.11/site-packages/airflow/example_dags/example_branch_python_dop_operator_3.py took 0.147 seconds
[2023-09-14T11:26:18.817+0800] {processor.py:157} INFO - Started process (PID=71530) to work on /opt/homebrew/lib/python3.11/site-packages/airflow/example_dags/example_branch_python_dop_operator_3.py
[2023-09-14T11:26:18.818+0800] {processor.py:829} INFO - Processing file /opt/homebrew/lib/python3.11/site-packages/airflow/example_dags/example_branch_python_dop_operator_3.py for tasks to queue
[2023-09-14T11:26:18.818+0800] {logging_mixin.py:151} INFO - [2023-09-14T11:26:18.818+0800] {dagbag.py:539} INFO - Filling up the DagBag from /opt/homebrew/lib/python3.11/site-packages/airflow/example_dags/example_branch_python_dop_operator_3.py
[2023-09-14T11:26:18.850+0800] {processor.py:839} INFO - DAG(s) dict_keys(['example_branch_dop_operator_v3']) retrieved from /opt/homebrew/lib/python3.11/site-packages/airflow/example_dags/example_branch_python_dop_operator_3.py
[2023-09-14T11:26:18.943+0800] {logging_mixin.py:151} INFO - [2023-09-14T11:26:18.942+0800] {dag.py:2915} INFO - Sync 1 DAGs
[2023-09-14T11:26:18.953+0800] {logging_mixin.py:151} INFO - [2023-09-14T11:26:18.953+0800] {dag.py:3696} INFO - Setting next_dagrun for example_branch_dop_operator_v3 to 2023-09-14T03:25:00+00:00, run_after=2023-09-14T03:26:00+00:00
[2023-09-14T11:26:18.963+0800] {processor.py:179} INFO - Processing /opt/homebrew/lib/python3.11/site-packages/airflow/example_dags/example_branch_python_dop_operator_3.py took 0.146 seconds
[2023-09-14T11:28:03.281+0800] {processor.py:157} INFO - Started process (PID=71716) to work on /opt/homebrew/lib/python3.11/site-packages/airflow/example_dags/example_branch_python_dop_operator_3.py
[2023-09-14T11:28:03.282+0800] {processor.py:829} INFO - Processing file /opt/homebrew/lib/python3.11/site-packages/airflow/example_dags/example_branch_python_dop_operator_3.py for tasks to queue
[2023-09-14T11:28:03.282+0800] {logging_mixin.py:151} INFO - [2023-09-14T11:28:03.282+0800] {dagbag.py:539} INFO - Filling up the DagBag from /opt/homebrew/lib/python3.11/site-packages/airflow/example_dags/example_branch_python_dop_operator_3.py
[2023-09-14T11:28:03.314+0800] {processor.py:839} INFO - DAG(s) dict_keys(['example_branch_dop_operator_v3']) retrieved from /opt/homebrew/lib/python3.11/site-packages/airflow/example_dags/example_branch_python_dop_operator_3.py
[2023-09-14T11:28:03.406+0800] {logging_mixin.py:151} INFO - [2023-09-14T11:28:03.406+0800] {dag.py:2915} INFO - Sync 1 DAGs
[2023-09-14T11:28:03.417+0800] {logging_mixin.py:151} INFO - [2023-09-14T11:28:03.417+0800] {dag.py:3696} INFO - Setting next_dagrun for example_branch_dop_operator_v3 to 2023-09-14T03:27:00+00:00, run_after=2023-09-14T03:28:00+00:00
[2023-09-14T11:28:03.427+0800] {processor.py:179} INFO - Processing /opt/homebrew/lib/python3.11/site-packages/airflow/example_dags/example_branch_python_dop_operator_3.py took 0.146 seconds
[2023-09-14T11:29:45.303+0800] {processor.py:157} INFO - Started process (PID=71900) to work on /opt/homebrew/lib/python3.11/site-packages/airflow/example_dags/example_branch_python_dop_operator_3.py
[2023-09-14T11:29:45.304+0800] {processor.py:829} INFO - Processing file /opt/homebrew/lib/python3.11/site-packages/airflow/example_dags/example_branch_python_dop_operator_3.py for tasks to queue
[2023-09-14T11:29:45.304+0800] {logging_mixin.py:151} INFO - [2023-09-14T11:29:45.304+0800] {dagbag.py:539} INFO - Filling up the DagBag from /opt/homebrew/lib/python3.11/site-packages/airflow/example_dags/example_branch_python_dop_operator_3.py
[2023-09-14T11:29:45.336+0800] {processor.py:839} INFO - DAG(s) dict_keys(['example_branch_dop_operator_v3']) retrieved from /opt/homebrew/lib/python3.11/site-packages/airflow/example_dags/example_branch_python_dop_operator_3.py
[2023-09-14T11:29:45.429+0800] {logging_mixin.py:151} INFO - [2023-09-14T11:29:45.428+0800] {dag.py:2915} INFO - Sync 1 DAGs
[2023-09-14T11:29:45.439+0800] {logging_mixin.py:151} INFO - [2023-09-14T11:29:45.439+0800] {dag.py:3696} INFO - Setting next_dagrun for example_branch_dop_operator_v3 to 2023-09-14T03:28:00+00:00, run_after=2023-09-14T03:29:00+00:00
[2023-09-14T11:29:45.449+0800] {processor.py:179} INFO - Processing /opt/homebrew/lib/python3.11/site-packages/airflow/example_dags/example_branch_python_dop_operator_3.py took 0.146 seconds
[2023-09-14T11:31:28.940+0800] {processor.py:157} INFO - Started process (PID=72084) to work on /opt/homebrew/lib/python3.11/site-packages/airflow/example_dags/example_branch_python_dop_operator_3.py
[2023-09-14T11:31:28.940+0800] {processor.py:829} INFO - Processing file /opt/homebrew/lib/python3.11/site-packages/airflow/example_dags/example_branch_python_dop_operator_3.py for tasks to queue
[2023-09-14T11:31:28.940+0800] {logging_mixin.py:151} INFO - [2023-09-14T11:31:28.940+0800] {dagbag.py:539} INFO - Filling up the DagBag from /opt/homebrew/lib/python3.11/site-packages/airflow/example_dags/example_branch_python_dop_operator_3.py
[2023-09-14T11:31:28.972+0800] {processor.py:839} INFO - DAG(s) dict_keys(['example_branch_dop_operator_v3']) retrieved from /opt/homebrew/lib/python3.11/site-packages/airflow/example_dags/example_branch_python_dop_operator_3.py
[2023-09-14T11:31:29.065+0800] {logging_mixin.py:151} INFO - [2023-09-14T11:31:29.064+0800] {dag.py:2915} INFO - Sync 1 DAGs
[2023-09-14T11:31:29.075+0800] {logging_mixin.py:151} INFO - [2023-09-14T11:31:29.075+0800] {dag.py:3696} INFO - Setting next_dagrun for example_branch_dop_operator_v3 to 2023-09-14T03:30:00+00:00, run_after=2023-09-14T03:31:00+00:00
[2023-09-14T11:31:29.085+0800] {processor.py:179} INFO - Processing /opt/homebrew/lib/python3.11/site-packages/airflow/example_dags/example_branch_python_dop_operator_3.py took 0.146 seconds
[2023-09-14T11:33:16.063+0800] {processor.py:157} INFO - Started process (PID=72279) to work on /opt/homebrew/lib/python3.11/site-packages/airflow/example_dags/example_branch_python_dop_operator_3.py
[2023-09-14T11:33:16.063+0800] {processor.py:829} INFO - Processing file /opt/homebrew/lib/python3.11/site-packages/airflow/example_dags/example_branch_python_dop_operator_3.py for tasks to queue
[2023-09-14T11:33:16.064+0800] {logging_mixin.py:151} INFO - [2023-09-14T11:33:16.064+0800] {dagbag.py:539} INFO - Filling up the DagBag from /opt/homebrew/lib/python3.11/site-packages/airflow/example_dags/example_branch_python_dop_operator_3.py
[2023-09-14T11:33:16.096+0800] {processor.py:839} INFO - DAG(s) dict_keys(['example_branch_dop_operator_v3']) retrieved from /opt/homebrew/lib/python3.11/site-packages/airflow/example_dags/example_branch_python_dop_operator_3.py
[2023-09-14T11:33:16.188+0800] {logging_mixin.py:151} INFO - [2023-09-14T11:33:16.188+0800] {dag.py:2915} INFO - Sync 1 DAGs
[2023-09-14T11:33:16.199+0800] {logging_mixin.py:151} INFO - [2023-09-14T11:33:16.198+0800] {dag.py:3696} INFO - Setting next_dagrun for example_branch_dop_operator_v3 to 2023-09-14T03:32:00+00:00, run_after=2023-09-14T03:33:00+00:00
[2023-09-14T11:33:16.209+0800] {processor.py:179} INFO - Processing /opt/homebrew/lib/python3.11/site-packages/airflow/example_dags/example_branch_python_dop_operator_3.py took 0.146 seconds
[2023-09-14T11:35:03.032+0800] {processor.py:157} INFO - Started process (PID=72471) to work on /opt/homebrew/lib/python3.11/site-packages/airflow/example_dags/example_branch_python_dop_operator_3.py
[2023-09-14T11:35:03.032+0800] {processor.py:829} INFO - Processing file /opt/homebrew/lib/python3.11/site-packages/airflow/example_dags/example_branch_python_dop_operator_3.py for tasks to queue
[2023-09-14T11:35:03.032+0800] {logging_mixin.py:151} INFO - [2023-09-14T11:35:03.032+0800] {dagbag.py:539} INFO - Filling up the DagBag from /opt/homebrew/lib/python3.11/site-packages/airflow/example_dags/example_branch_python_dop_operator_3.py
[2023-09-14T11:35:03.064+0800] {processor.py:839} INFO - DAG(s) dict_keys(['example_branch_dop_operator_v3']) retrieved from /opt/homebrew/lib/python3.11/site-packages/airflow/example_dags/example_branch_python_dop_operator_3.py
[2023-09-14T11:35:03.156+0800] {logging_mixin.py:151} INFO - [2023-09-14T11:35:03.156+0800] {dag.py:2915} INFO - Sync 1 DAGs
[2023-09-14T11:35:03.167+0800] {logging_mixin.py:151} INFO - [2023-09-14T11:35:03.167+0800] {dag.py:3696} INFO - Setting next_dagrun for example_branch_dop_operator_v3 to 2023-09-14T03:34:00+00:00, run_after=2023-09-14T03:35:00+00:00
[2023-09-14T11:35:03.177+0800] {processor.py:179} INFO - Processing /opt/homebrew/lib/python3.11/site-packages/airflow/example_dags/example_branch_python_dop_operator_3.py took 0.146 seconds
[2023-09-14T11:36:52.848+0800] {processor.py:157} INFO - Started process (PID=72661) to work on /opt/homebrew/lib/python3.11/site-packages/airflow/example_dags/example_branch_python_dop_operator_3.py
[2023-09-14T11:36:52.848+0800] {processor.py:829} INFO - Processing file /opt/homebrew/lib/python3.11/site-packages/airflow/example_dags/example_branch_python_dop_operator_3.py for tasks to queue
[2023-09-14T11:36:52.849+0800] {logging_mixin.py:151} INFO - [2023-09-14T11:36:52.849+0800] {dagbag.py:539} INFO - Filling up the DagBag from /opt/homebrew/lib/python3.11/site-packages/airflow/example_dags/example_branch_python_dop_operator_3.py
[2023-09-14T11:36:52.881+0800] {processor.py:839} INFO - DAG(s) dict_keys(['example_branch_dop_operator_v3']) retrieved from /opt/homebrew/lib/python3.11/site-packages/airflow/example_dags/example_branch_python_dop_operator_3.py
[2023-09-14T11:36:52.974+0800] {logging_mixin.py:151} INFO - [2023-09-14T11:36:52.974+0800] {dag.py:2915} INFO - Sync 1 DAGs
[2023-09-14T11:36:52.985+0800] {logging_mixin.py:151} INFO - [2023-09-14T11:36:52.985+0800] {dag.py:3696} INFO - Setting next_dagrun for example_branch_dop_operator_v3 to 2023-09-14T03:35:00+00:00, run_after=2023-09-14T03:36:00+00:00
[2023-09-14T11:36:52.995+0800] {processor.py:179} INFO - Processing /opt/homebrew/lib/python3.11/site-packages/airflow/example_dags/example_branch_python_dop_operator_3.py took 0.147 seconds
[2023-09-14T11:38:34.754+0800] {processor.py:157} INFO - Started process (PID=72847) to work on /opt/homebrew/lib/python3.11/site-packages/airflow/example_dags/example_branch_python_dop_operator_3.py
[2023-09-14T11:38:34.754+0800] {processor.py:829} INFO - Processing file /opt/homebrew/lib/python3.11/site-packages/airflow/example_dags/example_branch_python_dop_operator_3.py for tasks to queue
[2023-09-14T11:38:34.755+0800] {logging_mixin.py:151} INFO - [2023-09-14T11:38:34.755+0800] {dagbag.py:539} INFO - Filling up the DagBag from /opt/homebrew/lib/python3.11/site-packages/airflow/example_dags/example_branch_python_dop_operator_3.py
[2023-09-14T11:38:34.786+0800] {processor.py:839} INFO - DAG(s) dict_keys(['example_branch_dop_operator_v3']) retrieved from /opt/homebrew/lib/python3.11/site-packages/airflow/example_dags/example_branch_python_dop_operator_3.py
[2023-09-14T11:38:34.879+0800] {logging_mixin.py:151} INFO - [2023-09-14T11:38:34.879+0800] {dag.py:2915} INFO - Sync 1 DAGs
[2023-09-14T11:38:34.890+0800] {logging_mixin.py:151} INFO - [2023-09-14T11:38:34.890+0800] {dag.py:3696} INFO - Setting next_dagrun for example_branch_dop_operator_v3 to 2023-09-14T03:37:00+00:00, run_after=2023-09-14T03:38:00+00:00
[2023-09-14T11:38:34.900+0800] {processor.py:179} INFO - Processing /opt/homebrew/lib/python3.11/site-packages/airflow/example_dags/example_branch_python_dop_operator_3.py took 0.147 seconds
[2023-09-14T11:40:12.776+0800] {processor.py:157} INFO - Started process (PID=73043) to work on /opt/homebrew/lib/python3.11/site-packages/airflow/example_dags/example_branch_python_dop_operator_3.py
[2023-09-14T11:40:12.777+0800] {processor.py:829} INFO - Processing file /opt/homebrew/lib/python3.11/site-packages/airflow/example_dags/example_branch_python_dop_operator_3.py for tasks to queue
[2023-09-14T11:40:12.777+0800] {logging_mixin.py:151} INFO - [2023-09-14T11:40:12.777+0800] {dagbag.py:539} INFO - Filling up the DagBag from /opt/homebrew/lib/python3.11/site-packages/airflow/example_dags/example_branch_python_dop_operator_3.py
[2023-09-14T11:40:12.809+0800] {processor.py:839} INFO - DAG(s) dict_keys(['example_branch_dop_operator_v3']) retrieved from /opt/homebrew/lib/python3.11/site-packages/airflow/example_dags/example_branch_python_dop_operator_3.py
[2023-09-14T11:40:12.902+0800] {logging_mixin.py:151} INFO - [2023-09-14T11:40:12.901+0800] {dag.py:2915} INFO - Sync 1 DAGs
[2023-09-14T11:40:12.912+0800] {logging_mixin.py:151} INFO - [2023-09-14T11:40:12.912+0800] {dag.py:3696} INFO - Setting next_dagrun for example_branch_dop_operator_v3 to 2023-09-14T03:39:00+00:00, run_after=2023-09-14T03:40:00+00:00
[2023-09-14T11:40:12.924+0800] {processor.py:179} INFO - Processing /opt/homebrew/lib/python3.11/site-packages/airflow/example_dags/example_branch_python_dop_operator_3.py took 0.148 seconds
[2023-09-14T11:41:58.615+0800] {processor.py:157} INFO - Started process (PID=73233) to work on /opt/homebrew/lib/python3.11/site-packages/airflow/example_dags/example_branch_python_dop_operator_3.py
[2023-09-14T11:41:58.615+0800] {processor.py:829} INFO - Processing file /opt/homebrew/lib/python3.11/site-packages/airflow/example_dags/example_branch_python_dop_operator_3.py for tasks to queue
[2023-09-14T11:41:58.616+0800] {logging_mixin.py:151} INFO - [2023-09-14T11:41:58.616+0800] {dagbag.py:539} INFO - Filling up the DagBag from /opt/homebrew/lib/python3.11/site-packages/airflow/example_dags/example_branch_python_dop_operator_3.py
[2023-09-14T11:41:58.647+0800] {processor.py:839} INFO - DAG(s) dict_keys(['example_branch_dop_operator_v3']) retrieved from /opt/homebrew/lib/python3.11/site-packages/airflow/example_dags/example_branch_python_dop_operator_3.py
[2023-09-14T11:41:58.740+0800] {logging_mixin.py:151} INFO - [2023-09-14T11:41:58.739+0800] {dag.py:2915} INFO - Sync 1 DAGs
[2023-09-14T11:41:58.750+0800] {logging_mixin.py:151} INFO - [2023-09-14T11:41:58.750+0800] {dag.py:3696} INFO - Setting next_dagrun for example_branch_dop_operator_v3 to 2023-09-14T03:40:00+00:00, run_after=2023-09-14T03:41:00+00:00
[2023-09-14T11:41:58.760+0800] {processor.py:179} INFO - Processing /opt/homebrew/lib/python3.11/site-packages/airflow/example_dags/example_branch_python_dop_operator_3.py took 0.146 seconds
[2023-09-14T11:43:39.863+0800] {processor.py:157} INFO - Started process (PID=73414) to work on /opt/homebrew/lib/python3.11/site-packages/airflow/example_dags/example_branch_python_dop_operator_3.py
[2023-09-14T11:43:39.863+0800] {processor.py:829} INFO - Processing file /opt/homebrew/lib/python3.11/site-packages/airflow/example_dags/example_branch_python_dop_operator_3.py for tasks to queue
[2023-09-14T11:43:39.864+0800] {logging_mixin.py:151} INFO - [2023-09-14T11:43:39.863+0800] {dagbag.py:539} INFO - Filling up the DagBag from /opt/homebrew/lib/python3.11/site-packages/airflow/example_dags/example_branch_python_dop_operator_3.py
[2023-09-14T11:43:39.896+0800] {processor.py:839} INFO - DAG(s) dict_keys(['example_branch_dop_operator_v3']) retrieved from /opt/homebrew/lib/python3.11/site-packages/airflow/example_dags/example_branch_python_dop_operator_3.py
[2023-09-14T11:43:39.989+0800] {logging_mixin.py:151} INFO - [2023-09-14T11:43:39.989+0800] {dag.py:2915} INFO - Sync 1 DAGs
[2023-09-14T11:43:40.000+0800] {logging_mixin.py:151} INFO - [2023-09-14T11:43:40.000+0800] {dag.py:3696} INFO - Setting next_dagrun for example_branch_dop_operator_v3 to 2023-09-14T03:42:00+00:00, run_after=2023-09-14T03:43:00+00:00
[2023-09-14T11:43:40.010+0800] {processor.py:179} INFO - Processing /opt/homebrew/lib/python3.11/site-packages/airflow/example_dags/example_branch_python_dop_operator_3.py took 0.148 seconds
[2023-09-14T11:45:27.158+0800] {processor.py:157} INFO - Started process (PID=73612) to work on /opt/homebrew/lib/python3.11/site-packages/airflow/example_dags/example_branch_python_dop_operator_3.py
[2023-09-14T11:45:27.159+0800] {processor.py:829} INFO - Processing file /opt/homebrew/lib/python3.11/site-packages/airflow/example_dags/example_branch_python_dop_operator_3.py for tasks to queue
[2023-09-14T11:45:27.159+0800] {logging_mixin.py:151} INFO - [2023-09-14T11:45:27.159+0800] {dagbag.py:539} INFO - Filling up the DagBag from /opt/homebrew/lib/python3.11/site-packages/airflow/example_dags/example_branch_python_dop_operator_3.py
[2023-09-14T11:45:27.192+0800] {processor.py:839} INFO - DAG(s) dict_keys(['example_branch_dop_operator_v3']) retrieved from /opt/homebrew/lib/python3.11/site-packages/airflow/example_dags/example_branch_python_dop_operator_3.py
[2023-09-14T11:45:27.284+0800] {logging_mixin.py:151} INFO - [2023-09-14T11:45:27.284+0800] {dag.py:2915} INFO - Sync 1 DAGs
[2023-09-14T11:45:27.295+0800] {logging_mixin.py:151} INFO - [2023-09-14T11:45:27.295+0800] {dag.py:3696} INFO - Setting next_dagrun for example_branch_dop_operator_v3 to 2023-09-14T03:44:00+00:00, run_after=2023-09-14T03:45:00+00:00
[2023-09-14T11:45:27.305+0800] {processor.py:179} INFO - Processing /opt/homebrew/lib/python3.11/site-packages/airflow/example_dags/example_branch_python_dop_operator_3.py took 0.147 seconds
[2023-09-14T14:49:58.914+0800] {processor.py:157} INFO - Started process (PID=73916) to work on /opt/homebrew/lib/python3.11/site-packages/airflow/example_dags/example_branch_python_dop_operator_3.py
[2023-09-14T14:49:58.914+0800] {processor.py:829} INFO - Processing file /opt/homebrew/lib/python3.11/site-packages/airflow/example_dags/example_branch_python_dop_operator_3.py for tasks to queue
[2023-09-14T14:49:58.914+0800] {logging_mixin.py:151} INFO - [2023-09-14T14:49:58.914+0800] {dagbag.py:539} INFO - Filling up the DagBag from /opt/homebrew/lib/python3.11/site-packages/airflow/example_dags/example_branch_python_dop_operator_3.py
[2023-09-14T14:49:58.946+0800] {processor.py:839} INFO - DAG(s) dict_keys(['example_branch_dop_operator_v3']) retrieved from /opt/homebrew/lib/python3.11/site-packages/airflow/example_dags/example_branch_python_dop_operator_3.py
[2023-09-14T14:49:59.039+0800] {logging_mixin.py:151} INFO - [2023-09-14T14:49:59.039+0800] {dag.py:2915} INFO - Sync 1 DAGs
[2023-09-14T14:49:59.050+0800] {logging_mixin.py:151} INFO - [2023-09-14T14:49:59.050+0800] {dag.py:3696} INFO - Setting next_dagrun for example_branch_dop_operator_v3 to 2023-09-14T06:48:00+00:00, run_after=2023-09-14T06:49:00+00:00
[2023-09-14T14:49:59.060+0800] {processor.py:179} INFO - Processing /opt/homebrew/lib/python3.11/site-packages/airflow/example_dags/example_branch_python_dop_operator_3.py took 0.147 seconds
[2023-09-14T18:08:18.671+0800] {processor.py:157} INFO - Started process (PID=74215) to work on /opt/homebrew/lib/python3.11/site-packages/airflow/example_dags/example_branch_python_dop_operator_3.py
[2023-09-14T18:08:18.672+0800] {processor.py:829} INFO - Processing file /opt/homebrew/lib/python3.11/site-packages/airflow/example_dags/example_branch_python_dop_operator_3.py for tasks to queue
[2023-09-14T18:08:18.673+0800] {logging_mixin.py:151} INFO - [2023-09-14T18:08:18.672+0800] {dagbag.py:539} INFO - Filling up the DagBag from /opt/homebrew/lib/python3.11/site-packages/airflow/example_dags/example_branch_python_dop_operator_3.py
[2023-09-14T18:08:18.705+0800] {processor.py:839} INFO - DAG(s) dict_keys(['example_branch_dop_operator_v3']) retrieved from /opt/homebrew/lib/python3.11/site-packages/airflow/example_dags/example_branch_python_dop_operator_3.py
[2023-09-14T18:08:18.809+0800] {logging_mixin.py:151} INFO - [2023-09-14T18:08:18.809+0800] {dag.py:2915} INFO - Sync 1 DAGs
[2023-09-14T18:08:18.820+0800] {logging_mixin.py:151} INFO - [2023-09-14T18:08:18.820+0800] {dag.py:3696} INFO - Setting next_dagrun for example_branch_dop_operator_v3 to 2023-09-14T10:07:00+00:00, run_after=2023-09-14T10:08:00+00:00
[2023-09-14T18:08:18.830+0800] {processor.py:179} INFO - Processing /opt/homebrew/lib/python3.11/site-packages/airflow/example_dags/example_branch_python_dop_operator_3.py took 0.159 seconds
[2023-09-14T21:26:38.110+0800] {processor.py:157} INFO - Started process (PID=74579) to work on /opt/homebrew/lib/python3.11/site-packages/airflow/example_dags/example_branch_python_dop_operator_3.py
[2023-09-14T21:26:38.111+0800] {processor.py:829} INFO - Processing file /opt/homebrew/lib/python3.11/site-packages/airflow/example_dags/example_branch_python_dop_operator_3.py for tasks to queue
[2023-09-14T21:26:38.111+0800] {logging_mixin.py:151} INFO - [2023-09-14T21:26:38.111+0800] {dagbag.py:539} INFO - Filling up the DagBag from /opt/homebrew/lib/python3.11/site-packages/airflow/example_dags/example_branch_python_dop_operator_3.py
[2023-09-14T21:26:38.143+0800] {processor.py:839} INFO - DAG(s) dict_keys(['example_branch_dop_operator_v3']) retrieved from /opt/homebrew/lib/python3.11/site-packages/airflow/example_dags/example_branch_python_dop_operator_3.py
[2023-09-14T21:26:38.237+0800] {logging_mixin.py:151} INFO - [2023-09-14T21:26:38.236+0800] {dag.py:2915} INFO - Sync 1 DAGs
[2023-09-14T21:26:38.247+0800] {logging_mixin.py:151} INFO - [2023-09-14T21:26:38.247+0800] {dag.py:3696} INFO - Setting next_dagrun for example_branch_dop_operator_v3 to 2023-09-14T13:25:00+00:00, run_after=2023-09-14T13:26:00+00:00
[2023-09-14T21:26:38.257+0800] {processor.py:179} INFO - Processing /opt/homebrew/lib/python3.11/site-packages/airflow/example_dags/example_branch_python_dop_operator_3.py took 0.148 seconds
[2023-09-15T01:01:29.635+0800] {processor.py:157} INFO - Started process (PID=74903) to work on /opt/homebrew/lib/python3.11/site-packages/airflow/example_dags/example_branch_python_dop_operator_3.py
[2023-09-15T01:01:29.637+0800] {processor.py:829} INFO - Processing file /opt/homebrew/lib/python3.11/site-packages/airflow/example_dags/example_branch_python_dop_operator_3.py for tasks to queue
[2023-09-15T01:01:29.637+0800] {logging_mixin.py:151} INFO - [2023-09-15T01:01:29.637+0800] {dagbag.py:539} INFO - Filling up the DagBag from /opt/homebrew/lib/python3.11/site-packages/airflow/example_dags/example_branch_python_dop_operator_3.py
[2023-09-15T01:01:29.669+0800] {processor.py:839} INFO - DAG(s) dict_keys(['example_branch_dop_operator_v3']) retrieved from /opt/homebrew/lib/python3.11/site-packages/airflow/example_dags/example_branch_python_dop_operator_3.py
[2023-09-15T01:01:30.148+0800] {logging_mixin.py:151} INFO - [2023-09-15T01:01:30.148+0800] {security.py:708} INFO - Not syncing DAG-level permissions for DAG 'DAG:example_branch_dop_operator_v3' as access control is unset.
[2023-09-15T01:01:30.148+0800] {logging_mixin.py:151} INFO - [2023-09-15T01:01:30.148+0800] {dag.py:2915} INFO - Sync 1 DAGs
[2023-09-15T01:01:30.159+0800] {logging_mixin.py:151} INFO - [2023-09-15T01:01:30.159+0800] {dag.py:3696} INFO - Setting next_dagrun for example_branch_dop_operator_v3 to 2023-09-14T17:00:00+00:00, run_after=2023-09-14T17:01:00+00:00
[2023-09-15T01:01:30.169+0800] {processor.py:179} INFO - Processing /opt/homebrew/lib/python3.11/site-packages/airflow/example_dags/example_branch_python_dop_operator_3.py took 0.534 seconds
[2023-09-15T04:16:09.709+0800] {processor.py:157} INFO - Started process (PID=75241) to work on /opt/homebrew/lib/python3.11/site-packages/airflow/example_dags/example_branch_python_dop_operator_3.py
[2023-09-15T04:16:09.710+0800] {processor.py:829} INFO - Processing file /opt/homebrew/lib/python3.11/site-packages/airflow/example_dags/example_branch_python_dop_operator_3.py for tasks to queue
[2023-09-15T04:16:09.710+0800] {logging_mixin.py:151} INFO - [2023-09-15T04:16:09.710+0800] {dagbag.py:539} INFO - Filling up the DagBag from /opt/homebrew/lib/python3.11/site-packages/airflow/example_dags/example_branch_python_dop_operator_3.py
[2023-09-15T04:16:09.742+0800] {processor.py:839} INFO - DAG(s) dict_keys(['example_branch_dop_operator_v3']) retrieved from /opt/homebrew/lib/python3.11/site-packages/airflow/example_dags/example_branch_python_dop_operator_3.py
[2023-09-15T04:16:09.836+0800] {logging_mixin.py:151} INFO - [2023-09-15T04:16:09.836+0800] {dag.py:2915} INFO - Sync 1 DAGs
[2023-09-15T04:16:09.847+0800] {logging_mixin.py:151} INFO - [2023-09-15T04:16:09.847+0800] {dag.py:3696} INFO - Setting next_dagrun for example_branch_dop_operator_v3 to 2023-09-14T20:15:00+00:00, run_after=2023-09-14T20:16:00+00:00
[2023-09-15T04:16:09.857+0800] {processor.py:179} INFO - Processing /opt/homebrew/lib/python3.11/site-packages/airflow/example_dags/example_branch_python_dop_operator_3.py took 0.149 seconds
[2023-09-15T07:31:21.172+0800] {processor.py:157} INFO - Started process (PID=75562) to work on /opt/homebrew/lib/python3.11/site-packages/airflow/example_dags/example_branch_python_dop_operator_3.py
[2023-09-15T07:31:21.173+0800] {processor.py:829} INFO - Processing file /opt/homebrew/lib/python3.11/site-packages/airflow/example_dags/example_branch_python_dop_operator_3.py for tasks to queue
[2023-09-15T07:31:21.173+0800] {logging_mixin.py:151} INFO - [2023-09-15T07:31:21.173+0800] {dagbag.py:539} INFO - Filling up the DagBag from /opt/homebrew/lib/python3.11/site-packages/airflow/example_dags/example_branch_python_dop_operator_3.py
[2023-09-15T07:31:21.205+0800] {processor.py:839} INFO - DAG(s) dict_keys(['example_branch_dop_operator_v3']) retrieved from /opt/homebrew/lib/python3.11/site-packages/airflow/example_dags/example_branch_python_dop_operator_3.py
[2023-09-15T07:31:21.297+0800] {logging_mixin.py:151} INFO - [2023-09-15T07:31:21.297+0800] {dag.py:2915} INFO - Sync 1 DAGs
[2023-09-15T07:31:21.307+0800] {logging_mixin.py:151} INFO - [2023-09-15T07:31:21.307+0800] {dag.py:3696} INFO - Setting next_dagrun for example_branch_dop_operator_v3 to 2023-09-14T23:30:00+00:00, run_after=2023-09-14T23:31:00+00:00
[2023-09-15T07:31:21.318+0800] {processor.py:179} INFO - Processing /opt/homebrew/lib/python3.11/site-packages/airflow/example_dags/example_branch_python_dop_operator_3.py took 0.146 seconds
