[2023-09-14T09:39:06.964+0800] {processor.py:157} INFO - Started process (PID=66897) to work on /opt/homebrew/lib/python3.11/site-packages/airflow/example_dags/example_trigger_controller_dag.py
[2023-09-14T09:39:06.964+0800] {processor.py:829} INFO - Processing file /opt/homebrew/lib/python3.11/site-packages/airflow/example_dags/example_trigger_controller_dag.py for tasks to queue
[2023-09-14T09:39:06.965+0800] {logging_mixin.py:151} INFO - [2023-09-14T09:39:06.965+0800] {dagbag.py:539} INFO - Filling up the DagBag from /opt/homebrew/lib/python3.11/site-packages/airflow/example_dags/example_trigger_controller_dag.py
[2023-09-14T09:39:06.982+0800] {processor.py:839} INFO - DAG(s) dict_keys(['example_trigger_controller_dag']) retrieved from /opt/homebrew/lib/python3.11/site-packages/airflow/example_dags/example_trigger_controller_dag.py
[2023-09-14T09:39:07.075+0800] {logging_mixin.py:151} INFO - [2023-09-14T09:39:07.075+0800] {dag.py:2915} INFO - Sync 1 DAGs
[2023-09-14T09:39:07.084+0800] {logging_mixin.py:151} INFO - [2023-09-14T09:39:07.083+0800] {dag.py:3696} INFO - Setting next_dagrun for example_trigger_controller_dag to 2021-01-01T00:00:00+00:00, run_after=2021-01-01T00:00:00+00:00
[2023-09-14T09:39:07.093+0800] {processor.py:179} INFO - Processing /opt/homebrew/lib/python3.11/site-packages/airflow/example_dags/example_trigger_controller_dag.py took 0.130 seconds
[2023-09-14T10:32:21.616+0800] {processor.py:157} INFO - Started process (PID=67127) to work on /opt/homebrew/lib/python3.11/site-packages/airflow/example_dags/example_trigger_controller_dag.py
[2023-09-14T10:32:21.617+0800] {processor.py:829} INFO - Processing file /opt/homebrew/lib/python3.11/site-packages/airflow/example_dags/example_trigger_controller_dag.py for tasks to queue
[2023-09-14T10:32:21.617+0800] {logging_mixin.py:151} INFO - [2023-09-14T10:32:21.617+0800] {dagbag.py:539} INFO - Filling up the DagBag from /opt/homebrew/lib/python3.11/site-packages/airflow/example_dags/example_trigger_controller_dag.py
[2023-09-14T10:32:21.634+0800] {processor.py:839} INFO - DAG(s) dict_keys(['example_trigger_controller_dag']) retrieved from /opt/homebrew/lib/python3.11/site-packages/airflow/example_dags/example_trigger_controller_dag.py
[2023-09-14T10:32:21.730+0800] {logging_mixin.py:151} INFO - [2023-09-14T10:32:21.729+0800] {dag.py:2915} INFO - Sync 1 DAGs
[2023-09-14T10:32:21.738+0800] {logging_mixin.py:151} INFO - [2023-09-14T10:32:21.738+0800] {dag.py:3696} INFO - Setting next_dagrun for example_trigger_controller_dag to 2021-01-01T00:00:00+00:00, run_after=2021-01-01T00:00:00+00:00
[2023-09-14T10:32:21.750+0800] {processor.py:179} INFO - Processing /opt/homebrew/lib/python3.11/site-packages/airflow/example_dags/example_trigger_controller_dag.py took 0.134 seconds
[2023-09-14T10:33:13.467+0800] {processor.py:157} INFO - Started process (PID=67228) to work on /opt/homebrew/lib/python3.11/site-packages/airflow/example_dags/example_trigger_controller_dag.py
[2023-09-14T10:33:13.468+0800] {processor.py:829} INFO - Processing file /opt/homebrew/lib/python3.11/site-packages/airflow/example_dags/example_trigger_controller_dag.py for tasks to queue
[2023-09-14T10:33:13.468+0800] {logging_mixin.py:151} INFO - [2023-09-14T10:33:13.468+0800] {dagbag.py:539} INFO - Filling up the DagBag from /opt/homebrew/lib/python3.11/site-packages/airflow/example_dags/example_trigger_controller_dag.py
[2023-09-14T10:33:13.484+0800] {processor.py:839} INFO - DAG(s) dict_keys(['example_trigger_controller_dag']) retrieved from /opt/homebrew/lib/python3.11/site-packages/airflow/example_dags/example_trigger_controller_dag.py
[2023-09-14T10:33:13.577+0800] {logging_mixin.py:151} INFO - [2023-09-14T10:33:13.577+0800] {dag.py:2915} INFO - Sync 1 DAGs
[2023-09-14T10:33:13.585+0800] {logging_mixin.py:151} INFO - [2023-09-14T10:33:13.585+0800] {dag.py:3696} INFO - Setting next_dagrun for example_trigger_controller_dag to 2021-01-01T00:00:00+00:00, run_after=2021-01-01T00:00:00+00:00
[2023-09-14T10:33:13.595+0800] {processor.py:179} INFO - Processing /opt/homebrew/lib/python3.11/site-packages/airflow/example_dags/example_trigger_controller_dag.py took 0.128 seconds
[2023-09-14T10:34:51.964+0800] {processor.py:157} INFO - Started process (PID=67427) to work on /opt/homebrew/lib/python3.11/site-packages/airflow/example_dags/example_trigger_controller_dag.py
[2023-09-14T10:34:51.964+0800] {processor.py:829} INFO - Processing file /opt/homebrew/lib/python3.11/site-packages/airflow/example_dags/example_trigger_controller_dag.py for tasks to queue
[2023-09-14T10:34:51.964+0800] {logging_mixin.py:151} INFO - [2023-09-14T10:34:51.964+0800] {dagbag.py:539} INFO - Filling up the DagBag from /opt/homebrew/lib/python3.11/site-packages/airflow/example_dags/example_trigger_controller_dag.py
[2023-09-14T10:34:51.980+0800] {processor.py:839} INFO - DAG(s) dict_keys(['example_trigger_controller_dag']) retrieved from /opt/homebrew/lib/python3.11/site-packages/airflow/example_dags/example_trigger_controller_dag.py
[2023-09-14T10:34:52.072+0800] {logging_mixin.py:151} INFO - [2023-09-14T10:34:52.072+0800] {dag.py:2915} INFO - Sync 1 DAGs
[2023-09-14T10:34:52.081+0800] {logging_mixin.py:151} INFO - [2023-09-14T10:34:52.081+0800] {dag.py:3696} INFO - Setting next_dagrun for example_trigger_controller_dag to 2021-01-01T00:00:00+00:00, run_after=2021-01-01T00:00:00+00:00
[2023-09-14T10:34:52.091+0800] {processor.py:179} INFO - Processing /opt/homebrew/lib/python3.11/site-packages/airflow/example_dags/example_trigger_controller_dag.py took 0.127 seconds
[2023-09-14T10:35:46.375+0800] {processor.py:157} INFO - Started process (PID=67527) to work on /opt/homebrew/lib/python3.11/site-packages/airflow/example_dags/example_trigger_controller_dag.py
[2023-09-14T10:35:46.375+0800] {processor.py:829} INFO - Processing file /opt/homebrew/lib/python3.11/site-packages/airflow/example_dags/example_trigger_controller_dag.py for tasks to queue
[2023-09-14T10:35:46.375+0800] {logging_mixin.py:151} INFO - [2023-09-14T10:35:46.375+0800] {dagbag.py:539} INFO - Filling up the DagBag from /opt/homebrew/lib/python3.11/site-packages/airflow/example_dags/example_trigger_controller_dag.py
[2023-09-14T10:35:46.391+0800] {processor.py:839} INFO - DAG(s) dict_keys(['example_trigger_controller_dag']) retrieved from /opt/homebrew/lib/python3.11/site-packages/airflow/example_dags/example_trigger_controller_dag.py
[2023-09-14T10:35:46.484+0800] {logging_mixin.py:151} INFO - [2023-09-14T10:35:46.483+0800] {dag.py:2915} INFO - Sync 1 DAGs
[2023-09-14T10:35:46.492+0800] {logging_mixin.py:151} INFO - [2023-09-14T10:35:46.492+0800] {dag.py:3696} INFO - Setting next_dagrun for example_trigger_controller_dag to 2021-01-01T00:00:00+00:00, run_after=2021-01-01T00:00:00+00:00
[2023-09-14T10:35:46.502+0800] {processor.py:179} INFO - Processing /opt/homebrew/lib/python3.11/site-packages/airflow/example_dags/example_trigger_controller_dag.py took 0.128 seconds
[2023-09-14T10:37:26.322+0800] {processor.py:157} INFO - Started process (PID=67709) to work on /opt/homebrew/lib/python3.11/site-packages/airflow/example_dags/example_trigger_controller_dag.py
[2023-09-14T10:37:26.323+0800] {processor.py:829} INFO - Processing file /opt/homebrew/lib/python3.11/site-packages/airflow/example_dags/example_trigger_controller_dag.py for tasks to queue
[2023-09-14T10:37:26.323+0800] {logging_mixin.py:151} INFO - [2023-09-14T10:37:26.323+0800] {dagbag.py:539} INFO - Filling up the DagBag from /opt/homebrew/lib/python3.11/site-packages/airflow/example_dags/example_trigger_controller_dag.py
[2023-09-14T10:37:26.340+0800] {processor.py:839} INFO - DAG(s) dict_keys(['example_trigger_controller_dag']) retrieved from /opt/homebrew/lib/python3.11/site-packages/airflow/example_dags/example_trigger_controller_dag.py
[2023-09-14T10:37:26.434+0800] {logging_mixin.py:151} INFO - [2023-09-14T10:37:26.434+0800] {dag.py:2915} INFO - Sync 1 DAGs
[2023-09-14T10:37:26.442+0800] {logging_mixin.py:151} INFO - [2023-09-14T10:37:26.442+0800] {dag.py:3696} INFO - Setting next_dagrun for example_trigger_controller_dag to 2021-01-01T00:00:00+00:00, run_after=2021-01-01T00:00:00+00:00
[2023-09-14T10:37:26.452+0800] {processor.py:179} INFO - Processing /opt/homebrew/lib/python3.11/site-packages/airflow/example_dags/example_trigger_controller_dag.py took 0.130 seconds
[2023-09-14T10:38:16.692+0800] {processor.py:157} INFO - Started process (PID=67805) to work on /opt/homebrew/lib/python3.11/site-packages/airflow/example_dags/example_trigger_controller_dag.py
[2023-09-14T10:38:16.694+0800] {processor.py:829} INFO - Processing file /opt/homebrew/lib/python3.11/site-packages/airflow/example_dags/example_trigger_controller_dag.py for tasks to queue
[2023-09-14T10:38:16.694+0800] {logging_mixin.py:151} INFO - [2023-09-14T10:38:16.694+0800] {dagbag.py:539} INFO - Filling up the DagBag from /opt/homebrew/lib/python3.11/site-packages/airflow/example_dags/example_trigger_controller_dag.py
[2023-09-14T10:38:16.710+0800] {processor.py:839} INFO - DAG(s) dict_keys(['example_trigger_controller_dag']) retrieved from /opt/homebrew/lib/python3.11/site-packages/airflow/example_dags/example_trigger_controller_dag.py
[2023-09-14T10:38:16.802+0800] {logging_mixin.py:151} INFO - [2023-09-14T10:38:16.802+0800] {dag.py:2915} INFO - Sync 1 DAGs
[2023-09-14T10:38:16.811+0800] {logging_mixin.py:151} INFO - [2023-09-14T10:38:16.811+0800] {dag.py:3696} INFO - Setting next_dagrun for example_trigger_controller_dag to 2021-01-01T00:00:00+00:00, run_after=2021-01-01T00:00:00+00:00
[2023-09-14T10:38:16.820+0800] {processor.py:179} INFO - Processing /opt/homebrew/lib/python3.11/site-packages/airflow/example_dags/example_trigger_controller_dag.py took 0.128 seconds
[2023-09-14T10:39:09.623+0800] {processor.py:157} INFO - Started process (PID=67897) to work on /opt/homebrew/lib/python3.11/site-packages/airflow/example_dags/example_trigger_controller_dag.py
[2023-09-14T10:39:09.624+0800] {processor.py:829} INFO - Processing file /opt/homebrew/lib/python3.11/site-packages/airflow/example_dags/example_trigger_controller_dag.py for tasks to queue
[2023-09-14T10:39:09.624+0800] {logging_mixin.py:151} INFO - [2023-09-14T10:39:09.624+0800] {dagbag.py:539} INFO - Filling up the DagBag from /opt/homebrew/lib/python3.11/site-packages/airflow/example_dags/example_trigger_controller_dag.py
[2023-09-14T10:39:09.640+0800] {processor.py:839} INFO - DAG(s) dict_keys(['example_trigger_controller_dag']) retrieved from /opt/homebrew/lib/python3.11/site-packages/airflow/example_dags/example_trigger_controller_dag.py
[2023-09-14T10:39:09.733+0800] {logging_mixin.py:151} INFO - [2023-09-14T10:39:09.733+0800] {dag.py:2915} INFO - Sync 1 DAGs
[2023-09-14T10:39:09.741+0800] {logging_mixin.py:151} INFO - [2023-09-14T10:39:09.741+0800] {dag.py:3696} INFO - Setting next_dagrun for example_trigger_controller_dag to 2021-01-01T00:00:00+00:00, run_after=2021-01-01T00:00:00+00:00
[2023-09-14T10:39:09.751+0800] {processor.py:179} INFO - Processing /opt/homebrew/lib/python3.11/site-packages/airflow/example_dags/example_trigger_controller_dag.py took 0.128 seconds
[2023-09-14T10:40:02.745+0800] {processor.py:157} INFO - Started process (PID=67998) to work on /opt/homebrew/lib/python3.11/site-packages/airflow/example_dags/example_trigger_controller_dag.py
[2023-09-14T10:40:02.746+0800] {processor.py:829} INFO - Processing file /opt/homebrew/lib/python3.11/site-packages/airflow/example_dags/example_trigger_controller_dag.py for tasks to queue
[2023-09-14T10:40:02.746+0800] {logging_mixin.py:151} INFO - [2023-09-14T10:40:02.746+0800] {dagbag.py:539} INFO - Filling up the DagBag from /opt/homebrew/lib/python3.11/site-packages/airflow/example_dags/example_trigger_controller_dag.py
[2023-09-14T10:40:02.763+0800] {processor.py:839} INFO - DAG(s) dict_keys(['example_trigger_controller_dag']) retrieved from /opt/homebrew/lib/python3.11/site-packages/airflow/example_dags/example_trigger_controller_dag.py
[2023-09-14T10:40:02.855+0800] {logging_mixin.py:151} INFO - [2023-09-14T10:40:02.855+0800] {dag.py:2915} INFO - Sync 1 DAGs
[2023-09-14T10:40:02.863+0800] {logging_mixin.py:151} INFO - [2023-09-14T10:40:02.863+0800] {dag.py:3696} INFO - Setting next_dagrun for example_trigger_controller_dag to 2021-01-01T00:00:00+00:00, run_after=2021-01-01T00:00:00+00:00
[2023-09-14T10:40:02.873+0800] {processor.py:179} INFO - Processing /opt/homebrew/lib/python3.11/site-packages/airflow/example_dags/example_trigger_controller_dag.py took 0.128 seconds
[2023-09-14T10:40:55.594+0800] {processor.py:157} INFO - Started process (PID=68090) to work on /opt/homebrew/lib/python3.11/site-packages/airflow/example_dags/example_trigger_controller_dag.py
[2023-09-14T10:40:55.595+0800] {processor.py:829} INFO - Processing file /opt/homebrew/lib/python3.11/site-packages/airflow/example_dags/example_trigger_controller_dag.py for tasks to queue
[2023-09-14T10:40:55.595+0800] {logging_mixin.py:151} INFO - [2023-09-14T10:40:55.595+0800] {dagbag.py:539} INFO - Filling up the DagBag from /opt/homebrew/lib/python3.11/site-packages/airflow/example_dags/example_trigger_controller_dag.py
[2023-09-14T10:40:55.612+0800] {processor.py:839} INFO - DAG(s) dict_keys(['example_trigger_controller_dag']) retrieved from /opt/homebrew/lib/python3.11/site-packages/airflow/example_dags/example_trigger_controller_dag.py
[2023-09-14T10:40:55.704+0800] {logging_mixin.py:151} INFO - [2023-09-14T10:40:55.704+0800] {dag.py:2915} INFO - Sync 1 DAGs
[2023-09-14T10:40:55.712+0800] {logging_mixin.py:151} INFO - [2023-09-14T10:40:55.712+0800] {dag.py:3696} INFO - Setting next_dagrun for example_trigger_controller_dag to 2021-01-01T00:00:00+00:00, run_after=2021-01-01T00:00:00+00:00
[2023-09-14T10:40:55.722+0800] {processor.py:179} INFO - Processing /opt/homebrew/lib/python3.11/site-packages/airflow/example_dags/example_trigger_controller_dag.py took 0.128 seconds
[2023-09-14T10:41:51.379+0800] {processor.py:157} INFO - Started process (PID=68187) to work on /opt/homebrew/lib/python3.11/site-packages/airflow/example_dags/example_trigger_controller_dag.py
[2023-09-14T10:41:51.380+0800] {processor.py:829} INFO - Processing file /opt/homebrew/lib/python3.11/site-packages/airflow/example_dags/example_trigger_controller_dag.py for tasks to queue
[2023-09-14T10:41:51.380+0800] {logging_mixin.py:151} INFO - [2023-09-14T10:41:51.380+0800] {dagbag.py:539} INFO - Filling up the DagBag from /opt/homebrew/lib/python3.11/site-packages/airflow/example_dags/example_trigger_controller_dag.py
[2023-09-14T10:41:51.397+0800] {processor.py:839} INFO - DAG(s) dict_keys(['example_trigger_controller_dag']) retrieved from /opt/homebrew/lib/python3.11/site-packages/airflow/example_dags/example_trigger_controller_dag.py
[2023-09-14T10:41:51.491+0800] {logging_mixin.py:151} INFO - [2023-09-14T10:41:51.491+0800] {dag.py:2915} INFO - Sync 1 DAGs
[2023-09-14T10:41:51.500+0800] {logging_mixin.py:151} INFO - [2023-09-14T10:41:51.500+0800] {dag.py:3696} INFO - Setting next_dagrun for example_trigger_controller_dag to 2021-01-01T00:00:00+00:00, run_after=2021-01-01T00:00:00+00:00
[2023-09-14T10:41:51.510+0800] {processor.py:179} INFO - Processing /opt/homebrew/lib/python3.11/site-packages/airflow/example_dags/example_trigger_controller_dag.py took 0.131 seconds
[2023-09-14T10:42:45.361+0800] {processor.py:157} INFO - Started process (PID=68286) to work on /opt/homebrew/lib/python3.11/site-packages/airflow/example_dags/example_trigger_controller_dag.py
[2023-09-14T10:42:45.362+0800] {processor.py:829} INFO - Processing file /opt/homebrew/lib/python3.11/site-packages/airflow/example_dags/example_trigger_controller_dag.py for tasks to queue
[2023-09-14T10:42:45.362+0800] {logging_mixin.py:151} INFO - [2023-09-14T10:42:45.362+0800] {dagbag.py:539} INFO - Filling up the DagBag from /opt/homebrew/lib/python3.11/site-packages/airflow/example_dags/example_trigger_controller_dag.py
[2023-09-14T10:42:45.378+0800] {processor.py:839} INFO - DAG(s) dict_keys(['example_trigger_controller_dag']) retrieved from /opt/homebrew/lib/python3.11/site-packages/airflow/example_dags/example_trigger_controller_dag.py
[2023-09-14T10:42:45.471+0800] {logging_mixin.py:151} INFO - [2023-09-14T10:42:45.471+0800] {dag.py:2915} INFO - Sync 1 DAGs
[2023-09-14T10:42:45.479+0800] {logging_mixin.py:151} INFO - [2023-09-14T10:42:45.479+0800] {dag.py:3696} INFO - Setting next_dagrun for example_trigger_controller_dag to 2021-01-01T00:00:00+00:00, run_after=2021-01-01T00:00:00+00:00
[2023-09-14T10:42:45.489+0800] {processor.py:179} INFO - Processing /opt/homebrew/lib/python3.11/site-packages/airflow/example_dags/example_trigger_controller_dag.py took 0.129 seconds
[2023-09-14T10:44:29.528+0800] {processor.py:157} INFO - Started process (PID=68471) to work on /opt/homebrew/lib/python3.11/site-packages/airflow/example_dags/example_trigger_controller_dag.py
[2023-09-14T10:44:29.528+0800] {processor.py:829} INFO - Processing file /opt/homebrew/lib/python3.11/site-packages/airflow/example_dags/example_trigger_controller_dag.py for tasks to queue
[2023-09-14T10:44:29.529+0800] {logging_mixin.py:151} INFO - [2023-09-14T10:44:29.529+0800] {dagbag.py:539} INFO - Filling up the DagBag from /opt/homebrew/lib/python3.11/site-packages/airflow/example_dags/example_trigger_controller_dag.py
[2023-09-14T10:44:29.545+0800] {processor.py:839} INFO - DAG(s) dict_keys(['example_trigger_controller_dag']) retrieved from /opt/homebrew/lib/python3.11/site-packages/airflow/example_dags/example_trigger_controller_dag.py
[2023-09-14T10:44:29.637+0800] {logging_mixin.py:151} INFO - [2023-09-14T10:44:29.637+0800] {dag.py:2915} INFO - Sync 1 DAGs
[2023-09-14T10:44:29.646+0800] {logging_mixin.py:151} INFO - [2023-09-14T10:44:29.646+0800] {dag.py:3696} INFO - Setting next_dagrun for example_trigger_controller_dag to 2021-01-01T00:00:00+00:00, run_after=2021-01-01T00:00:00+00:00
[2023-09-14T10:44:29.656+0800] {processor.py:179} INFO - Processing /opt/homebrew/lib/python3.11/site-packages/airflow/example_dags/example_trigger_controller_dag.py took 0.128 seconds
[2023-09-14T10:46:11.703+0800] {processor.py:157} INFO - Started process (PID=68663) to work on /opt/homebrew/lib/python3.11/site-packages/airflow/example_dags/example_trigger_controller_dag.py
[2023-09-14T10:46:11.704+0800] {processor.py:829} INFO - Processing file /opt/homebrew/lib/python3.11/site-packages/airflow/example_dags/example_trigger_controller_dag.py for tasks to queue
[2023-09-14T10:46:11.704+0800] {logging_mixin.py:151} INFO - [2023-09-14T10:46:11.704+0800] {dagbag.py:539} INFO - Filling up the DagBag from /opt/homebrew/lib/python3.11/site-packages/airflow/example_dags/example_trigger_controller_dag.py
[2023-09-14T10:46:11.720+0800] {processor.py:839} INFO - DAG(s) dict_keys(['example_trigger_controller_dag']) retrieved from /opt/homebrew/lib/python3.11/site-packages/airflow/example_dags/example_trigger_controller_dag.py
[2023-09-14T10:46:11.812+0800] {logging_mixin.py:151} INFO - [2023-09-14T10:46:11.812+0800] {dag.py:2915} INFO - Sync 1 DAGs
[2023-09-14T10:46:11.821+0800] {logging_mixin.py:151} INFO - [2023-09-14T10:46:11.821+0800] {dag.py:3696} INFO - Setting next_dagrun for example_trigger_controller_dag to 2021-01-01T00:00:00+00:00, run_after=2021-01-01T00:00:00+00:00
[2023-09-14T10:46:11.831+0800] {processor.py:179} INFO - Processing /opt/homebrew/lib/python3.11/site-packages/airflow/example_dags/example_trigger_controller_dag.py took 0.128 seconds
[2023-09-14T10:47:04.535+0800] {processor.py:157} INFO - Started process (PID=68754) to work on /opt/homebrew/lib/python3.11/site-packages/airflow/example_dags/example_trigger_controller_dag.py
[2023-09-14T10:47:04.536+0800] {processor.py:829} INFO - Processing file /opt/homebrew/lib/python3.11/site-packages/airflow/example_dags/example_trigger_controller_dag.py for tasks to queue
[2023-09-14T10:47:04.537+0800] {logging_mixin.py:151} INFO - [2023-09-14T10:47:04.537+0800] {dagbag.py:539} INFO - Filling up the DagBag from /opt/homebrew/lib/python3.11/site-packages/airflow/example_dags/example_trigger_controller_dag.py
[2023-09-14T10:47:04.553+0800] {processor.py:839} INFO - DAG(s) dict_keys(['example_trigger_controller_dag']) retrieved from /opt/homebrew/lib/python3.11/site-packages/airflow/example_dags/example_trigger_controller_dag.py
[2023-09-14T10:47:04.646+0800] {logging_mixin.py:151} INFO - [2023-09-14T10:47:04.645+0800] {dag.py:2915} INFO - Sync 1 DAGs
[2023-09-14T10:47:04.654+0800] {logging_mixin.py:151} INFO - [2023-09-14T10:47:04.654+0800] {dag.py:3696} INFO - Setting next_dagrun for example_trigger_controller_dag to 2021-01-01T00:00:00+00:00, run_after=2021-01-01T00:00:00+00:00
[2023-09-14T10:47:04.664+0800] {processor.py:179} INFO - Processing /opt/homebrew/lib/python3.11/site-packages/airflow/example_dags/example_trigger_controller_dag.py took 0.129 seconds
[2023-09-14T10:48:47.707+0800] {processor.py:157} INFO - Started process (PID=68941) to work on /opt/homebrew/lib/python3.11/site-packages/airflow/example_dags/example_trigger_controller_dag.py
[2023-09-14T10:48:47.708+0800] {processor.py:829} INFO - Processing file /opt/homebrew/lib/python3.11/site-packages/airflow/example_dags/example_trigger_controller_dag.py for tasks to queue
[2023-09-14T10:48:47.708+0800] {logging_mixin.py:151} INFO - [2023-09-14T10:48:47.708+0800] {dagbag.py:539} INFO - Filling up the DagBag from /opt/homebrew/lib/python3.11/site-packages/airflow/example_dags/example_trigger_controller_dag.py
[2023-09-14T10:48:47.724+0800] {processor.py:839} INFO - DAG(s) dict_keys(['example_trigger_controller_dag']) retrieved from /opt/homebrew/lib/python3.11/site-packages/airflow/example_dags/example_trigger_controller_dag.py
[2023-09-14T10:48:47.818+0800] {logging_mixin.py:151} INFO - [2023-09-14T10:48:47.818+0800] {dag.py:2915} INFO - Sync 1 DAGs
[2023-09-14T10:48:47.827+0800] {logging_mixin.py:151} INFO - [2023-09-14T10:48:47.827+0800] {dag.py:3696} INFO - Setting next_dagrun for example_trigger_controller_dag to 2021-01-01T00:00:00+00:00, run_after=2021-01-01T00:00:00+00:00
[2023-09-14T10:48:47.837+0800] {processor.py:179} INFO - Processing /opt/homebrew/lib/python3.11/site-packages/airflow/example_dags/example_trigger_controller_dag.py took 0.130 seconds
[2023-09-14T10:49:42.197+0800] {processor.py:157} INFO - Started process (PID=69036) to work on /opt/homebrew/lib/python3.11/site-packages/airflow/example_dags/example_trigger_controller_dag.py
[2023-09-14T10:49:42.198+0800] {processor.py:829} INFO - Processing file /opt/homebrew/lib/python3.11/site-packages/airflow/example_dags/example_trigger_controller_dag.py for tasks to queue
[2023-09-14T10:49:42.198+0800] {logging_mixin.py:151} INFO - [2023-09-14T10:49:42.198+0800] {dagbag.py:539} INFO - Filling up the DagBag from /opt/homebrew/lib/python3.11/site-packages/airflow/example_dags/example_trigger_controller_dag.py
[2023-09-14T10:49:42.214+0800] {processor.py:839} INFO - DAG(s) dict_keys(['example_trigger_controller_dag']) retrieved from /opt/homebrew/lib/python3.11/site-packages/airflow/example_dags/example_trigger_controller_dag.py
[2023-09-14T10:49:42.306+0800] {logging_mixin.py:151} INFO - [2023-09-14T10:49:42.306+0800] {dag.py:2915} INFO - Sync 1 DAGs
[2023-09-14T10:49:42.315+0800] {logging_mixin.py:151} INFO - [2023-09-14T10:49:42.315+0800] {dag.py:3696} INFO - Setting next_dagrun for example_trigger_controller_dag to 2021-01-01T00:00:00+00:00, run_after=2021-01-01T00:00:00+00:00
[2023-09-14T10:49:42.324+0800] {processor.py:179} INFO - Processing /opt/homebrew/lib/python3.11/site-packages/airflow/example_dags/example_trigger_controller_dag.py took 0.128 seconds
[2023-09-14T10:50:37.600+0800] {processor.py:157} INFO - Started process (PID=69139) to work on /opt/homebrew/lib/python3.11/site-packages/airflow/example_dags/example_trigger_controller_dag.py
[2023-09-14T10:50:37.600+0800] {processor.py:829} INFO - Processing file /opt/homebrew/lib/python3.11/site-packages/airflow/example_dags/example_trigger_controller_dag.py for tasks to queue
[2023-09-14T10:50:37.600+0800] {logging_mixin.py:151} INFO - [2023-09-14T10:50:37.600+0800] {dagbag.py:539} INFO - Filling up the DagBag from /opt/homebrew/lib/python3.11/site-packages/airflow/example_dags/example_trigger_controller_dag.py
[2023-09-14T10:50:37.616+0800] {processor.py:839} INFO - DAG(s) dict_keys(['example_trigger_controller_dag']) retrieved from /opt/homebrew/lib/python3.11/site-packages/airflow/example_dags/example_trigger_controller_dag.py
[2023-09-14T10:50:37.709+0800] {logging_mixin.py:151} INFO - [2023-09-14T10:50:37.709+0800] {dag.py:2915} INFO - Sync 1 DAGs
[2023-09-14T10:50:37.717+0800] {logging_mixin.py:151} INFO - [2023-09-14T10:50:37.717+0800] {dag.py:3696} INFO - Setting next_dagrun for example_trigger_controller_dag to 2021-01-01T00:00:00+00:00, run_after=2021-01-01T00:00:00+00:00
[2023-09-14T10:50:37.727+0800] {processor.py:179} INFO - Processing /opt/homebrew/lib/python3.11/site-packages/airflow/example_dags/example_trigger_controller_dag.py took 0.128 seconds
[2023-09-14T10:51:29.889+0800] {processor.py:157} INFO - Started process (PID=69233) to work on /opt/homebrew/lib/python3.11/site-packages/airflow/example_dags/example_trigger_controller_dag.py
[2023-09-14T10:51:29.890+0800] {processor.py:829} INFO - Processing file /opt/homebrew/lib/python3.11/site-packages/airflow/example_dags/example_trigger_controller_dag.py for tasks to queue
[2023-09-14T10:51:29.890+0800] {logging_mixin.py:151} INFO - [2023-09-14T10:51:29.890+0800] {dagbag.py:539} INFO - Filling up the DagBag from /opt/homebrew/lib/python3.11/site-packages/airflow/example_dags/example_trigger_controller_dag.py
[2023-09-14T10:51:29.906+0800] {processor.py:839} INFO - DAG(s) dict_keys(['example_trigger_controller_dag']) retrieved from /opt/homebrew/lib/python3.11/site-packages/airflow/example_dags/example_trigger_controller_dag.py
[2023-09-14T10:51:29.998+0800] {logging_mixin.py:151} INFO - [2023-09-14T10:51:29.998+0800] {dag.py:2915} INFO - Sync 1 DAGs
[2023-09-14T10:51:30.007+0800] {logging_mixin.py:151} INFO - [2023-09-14T10:51:30.007+0800] {dag.py:3696} INFO - Setting next_dagrun for example_trigger_controller_dag to 2021-01-01T00:00:00+00:00, run_after=2021-01-01T00:00:00+00:00
[2023-09-14T10:51:30.017+0800] {processor.py:179} INFO - Processing /opt/homebrew/lib/python3.11/site-packages/airflow/example_dags/example_trigger_controller_dag.py took 0.128 seconds
[2023-09-14T10:52:24.144+0800] {processor.py:157} INFO - Started process (PID=69326) to work on /opt/homebrew/lib/python3.11/site-packages/airflow/example_dags/example_trigger_controller_dag.py
[2023-09-14T10:52:24.145+0800] {processor.py:829} INFO - Processing file /opt/homebrew/lib/python3.11/site-packages/airflow/example_dags/example_trigger_controller_dag.py for tasks to queue
[2023-09-14T10:52:24.145+0800] {logging_mixin.py:151} INFO - [2023-09-14T10:52:24.145+0800] {dagbag.py:539} INFO - Filling up the DagBag from /opt/homebrew/lib/python3.11/site-packages/airflow/example_dags/example_trigger_controller_dag.py
[2023-09-14T10:52:24.161+0800] {processor.py:839} INFO - DAG(s) dict_keys(['example_trigger_controller_dag']) retrieved from /opt/homebrew/lib/python3.11/site-packages/airflow/example_dags/example_trigger_controller_dag.py
[2023-09-14T10:52:24.254+0800] {logging_mixin.py:151} INFO - [2023-09-14T10:52:24.254+0800] {dag.py:2915} INFO - Sync 1 DAGs
[2023-09-14T10:52:24.262+0800] {logging_mixin.py:151} INFO - [2023-09-14T10:52:24.262+0800] {dag.py:3696} INFO - Setting next_dagrun for example_trigger_controller_dag to 2021-01-01T00:00:00+00:00, run_after=2021-01-01T00:00:00+00:00
[2023-09-14T10:52:24.272+0800] {processor.py:179} INFO - Processing /opt/homebrew/lib/python3.11/site-packages/airflow/example_dags/example_trigger_controller_dag.py took 0.128 seconds
[2023-09-14T10:53:19.336+0800] {processor.py:157} INFO - Started process (PID=69429) to work on /opt/homebrew/lib/python3.11/site-packages/airflow/example_dags/example_trigger_controller_dag.py
[2023-09-14T10:53:19.337+0800] {processor.py:829} INFO - Processing file /opt/homebrew/lib/python3.11/site-packages/airflow/example_dags/example_trigger_controller_dag.py for tasks to queue
[2023-09-14T10:53:19.337+0800] {logging_mixin.py:151} INFO - [2023-09-14T10:53:19.337+0800] {dagbag.py:539} INFO - Filling up the DagBag from /opt/homebrew/lib/python3.11/site-packages/airflow/example_dags/example_trigger_controller_dag.py
[2023-09-14T10:53:19.354+0800] {processor.py:839} INFO - DAG(s) dict_keys(['example_trigger_controller_dag']) retrieved from /opt/homebrew/lib/python3.11/site-packages/airflow/example_dags/example_trigger_controller_dag.py
[2023-09-14T10:53:19.447+0800] {logging_mixin.py:151} INFO - [2023-09-14T10:53:19.447+0800] {dag.py:2915} INFO - Sync 1 DAGs
[2023-09-14T10:53:19.456+0800] {logging_mixin.py:151} INFO - [2023-09-14T10:53:19.455+0800] {dag.py:3696} INFO - Setting next_dagrun for example_trigger_controller_dag to 2021-01-01T00:00:00+00:00, run_after=2021-01-01T00:00:00+00:00
[2023-09-14T10:53:19.465+0800] {processor.py:179} INFO - Processing /opt/homebrew/lib/python3.11/site-packages/airflow/example_dags/example_trigger_controller_dag.py took 0.130 seconds
[2023-09-14T10:54:14.516+0800] {processor.py:157} INFO - Started process (PID=69541) to work on /opt/homebrew/lib/python3.11/site-packages/airflow/example_dags/example_trigger_controller_dag.py
[2023-09-14T10:54:14.518+0800] {processor.py:829} INFO - Processing file /opt/homebrew/lib/python3.11/site-packages/airflow/example_dags/example_trigger_controller_dag.py for tasks to queue
[2023-09-14T10:54:14.518+0800] {logging_mixin.py:151} INFO - [2023-09-14T10:54:14.518+0800] {dagbag.py:539} INFO - Filling up the DagBag from /opt/homebrew/lib/python3.11/site-packages/airflow/example_dags/example_trigger_controller_dag.py
[2023-09-14T10:54:14.534+0800] {processor.py:839} INFO - DAG(s) dict_keys(['example_trigger_controller_dag']) retrieved from /opt/homebrew/lib/python3.11/site-packages/airflow/example_dags/example_trigger_controller_dag.py
[2023-09-14T10:54:14.626+0800] {logging_mixin.py:151} INFO - [2023-09-14T10:54:14.626+0800] {dag.py:2915} INFO - Sync 1 DAGs
[2023-09-14T10:54:14.635+0800] {logging_mixin.py:151} INFO - [2023-09-14T10:54:14.635+0800] {dag.py:3696} INFO - Setting next_dagrun for example_trigger_controller_dag to 2021-01-01T00:00:00+00:00, run_after=2021-01-01T00:00:00+00:00
[2023-09-14T10:54:14.644+0800] {processor.py:179} INFO - Processing /opt/homebrew/lib/python3.11/site-packages/airflow/example_dags/example_trigger_controller_dag.py took 0.129 seconds
[2023-09-14T10:55:08.797+0800] {processor.py:157} INFO - Started process (PID=69644) to work on /opt/homebrew/lib/python3.11/site-packages/airflow/example_dags/example_trigger_controller_dag.py
[2023-09-14T10:55:08.798+0800] {processor.py:829} INFO - Processing file /opt/homebrew/lib/python3.11/site-packages/airflow/example_dags/example_trigger_controller_dag.py for tasks to queue
[2023-09-14T10:55:08.798+0800] {logging_mixin.py:151} INFO - [2023-09-14T10:55:08.798+0800] {dagbag.py:539} INFO - Filling up the DagBag from /opt/homebrew/lib/python3.11/site-packages/airflow/example_dags/example_trigger_controller_dag.py
[2023-09-14T10:55:08.814+0800] {processor.py:839} INFO - DAG(s) dict_keys(['example_trigger_controller_dag']) retrieved from /opt/homebrew/lib/python3.11/site-packages/airflow/example_dags/example_trigger_controller_dag.py
[2023-09-14T10:55:08.906+0800] {logging_mixin.py:151} INFO - [2023-09-14T10:55:08.906+0800] {dag.py:2915} INFO - Sync 1 DAGs
[2023-09-14T10:55:08.915+0800] {logging_mixin.py:151} INFO - [2023-09-14T10:55:08.915+0800] {dag.py:3696} INFO - Setting next_dagrun for example_trigger_controller_dag to 2021-01-01T00:00:00+00:00, run_after=2021-01-01T00:00:00+00:00
[2023-09-14T10:55:08.928+0800] {processor.py:179} INFO - Processing /opt/homebrew/lib/python3.11/site-packages/airflow/example_dags/example_trigger_controller_dag.py took 0.132 seconds
[2023-09-14T10:56:51.938+0800] {processor.py:157} INFO - Started process (PID=69828) to work on /opt/homebrew/lib/python3.11/site-packages/airflow/example_dags/example_trigger_controller_dag.py
[2023-09-14T10:56:51.938+0800] {processor.py:829} INFO - Processing file /opt/homebrew/lib/python3.11/site-packages/airflow/example_dags/example_trigger_controller_dag.py for tasks to queue
[2023-09-14T10:56:51.939+0800] {logging_mixin.py:151} INFO - [2023-09-14T10:56:51.939+0800] {dagbag.py:539} INFO - Filling up the DagBag from /opt/homebrew/lib/python3.11/site-packages/airflow/example_dags/example_trigger_controller_dag.py
[2023-09-14T10:56:51.955+0800] {processor.py:839} INFO - DAG(s) dict_keys(['example_trigger_controller_dag']) retrieved from /opt/homebrew/lib/python3.11/site-packages/airflow/example_dags/example_trigger_controller_dag.py
[2023-09-14T10:56:52.048+0800] {logging_mixin.py:151} INFO - [2023-09-14T10:56:52.048+0800] {dag.py:2915} INFO - Sync 1 DAGs
[2023-09-14T10:56:52.056+0800] {logging_mixin.py:151} INFO - [2023-09-14T10:56:52.056+0800] {dag.py:3696} INFO - Setting next_dagrun for example_trigger_controller_dag to 2021-01-01T00:00:00+00:00, run_after=2021-01-01T00:00:00+00:00
[2023-09-14T10:56:52.066+0800] {processor.py:179} INFO - Processing /opt/homebrew/lib/python3.11/site-packages/airflow/example_dags/example_trigger_controller_dag.py took 0.128 seconds
[2023-09-14T10:58:30.821+0800] {processor.py:157} INFO - Started process (PID=70008) to work on /opt/homebrew/lib/python3.11/site-packages/airflow/example_dags/example_trigger_controller_dag.py
[2023-09-14T10:58:30.821+0800] {processor.py:829} INFO - Processing file /opt/homebrew/lib/python3.11/site-packages/airflow/example_dags/example_trigger_controller_dag.py for tasks to queue
[2023-09-14T10:58:30.822+0800] {logging_mixin.py:151} INFO - [2023-09-14T10:58:30.821+0800] {dagbag.py:539} INFO - Filling up the DagBag from /opt/homebrew/lib/python3.11/site-packages/airflow/example_dags/example_trigger_controller_dag.py
[2023-09-14T10:58:30.838+0800] {processor.py:839} INFO - DAG(s) dict_keys(['example_trigger_controller_dag']) retrieved from /opt/homebrew/lib/python3.11/site-packages/airflow/example_dags/example_trigger_controller_dag.py
[2023-09-14T10:58:30.931+0800] {logging_mixin.py:151} INFO - [2023-09-14T10:58:30.931+0800] {dag.py:2915} INFO - Sync 1 DAGs
[2023-09-14T10:58:30.939+0800] {logging_mixin.py:151} INFO - [2023-09-14T10:58:30.939+0800] {dag.py:3696} INFO - Setting next_dagrun for example_trigger_controller_dag to 2021-01-01T00:00:00+00:00, run_after=2021-01-01T00:00:00+00:00
[2023-09-14T10:58:30.949+0800] {processor.py:179} INFO - Processing /opt/homebrew/lib/python3.11/site-packages/airflow/example_dags/example_trigger_controller_dag.py took 0.129 seconds
[2023-09-14T11:00:12.580+0800] {processor.py:157} INFO - Started process (PID=70199) to work on /opt/homebrew/lib/python3.11/site-packages/airflow/example_dags/example_trigger_controller_dag.py
[2023-09-14T11:00:12.580+0800] {processor.py:829} INFO - Processing file /opt/homebrew/lib/python3.11/site-packages/airflow/example_dags/example_trigger_controller_dag.py for tasks to queue
[2023-09-14T11:00:12.581+0800] {logging_mixin.py:151} INFO - [2023-09-14T11:00:12.581+0800] {dagbag.py:539} INFO - Filling up the DagBag from /opt/homebrew/lib/python3.11/site-packages/airflow/example_dags/example_trigger_controller_dag.py
[2023-09-14T11:00:12.597+0800] {processor.py:839} INFO - DAG(s) dict_keys(['example_trigger_controller_dag']) retrieved from /opt/homebrew/lib/python3.11/site-packages/airflow/example_dags/example_trigger_controller_dag.py
[2023-09-14T11:00:12.689+0800] {logging_mixin.py:151} INFO - [2023-09-14T11:00:12.689+0800] {dag.py:2915} INFO - Sync 1 DAGs
[2023-09-14T11:00:12.697+0800] {logging_mixin.py:151} INFO - [2023-09-14T11:00:12.697+0800] {dag.py:3696} INFO - Setting next_dagrun for example_trigger_controller_dag to 2021-01-01T00:00:00+00:00, run_after=2021-01-01T00:00:00+00:00
[2023-09-14T11:00:12.707+0800] {processor.py:179} INFO - Processing /opt/homebrew/lib/python3.11/site-packages/airflow/example_dags/example_trigger_controller_dag.py took 0.128 seconds
[2023-09-14T11:01:06.221+0800] {processor.py:157} INFO - Started process (PID=70292) to work on /opt/homebrew/lib/python3.11/site-packages/airflow/example_dags/example_trigger_controller_dag.py
[2023-09-14T11:01:06.222+0800] {processor.py:829} INFO - Processing file /opt/homebrew/lib/python3.11/site-packages/airflow/example_dags/example_trigger_controller_dag.py for tasks to queue
[2023-09-14T11:01:06.222+0800] {logging_mixin.py:151} INFO - [2023-09-14T11:01:06.222+0800] {dagbag.py:539} INFO - Filling up the DagBag from /opt/homebrew/lib/python3.11/site-packages/airflow/example_dags/example_trigger_controller_dag.py
[2023-09-14T11:01:06.238+0800] {processor.py:839} INFO - DAG(s) dict_keys(['example_trigger_controller_dag']) retrieved from /opt/homebrew/lib/python3.11/site-packages/airflow/example_dags/example_trigger_controller_dag.py
[2023-09-14T11:01:06.330+0800] {logging_mixin.py:151} INFO - [2023-09-14T11:01:06.330+0800] {dag.py:2915} INFO - Sync 1 DAGs
[2023-09-14T11:01:06.338+0800] {logging_mixin.py:151} INFO - [2023-09-14T11:01:06.338+0800] {dag.py:3696} INFO - Setting next_dagrun for example_trigger_controller_dag to 2021-01-01T00:00:00+00:00, run_after=2021-01-01T00:00:00+00:00
[2023-09-14T11:01:06.349+0800] {processor.py:179} INFO - Processing /opt/homebrew/lib/python3.11/site-packages/airflow/example_dags/example_trigger_controller_dag.py took 0.128 seconds
[2023-09-14T11:01:58.740+0800] {processor.py:157} INFO - Started process (PID=70385) to work on /opt/homebrew/lib/python3.11/site-packages/airflow/example_dags/example_trigger_controller_dag.py
[2023-09-14T11:01:58.740+0800] {processor.py:829} INFO - Processing file /opt/homebrew/lib/python3.11/site-packages/airflow/example_dags/example_trigger_controller_dag.py for tasks to queue
[2023-09-14T11:01:58.741+0800] {logging_mixin.py:151} INFO - [2023-09-14T11:01:58.741+0800] {dagbag.py:539} INFO - Filling up the DagBag from /opt/homebrew/lib/python3.11/site-packages/airflow/example_dags/example_trigger_controller_dag.py
[2023-09-14T11:01:58.757+0800] {processor.py:839} INFO - DAG(s) dict_keys(['example_trigger_controller_dag']) retrieved from /opt/homebrew/lib/python3.11/site-packages/airflow/example_dags/example_trigger_controller_dag.py
[2023-09-14T11:01:58.849+0800] {logging_mixin.py:151} INFO - [2023-09-14T11:01:58.849+0800] {dag.py:2915} INFO - Sync 1 DAGs
[2023-09-14T11:01:58.857+0800] {logging_mixin.py:151} INFO - [2023-09-14T11:01:58.857+0800] {dag.py:3696} INFO - Setting next_dagrun for example_trigger_controller_dag to 2021-01-01T00:00:00+00:00, run_after=2021-01-01T00:00:00+00:00
[2023-09-14T11:01:58.867+0800] {processor.py:179} INFO - Processing /opt/homebrew/lib/python3.11/site-packages/airflow/example_dags/example_trigger_controller_dag.py took 0.128 seconds
[2023-09-14T11:03:40.292+0800] {processor.py:157} INFO - Started process (PID=70568) to work on /opt/homebrew/lib/python3.11/site-packages/airflow/example_dags/example_trigger_controller_dag.py
[2023-09-14T11:03:40.292+0800] {processor.py:829} INFO - Processing file /opt/homebrew/lib/python3.11/site-packages/airflow/example_dags/example_trigger_controller_dag.py for tasks to queue
[2023-09-14T11:03:40.293+0800] {logging_mixin.py:151} INFO - [2023-09-14T11:03:40.293+0800] {dagbag.py:539} INFO - Filling up the DagBag from /opt/homebrew/lib/python3.11/site-packages/airflow/example_dags/example_trigger_controller_dag.py
[2023-09-14T11:03:40.309+0800] {processor.py:839} INFO - DAG(s) dict_keys(['example_trigger_controller_dag']) retrieved from /opt/homebrew/lib/python3.11/site-packages/airflow/example_dags/example_trigger_controller_dag.py
[2023-09-14T11:03:40.402+0800] {logging_mixin.py:151} INFO - [2023-09-14T11:03:40.402+0800] {dag.py:2915} INFO - Sync 1 DAGs
[2023-09-14T11:03:40.410+0800] {logging_mixin.py:151} INFO - [2023-09-14T11:03:40.410+0800] {dag.py:3696} INFO - Setting next_dagrun for example_trigger_controller_dag to 2021-01-01T00:00:00+00:00, run_after=2021-01-01T00:00:00+00:00
[2023-09-14T11:03:40.420+0800] {processor.py:179} INFO - Processing /opt/homebrew/lib/python3.11/site-packages/airflow/example_dags/example_trigger_controller_dag.py took 0.128 seconds
[2023-09-14T11:04:31.742+0800] {processor.py:157} INFO - Started process (PID=70665) to work on /opt/homebrew/lib/python3.11/site-packages/airflow/example_dags/example_trigger_controller_dag.py
[2023-09-14T11:04:31.742+0800] {processor.py:829} INFO - Processing file /opt/homebrew/lib/python3.11/site-packages/airflow/example_dags/example_trigger_controller_dag.py for tasks to queue
[2023-09-14T11:04:31.743+0800] {logging_mixin.py:151} INFO - [2023-09-14T11:04:31.743+0800] {dagbag.py:539} INFO - Filling up the DagBag from /opt/homebrew/lib/python3.11/site-packages/airflow/example_dags/example_trigger_controller_dag.py
[2023-09-14T11:04:31.759+0800] {processor.py:839} INFO - DAG(s) dict_keys(['example_trigger_controller_dag']) retrieved from /opt/homebrew/lib/python3.11/site-packages/airflow/example_dags/example_trigger_controller_dag.py
[2023-09-14T11:04:31.854+0800] {logging_mixin.py:151} INFO - [2023-09-14T11:04:31.854+0800] {dag.py:2915} INFO - Sync 1 DAGs
[2023-09-14T11:04:31.863+0800] {logging_mixin.py:151} INFO - [2023-09-14T11:04:31.863+0800] {dag.py:3696} INFO - Setting next_dagrun for example_trigger_controller_dag to 2021-01-01T00:00:00+00:00, run_after=2021-01-01T00:00:00+00:00
[2023-09-14T11:04:31.873+0800] {processor.py:179} INFO - Processing /opt/homebrew/lib/python3.11/site-packages/airflow/example_dags/example_trigger_controller_dag.py took 0.131 seconds
[2023-09-14T11:05:25.793+0800] {processor.py:157} INFO - Started process (PID=70779) to work on /opt/homebrew/lib/python3.11/site-packages/airflow/example_dags/example_trigger_controller_dag.py
[2023-09-14T11:05:25.794+0800] {processor.py:829} INFO - Processing file /opt/homebrew/lib/python3.11/site-packages/airflow/example_dags/example_trigger_controller_dag.py for tasks to queue
[2023-09-14T11:05:25.794+0800] {logging_mixin.py:151} INFO - [2023-09-14T11:05:25.794+0800] {dagbag.py:539} INFO - Filling up the DagBag from /opt/homebrew/lib/python3.11/site-packages/airflow/example_dags/example_trigger_controller_dag.py
[2023-09-14T11:05:25.810+0800] {processor.py:839} INFO - DAG(s) dict_keys(['example_trigger_controller_dag']) retrieved from /opt/homebrew/lib/python3.11/site-packages/airflow/example_dags/example_trigger_controller_dag.py
[2023-09-14T11:05:25.902+0800] {logging_mixin.py:151} INFO - [2023-09-14T11:05:25.902+0800] {dag.py:2915} INFO - Sync 1 DAGs
[2023-09-14T11:05:25.911+0800] {logging_mixin.py:151} INFO - [2023-09-14T11:05:25.911+0800] {dag.py:3696} INFO - Setting next_dagrun for example_trigger_controller_dag to 2021-01-01T00:00:00+00:00, run_after=2021-01-01T00:00:00+00:00
[2023-09-14T11:05:25.921+0800] {processor.py:179} INFO - Processing /opt/homebrew/lib/python3.11/site-packages/airflow/example_dags/example_trigger_controller_dag.py took 0.128 seconds
[2023-09-14T11:06:19.117+0800] {processor.py:157} INFO - Started process (PID=70874) to work on /opt/homebrew/lib/python3.11/site-packages/airflow/example_dags/example_trigger_controller_dag.py
[2023-09-14T11:06:19.117+0800] {processor.py:829} INFO - Processing file /opt/homebrew/lib/python3.11/site-packages/airflow/example_dags/example_trigger_controller_dag.py for tasks to queue
[2023-09-14T11:06:19.117+0800] {logging_mixin.py:151} INFO - [2023-09-14T11:06:19.117+0800] {dagbag.py:539} INFO - Filling up the DagBag from /opt/homebrew/lib/python3.11/site-packages/airflow/example_dags/example_trigger_controller_dag.py
[2023-09-14T11:06:19.133+0800] {processor.py:839} INFO - DAG(s) dict_keys(['example_trigger_controller_dag']) retrieved from /opt/homebrew/lib/python3.11/site-packages/airflow/example_dags/example_trigger_controller_dag.py
[2023-09-14T11:06:19.225+0800] {logging_mixin.py:151} INFO - [2023-09-14T11:06:19.225+0800] {dag.py:2915} INFO - Sync 1 DAGs
[2023-09-14T11:06:19.234+0800] {logging_mixin.py:151} INFO - [2023-09-14T11:06:19.234+0800] {dag.py:3696} INFO - Setting next_dagrun for example_trigger_controller_dag to 2021-01-01T00:00:00+00:00, run_after=2021-01-01T00:00:00+00:00
[2023-09-14T11:06:19.243+0800] {processor.py:179} INFO - Processing /opt/homebrew/lib/python3.11/site-packages/airflow/example_dags/example_trigger_controller_dag.py took 0.127 seconds
[2023-09-14T11:07:57.443+0800] {processor.py:157} INFO - Started process (PID=71050) to work on /opt/homebrew/lib/python3.11/site-packages/airflow/example_dags/example_trigger_controller_dag.py
[2023-09-14T11:07:57.444+0800] {processor.py:829} INFO - Processing file /opt/homebrew/lib/python3.11/site-packages/airflow/example_dags/example_trigger_controller_dag.py for tasks to queue
[2023-09-14T11:07:57.444+0800] {logging_mixin.py:151} INFO - [2023-09-14T11:07:57.444+0800] {dagbag.py:539} INFO - Filling up the DagBag from /opt/homebrew/lib/python3.11/site-packages/airflow/example_dags/example_trigger_controller_dag.py
[2023-09-14T11:07:57.460+0800] {processor.py:839} INFO - DAG(s) dict_keys(['example_trigger_controller_dag']) retrieved from /opt/homebrew/lib/python3.11/site-packages/airflow/example_dags/example_trigger_controller_dag.py
[2023-09-14T11:07:57.552+0800] {logging_mixin.py:151} INFO - [2023-09-14T11:07:57.552+0800] {dag.py:2915} INFO - Sync 1 DAGs
[2023-09-14T11:07:57.561+0800] {logging_mixin.py:151} INFO - [2023-09-14T11:07:57.560+0800] {dag.py:3696} INFO - Setting next_dagrun for example_trigger_controller_dag to 2021-01-01T00:00:00+00:00, run_after=2021-01-01T00:00:00+00:00
[2023-09-14T11:07:57.570+0800] {processor.py:179} INFO - Processing /opt/homebrew/lib/python3.11/site-packages/airflow/example_dags/example_trigger_controller_dag.py took 0.127 seconds
[2023-09-14T11:08:51.039+0800] {processor.py:157} INFO - Started process (PID=71156) to work on /opt/homebrew/lib/python3.11/site-packages/airflow/example_dags/example_trigger_controller_dag.py
[2023-09-14T11:08:51.039+0800] {processor.py:829} INFO - Processing file /opt/homebrew/lib/python3.11/site-packages/airflow/example_dags/example_trigger_controller_dag.py for tasks to queue
[2023-09-14T11:08:51.040+0800] {logging_mixin.py:151} INFO - [2023-09-14T11:08:51.040+0800] {dagbag.py:539} INFO - Filling up the DagBag from /opt/homebrew/lib/python3.11/site-packages/airflow/example_dags/example_trigger_controller_dag.py
[2023-09-14T11:08:51.056+0800] {processor.py:839} INFO - DAG(s) dict_keys(['example_trigger_controller_dag']) retrieved from /opt/homebrew/lib/python3.11/site-packages/airflow/example_dags/example_trigger_controller_dag.py
[2023-09-14T11:08:51.148+0800] {logging_mixin.py:151} INFO - [2023-09-14T11:08:51.148+0800] {dag.py:2915} INFO - Sync 1 DAGs
[2023-09-14T11:08:51.156+0800] {logging_mixin.py:151} INFO - [2023-09-14T11:08:51.156+0800] {dag.py:3696} INFO - Setting next_dagrun for example_trigger_controller_dag to 2021-01-01T00:00:00+00:00, run_after=2021-01-01T00:00:00+00:00
[2023-09-14T11:08:51.166+0800] {processor.py:179} INFO - Processing /opt/homebrew/lib/python3.11/site-packages/airflow/example_dags/example_trigger_controller_dag.py took 0.128 seconds
[2023-09-14T11:23:59.190+0800] {processor.py:157} INFO - Started process (PID=71284) to work on /opt/homebrew/lib/python3.11/site-packages/airflow/example_dags/example_trigger_controller_dag.py
[2023-09-14T11:23:59.190+0800] {processor.py:829} INFO - Processing file /opt/homebrew/lib/python3.11/site-packages/airflow/example_dags/example_trigger_controller_dag.py for tasks to queue
[2023-09-14T11:23:59.191+0800] {logging_mixin.py:151} INFO - [2023-09-14T11:23:59.191+0800] {dagbag.py:539} INFO - Filling up the DagBag from /opt/homebrew/lib/python3.11/site-packages/airflow/example_dags/example_trigger_controller_dag.py
[2023-09-14T11:23:59.207+0800] {processor.py:839} INFO - DAG(s) dict_keys(['example_trigger_controller_dag']) retrieved from /opt/homebrew/lib/python3.11/site-packages/airflow/example_dags/example_trigger_controller_dag.py
[2023-09-14T11:23:59.299+0800] {logging_mixin.py:151} INFO - [2023-09-14T11:23:59.299+0800] {dag.py:2915} INFO - Sync 1 DAGs
[2023-09-14T11:23:59.308+0800] {logging_mixin.py:151} INFO - [2023-09-14T11:23:59.308+0800] {dag.py:3696} INFO - Setting next_dagrun for example_trigger_controller_dag to 2021-01-01T00:00:00+00:00, run_after=2021-01-01T00:00:00+00:00
[2023-09-14T11:23:59.318+0800] {processor.py:179} INFO - Processing /opt/homebrew/lib/python3.11/site-packages/airflow/example_dags/example_trigger_controller_dag.py took 0.128 seconds
[2023-09-14T11:25:03.061+0800] {processor.py:157} INFO - Started process (PID=71395) to work on /opt/homebrew/lib/python3.11/site-packages/airflow/example_dags/example_trigger_controller_dag.py
[2023-09-14T11:25:03.061+0800] {processor.py:829} INFO - Processing file /opt/homebrew/lib/python3.11/site-packages/airflow/example_dags/example_trigger_controller_dag.py for tasks to queue
[2023-09-14T11:25:03.062+0800] {logging_mixin.py:151} INFO - [2023-09-14T11:25:03.062+0800] {dagbag.py:539} INFO - Filling up the DagBag from /opt/homebrew/lib/python3.11/site-packages/airflow/example_dags/example_trigger_controller_dag.py
[2023-09-14T11:25:03.078+0800] {processor.py:839} INFO - DAG(s) dict_keys(['example_trigger_controller_dag']) retrieved from /opt/homebrew/lib/python3.11/site-packages/airflow/example_dags/example_trigger_controller_dag.py
[2023-09-14T11:25:03.170+0800] {logging_mixin.py:151} INFO - [2023-09-14T11:25:03.170+0800] {dag.py:2915} INFO - Sync 1 DAGs
[2023-09-14T11:25:03.178+0800] {logging_mixin.py:151} INFO - [2023-09-14T11:25:03.178+0800] {dag.py:3696} INFO - Setting next_dagrun for example_trigger_controller_dag to 2021-01-01T00:00:00+00:00, run_after=2021-01-01T00:00:00+00:00
[2023-09-14T11:25:03.188+0800] {processor.py:179} INFO - Processing /opt/homebrew/lib/python3.11/site-packages/airflow/example_dags/example_trigger_controller_dag.py took 0.127 seconds
[2023-09-14T11:25:59.405+0800] {processor.py:157} INFO - Started process (PID=71493) to work on /opt/homebrew/lib/python3.11/site-packages/airflow/example_dags/example_trigger_controller_dag.py
[2023-09-14T11:25:59.406+0800] {processor.py:829} INFO - Processing file /opt/homebrew/lib/python3.11/site-packages/airflow/example_dags/example_trigger_controller_dag.py for tasks to queue
[2023-09-14T11:25:59.406+0800] {logging_mixin.py:151} INFO - [2023-09-14T11:25:59.406+0800] {dagbag.py:539} INFO - Filling up the DagBag from /opt/homebrew/lib/python3.11/site-packages/airflow/example_dags/example_trigger_controller_dag.py
[2023-09-14T11:25:59.422+0800] {processor.py:839} INFO - DAG(s) dict_keys(['example_trigger_controller_dag']) retrieved from /opt/homebrew/lib/python3.11/site-packages/airflow/example_dags/example_trigger_controller_dag.py
[2023-09-14T11:25:59.515+0800] {logging_mixin.py:151} INFO - [2023-09-14T11:25:59.514+0800] {dag.py:2915} INFO - Sync 1 DAGs
[2023-09-14T11:25:59.523+0800] {logging_mixin.py:151} INFO - [2023-09-14T11:25:59.523+0800] {dag.py:3696} INFO - Setting next_dagrun for example_trigger_controller_dag to 2021-01-01T00:00:00+00:00, run_after=2021-01-01T00:00:00+00:00
[2023-09-14T11:25:59.532+0800] {processor.py:179} INFO - Processing /opt/homebrew/lib/python3.11/site-packages/airflow/example_dags/example_trigger_controller_dag.py took 0.128 seconds
[2023-09-14T11:27:41.925+0800] {processor.py:157} INFO - Started process (PID=71677) to work on /opt/homebrew/lib/python3.11/site-packages/airflow/example_dags/example_trigger_controller_dag.py
[2023-09-14T11:27:41.925+0800] {processor.py:829} INFO - Processing file /opt/homebrew/lib/python3.11/site-packages/airflow/example_dags/example_trigger_controller_dag.py for tasks to queue
[2023-09-14T11:27:41.925+0800] {logging_mixin.py:151} INFO - [2023-09-14T11:27:41.925+0800] {dagbag.py:539} INFO - Filling up the DagBag from /opt/homebrew/lib/python3.11/site-packages/airflow/example_dags/example_trigger_controller_dag.py
[2023-09-14T11:27:41.941+0800] {processor.py:839} INFO - DAG(s) dict_keys(['example_trigger_controller_dag']) retrieved from /opt/homebrew/lib/python3.11/site-packages/airflow/example_dags/example_trigger_controller_dag.py
[2023-09-14T11:27:42.034+0800] {logging_mixin.py:151} INFO - [2023-09-14T11:27:42.034+0800] {dag.py:2915} INFO - Sync 1 DAGs
[2023-09-14T11:27:42.042+0800] {logging_mixin.py:151} INFO - [2023-09-14T11:27:42.042+0800] {dag.py:3696} INFO - Setting next_dagrun for example_trigger_controller_dag to 2021-01-01T00:00:00+00:00, run_after=2021-01-01T00:00:00+00:00
[2023-09-14T11:27:42.052+0800] {processor.py:179} INFO - Processing /opt/homebrew/lib/python3.11/site-packages/airflow/example_dags/example_trigger_controller_dag.py took 0.128 seconds
[2023-09-14T11:29:25.089+0800] {processor.py:157} INFO - Started process (PID=71863) to work on /opt/homebrew/lib/python3.11/site-packages/airflow/example_dags/example_trigger_controller_dag.py
[2023-09-14T11:29:25.090+0800] {processor.py:829} INFO - Processing file /opt/homebrew/lib/python3.11/site-packages/airflow/example_dags/example_trigger_controller_dag.py for tasks to queue
[2023-09-14T11:29:25.090+0800] {logging_mixin.py:151} INFO - [2023-09-14T11:29:25.090+0800] {dagbag.py:539} INFO - Filling up the DagBag from /opt/homebrew/lib/python3.11/site-packages/airflow/example_dags/example_trigger_controller_dag.py
[2023-09-14T11:29:25.107+0800] {processor.py:839} INFO - DAG(s) dict_keys(['example_trigger_controller_dag']) retrieved from /opt/homebrew/lib/python3.11/site-packages/airflow/example_dags/example_trigger_controller_dag.py
[2023-09-14T11:29:25.201+0800] {logging_mixin.py:151} INFO - [2023-09-14T11:29:25.201+0800] {dag.py:2915} INFO - Sync 1 DAGs
[2023-09-14T11:29:25.209+0800] {logging_mixin.py:151} INFO - [2023-09-14T11:29:25.209+0800] {dag.py:3696} INFO - Setting next_dagrun for example_trigger_controller_dag to 2021-01-01T00:00:00+00:00, run_after=2021-01-01T00:00:00+00:00
[2023-09-14T11:29:25.219+0800] {processor.py:179} INFO - Processing /opt/homebrew/lib/python3.11/site-packages/airflow/example_dags/example_trigger_controller_dag.py took 0.130 seconds
[2023-09-14T11:31:06.620+0800] {processor.py:157} INFO - Started process (PID=72044) to work on /opt/homebrew/lib/python3.11/site-packages/airflow/example_dags/example_trigger_controller_dag.py
[2023-09-14T11:31:06.620+0800] {processor.py:829} INFO - Processing file /opt/homebrew/lib/python3.11/site-packages/airflow/example_dags/example_trigger_controller_dag.py for tasks to queue
[2023-09-14T11:31:06.620+0800] {logging_mixin.py:151} INFO - [2023-09-14T11:31:06.620+0800] {dagbag.py:539} INFO - Filling up the DagBag from /opt/homebrew/lib/python3.11/site-packages/airflow/example_dags/example_trigger_controller_dag.py
[2023-09-14T11:31:06.636+0800] {processor.py:839} INFO - DAG(s) dict_keys(['example_trigger_controller_dag']) retrieved from /opt/homebrew/lib/python3.11/site-packages/airflow/example_dags/example_trigger_controller_dag.py
[2023-09-14T11:31:06.729+0800] {logging_mixin.py:151} INFO - [2023-09-14T11:31:06.729+0800] {dag.py:2915} INFO - Sync 1 DAGs
[2023-09-14T11:31:06.737+0800] {logging_mixin.py:151} INFO - [2023-09-14T11:31:06.737+0800] {dag.py:3696} INFO - Setting next_dagrun for example_trigger_controller_dag to 2021-01-01T00:00:00+00:00, run_after=2021-01-01T00:00:00+00:00
[2023-09-14T11:31:06.747+0800] {processor.py:179} INFO - Processing /opt/homebrew/lib/python3.11/site-packages/airflow/example_dags/example_trigger_controller_dag.py took 0.128 seconds
[2023-09-14T11:31:59.377+0800] {processor.py:157} INFO - Started process (PID=72139) to work on /opt/homebrew/lib/python3.11/site-packages/airflow/example_dags/example_trigger_controller_dag.py
[2023-09-14T11:31:59.378+0800] {processor.py:829} INFO - Processing file /opt/homebrew/lib/python3.11/site-packages/airflow/example_dags/example_trigger_controller_dag.py for tasks to queue
[2023-09-14T11:31:59.378+0800] {logging_mixin.py:151} INFO - [2023-09-14T11:31:59.378+0800] {dagbag.py:539} INFO - Filling up the DagBag from /opt/homebrew/lib/python3.11/site-packages/airflow/example_dags/example_trigger_controller_dag.py
[2023-09-14T11:31:59.394+0800] {processor.py:839} INFO - DAG(s) dict_keys(['example_trigger_controller_dag']) retrieved from /opt/homebrew/lib/python3.11/site-packages/airflow/example_dags/example_trigger_controller_dag.py
[2023-09-14T11:31:59.486+0800] {logging_mixin.py:151} INFO - [2023-09-14T11:31:59.486+0800] {dag.py:2915} INFO - Sync 1 DAGs
[2023-09-14T11:31:59.495+0800] {logging_mixin.py:151} INFO - [2023-09-14T11:31:59.495+0800] {dag.py:3696} INFO - Setting next_dagrun for example_trigger_controller_dag to 2021-01-01T00:00:00+00:00, run_after=2021-01-01T00:00:00+00:00
[2023-09-14T11:31:59.505+0800] {processor.py:179} INFO - Processing /opt/homebrew/lib/python3.11/site-packages/airflow/example_dags/example_trigger_controller_dag.py took 0.128 seconds
[2023-09-14T11:32:54.643+0800] {processor.py:157} INFO - Started process (PID=72242) to work on /opt/homebrew/lib/python3.11/site-packages/airflow/example_dags/example_trigger_controller_dag.py
[2023-09-14T11:32:54.644+0800] {processor.py:829} INFO - Processing file /opt/homebrew/lib/python3.11/site-packages/airflow/example_dags/example_trigger_controller_dag.py for tasks to queue
[2023-09-14T11:32:54.644+0800] {logging_mixin.py:151} INFO - [2023-09-14T11:32:54.644+0800] {dagbag.py:539} INFO - Filling up the DagBag from /opt/homebrew/lib/python3.11/site-packages/airflow/example_dags/example_trigger_controller_dag.py
[2023-09-14T11:32:54.660+0800] {processor.py:839} INFO - DAG(s) dict_keys(['example_trigger_controller_dag']) retrieved from /opt/homebrew/lib/python3.11/site-packages/airflow/example_dags/example_trigger_controller_dag.py
[2023-09-14T11:32:54.753+0800] {logging_mixin.py:151} INFO - [2023-09-14T11:32:54.753+0800] {dag.py:2915} INFO - Sync 1 DAGs
[2023-09-14T11:32:54.761+0800] {logging_mixin.py:151} INFO - [2023-09-14T11:32:54.761+0800] {dag.py:3696} INFO - Setting next_dagrun for example_trigger_controller_dag to 2021-01-01T00:00:00+00:00, run_after=2021-01-01T00:00:00+00:00
[2023-09-14T11:32:54.771+0800] {processor.py:179} INFO - Processing /opt/homebrew/lib/python3.11/site-packages/airflow/example_dags/example_trigger_controller_dag.py took 0.129 seconds
[2023-09-14T11:33:47.986+0800] {processor.py:157} INFO - Started process (PID=72335) to work on /opt/homebrew/lib/python3.11/site-packages/airflow/example_dags/example_trigger_controller_dag.py
[2023-09-14T11:33:47.986+0800] {processor.py:829} INFO - Processing file /opt/homebrew/lib/python3.11/site-packages/airflow/example_dags/example_trigger_controller_dag.py for tasks to queue
[2023-09-14T11:33:47.987+0800] {logging_mixin.py:151} INFO - [2023-09-14T11:33:47.987+0800] {dagbag.py:539} INFO - Filling up the DagBag from /opt/homebrew/lib/python3.11/site-packages/airflow/example_dags/example_trigger_controller_dag.py
[2023-09-14T11:33:48.003+0800] {processor.py:839} INFO - DAG(s) dict_keys(['example_trigger_controller_dag']) retrieved from /opt/homebrew/lib/python3.11/site-packages/airflow/example_dags/example_trigger_controller_dag.py
[2023-09-14T11:33:48.095+0800] {logging_mixin.py:151} INFO - [2023-09-14T11:33:48.095+0800] {dag.py:2915} INFO - Sync 1 DAGs
[2023-09-14T11:33:48.104+0800] {logging_mixin.py:151} INFO - [2023-09-14T11:33:48.104+0800] {dag.py:3696} INFO - Setting next_dagrun for example_trigger_controller_dag to 2021-01-01T00:00:00+00:00, run_after=2021-01-01T00:00:00+00:00
[2023-09-14T11:33:48.113+0800] {processor.py:179} INFO - Processing /opt/homebrew/lib/python3.11/site-packages/airflow/example_dags/example_trigger_controller_dag.py took 0.128 seconds
[2023-09-14T11:34:40.968+0800] {processor.py:157} INFO - Started process (PID=72432) to work on /opt/homebrew/lib/python3.11/site-packages/airflow/example_dags/example_trigger_controller_dag.py
[2023-09-14T11:34:40.969+0800] {processor.py:829} INFO - Processing file /opt/homebrew/lib/python3.11/site-packages/airflow/example_dags/example_trigger_controller_dag.py for tasks to queue
[2023-09-14T11:34:40.969+0800] {logging_mixin.py:151} INFO - [2023-09-14T11:34:40.969+0800] {dagbag.py:539} INFO - Filling up the DagBag from /opt/homebrew/lib/python3.11/site-packages/airflow/example_dags/example_trigger_controller_dag.py
[2023-09-14T11:34:40.985+0800] {processor.py:839} INFO - DAG(s) dict_keys(['example_trigger_controller_dag']) retrieved from /opt/homebrew/lib/python3.11/site-packages/airflow/example_dags/example_trigger_controller_dag.py
[2023-09-14T11:34:41.078+0800] {logging_mixin.py:151} INFO - [2023-09-14T11:34:41.078+0800] {dag.py:2915} INFO - Sync 1 DAGs
[2023-09-14T11:34:41.086+0800] {logging_mixin.py:151} INFO - [2023-09-14T11:34:41.086+0800] {dag.py:3696} INFO - Setting next_dagrun for example_trigger_controller_dag to 2021-01-01T00:00:00+00:00, run_after=2021-01-01T00:00:00+00:00
[2023-09-14T11:34:41.096+0800] {processor.py:179} INFO - Processing /opt/homebrew/lib/python3.11/site-packages/airflow/example_dags/example_trigger_controller_dag.py took 0.128 seconds
[2023-09-14T11:35:35.467+0800] {processor.py:157} INFO - Started process (PID=72527) to work on /opt/homebrew/lib/python3.11/site-packages/airflow/example_dags/example_trigger_controller_dag.py
[2023-09-14T11:35:35.468+0800] {processor.py:829} INFO - Processing file /opt/homebrew/lib/python3.11/site-packages/airflow/example_dags/example_trigger_controller_dag.py for tasks to queue
[2023-09-14T11:35:35.468+0800] {logging_mixin.py:151} INFO - [2023-09-14T11:35:35.468+0800] {dagbag.py:539} INFO - Filling up the DagBag from /opt/homebrew/lib/python3.11/site-packages/airflow/example_dags/example_trigger_controller_dag.py
[2023-09-14T11:35:35.484+0800] {processor.py:839} INFO - DAG(s) dict_keys(['example_trigger_controller_dag']) retrieved from /opt/homebrew/lib/python3.11/site-packages/airflow/example_dags/example_trigger_controller_dag.py
[2023-09-14T11:35:35.576+0800] {logging_mixin.py:151} INFO - [2023-09-14T11:35:35.576+0800] {dag.py:2915} INFO - Sync 1 DAGs
[2023-09-14T11:35:35.584+0800] {logging_mixin.py:151} INFO - [2023-09-14T11:35:35.584+0800] {dag.py:3696} INFO - Setting next_dagrun for example_trigger_controller_dag to 2021-01-01T00:00:00+00:00, run_after=2021-01-01T00:00:00+00:00
[2023-09-14T11:35:35.594+0800] {processor.py:179} INFO - Processing /opt/homebrew/lib/python3.11/site-packages/airflow/example_dags/example_trigger_controller_dag.py took 0.127 seconds
[2023-09-14T11:36:30.801+0800] {processor.py:157} INFO - Started process (PID=72622) to work on /opt/homebrew/lib/python3.11/site-packages/airflow/example_dags/example_trigger_controller_dag.py
[2023-09-14T11:36:30.801+0800] {processor.py:829} INFO - Processing file /opt/homebrew/lib/python3.11/site-packages/airflow/example_dags/example_trigger_controller_dag.py for tasks to queue
[2023-09-14T11:36:30.802+0800] {logging_mixin.py:151} INFO - [2023-09-14T11:36:30.801+0800] {dagbag.py:539} INFO - Filling up the DagBag from /opt/homebrew/lib/python3.11/site-packages/airflow/example_dags/example_trigger_controller_dag.py
[2023-09-14T11:36:30.818+0800] {processor.py:839} INFO - DAG(s) dict_keys(['example_trigger_controller_dag']) retrieved from /opt/homebrew/lib/python3.11/site-packages/airflow/example_dags/example_trigger_controller_dag.py
[2023-09-14T11:36:30.911+0800] {logging_mixin.py:151} INFO - [2023-09-14T11:36:30.911+0800] {dag.py:2915} INFO - Sync 1 DAGs
[2023-09-14T11:36:30.919+0800] {logging_mixin.py:151} INFO - [2023-09-14T11:36:30.919+0800] {dag.py:3696} INFO - Setting next_dagrun for example_trigger_controller_dag to 2021-01-01T00:00:00+00:00, run_after=2021-01-01T00:00:00+00:00
[2023-09-14T11:36:30.929+0800] {processor.py:179} INFO - Processing /opt/homebrew/lib/python3.11/site-packages/airflow/example_dags/example_trigger_controller_dag.py took 0.129 seconds
[2023-09-14T11:37:22.914+0800] {processor.py:157} INFO - Started process (PID=72716) to work on /opt/homebrew/lib/python3.11/site-packages/airflow/example_dags/example_trigger_controller_dag.py
[2023-09-14T11:37:22.915+0800] {processor.py:829} INFO - Processing file /opt/homebrew/lib/python3.11/site-packages/airflow/example_dags/example_trigger_controller_dag.py for tasks to queue
[2023-09-14T11:37:22.915+0800] {logging_mixin.py:151} INFO - [2023-09-14T11:37:22.915+0800] {dagbag.py:539} INFO - Filling up the DagBag from /opt/homebrew/lib/python3.11/site-packages/airflow/example_dags/example_trigger_controller_dag.py
[2023-09-14T11:37:22.931+0800] {processor.py:839} INFO - DAG(s) dict_keys(['example_trigger_controller_dag']) retrieved from /opt/homebrew/lib/python3.11/site-packages/airflow/example_dags/example_trigger_controller_dag.py
[2023-09-14T11:37:23.024+0800] {logging_mixin.py:151} INFO - [2023-09-14T11:37:23.024+0800] {dag.py:2915} INFO - Sync 1 DAGs
[2023-09-14T11:37:23.033+0800] {logging_mixin.py:151} INFO - [2023-09-14T11:37:23.033+0800] {dag.py:3696} INFO - Setting next_dagrun for example_trigger_controller_dag to 2021-01-01T00:00:00+00:00, run_after=2021-01-01T00:00:00+00:00
[2023-09-14T11:37:23.043+0800] {processor.py:179} INFO - Processing /opt/homebrew/lib/python3.11/site-packages/airflow/example_dags/example_trigger_controller_dag.py took 0.129 seconds
[2023-09-14T11:38:13.505+0800] {processor.py:157} INFO - Started process (PID=72807) to work on /opt/homebrew/lib/python3.11/site-packages/airflow/example_dags/example_trigger_controller_dag.py
[2023-09-14T11:38:13.506+0800] {processor.py:829} INFO - Processing file /opt/homebrew/lib/python3.11/site-packages/airflow/example_dags/example_trigger_controller_dag.py for tasks to queue
[2023-09-14T11:38:13.506+0800] {logging_mixin.py:151} INFO - [2023-09-14T11:38:13.506+0800] {dagbag.py:539} INFO - Filling up the DagBag from /opt/homebrew/lib/python3.11/site-packages/airflow/example_dags/example_trigger_controller_dag.py
[2023-09-14T11:38:13.522+0800] {processor.py:839} INFO - DAG(s) dict_keys(['example_trigger_controller_dag']) retrieved from /opt/homebrew/lib/python3.11/site-packages/airflow/example_dags/example_trigger_controller_dag.py
[2023-09-14T11:38:13.616+0800] {logging_mixin.py:151} INFO - [2023-09-14T11:38:13.616+0800] {dag.py:2915} INFO - Sync 1 DAGs
[2023-09-14T11:38:13.624+0800] {logging_mixin.py:151} INFO - [2023-09-14T11:38:13.624+0800] {dag.py:3696} INFO - Setting next_dagrun for example_trigger_controller_dag to 2021-01-01T00:00:00+00:00, run_after=2021-01-01T00:00:00+00:00
[2023-09-14T11:38:13.634+0800] {processor.py:179} INFO - Processing /opt/homebrew/lib/python3.11/site-packages/airflow/example_dags/example_trigger_controller_dag.py took 0.129 seconds
[2023-09-14T11:39:51.067+0800] {processor.py:157} INFO - Started process (PID=73008) to work on /opt/homebrew/lib/python3.11/site-packages/airflow/example_dags/example_trigger_controller_dag.py
[2023-09-14T11:39:51.068+0800] {processor.py:829} INFO - Processing file /opt/homebrew/lib/python3.11/site-packages/airflow/example_dags/example_trigger_controller_dag.py for tasks to queue
[2023-09-14T11:39:51.068+0800] {logging_mixin.py:151} INFO - [2023-09-14T11:39:51.068+0800] {dagbag.py:539} INFO - Filling up the DagBag from /opt/homebrew/lib/python3.11/site-packages/airflow/example_dags/example_trigger_controller_dag.py
[2023-09-14T11:39:51.084+0800] {processor.py:839} INFO - DAG(s) dict_keys(['example_trigger_controller_dag']) retrieved from /opt/homebrew/lib/python3.11/site-packages/airflow/example_dags/example_trigger_controller_dag.py
[2023-09-14T11:39:51.176+0800] {logging_mixin.py:151} INFO - [2023-09-14T11:39:51.176+0800] {dag.py:2915} INFO - Sync 1 DAGs
[2023-09-14T11:39:51.184+0800] {logging_mixin.py:151} INFO - [2023-09-14T11:39:51.184+0800] {dag.py:3696} INFO - Setting next_dagrun for example_trigger_controller_dag to 2021-01-01T00:00:00+00:00, run_after=2021-01-01T00:00:00+00:00
[2023-09-14T11:39:51.194+0800] {processor.py:179} INFO - Processing /opt/homebrew/lib/python3.11/site-packages/airflow/example_dags/example_trigger_controller_dag.py took 0.128 seconds
[2023-09-14T11:40:45.133+0800] {processor.py:157} INFO - Started process (PID=73102) to work on /opt/homebrew/lib/python3.11/site-packages/airflow/example_dags/example_trigger_controller_dag.py
[2023-09-14T11:40:45.134+0800] {processor.py:829} INFO - Processing file /opt/homebrew/lib/python3.11/site-packages/airflow/example_dags/example_trigger_controller_dag.py for tasks to queue
[2023-09-14T11:40:45.134+0800] {logging_mixin.py:151} INFO - [2023-09-14T11:40:45.134+0800] {dagbag.py:539} INFO - Filling up the DagBag from /opt/homebrew/lib/python3.11/site-packages/airflow/example_dags/example_trigger_controller_dag.py
[2023-09-14T11:40:45.150+0800] {processor.py:839} INFO - DAG(s) dict_keys(['example_trigger_controller_dag']) retrieved from /opt/homebrew/lib/python3.11/site-packages/airflow/example_dags/example_trigger_controller_dag.py
[2023-09-14T11:40:45.242+0800] {logging_mixin.py:151} INFO - [2023-09-14T11:40:45.242+0800] {dag.py:2915} INFO - Sync 1 DAGs
[2023-09-14T11:40:45.251+0800] {logging_mixin.py:151} INFO - [2023-09-14T11:40:45.251+0800] {dag.py:3696} INFO - Setting next_dagrun for example_trigger_controller_dag to 2021-01-01T00:00:00+00:00, run_after=2021-01-01T00:00:00+00:00
[2023-09-14T11:40:45.261+0800] {processor.py:179} INFO - Processing /opt/homebrew/lib/python3.11/site-packages/airflow/example_dags/example_trigger_controller_dag.py took 0.128 seconds
[2023-09-14T11:41:39.058+0800] {processor.py:157} INFO - Started process (PID=73195) to work on /opt/homebrew/lib/python3.11/site-packages/airflow/example_dags/example_trigger_controller_dag.py
[2023-09-14T11:41:39.059+0800] {processor.py:829} INFO - Processing file /opt/homebrew/lib/python3.11/site-packages/airflow/example_dags/example_trigger_controller_dag.py for tasks to queue
[2023-09-14T11:41:39.059+0800] {logging_mixin.py:151} INFO - [2023-09-14T11:41:39.059+0800] {dagbag.py:539} INFO - Filling up the DagBag from /opt/homebrew/lib/python3.11/site-packages/airflow/example_dags/example_trigger_controller_dag.py
[2023-09-14T11:41:39.075+0800] {processor.py:839} INFO - DAG(s) dict_keys(['example_trigger_controller_dag']) retrieved from /opt/homebrew/lib/python3.11/site-packages/airflow/example_dags/example_trigger_controller_dag.py
[2023-09-14T11:41:39.167+0800] {logging_mixin.py:151} INFO - [2023-09-14T11:41:39.167+0800] {dag.py:2915} INFO - Sync 1 DAGs
[2023-09-14T11:41:39.176+0800] {logging_mixin.py:151} INFO - [2023-09-14T11:41:39.176+0800] {dag.py:3696} INFO - Setting next_dagrun for example_trigger_controller_dag to 2021-01-01T00:00:00+00:00, run_after=2021-01-01T00:00:00+00:00
[2023-09-14T11:41:39.185+0800] {processor.py:179} INFO - Processing /opt/homebrew/lib/python3.11/site-packages/airflow/example_dags/example_trigger_controller_dag.py took 0.128 seconds
[2023-09-14T11:43:17.768+0800] {processor.py:157} INFO - Started process (PID=73375) to work on /opt/homebrew/lib/python3.11/site-packages/airflow/example_dags/example_trigger_controller_dag.py
[2023-09-14T11:43:17.769+0800] {processor.py:829} INFO - Processing file /opt/homebrew/lib/python3.11/site-packages/airflow/example_dags/example_trigger_controller_dag.py for tasks to queue
[2023-09-14T11:43:17.769+0800] {logging_mixin.py:151} INFO - [2023-09-14T11:43:17.769+0800] {dagbag.py:539} INFO - Filling up the DagBag from /opt/homebrew/lib/python3.11/site-packages/airflow/example_dags/example_trigger_controller_dag.py
[2023-09-14T11:43:17.786+0800] {processor.py:839} INFO - DAG(s) dict_keys(['example_trigger_controller_dag']) retrieved from /opt/homebrew/lib/python3.11/site-packages/airflow/example_dags/example_trigger_controller_dag.py
[2023-09-14T11:43:17.882+0800] {logging_mixin.py:151} INFO - [2023-09-14T11:43:17.882+0800] {dag.py:2915} INFO - Sync 1 DAGs
[2023-09-14T11:43:17.891+0800] {logging_mixin.py:151} INFO - [2023-09-14T11:43:17.891+0800] {dag.py:3696} INFO - Setting next_dagrun for example_trigger_controller_dag to 2021-01-01T00:00:00+00:00, run_after=2021-01-01T00:00:00+00:00
[2023-09-14T11:43:17.901+0800] {processor.py:179} INFO - Processing /opt/homebrew/lib/python3.11/site-packages/airflow/example_dags/example_trigger_controller_dag.py took 0.133 seconds
[2023-09-14T11:44:12.320+0800] {processor.py:157} INFO - Started process (PID=73469) to work on /opt/homebrew/lib/python3.11/site-packages/airflow/example_dags/example_trigger_controller_dag.py
[2023-09-14T11:44:12.320+0800] {processor.py:829} INFO - Processing file /opt/homebrew/lib/python3.11/site-packages/airflow/example_dags/example_trigger_controller_dag.py for tasks to queue
[2023-09-14T11:44:12.320+0800] {logging_mixin.py:151} INFO - [2023-09-14T11:44:12.320+0800] {dagbag.py:539} INFO - Filling up the DagBag from /opt/homebrew/lib/python3.11/site-packages/airflow/example_dags/example_trigger_controller_dag.py
[2023-09-14T11:44:12.336+0800] {processor.py:839} INFO - DAG(s) dict_keys(['example_trigger_controller_dag']) retrieved from /opt/homebrew/lib/python3.11/site-packages/airflow/example_dags/example_trigger_controller_dag.py
[2023-09-14T11:44:12.429+0800] {logging_mixin.py:151} INFO - [2023-09-14T11:44:12.429+0800] {dag.py:2915} INFO - Sync 1 DAGs
[2023-09-14T11:44:12.437+0800] {logging_mixin.py:151} INFO - [2023-09-14T11:44:12.437+0800] {dag.py:3696} INFO - Setting next_dagrun for example_trigger_controller_dag to 2021-01-01T00:00:00+00:00, run_after=2021-01-01T00:00:00+00:00
[2023-09-14T11:44:12.447+0800] {processor.py:179} INFO - Processing /opt/homebrew/lib/python3.11/site-packages/airflow/example_dags/example_trigger_controller_dag.py took 0.128 seconds
[2023-09-14T11:45:05.842+0800] {processor.py:157} INFO - Started process (PID=73562) to work on /opt/homebrew/lib/python3.11/site-packages/airflow/example_dags/example_trigger_controller_dag.py
[2023-09-14T11:45:05.842+0800] {processor.py:829} INFO - Processing file /opt/homebrew/lib/python3.11/site-packages/airflow/example_dags/example_trigger_controller_dag.py for tasks to queue
[2023-09-14T11:45:05.843+0800] {logging_mixin.py:151} INFO - [2023-09-14T11:45:05.843+0800] {dagbag.py:539} INFO - Filling up the DagBag from /opt/homebrew/lib/python3.11/site-packages/airflow/example_dags/example_trigger_controller_dag.py
[2023-09-14T11:45:05.859+0800] {processor.py:839} INFO - DAG(s) dict_keys(['example_trigger_controller_dag']) retrieved from /opt/homebrew/lib/python3.11/site-packages/airflow/example_dags/example_trigger_controller_dag.py
[2023-09-14T11:45:05.951+0800] {logging_mixin.py:151} INFO - [2023-09-14T11:45:05.951+0800] {dag.py:2915} INFO - Sync 1 DAGs
[2023-09-14T11:45:05.959+0800] {logging_mixin.py:151} INFO - [2023-09-14T11:45:05.959+0800] {dag.py:3696} INFO - Setting next_dagrun for example_trigger_controller_dag to 2021-01-01T00:00:00+00:00, run_after=2021-01-01T00:00:00+00:00
[2023-09-14T11:45:05.970+0800] {processor.py:179} INFO - Processing /opt/homebrew/lib/python3.11/site-packages/airflow/example_dags/example_trigger_controller_dag.py took 0.128 seconds
[2023-09-14T12:56:16.664+0800] {processor.py:157} INFO - Started process (PID=73733) to work on /opt/homebrew/lib/python3.11/site-packages/airflow/example_dags/example_trigger_controller_dag.py
[2023-09-14T12:56:16.665+0800] {processor.py:829} INFO - Processing file /opt/homebrew/lib/python3.11/site-packages/airflow/example_dags/example_trigger_controller_dag.py for tasks to queue
[2023-09-14T12:56:16.666+0800] {logging_mixin.py:151} INFO - [2023-09-14T12:56:16.665+0800] {dagbag.py:539} INFO - Filling up the DagBag from /opt/homebrew/lib/python3.11/site-packages/airflow/example_dags/example_trigger_controller_dag.py
[2023-09-14T12:56:16.682+0800] {processor.py:839} INFO - DAG(s) dict_keys(['example_trigger_controller_dag']) retrieved from /opt/homebrew/lib/python3.11/site-packages/airflow/example_dags/example_trigger_controller_dag.py
[2023-09-14T12:56:16.774+0800] {logging_mixin.py:151} INFO - [2023-09-14T12:56:16.774+0800] {dag.py:2915} INFO - Sync 1 DAGs
[2023-09-14T12:56:16.782+0800] {logging_mixin.py:151} INFO - [2023-09-14T12:56:16.782+0800] {dag.py:3696} INFO - Setting next_dagrun for example_trigger_controller_dag to 2021-01-01T00:00:00+00:00, run_after=2021-01-01T00:00:00+00:00
[2023-09-14T12:56:16.792+0800] {processor.py:179} INFO - Processing /opt/homebrew/lib/python3.11/site-packages/airflow/example_dags/example_trigger_controller_dag.py took 0.129 seconds
[2023-09-14T16:12:46.266+0800] {processor.py:157} INFO - Started process (PID=74035) to work on /opt/homebrew/lib/python3.11/site-packages/airflow/example_dags/example_trigger_controller_dag.py
[2023-09-14T16:12:46.267+0800] {processor.py:829} INFO - Processing file /opt/homebrew/lib/python3.11/site-packages/airflow/example_dags/example_trigger_controller_dag.py for tasks to queue
[2023-09-14T16:12:46.267+0800] {logging_mixin.py:151} INFO - [2023-09-14T16:12:46.267+0800] {dagbag.py:539} INFO - Filling up the DagBag from /opt/homebrew/lib/python3.11/site-packages/airflow/example_dags/example_trigger_controller_dag.py
[2023-09-14T16:12:46.283+0800] {processor.py:839} INFO - DAG(s) dict_keys(['example_trigger_controller_dag']) retrieved from /opt/homebrew/lib/python3.11/site-packages/airflow/example_dags/example_trigger_controller_dag.py
[2023-09-14T16:12:46.378+0800] {logging_mixin.py:151} INFO - [2023-09-14T16:12:46.378+0800] {dag.py:2915} INFO - Sync 1 DAGs
[2023-09-14T16:12:46.386+0800] {logging_mixin.py:151} INFO - [2023-09-14T16:12:46.386+0800] {dag.py:3696} INFO - Setting next_dagrun for example_trigger_controller_dag to 2021-01-01T00:00:00+00:00, run_after=2021-01-01T00:00:00+00:00
[2023-09-14T16:12:46.396+0800] {processor.py:179} INFO - Processing /opt/homebrew/lib/python3.11/site-packages/airflow/example_dags/example_trigger_controller_dag.py took 0.131 seconds
[2023-09-14T19:29:07.621+0800] {processor.py:157} INFO - Started process (PID=74338) to work on /opt/homebrew/lib/python3.11/site-packages/airflow/example_dags/example_trigger_controller_dag.py
[2023-09-14T19:29:07.622+0800] {processor.py:829} INFO - Processing file /opt/homebrew/lib/python3.11/site-packages/airflow/example_dags/example_trigger_controller_dag.py for tasks to queue
[2023-09-14T19:29:07.623+0800] {logging_mixin.py:151} INFO - [2023-09-14T19:29:07.623+0800] {dagbag.py:539} INFO - Filling up the DagBag from /opt/homebrew/lib/python3.11/site-packages/airflow/example_dags/example_trigger_controller_dag.py
[2023-09-14T19:29:07.639+0800] {processor.py:839} INFO - DAG(s) dict_keys(['example_trigger_controller_dag']) retrieved from /opt/homebrew/lib/python3.11/site-packages/airflow/example_dags/example_trigger_controller_dag.py
[2023-09-14T19:29:07.732+0800] {logging_mixin.py:151} INFO - [2023-09-14T19:29:07.732+0800] {dag.py:2915} INFO - Sync 1 DAGs
[2023-09-14T19:29:07.740+0800] {logging_mixin.py:151} INFO - [2023-09-14T19:29:07.740+0800] {dag.py:3696} INFO - Setting next_dagrun for example_trigger_controller_dag to 2021-01-01T00:00:00+00:00, run_after=2021-01-01T00:00:00+00:00
[2023-09-14T19:29:07.750+0800] {processor.py:179} INFO - Processing /opt/homebrew/lib/python3.11/site-packages/airflow/example_dags/example_trigger_controller_dag.py took 0.129 seconds
[2023-09-14T22:47:51.118+0800] {processor.py:157} INFO - Started process (PID=74705) to work on /opt/homebrew/lib/python3.11/site-packages/airflow/example_dags/example_trigger_controller_dag.py
[2023-09-14T22:47:51.120+0800] {processor.py:829} INFO - Processing file /opt/homebrew/lib/python3.11/site-packages/airflow/example_dags/example_trigger_controller_dag.py for tasks to queue
[2023-09-14T22:47:51.120+0800] {logging_mixin.py:151} INFO - [2023-09-14T22:47:51.120+0800] {dagbag.py:539} INFO - Filling up the DagBag from /opt/homebrew/lib/python3.11/site-packages/airflow/example_dags/example_trigger_controller_dag.py
[2023-09-14T22:47:51.136+0800] {processor.py:839} INFO - DAG(s) dict_keys(['example_trigger_controller_dag']) retrieved from /opt/homebrew/lib/python3.11/site-packages/airflow/example_dags/example_trigger_controller_dag.py
[2023-09-14T22:47:51.228+0800] {logging_mixin.py:151} INFO - [2023-09-14T22:47:51.228+0800] {dag.py:2915} INFO - Sync 1 DAGs
[2023-09-14T22:47:51.236+0800] {logging_mixin.py:151} INFO - [2023-09-14T22:47:51.236+0800] {dag.py:3696} INFO - Setting next_dagrun for example_trigger_controller_dag to 2021-01-01T00:00:00+00:00, run_after=2021-01-01T00:00:00+00:00
[2023-09-14T22:47:51.246+0800] {processor.py:179} INFO - Processing /opt/homebrew/lib/python3.11/site-packages/airflow/example_dags/example_trigger_controller_dag.py took 0.128 seconds
[2023-09-15T02:09:42.452+0800] {processor.py:157} INFO - Started process (PID=75026) to work on /opt/homebrew/lib/python3.11/site-packages/airflow/example_dags/example_trigger_controller_dag.py
[2023-09-15T02:09:42.453+0800] {processor.py:829} INFO - Processing file /opt/homebrew/lib/python3.11/site-packages/airflow/example_dags/example_trigger_controller_dag.py for tasks to queue
[2023-09-15T02:09:42.453+0800] {logging_mixin.py:151} INFO - [2023-09-15T02:09:42.453+0800] {dagbag.py:539} INFO - Filling up the DagBag from /opt/homebrew/lib/python3.11/site-packages/airflow/example_dags/example_trigger_controller_dag.py
[2023-09-15T02:09:42.469+0800] {processor.py:839} INFO - DAG(s) dict_keys(['example_trigger_controller_dag']) retrieved from /opt/homebrew/lib/python3.11/site-packages/airflow/example_dags/example_trigger_controller_dag.py
[2023-09-15T02:09:42.561+0800] {logging_mixin.py:151} INFO - [2023-09-15T02:09:42.561+0800] {dag.py:2915} INFO - Sync 1 DAGs
[2023-09-15T02:09:42.570+0800] {logging_mixin.py:151} INFO - [2023-09-15T02:09:42.569+0800] {dag.py:3696} INFO - Setting next_dagrun for example_trigger_controller_dag to 2021-01-01T00:00:00+00:00, run_after=2021-01-01T00:00:00+00:00
[2023-09-15T02:09:42.579+0800] {processor.py:179} INFO - Processing /opt/homebrew/lib/python3.11/site-packages/airflow/example_dags/example_trigger_controller_dag.py took 0.128 seconds
[2023-09-15T05:22:07.689+0800] {processor.py:157} INFO - Started process (PID=75360) to work on /opt/homebrew/lib/python3.11/site-packages/airflow/example_dags/example_trigger_controller_dag.py
[2023-09-15T05:22:07.690+0800] {processor.py:829} INFO - Processing file /opt/homebrew/lib/python3.11/site-packages/airflow/example_dags/example_trigger_controller_dag.py for tasks to queue
[2023-09-15T05:22:07.690+0800] {logging_mixin.py:151} INFO - [2023-09-15T05:22:07.690+0800] {dagbag.py:539} INFO - Filling up the DagBag from /opt/homebrew/lib/python3.11/site-packages/airflow/example_dags/example_trigger_controller_dag.py
[2023-09-15T05:22:07.706+0800] {processor.py:839} INFO - DAG(s) dict_keys(['example_trigger_controller_dag']) retrieved from /opt/homebrew/lib/python3.11/site-packages/airflow/example_dags/example_trigger_controller_dag.py
[2023-09-15T05:22:07.799+0800] {logging_mixin.py:151} INFO - [2023-09-15T05:22:07.799+0800] {dag.py:2915} INFO - Sync 1 DAGs
[2023-09-15T05:22:07.807+0800] {logging_mixin.py:151} INFO - [2023-09-15T05:22:07.807+0800] {dag.py:3696} INFO - Setting next_dagrun for example_trigger_controller_dag to 2021-01-01T00:00:00+00:00, run_after=2021-01-01T00:00:00+00:00
[2023-09-15T05:22:07.817+0800] {processor.py:179} INFO - Processing /opt/homebrew/lib/python3.11/site-packages/airflow/example_dags/example_trigger_controller_dag.py took 0.129 seconds
