[2023-09-14T10:02:00.560+0800] {processor.py:157} INFO - Started process (PID=66949) to work on /opt/homebrew/lib/python3.11/site-packages/airflow/example_dags/example_short_circuit_decorator.py
[2023-09-14T10:02:00.561+0800] {processor.py:829} INFO - Processing file /opt/homebrew/lib/python3.11/site-packages/airflow/example_dags/example_short_circuit_decorator.py for tasks to queue
[2023-09-14T10:02:00.561+0800] {logging_mixin.py:151} INFO - [2023-09-14T10:02:00.561+0800] {dagbag.py:539} INFO - Filling up the DagBag from /opt/homebrew/lib/python3.11/site-packages/airflow/example_dags/example_short_circuit_decorator.py
[2023-09-14T10:02:00.593+0800] {processor.py:839} INFO - DAG(s) dict_keys(['example_short_circuit_decorator']) retrieved from /opt/homebrew/lib/python3.11/site-packages/airflow/example_dags/example_short_circuit_decorator.py
[2023-09-14T10:02:00.687+0800] {logging_mixin.py:151} INFO - [2023-09-14T10:02:00.687+0800] {dag.py:2915} INFO - Sync 1 DAGs
[2023-09-14T10:02:00.696+0800] {logging_mixin.py:151} INFO - [2023-09-14T10:02:00.696+0800] {dag.py:3696} INFO - Setting next_dagrun for example_short_circuit_decorator to 2023-09-13T02:02:00.696075+00:00, run_after=2023-09-14T02:02:00.696075+00:00
[2023-09-14T10:02:00.706+0800] {processor.py:179} INFO - Processing /opt/homebrew/lib/python3.11/site-packages/airflow/example_dags/example_short_circuit_decorator.py took 0.146 seconds
[2023-09-14T10:32:34.350+0800] {processor.py:157} INFO - Started process (PID=67159) to work on /opt/homebrew/lib/python3.11/site-packages/airflow/example_dags/example_short_circuit_decorator.py
[2023-09-14T10:32:34.351+0800] {processor.py:829} INFO - Processing file /opt/homebrew/lib/python3.11/site-packages/airflow/example_dags/example_short_circuit_decorator.py for tasks to queue
[2023-09-14T10:32:34.351+0800] {logging_mixin.py:151} INFO - [2023-09-14T10:32:34.351+0800] {dagbag.py:539} INFO - Filling up the DagBag from /opt/homebrew/lib/python3.11/site-packages/airflow/example_dags/example_short_circuit_decorator.py
[2023-09-14T10:32:34.392+0800] {processor.py:839} INFO - DAG(s) dict_keys(['example_short_circuit_decorator']) retrieved from /opt/homebrew/lib/python3.11/site-packages/airflow/example_dags/example_short_circuit_decorator.py
[2023-09-14T10:32:34.508+0800] {logging_mixin.py:151} INFO - [2023-09-14T10:32:34.508+0800] {dag.py:2915} INFO - Sync 1 DAGs
[2023-09-14T10:32:34.519+0800] {logging_mixin.py:151} INFO - [2023-09-14T10:32:34.519+0800] {dag.py:3696} INFO - Setting next_dagrun for example_short_circuit_decorator to 2023-09-13T02:32:34.519457+00:00, run_after=2023-09-14T02:32:34.519457+00:00
[2023-09-14T10:32:34.531+0800] {processor.py:179} INFO - Processing /opt/homebrew/lib/python3.11/site-packages/airflow/example_dags/example_short_circuit_decorator.py took 0.182 seconds
[2023-09-14T10:34:11.279+0800] {processor.py:157} INFO - Started process (PID=67334) to work on /opt/homebrew/lib/python3.11/site-packages/airflow/example_dags/example_short_circuit_decorator.py
[2023-09-14T10:34:11.279+0800] {processor.py:829} INFO - Processing file /opt/homebrew/lib/python3.11/site-packages/airflow/example_dags/example_short_circuit_decorator.py for tasks to queue
[2023-09-14T10:34:11.279+0800] {logging_mixin.py:151} INFO - [2023-09-14T10:34:11.279+0800] {dagbag.py:539} INFO - Filling up the DagBag from /opt/homebrew/lib/python3.11/site-packages/airflow/example_dags/example_short_circuit_decorator.py
[2023-09-14T10:34:11.312+0800] {processor.py:839} INFO - DAG(s) dict_keys(['example_short_circuit_decorator']) retrieved from /opt/homebrew/lib/python3.11/site-packages/airflow/example_dags/example_short_circuit_decorator.py
[2023-09-14T10:34:11.407+0800] {logging_mixin.py:151} INFO - [2023-09-14T10:34:11.406+0800] {dag.py:2915} INFO - Sync 1 DAGs
[2023-09-14T10:34:11.415+0800] {logging_mixin.py:151} INFO - [2023-09-14T10:34:11.415+0800] {dag.py:3696} INFO - Setting next_dagrun for example_short_circuit_decorator to 2023-09-13T02:34:11.415452+00:00, run_after=2023-09-14T02:34:11.415452+00:00
[2023-09-14T10:34:11.425+0800] {processor.py:179} INFO - Processing /opt/homebrew/lib/python3.11/site-packages/airflow/example_dags/example_short_circuit_decorator.py took 0.147 seconds
[2023-09-14T10:35:58.478+0800] {processor.py:157} INFO - Started process (PID=67546) to work on /opt/homebrew/lib/python3.11/site-packages/airflow/example_dags/example_short_circuit_decorator.py
[2023-09-14T10:35:58.478+0800] {processor.py:829} INFO - Processing file /opt/homebrew/lib/python3.11/site-packages/airflow/example_dags/example_short_circuit_decorator.py for tasks to queue
[2023-09-14T10:35:58.479+0800] {logging_mixin.py:151} INFO - [2023-09-14T10:35:58.478+0800] {dagbag.py:539} INFO - Filling up the DagBag from /opt/homebrew/lib/python3.11/site-packages/airflow/example_dags/example_short_circuit_decorator.py
[2023-09-14T10:35:58.511+0800] {processor.py:839} INFO - DAG(s) dict_keys(['example_short_circuit_decorator']) retrieved from /opt/homebrew/lib/python3.11/site-packages/airflow/example_dags/example_short_circuit_decorator.py
[2023-09-14T10:35:58.605+0800] {logging_mixin.py:151} INFO - [2023-09-14T10:35:58.605+0800] {dag.py:2915} INFO - Sync 1 DAGs
[2023-09-14T10:35:58.613+0800] {logging_mixin.py:151} INFO - [2023-09-14T10:35:58.613+0800] {dag.py:3696} INFO - Setting next_dagrun for example_short_circuit_decorator to 2023-09-13T02:35:58.613675+00:00, run_after=2023-09-14T02:35:58.613675+00:00
[2023-09-14T10:35:58.623+0800] {processor.py:179} INFO - Processing /opt/homebrew/lib/python3.11/site-packages/airflow/example_dags/example_short_circuit_decorator.py took 0.146 seconds
[2023-09-14T10:37:37.827+0800] {processor.py:157} INFO - Started process (PID=67735) to work on /opt/homebrew/lib/python3.11/site-packages/airflow/example_dags/example_short_circuit_decorator.py
[2023-09-14T10:37:37.829+0800] {processor.py:829} INFO - Processing file /opt/homebrew/lib/python3.11/site-packages/airflow/example_dags/example_short_circuit_decorator.py for tasks to queue
[2023-09-14T10:37:37.829+0800] {logging_mixin.py:151} INFO - [2023-09-14T10:37:37.829+0800] {dagbag.py:539} INFO - Filling up the DagBag from /opt/homebrew/lib/python3.11/site-packages/airflow/example_dags/example_short_circuit_decorator.py
[2023-09-14T10:37:37.861+0800] {processor.py:839} INFO - DAG(s) dict_keys(['example_short_circuit_decorator']) retrieved from /opt/homebrew/lib/python3.11/site-packages/airflow/example_dags/example_short_circuit_decorator.py
[2023-09-14T10:37:37.955+0800] {logging_mixin.py:151} INFO - [2023-09-14T10:37:37.955+0800] {dag.py:2915} INFO - Sync 1 DAGs
[2023-09-14T10:37:37.963+0800] {logging_mixin.py:151} INFO - [2023-09-14T10:37:37.963+0800] {dag.py:3696} INFO - Setting next_dagrun for example_short_circuit_decorator to 2023-09-13T02:37:37.963738+00:00, run_after=2023-09-14T02:37:37.963738+00:00
[2023-09-14T10:37:37.973+0800] {processor.py:179} INFO - Processing /opt/homebrew/lib/python3.11/site-packages/airflow/example_dags/example_short_circuit_decorator.py took 0.146 seconds
[2023-09-14T10:39:22.401+0800] {processor.py:157} INFO - Started process (PID=67924) to work on /opt/homebrew/lib/python3.11/site-packages/airflow/example_dags/example_short_circuit_decorator.py
[2023-09-14T10:39:22.402+0800] {processor.py:829} INFO - Processing file /opt/homebrew/lib/python3.11/site-packages/airflow/example_dags/example_short_circuit_decorator.py for tasks to queue
[2023-09-14T10:39:22.402+0800] {logging_mixin.py:151} INFO - [2023-09-14T10:39:22.402+0800] {dagbag.py:539} INFO - Filling up the DagBag from /opt/homebrew/lib/python3.11/site-packages/airflow/example_dags/example_short_circuit_decorator.py
[2023-09-14T10:39:22.494+0800] {processor.py:839} INFO - DAG(s) dict_keys(['example_short_circuit_decorator']) retrieved from /opt/homebrew/lib/python3.11/site-packages/airflow/example_dags/example_short_circuit_decorator.py
[2023-09-14T10:39:22.611+0800] {logging_mixin.py:151} INFO - [2023-09-14T10:39:22.611+0800] {dag.py:2915} INFO - Sync 1 DAGs
[2023-09-14T10:39:22.621+0800] {logging_mixin.py:151} INFO - [2023-09-14T10:39:22.621+0800] {dag.py:3696} INFO - Setting next_dagrun for example_short_circuit_decorator to 2023-09-13T02:39:22.621602+00:00, run_after=2023-09-14T02:39:22.621602+00:00
[2023-09-14T10:39:22.634+0800] {processor.py:179} INFO - Processing /opt/homebrew/lib/python3.11/site-packages/airflow/example_dags/example_short_circuit_decorator.py took 0.233 seconds
[2023-09-14T10:41:10.351+0800] {processor.py:157} INFO - Started process (PID=68118) to work on /opt/homebrew/lib/python3.11/site-packages/airflow/example_dags/example_short_circuit_decorator.py
[2023-09-14T10:41:10.351+0800] {processor.py:829} INFO - Processing file /opt/homebrew/lib/python3.11/site-packages/airflow/example_dags/example_short_circuit_decorator.py for tasks to queue
[2023-09-14T10:41:10.352+0800] {logging_mixin.py:151} INFO - [2023-09-14T10:41:10.351+0800] {dagbag.py:539} INFO - Filling up the DagBag from /opt/homebrew/lib/python3.11/site-packages/airflow/example_dags/example_short_circuit_decorator.py
[2023-09-14T10:41:10.383+0800] {processor.py:839} INFO - DAG(s) dict_keys(['example_short_circuit_decorator']) retrieved from /opt/homebrew/lib/python3.11/site-packages/airflow/example_dags/example_short_circuit_decorator.py
[2023-09-14T10:41:10.478+0800] {logging_mixin.py:151} INFO - [2023-09-14T10:41:10.477+0800] {dag.py:2915} INFO - Sync 1 DAGs
[2023-09-14T10:41:10.486+0800] {logging_mixin.py:151} INFO - [2023-09-14T10:41:10.486+0800] {dag.py:3696} INFO - Setting next_dagrun for example_short_circuit_decorator to 2023-09-13T02:41:10.486386+00:00, run_after=2023-09-14T02:41:10.486386+00:00
[2023-09-14T10:41:10.496+0800] {processor.py:179} INFO - Processing /opt/homebrew/lib/python3.11/site-packages/airflow/example_dags/example_short_circuit_decorator.py took 0.146 seconds
[2023-09-14T10:42:55.219+0800] {processor.py:157} INFO - Started process (PID=68302) to work on /opt/homebrew/lib/python3.11/site-packages/airflow/example_dags/example_short_circuit_decorator.py
[2023-09-14T10:42:55.220+0800] {processor.py:829} INFO - Processing file /opt/homebrew/lib/python3.11/site-packages/airflow/example_dags/example_short_circuit_decorator.py for tasks to queue
[2023-09-14T10:42:55.220+0800] {logging_mixin.py:151} INFO - [2023-09-14T10:42:55.220+0800] {dagbag.py:539} INFO - Filling up the DagBag from /opt/homebrew/lib/python3.11/site-packages/airflow/example_dags/example_short_circuit_decorator.py
[2023-09-14T10:42:55.252+0800] {processor.py:839} INFO - DAG(s) dict_keys(['example_short_circuit_decorator']) retrieved from /opt/homebrew/lib/python3.11/site-packages/airflow/example_dags/example_short_circuit_decorator.py
[2023-09-14T10:42:55.348+0800] {logging_mixin.py:151} INFO - [2023-09-14T10:42:55.348+0800] {dag.py:2915} INFO - Sync 1 DAGs
[2023-09-14T10:42:55.357+0800] {logging_mixin.py:151} INFO - [2023-09-14T10:42:55.357+0800] {dag.py:3696} INFO - Setting next_dagrun for example_short_circuit_decorator to 2023-09-13T02:42:55.357422+00:00, run_after=2023-09-14T02:42:55.357422+00:00
[2023-09-14T10:42:55.367+0800] {processor.py:179} INFO - Processing /opt/homebrew/lib/python3.11/site-packages/airflow/example_dags/example_short_circuit_decorator.py took 0.148 seconds
[2023-09-14T10:44:40.405+0800] {processor.py:157} INFO - Started process (PID=68492) to work on /opt/homebrew/lib/python3.11/site-packages/airflow/example_dags/example_short_circuit_decorator.py
[2023-09-14T10:44:40.406+0800] {processor.py:829} INFO - Processing file /opt/homebrew/lib/python3.11/site-packages/airflow/example_dags/example_short_circuit_decorator.py for tasks to queue
[2023-09-14T10:44:40.406+0800] {logging_mixin.py:151} INFO - [2023-09-14T10:44:40.406+0800] {dagbag.py:539} INFO - Filling up the DagBag from /opt/homebrew/lib/python3.11/site-packages/airflow/example_dags/example_short_circuit_decorator.py
[2023-09-14T10:44:40.438+0800] {processor.py:839} INFO - DAG(s) dict_keys(['example_short_circuit_decorator']) retrieved from /opt/homebrew/lib/python3.11/site-packages/airflow/example_dags/example_short_circuit_decorator.py
[2023-09-14T10:44:40.533+0800] {logging_mixin.py:151} INFO - [2023-09-14T10:44:40.533+0800] {dag.py:2915} INFO - Sync 1 DAGs
[2023-09-14T10:44:40.542+0800] {logging_mixin.py:151} INFO - [2023-09-14T10:44:40.541+0800] {dag.py:3696} INFO - Setting next_dagrun for example_short_circuit_decorator to 2023-09-13T02:44:40.541873+00:00, run_after=2023-09-14T02:44:40.541873+00:00
[2023-09-14T10:44:40.552+0800] {processor.py:179} INFO - Processing /opt/homebrew/lib/python3.11/site-packages/airflow/example_dags/example_short_circuit_decorator.py took 0.147 seconds
[2023-09-14T10:46:24.475+0800] {processor.py:157} INFO - Started process (PID=68685) to work on /opt/homebrew/lib/python3.11/site-packages/airflow/example_dags/example_short_circuit_decorator.py
[2023-09-14T10:46:24.477+0800] {processor.py:829} INFO - Processing file /opt/homebrew/lib/python3.11/site-packages/airflow/example_dags/example_short_circuit_decorator.py for tasks to queue
[2023-09-14T10:46:24.477+0800] {logging_mixin.py:151} INFO - [2023-09-14T10:46:24.477+0800] {dagbag.py:539} INFO - Filling up the DagBag from /opt/homebrew/lib/python3.11/site-packages/airflow/example_dags/example_short_circuit_decorator.py
[2023-09-14T10:46:24.509+0800] {processor.py:839} INFO - DAG(s) dict_keys(['example_short_circuit_decorator']) retrieved from /opt/homebrew/lib/python3.11/site-packages/airflow/example_dags/example_short_circuit_decorator.py
[2023-09-14T10:46:24.604+0800] {logging_mixin.py:151} INFO - [2023-09-14T10:46:24.603+0800] {dag.py:2915} INFO - Sync 1 DAGs
[2023-09-14T10:46:24.612+0800] {logging_mixin.py:151} INFO - [2023-09-14T10:46:24.612+0800] {dag.py:3696} INFO - Setting next_dagrun for example_short_circuit_decorator to 2023-09-13T02:46:24.612347+00:00, run_after=2023-09-14T02:46:24.612347+00:00
[2023-09-14T10:46:24.622+0800] {processor.py:179} INFO - Processing /opt/homebrew/lib/python3.11/site-packages/airflow/example_dags/example_short_circuit_decorator.py took 0.147 seconds
[2023-09-14T10:48:06.715+0800] {processor.py:157} INFO - Started process (PID=68869) to work on /opt/homebrew/lib/python3.11/site-packages/airflow/example_dags/example_short_circuit_decorator.py
[2023-09-14T10:48:06.716+0800] {processor.py:829} INFO - Processing file /opt/homebrew/lib/python3.11/site-packages/airflow/example_dags/example_short_circuit_decorator.py for tasks to queue
[2023-09-14T10:48:06.717+0800] {logging_mixin.py:151} INFO - [2023-09-14T10:48:06.716+0800] {dagbag.py:539} INFO - Filling up the DagBag from /opt/homebrew/lib/python3.11/site-packages/airflow/example_dags/example_short_circuit_decorator.py
[2023-09-14T10:48:06.749+0800] {processor.py:839} INFO - DAG(s) dict_keys(['example_short_circuit_decorator']) retrieved from /opt/homebrew/lib/python3.11/site-packages/airflow/example_dags/example_short_circuit_decorator.py
[2023-09-14T10:48:06.842+0800] {logging_mixin.py:151} INFO - [2023-09-14T10:48:06.842+0800] {dag.py:2915} INFO - Sync 1 DAGs
[2023-09-14T10:48:06.851+0800] {logging_mixin.py:151} INFO - [2023-09-14T10:48:06.851+0800] {dag.py:3696} INFO - Setting next_dagrun for example_short_circuit_decorator to 2023-09-13T02:48:06.851135+00:00, run_after=2023-09-14T02:48:06.851135+00:00
[2023-09-14T10:48:06.861+0800] {processor.py:179} INFO - Processing /opt/homebrew/lib/python3.11/site-packages/airflow/example_dags/example_short_circuit_decorator.py took 0.146 seconds
[2023-09-14T10:49:56.878+0800] {processor.py:157} INFO - Started process (PID=69061) to work on /opt/homebrew/lib/python3.11/site-packages/airflow/example_dags/example_short_circuit_decorator.py
[2023-09-14T10:49:56.878+0800] {processor.py:829} INFO - Processing file /opt/homebrew/lib/python3.11/site-packages/airflow/example_dags/example_short_circuit_decorator.py for tasks to queue
[2023-09-14T10:49:56.879+0800] {logging_mixin.py:151} INFO - [2023-09-14T10:49:56.878+0800] {dagbag.py:539} INFO - Filling up the DagBag from /opt/homebrew/lib/python3.11/site-packages/airflow/example_dags/example_short_circuit_decorator.py
[2023-09-14T10:49:56.910+0800] {processor.py:839} INFO - DAG(s) dict_keys(['example_short_circuit_decorator']) retrieved from /opt/homebrew/lib/python3.11/site-packages/airflow/example_dags/example_short_circuit_decorator.py
[2023-09-14T10:49:57.004+0800] {logging_mixin.py:151} INFO - [2023-09-14T10:49:57.004+0800] {dag.py:2915} INFO - Sync 1 DAGs
[2023-09-14T10:49:57.012+0800] {logging_mixin.py:151} INFO - [2023-09-14T10:49:57.012+0800] {dag.py:3696} INFO - Setting next_dagrun for example_short_circuit_decorator to 2023-09-13T02:49:57.012737+00:00, run_after=2023-09-14T02:49:57.012737+00:00
[2023-09-14T10:49:57.022+0800] {processor.py:179} INFO - Processing /opt/homebrew/lib/python3.11/site-packages/airflow/example_dags/example_short_circuit_decorator.py took 0.145 seconds
[2023-09-14T10:51:42.662+0800] {processor.py:157} INFO - Started process (PID=69253) to work on /opt/homebrew/lib/python3.11/site-packages/airflow/example_dags/example_short_circuit_decorator.py
[2023-09-14T10:51:42.663+0800] {processor.py:829} INFO - Processing file /opt/homebrew/lib/python3.11/site-packages/airflow/example_dags/example_short_circuit_decorator.py for tasks to queue
[2023-09-14T10:51:42.663+0800] {logging_mixin.py:151} INFO - [2023-09-14T10:51:42.663+0800] {dagbag.py:539} INFO - Filling up the DagBag from /opt/homebrew/lib/python3.11/site-packages/airflow/example_dags/example_short_circuit_decorator.py
[2023-09-14T10:51:42.695+0800] {processor.py:839} INFO - DAG(s) dict_keys(['example_short_circuit_decorator']) retrieved from /opt/homebrew/lib/python3.11/site-packages/airflow/example_dags/example_short_circuit_decorator.py
[2023-09-14T10:51:42.790+0800] {logging_mixin.py:151} INFO - [2023-09-14T10:51:42.790+0800] {dag.py:2915} INFO - Sync 1 DAGs
[2023-09-14T10:51:42.798+0800] {logging_mixin.py:151} INFO - [2023-09-14T10:51:42.798+0800] {dag.py:3696} INFO - Setting next_dagrun for example_short_circuit_decorator to 2023-09-13T02:51:42.798476+00:00, run_after=2023-09-14T02:51:42.798476+00:00
[2023-09-14T10:51:42.808+0800] {processor.py:179} INFO - Processing /opt/homebrew/lib/python3.11/site-packages/airflow/example_dags/example_short_circuit_decorator.py took 0.146 seconds
[2023-09-14T10:53:34.079+0800] {processor.py:157} INFO - Started process (PID=69455) to work on /opt/homebrew/lib/python3.11/site-packages/airflow/example_dags/example_short_circuit_decorator.py
[2023-09-14T10:53:34.080+0800] {processor.py:829} INFO - Processing file /opt/homebrew/lib/python3.11/site-packages/airflow/example_dags/example_short_circuit_decorator.py for tasks to queue
[2023-09-14T10:53:34.080+0800] {logging_mixin.py:151} INFO - [2023-09-14T10:53:34.080+0800] {dagbag.py:539} INFO - Filling up the DagBag from /opt/homebrew/lib/python3.11/site-packages/airflow/example_dags/example_short_circuit_decorator.py
[2023-09-14T10:53:34.112+0800] {processor.py:839} INFO - DAG(s) dict_keys(['example_short_circuit_decorator']) retrieved from /opt/homebrew/lib/python3.11/site-packages/airflow/example_dags/example_short_circuit_decorator.py
[2023-09-14T10:53:34.207+0800] {logging_mixin.py:151} INFO - [2023-09-14T10:53:34.207+0800] {dag.py:2915} INFO - Sync 1 DAGs
[2023-09-14T10:53:34.215+0800] {logging_mixin.py:151} INFO - [2023-09-14T10:53:34.215+0800] {dag.py:3696} INFO - Setting next_dagrun for example_short_circuit_decorator to 2023-09-13T02:53:34.215545+00:00, run_after=2023-09-14T02:53:34.215545+00:00
[2023-09-14T10:53:34.225+0800] {processor.py:179} INFO - Processing /opt/homebrew/lib/python3.11/site-packages/airflow/example_dags/example_short_circuit_decorator.py took 0.147 seconds
[2023-09-14T10:55:18.980+0800] {processor.py:157} INFO - Started process (PID=69665) to work on /opt/homebrew/lib/python3.11/site-packages/airflow/example_dags/example_short_circuit_decorator.py
[2023-09-14T10:55:18.982+0800] {processor.py:829} INFO - Processing file /opt/homebrew/lib/python3.11/site-packages/airflow/example_dags/example_short_circuit_decorator.py for tasks to queue
[2023-09-14T10:55:18.982+0800] {logging_mixin.py:151} INFO - [2023-09-14T10:55:18.982+0800] {dagbag.py:539} INFO - Filling up the DagBag from /opt/homebrew/lib/python3.11/site-packages/airflow/example_dags/example_short_circuit_decorator.py
[2023-09-14T10:55:19.014+0800] {processor.py:839} INFO - DAG(s) dict_keys(['example_short_circuit_decorator']) retrieved from /opt/homebrew/lib/python3.11/site-packages/airflow/example_dags/example_short_circuit_decorator.py
[2023-09-14T10:55:19.109+0800] {logging_mixin.py:151} INFO - [2023-09-14T10:55:19.109+0800] {dag.py:2915} INFO - Sync 1 DAGs
[2023-09-14T10:55:19.117+0800] {logging_mixin.py:151} INFO - [2023-09-14T10:55:19.117+0800] {dag.py:3696} INFO - Setting next_dagrun for example_short_circuit_decorator to 2023-09-13T02:55:19.117436+00:00, run_after=2023-09-14T02:55:19.117436+00:00
[2023-09-14T10:55:19.127+0800] {processor.py:179} INFO - Processing /opt/homebrew/lib/python3.11/site-packages/airflow/example_dags/example_short_circuit_decorator.py took 0.147 seconds
[2023-09-14T10:57:03.468+0800] {processor.py:157} INFO - Started process (PID=69847) to work on /opt/homebrew/lib/python3.11/site-packages/airflow/example_dags/example_short_circuit_decorator.py
[2023-09-14T10:57:03.469+0800] {processor.py:829} INFO - Processing file /opt/homebrew/lib/python3.11/site-packages/airflow/example_dags/example_short_circuit_decorator.py for tasks to queue
[2023-09-14T10:57:03.469+0800] {logging_mixin.py:151} INFO - [2023-09-14T10:57:03.469+0800] {dagbag.py:539} INFO - Filling up the DagBag from /opt/homebrew/lib/python3.11/site-packages/airflow/example_dags/example_short_circuit_decorator.py
[2023-09-14T10:57:03.502+0800] {processor.py:839} INFO - DAG(s) dict_keys(['example_short_circuit_decorator']) retrieved from /opt/homebrew/lib/python3.11/site-packages/airflow/example_dags/example_short_circuit_decorator.py
[2023-09-14T10:57:03.599+0800] {logging_mixin.py:151} INFO - [2023-09-14T10:57:03.599+0800] {dag.py:2915} INFO - Sync 1 DAGs
[2023-09-14T10:57:03.607+0800] {logging_mixin.py:151} INFO - [2023-09-14T10:57:03.607+0800] {dag.py:3696} INFO - Setting next_dagrun for example_short_circuit_decorator to 2023-09-13T02:57:03.607501+00:00, run_after=2023-09-14T02:57:03.607501+00:00
[2023-09-14T10:57:03.617+0800] {processor.py:179} INFO - Processing /opt/homebrew/lib/python3.11/site-packages/airflow/example_dags/example_short_circuit_decorator.py took 0.149 seconds
[2023-09-14T10:58:42.930+0800] {processor.py:157} INFO - Started process (PID=70031) to work on /opt/homebrew/lib/python3.11/site-packages/airflow/example_dags/example_short_circuit_decorator.py
[2023-09-14T10:58:42.930+0800] {processor.py:829} INFO - Processing file /opt/homebrew/lib/python3.11/site-packages/airflow/example_dags/example_short_circuit_decorator.py for tasks to queue
[2023-09-14T10:58:42.930+0800] {logging_mixin.py:151} INFO - [2023-09-14T10:58:42.930+0800] {dagbag.py:539} INFO - Filling up the DagBag from /opt/homebrew/lib/python3.11/site-packages/airflow/example_dags/example_short_circuit_decorator.py
[2023-09-14T10:58:42.962+0800] {processor.py:839} INFO - DAG(s) dict_keys(['example_short_circuit_decorator']) retrieved from /opt/homebrew/lib/python3.11/site-packages/airflow/example_dags/example_short_circuit_decorator.py
[2023-09-14T10:58:43.057+0800] {logging_mixin.py:151} INFO - [2023-09-14T10:58:43.057+0800] {dag.py:2915} INFO - Sync 1 DAGs
[2023-09-14T10:58:43.065+0800] {logging_mixin.py:151} INFO - [2023-09-14T10:58:43.065+0800] {dag.py:3696} INFO - Setting next_dagrun for example_short_circuit_decorator to 2023-09-13T02:58:43.065506+00:00, run_after=2023-09-14T02:58:43.065506+00:00
[2023-09-14T10:58:43.076+0800] {processor.py:179} INFO - Processing /opt/homebrew/lib/python3.11/site-packages/airflow/example_dags/example_short_circuit_decorator.py took 0.146 seconds
[2023-09-14T11:00:25.119+0800] {processor.py:157} INFO - Started process (PID=70220) to work on /opt/homebrew/lib/python3.11/site-packages/airflow/example_dags/example_short_circuit_decorator.py
[2023-09-14T11:00:25.120+0800] {processor.py:829} INFO - Processing file /opt/homebrew/lib/python3.11/site-packages/airflow/example_dags/example_short_circuit_decorator.py for tasks to queue
[2023-09-14T11:00:25.120+0800] {logging_mixin.py:151} INFO - [2023-09-14T11:00:25.120+0800] {dagbag.py:539} INFO - Filling up the DagBag from /opt/homebrew/lib/python3.11/site-packages/airflow/example_dags/example_short_circuit_decorator.py
[2023-09-14T11:00:25.152+0800] {processor.py:839} INFO - DAG(s) dict_keys(['example_short_circuit_decorator']) retrieved from /opt/homebrew/lib/python3.11/site-packages/airflow/example_dags/example_short_circuit_decorator.py
[2023-09-14T11:00:25.246+0800] {logging_mixin.py:151} INFO - [2023-09-14T11:00:25.246+0800] {dag.py:2915} INFO - Sync 1 DAGs
[2023-09-14T11:00:25.255+0800] {logging_mixin.py:151} INFO - [2023-09-14T11:00:25.255+0800] {dag.py:3696} INFO - Setting next_dagrun for example_short_circuit_decorator to 2023-09-13T03:00:25.254938+00:00, run_after=2023-09-14T03:00:25.254938+00:00
[2023-09-14T11:00:25.265+0800] {processor.py:179} INFO - Processing /opt/homebrew/lib/python3.11/site-packages/airflow/example_dags/example_short_circuit_decorator.py took 0.146 seconds
[2023-09-14T11:02:09.625+0800] {processor.py:157} INFO - Started process (PID=70408) to work on /opt/homebrew/lib/python3.11/site-packages/airflow/example_dags/example_short_circuit_decorator.py
[2023-09-14T11:02:09.625+0800] {processor.py:829} INFO - Processing file /opt/homebrew/lib/python3.11/site-packages/airflow/example_dags/example_short_circuit_decorator.py for tasks to queue
[2023-09-14T11:02:09.625+0800] {logging_mixin.py:151} INFO - [2023-09-14T11:02:09.625+0800] {dagbag.py:539} INFO - Filling up the DagBag from /opt/homebrew/lib/python3.11/site-packages/airflow/example_dags/example_short_circuit_decorator.py
[2023-09-14T11:02:09.657+0800] {processor.py:839} INFO - DAG(s) dict_keys(['example_short_circuit_decorator']) retrieved from /opt/homebrew/lib/python3.11/site-packages/airflow/example_dags/example_short_circuit_decorator.py
[2023-09-14T11:02:09.752+0800] {logging_mixin.py:151} INFO - [2023-09-14T11:02:09.752+0800] {dag.py:2915} INFO - Sync 1 DAGs
[2023-09-14T11:02:09.760+0800] {logging_mixin.py:151} INFO - [2023-09-14T11:02:09.760+0800] {dag.py:3696} INFO - Setting next_dagrun for example_short_circuit_decorator to 2023-09-13T03:02:09.760479+00:00, run_after=2023-09-14T03:02:09.760479+00:00
[2023-09-14T11:02:09.771+0800] {processor.py:179} INFO - Processing /opt/homebrew/lib/python3.11/site-packages/airflow/example_dags/example_short_circuit_decorator.py took 0.146 seconds
[2023-09-14T11:03:52.746+0800] {processor.py:157} INFO - Started process (PID=70590) to work on /opt/homebrew/lib/python3.11/site-packages/airflow/example_dags/example_short_circuit_decorator.py
[2023-09-14T11:03:52.746+0800] {processor.py:829} INFO - Processing file /opt/homebrew/lib/python3.11/site-packages/airflow/example_dags/example_short_circuit_decorator.py for tasks to queue
[2023-09-14T11:03:52.746+0800] {logging_mixin.py:151} INFO - [2023-09-14T11:03:52.746+0800] {dagbag.py:539} INFO - Filling up the DagBag from /opt/homebrew/lib/python3.11/site-packages/airflow/example_dags/example_short_circuit_decorator.py
[2023-09-14T11:03:52.778+0800] {processor.py:839} INFO - DAG(s) dict_keys(['example_short_circuit_decorator']) retrieved from /opt/homebrew/lib/python3.11/site-packages/airflow/example_dags/example_short_circuit_decorator.py
[2023-09-14T11:03:52.872+0800] {logging_mixin.py:151} INFO - [2023-09-14T11:03:52.872+0800] {dag.py:2915} INFO - Sync 1 DAGs
[2023-09-14T11:03:52.880+0800] {logging_mixin.py:151} INFO - [2023-09-14T11:03:52.880+0800] {dag.py:3696} INFO - Setting next_dagrun for example_short_circuit_decorator to 2023-09-13T03:03:52.880724+00:00, run_after=2023-09-14T03:03:52.880724+00:00
[2023-09-14T11:03:52.890+0800] {processor.py:179} INFO - Processing /opt/homebrew/lib/python3.11/site-packages/airflow/example_dags/example_short_circuit_decorator.py took 0.145 seconds
[2023-09-14T11:05:40.449+0800] {processor.py:157} INFO - Started process (PID=70805) to work on /opt/homebrew/lib/python3.11/site-packages/airflow/example_dags/example_short_circuit_decorator.py
[2023-09-14T11:05:40.450+0800] {processor.py:829} INFO - Processing file /opt/homebrew/lib/python3.11/site-packages/airflow/example_dags/example_short_circuit_decorator.py for tasks to queue
[2023-09-14T11:05:40.450+0800] {logging_mixin.py:151} INFO - [2023-09-14T11:05:40.450+0800] {dagbag.py:539} INFO - Filling up the DagBag from /opt/homebrew/lib/python3.11/site-packages/airflow/example_dags/example_short_circuit_decorator.py
[2023-09-14T11:05:40.482+0800] {processor.py:839} INFO - DAG(s) dict_keys(['example_short_circuit_decorator']) retrieved from /opt/homebrew/lib/python3.11/site-packages/airflow/example_dags/example_short_circuit_decorator.py
[2023-09-14T11:05:40.576+0800] {logging_mixin.py:151} INFO - [2023-09-14T11:05:40.576+0800] {dag.py:2915} INFO - Sync 1 DAGs
[2023-09-14T11:05:40.584+0800] {logging_mixin.py:151} INFO - [2023-09-14T11:05:40.584+0800] {dag.py:3696} INFO - Setting next_dagrun for example_short_circuit_decorator to 2023-09-13T03:05:40.584564+00:00, run_after=2023-09-14T03:05:40.584564+00:00
[2023-09-14T11:05:40.594+0800] {processor.py:179} INFO - Processing /opt/homebrew/lib/python3.11/site-packages/airflow/example_dags/example_short_circuit_decorator.py took 0.145 seconds
[2023-09-14T11:07:22.232+0800] {processor.py:157} INFO - Started process (PID=70986) to work on /opt/homebrew/lib/python3.11/site-packages/airflow/example_dags/example_short_circuit_decorator.py
[2023-09-14T11:07:22.232+0800] {processor.py:829} INFO - Processing file /opt/homebrew/lib/python3.11/site-packages/airflow/example_dags/example_short_circuit_decorator.py for tasks to queue
[2023-09-14T11:07:22.233+0800] {logging_mixin.py:151} INFO - [2023-09-14T11:07:22.232+0800] {dagbag.py:539} INFO - Filling up the DagBag from /opt/homebrew/lib/python3.11/site-packages/airflow/example_dags/example_short_circuit_decorator.py
[2023-09-14T11:07:22.264+0800] {processor.py:839} INFO - DAG(s) dict_keys(['example_short_circuit_decorator']) retrieved from /opt/homebrew/lib/python3.11/site-packages/airflow/example_dags/example_short_circuit_decorator.py
[2023-09-14T11:07:22.358+0800] {logging_mixin.py:151} INFO - [2023-09-14T11:07:22.358+0800] {dag.py:2915} INFO - Sync 1 DAGs
[2023-09-14T11:07:22.366+0800] {logging_mixin.py:151} INFO - [2023-09-14T11:07:22.366+0800] {dag.py:3696} INFO - Setting next_dagrun for example_short_circuit_decorator to 2023-09-13T03:07:22.366393+00:00, run_after=2023-09-14T03:07:22.366393+00:00
[2023-09-14T11:07:22.376+0800] {processor.py:179} INFO - Processing /opt/homebrew/lib/python3.11/site-packages/airflow/example_dags/example_short_circuit_decorator.py took 0.145 seconds
[2023-09-14T11:23:20.446+0800] {processor.py:157} INFO - Started process (PID=71204) to work on /opt/homebrew/lib/python3.11/site-packages/airflow/example_dags/example_short_circuit_decorator.py
[2023-09-14T11:23:20.446+0800] {processor.py:829} INFO - Processing file /opt/homebrew/lib/python3.11/site-packages/airflow/example_dags/example_short_circuit_decorator.py for tasks to queue
[2023-09-14T11:23:20.447+0800] {logging_mixin.py:151} INFO - [2023-09-14T11:23:20.446+0800] {dagbag.py:539} INFO - Filling up the DagBag from /opt/homebrew/lib/python3.11/site-packages/airflow/example_dags/example_short_circuit_decorator.py
[2023-09-14T11:23:20.482+0800] {processor.py:839} INFO - DAG(s) dict_keys(['example_short_circuit_decorator']) retrieved from /opt/homebrew/lib/python3.11/site-packages/airflow/example_dags/example_short_circuit_decorator.py
[2023-09-14T11:23:20.591+0800] {logging_mixin.py:151} INFO - [2023-09-14T11:23:20.590+0800] {dag.py:2915} INFO - Sync 1 DAGs
[2023-09-14T11:23:20.600+0800] {logging_mixin.py:151} INFO - [2023-09-14T11:23:20.600+0800] {dag.py:3696} INFO - Setting next_dagrun for example_short_circuit_decorator to 2023-09-13T03:23:20.600065+00:00, run_after=2023-09-14T03:23:20.600065+00:00
[2023-09-14T11:23:20.610+0800] {processor.py:179} INFO - Processing /opt/homebrew/lib/python3.11/site-packages/airflow/example_dags/example_short_circuit_decorator.py took 0.165 seconds
[2023-09-14T11:25:17.374+0800] {processor.py:157} INFO - Started process (PID=71419) to work on /opt/homebrew/lib/python3.11/site-packages/airflow/example_dags/example_short_circuit_decorator.py
[2023-09-14T11:25:17.374+0800] {processor.py:829} INFO - Processing file /opt/homebrew/lib/python3.11/site-packages/airflow/example_dags/example_short_circuit_decorator.py for tasks to queue
[2023-09-14T11:25:17.374+0800] {logging_mixin.py:151} INFO - [2023-09-14T11:25:17.374+0800] {dagbag.py:539} INFO - Filling up the DagBag from /opt/homebrew/lib/python3.11/site-packages/airflow/example_dags/example_short_circuit_decorator.py
[2023-09-14T11:25:17.406+0800] {processor.py:839} INFO - DAG(s) dict_keys(['example_short_circuit_decorator']) retrieved from /opt/homebrew/lib/python3.11/site-packages/airflow/example_dags/example_short_circuit_decorator.py
[2023-09-14T11:25:17.501+0800] {logging_mixin.py:151} INFO - [2023-09-14T11:25:17.501+0800] {dag.py:2915} INFO - Sync 1 DAGs
[2023-09-14T11:25:17.509+0800] {logging_mixin.py:151} INFO - [2023-09-14T11:25:17.509+0800] {dag.py:3696} INFO - Setting next_dagrun for example_short_circuit_decorator to 2023-09-13T03:25:17.509717+00:00, run_after=2023-09-14T03:25:17.509717+00:00
[2023-09-14T11:25:17.520+0800] {processor.py:179} INFO - Processing /opt/homebrew/lib/python3.11/site-packages/airflow/example_dags/example_short_circuit_decorator.py took 0.147 seconds
[2023-09-14T11:27:01.162+0800] {processor.py:157} INFO - Started process (PID=71604) to work on /opt/homebrew/lib/python3.11/site-packages/airflow/example_dags/example_short_circuit_decorator.py
[2023-09-14T11:27:01.163+0800] {processor.py:829} INFO - Processing file /opt/homebrew/lib/python3.11/site-packages/airflow/example_dags/example_short_circuit_decorator.py for tasks to queue
[2023-09-14T11:27:01.163+0800] {logging_mixin.py:151} INFO - [2023-09-14T11:27:01.163+0800] {dagbag.py:539} INFO - Filling up the DagBag from /opt/homebrew/lib/python3.11/site-packages/airflow/example_dags/example_short_circuit_decorator.py
[2023-09-14T11:27:01.196+0800] {processor.py:839} INFO - DAG(s) dict_keys(['example_short_circuit_decorator']) retrieved from /opt/homebrew/lib/python3.11/site-packages/airflow/example_dags/example_short_circuit_decorator.py
[2023-09-14T11:27:01.291+0800] {logging_mixin.py:151} INFO - [2023-09-14T11:27:01.291+0800] {dag.py:2915} INFO - Sync 1 DAGs
[2023-09-14T11:27:01.300+0800] {logging_mixin.py:151} INFO - [2023-09-14T11:27:01.299+0800] {dag.py:3696} INFO - Setting next_dagrun for example_short_circuit_decorator to 2023-09-13T03:27:01.299894+00:00, run_after=2023-09-14T03:27:01.299894+00:00
[2023-09-14T11:27:01.309+0800] {processor.py:179} INFO - Processing /opt/homebrew/lib/python3.11/site-packages/airflow/example_dags/example_short_circuit_decorator.py took 0.148 seconds
[2023-09-14T11:28:44.123+0800] {processor.py:157} INFO - Started process (PID=71793) to work on /opt/homebrew/lib/python3.11/site-packages/airflow/example_dags/example_short_circuit_decorator.py
[2023-09-14T11:28:44.123+0800] {processor.py:829} INFO - Processing file /opt/homebrew/lib/python3.11/site-packages/airflow/example_dags/example_short_circuit_decorator.py for tasks to queue
[2023-09-14T11:28:44.123+0800] {logging_mixin.py:151} INFO - [2023-09-14T11:28:44.123+0800] {dagbag.py:539} INFO - Filling up the DagBag from /opt/homebrew/lib/python3.11/site-packages/airflow/example_dags/example_short_circuit_decorator.py
[2023-09-14T11:28:44.157+0800] {processor.py:839} INFO - DAG(s) dict_keys(['example_short_circuit_decorator']) retrieved from /opt/homebrew/lib/python3.11/site-packages/airflow/example_dags/example_short_circuit_decorator.py
[2023-09-14T11:28:44.251+0800] {logging_mixin.py:151} INFO - [2023-09-14T11:28:44.251+0800] {dag.py:2915} INFO - Sync 1 DAGs
[2023-09-14T11:28:44.260+0800] {logging_mixin.py:151} INFO - [2023-09-14T11:28:44.260+0800] {dag.py:3696} INFO - Setting next_dagrun for example_short_circuit_decorator to 2023-09-13T03:28:44.260079+00:00, run_after=2023-09-14T03:28:44.260079+00:00
[2023-09-14T11:28:44.270+0800] {processor.py:179} INFO - Processing /opt/homebrew/lib/python3.11/site-packages/airflow/example_dags/example_short_circuit_decorator.py took 0.148 seconds
[2023-09-14T11:30:25.366+0800] {processor.py:157} INFO - Started process (PID=71973) to work on /opt/homebrew/lib/python3.11/site-packages/airflow/example_dags/example_short_circuit_decorator.py
[2023-09-14T11:30:25.366+0800] {processor.py:829} INFO - Processing file /opt/homebrew/lib/python3.11/site-packages/airflow/example_dags/example_short_circuit_decorator.py for tasks to queue
[2023-09-14T11:30:25.367+0800] {logging_mixin.py:151} INFO - [2023-09-14T11:30:25.366+0800] {dagbag.py:539} INFO - Filling up the DagBag from /opt/homebrew/lib/python3.11/site-packages/airflow/example_dags/example_short_circuit_decorator.py
[2023-09-14T11:30:25.398+0800] {processor.py:839} INFO - DAG(s) dict_keys(['example_short_circuit_decorator']) retrieved from /opt/homebrew/lib/python3.11/site-packages/airflow/example_dags/example_short_circuit_decorator.py
[2023-09-14T11:30:25.492+0800] {logging_mixin.py:151} INFO - [2023-09-14T11:30:25.492+0800] {dag.py:2915} INFO - Sync 1 DAGs
[2023-09-14T11:30:25.501+0800] {logging_mixin.py:151} INFO - [2023-09-14T11:30:25.501+0800] {dag.py:3696} INFO - Setting next_dagrun for example_short_circuit_decorator to 2023-09-13T03:30:25.501053+00:00, run_after=2023-09-14T03:30:25.501053+00:00
[2023-09-14T11:30:25.511+0800] {processor.py:179} INFO - Processing /opt/homebrew/lib/python3.11/site-packages/airflow/example_dags/example_short_circuit_decorator.py took 0.146 seconds
[2023-09-14T11:32:13.687+0800] {processor.py:157} INFO - Started process (PID=72163) to work on /opt/homebrew/lib/python3.11/site-packages/airflow/example_dags/example_short_circuit_decorator.py
[2023-09-14T11:32:13.688+0800] {processor.py:829} INFO - Processing file /opt/homebrew/lib/python3.11/site-packages/airflow/example_dags/example_short_circuit_decorator.py for tasks to queue
[2023-09-14T11:32:13.688+0800] {logging_mixin.py:151} INFO - [2023-09-14T11:32:13.688+0800] {dagbag.py:539} INFO - Filling up the DagBag from /opt/homebrew/lib/python3.11/site-packages/airflow/example_dags/example_short_circuit_decorator.py
[2023-09-14T11:32:13.720+0800] {processor.py:839} INFO - DAG(s) dict_keys(['example_short_circuit_decorator']) retrieved from /opt/homebrew/lib/python3.11/site-packages/airflow/example_dags/example_short_circuit_decorator.py
[2023-09-14T11:32:13.814+0800] {logging_mixin.py:151} INFO - [2023-09-14T11:32:13.814+0800] {dag.py:2915} INFO - Sync 1 DAGs
[2023-09-14T11:32:13.822+0800] {logging_mixin.py:151} INFO - [2023-09-14T11:32:13.822+0800] {dag.py:3696} INFO - Setting next_dagrun for example_short_circuit_decorator to 2023-09-13T03:32:13.822327+00:00, run_after=2023-09-14T03:32:13.822327+00:00
[2023-09-14T11:32:13.832+0800] {processor.py:179} INFO - Processing /opt/homebrew/lib/python3.11/site-packages/airflow/example_dags/example_short_circuit_decorator.py took 0.145 seconds
[2023-09-14T11:33:59.550+0800] {processor.py:157} INFO - Started process (PID=72357) to work on /opt/homebrew/lib/python3.11/site-packages/airflow/example_dags/example_short_circuit_decorator.py
[2023-09-14T11:33:59.550+0800] {processor.py:829} INFO - Processing file /opt/homebrew/lib/python3.11/site-packages/airflow/example_dags/example_short_circuit_decorator.py for tasks to queue
[2023-09-14T11:33:59.550+0800] {logging_mixin.py:151} INFO - [2023-09-14T11:33:59.550+0800] {dagbag.py:539} INFO - Filling up the DagBag from /opt/homebrew/lib/python3.11/site-packages/airflow/example_dags/example_short_circuit_decorator.py
[2023-09-14T11:33:59.582+0800] {processor.py:839} INFO - DAG(s) dict_keys(['example_short_circuit_decorator']) retrieved from /opt/homebrew/lib/python3.11/site-packages/airflow/example_dags/example_short_circuit_decorator.py
[2023-09-14T11:33:59.676+0800] {logging_mixin.py:151} INFO - [2023-09-14T11:33:59.676+0800] {dag.py:2915} INFO - Sync 1 DAGs
[2023-09-14T11:33:59.685+0800] {logging_mixin.py:151} INFO - [2023-09-14T11:33:59.685+0800] {dag.py:3696} INFO - Setting next_dagrun for example_short_circuit_decorator to 2023-09-13T03:33:59.685264+00:00, run_after=2023-09-14T03:33:59.685264+00:00
[2023-09-14T11:33:59.695+0800] {processor.py:179} INFO - Processing /opt/homebrew/lib/python3.11/site-packages/airflow/example_dags/example_short_circuit_decorator.py took 0.146 seconds
[2023-09-14T11:35:50.077+0800] {processor.py:157} INFO - Started process (PID=72552) to work on /opt/homebrew/lib/python3.11/site-packages/airflow/example_dags/example_short_circuit_decorator.py
[2023-09-14T11:35:50.077+0800] {processor.py:829} INFO - Processing file /opt/homebrew/lib/python3.11/site-packages/airflow/example_dags/example_short_circuit_decorator.py for tasks to queue
[2023-09-14T11:35:50.078+0800] {logging_mixin.py:151} INFO - [2023-09-14T11:35:50.078+0800] {dagbag.py:539} INFO - Filling up the DagBag from /opt/homebrew/lib/python3.11/site-packages/airflow/example_dags/example_short_circuit_decorator.py
[2023-09-14T11:35:50.109+0800] {processor.py:839} INFO - DAG(s) dict_keys(['example_short_circuit_decorator']) retrieved from /opt/homebrew/lib/python3.11/site-packages/airflow/example_dags/example_short_circuit_decorator.py
[2023-09-14T11:35:50.203+0800] {logging_mixin.py:151} INFO - [2023-09-14T11:35:50.203+0800] {dag.py:2915} INFO - Sync 1 DAGs
[2023-09-14T11:35:50.212+0800] {logging_mixin.py:151} INFO - [2023-09-14T11:35:50.212+0800] {dag.py:3696} INFO - Setting next_dagrun for example_short_circuit_decorator to 2023-09-13T03:35:50.211988+00:00, run_after=2023-09-14T03:35:50.211988+00:00
[2023-09-14T11:35:50.222+0800] {processor.py:179} INFO - Processing /opt/homebrew/lib/python3.11/site-packages/airflow/example_dags/example_short_circuit_decorator.py took 0.145 seconds
[2023-09-14T11:37:35.629+0800] {processor.py:157} INFO - Started process (PID=72738) to work on /opt/homebrew/lib/python3.11/site-packages/airflow/example_dags/example_short_circuit_decorator.py
[2023-09-14T11:37:35.630+0800] {processor.py:829} INFO - Processing file /opt/homebrew/lib/python3.11/site-packages/airflow/example_dags/example_short_circuit_decorator.py for tasks to queue
[2023-09-14T11:37:35.630+0800] {logging_mixin.py:151} INFO - [2023-09-14T11:37:35.630+0800] {dagbag.py:539} INFO - Filling up the DagBag from /opt/homebrew/lib/python3.11/site-packages/airflow/example_dags/example_short_circuit_decorator.py
[2023-09-14T11:37:35.661+0800] {processor.py:839} INFO - DAG(s) dict_keys(['example_short_circuit_decorator']) retrieved from /opt/homebrew/lib/python3.11/site-packages/airflow/example_dags/example_short_circuit_decorator.py
[2023-09-14T11:37:35.755+0800] {logging_mixin.py:151} INFO - [2023-09-14T11:37:35.755+0800] {dag.py:2915} INFO - Sync 1 DAGs
[2023-09-14T11:37:35.764+0800] {logging_mixin.py:151} INFO - [2023-09-14T11:37:35.764+0800] {dag.py:3696} INFO - Setting next_dagrun for example_short_circuit_decorator to 2023-09-13T03:37:35.764026+00:00, run_after=2023-09-14T03:37:35.764026+00:00
[2023-09-14T11:37:35.774+0800] {processor.py:179} INFO - Processing /opt/homebrew/lib/python3.11/site-packages/airflow/example_dags/example_short_circuit_decorator.py took 0.145 seconds
[2023-09-14T11:39:15.462+0800] {processor.py:157} INFO - Started process (PID=72941) to work on /opt/homebrew/lib/python3.11/site-packages/airflow/example_dags/example_short_circuit_decorator.py
[2023-09-14T11:39:15.462+0800] {processor.py:829} INFO - Processing file /opt/homebrew/lib/python3.11/site-packages/airflow/example_dags/example_short_circuit_decorator.py for tasks to queue
[2023-09-14T11:39:15.463+0800] {logging_mixin.py:151} INFO - [2023-09-14T11:39:15.462+0800] {dagbag.py:539} INFO - Filling up the DagBag from /opt/homebrew/lib/python3.11/site-packages/airflow/example_dags/example_short_circuit_decorator.py
[2023-09-14T11:39:15.494+0800] {processor.py:839} INFO - DAG(s) dict_keys(['example_short_circuit_decorator']) retrieved from /opt/homebrew/lib/python3.11/site-packages/airflow/example_dags/example_short_circuit_decorator.py
[2023-09-14T11:39:15.588+0800] {logging_mixin.py:151} INFO - [2023-09-14T11:39:15.588+0800] {dag.py:2915} INFO - Sync 1 DAGs
[2023-09-14T11:39:15.597+0800] {logging_mixin.py:151} INFO - [2023-09-14T11:39:15.597+0800] {dag.py:3696} INFO - Setting next_dagrun for example_short_circuit_decorator to 2023-09-13T03:39:15.596921+00:00, run_after=2023-09-14T03:39:15.596921+00:00
[2023-09-14T11:39:15.607+0800] {processor.py:179} INFO - Processing /opt/homebrew/lib/python3.11/site-packages/airflow/example_dags/example_short_circuit_decorator.py took 0.145 seconds
[2023-09-14T11:40:57.945+0800] {processor.py:157} INFO - Started process (PID=73124) to work on /opt/homebrew/lib/python3.11/site-packages/airflow/example_dags/example_short_circuit_decorator.py
[2023-09-14T11:40:57.946+0800] {processor.py:829} INFO - Processing file /opt/homebrew/lib/python3.11/site-packages/airflow/example_dags/example_short_circuit_decorator.py for tasks to queue
[2023-09-14T11:40:57.946+0800] {logging_mixin.py:151} INFO - [2023-09-14T11:40:57.946+0800] {dagbag.py:539} INFO - Filling up the DagBag from /opt/homebrew/lib/python3.11/site-packages/airflow/example_dags/example_short_circuit_decorator.py
[2023-09-14T11:40:57.978+0800] {processor.py:839} INFO - DAG(s) dict_keys(['example_short_circuit_decorator']) retrieved from /opt/homebrew/lib/python3.11/site-packages/airflow/example_dags/example_short_circuit_decorator.py
[2023-09-14T11:40:58.071+0800] {logging_mixin.py:151} INFO - [2023-09-14T11:40:58.071+0800] {dag.py:2915} INFO - Sync 1 DAGs
[2023-09-14T11:40:58.080+0800] {logging_mixin.py:151} INFO - [2023-09-14T11:40:58.080+0800] {dag.py:3696} INFO - Setting next_dagrun for example_short_circuit_decorator to 2023-09-13T03:40:58.080106+00:00, run_after=2023-09-14T03:40:58.080106+00:00
[2023-09-14T11:40:58.090+0800] {processor.py:179} INFO - Processing /opt/homebrew/lib/python3.11/site-packages/airflow/example_dags/example_short_circuit_decorator.py took 0.145 seconds
[2023-09-14T11:42:40.509+0800] {processor.py:157} INFO - Started process (PID=73307) to work on /opt/homebrew/lib/python3.11/site-packages/airflow/example_dags/example_short_circuit_decorator.py
[2023-09-14T11:42:40.510+0800] {processor.py:829} INFO - Processing file /opt/homebrew/lib/python3.11/site-packages/airflow/example_dags/example_short_circuit_decorator.py for tasks to queue
[2023-09-14T11:42:40.510+0800] {logging_mixin.py:151} INFO - [2023-09-14T11:42:40.510+0800] {dagbag.py:539} INFO - Filling up the DagBag from /opt/homebrew/lib/python3.11/site-packages/airflow/example_dags/example_short_circuit_decorator.py
[2023-09-14T11:42:40.542+0800] {processor.py:839} INFO - DAG(s) dict_keys(['example_short_circuit_decorator']) retrieved from /opt/homebrew/lib/python3.11/site-packages/airflow/example_dags/example_short_circuit_decorator.py
[2023-09-14T11:42:40.636+0800] {logging_mixin.py:151} INFO - [2023-09-14T11:42:40.635+0800] {dag.py:2915} INFO - Sync 1 DAGs
[2023-09-14T11:42:40.644+0800] {logging_mixin.py:151} INFO - [2023-09-14T11:42:40.644+0800] {dag.py:3696} INFO - Setting next_dagrun for example_short_circuit_decorator to 2023-09-13T03:42:40.644249+00:00, run_after=2023-09-14T03:42:40.644249+00:00
[2023-09-14T11:42:40.654+0800] {processor.py:179} INFO - Processing /opt/homebrew/lib/python3.11/site-packages/airflow/example_dags/example_short_circuit_decorator.py took 0.145 seconds
[2023-09-14T11:44:25.294+0800] {processor.py:157} INFO - Started process (PID=73494) to work on /opt/homebrew/lib/python3.11/site-packages/airflow/example_dags/example_short_circuit_decorator.py
[2023-09-14T11:44:25.294+0800] {processor.py:829} INFO - Processing file /opt/homebrew/lib/python3.11/site-packages/airflow/example_dags/example_short_circuit_decorator.py for tasks to queue
[2023-09-14T11:44:25.294+0800] {logging_mixin.py:151} INFO - [2023-09-14T11:44:25.294+0800] {dagbag.py:539} INFO - Filling up the DagBag from /opt/homebrew/lib/python3.11/site-packages/airflow/example_dags/example_short_circuit_decorator.py
[2023-09-14T11:44:25.326+0800] {processor.py:839} INFO - DAG(s) dict_keys(['example_short_circuit_decorator']) retrieved from /opt/homebrew/lib/python3.11/site-packages/airflow/example_dags/example_short_circuit_decorator.py
[2023-09-14T11:44:25.420+0800] {logging_mixin.py:151} INFO - [2023-09-14T11:44:25.420+0800] {dag.py:2915} INFO - Sync 1 DAGs
[2023-09-14T11:44:25.428+0800] {logging_mixin.py:151} INFO - [2023-09-14T11:44:25.428+0800] {dag.py:3696} INFO - Setting next_dagrun for example_short_circuit_decorator to 2023-09-13T03:44:25.428818+00:00, run_after=2023-09-14T03:44:25.428818+00:00
[2023-09-14T11:44:25.439+0800] {processor.py:179} INFO - Processing /opt/homebrew/lib/python3.11/site-packages/airflow/example_dags/example_short_circuit_decorator.py took 0.145 seconds
[2023-09-14T13:30:28.277+0800] {processor.py:157} INFO - Started process (PID=73785) to work on /opt/homebrew/lib/python3.11/site-packages/airflow/example_dags/example_short_circuit_decorator.py
[2023-09-14T13:30:28.279+0800] {processor.py:829} INFO - Processing file /opt/homebrew/lib/python3.11/site-packages/airflow/example_dags/example_short_circuit_decorator.py for tasks to queue
[2023-09-14T13:30:28.279+0800] {logging_mixin.py:151} INFO - [2023-09-14T13:30:28.279+0800] {dagbag.py:539} INFO - Filling up the DagBag from /opt/homebrew/lib/python3.11/site-packages/airflow/example_dags/example_short_circuit_decorator.py
[2023-09-14T13:30:28.311+0800] {processor.py:839} INFO - DAG(s) dict_keys(['example_short_circuit_decorator']) retrieved from /opt/homebrew/lib/python3.11/site-packages/airflow/example_dags/example_short_circuit_decorator.py
[2023-09-14T13:30:28.404+0800] {logging_mixin.py:151} INFO - [2023-09-14T13:30:28.404+0800] {dag.py:2915} INFO - Sync 1 DAGs
[2023-09-14T13:30:28.413+0800] {logging_mixin.py:151} INFO - [2023-09-14T13:30:28.413+0800] {dag.py:3696} INFO - Setting next_dagrun for example_short_circuit_decorator to 2023-09-13T05:30:28.412974+00:00, run_after=2023-09-14T05:30:28.412974+00:00
[2023-09-14T13:30:28.422+0800] {processor.py:179} INFO - Processing /opt/homebrew/lib/python3.11/site-packages/airflow/example_dags/example_short_circuit_decorator.py took 0.146 seconds
[2023-09-14T16:47:42.694+0800] {processor.py:157} INFO - Started process (PID=74086) to work on /opt/homebrew/lib/python3.11/site-packages/airflow/example_dags/example_short_circuit_decorator.py
[2023-09-14T16:47:42.695+0800] {processor.py:829} INFO - Processing file /opt/homebrew/lib/python3.11/site-packages/airflow/example_dags/example_short_circuit_decorator.py for tasks to queue
[2023-09-14T16:47:42.695+0800] {logging_mixin.py:151} INFO - [2023-09-14T16:47:42.695+0800] {dagbag.py:539} INFO - Filling up the DagBag from /opt/homebrew/lib/python3.11/site-packages/airflow/example_dags/example_short_circuit_decorator.py
[2023-09-14T16:47:42.727+0800] {processor.py:839} INFO - DAG(s) dict_keys(['example_short_circuit_decorator']) retrieved from /opt/homebrew/lib/python3.11/site-packages/airflow/example_dags/example_short_circuit_decorator.py
[2023-09-14T16:47:42.827+0800] {logging_mixin.py:151} INFO - [2023-09-14T16:47:42.826+0800] {dag.py:2915} INFO - Sync 1 DAGs
[2023-09-14T16:47:42.837+0800] {logging_mixin.py:151} INFO - [2023-09-14T16:47:42.837+0800] {dag.py:3696} INFO - Setting next_dagrun for example_short_circuit_decorator to 2023-09-13T08:47:42.837615+00:00, run_after=2023-09-14T08:47:42.837615+00:00
[2023-09-14T16:47:42.848+0800] {processor.py:179} INFO - Processing /opt/homebrew/lib/python3.11/site-packages/airflow/example_dags/example_short_circuit_decorator.py took 0.154 seconds
[2023-09-14T20:01:07.126+0800] {processor.py:157} INFO - Started process (PID=74389) to work on /opt/homebrew/lib/python3.11/site-packages/airflow/example_dags/example_short_circuit_decorator.py
[2023-09-14T20:01:07.126+0800] {processor.py:829} INFO - Processing file /opt/homebrew/lib/python3.11/site-packages/airflow/example_dags/example_short_circuit_decorator.py for tasks to queue
[2023-09-14T20:01:07.127+0800] {logging_mixin.py:151} INFO - [2023-09-14T20:01:07.127+0800] {dagbag.py:539} INFO - Filling up the DagBag from /opt/homebrew/lib/python3.11/site-packages/airflow/example_dags/example_short_circuit_decorator.py
[2023-09-14T20:01:07.159+0800] {processor.py:839} INFO - DAG(s) dict_keys(['example_short_circuit_decorator']) retrieved from /opt/homebrew/lib/python3.11/site-packages/airflow/example_dags/example_short_circuit_decorator.py
[2023-09-14T20:01:07.253+0800] {logging_mixin.py:151} INFO - [2023-09-14T20:01:07.253+0800] {dag.py:2915} INFO - Sync 1 DAGs
[2023-09-14T20:01:07.262+0800] {logging_mixin.py:151} INFO - [2023-09-14T20:01:07.262+0800] {dag.py:3696} INFO - Setting next_dagrun for example_short_circuit_decorator to 2023-09-13T12:01:07.262065+00:00, run_after=2023-09-14T12:01:07.262065+00:00
[2023-09-14T20:01:07.272+0800] {processor.py:179} INFO - Processing /opt/homebrew/lib/python3.11/site-packages/airflow/example_dags/example_short_circuit_decorator.py took 0.146 seconds
[2023-09-14T23:23:29.826+0800] {processor.py:157} INFO - Started process (PID=74754) to work on /opt/homebrew/lib/python3.11/site-packages/airflow/example_dags/example_short_circuit_decorator.py
[2023-09-14T23:23:29.827+0800] {processor.py:829} INFO - Processing file /opt/homebrew/lib/python3.11/site-packages/airflow/example_dags/example_short_circuit_decorator.py for tasks to queue
[2023-09-14T23:23:29.827+0800] {logging_mixin.py:151} INFO - [2023-09-14T23:23:29.827+0800] {dagbag.py:539} INFO - Filling up the DagBag from /opt/homebrew/lib/python3.11/site-packages/airflow/example_dags/example_short_circuit_decorator.py
[2023-09-14T23:23:29.859+0800] {processor.py:839} INFO - DAG(s) dict_keys(['example_short_circuit_decorator']) retrieved from /opt/homebrew/lib/python3.11/site-packages/airflow/example_dags/example_short_circuit_decorator.py
[2023-09-14T23:23:29.953+0800] {logging_mixin.py:151} INFO - [2023-09-14T23:23:29.953+0800] {dag.py:2915} INFO - Sync 1 DAGs
[2023-09-14T23:23:29.961+0800] {logging_mixin.py:151} INFO - [2023-09-14T23:23:29.961+0800] {dag.py:3696} INFO - Setting next_dagrun for example_short_circuit_decorator to 2023-09-13T15:23:29.961465+00:00, run_after=2023-09-14T15:23:29.961465+00:00
[2023-09-14T23:23:29.971+0800] {processor.py:179} INFO - Processing /opt/homebrew/lib/python3.11/site-packages/airflow/example_dags/example_short_circuit_decorator.py took 0.146 seconds
[2023-09-15T02:40:24.190+0800] {processor.py:157} INFO - Started process (PID=75087) to work on /opt/homebrew/lib/python3.11/site-packages/airflow/example_dags/example_short_circuit_decorator.py
[2023-09-15T02:40:24.191+0800] {processor.py:829} INFO - Processing file /opt/homebrew/lib/python3.11/site-packages/airflow/example_dags/example_short_circuit_decorator.py for tasks to queue
[2023-09-15T02:40:24.191+0800] {logging_mixin.py:151} INFO - [2023-09-15T02:40:24.191+0800] {dagbag.py:539} INFO - Filling up the DagBag from /opt/homebrew/lib/python3.11/site-packages/airflow/example_dags/example_short_circuit_decorator.py
[2023-09-15T02:40:24.223+0800] {processor.py:839} INFO - DAG(s) dict_keys(['example_short_circuit_decorator']) retrieved from /opt/homebrew/lib/python3.11/site-packages/airflow/example_dags/example_short_circuit_decorator.py
[2023-09-15T02:56:11.573+0800] {logging_mixin.py:151} INFO - [2023-09-15T02:56:11.573+0800] {dag.py:2915} INFO - Sync 1 DAGs
[2023-09-15T02:56:11.588+0800] {logging_mixin.py:151} INFO - [2023-09-15T02:56:11.588+0800] {dag.py:3696} INFO - Setting next_dagrun for example_short_circuit_decorator to 2023-09-13T18:56:11.588184+00:00, run_after=2023-09-14T18:56:11.588184+00:00
[2023-09-15T02:56:11.604+0800] {processor.py:179} INFO - Processing /opt/homebrew/lib/python3.11/site-packages/airflow/example_dags/example_short_circuit_decorator.py took 0.443 seconds
[2023-09-15T06:11:23.662+0800] {processor.py:157} INFO - Started process (PID=75416) to work on /opt/homebrew/lib/python3.11/site-packages/airflow/example_dags/example_short_circuit_decorator.py
[2023-09-15T06:11:23.663+0800] {processor.py:829} INFO - Processing file /opt/homebrew/lib/python3.11/site-packages/airflow/example_dags/example_short_circuit_decorator.py for tasks to queue
[2023-09-15T06:11:23.663+0800] {logging_mixin.py:151} INFO - [2023-09-15T06:11:23.663+0800] {dagbag.py:539} INFO - Filling up the DagBag from /opt/homebrew/lib/python3.11/site-packages/airflow/example_dags/example_short_circuit_decorator.py
[2023-09-15T06:11:23.701+0800] {processor.py:839} INFO - DAG(s) dict_keys(['example_short_circuit_decorator']) retrieved from /opt/homebrew/lib/python3.11/site-packages/airflow/example_dags/example_short_circuit_decorator.py
[2023-09-15T06:11:23.802+0800] {logging_mixin.py:151} INFO - [2023-09-15T06:11:23.802+0800] {dag.py:2915} INFO - Sync 1 DAGs
[2023-09-15T06:11:23.811+0800] {logging_mixin.py:151} INFO - [2023-09-15T06:11:23.810+0800] {dag.py:3696} INFO - Setting next_dagrun for example_short_circuit_decorator to 2023-09-13T22:11:23.810813+00:00, run_after=2023-09-14T22:11:23.810813+00:00
[2023-09-15T06:11:23.821+0800] {processor.py:179} INFO - Processing /opt/homebrew/lib/python3.11/site-packages/airflow/example_dags/example_short_circuit_decorator.py took 0.160 seconds
