[2023-09-14T10:19:16.362+0800] {processor.py:157} INFO - Started process (PID=66969) to work on /opt/homebrew/lib/python3.11/site-packages/airflow/example_dags/example_sensors.py
[2023-09-14T10:19:16.362+0800] {processor.py:829} INFO - Processing file /opt/homebrew/lib/python3.11/site-packages/airflow/example_dags/example_sensors.py for tasks to queue
[2023-09-14T10:19:16.363+0800] {logging_mixin.py:151} INFO - [2023-09-14T10:19:16.363+0800] {dagbag.py:539} INFO - Filling up the DagBag from /opt/homebrew/lib/python3.11/site-packages/airflow/example_dags/example_sensors.py
[2023-09-14T10:19:16.381+0800] {processor.py:839} INFO - DAG(s) dict_keys(['example_sensors']) retrieved from /opt/homebrew/lib/python3.11/site-packages/airflow/example_dags/example_sensors.py
[2023-09-14T10:19:16.486+0800] {logging_mixin.py:151} INFO - [2023-09-14T10:19:16.485+0800] {dag.py:2915} INFO - Sync 1 DAGs
[2023-09-14T10:19:16.491+0800] {logging_mixin.py:151} INFO - [2023-09-14T10:19:16.491+0800] {dag.py:3696} INFO - Setting next_dagrun for example_sensors to None, run_after=None
[2023-09-14T10:19:16.501+0800] {processor.py:179} INFO - Processing /opt/homebrew/lib/python3.11/site-packages/airflow/example_dags/example_sensors.py took 0.140 seconds
[2023-09-14T10:32:39.114+0800] {processor.py:157} INFO - Started process (PID=67166) to work on /opt/homebrew/lib/python3.11/site-packages/airflow/example_dags/example_sensors.py
[2023-09-14T10:32:39.115+0800] {processor.py:829} INFO - Processing file /opt/homebrew/lib/python3.11/site-packages/airflow/example_dags/example_sensors.py for tasks to queue
[2023-09-14T10:32:39.115+0800] {logging_mixin.py:151} INFO - [2023-09-14T10:32:39.115+0800] {dagbag.py:539} INFO - Filling up the DagBag from /opt/homebrew/lib/python3.11/site-packages/airflow/example_dags/example_sensors.py
[2023-09-14T10:32:39.135+0800] {processor.py:839} INFO - DAG(s) dict_keys(['example_sensors']) retrieved from /opt/homebrew/lib/python3.11/site-packages/airflow/example_dags/example_sensors.py
[2023-09-14T10:32:39.241+0800] {logging_mixin.py:151} INFO - [2023-09-14T10:32:39.241+0800] {dag.py:2915} INFO - Sync 1 DAGs
[2023-09-14T10:32:39.247+0800] {logging_mixin.py:151} INFO - [2023-09-14T10:32:39.246+0800] {dag.py:3696} INFO - Setting next_dagrun for example_sensors to None, run_after=None
[2023-09-14T10:32:39.257+0800] {processor.py:179} INFO - Processing /opt/homebrew/lib/python3.11/site-packages/airflow/example_dags/example_sensors.py took 0.143 seconds
[2023-09-14T10:34:16.983+0800] {processor.py:157} INFO - Started process (PID=67367) to work on /opt/homebrew/lib/python3.11/site-packages/airflow/example_dags/example_sensors.py
[2023-09-14T10:34:16.984+0800] {processor.py:829} INFO - Processing file /opt/homebrew/lib/python3.11/site-packages/airflow/example_dags/example_sensors.py for tasks to queue
[2023-09-14T10:34:16.984+0800] {logging_mixin.py:151} INFO - [2023-09-14T10:34:16.984+0800] {dagbag.py:539} INFO - Filling up the DagBag from /opt/homebrew/lib/python3.11/site-packages/airflow/example_dags/example_sensors.py
[2023-09-14T10:34:17.003+0800] {processor.py:839} INFO - DAG(s) dict_keys(['example_sensors']) retrieved from /opt/homebrew/lib/python3.11/site-packages/airflow/example_dags/example_sensors.py
[2023-09-14T10:34:17.109+0800] {logging_mixin.py:151} INFO - [2023-09-14T10:34:17.109+0800] {dag.py:2915} INFO - Sync 1 DAGs
[2023-09-14T10:34:17.115+0800] {logging_mixin.py:151} INFO - [2023-09-14T10:34:17.115+0800] {dag.py:3696} INFO - Setting next_dagrun for example_sensors to None, run_after=None
[2023-09-14T10:34:17.125+0800] {processor.py:179} INFO - Processing /opt/homebrew/lib/python3.11/site-packages/airflow/example_dags/example_sensors.py took 0.142 seconds
[2023-09-14T10:36:02.482+0800] {processor.py:157} INFO - Started process (PID=67555) to work on /opt/homebrew/lib/python3.11/site-packages/airflow/example_dags/example_sensors.py
[2023-09-14T10:36:02.482+0800] {processor.py:829} INFO - Processing file /opt/homebrew/lib/python3.11/site-packages/airflow/example_dags/example_sensors.py for tasks to queue
[2023-09-14T10:36:02.483+0800] {logging_mixin.py:151} INFO - [2023-09-14T10:36:02.483+0800] {dagbag.py:539} INFO - Filling up the DagBag from /opt/homebrew/lib/python3.11/site-packages/airflow/example_dags/example_sensors.py
[2023-09-14T10:36:02.501+0800] {processor.py:839} INFO - DAG(s) dict_keys(['example_sensors']) retrieved from /opt/homebrew/lib/python3.11/site-packages/airflow/example_dags/example_sensors.py
[2023-09-14T10:36:02.606+0800] {logging_mixin.py:151} INFO - [2023-09-14T10:36:02.606+0800] {dag.py:2915} INFO - Sync 1 DAGs
[2023-09-14T10:36:02.611+0800] {logging_mixin.py:151} INFO - [2023-09-14T10:36:02.611+0800] {dag.py:3696} INFO - Setting next_dagrun for example_sensors to None, run_after=None
[2023-09-14T10:36:02.622+0800] {processor.py:179} INFO - Processing /opt/homebrew/lib/python3.11/site-packages/airflow/example_dags/example_sensors.py took 0.140 seconds
[2023-09-14T10:37:42.845+0800] {processor.py:157} INFO - Started process (PID=67745) to work on /opt/homebrew/lib/python3.11/site-packages/airflow/example_dags/example_sensors.py
[2023-09-14T10:37:42.847+0800] {processor.py:829} INFO - Processing file /opt/homebrew/lib/python3.11/site-packages/airflow/example_dags/example_sensors.py for tasks to queue
[2023-09-14T10:37:42.847+0800] {logging_mixin.py:151} INFO - [2023-09-14T10:37:42.847+0800] {dagbag.py:539} INFO - Filling up the DagBag from /opt/homebrew/lib/python3.11/site-packages/airflow/example_dags/example_sensors.py
[2023-09-14T10:37:42.867+0800] {processor.py:839} INFO - DAG(s) dict_keys(['example_sensors']) retrieved from /opt/homebrew/lib/python3.11/site-packages/airflow/example_dags/example_sensors.py
[2023-09-14T10:37:42.972+0800] {logging_mixin.py:151} INFO - [2023-09-14T10:37:42.972+0800] {dag.py:2915} INFO - Sync 1 DAGs
[2023-09-14T10:37:42.977+0800] {logging_mixin.py:151} INFO - [2023-09-14T10:37:42.977+0800] {dag.py:3696} INFO - Setting next_dagrun for example_sensors to None, run_after=None
[2023-09-14T10:37:42.987+0800] {processor.py:179} INFO - Processing /opt/homebrew/lib/python3.11/site-packages/airflow/example_dags/example_sensors.py took 0.142 seconds
[2023-09-14T10:39:28.182+0800] {processor.py:157} INFO - Started process (PID=67935) to work on /opt/homebrew/lib/python3.11/site-packages/airflow/example_dags/example_sensors.py
[2023-09-14T10:39:28.182+0800] {processor.py:829} INFO - Processing file /opt/homebrew/lib/python3.11/site-packages/airflow/example_dags/example_sensors.py for tasks to queue
[2023-09-14T10:39:28.183+0800] {logging_mixin.py:151} INFO - [2023-09-14T10:39:28.183+0800] {dagbag.py:539} INFO - Filling up the DagBag from /opt/homebrew/lib/python3.11/site-packages/airflow/example_dags/example_sensors.py
[2023-09-14T10:39:28.203+0800] {processor.py:839} INFO - DAG(s) dict_keys(['example_sensors']) retrieved from /opt/homebrew/lib/python3.11/site-packages/airflow/example_dags/example_sensors.py
[2023-09-14T10:39:28.308+0800] {logging_mixin.py:151} INFO - [2023-09-14T10:39:28.308+0800] {dag.py:2915} INFO - Sync 1 DAGs
[2023-09-14T10:39:28.313+0800] {logging_mixin.py:151} INFO - [2023-09-14T10:39:28.313+0800] {dag.py:3696} INFO - Setting next_dagrun for example_sensors to None, run_after=None
[2023-09-14T10:39:28.323+0800] {processor.py:179} INFO - Processing /opt/homebrew/lib/python3.11/site-packages/airflow/example_dags/example_sensors.py took 0.142 seconds
[2023-09-14T10:41:15.517+0800] {processor.py:157} INFO - Started process (PID=68126) to work on /opt/homebrew/lib/python3.11/site-packages/airflow/example_dags/example_sensors.py
[2023-09-14T10:41:15.518+0800] {processor.py:829} INFO - Processing file /opt/homebrew/lib/python3.11/site-packages/airflow/example_dags/example_sensors.py for tasks to queue
[2023-09-14T10:41:15.518+0800] {logging_mixin.py:151} INFO - [2023-09-14T10:41:15.518+0800] {dagbag.py:539} INFO - Filling up the DagBag from /opt/homebrew/lib/python3.11/site-packages/airflow/example_dags/example_sensors.py
[2023-09-14T10:41:15.537+0800] {processor.py:839} INFO - DAG(s) dict_keys(['example_sensors']) retrieved from /opt/homebrew/lib/python3.11/site-packages/airflow/example_dags/example_sensors.py
[2023-09-14T10:41:15.642+0800] {logging_mixin.py:151} INFO - [2023-09-14T10:41:15.642+0800] {dag.py:2915} INFO - Sync 1 DAGs
[2023-09-14T10:41:15.648+0800] {logging_mixin.py:151} INFO - [2023-09-14T10:41:15.648+0800] {dag.py:3696} INFO - Setting next_dagrun for example_sensors to None, run_after=None
[2023-09-14T10:41:15.658+0800] {processor.py:179} INFO - Processing /opt/homebrew/lib/python3.11/site-packages/airflow/example_dags/example_sensors.py took 0.142 seconds
[2023-09-14T10:43:00.905+0800] {processor.py:157} INFO - Started process (PID=68314) to work on /opt/homebrew/lib/python3.11/site-packages/airflow/example_dags/example_sensors.py
[2023-09-14T10:43:00.906+0800] {processor.py:829} INFO - Processing file /opt/homebrew/lib/python3.11/site-packages/airflow/example_dags/example_sensors.py for tasks to queue
[2023-09-14T10:43:00.906+0800] {logging_mixin.py:151} INFO - [2023-09-14T10:43:00.906+0800] {dagbag.py:539} INFO - Filling up the DagBag from /opt/homebrew/lib/python3.11/site-packages/airflow/example_dags/example_sensors.py
[2023-09-14T10:43:00.926+0800] {processor.py:839} INFO - DAG(s) dict_keys(['example_sensors']) retrieved from /opt/homebrew/lib/python3.11/site-packages/airflow/example_dags/example_sensors.py
[2023-09-14T10:43:01.031+0800] {logging_mixin.py:151} INFO - [2023-09-14T10:43:01.031+0800] {dag.py:2915} INFO - Sync 1 DAGs
[2023-09-14T10:43:01.036+0800] {logging_mixin.py:151} INFO - [2023-09-14T10:43:01.036+0800] {dag.py:3696} INFO - Setting next_dagrun for example_sensors to None, run_after=None
[2023-09-14T10:43:01.047+0800] {processor.py:179} INFO - Processing /opt/homebrew/lib/python3.11/site-packages/airflow/example_dags/example_sensors.py took 0.142 seconds
[2023-09-14T10:44:45.063+0800] {processor.py:157} INFO - Started process (PID=68500) to work on /opt/homebrew/lib/python3.11/site-packages/airflow/example_dags/example_sensors.py
[2023-09-14T10:44:45.064+0800] {processor.py:829} INFO - Processing file /opt/homebrew/lib/python3.11/site-packages/airflow/example_dags/example_sensors.py for tasks to queue
[2023-09-14T10:44:45.064+0800] {logging_mixin.py:151} INFO - [2023-09-14T10:44:45.064+0800] {dagbag.py:539} INFO - Filling up the DagBag from /opt/homebrew/lib/python3.11/site-packages/airflow/example_dags/example_sensors.py
[2023-09-14T10:44:45.083+0800] {processor.py:839} INFO - DAG(s) dict_keys(['example_sensors']) retrieved from /opt/homebrew/lib/python3.11/site-packages/airflow/example_dags/example_sensors.py
[2023-09-14T10:44:45.188+0800] {logging_mixin.py:151} INFO - [2023-09-14T10:44:45.188+0800] {dag.py:2915} INFO - Sync 1 DAGs
[2023-09-14T10:44:45.193+0800] {logging_mixin.py:151} INFO - [2023-09-14T10:44:45.193+0800] {dag.py:3696} INFO - Setting next_dagrun for example_sensors to None, run_after=None
[2023-09-14T10:44:45.203+0800] {processor.py:179} INFO - Processing /opt/homebrew/lib/python3.11/site-packages/airflow/example_dags/example_sensors.py took 0.140 seconds
[2023-09-14T10:46:29.458+0800] {processor.py:157} INFO - Started process (PID=68693) to work on /opt/homebrew/lib/python3.11/site-packages/airflow/example_dags/example_sensors.py
[2023-09-14T10:46:29.458+0800] {processor.py:829} INFO - Processing file /opt/homebrew/lib/python3.11/site-packages/airflow/example_dags/example_sensors.py for tasks to queue
[2023-09-14T10:46:29.459+0800] {logging_mixin.py:151} INFO - [2023-09-14T10:46:29.459+0800] {dagbag.py:539} INFO - Filling up the DagBag from /opt/homebrew/lib/python3.11/site-packages/airflow/example_dags/example_sensors.py
[2023-09-14T10:46:29.478+0800] {processor.py:839} INFO - DAG(s) dict_keys(['example_sensors']) retrieved from /opt/homebrew/lib/python3.11/site-packages/airflow/example_dags/example_sensors.py
[2023-09-14T10:46:29.583+0800] {logging_mixin.py:151} INFO - [2023-09-14T10:46:29.583+0800] {dag.py:2915} INFO - Sync 1 DAGs
[2023-09-14T10:46:29.589+0800] {logging_mixin.py:151} INFO - [2023-09-14T10:46:29.589+0800] {dag.py:3696} INFO - Setting next_dagrun for example_sensors to None, run_after=None
[2023-09-14T10:46:29.599+0800] {processor.py:179} INFO - Processing /opt/homebrew/lib/python3.11/site-packages/airflow/example_dags/example_sensors.py took 0.142 seconds
[2023-09-14T10:48:11.977+0800] {processor.py:157} INFO - Started process (PID=68877) to work on /opt/homebrew/lib/python3.11/site-packages/airflow/example_dags/example_sensors.py
[2023-09-14T10:48:11.978+0800] {processor.py:829} INFO - Processing file /opt/homebrew/lib/python3.11/site-packages/airflow/example_dags/example_sensors.py for tasks to queue
[2023-09-14T10:48:11.978+0800] {logging_mixin.py:151} INFO - [2023-09-14T10:48:11.978+0800] {dagbag.py:539} INFO - Filling up the DagBag from /opt/homebrew/lib/python3.11/site-packages/airflow/example_dags/example_sensors.py
[2023-09-14T10:48:11.998+0800] {processor.py:839} INFO - DAG(s) dict_keys(['example_sensors']) retrieved from /opt/homebrew/lib/python3.11/site-packages/airflow/example_dags/example_sensors.py
[2023-09-14T10:48:12.103+0800] {logging_mixin.py:151} INFO - [2023-09-14T10:48:12.103+0800] {dag.py:2915} INFO - Sync 1 DAGs
[2023-09-14T10:48:12.109+0800] {logging_mixin.py:151} INFO - [2023-09-14T10:48:12.109+0800] {dag.py:3696} INFO - Setting next_dagrun for example_sensors to None, run_after=None
[2023-09-14T10:48:12.119+0800] {processor.py:179} INFO - Processing /opt/homebrew/lib/python3.11/site-packages/airflow/example_dags/example_sensors.py took 0.143 seconds
[2023-09-14T10:50:02.093+0800] {processor.py:157} INFO - Started process (PID=69069) to work on /opt/homebrew/lib/python3.11/site-packages/airflow/example_dags/example_sensors.py
[2023-09-14T10:50:02.093+0800] {processor.py:829} INFO - Processing file /opt/homebrew/lib/python3.11/site-packages/airflow/example_dags/example_sensors.py for tasks to queue
[2023-09-14T10:50:02.094+0800] {logging_mixin.py:151} INFO - [2023-09-14T10:50:02.094+0800] {dagbag.py:539} INFO - Filling up the DagBag from /opt/homebrew/lib/python3.11/site-packages/airflow/example_dags/example_sensors.py
[2023-09-14T10:50:02.112+0800] {processor.py:839} INFO - DAG(s) dict_keys(['example_sensors']) retrieved from /opt/homebrew/lib/python3.11/site-packages/airflow/example_dags/example_sensors.py
[2023-09-14T10:50:02.217+0800] {logging_mixin.py:151} INFO - [2023-09-14T10:50:02.217+0800] {dag.py:2915} INFO - Sync 1 DAGs
[2023-09-14T10:50:02.223+0800] {logging_mixin.py:151} INFO - [2023-09-14T10:50:02.222+0800] {dag.py:3696} INFO - Setting next_dagrun for example_sensors to None, run_after=None
[2023-09-14T10:50:02.233+0800] {processor.py:179} INFO - Processing /opt/homebrew/lib/python3.11/site-packages/airflow/example_dags/example_sensors.py took 0.140 seconds
[2023-09-14T10:51:48.317+0800] {processor.py:157} INFO - Started process (PID=69265) to work on /opt/homebrew/lib/python3.11/site-packages/airflow/example_dags/example_sensors.py
[2023-09-14T10:51:48.318+0800] {processor.py:829} INFO - Processing file /opt/homebrew/lib/python3.11/site-packages/airflow/example_dags/example_sensors.py for tasks to queue
[2023-09-14T10:51:48.318+0800] {logging_mixin.py:151} INFO - [2023-09-14T10:51:48.318+0800] {dagbag.py:539} INFO - Filling up the DagBag from /opt/homebrew/lib/python3.11/site-packages/airflow/example_dags/example_sensors.py
[2023-09-14T10:51:48.336+0800] {processor.py:839} INFO - DAG(s) dict_keys(['example_sensors']) retrieved from /opt/homebrew/lib/python3.11/site-packages/airflow/example_dags/example_sensors.py
[2023-09-14T10:51:48.441+0800] {logging_mixin.py:151} INFO - [2023-09-14T10:51:48.441+0800] {dag.py:2915} INFO - Sync 1 DAGs
[2023-09-14T10:51:48.446+0800] {logging_mixin.py:151} INFO - [2023-09-14T10:51:48.446+0800] {dag.py:3696} INFO - Setting next_dagrun for example_sensors to None, run_after=None
[2023-09-14T10:51:48.457+0800] {processor.py:179} INFO - Processing /opt/homebrew/lib/python3.11/site-packages/airflow/example_dags/example_sensors.py took 0.140 seconds
[2023-09-14T10:53:39.777+0800] {processor.py:157} INFO - Started process (PID=69466) to work on /opt/homebrew/lib/python3.11/site-packages/airflow/example_dags/example_sensors.py
[2023-09-14T10:53:39.777+0800] {processor.py:829} INFO - Processing file /opt/homebrew/lib/python3.11/site-packages/airflow/example_dags/example_sensors.py for tasks to queue
[2023-09-14T10:53:39.778+0800] {logging_mixin.py:151} INFO - [2023-09-14T10:53:39.778+0800] {dagbag.py:539} INFO - Filling up the DagBag from /opt/homebrew/lib/python3.11/site-packages/airflow/example_dags/example_sensors.py
[2023-09-14T10:53:39.798+0800] {processor.py:839} INFO - DAG(s) dict_keys(['example_sensors']) retrieved from /opt/homebrew/lib/python3.11/site-packages/airflow/example_dags/example_sensors.py
[2023-09-14T10:53:39.903+0800] {logging_mixin.py:151} INFO - [2023-09-14T10:53:39.903+0800] {dag.py:2915} INFO - Sync 1 DAGs
[2023-09-14T10:53:39.908+0800] {logging_mixin.py:151} INFO - [2023-09-14T10:53:39.908+0800] {dag.py:3696} INFO - Setting next_dagrun for example_sensors to None, run_after=None
[2023-09-14T10:53:39.919+0800] {processor.py:179} INFO - Processing /opt/homebrew/lib/python3.11/site-packages/airflow/example_dags/example_sensors.py took 0.142 seconds
[2023-09-14T10:55:23.965+0800] {processor.py:157} INFO - Started process (PID=69673) to work on /opt/homebrew/lib/python3.11/site-packages/airflow/example_dags/example_sensors.py
[2023-09-14T10:55:23.966+0800] {processor.py:829} INFO - Processing file /opt/homebrew/lib/python3.11/site-packages/airflow/example_dags/example_sensors.py for tasks to queue
[2023-09-14T10:55:23.966+0800] {logging_mixin.py:151} INFO - [2023-09-14T10:55:23.966+0800] {dagbag.py:539} INFO - Filling up the DagBag from /opt/homebrew/lib/python3.11/site-packages/airflow/example_dags/example_sensors.py
[2023-09-14T10:55:23.986+0800] {processor.py:839} INFO - DAG(s) dict_keys(['example_sensors']) retrieved from /opt/homebrew/lib/python3.11/site-packages/airflow/example_dags/example_sensors.py
[2023-09-14T10:55:24.091+0800] {logging_mixin.py:151} INFO - [2023-09-14T10:55:24.091+0800] {dag.py:2915} INFO - Sync 1 DAGs
[2023-09-14T10:55:24.097+0800] {logging_mixin.py:151} INFO - [2023-09-14T10:55:24.097+0800] {dag.py:3696} INFO - Setting next_dagrun for example_sensors to None, run_after=None
[2023-09-14T10:55:24.107+0800] {processor.py:179} INFO - Processing /opt/homebrew/lib/python3.11/site-packages/airflow/example_dags/example_sensors.py took 0.143 seconds
[2023-09-14T10:57:08.682+0800] {processor.py:157} INFO - Started process (PID=69860) to work on /opt/homebrew/lib/python3.11/site-packages/airflow/example_dags/example_sensors.py
[2023-09-14T10:57:08.682+0800] {processor.py:829} INFO - Processing file /opt/homebrew/lib/python3.11/site-packages/airflow/example_dags/example_sensors.py for tasks to queue
[2023-09-14T10:57:08.683+0800] {logging_mixin.py:151} INFO - [2023-09-14T10:57:08.683+0800] {dagbag.py:539} INFO - Filling up the DagBag from /opt/homebrew/lib/python3.11/site-packages/airflow/example_dags/example_sensors.py
[2023-09-14T10:57:08.701+0800] {processor.py:839} INFO - DAG(s) dict_keys(['example_sensors']) retrieved from /opt/homebrew/lib/python3.11/site-packages/airflow/example_dags/example_sensors.py
[2023-09-14T10:57:08.806+0800] {logging_mixin.py:151} INFO - [2023-09-14T10:57:08.806+0800] {dag.py:2915} INFO - Sync 1 DAGs
[2023-09-14T10:57:08.812+0800] {logging_mixin.py:151} INFO - [2023-09-14T10:57:08.812+0800] {dag.py:3696} INFO - Setting next_dagrun for example_sensors to None, run_after=None
[2023-09-14T10:57:08.822+0800] {processor.py:179} INFO - Processing /opt/homebrew/lib/python3.11/site-packages/airflow/example_dags/example_sensors.py took 0.140 seconds
[2023-09-14T10:58:46.949+0800] {processor.py:157} INFO - Started process (PID=70039) to work on /opt/homebrew/lib/python3.11/site-packages/airflow/example_dags/example_sensors.py
[2023-09-14T10:58:46.949+0800] {processor.py:829} INFO - Processing file /opt/homebrew/lib/python3.11/site-packages/airflow/example_dags/example_sensors.py for tasks to queue
[2023-09-14T10:58:46.949+0800] {logging_mixin.py:151} INFO - [2023-09-14T10:58:46.949+0800] {dagbag.py:539} INFO - Filling up the DagBag from /opt/homebrew/lib/python3.11/site-packages/airflow/example_dags/example_sensors.py
[2023-09-14T10:58:46.968+0800] {processor.py:839} INFO - DAG(s) dict_keys(['example_sensors']) retrieved from /opt/homebrew/lib/python3.11/site-packages/airflow/example_dags/example_sensors.py
[2023-09-14T10:58:47.072+0800] {logging_mixin.py:151} INFO - [2023-09-14T10:58:47.072+0800] {dag.py:2915} INFO - Sync 1 DAGs
[2023-09-14T10:58:47.078+0800] {logging_mixin.py:151} INFO - [2023-09-14T10:58:47.078+0800] {dag.py:3696} INFO - Setting next_dagrun for example_sensors to None, run_after=None
[2023-09-14T10:58:47.088+0800] {processor.py:179} INFO - Processing /opt/homebrew/lib/python3.11/site-packages/airflow/example_dags/example_sensors.py took 0.140 seconds
[2023-09-14T11:00:30.786+0800] {processor.py:157} INFO - Started process (PID=70230) to work on /opt/homebrew/lib/python3.11/site-packages/airflow/example_dags/example_sensors.py
[2023-09-14T11:00:30.787+0800] {processor.py:829} INFO - Processing file /opt/homebrew/lib/python3.11/site-packages/airflow/example_dags/example_sensors.py for tasks to queue
[2023-09-14T11:00:30.787+0800] {logging_mixin.py:151} INFO - [2023-09-14T11:00:30.787+0800] {dagbag.py:539} INFO - Filling up the DagBag from /opt/homebrew/lib/python3.11/site-packages/airflow/example_dags/example_sensors.py
[2023-09-14T11:00:30.806+0800] {processor.py:839} INFO - DAG(s) dict_keys(['example_sensors']) retrieved from /opt/homebrew/lib/python3.11/site-packages/airflow/example_dags/example_sensors.py
[2023-09-14T11:00:30.910+0800] {logging_mixin.py:151} INFO - [2023-09-14T11:00:30.910+0800] {dag.py:2915} INFO - Sync 1 DAGs
[2023-09-14T11:00:30.916+0800] {logging_mixin.py:151} INFO - [2023-09-14T11:00:30.916+0800] {dag.py:3696} INFO - Setting next_dagrun for example_sensors to None, run_after=None
[2023-09-14T11:00:30.926+0800] {processor.py:179} INFO - Processing /opt/homebrew/lib/python3.11/site-packages/airflow/example_dags/example_sensors.py took 0.140 seconds
[2023-09-14T11:02:15.291+0800] {processor.py:157} INFO - Started process (PID=70416) to work on /opt/homebrew/lib/python3.11/site-packages/airflow/example_dags/example_sensors.py
[2023-09-14T11:02:15.291+0800] {processor.py:829} INFO - Processing file /opt/homebrew/lib/python3.11/site-packages/airflow/example_dags/example_sensors.py for tasks to queue
[2023-09-14T11:02:15.291+0800] {logging_mixin.py:151} INFO - [2023-09-14T11:02:15.291+0800] {dagbag.py:539} INFO - Filling up the DagBag from /opt/homebrew/lib/python3.11/site-packages/airflow/example_dags/example_sensors.py
[2023-09-14T11:02:15.310+0800] {processor.py:839} INFO - DAG(s) dict_keys(['example_sensors']) retrieved from /opt/homebrew/lib/python3.11/site-packages/airflow/example_dags/example_sensors.py
[2023-09-14T11:02:15.415+0800] {logging_mixin.py:151} INFO - [2023-09-14T11:02:15.414+0800] {dag.py:2915} INFO - Sync 1 DAGs
[2023-09-14T11:02:15.420+0800] {logging_mixin.py:151} INFO - [2023-09-14T11:02:15.420+0800] {dag.py:3696} INFO - Setting next_dagrun for example_sensors to None, run_after=None
[2023-09-14T11:02:15.430+0800] {processor.py:179} INFO - Processing /opt/homebrew/lib/python3.11/site-packages/airflow/example_dags/example_sensors.py took 0.140 seconds
[2023-09-14T11:03:58.074+0800] {processor.py:157} INFO - Started process (PID=70598) to work on /opt/homebrew/lib/python3.11/site-packages/airflow/example_dags/example_sensors.py
[2023-09-14T11:03:58.075+0800] {processor.py:829} INFO - Processing file /opt/homebrew/lib/python3.11/site-packages/airflow/example_dags/example_sensors.py for tasks to queue
[2023-09-14T11:03:58.075+0800] {logging_mixin.py:151} INFO - [2023-09-14T11:03:58.075+0800] {dagbag.py:539} INFO - Filling up the DagBag from /opt/homebrew/lib/python3.11/site-packages/airflow/example_dags/example_sensors.py
[2023-09-14T11:03:58.094+0800] {processor.py:839} INFO - DAG(s) dict_keys(['example_sensors']) retrieved from /opt/homebrew/lib/python3.11/site-packages/airflow/example_dags/example_sensors.py
[2023-09-14T11:03:58.199+0800] {logging_mixin.py:151} INFO - [2023-09-14T11:03:58.199+0800] {dag.py:2915} INFO - Sync 1 DAGs
[2023-09-14T11:03:58.204+0800] {logging_mixin.py:151} INFO - [2023-09-14T11:03:58.204+0800] {dag.py:3696} INFO - Setting next_dagrun for example_sensors to None, run_after=None
[2023-09-14T11:03:58.215+0800] {processor.py:179} INFO - Processing /opt/homebrew/lib/python3.11/site-packages/airflow/example_dags/example_sensors.py took 0.141 seconds
[2023-09-14T11:05:45.454+0800] {processor.py:157} INFO - Started process (PID=70812) to work on /opt/homebrew/lib/python3.11/site-packages/airflow/example_dags/example_sensors.py
[2023-09-14T11:05:45.454+0800] {processor.py:829} INFO - Processing file /opt/homebrew/lib/python3.11/site-packages/airflow/example_dags/example_sensors.py for tasks to queue
[2023-09-14T11:05:45.454+0800] {logging_mixin.py:151} INFO - [2023-09-14T11:05:45.454+0800] {dagbag.py:539} INFO - Filling up the DagBag from /opt/homebrew/lib/python3.11/site-packages/airflow/example_dags/example_sensors.py
[2023-09-14T11:05:45.473+0800] {processor.py:839} INFO - DAG(s) dict_keys(['example_sensors']) retrieved from /opt/homebrew/lib/python3.11/site-packages/airflow/example_dags/example_sensors.py
[2023-09-14T11:05:45.578+0800] {logging_mixin.py:151} INFO - [2023-09-14T11:05:45.578+0800] {dag.py:2915} INFO - Sync 1 DAGs
[2023-09-14T11:05:45.583+0800] {logging_mixin.py:151} INFO - [2023-09-14T11:05:45.583+0800] {dag.py:3696} INFO - Setting next_dagrun for example_sensors to None, run_after=None
[2023-09-14T11:05:45.594+0800] {processor.py:179} INFO - Processing /opt/homebrew/lib/python3.11/site-packages/airflow/example_dags/example_sensors.py took 0.140 seconds
[2023-09-14T11:07:26.262+0800] {processor.py:157} INFO - Started process (PID=70993) to work on /opt/homebrew/lib/python3.11/site-packages/airflow/example_dags/example_sensors.py
[2023-09-14T11:07:26.262+0800] {processor.py:829} INFO - Processing file /opt/homebrew/lib/python3.11/site-packages/airflow/example_dags/example_sensors.py for tasks to queue
[2023-09-14T11:07:26.262+0800] {logging_mixin.py:151} INFO - [2023-09-14T11:07:26.262+0800] {dagbag.py:539} INFO - Filling up the DagBag from /opt/homebrew/lib/python3.11/site-packages/airflow/example_dags/example_sensors.py
[2023-09-14T11:07:26.281+0800] {processor.py:839} INFO - DAG(s) dict_keys(['example_sensors']) retrieved from /opt/homebrew/lib/python3.11/site-packages/airflow/example_dags/example_sensors.py
[2023-09-14T11:07:26.386+0800] {logging_mixin.py:151} INFO - [2023-09-14T11:07:26.386+0800] {dag.py:2915} INFO - Sync 1 DAGs
[2023-09-14T11:07:26.391+0800] {logging_mixin.py:151} INFO - [2023-09-14T11:07:26.391+0800] {dag.py:3696} INFO - Setting next_dagrun for example_sensors to None, run_after=None
[2023-09-14T11:07:26.401+0800] {processor.py:179} INFO - Processing /opt/homebrew/lib/python3.11/site-packages/airflow/example_dags/example_sensors.py took 0.140 seconds
[2023-09-14T11:23:24.612+0800] {processor.py:157} INFO - Started process (PID=71220) to work on /opt/homebrew/lib/python3.11/site-packages/airflow/example_dags/example_sensors.py
[2023-09-14T11:23:24.613+0800] {processor.py:829} INFO - Processing file /opt/homebrew/lib/python3.11/site-packages/airflow/example_dags/example_sensors.py for tasks to queue
[2023-09-14T11:23:24.614+0800] {logging_mixin.py:151} INFO - [2023-09-14T11:23:24.614+0800] {dagbag.py:539} INFO - Filling up the DagBag from /opt/homebrew/lib/python3.11/site-packages/airflow/example_dags/example_sensors.py
[2023-09-14T11:23:24.634+0800] {processor.py:839} INFO - DAG(s) dict_keys(['example_sensors']) retrieved from /opt/homebrew/lib/python3.11/site-packages/airflow/example_dags/example_sensors.py
[2023-09-14T11:23:24.748+0800] {logging_mixin.py:151} INFO - [2023-09-14T11:23:24.748+0800] {dag.py:2915} INFO - Sync 1 DAGs
[2023-09-14T11:23:24.753+0800] {logging_mixin.py:151} INFO - [2023-09-14T11:23:24.753+0800] {dag.py:3696} INFO - Setting next_dagrun for example_sensors to None, run_after=None
[2023-09-14T11:23:24.764+0800] {processor.py:179} INFO - Processing /opt/homebrew/lib/python3.11/site-packages/airflow/example_dags/example_sensors.py took 0.152 seconds
[2023-09-14T11:25:22.939+0800] {processor.py:157} INFO - Started process (PID=71430) to work on /opt/homebrew/lib/python3.11/site-packages/airflow/example_dags/example_sensors.py
[2023-09-14T11:25:22.939+0800] {processor.py:829} INFO - Processing file /opt/homebrew/lib/python3.11/site-packages/airflow/example_dags/example_sensors.py for tasks to queue
[2023-09-14T11:25:22.939+0800] {logging_mixin.py:151} INFO - [2023-09-14T11:25:22.939+0800] {dagbag.py:539} INFO - Filling up the DagBag from /opt/homebrew/lib/python3.11/site-packages/airflow/example_dags/example_sensors.py
[2023-09-14T11:25:22.958+0800] {processor.py:839} INFO - DAG(s) dict_keys(['example_sensors']) retrieved from /opt/homebrew/lib/python3.11/site-packages/airflow/example_dags/example_sensors.py
[2023-09-14T11:25:23.063+0800] {logging_mixin.py:151} INFO - [2023-09-14T11:25:23.063+0800] {dag.py:2915} INFO - Sync 1 DAGs
[2023-09-14T11:25:23.068+0800] {logging_mixin.py:151} INFO - [2023-09-14T11:25:23.068+0800] {dag.py:3696} INFO - Setting next_dagrun for example_sensors to None, run_after=None
[2023-09-14T11:25:23.078+0800] {processor.py:179} INFO - Processing /opt/homebrew/lib/python3.11/site-packages/airflow/example_dags/example_sensors.py took 0.140 seconds
[2023-09-14T11:27:06.695+0800] {processor.py:157} INFO - Started process (PID=71615) to work on /opt/homebrew/lib/python3.11/site-packages/airflow/example_dags/example_sensors.py
[2023-09-14T11:27:06.696+0800] {processor.py:829} INFO - Processing file /opt/homebrew/lib/python3.11/site-packages/airflow/example_dags/example_sensors.py for tasks to queue
[2023-09-14T11:27:06.696+0800] {logging_mixin.py:151} INFO - [2023-09-14T11:27:06.696+0800] {dagbag.py:539} INFO - Filling up the DagBag from /opt/homebrew/lib/python3.11/site-packages/airflow/example_dags/example_sensors.py
[2023-09-14T11:27:06.715+0800] {processor.py:839} INFO - DAG(s) dict_keys(['example_sensors']) retrieved from /opt/homebrew/lib/python3.11/site-packages/airflow/example_dags/example_sensors.py
[2023-09-14T11:27:06.820+0800] {logging_mixin.py:151} INFO - [2023-09-14T11:27:06.819+0800] {dag.py:2915} INFO - Sync 1 DAGs
[2023-09-14T11:27:06.825+0800] {logging_mixin.py:151} INFO - [2023-09-14T11:27:06.825+0800] {dag.py:3696} INFO - Setting next_dagrun for example_sensors to None, run_after=None
[2023-09-14T11:27:06.835+0800] {processor.py:179} INFO - Processing /opt/homebrew/lib/python3.11/site-packages/airflow/example_dags/example_sensors.py took 0.140 seconds
[2023-09-14T11:28:49.770+0800] {processor.py:157} INFO - Started process (PID=71801) to work on /opt/homebrew/lib/python3.11/site-packages/airflow/example_dags/example_sensors.py
[2023-09-14T11:28:49.770+0800] {processor.py:829} INFO - Processing file /opt/homebrew/lib/python3.11/site-packages/airflow/example_dags/example_sensors.py for tasks to queue
[2023-09-14T11:28:49.771+0800] {logging_mixin.py:151} INFO - [2023-09-14T11:28:49.770+0800] {dagbag.py:539} INFO - Filling up the DagBag from /opt/homebrew/lib/python3.11/site-packages/airflow/example_dags/example_sensors.py
[2023-09-14T11:28:49.789+0800] {processor.py:839} INFO - DAG(s) dict_keys(['example_sensors']) retrieved from /opt/homebrew/lib/python3.11/site-packages/airflow/example_dags/example_sensors.py
[2023-09-14T11:28:49.895+0800] {logging_mixin.py:151} INFO - [2023-09-14T11:28:49.894+0800] {dag.py:2915} INFO - Sync 1 DAGs
[2023-09-14T11:28:49.900+0800] {logging_mixin.py:151} INFO - [2023-09-14T11:28:49.900+0800] {dag.py:3696} INFO - Setting next_dagrun for example_sensors to None, run_after=None
[2023-09-14T11:28:49.910+0800] {processor.py:179} INFO - Processing /opt/homebrew/lib/python3.11/site-packages/airflow/example_dags/example_sensors.py took 0.141 seconds
[2023-09-14T11:30:30.420+0800] {processor.py:157} INFO - Started process (PID=71983) to work on /opt/homebrew/lib/python3.11/site-packages/airflow/example_dags/example_sensors.py
[2023-09-14T11:30:30.421+0800] {processor.py:829} INFO - Processing file /opt/homebrew/lib/python3.11/site-packages/airflow/example_dags/example_sensors.py for tasks to queue
[2023-09-14T11:30:30.421+0800] {logging_mixin.py:151} INFO - [2023-09-14T11:30:30.421+0800] {dagbag.py:539} INFO - Filling up the DagBag from /opt/homebrew/lib/python3.11/site-packages/airflow/example_dags/example_sensors.py
[2023-09-14T11:30:30.439+0800] {processor.py:839} INFO - DAG(s) dict_keys(['example_sensors']) retrieved from /opt/homebrew/lib/python3.11/site-packages/airflow/example_dags/example_sensors.py
[2023-09-14T11:30:30.544+0800] {logging_mixin.py:151} INFO - [2023-09-14T11:30:30.544+0800] {dag.py:2915} INFO - Sync 1 DAGs
[2023-09-14T11:30:30.550+0800] {logging_mixin.py:151} INFO - [2023-09-14T11:30:30.550+0800] {dag.py:3696} INFO - Setting next_dagrun for example_sensors to None, run_after=None
[2023-09-14T11:30:30.560+0800] {processor.py:179} INFO - Processing /opt/homebrew/lib/python3.11/site-packages/airflow/example_dags/example_sensors.py took 0.140 seconds
[2023-09-14T11:32:18.429+0800] {processor.py:157} INFO - Started process (PID=72171) to work on /opt/homebrew/lib/python3.11/site-packages/airflow/example_dags/example_sensors.py
[2023-09-14T11:32:18.430+0800] {processor.py:829} INFO - Processing file /opt/homebrew/lib/python3.11/site-packages/airflow/example_dags/example_sensors.py for tasks to queue
[2023-09-14T11:32:18.430+0800] {logging_mixin.py:151} INFO - [2023-09-14T11:32:18.430+0800] {dagbag.py:539} INFO - Filling up the DagBag from /opt/homebrew/lib/python3.11/site-packages/airflow/example_dags/example_sensors.py
[2023-09-14T11:32:18.449+0800] {processor.py:839} INFO - DAG(s) dict_keys(['example_sensors']) retrieved from /opt/homebrew/lib/python3.11/site-packages/airflow/example_dags/example_sensors.py
[2023-09-14T11:32:18.556+0800] {logging_mixin.py:151} INFO - [2023-09-14T11:32:18.556+0800] {dag.py:2915} INFO - Sync 1 DAGs
[2023-09-14T11:32:18.561+0800] {logging_mixin.py:151} INFO - [2023-09-14T11:32:18.561+0800] {dag.py:3696} INFO - Setting next_dagrun for example_sensors to None, run_after=None
[2023-09-14T11:32:18.571+0800] {processor.py:179} INFO - Processing /opt/homebrew/lib/python3.11/site-packages/airflow/example_dags/example_sensors.py took 0.142 seconds
[2023-09-14T11:34:05.212+0800] {processor.py:157} INFO - Started process (PID=72366) to work on /opt/homebrew/lib/python3.11/site-packages/airflow/example_dags/example_sensors.py
[2023-09-14T11:34:05.213+0800] {processor.py:829} INFO - Processing file /opt/homebrew/lib/python3.11/site-packages/airflow/example_dags/example_sensors.py for tasks to queue
[2023-09-14T11:34:05.213+0800] {logging_mixin.py:151} INFO - [2023-09-14T11:34:05.213+0800] {dagbag.py:539} INFO - Filling up the DagBag from /opt/homebrew/lib/python3.11/site-packages/airflow/example_dags/example_sensors.py
[2023-09-14T11:34:05.232+0800] {processor.py:839} INFO - DAG(s) dict_keys(['example_sensors']) retrieved from /opt/homebrew/lib/python3.11/site-packages/airflow/example_dags/example_sensors.py
[2023-09-14T11:34:05.337+0800] {logging_mixin.py:151} INFO - [2023-09-14T11:34:05.337+0800] {dag.py:2915} INFO - Sync 1 DAGs
[2023-09-14T11:34:05.342+0800] {logging_mixin.py:151} INFO - [2023-09-14T11:34:05.342+0800] {dag.py:3696} INFO - Setting next_dagrun for example_sensors to None, run_after=None
[2023-09-14T11:34:05.352+0800] {processor.py:179} INFO - Processing /opt/homebrew/lib/python3.11/site-packages/airflow/example_dags/example_sensors.py took 0.140 seconds
[2023-09-14T11:35:55.334+0800] {processor.py:157} INFO - Started process (PID=72560) to work on /opt/homebrew/lib/python3.11/site-packages/airflow/example_dags/example_sensors.py
[2023-09-14T11:35:55.334+0800] {processor.py:829} INFO - Processing file /opt/homebrew/lib/python3.11/site-packages/airflow/example_dags/example_sensors.py for tasks to queue
[2023-09-14T11:35:55.334+0800] {logging_mixin.py:151} INFO - [2023-09-14T11:35:55.334+0800] {dagbag.py:539} INFO - Filling up the DagBag from /opt/homebrew/lib/python3.11/site-packages/airflow/example_dags/example_sensors.py
[2023-09-14T11:35:55.353+0800] {processor.py:839} INFO - DAG(s) dict_keys(['example_sensors']) retrieved from /opt/homebrew/lib/python3.11/site-packages/airflow/example_dags/example_sensors.py
[2023-09-14T11:35:55.458+0800] {logging_mixin.py:151} INFO - [2023-09-14T11:35:55.458+0800] {dag.py:2915} INFO - Sync 1 DAGs
[2023-09-14T11:35:55.463+0800] {logging_mixin.py:151} INFO - [2023-09-14T11:35:55.463+0800] {dag.py:3696} INFO - Setting next_dagrun for example_sensors to None, run_after=None
[2023-09-14T11:35:55.473+0800] {processor.py:179} INFO - Processing /opt/homebrew/lib/python3.11/site-packages/airflow/example_dags/example_sensors.py took 0.140 seconds
[2023-09-14T11:37:40.871+0800] {processor.py:157} INFO - Started process (PID=72746) to work on /opt/homebrew/lib/python3.11/site-packages/airflow/example_dags/example_sensors.py
[2023-09-14T11:37:40.871+0800] {processor.py:829} INFO - Processing file /opt/homebrew/lib/python3.11/site-packages/airflow/example_dags/example_sensors.py for tasks to queue
[2023-09-14T11:37:40.871+0800] {logging_mixin.py:151} INFO - [2023-09-14T11:37:40.871+0800] {dagbag.py:539} INFO - Filling up the DagBag from /opt/homebrew/lib/python3.11/site-packages/airflow/example_dags/example_sensors.py
[2023-09-14T11:37:40.890+0800] {processor.py:839} INFO - DAG(s) dict_keys(['example_sensors']) retrieved from /opt/homebrew/lib/python3.11/site-packages/airflow/example_dags/example_sensors.py
[2023-09-14T11:37:40.996+0800] {logging_mixin.py:151} INFO - [2023-09-14T11:37:40.995+0800] {dag.py:2915} INFO - Sync 1 DAGs
[2023-09-14T11:37:41.001+0800] {logging_mixin.py:151} INFO - [2023-09-14T11:37:41.001+0800] {dag.py:3696} INFO - Setting next_dagrun for example_sensors to None, run_after=None
[2023-09-14T11:37:41.011+0800] {processor.py:179} INFO - Processing /opt/homebrew/lib/python3.11/site-packages/airflow/example_dags/example_sensors.py took 0.141 seconds
[2023-09-14T11:39:20.711+0800] {processor.py:157} INFO - Started process (PID=72954) to work on /opt/homebrew/lib/python3.11/site-packages/airflow/example_dags/example_sensors.py
[2023-09-14T11:39:20.711+0800] {processor.py:829} INFO - Processing file /opt/homebrew/lib/python3.11/site-packages/airflow/example_dags/example_sensors.py for tasks to queue
[2023-09-14T11:39:20.711+0800] {logging_mixin.py:151} INFO - [2023-09-14T11:39:20.711+0800] {dagbag.py:539} INFO - Filling up the DagBag from /opt/homebrew/lib/python3.11/site-packages/airflow/example_dags/example_sensors.py
[2023-09-14T11:39:20.730+0800] {processor.py:839} INFO - DAG(s) dict_keys(['example_sensors']) retrieved from /opt/homebrew/lib/python3.11/site-packages/airflow/example_dags/example_sensors.py
[2023-09-14T11:39:20.836+0800] {logging_mixin.py:151} INFO - [2023-09-14T11:39:20.836+0800] {dag.py:2915} INFO - Sync 1 DAGs
[2023-09-14T11:39:20.841+0800] {logging_mixin.py:151} INFO - [2023-09-14T11:39:20.841+0800] {dag.py:3696} INFO - Setting next_dagrun for example_sensors to None, run_after=None
[2023-09-14T11:39:20.851+0800] {processor.py:179} INFO - Processing /opt/homebrew/lib/python3.11/site-packages/airflow/example_dags/example_sensors.py took 0.141 seconds
[2023-09-14T11:41:03.615+0800] {processor.py:157} INFO - Started process (PID=73133) to work on /opt/homebrew/lib/python3.11/site-packages/airflow/example_dags/example_sensors.py
[2023-09-14T11:41:03.615+0800] {processor.py:829} INFO - Processing file /opt/homebrew/lib/python3.11/site-packages/airflow/example_dags/example_sensors.py for tasks to queue
[2023-09-14T11:41:03.615+0800] {logging_mixin.py:151} INFO - [2023-09-14T11:41:03.615+0800] {dagbag.py:539} INFO - Filling up the DagBag from /opt/homebrew/lib/python3.11/site-packages/airflow/example_dags/example_sensors.py
[2023-09-14T11:41:03.634+0800] {processor.py:839} INFO - DAG(s) dict_keys(['example_sensors']) retrieved from /opt/homebrew/lib/python3.11/site-packages/airflow/example_dags/example_sensors.py
[2023-09-14T11:41:03.739+0800] {logging_mixin.py:151} INFO - [2023-09-14T11:41:03.739+0800] {dag.py:2915} INFO - Sync 1 DAGs
[2023-09-14T11:41:03.744+0800] {logging_mixin.py:151} INFO - [2023-09-14T11:41:03.744+0800] {dag.py:3696} INFO - Setting next_dagrun for example_sensors to None, run_after=None
[2023-09-14T11:41:03.754+0800] {processor.py:179} INFO - Processing /opt/homebrew/lib/python3.11/site-packages/airflow/example_dags/example_sensors.py took 0.140 seconds
[2023-09-14T11:42:45.707+0800] {processor.py:157} INFO - Started process (PID=73316) to work on /opt/homebrew/lib/python3.11/site-packages/airflow/example_dags/example_sensors.py
[2023-09-14T11:42:45.707+0800] {processor.py:829} INFO - Processing file /opt/homebrew/lib/python3.11/site-packages/airflow/example_dags/example_sensors.py for tasks to queue
[2023-09-14T11:42:45.707+0800] {logging_mixin.py:151} INFO - [2023-09-14T11:42:45.707+0800] {dagbag.py:539} INFO - Filling up the DagBag from /opt/homebrew/lib/python3.11/site-packages/airflow/example_dags/example_sensors.py
[2023-09-14T11:42:45.726+0800] {processor.py:839} INFO - DAG(s) dict_keys(['example_sensors']) retrieved from /opt/homebrew/lib/python3.11/site-packages/airflow/example_dags/example_sensors.py
[2023-09-14T11:42:45.837+0800] {logging_mixin.py:151} INFO - [2023-09-14T11:42:45.837+0800] {dag.py:2915} INFO - Sync 1 DAGs
[2023-09-14T11:42:45.842+0800] {logging_mixin.py:151} INFO - [2023-09-14T11:42:45.842+0800] {dag.py:3696} INFO - Setting next_dagrun for example_sensors to None, run_after=None
[2023-09-14T11:42:45.853+0800] {processor.py:179} INFO - Processing /opt/homebrew/lib/python3.11/site-packages/airflow/example_dags/example_sensors.py took 0.147 seconds
[2023-09-14T11:44:30.329+0800] {processor.py:157} INFO - Started process (PID=73501) to work on /opt/homebrew/lib/python3.11/site-packages/airflow/example_dags/example_sensors.py
[2023-09-14T11:44:30.329+0800] {processor.py:829} INFO - Processing file /opt/homebrew/lib/python3.11/site-packages/airflow/example_dags/example_sensors.py for tasks to queue
[2023-09-14T11:44:30.329+0800] {logging_mixin.py:151} INFO - [2023-09-14T11:44:30.329+0800] {dagbag.py:539} INFO - Filling up the DagBag from /opt/homebrew/lib/python3.11/site-packages/airflow/example_dags/example_sensors.py
[2023-09-14T11:44:30.348+0800] {processor.py:839} INFO - DAG(s) dict_keys(['example_sensors']) retrieved from /opt/homebrew/lib/python3.11/site-packages/airflow/example_dags/example_sensors.py
[2023-09-14T11:44:30.453+0800] {logging_mixin.py:151} INFO - [2023-09-14T11:44:30.453+0800] {dag.py:2915} INFO - Sync 1 DAGs
[2023-09-14T11:44:30.458+0800] {logging_mixin.py:151} INFO - [2023-09-14T11:44:30.458+0800] {dag.py:3696} INFO - Setting next_dagrun for example_sensors to None, run_after=None
[2023-09-14T11:44:30.469+0800] {processor.py:179} INFO - Processing /opt/homebrew/lib/python3.11/site-packages/airflow/example_dags/example_sensors.py took 0.140 seconds
[2023-09-14T13:47:26.394+0800] {processor.py:157} INFO - Started process (PID=73806) to work on /opt/homebrew/lib/python3.11/site-packages/airflow/example_dags/example_sensors.py
[2023-09-14T13:47:26.395+0800] {processor.py:829} INFO - Processing file /opt/homebrew/lib/python3.11/site-packages/airflow/example_dags/example_sensors.py for tasks to queue
[2023-09-14T13:47:26.396+0800] {logging_mixin.py:151} INFO - [2023-09-14T13:47:26.396+0800] {dagbag.py:539} INFO - Filling up the DagBag from /opt/homebrew/lib/python3.11/site-packages/airflow/example_dags/example_sensors.py
[2023-09-14T13:47:26.416+0800] {processor.py:839} INFO - DAG(s) dict_keys(['example_sensors']) retrieved from /opt/homebrew/lib/python3.11/site-packages/airflow/example_dags/example_sensors.py
[2023-09-14T13:47:26.521+0800] {logging_mixin.py:151} INFO - [2023-09-14T13:47:26.521+0800] {dag.py:2915} INFO - Sync 1 DAGs
[2023-09-14T13:47:26.526+0800] {logging_mixin.py:151} INFO - [2023-09-14T13:47:26.526+0800] {dag.py:3696} INFO - Setting next_dagrun for example_sensors to None, run_after=None
[2023-09-14T13:47:26.537+0800] {processor.py:179} INFO - Processing /opt/homebrew/lib/python3.11/site-packages/airflow/example_dags/example_sensors.py took 0.143 seconds
[2023-09-14T17:01:40.392+0800] {processor.py:157} INFO - Started process (PID=74095) to work on /opt/homebrew/lib/python3.11/site-packages/airflow/example_dags/example_sensors.py
[2023-09-14T17:01:40.393+0800] {processor.py:829} INFO - Processing file /opt/homebrew/lib/python3.11/site-packages/airflow/example_dags/example_sensors.py for tasks to queue
[2023-09-14T17:01:40.393+0800] {logging_mixin.py:151} INFO - [2023-09-14T17:01:40.393+0800] {dagbag.py:539} INFO - Filling up the DagBag from /opt/homebrew/lib/python3.11/site-packages/airflow/example_dags/example_sensors.py
[2023-09-14T17:01:40.414+0800] {processor.py:839} INFO - DAG(s) dict_keys(['example_sensors']) retrieved from /opt/homebrew/lib/python3.11/site-packages/airflow/example_dags/example_sensors.py
[2023-09-14T17:01:40.520+0800] {logging_mixin.py:151} INFO - [2023-09-14T17:01:40.519+0800] {dag.py:2915} INFO - Sync 1 DAGs
[2023-09-14T17:01:40.525+0800] {logging_mixin.py:151} INFO - [2023-09-14T17:01:40.525+0800] {dag.py:3696} INFO - Setting next_dagrun for example_sensors to None, run_after=None
[2023-09-14T17:01:40.535+0800] {processor.py:179} INFO - Processing /opt/homebrew/lib/python3.11/site-packages/airflow/example_dags/example_sensors.py took 0.144 seconds
[2023-09-14T20:18:47.625+0800] {processor.py:157} INFO - Started process (PID=74439) to work on /opt/homebrew/lib/python3.11/site-packages/airflow/example_dags/example_sensors.py
[2023-09-14T20:18:47.626+0800] {processor.py:829} INFO - Processing file /opt/homebrew/lib/python3.11/site-packages/airflow/example_dags/example_sensors.py for tasks to queue
[2023-09-14T20:18:47.626+0800] {logging_mixin.py:151} INFO - [2023-09-14T20:18:47.626+0800] {dagbag.py:539} INFO - Filling up the DagBag from /opt/homebrew/lib/python3.11/site-packages/airflow/example_dags/example_sensors.py
[2023-09-14T20:18:47.647+0800] {processor.py:839} INFO - DAG(s) dict_keys(['example_sensors']) retrieved from /opt/homebrew/lib/python3.11/site-packages/airflow/example_dags/example_sensors.py
[2023-09-14T20:18:47.752+0800] {logging_mixin.py:151} INFO - [2023-09-14T20:18:47.752+0800] {dag.py:2915} INFO - Sync 1 DAGs
[2023-09-14T20:18:47.757+0800] {logging_mixin.py:151} INFO - [2023-09-14T20:18:47.757+0800] {dag.py:3696} INFO - Setting next_dagrun for example_sensors to None, run_after=None
[2023-09-14T20:18:47.767+0800] {processor.py:179} INFO - Processing /opt/homebrew/lib/python3.11/site-packages/airflow/example_dags/example_sensors.py took 0.143 seconds
[2023-09-14T23:40:16.017+0800] {processor.py:157} INFO - Started process (PID=74777) to work on /opt/homebrew/lib/python3.11/site-packages/airflow/example_dags/example_sensors.py
[2023-09-14T23:40:16.017+0800] {processor.py:829} INFO - Processing file /opt/homebrew/lib/python3.11/site-packages/airflow/example_dags/example_sensors.py for tasks to queue
[2023-09-14T23:40:16.017+0800] {logging_mixin.py:151} INFO - [2023-09-14T23:40:16.017+0800] {dagbag.py:539} INFO - Filling up the DagBag from /opt/homebrew/lib/python3.11/site-packages/airflow/example_dags/example_sensors.py
[2023-09-14T23:40:16.037+0800] {processor.py:839} INFO - DAG(s) dict_keys(['example_sensors']) retrieved from /opt/homebrew/lib/python3.11/site-packages/airflow/example_dags/example_sensors.py
[2023-09-14T23:40:16.143+0800] {logging_mixin.py:151} INFO - [2023-09-14T23:40:16.143+0800] {dag.py:2915} INFO - Sync 1 DAGs
[2023-09-14T23:40:16.148+0800] {logging_mixin.py:151} INFO - [2023-09-14T23:40:16.148+0800] {dag.py:3696} INFO - Setting next_dagrun for example_sensors to None, run_after=None
[2023-09-14T23:40:16.159+0800] {processor.py:179} INFO - Processing /opt/homebrew/lib/python3.11/site-packages/airflow/example_dags/example_sensors.py took 0.143 seconds
[2023-09-15T02:56:16.247+0800] {processor.py:157} INFO - Started process (PID=75110) to work on /opt/homebrew/lib/python3.11/site-packages/airflow/example_dags/example_sensors.py
[2023-09-15T02:56:16.248+0800] {processor.py:829} INFO - Processing file /opt/homebrew/lib/python3.11/site-packages/airflow/example_dags/example_sensors.py for tasks to queue
[2023-09-15T02:56:16.248+0800] {logging_mixin.py:151} INFO - [2023-09-15T02:56:16.248+0800] {dagbag.py:539} INFO - Filling up the DagBag from /opt/homebrew/lib/python3.11/site-packages/airflow/example_dags/example_sensors.py
[2023-09-15T02:56:16.268+0800] {processor.py:839} INFO - DAG(s) dict_keys(['example_sensors']) retrieved from /opt/homebrew/lib/python3.11/site-packages/airflow/example_dags/example_sensors.py
[2023-09-15T02:56:16.375+0800] {logging_mixin.py:151} INFO - [2023-09-15T02:56:16.375+0800] {dag.py:2915} INFO - Sync 1 DAGs
[2023-09-15T02:56:16.381+0800] {logging_mixin.py:151} INFO - [2023-09-15T02:56:16.381+0800] {dag.py:3696} INFO - Setting next_dagrun for example_sensors to None, run_after=None
[2023-09-15T02:56:16.391+0800] {processor.py:179} INFO - Processing /opt/homebrew/lib/python3.11/site-packages/airflow/example_dags/example_sensors.py took 0.144 seconds
[2023-09-15T06:11:28.416+0800] {processor.py:157} INFO - Started process (PID=75441) to work on /opt/homebrew/lib/python3.11/site-packages/airflow/example_dags/example_sensors.py
[2023-09-15T06:11:28.417+0800] {processor.py:829} INFO - Processing file /opt/homebrew/lib/python3.11/site-packages/airflow/example_dags/example_sensors.py for tasks to queue
[2023-09-15T06:11:28.417+0800] {logging_mixin.py:151} INFO - [2023-09-15T06:11:28.417+0800] {dagbag.py:539} INFO - Filling up the DagBag from /opt/homebrew/lib/python3.11/site-packages/airflow/example_dags/example_sensors.py
[2023-09-15T06:11:28.437+0800] {processor.py:839} INFO - DAG(s) dict_keys(['example_sensors']) retrieved from /opt/homebrew/lib/python3.11/site-packages/airflow/example_dags/example_sensors.py
[2023-09-15T06:11:28.543+0800] {logging_mixin.py:151} INFO - [2023-09-15T06:11:28.543+0800] {dag.py:2915} INFO - Sync 1 DAGs
[2023-09-15T06:11:28.548+0800] {logging_mixin.py:151} INFO - [2023-09-15T06:11:28.548+0800] {dag.py:3696} INFO - Setting next_dagrun for example_sensors to None, run_after=None
[2023-09-15T06:11:28.559+0800] {processor.py:179} INFO - Processing /opt/homebrew/lib/python3.11/site-packages/airflow/example_dags/example_sensors.py took 0.143 seconds
