[2023-09-15T08:05:53.216+0800] {processor.py:157} INFO - Started process (PID=75617) to work on /opt/homebrew/lib/python3.11/site-packages/airflow/example_dags/plugins/event_listener.py
[2023-09-15T08:05:53.216+0800] {processor.py:829} INFO - Processing file /opt/homebrew/lib/python3.11/site-packages/airflow/example_dags/plugins/event_listener.py for tasks to queue
[2023-09-15T08:05:53.216+0800] {logging_mixin.py:151} INFO - [2023-09-15T08:05:53.216+0800] {dagbag.py:539} INFO - Filling up the DagBag from /opt/homebrew/lib/python3.11/site-packages/airflow/example_dags/plugins/event_listener.py
[2023-09-15T08:05:53.217+0800] {processor.py:841} WARNING - No viable dags retrieved from /opt/homebrew/lib/python3.11/site-packages/airflow/example_dags/plugins/event_listener.py
[2023-09-15T08:05:53.286+0800] {processor.py:179} INFO - Processing /opt/homebrew/lib/python3.11/site-packages/airflow/example_dags/plugins/event_listener.py took 0.070 seconds
[2023-09-15T11:15:32.090+0800] {processor.py:157} INFO - Started process (PID=75956) to work on /opt/homebrew/lib/python3.11/site-packages/airflow/example_dags/plugins/event_listener.py
[2023-09-15T11:15:32.091+0800] {processor.py:829} INFO - Processing file /opt/homebrew/lib/python3.11/site-packages/airflow/example_dags/plugins/event_listener.py for tasks to queue
[2023-09-15T11:15:32.091+0800] {logging_mixin.py:151} INFO - [2023-09-15T11:15:32.091+0800] {dagbag.py:539} INFO - Filling up the DagBag from /opt/homebrew/lib/python3.11/site-packages/airflow/example_dags/plugins/event_listener.py
[2023-09-15T11:15:32.091+0800] {processor.py:841} WARNING - No viable dags retrieved from /opt/homebrew/lib/python3.11/site-packages/airflow/example_dags/plugins/event_listener.py
[2023-09-15T11:15:32.163+0800] {processor.py:179} INFO - Processing /opt/homebrew/lib/python3.11/site-packages/airflow/example_dags/plugins/event_listener.py took 0.073 seconds
[2023-09-15T14:35:06.101+0800] {processor.py:157} INFO - Started process (PID=76251) to work on /opt/homebrew/lib/python3.11/site-packages/airflow/example_dags/plugins/event_listener.py
[2023-09-15T14:35:06.101+0800] {processor.py:829} INFO - Processing file /opt/homebrew/lib/python3.11/site-packages/airflow/example_dags/plugins/event_listener.py for tasks to queue
[2023-09-15T14:35:06.102+0800] {logging_mixin.py:151} INFO - [2023-09-15T14:35:06.102+0800] {dagbag.py:539} INFO - Filling up the DagBag from /opt/homebrew/lib/python3.11/site-packages/airflow/example_dags/plugins/event_listener.py
[2023-09-15T14:35:06.102+0800] {processor.py:841} WARNING - No viable dags retrieved from /opt/homebrew/lib/python3.11/site-packages/airflow/example_dags/plugins/event_listener.py
[2023-09-15T14:35:06.171+0800] {processor.py:179} INFO - Processing /opt/homebrew/lib/python3.11/site-packages/airflow/example_dags/plugins/event_listener.py took 0.071 seconds
[2023-09-15T16:05:58.095+0800] {processor.py:157} INFO - Started process (PID=76499) to work on /opt/homebrew/lib/python3.11/site-packages/airflow/example_dags/plugins/event_listener.py
[2023-09-15T16:05:58.096+0800] {processor.py:829} INFO - Processing file /opt/homebrew/lib/python3.11/site-packages/airflow/example_dags/plugins/event_listener.py for tasks to queue
[2023-09-15T16:05:58.096+0800] {logging_mixin.py:151} INFO - [2023-09-15T16:05:58.096+0800] {dagbag.py:539} INFO - Filling up the DagBag from /opt/homebrew/lib/python3.11/site-packages/airflow/example_dags/plugins/event_listener.py
[2023-09-15T16:05:58.097+0800] {processor.py:841} WARNING - No viable dags retrieved from /opt/homebrew/lib/python3.11/site-packages/airflow/example_dags/plugins/event_listener.py
[2023-09-15T16:05:58.165+0800] {processor.py:179} INFO - Processing /opt/homebrew/lib/python3.11/site-packages/airflow/example_dags/plugins/event_listener.py took 0.070 seconds
[2023-09-15T16:06:54.874+0800] {processor.py:157} INFO - Started process (PID=76603) to work on /opt/homebrew/lib/python3.11/site-packages/airflow/example_dags/plugins/event_listener.py
[2023-09-15T16:06:54.875+0800] {processor.py:829} INFO - Processing file /opt/homebrew/lib/python3.11/site-packages/airflow/example_dags/plugins/event_listener.py for tasks to queue
[2023-09-15T16:06:54.875+0800] {logging_mixin.py:151} INFO - [2023-09-15T16:06:54.875+0800] {dagbag.py:539} INFO - Filling up the DagBag from /opt/homebrew/lib/python3.11/site-packages/airflow/example_dags/plugins/event_listener.py
[2023-09-15T16:06:54.876+0800] {processor.py:841} WARNING - No viable dags retrieved from /opt/homebrew/lib/python3.11/site-packages/airflow/example_dags/plugins/event_listener.py
[2023-09-15T16:06:54.944+0800] {processor.py:179} INFO - Processing /opt/homebrew/lib/python3.11/site-packages/airflow/example_dags/plugins/event_listener.py took 0.070 seconds
[2023-09-15T16:07:47.323+0800] {processor.py:157} INFO - Started process (PID=76729) to work on /opt/homebrew/lib/python3.11/site-packages/airflow/example_dags/plugins/event_listener.py
[2023-09-15T16:07:47.324+0800] {processor.py:829} INFO - Processing file /opt/homebrew/lib/python3.11/site-packages/airflow/example_dags/plugins/event_listener.py for tasks to queue
[2023-09-15T16:07:47.324+0800] {logging_mixin.py:151} INFO - [2023-09-15T16:07:47.324+0800] {dagbag.py:539} INFO - Filling up the DagBag from /opt/homebrew/lib/python3.11/site-packages/airflow/example_dags/plugins/event_listener.py
[2023-09-15T16:07:47.325+0800] {processor.py:841} WARNING - No viable dags retrieved from /opt/homebrew/lib/python3.11/site-packages/airflow/example_dags/plugins/event_listener.py
[2023-09-15T16:07:47.394+0800] {processor.py:179} INFO - Processing /opt/homebrew/lib/python3.11/site-packages/airflow/example_dags/plugins/event_listener.py took 0.071 seconds
[2023-09-15T16:08:36.233+0800] {processor.py:157} INFO - Started process (PID=76821) to work on /opt/homebrew/lib/python3.11/site-packages/airflow/example_dags/plugins/event_listener.py
[2023-09-15T16:08:36.233+0800] {processor.py:829} INFO - Processing file /opt/homebrew/lib/python3.11/site-packages/airflow/example_dags/plugins/event_listener.py for tasks to queue
[2023-09-15T16:08:36.233+0800] {logging_mixin.py:151} INFO - [2023-09-15T16:08:36.233+0800] {dagbag.py:539} INFO - Filling up the DagBag from /opt/homebrew/lib/python3.11/site-packages/airflow/example_dags/plugins/event_listener.py
[2023-09-15T16:08:36.234+0800] {processor.py:841} WARNING - No viable dags retrieved from /opt/homebrew/lib/python3.11/site-packages/airflow/example_dags/plugins/event_listener.py
[2023-09-15T16:08:36.303+0800] {processor.py:179} INFO - Processing /opt/homebrew/lib/python3.11/site-packages/airflow/example_dags/plugins/event_listener.py took 0.070 seconds
[2023-09-15T16:09:30.120+0800] {processor.py:157} INFO - Started process (PID=76940) to work on /opt/homebrew/lib/python3.11/site-packages/airflow/example_dags/plugins/event_listener.py
[2023-09-15T16:09:30.121+0800] {processor.py:829} INFO - Processing file /opt/homebrew/lib/python3.11/site-packages/airflow/example_dags/plugins/event_listener.py for tasks to queue
[2023-09-15T16:09:30.121+0800] {logging_mixin.py:151} INFO - [2023-09-15T16:09:30.121+0800] {dagbag.py:539} INFO - Filling up the DagBag from /opt/homebrew/lib/python3.11/site-packages/airflow/example_dags/plugins/event_listener.py
[2023-09-15T16:09:30.121+0800] {processor.py:841} WARNING - No viable dags retrieved from /opt/homebrew/lib/python3.11/site-packages/airflow/example_dags/plugins/event_listener.py
[2023-09-15T16:09:30.190+0800] {processor.py:179} INFO - Processing /opt/homebrew/lib/python3.11/site-packages/airflow/example_dags/plugins/event_listener.py took 0.071 seconds
[2023-09-15T16:10:24.311+0800] {processor.py:157} INFO - Started process (PID=77034) to work on /opt/homebrew/lib/python3.11/site-packages/airflow/example_dags/plugins/event_listener.py
[2023-09-15T16:10:24.311+0800] {processor.py:829} INFO - Processing file /opt/homebrew/lib/python3.11/site-packages/airflow/example_dags/plugins/event_listener.py for tasks to queue
[2023-09-15T16:10:24.311+0800] {logging_mixin.py:151} INFO - [2023-09-15T16:10:24.311+0800] {dagbag.py:539} INFO - Filling up the DagBag from /opt/homebrew/lib/python3.11/site-packages/airflow/example_dags/plugins/event_listener.py
[2023-09-15T16:10:24.312+0800] {processor.py:841} WARNING - No viable dags retrieved from /opt/homebrew/lib/python3.11/site-packages/airflow/example_dags/plugins/event_listener.py
[2023-09-15T16:10:24.382+0800] {processor.py:179} INFO - Processing /opt/homebrew/lib/python3.11/site-packages/airflow/example_dags/plugins/event_listener.py took 0.072 seconds
[2023-09-15T16:11:14.681+0800] {processor.py:157} INFO - Started process (PID=77124) to work on /opt/homebrew/lib/python3.11/site-packages/airflow/example_dags/plugins/event_listener.py
[2023-09-15T16:11:14.682+0800] {processor.py:829} INFO - Processing file /opt/homebrew/lib/python3.11/site-packages/airflow/example_dags/plugins/event_listener.py for tasks to queue
[2023-09-15T16:11:14.682+0800] {logging_mixin.py:151} INFO - [2023-09-15T16:11:14.682+0800] {dagbag.py:539} INFO - Filling up the DagBag from /opt/homebrew/lib/python3.11/site-packages/airflow/example_dags/plugins/event_listener.py
[2023-09-15T16:11:14.682+0800] {processor.py:841} WARNING - No viable dags retrieved from /opt/homebrew/lib/python3.11/site-packages/airflow/example_dags/plugins/event_listener.py
[2023-09-15T16:11:14.751+0800] {processor.py:179} INFO - Processing /opt/homebrew/lib/python3.11/site-packages/airflow/example_dags/plugins/event_listener.py took 0.071 seconds
[2023-09-15T16:12:08.017+0800] {processor.py:157} INFO - Started process (PID=77233) to work on /opt/homebrew/lib/python3.11/site-packages/airflow/example_dags/plugins/event_listener.py
[2023-09-15T16:12:08.017+0800] {processor.py:829} INFO - Processing file /opt/homebrew/lib/python3.11/site-packages/airflow/example_dags/plugins/event_listener.py for tasks to queue
[2023-09-15T16:12:08.017+0800] {logging_mixin.py:151} INFO - [2023-09-15T16:12:08.017+0800] {dagbag.py:539} INFO - Filling up the DagBag from /opt/homebrew/lib/python3.11/site-packages/airflow/example_dags/plugins/event_listener.py
[2023-09-15T16:12:08.018+0800] {processor.py:841} WARNING - No viable dags retrieved from /opt/homebrew/lib/python3.11/site-packages/airflow/example_dags/plugins/event_listener.py
[2023-09-15T16:12:08.087+0800] {processor.py:179} INFO - Processing /opt/homebrew/lib/python3.11/site-packages/airflow/example_dags/plugins/event_listener.py took 0.070 seconds
[2023-09-15T16:13:00.997+0800] {processor.py:157} INFO - Started process (PID=77328) to work on /opt/homebrew/lib/python3.11/site-packages/airflow/example_dags/plugins/event_listener.py
[2023-09-15T16:13:00.997+0800] {processor.py:829} INFO - Processing file /opt/homebrew/lib/python3.11/site-packages/airflow/example_dags/plugins/event_listener.py for tasks to queue
[2023-09-15T16:13:00.998+0800] {logging_mixin.py:151} INFO - [2023-09-15T16:13:00.998+0800] {dagbag.py:539} INFO - Filling up the DagBag from /opt/homebrew/lib/python3.11/site-packages/airflow/example_dags/plugins/event_listener.py
[2023-09-15T16:13:00.998+0800] {processor.py:841} WARNING - No viable dags retrieved from /opt/homebrew/lib/python3.11/site-packages/airflow/example_dags/plugins/event_listener.py
[2023-09-15T16:13:01.067+0800] {processor.py:179} INFO - Processing /opt/homebrew/lib/python3.11/site-packages/airflow/example_dags/plugins/event_listener.py took 0.071 seconds
[2023-09-15T16:13:54.298+0800] {processor.py:157} INFO - Started process (PID=77421) to work on /opt/homebrew/lib/python3.11/site-packages/airflow/example_dags/plugins/event_listener.py
[2023-09-15T16:13:54.298+0800] {processor.py:829} INFO - Processing file /opt/homebrew/lib/python3.11/site-packages/airflow/example_dags/plugins/event_listener.py for tasks to queue
[2023-09-15T16:13:54.298+0800] {logging_mixin.py:151} INFO - [2023-09-15T16:13:54.298+0800] {dagbag.py:539} INFO - Filling up the DagBag from /opt/homebrew/lib/python3.11/site-packages/airflow/example_dags/plugins/event_listener.py
[2023-09-15T16:13:54.299+0800] {processor.py:841} WARNING - No viable dags retrieved from /opt/homebrew/lib/python3.11/site-packages/airflow/example_dags/plugins/event_listener.py
[2023-09-15T16:13:54.368+0800] {processor.py:179} INFO - Processing /opt/homebrew/lib/python3.11/site-packages/airflow/example_dags/plugins/event_listener.py took 0.071 seconds
[2023-09-15T16:14:45.634+0800] {processor.py:157} INFO - Started process (PID=77519) to work on /opt/homebrew/lib/python3.11/site-packages/airflow/example_dags/plugins/event_listener.py
[2023-09-15T16:14:45.634+0800] {processor.py:829} INFO - Processing file /opt/homebrew/lib/python3.11/site-packages/airflow/example_dags/plugins/event_listener.py for tasks to queue
[2023-09-15T16:14:45.635+0800] {logging_mixin.py:151} INFO - [2023-09-15T16:14:45.635+0800] {dagbag.py:539} INFO - Filling up the DagBag from /opt/homebrew/lib/python3.11/site-packages/airflow/example_dags/plugins/event_listener.py
[2023-09-15T16:14:45.635+0800] {processor.py:841} WARNING - No viable dags retrieved from /opt/homebrew/lib/python3.11/site-packages/airflow/example_dags/plugins/event_listener.py
[2023-09-15T16:14:45.704+0800] {processor.py:179} INFO - Processing /opt/homebrew/lib/python3.11/site-packages/airflow/example_dags/plugins/event_listener.py took 0.070 seconds
[2023-09-15T16:15:39.157+0800] {processor.py:157} INFO - Started process (PID=77610) to work on /opt/homebrew/lib/python3.11/site-packages/airflow/example_dags/plugins/event_listener.py
[2023-09-15T16:15:39.158+0800] {processor.py:829} INFO - Processing file /opt/homebrew/lib/python3.11/site-packages/airflow/example_dags/plugins/event_listener.py for tasks to queue
[2023-09-15T16:15:39.158+0800] {logging_mixin.py:151} INFO - [2023-09-15T16:15:39.158+0800] {dagbag.py:539} INFO - Filling up the DagBag from /opt/homebrew/lib/python3.11/site-packages/airflow/example_dags/plugins/event_listener.py
[2023-09-15T16:15:39.159+0800] {processor.py:841} WARNING - No viable dags retrieved from /opt/homebrew/lib/python3.11/site-packages/airflow/example_dags/plugins/event_listener.py
[2023-09-15T16:15:39.227+0800] {processor.py:179} INFO - Processing /opt/homebrew/lib/python3.11/site-packages/airflow/example_dags/plugins/event_listener.py took 0.070 seconds
[2023-09-15T16:16:31.360+0800] {processor.py:157} INFO - Started process (PID=77718) to work on /opt/homebrew/lib/python3.11/site-packages/airflow/example_dags/plugins/event_listener.py
[2023-09-15T16:16:31.360+0800] {processor.py:829} INFO - Processing file /opt/homebrew/lib/python3.11/site-packages/airflow/example_dags/plugins/event_listener.py for tasks to queue
[2023-09-15T16:16:31.361+0800] {logging_mixin.py:151} INFO - [2023-09-15T16:16:31.360+0800] {dagbag.py:539} INFO - Filling up the DagBag from /opt/homebrew/lib/python3.11/site-packages/airflow/example_dags/plugins/event_listener.py
[2023-09-15T16:16:31.361+0800] {processor.py:841} WARNING - No viable dags retrieved from /opt/homebrew/lib/python3.11/site-packages/airflow/example_dags/plugins/event_listener.py
[2023-09-15T16:16:31.430+0800] {processor.py:179} INFO - Processing /opt/homebrew/lib/python3.11/site-packages/airflow/example_dags/plugins/event_listener.py took 0.071 seconds
[2023-09-15T16:17:21.201+0800] {processor.py:157} INFO - Started process (PID=77803) to work on /opt/homebrew/lib/python3.11/site-packages/airflow/example_dags/plugins/event_listener.py
[2023-09-15T16:17:21.202+0800] {processor.py:829} INFO - Processing file /opt/homebrew/lib/python3.11/site-packages/airflow/example_dags/plugins/event_listener.py for tasks to queue
[2023-09-15T16:17:21.202+0800] {logging_mixin.py:151} INFO - [2023-09-15T16:17:21.202+0800] {dagbag.py:539} INFO - Filling up the DagBag from /opt/homebrew/lib/python3.11/site-packages/airflow/example_dags/plugins/event_listener.py
[2023-09-15T16:17:21.203+0800] {processor.py:841} WARNING - No viable dags retrieved from /opt/homebrew/lib/python3.11/site-packages/airflow/example_dags/plugins/event_listener.py
[2023-09-15T16:17:21.272+0800] {processor.py:179} INFO - Processing /opt/homebrew/lib/python3.11/site-packages/airflow/example_dags/plugins/event_listener.py took 0.071 seconds
[2023-09-15T16:18:14.855+0800] {processor.py:157} INFO - Started process (PID=77901) to work on /opt/homebrew/lib/python3.11/site-packages/airflow/example_dags/plugins/event_listener.py
[2023-09-15T16:18:14.855+0800] {processor.py:829} INFO - Processing file /opt/homebrew/lib/python3.11/site-packages/airflow/example_dags/plugins/event_listener.py for tasks to queue
[2023-09-15T16:18:14.856+0800] {logging_mixin.py:151} INFO - [2023-09-15T16:18:14.855+0800] {dagbag.py:539} INFO - Filling up the DagBag from /opt/homebrew/lib/python3.11/site-packages/airflow/example_dags/plugins/event_listener.py
[2023-09-15T16:18:14.856+0800] {processor.py:841} WARNING - No viable dags retrieved from /opt/homebrew/lib/python3.11/site-packages/airflow/example_dags/plugins/event_listener.py
[2023-09-15T16:18:14.924+0800] {processor.py:179} INFO - Processing /opt/homebrew/lib/python3.11/site-packages/airflow/example_dags/plugins/event_listener.py took 0.070 seconds
[2023-09-15T16:19:05.934+0800] {processor.py:157} INFO - Started process (PID=77990) to work on /opt/homebrew/lib/python3.11/site-packages/airflow/example_dags/plugins/event_listener.py
[2023-09-15T16:19:05.934+0800] {processor.py:829} INFO - Processing file /opt/homebrew/lib/python3.11/site-packages/airflow/example_dags/plugins/event_listener.py for tasks to queue
[2023-09-15T16:19:05.935+0800] {logging_mixin.py:151} INFO - [2023-09-15T16:19:05.935+0800] {dagbag.py:539} INFO - Filling up the DagBag from /opt/homebrew/lib/python3.11/site-packages/airflow/example_dags/plugins/event_listener.py
[2023-09-15T16:19:05.935+0800] {processor.py:841} WARNING - No viable dags retrieved from /opt/homebrew/lib/python3.11/site-packages/airflow/example_dags/plugins/event_listener.py
[2023-09-15T16:19:06.004+0800] {processor.py:179} INFO - Processing /opt/homebrew/lib/python3.11/site-packages/airflow/example_dags/plugins/event_listener.py took 0.070 seconds
[2023-09-15T16:19:58.879+0800] {processor.py:157} INFO - Started process (PID=78086) to work on /opt/homebrew/lib/python3.11/site-packages/airflow/example_dags/plugins/event_listener.py
[2023-09-15T16:19:58.879+0800] {processor.py:829} INFO - Processing file /opt/homebrew/lib/python3.11/site-packages/airflow/example_dags/plugins/event_listener.py for tasks to queue
[2023-09-15T16:19:58.880+0800] {logging_mixin.py:151} INFO - [2023-09-15T16:19:58.880+0800] {dagbag.py:539} INFO - Filling up the DagBag from /opt/homebrew/lib/python3.11/site-packages/airflow/example_dags/plugins/event_listener.py
[2023-09-15T16:19:58.881+0800] {processor.py:841} WARNING - No viable dags retrieved from /opt/homebrew/lib/python3.11/site-packages/airflow/example_dags/plugins/event_listener.py
[2023-09-15T16:19:58.950+0800] {processor.py:179} INFO - Processing /opt/homebrew/lib/python3.11/site-packages/airflow/example_dags/plugins/event_listener.py took 0.072 seconds
[2023-09-15T16:20:52.812+0800] {processor.py:157} INFO - Started process (PID=78183) to work on /opt/homebrew/lib/python3.11/site-packages/airflow/example_dags/plugins/event_listener.py
[2023-09-15T16:20:52.813+0800] {processor.py:829} INFO - Processing file /opt/homebrew/lib/python3.11/site-packages/airflow/example_dags/plugins/event_listener.py for tasks to queue
[2023-09-15T16:20:52.813+0800] {logging_mixin.py:151} INFO - [2023-09-15T16:20:52.813+0800] {dagbag.py:539} INFO - Filling up the DagBag from /opt/homebrew/lib/python3.11/site-packages/airflow/example_dags/plugins/event_listener.py
[2023-09-15T16:20:52.813+0800] {processor.py:841} WARNING - No viable dags retrieved from /opt/homebrew/lib/python3.11/site-packages/airflow/example_dags/plugins/event_listener.py
[2023-09-15T16:20:52.882+0800] {processor.py:179} INFO - Processing /opt/homebrew/lib/python3.11/site-packages/airflow/example_dags/plugins/event_listener.py took 0.070 seconds
[2023-09-15T16:21:45.661+0800] {processor.py:157} INFO - Started process (PID=78276) to work on /opt/homebrew/lib/python3.11/site-packages/airflow/example_dags/plugins/event_listener.py
[2023-09-15T16:21:45.661+0800] {processor.py:829} INFO - Processing file /opt/homebrew/lib/python3.11/site-packages/airflow/example_dags/plugins/event_listener.py for tasks to queue
[2023-09-15T16:21:45.662+0800] {logging_mixin.py:151} INFO - [2023-09-15T16:21:45.662+0800] {dagbag.py:539} INFO - Filling up the DagBag from /opt/homebrew/lib/python3.11/site-packages/airflow/example_dags/plugins/event_listener.py
[2023-09-15T16:21:45.662+0800] {processor.py:841} WARNING - No viable dags retrieved from /opt/homebrew/lib/python3.11/site-packages/airflow/example_dags/plugins/event_listener.py
[2023-09-15T16:21:45.731+0800] {processor.py:179} INFO - Processing /opt/homebrew/lib/python3.11/site-packages/airflow/example_dags/plugins/event_listener.py took 0.071 seconds
[2023-09-15T16:22:38.008+0800] {processor.py:157} INFO - Started process (PID=78374) to work on /opt/homebrew/lib/python3.11/site-packages/airflow/example_dags/plugins/event_listener.py
[2023-09-15T16:22:38.008+0800] {processor.py:829} INFO - Processing file /opt/homebrew/lib/python3.11/site-packages/airflow/example_dags/plugins/event_listener.py for tasks to queue
[2023-09-15T16:22:38.008+0800] {logging_mixin.py:151} INFO - [2023-09-15T16:22:38.008+0800] {dagbag.py:539} INFO - Filling up the DagBag from /opt/homebrew/lib/python3.11/site-packages/airflow/example_dags/plugins/event_listener.py
[2023-09-15T16:22:38.009+0800] {processor.py:841} WARNING - No viable dags retrieved from /opt/homebrew/lib/python3.11/site-packages/airflow/example_dags/plugins/event_listener.py
[2023-09-15T16:22:38.078+0800] {processor.py:179} INFO - Processing /opt/homebrew/lib/python3.11/site-packages/airflow/example_dags/plugins/event_listener.py took 0.071 seconds
[2023-09-15T16:23:28.637+0800] {processor.py:157} INFO - Started process (PID=78464) to work on /opt/homebrew/lib/python3.11/site-packages/airflow/example_dags/plugins/event_listener.py
[2023-09-15T16:23:28.638+0800] {processor.py:829} INFO - Processing file /opt/homebrew/lib/python3.11/site-packages/airflow/example_dags/plugins/event_listener.py for tasks to queue
[2023-09-15T16:23:28.638+0800] {logging_mixin.py:151} INFO - [2023-09-15T16:23:28.638+0800] {dagbag.py:539} INFO - Filling up the DagBag from /opt/homebrew/lib/python3.11/site-packages/airflow/example_dags/plugins/event_listener.py
[2023-09-15T16:23:28.639+0800] {processor.py:841} WARNING - No viable dags retrieved from /opt/homebrew/lib/python3.11/site-packages/airflow/example_dags/plugins/event_listener.py
[2023-09-15T16:23:28.707+0800] {processor.py:179} INFO - Processing /opt/homebrew/lib/python3.11/site-packages/airflow/example_dags/plugins/event_listener.py took 0.070 seconds
[2023-09-15T16:24:21.700+0800] {processor.py:157} INFO - Started process (PID=78565) to work on /opt/homebrew/lib/python3.11/site-packages/airflow/example_dags/plugins/event_listener.py
[2023-09-15T16:24:21.700+0800] {processor.py:829} INFO - Processing file /opt/homebrew/lib/python3.11/site-packages/airflow/example_dags/plugins/event_listener.py for tasks to queue
[2023-09-15T16:24:21.701+0800] {logging_mixin.py:151} INFO - [2023-09-15T16:24:21.701+0800] {dagbag.py:539} INFO - Filling up the DagBag from /opt/homebrew/lib/python3.11/site-packages/airflow/example_dags/plugins/event_listener.py
[2023-09-15T16:24:21.701+0800] {processor.py:841} WARNING - No viable dags retrieved from /opt/homebrew/lib/python3.11/site-packages/airflow/example_dags/plugins/event_listener.py
[2023-09-15T16:24:21.770+0800] {processor.py:179} INFO - Processing /opt/homebrew/lib/python3.11/site-packages/airflow/example_dags/plugins/event_listener.py took 0.070 seconds
[2023-09-15T16:25:12.363+0800] {processor.py:157} INFO - Started process (PID=78654) to work on /opt/homebrew/lib/python3.11/site-packages/airflow/example_dags/plugins/event_listener.py
[2023-09-15T16:25:12.363+0800] {processor.py:829} INFO - Processing file /opt/homebrew/lib/python3.11/site-packages/airflow/example_dags/plugins/event_listener.py for tasks to queue
[2023-09-15T16:25:12.364+0800] {logging_mixin.py:151} INFO - [2023-09-15T16:25:12.364+0800] {dagbag.py:539} INFO - Filling up the DagBag from /opt/homebrew/lib/python3.11/site-packages/airflow/example_dags/plugins/event_listener.py
[2023-09-15T16:25:12.364+0800] {processor.py:841} WARNING - No viable dags retrieved from /opt/homebrew/lib/python3.11/site-packages/airflow/example_dags/plugins/event_listener.py
[2023-09-15T16:25:12.433+0800] {processor.py:179} INFO - Processing /opt/homebrew/lib/python3.11/site-packages/airflow/example_dags/plugins/event_listener.py took 0.070 seconds
[2023-09-15T16:26:05.034+0800] {processor.py:157} INFO - Started process (PID=78746) to work on /opt/homebrew/lib/python3.11/site-packages/airflow/example_dags/plugins/event_listener.py
[2023-09-15T16:26:05.035+0800] {processor.py:829} INFO - Processing file /opt/homebrew/lib/python3.11/site-packages/airflow/example_dags/plugins/event_listener.py for tasks to queue
[2023-09-15T16:26:05.035+0800] {logging_mixin.py:151} INFO - [2023-09-15T16:26:05.035+0800] {dagbag.py:539} INFO - Filling up the DagBag from /opt/homebrew/lib/python3.11/site-packages/airflow/example_dags/plugins/event_listener.py
[2023-09-15T16:26:05.036+0800] {processor.py:841} WARNING - No viable dags retrieved from /opt/homebrew/lib/python3.11/site-packages/airflow/example_dags/plugins/event_listener.py
[2023-09-15T16:26:05.104+0800] {processor.py:179} INFO - Processing /opt/homebrew/lib/python3.11/site-packages/airflow/example_dags/plugins/event_listener.py took 0.070 seconds
[2023-09-15T16:26:57.132+0800] {processor.py:157} INFO - Started process (PID=78838) to work on /opt/homebrew/lib/python3.11/site-packages/airflow/example_dags/plugins/event_listener.py
[2023-09-15T16:26:57.133+0800] {processor.py:829} INFO - Processing file /opt/homebrew/lib/python3.11/site-packages/airflow/example_dags/plugins/event_listener.py for tasks to queue
[2023-09-15T16:26:57.133+0800] {logging_mixin.py:151} INFO - [2023-09-15T16:26:57.133+0800] {dagbag.py:539} INFO - Filling up the DagBag from /opt/homebrew/lib/python3.11/site-packages/airflow/example_dags/plugins/event_listener.py
[2023-09-15T16:26:57.134+0800] {processor.py:841} WARNING - No viable dags retrieved from /opt/homebrew/lib/python3.11/site-packages/airflow/example_dags/plugins/event_listener.py
[2023-09-15T16:26:57.202+0800] {processor.py:179} INFO - Processing /opt/homebrew/lib/python3.11/site-packages/airflow/example_dags/plugins/event_listener.py took 0.070 seconds
[2023-09-15T16:27:46.860+0800] {processor.py:157} INFO - Started process (PID=78927) to work on /opt/homebrew/lib/python3.11/site-packages/airflow/example_dags/plugins/event_listener.py
[2023-09-15T16:27:46.860+0800] {processor.py:829} INFO - Processing file /opt/homebrew/lib/python3.11/site-packages/airflow/example_dags/plugins/event_listener.py for tasks to queue
[2023-09-15T16:27:46.861+0800] {logging_mixin.py:151} INFO - [2023-09-15T16:27:46.860+0800] {dagbag.py:539} INFO - Filling up the DagBag from /opt/homebrew/lib/python3.11/site-packages/airflow/example_dags/plugins/event_listener.py
[2023-09-15T16:27:46.861+0800] {processor.py:841} WARNING - No viable dags retrieved from /opt/homebrew/lib/python3.11/site-packages/airflow/example_dags/plugins/event_listener.py
[2023-09-15T16:27:46.930+0800] {processor.py:179} INFO - Processing /opt/homebrew/lib/python3.11/site-packages/airflow/example_dags/plugins/event_listener.py took 0.071 seconds
[2023-09-15T16:28:35.615+0800] {processor.py:157} INFO - Started process (PID=79015) to work on /opt/homebrew/lib/python3.11/site-packages/airflow/example_dags/plugins/event_listener.py
[2023-09-15T16:28:35.615+0800] {processor.py:829} INFO - Processing file /opt/homebrew/lib/python3.11/site-packages/airflow/example_dags/plugins/event_listener.py for tasks to queue
[2023-09-15T16:28:35.616+0800] {logging_mixin.py:151} INFO - [2023-09-15T16:28:35.616+0800] {dagbag.py:539} INFO - Filling up the DagBag from /opt/homebrew/lib/python3.11/site-packages/airflow/example_dags/plugins/event_listener.py
[2023-09-15T16:28:35.616+0800] {processor.py:841} WARNING - No viable dags retrieved from /opt/homebrew/lib/python3.11/site-packages/airflow/example_dags/plugins/event_listener.py
[2023-09-15T16:28:35.686+0800] {processor.py:179} INFO - Processing /opt/homebrew/lib/python3.11/site-packages/airflow/example_dags/plugins/event_listener.py took 0.072 seconds
[2023-09-15T16:29:26.972+0800] {processor.py:157} INFO - Started process (PID=79109) to work on /opt/homebrew/lib/python3.11/site-packages/airflow/example_dags/plugins/event_listener.py
[2023-09-15T16:29:26.973+0800] {processor.py:829} INFO - Processing file /opt/homebrew/lib/python3.11/site-packages/airflow/example_dags/plugins/event_listener.py for tasks to queue
[2023-09-15T16:29:26.973+0800] {logging_mixin.py:151} INFO - [2023-09-15T16:29:26.973+0800] {dagbag.py:539} INFO - Filling up the DagBag from /opt/homebrew/lib/python3.11/site-packages/airflow/example_dags/plugins/event_listener.py
[2023-09-15T16:29:26.973+0800] {processor.py:841} WARNING - No viable dags retrieved from /opt/homebrew/lib/python3.11/site-packages/airflow/example_dags/plugins/event_listener.py
[2023-09-15T16:29:27.042+0800] {processor.py:179} INFO - Processing /opt/homebrew/lib/python3.11/site-packages/airflow/example_dags/plugins/event_listener.py took 0.071 seconds
