[2023-09-15T08:05:51.605+0800] {processor.py:157} INFO - Started process (PID=75614) to work on /opt/homebrew/lib/python3.11/site-packages/airflow/example_dags/plugins/listener_plugin.py
[2023-09-15T08:05:51.605+0800] {processor.py:829} INFO - Processing file /opt/homebrew/lib/python3.11/site-packages/airflow/example_dags/plugins/listener_plugin.py for tasks to queue
[2023-09-15T08:05:51.605+0800] {logging_mixin.py:151} INFO - [2023-09-15T08:05:51.605+0800] {dagbag.py:539} INFO - Filling up the DagBag from /opt/homebrew/lib/python3.11/site-packages/airflow/example_dags/plugins/listener_plugin.py
[2023-09-15T08:05:51.606+0800] {processor.py:841} WARNING - No viable dags retrieved from /opt/homebrew/lib/python3.11/site-packages/airflow/example_dags/plugins/listener_plugin.py
[2023-09-15T08:05:51.675+0800] {processor.py:179} INFO - Processing /opt/homebrew/lib/python3.11/site-packages/airflow/example_dags/plugins/listener_plugin.py took 0.071 seconds
[2023-09-15T11:15:30.271+0800] {processor.py:157} INFO - Started process (PID=75953) to work on /opt/homebrew/lib/python3.11/site-packages/airflow/example_dags/plugins/listener_plugin.py
[2023-09-15T11:15:30.272+0800] {processor.py:829} INFO - Processing file /opt/homebrew/lib/python3.11/site-packages/airflow/example_dags/plugins/listener_plugin.py for tasks to queue
[2023-09-15T11:15:30.273+0800] {logging_mixin.py:151} INFO - [2023-09-15T11:15:30.273+0800] {dagbag.py:539} INFO - Filling up the DagBag from /opt/homebrew/lib/python3.11/site-packages/airflow/example_dags/plugins/listener_plugin.py
[2023-09-15T11:15:30.274+0800] {processor.py:841} WARNING - No viable dags retrieved from /opt/homebrew/lib/python3.11/site-packages/airflow/example_dags/plugins/listener_plugin.py
[2023-09-15T11:15:30.343+0800] {processor.py:179} INFO - Processing /opt/homebrew/lib/python3.11/site-packages/airflow/example_dags/plugins/listener_plugin.py took 0.072 seconds
[2023-09-15T14:17:27.995+0800] {processor.py:157} INFO - Started process (PID=76237) to work on /opt/homebrew/lib/python3.11/site-packages/airflow/example_dags/plugins/listener_plugin.py
[2023-09-15T14:17:27.996+0800] {processor.py:829} INFO - Processing file /opt/homebrew/lib/python3.11/site-packages/airflow/example_dags/plugins/listener_plugin.py for tasks to queue
[2023-09-15T14:17:27.996+0800] {logging_mixin.py:151} INFO - [2023-09-15T14:17:27.996+0800] {dagbag.py:539} INFO - Filling up the DagBag from /opt/homebrew/lib/python3.11/site-packages/airflow/example_dags/plugins/listener_plugin.py
[2023-09-15T14:17:27.997+0800] {processor.py:841} WARNING - No viable dags retrieved from /opt/homebrew/lib/python3.11/site-packages/airflow/example_dags/plugins/listener_plugin.py
[2023-09-15T14:17:28.066+0800] {processor.py:179} INFO - Processing /opt/homebrew/lib/python3.11/site-packages/airflow/example_dags/plugins/listener_plugin.py took 0.071 seconds
[2023-09-15T16:05:56.292+0800] {processor.py:157} INFO - Started process (PID=76497) to work on /opt/homebrew/lib/python3.11/site-packages/airflow/example_dags/plugins/listener_plugin.py
[2023-09-15T16:05:56.293+0800] {processor.py:829} INFO - Processing file /opt/homebrew/lib/python3.11/site-packages/airflow/example_dags/plugins/listener_plugin.py for tasks to queue
[2023-09-15T16:05:56.293+0800] {logging_mixin.py:151} INFO - [2023-09-15T16:05:56.293+0800] {dagbag.py:539} INFO - Filling up the DagBag from /opt/homebrew/lib/python3.11/site-packages/airflow/example_dags/plugins/listener_plugin.py
[2023-09-15T16:05:56.295+0800] {processor.py:841} WARNING - No viable dags retrieved from /opt/homebrew/lib/python3.11/site-packages/airflow/example_dags/plugins/listener_plugin.py
[2023-09-15T16:05:56.363+0800] {processor.py:179} INFO - Processing /opt/homebrew/lib/python3.11/site-packages/airflow/example_dags/plugins/listener_plugin.py took 0.072 seconds
[2023-09-15T16:06:53.064+0800] {processor.py:157} INFO - Started process (PID=76600) to work on /opt/homebrew/lib/python3.11/site-packages/airflow/example_dags/plugins/listener_plugin.py
[2023-09-15T16:06:53.065+0800] {processor.py:829} INFO - Processing file /opt/homebrew/lib/python3.11/site-packages/airflow/example_dags/plugins/listener_plugin.py for tasks to queue
[2023-09-15T16:06:53.065+0800] {logging_mixin.py:151} INFO - [2023-09-15T16:06:53.065+0800] {dagbag.py:539} INFO - Filling up the DagBag from /opt/homebrew/lib/python3.11/site-packages/airflow/example_dags/plugins/listener_plugin.py
[2023-09-15T16:06:53.067+0800] {processor.py:841} WARNING - No viable dags retrieved from /opt/homebrew/lib/python3.11/site-packages/airflow/example_dags/plugins/listener_plugin.py
[2023-09-15T16:06:53.135+0800] {processor.py:179} INFO - Processing /opt/homebrew/lib/python3.11/site-packages/airflow/example_dags/plugins/listener_plugin.py took 0.072 seconds
[2023-09-15T16:07:45.517+0800] {processor.py:157} INFO - Started process (PID=76727) to work on /opt/homebrew/lib/python3.11/site-packages/airflow/example_dags/plugins/listener_plugin.py
[2023-09-15T16:07:45.518+0800] {processor.py:829} INFO - Processing file /opt/homebrew/lib/python3.11/site-packages/airflow/example_dags/plugins/listener_plugin.py for tasks to queue
[2023-09-15T16:07:45.518+0800] {logging_mixin.py:151} INFO - [2023-09-15T16:07:45.518+0800] {dagbag.py:539} INFO - Filling up the DagBag from /opt/homebrew/lib/python3.11/site-packages/airflow/example_dags/plugins/listener_plugin.py
[2023-09-15T16:07:45.520+0800] {processor.py:841} WARNING - No viable dags retrieved from /opt/homebrew/lib/python3.11/site-packages/airflow/example_dags/plugins/listener_plugin.py
[2023-09-15T16:07:45.589+0800] {processor.py:179} INFO - Processing /opt/homebrew/lib/python3.11/site-packages/airflow/example_dags/plugins/listener_plugin.py took 0.072 seconds
[2023-09-15T16:08:34.427+0800] {processor.py:157} INFO - Started process (PID=76815) to work on /opt/homebrew/lib/python3.11/site-packages/airflow/example_dags/plugins/listener_plugin.py
[2023-09-15T16:08:34.428+0800] {processor.py:829} INFO - Processing file /opt/homebrew/lib/python3.11/site-packages/airflow/example_dags/plugins/listener_plugin.py for tasks to queue
[2023-09-15T16:08:34.428+0800] {logging_mixin.py:151} INFO - [2023-09-15T16:08:34.428+0800] {dagbag.py:539} INFO - Filling up the DagBag from /opt/homebrew/lib/python3.11/site-packages/airflow/example_dags/plugins/listener_plugin.py
[2023-09-15T16:08:34.429+0800] {processor.py:841} WARNING - No viable dags retrieved from /opt/homebrew/lib/python3.11/site-packages/airflow/example_dags/plugins/listener_plugin.py
[2023-09-15T16:08:34.498+0800] {processor.py:179} INFO - Processing /opt/homebrew/lib/python3.11/site-packages/airflow/example_dags/plugins/listener_plugin.py took 0.071 seconds
[2023-09-15T16:09:28.301+0800] {processor.py:157} INFO - Started process (PID=76937) to work on /opt/homebrew/lib/python3.11/site-packages/airflow/example_dags/plugins/listener_plugin.py
[2023-09-15T16:09:28.302+0800] {processor.py:829} INFO - Processing file /opt/homebrew/lib/python3.11/site-packages/airflow/example_dags/plugins/listener_plugin.py for tasks to queue
[2023-09-15T16:09:28.302+0800] {logging_mixin.py:151} INFO - [2023-09-15T16:09:28.302+0800] {dagbag.py:539} INFO - Filling up the DagBag from /opt/homebrew/lib/python3.11/site-packages/airflow/example_dags/plugins/listener_plugin.py
[2023-09-15T16:09:28.303+0800] {processor.py:841} WARNING - No viable dags retrieved from /opt/homebrew/lib/python3.11/site-packages/airflow/example_dags/plugins/listener_plugin.py
[2023-09-15T16:09:28.372+0800] {processor.py:179} INFO - Processing /opt/homebrew/lib/python3.11/site-packages/airflow/example_dags/plugins/listener_plugin.py took 0.071 seconds
[2023-09-15T16:10:22.908+0800] {processor.py:157} INFO - Started process (PID=77032) to work on /opt/homebrew/lib/python3.11/site-packages/airflow/example_dags/plugins/listener_plugin.py
[2023-09-15T16:10:22.909+0800] {processor.py:829} INFO - Processing file /opt/homebrew/lib/python3.11/site-packages/airflow/example_dags/plugins/listener_plugin.py for tasks to queue
[2023-09-15T16:10:22.909+0800] {logging_mixin.py:151} INFO - [2023-09-15T16:10:22.909+0800] {dagbag.py:539} INFO - Filling up the DagBag from /opt/homebrew/lib/python3.11/site-packages/airflow/example_dags/plugins/listener_plugin.py
[2023-09-15T16:10:22.910+0800] {processor.py:841} WARNING - No viable dags retrieved from /opt/homebrew/lib/python3.11/site-packages/airflow/example_dags/plugins/listener_plugin.py
[2023-09-15T16:10:22.979+0800] {processor.py:179} INFO - Processing /opt/homebrew/lib/python3.11/site-packages/airflow/example_dags/plugins/listener_plugin.py took 0.071 seconds
[2023-09-15T16:11:12.875+0800] {processor.py:157} INFO - Started process (PID=77122) to work on /opt/homebrew/lib/python3.11/site-packages/airflow/example_dags/plugins/listener_plugin.py
[2023-09-15T16:11:12.876+0800] {processor.py:829} INFO - Processing file /opt/homebrew/lib/python3.11/site-packages/airflow/example_dags/plugins/listener_plugin.py for tasks to queue
[2023-09-15T16:11:12.876+0800] {logging_mixin.py:151} INFO - [2023-09-15T16:11:12.876+0800] {dagbag.py:539} INFO - Filling up the DagBag from /opt/homebrew/lib/python3.11/site-packages/airflow/example_dags/plugins/listener_plugin.py
[2023-09-15T16:11:12.877+0800] {processor.py:841} WARNING - No viable dags retrieved from /opt/homebrew/lib/python3.11/site-packages/airflow/example_dags/plugins/listener_plugin.py
[2023-09-15T16:11:12.946+0800] {processor.py:179} INFO - Processing /opt/homebrew/lib/python3.11/site-packages/airflow/example_dags/plugins/listener_plugin.py took 0.071 seconds
[2023-09-15T16:12:06.218+0800] {processor.py:157} INFO - Started process (PID=77231) to work on /opt/homebrew/lib/python3.11/site-packages/airflow/example_dags/plugins/listener_plugin.py
[2023-09-15T16:12:06.219+0800] {processor.py:829} INFO - Processing file /opt/homebrew/lib/python3.11/site-packages/airflow/example_dags/plugins/listener_plugin.py for tasks to queue
[2023-09-15T16:12:06.219+0800] {logging_mixin.py:151} INFO - [2023-09-15T16:12:06.219+0800] {dagbag.py:539} INFO - Filling up the DagBag from /opt/homebrew/lib/python3.11/site-packages/airflow/example_dags/plugins/listener_plugin.py
[2023-09-15T16:12:06.220+0800] {processor.py:841} WARNING - No viable dags retrieved from /opt/homebrew/lib/python3.11/site-packages/airflow/example_dags/plugins/listener_plugin.py
[2023-09-15T16:12:06.289+0800] {processor.py:179} INFO - Processing /opt/homebrew/lib/python3.11/site-packages/airflow/example_dags/plugins/listener_plugin.py took 0.072 seconds
[2023-09-15T16:12:59.178+0800] {processor.py:157} INFO - Started process (PID=77326) to work on /opt/homebrew/lib/python3.11/site-packages/airflow/example_dags/plugins/listener_plugin.py
[2023-09-15T16:12:59.178+0800] {processor.py:829} INFO - Processing file /opt/homebrew/lib/python3.11/site-packages/airflow/example_dags/plugins/listener_plugin.py for tasks to queue
[2023-09-15T16:12:59.178+0800] {logging_mixin.py:151} INFO - [2023-09-15T16:12:59.178+0800] {dagbag.py:539} INFO - Filling up the DagBag from /opt/homebrew/lib/python3.11/site-packages/airflow/example_dags/plugins/listener_plugin.py
[2023-09-15T16:12:59.179+0800] {processor.py:841} WARNING - No viable dags retrieved from /opt/homebrew/lib/python3.11/site-packages/airflow/example_dags/plugins/listener_plugin.py
[2023-09-15T16:12:59.248+0800] {processor.py:179} INFO - Processing /opt/homebrew/lib/python3.11/site-packages/airflow/example_dags/plugins/listener_plugin.py took 0.071 seconds
[2023-09-15T16:13:52.485+0800] {processor.py:157} INFO - Started process (PID=77419) to work on /opt/homebrew/lib/python3.11/site-packages/airflow/example_dags/plugins/listener_plugin.py
[2023-09-15T16:13:52.485+0800] {processor.py:829} INFO - Processing file /opt/homebrew/lib/python3.11/site-packages/airflow/example_dags/plugins/listener_plugin.py for tasks to queue
[2023-09-15T16:13:52.486+0800] {logging_mixin.py:151} INFO - [2023-09-15T16:13:52.486+0800] {dagbag.py:539} INFO - Filling up the DagBag from /opt/homebrew/lib/python3.11/site-packages/airflow/example_dags/plugins/listener_plugin.py
[2023-09-15T16:13:52.487+0800] {processor.py:841} WARNING - No viable dags retrieved from /opt/homebrew/lib/python3.11/site-packages/airflow/example_dags/plugins/listener_plugin.py
[2023-09-15T16:13:52.555+0800] {processor.py:179} INFO - Processing /opt/homebrew/lib/python3.11/site-packages/airflow/example_dags/plugins/listener_plugin.py took 0.071 seconds
[2023-09-15T16:14:44.540+0800] {processor.py:157} INFO - Started process (PID=77517) to work on /opt/homebrew/lib/python3.11/site-packages/airflow/example_dags/plugins/listener_plugin.py
[2023-09-15T16:14:44.541+0800] {processor.py:829} INFO - Processing file /opt/homebrew/lib/python3.11/site-packages/airflow/example_dags/plugins/listener_plugin.py for tasks to queue
[2023-09-15T16:14:44.541+0800] {logging_mixin.py:151} INFO - [2023-09-15T16:14:44.541+0800] {dagbag.py:539} INFO - Filling up the DagBag from /opt/homebrew/lib/python3.11/site-packages/airflow/example_dags/plugins/listener_plugin.py
[2023-09-15T16:14:44.542+0800] {processor.py:841} WARNING - No viable dags retrieved from /opt/homebrew/lib/python3.11/site-packages/airflow/example_dags/plugins/listener_plugin.py
[2023-09-15T16:14:44.611+0800] {processor.py:179} INFO - Processing /opt/homebrew/lib/python3.11/site-packages/airflow/example_dags/plugins/listener_plugin.py took 0.071 seconds
[2023-09-15T16:15:37.350+0800] {processor.py:157} INFO - Started process (PID=77607) to work on /opt/homebrew/lib/python3.11/site-packages/airflow/example_dags/plugins/listener_plugin.py
[2023-09-15T16:15:37.350+0800] {processor.py:829} INFO - Processing file /opt/homebrew/lib/python3.11/site-packages/airflow/example_dags/plugins/listener_plugin.py for tasks to queue
[2023-09-15T16:15:37.350+0800] {logging_mixin.py:151} INFO - [2023-09-15T16:15:37.350+0800] {dagbag.py:539} INFO - Filling up the DagBag from /opt/homebrew/lib/python3.11/site-packages/airflow/example_dags/plugins/listener_plugin.py
[2023-09-15T16:15:37.351+0800] {processor.py:841} WARNING - No viable dags retrieved from /opt/homebrew/lib/python3.11/site-packages/airflow/example_dags/plugins/listener_plugin.py
[2023-09-15T16:15:37.420+0800] {processor.py:179} INFO - Processing /opt/homebrew/lib/python3.11/site-packages/airflow/example_dags/plugins/listener_plugin.py took 0.071 seconds
[2023-09-15T16:16:29.554+0800] {processor.py:157} INFO - Started process (PID=77715) to work on /opt/homebrew/lib/python3.11/site-packages/airflow/example_dags/plugins/listener_plugin.py
[2023-09-15T16:16:29.554+0800] {processor.py:829} INFO - Processing file /opt/homebrew/lib/python3.11/site-packages/airflow/example_dags/plugins/listener_plugin.py for tasks to queue
[2023-09-15T16:16:29.554+0800] {logging_mixin.py:151} INFO - [2023-09-15T16:16:29.554+0800] {dagbag.py:539} INFO - Filling up the DagBag from /opt/homebrew/lib/python3.11/site-packages/airflow/example_dags/plugins/listener_plugin.py
[2023-09-15T16:16:29.556+0800] {processor.py:841} WARNING - No viable dags retrieved from /opt/homebrew/lib/python3.11/site-packages/airflow/example_dags/plugins/listener_plugin.py
[2023-09-15T16:16:29.624+0800] {processor.py:179} INFO - Processing /opt/homebrew/lib/python3.11/site-packages/airflow/example_dags/plugins/listener_plugin.py took 0.071 seconds
[2023-09-15T16:17:19.391+0800] {processor.py:157} INFO - Started process (PID=77800) to work on /opt/homebrew/lib/python3.11/site-packages/airflow/example_dags/plugins/listener_plugin.py
[2023-09-15T16:17:19.391+0800] {processor.py:829} INFO - Processing file /opt/homebrew/lib/python3.11/site-packages/airflow/example_dags/plugins/listener_plugin.py for tasks to queue
[2023-09-15T16:17:19.391+0800] {logging_mixin.py:151} INFO - [2023-09-15T16:17:19.391+0800] {dagbag.py:539} INFO - Filling up the DagBag from /opt/homebrew/lib/python3.11/site-packages/airflow/example_dags/plugins/listener_plugin.py
[2023-09-15T16:17:19.392+0800] {processor.py:841} WARNING - No viable dags retrieved from /opt/homebrew/lib/python3.11/site-packages/airflow/example_dags/plugins/listener_plugin.py
[2023-09-15T16:17:19.461+0800] {processor.py:179} INFO - Processing /opt/homebrew/lib/python3.11/site-packages/airflow/example_dags/plugins/listener_plugin.py took 0.071 seconds
[2023-09-15T16:18:13.629+0800] {processor.py:157} INFO - Started process (PID=77899) to work on /opt/homebrew/lib/python3.11/site-packages/airflow/example_dags/plugins/listener_plugin.py
[2023-09-15T16:18:13.630+0800] {processor.py:829} INFO - Processing file /opt/homebrew/lib/python3.11/site-packages/airflow/example_dags/plugins/listener_plugin.py for tasks to queue
[2023-09-15T16:18:13.630+0800] {logging_mixin.py:151} INFO - [2023-09-15T16:18:13.630+0800] {dagbag.py:539} INFO - Filling up the DagBag from /opt/homebrew/lib/python3.11/site-packages/airflow/example_dags/plugins/listener_plugin.py
[2023-09-15T16:18:13.631+0800] {processor.py:841} WARNING - No viable dags retrieved from /opt/homebrew/lib/python3.11/site-packages/airflow/example_dags/plugins/listener_plugin.py
[2023-09-15T16:18:13.701+0800] {processor.py:179} INFO - Processing /opt/homebrew/lib/python3.11/site-packages/airflow/example_dags/plugins/listener_plugin.py took 0.072 seconds
[2023-09-15T16:19:04.128+0800] {processor.py:157} INFO - Started process (PID=77987) to work on /opt/homebrew/lib/python3.11/site-packages/airflow/example_dags/plugins/listener_plugin.py
[2023-09-15T16:19:04.129+0800] {processor.py:829} INFO - Processing file /opt/homebrew/lib/python3.11/site-packages/airflow/example_dags/plugins/listener_plugin.py for tasks to queue
[2023-09-15T16:19:04.129+0800] {logging_mixin.py:151} INFO - [2023-09-15T16:19:04.129+0800] {dagbag.py:539} INFO - Filling up the DagBag from /opt/homebrew/lib/python3.11/site-packages/airflow/example_dags/plugins/listener_plugin.py
[2023-09-15T16:19:04.130+0800] {processor.py:841} WARNING - No viable dags retrieved from /opt/homebrew/lib/python3.11/site-packages/airflow/example_dags/plugins/listener_plugin.py
[2023-09-15T16:19:04.199+0800] {processor.py:179} INFO - Processing /opt/homebrew/lib/python3.11/site-packages/airflow/example_dags/plugins/listener_plugin.py took 0.071 seconds
[2023-09-15T16:19:57.063+0800] {processor.py:157} INFO - Started process (PID=78083) to work on /opt/homebrew/lib/python3.11/site-packages/airflow/example_dags/plugins/listener_plugin.py
[2023-09-15T16:19:57.064+0800] {processor.py:829} INFO - Processing file /opt/homebrew/lib/python3.11/site-packages/airflow/example_dags/plugins/listener_plugin.py for tasks to queue
[2023-09-15T16:19:57.064+0800] {logging_mixin.py:151} INFO - [2023-09-15T16:19:57.064+0800] {dagbag.py:539} INFO - Filling up the DagBag from /opt/homebrew/lib/python3.11/site-packages/airflow/example_dags/plugins/listener_plugin.py
[2023-09-15T16:19:57.065+0800] {processor.py:841} WARNING - No viable dags retrieved from /opt/homebrew/lib/python3.11/site-packages/airflow/example_dags/plugins/listener_plugin.py
[2023-09-15T16:19:57.134+0800] {processor.py:179} INFO - Processing /opt/homebrew/lib/python3.11/site-packages/airflow/example_dags/plugins/listener_plugin.py took 0.071 seconds
[2023-09-15T16:20:51.000+0800] {processor.py:157} INFO - Started process (PID=78177) to work on /opt/homebrew/lib/python3.11/site-packages/airflow/example_dags/plugins/listener_plugin.py
[2023-09-15T16:20:51.000+0800] {processor.py:829} INFO - Processing file /opt/homebrew/lib/python3.11/site-packages/airflow/example_dags/plugins/listener_plugin.py for tasks to queue
[2023-09-15T16:20:51.001+0800] {logging_mixin.py:151} INFO - [2023-09-15T16:20:51.001+0800] {dagbag.py:539} INFO - Filling up the DagBag from /opt/homebrew/lib/python3.11/site-packages/airflow/example_dags/plugins/listener_plugin.py
[2023-09-15T16:20:51.002+0800] {processor.py:841} WARNING - No viable dags retrieved from /opt/homebrew/lib/python3.11/site-packages/airflow/example_dags/plugins/listener_plugin.py
[2023-09-15T16:20:51.071+0800] {processor.py:179} INFO - Processing /opt/homebrew/lib/python3.11/site-packages/airflow/example_dags/plugins/listener_plugin.py took 0.072 seconds
[2023-09-15T16:21:43.876+0800] {processor.py:157} INFO - Started process (PID=78274) to work on /opt/homebrew/lib/python3.11/site-packages/airflow/example_dags/plugins/listener_plugin.py
[2023-09-15T16:21:43.876+0800] {processor.py:829} INFO - Processing file /opt/homebrew/lib/python3.11/site-packages/airflow/example_dags/plugins/listener_plugin.py for tasks to queue
[2023-09-15T16:21:43.876+0800] {logging_mixin.py:151} INFO - [2023-09-15T16:21:43.876+0800] {dagbag.py:539} INFO - Filling up the DagBag from /opt/homebrew/lib/python3.11/site-packages/airflow/example_dags/plugins/listener_plugin.py
[2023-09-15T16:21:43.877+0800] {processor.py:841} WARNING - No viable dags retrieved from /opt/homebrew/lib/python3.11/site-packages/airflow/example_dags/plugins/listener_plugin.py
[2023-09-15T16:21:43.946+0800] {processor.py:179} INFO - Processing /opt/homebrew/lib/python3.11/site-packages/airflow/example_dags/plugins/listener_plugin.py took 0.071 seconds
[2023-09-15T16:22:36.653+0800] {processor.py:157} INFO - Started process (PID=78372) to work on /opt/homebrew/lib/python3.11/site-packages/airflow/example_dags/plugins/listener_plugin.py
[2023-09-15T16:22:36.654+0800] {processor.py:829} INFO - Processing file /opt/homebrew/lib/python3.11/site-packages/airflow/example_dags/plugins/listener_plugin.py for tasks to queue
[2023-09-15T16:22:36.654+0800] {logging_mixin.py:151} INFO - [2023-09-15T16:22:36.654+0800] {dagbag.py:539} INFO - Filling up the DagBag from /opt/homebrew/lib/python3.11/site-packages/airflow/example_dags/plugins/listener_plugin.py
[2023-09-15T16:22:36.655+0800] {processor.py:841} WARNING - No viable dags retrieved from /opt/homebrew/lib/python3.11/site-packages/airflow/example_dags/plugins/listener_plugin.py
[2023-09-15T16:22:36.725+0800] {processor.py:179} INFO - Processing /opt/homebrew/lib/python3.11/site-packages/airflow/example_dags/plugins/listener_plugin.py took 0.072 seconds
[2023-09-15T16:23:26.835+0800] {processor.py:157} INFO - Started process (PID=78461) to work on /opt/homebrew/lib/python3.11/site-packages/airflow/example_dags/plugins/listener_plugin.py
[2023-09-15T16:23:26.835+0800] {processor.py:829} INFO - Processing file /opt/homebrew/lib/python3.11/site-packages/airflow/example_dags/plugins/listener_plugin.py for tasks to queue
[2023-09-15T16:23:26.836+0800] {logging_mixin.py:151} INFO - [2023-09-15T16:23:26.836+0800] {dagbag.py:539} INFO - Filling up the DagBag from /opt/homebrew/lib/python3.11/site-packages/airflow/example_dags/plugins/listener_plugin.py
[2023-09-15T16:23:26.837+0800] {processor.py:841} WARNING - No viable dags retrieved from /opt/homebrew/lib/python3.11/site-packages/airflow/example_dags/plugins/listener_plugin.py
[2023-09-15T16:23:26.906+0800] {processor.py:179} INFO - Processing /opt/homebrew/lib/python3.11/site-packages/airflow/example_dags/plugins/listener_plugin.py took 0.071 seconds
[2023-09-15T16:24:19.897+0800] {processor.py:157} INFO - Started process (PID=78562) to work on /opt/homebrew/lib/python3.11/site-packages/airflow/example_dags/plugins/listener_plugin.py
[2023-09-15T16:24:19.898+0800] {processor.py:829} INFO - Processing file /opt/homebrew/lib/python3.11/site-packages/airflow/example_dags/plugins/listener_plugin.py for tasks to queue
[2023-09-15T16:24:19.898+0800] {logging_mixin.py:151} INFO - [2023-09-15T16:24:19.898+0800] {dagbag.py:539} INFO - Filling up the DagBag from /opt/homebrew/lib/python3.11/site-packages/airflow/example_dags/plugins/listener_plugin.py
[2023-09-15T16:24:19.899+0800] {processor.py:841} WARNING - No viable dags retrieved from /opt/homebrew/lib/python3.11/site-packages/airflow/example_dags/plugins/listener_plugin.py
[2023-09-15T16:24:19.968+0800] {processor.py:179} INFO - Processing /opt/homebrew/lib/python3.11/site-packages/airflow/example_dags/plugins/listener_plugin.py took 0.071 seconds
[2023-09-15T16:25:10.557+0800] {processor.py:157} INFO - Started process (PID=78652) to work on /opt/homebrew/lib/python3.11/site-packages/airflow/example_dags/plugins/listener_plugin.py
[2023-09-15T16:25:10.557+0800] {processor.py:829} INFO - Processing file /opt/homebrew/lib/python3.11/site-packages/airflow/example_dags/plugins/listener_plugin.py for tasks to queue
[2023-09-15T16:25:10.557+0800] {logging_mixin.py:151} INFO - [2023-09-15T16:25:10.557+0800] {dagbag.py:539} INFO - Filling up the DagBag from /opt/homebrew/lib/python3.11/site-packages/airflow/example_dags/plugins/listener_plugin.py
[2023-09-15T16:25:10.558+0800] {processor.py:841} WARNING - No viable dags retrieved from /opt/homebrew/lib/python3.11/site-packages/airflow/example_dags/plugins/listener_plugin.py
[2023-09-15T16:25:10.627+0800] {processor.py:179} INFO - Processing /opt/homebrew/lib/python3.11/site-packages/airflow/example_dags/plugins/listener_plugin.py took 0.071 seconds
[2023-09-15T16:26:03.232+0800] {processor.py:157} INFO - Started process (PID=78743) to work on /opt/homebrew/lib/python3.11/site-packages/airflow/example_dags/plugins/listener_plugin.py
[2023-09-15T16:26:03.233+0800] {processor.py:829} INFO - Processing file /opt/homebrew/lib/python3.11/site-packages/airflow/example_dags/plugins/listener_plugin.py for tasks to queue
[2023-09-15T16:26:03.233+0800] {logging_mixin.py:151} INFO - [2023-09-15T16:26:03.233+0800] {dagbag.py:539} INFO - Filling up the DagBag from /opt/homebrew/lib/python3.11/site-packages/airflow/example_dags/plugins/listener_plugin.py
[2023-09-15T16:26:03.234+0800] {processor.py:841} WARNING - No viable dags retrieved from /opt/homebrew/lib/python3.11/site-packages/airflow/example_dags/plugins/listener_plugin.py
[2023-09-15T16:26:03.302+0800] {processor.py:179} INFO - Processing /opt/homebrew/lib/python3.11/site-packages/airflow/example_dags/plugins/listener_plugin.py took 0.071 seconds
[2023-09-15T16:26:55.802+0800] {processor.py:157} INFO - Started process (PID=78836) to work on /opt/homebrew/lib/python3.11/site-packages/airflow/example_dags/plugins/listener_plugin.py
[2023-09-15T16:26:55.803+0800] {processor.py:829} INFO - Processing file /opt/homebrew/lib/python3.11/site-packages/airflow/example_dags/plugins/listener_plugin.py for tasks to queue
[2023-09-15T16:26:55.803+0800] {logging_mixin.py:151} INFO - [2023-09-15T16:26:55.803+0800] {dagbag.py:539} INFO - Filling up the DagBag from /opt/homebrew/lib/python3.11/site-packages/airflow/example_dags/plugins/listener_plugin.py
[2023-09-15T16:26:55.804+0800] {processor.py:841} WARNING - No viable dags retrieved from /opt/homebrew/lib/python3.11/site-packages/airflow/example_dags/plugins/listener_plugin.py
[2023-09-15T16:26:55.873+0800] {processor.py:179} INFO - Processing /opt/homebrew/lib/python3.11/site-packages/airflow/example_dags/plugins/listener_plugin.py took 0.071 seconds
[2023-09-15T16:27:45.031+0800] {processor.py:157} INFO - Started process (PID=78924) to work on /opt/homebrew/lib/python3.11/site-packages/airflow/example_dags/plugins/listener_plugin.py
[2023-09-15T16:27:45.031+0800] {processor.py:829} INFO - Processing file /opt/homebrew/lib/python3.11/site-packages/airflow/example_dags/plugins/listener_plugin.py for tasks to queue
[2023-09-15T16:27:45.032+0800] {logging_mixin.py:151} INFO - [2023-09-15T16:27:45.032+0800] {dagbag.py:539} INFO - Filling up the DagBag from /opt/homebrew/lib/python3.11/site-packages/airflow/example_dags/plugins/listener_plugin.py
[2023-09-15T16:27:45.033+0800] {processor.py:841} WARNING - No viable dags retrieved from /opt/homebrew/lib/python3.11/site-packages/airflow/example_dags/plugins/listener_plugin.py
[2023-09-15T16:27:45.101+0800] {processor.py:179} INFO - Processing /opt/homebrew/lib/python3.11/site-packages/airflow/example_dags/plugins/listener_plugin.py took 0.071 seconds
[2023-09-15T16:28:34.125+0800] {processor.py:157} INFO - Started process (PID=79012) to work on /opt/homebrew/lib/python3.11/site-packages/airflow/example_dags/plugins/listener_plugin.py
[2023-09-15T16:28:34.125+0800] {processor.py:829} INFO - Processing file /opt/homebrew/lib/python3.11/site-packages/airflow/example_dags/plugins/listener_plugin.py for tasks to queue
[2023-09-15T16:28:34.125+0800] {logging_mixin.py:151} INFO - [2023-09-15T16:28:34.125+0800] {dagbag.py:539} INFO - Filling up the DagBag from /opt/homebrew/lib/python3.11/site-packages/airflow/example_dags/plugins/listener_plugin.py
[2023-09-15T16:28:34.126+0800] {processor.py:841} WARNING - No viable dags retrieved from /opt/homebrew/lib/python3.11/site-packages/airflow/example_dags/plugins/listener_plugin.py
[2023-09-15T16:28:34.195+0800] {processor.py:179} INFO - Processing /opt/homebrew/lib/python3.11/site-packages/airflow/example_dags/plugins/listener_plugin.py took 0.071 seconds
[2023-09-15T16:29:25.157+0800] {processor.py:157} INFO - Started process (PID=79106) to work on /opt/homebrew/lib/python3.11/site-packages/airflow/example_dags/plugins/listener_plugin.py
[2023-09-15T16:29:25.157+0800] {processor.py:829} INFO - Processing file /opt/homebrew/lib/python3.11/site-packages/airflow/example_dags/plugins/listener_plugin.py for tasks to queue
[2023-09-15T16:29:25.158+0800] {logging_mixin.py:151} INFO - [2023-09-15T16:29:25.158+0800] {dagbag.py:539} INFO - Filling up the DagBag from /opt/homebrew/lib/python3.11/site-packages/airflow/example_dags/plugins/listener_plugin.py
[2023-09-15T16:29:25.159+0800] {processor.py:841} WARNING - No viable dags retrieved from /opt/homebrew/lib/python3.11/site-packages/airflow/example_dags/plugins/listener_plugin.py
[2023-09-15T16:29:25.227+0800] {processor.py:179} INFO - Processing /opt/homebrew/lib/python3.11/site-packages/airflow/example_dags/plugins/listener_plugin.py took 0.071 seconds
[2023-09-15T16:30:14.999+0800] {processor.py:157} INFO - Started process (PID=79248) to work on /opt/homebrew/lib/python3.11/site-packages/airflow/example_dags/plugins/listener_plugin.py
[2023-09-15T16:30:15.000+0800] {processor.py:829} INFO - Processing file /opt/homebrew/lib/python3.11/site-packages/airflow/example_dags/plugins/listener_plugin.py for tasks to queue
[2023-09-15T16:30:15.000+0800] {logging_mixin.py:151} INFO - [2023-09-15T16:30:15.000+0800] {dagbag.py:539} INFO - Filling up the DagBag from /opt/homebrew/lib/python3.11/site-packages/airflow/example_dags/plugins/listener_plugin.py
[2023-09-15T16:30:15.001+0800] {processor.py:841} WARNING - No viable dags retrieved from /opt/homebrew/lib/python3.11/site-packages/airflow/example_dags/plugins/listener_plugin.py
[2023-09-15T16:30:15.073+0800] {processor.py:179} INFO - Processing /opt/homebrew/lib/python3.11/site-packages/airflow/example_dags/plugins/listener_plugin.py took 0.075 seconds
[2023-09-15T16:31:08.131+0800] {processor.py:157} INFO - Started process (PID=79429) to work on /opt/homebrew/lib/python3.11/site-packages/airflow/example_dags/plugins/listener_plugin.py
[2023-09-15T16:31:08.131+0800] {processor.py:829} INFO - Processing file /opt/homebrew/lib/python3.11/site-packages/airflow/example_dags/plugins/listener_plugin.py for tasks to queue
[2023-09-15T16:31:08.132+0800] {logging_mixin.py:151} INFO - [2023-09-15T16:31:08.131+0800] {dagbag.py:539} INFO - Filling up the DagBag from /opt/homebrew/lib/python3.11/site-packages/airflow/example_dags/plugins/listener_plugin.py
[2023-09-15T16:31:08.133+0800] {processor.py:841} WARNING - No viable dags retrieved from /opt/homebrew/lib/python3.11/site-packages/airflow/example_dags/plugins/listener_plugin.py
[2023-09-15T16:31:08.201+0800] {processor.py:179} INFO - Processing /opt/homebrew/lib/python3.11/site-packages/airflow/example_dags/plugins/listener_plugin.py took 0.070 seconds
[2023-09-15T16:32:00.599+0800] {processor.py:157} INFO - Started process (PID=79550) to work on /opt/homebrew/lib/python3.11/site-packages/airflow/example_dags/plugins/listener_plugin.py
[2023-09-15T16:32:00.600+0800] {processor.py:829} INFO - Processing file /opt/homebrew/lib/python3.11/site-packages/airflow/example_dags/plugins/listener_plugin.py for tasks to queue
[2023-09-15T16:32:00.600+0800] {logging_mixin.py:151} INFO - [2023-09-15T16:32:00.600+0800] {dagbag.py:539} INFO - Filling up the DagBag from /opt/homebrew/lib/python3.11/site-packages/airflow/example_dags/plugins/listener_plugin.py
[2023-09-15T16:32:00.601+0800] {processor.py:841} WARNING - No viable dags retrieved from /opt/homebrew/lib/python3.11/site-packages/airflow/example_dags/plugins/listener_plugin.py
[2023-09-15T16:32:00.671+0800] {processor.py:179} INFO - Processing /opt/homebrew/lib/python3.11/site-packages/airflow/example_dags/plugins/listener_plugin.py took 0.072 seconds
[2023-09-15T16:32:54.194+0800] {processor.py:157} INFO - Started process (PID=79676) to work on /opt/homebrew/lib/python3.11/site-packages/airflow/example_dags/plugins/listener_plugin.py
[2023-09-15T16:32:54.194+0800] {processor.py:829} INFO - Processing file /opt/homebrew/lib/python3.11/site-packages/airflow/example_dags/plugins/listener_plugin.py for tasks to queue
[2023-09-15T16:32:54.195+0800] {logging_mixin.py:151} INFO - [2023-09-15T16:32:54.195+0800] {dagbag.py:539} INFO - Filling up the DagBag from /opt/homebrew/lib/python3.11/site-packages/airflow/example_dags/plugins/listener_plugin.py
[2023-09-15T16:32:54.196+0800] {processor.py:841} WARNING - No viable dags retrieved from /opt/homebrew/lib/python3.11/site-packages/airflow/example_dags/plugins/listener_plugin.py
[2023-09-15T16:32:54.268+0800] {processor.py:179} INFO - Processing /opt/homebrew/lib/python3.11/site-packages/airflow/example_dags/plugins/listener_plugin.py took 0.075 seconds
[2023-09-15T16:33:46.823+0800] {processor.py:157} INFO - Started process (PID=79799) to work on /opt/homebrew/lib/python3.11/site-packages/airflow/example_dags/plugins/listener_plugin.py
[2023-09-15T16:33:46.824+0800] {processor.py:829} INFO - Processing file /opt/homebrew/lib/python3.11/site-packages/airflow/example_dags/plugins/listener_plugin.py for tasks to queue
[2023-09-15T16:33:46.824+0800] {logging_mixin.py:151} INFO - [2023-09-15T16:33:46.824+0800] {dagbag.py:539} INFO - Filling up the DagBag from /opt/homebrew/lib/python3.11/site-packages/airflow/example_dags/plugins/listener_plugin.py
[2023-09-15T16:33:46.825+0800] {processor.py:841} WARNING - No viable dags retrieved from /opt/homebrew/lib/python3.11/site-packages/airflow/example_dags/plugins/listener_plugin.py
[2023-09-15T16:33:46.894+0800] {processor.py:179} INFO - Processing /opt/homebrew/lib/python3.11/site-packages/airflow/example_dags/plugins/listener_plugin.py took 0.071 seconds
[2023-09-15T16:34:39.842+0800] {processor.py:157} INFO - Started process (PID=79893) to work on /opt/homebrew/lib/python3.11/site-packages/airflow/example_dags/plugins/listener_plugin.py
[2023-09-15T16:34:39.843+0800] {processor.py:829} INFO - Processing file /opt/homebrew/lib/python3.11/site-packages/airflow/example_dags/plugins/listener_plugin.py for tasks to queue
[2023-09-15T16:34:39.843+0800] {logging_mixin.py:151} INFO - [2023-09-15T16:34:39.843+0800] {dagbag.py:539} INFO - Filling up the DagBag from /opt/homebrew/lib/python3.11/site-packages/airflow/example_dags/plugins/listener_plugin.py
[2023-09-15T16:34:39.844+0800] {processor.py:841} WARNING - No viable dags retrieved from /opt/homebrew/lib/python3.11/site-packages/airflow/example_dags/plugins/listener_plugin.py
[2023-09-15T16:34:39.912+0800] {processor.py:179} INFO - Processing /opt/homebrew/lib/python3.11/site-packages/airflow/example_dags/plugins/listener_plugin.py took 0.071 seconds
[2023-09-15T16:35:34.217+0800] {processor.py:157} INFO - Started process (PID=79989) to work on /opt/homebrew/lib/python3.11/site-packages/airflow/example_dags/plugins/listener_plugin.py
[2023-09-15T16:35:34.218+0800] {processor.py:829} INFO - Processing file /opt/homebrew/lib/python3.11/site-packages/airflow/example_dags/plugins/listener_plugin.py for tasks to queue
[2023-09-15T16:35:34.218+0800] {logging_mixin.py:151} INFO - [2023-09-15T16:35:34.218+0800] {dagbag.py:539} INFO - Filling up the DagBag from /opt/homebrew/lib/python3.11/site-packages/airflow/example_dags/plugins/listener_plugin.py
[2023-09-15T16:35:34.219+0800] {processor.py:841} WARNING - No viable dags retrieved from /opt/homebrew/lib/python3.11/site-packages/airflow/example_dags/plugins/listener_plugin.py
[2023-09-15T16:35:34.288+0800] {processor.py:179} INFO - Processing /opt/homebrew/lib/python3.11/site-packages/airflow/example_dags/plugins/listener_plugin.py took 0.071 seconds
[2023-09-15T16:36:27.206+0800] {processor.py:157} INFO - Started process (PID=80083) to work on /opt/homebrew/lib/python3.11/site-packages/airflow/example_dags/plugins/listener_plugin.py
[2023-09-15T16:36:27.207+0800] {processor.py:829} INFO - Processing file /opt/homebrew/lib/python3.11/site-packages/airflow/example_dags/plugins/listener_plugin.py for tasks to queue
[2023-09-15T16:36:27.207+0800] {logging_mixin.py:151} INFO - [2023-09-15T16:36:27.207+0800] {dagbag.py:539} INFO - Filling up the DagBag from /opt/homebrew/lib/python3.11/site-packages/airflow/example_dags/plugins/listener_plugin.py
[2023-09-15T16:36:27.208+0800] {processor.py:841} WARNING - No viable dags retrieved from /opt/homebrew/lib/python3.11/site-packages/airflow/example_dags/plugins/listener_plugin.py
[2023-09-15T16:36:27.279+0800] {processor.py:179} INFO - Processing /opt/homebrew/lib/python3.11/site-packages/airflow/example_dags/plugins/listener_plugin.py took 0.073 seconds
[2023-09-15T16:37:21.365+0800] {processor.py:157} INFO - Started process (PID=80178) to work on /opt/homebrew/lib/python3.11/site-packages/airflow/example_dags/plugins/listener_plugin.py
[2023-09-15T16:37:21.365+0800] {processor.py:829} INFO - Processing file /opt/homebrew/lib/python3.11/site-packages/airflow/example_dags/plugins/listener_plugin.py for tasks to queue
[2023-09-15T16:37:21.365+0800] {logging_mixin.py:151} INFO - [2023-09-15T16:37:21.365+0800] {dagbag.py:539} INFO - Filling up the DagBag from /opt/homebrew/lib/python3.11/site-packages/airflow/example_dags/plugins/listener_plugin.py
[2023-09-15T16:37:21.366+0800] {processor.py:841} WARNING - No viable dags retrieved from /opt/homebrew/lib/python3.11/site-packages/airflow/example_dags/plugins/listener_plugin.py
[2023-09-15T16:37:21.435+0800] {processor.py:179} INFO - Processing /opt/homebrew/lib/python3.11/site-packages/airflow/example_dags/plugins/listener_plugin.py took 0.071 seconds
[2023-09-15T16:38:14.714+0800] {processor.py:157} INFO - Started process (PID=80356) to work on /opt/homebrew/lib/python3.11/site-packages/airflow/example_dags/plugins/listener_plugin.py
[2023-09-15T16:38:14.715+0800] {processor.py:829} INFO - Processing file /opt/homebrew/lib/python3.11/site-packages/airflow/example_dags/plugins/listener_plugin.py for tasks to queue
[2023-09-15T16:38:14.715+0800] {logging_mixin.py:151} INFO - [2023-09-15T16:38:14.715+0800] {dagbag.py:539} INFO - Filling up the DagBag from /opt/homebrew/lib/python3.11/site-packages/airflow/example_dags/plugins/listener_plugin.py
[2023-09-15T16:38:14.716+0800] {processor.py:841} WARNING - No viable dags retrieved from /opt/homebrew/lib/python3.11/site-packages/airflow/example_dags/plugins/listener_plugin.py
[2023-09-15T16:38:14.786+0800] {processor.py:179} INFO - Processing /opt/homebrew/lib/python3.11/site-packages/airflow/example_dags/plugins/listener_plugin.py took 0.072 seconds
[2023-09-15T16:39:06.313+0800] {processor.py:157} INFO - Started process (PID=80474) to work on /opt/homebrew/lib/python3.11/site-packages/airflow/example_dags/plugins/listener_plugin.py
[2023-09-15T16:39:06.314+0800] {processor.py:829} INFO - Processing file /opt/homebrew/lib/python3.11/site-packages/airflow/example_dags/plugins/listener_plugin.py for tasks to queue
[2023-09-15T16:39:06.314+0800] {logging_mixin.py:151} INFO - [2023-09-15T16:39:06.314+0800] {dagbag.py:539} INFO - Filling up the DagBag from /opt/homebrew/lib/python3.11/site-packages/airflow/example_dags/plugins/listener_plugin.py
[2023-09-15T16:39:06.315+0800] {processor.py:841} WARNING - No viable dags retrieved from /opt/homebrew/lib/python3.11/site-packages/airflow/example_dags/plugins/listener_plugin.py
[2023-09-15T16:39:06.384+0800] {processor.py:179} INFO - Processing /opt/homebrew/lib/python3.11/site-packages/airflow/example_dags/plugins/listener_plugin.py took 0.071 seconds
[2023-09-15T16:40:01.711+0800] {processor.py:157} INFO - Started process (PID=80600) to work on /opt/homebrew/lib/python3.11/site-packages/airflow/example_dags/plugins/listener_plugin.py
[2023-09-15T16:40:01.711+0800] {processor.py:829} INFO - Processing file /opt/homebrew/lib/python3.11/site-packages/airflow/example_dags/plugins/listener_plugin.py for tasks to queue
[2023-09-15T16:40:01.712+0800] {logging_mixin.py:151} INFO - [2023-09-15T16:40:01.712+0800] {dagbag.py:539} INFO - Filling up the DagBag from /opt/homebrew/lib/python3.11/site-packages/airflow/example_dags/plugins/listener_plugin.py
[2023-09-15T16:40:01.713+0800] {processor.py:841} WARNING - No viable dags retrieved from /opt/homebrew/lib/python3.11/site-packages/airflow/example_dags/plugins/listener_plugin.py
[2023-09-15T16:40:01.782+0800] {processor.py:179} INFO - Processing /opt/homebrew/lib/python3.11/site-packages/airflow/example_dags/plugins/listener_plugin.py took 0.072 seconds
[2023-09-15T16:40:56.389+0800] {processor.py:157} INFO - Started process (PID=80731) to work on /opt/homebrew/lib/python3.11/site-packages/airflow/example_dags/plugins/listener_plugin.py
[2023-09-15T16:40:56.390+0800] {processor.py:829} INFO - Processing file /opt/homebrew/lib/python3.11/site-packages/airflow/example_dags/plugins/listener_plugin.py for tasks to queue
[2023-09-15T16:40:56.390+0800] {logging_mixin.py:151} INFO - [2023-09-15T16:40:56.390+0800] {dagbag.py:539} INFO - Filling up the DagBag from /opt/homebrew/lib/python3.11/site-packages/airflow/example_dags/plugins/listener_plugin.py
[2023-09-15T16:40:56.391+0800] {processor.py:841} WARNING - No viable dags retrieved from /opt/homebrew/lib/python3.11/site-packages/airflow/example_dags/plugins/listener_plugin.py
[2023-09-15T16:40:56.460+0800] {processor.py:179} INFO - Processing /opt/homebrew/lib/python3.11/site-packages/airflow/example_dags/plugins/listener_plugin.py took 0.072 seconds
[2023-09-15T16:41:51.973+0800] {processor.py:157} INFO - Started process (PID=80847) to work on /opt/homebrew/lib/python3.11/site-packages/airflow/example_dags/plugins/listener_plugin.py
[2023-09-15T16:41:51.974+0800] {processor.py:829} INFO - Processing file /opt/homebrew/lib/python3.11/site-packages/airflow/example_dags/plugins/listener_plugin.py for tasks to queue
[2023-09-15T16:41:51.974+0800] {logging_mixin.py:151} INFO - [2023-09-15T16:41:51.974+0800] {dagbag.py:539} INFO - Filling up the DagBag from /opt/homebrew/lib/python3.11/site-packages/airflow/example_dags/plugins/listener_plugin.py
[2023-09-15T16:41:51.975+0800] {processor.py:841} WARNING - No viable dags retrieved from /opt/homebrew/lib/python3.11/site-packages/airflow/example_dags/plugins/listener_plugin.py
[2023-09-15T16:41:52.047+0800] {processor.py:179} INFO - Processing /opt/homebrew/lib/python3.11/site-packages/airflow/example_dags/plugins/listener_plugin.py took 0.074 seconds
[2023-09-15T16:42:45.068+0800] {processor.py:157} INFO - Started process (PID=80968) to work on /opt/homebrew/lib/python3.11/site-packages/airflow/example_dags/plugins/listener_plugin.py
[2023-09-15T16:42:45.069+0800] {processor.py:829} INFO - Processing file /opt/homebrew/lib/python3.11/site-packages/airflow/example_dags/plugins/listener_plugin.py for tasks to queue
[2023-09-15T16:42:45.069+0800] {logging_mixin.py:151} INFO - [2023-09-15T16:42:45.069+0800] {dagbag.py:539} INFO - Filling up the DagBag from /opt/homebrew/lib/python3.11/site-packages/airflow/example_dags/plugins/listener_plugin.py
[2023-09-15T16:42:45.070+0800] {processor.py:841} WARNING - No viable dags retrieved from /opt/homebrew/lib/python3.11/site-packages/airflow/example_dags/plugins/listener_plugin.py
[2023-09-15T16:42:45.139+0800] {processor.py:179} INFO - Processing /opt/homebrew/lib/python3.11/site-packages/airflow/example_dags/plugins/listener_plugin.py took 0.071 seconds
[2023-09-15T16:43:37.279+0800] {processor.py:157} INFO - Started process (PID=81077) to work on /opt/homebrew/lib/python3.11/site-packages/airflow/example_dags/plugins/listener_plugin.py
[2023-09-15T16:43:37.280+0800] {processor.py:829} INFO - Processing file /opt/homebrew/lib/python3.11/site-packages/airflow/example_dags/plugins/listener_plugin.py for tasks to queue
[2023-09-15T16:43:37.280+0800] {logging_mixin.py:151} INFO - [2023-09-15T16:43:37.280+0800] {dagbag.py:539} INFO - Filling up the DagBag from /opt/homebrew/lib/python3.11/site-packages/airflow/example_dags/plugins/listener_plugin.py
[2023-09-15T16:43:37.281+0800] {processor.py:841} WARNING - No viable dags retrieved from /opt/homebrew/lib/python3.11/site-packages/airflow/example_dags/plugins/listener_plugin.py
[2023-09-15T16:43:37.350+0800] {processor.py:179} INFO - Processing /opt/homebrew/lib/python3.11/site-packages/airflow/example_dags/plugins/listener_plugin.py took 0.071 seconds
[2023-09-15T16:44:26.486+0800] {processor.py:157} INFO - Started process (PID=81169) to work on /opt/homebrew/lib/python3.11/site-packages/airflow/example_dags/plugins/listener_plugin.py
[2023-09-15T16:44:26.487+0800] {processor.py:829} INFO - Processing file /opt/homebrew/lib/python3.11/site-packages/airflow/example_dags/plugins/listener_plugin.py for tasks to queue
[2023-09-15T16:44:26.487+0800] {logging_mixin.py:151} INFO - [2023-09-15T16:44:26.487+0800] {dagbag.py:539} INFO - Filling up the DagBag from /opt/homebrew/lib/python3.11/site-packages/airflow/example_dags/plugins/listener_plugin.py
[2023-09-15T16:44:26.488+0800] {processor.py:841} WARNING - No viable dags retrieved from /opt/homebrew/lib/python3.11/site-packages/airflow/example_dags/plugins/listener_plugin.py
[2023-09-15T16:44:26.558+0800] {processor.py:179} INFO - Processing /opt/homebrew/lib/python3.11/site-packages/airflow/example_dags/plugins/listener_plugin.py took 0.073 seconds
[2023-09-15T16:45:18.259+0800] {processor.py:157} INFO - Started process (PID=81258) to work on /opt/homebrew/lib/python3.11/site-packages/airflow/example_dags/plugins/listener_plugin.py
[2023-09-15T16:45:18.259+0800] {processor.py:829} INFO - Processing file /opt/homebrew/lib/python3.11/site-packages/airflow/example_dags/plugins/listener_plugin.py for tasks to queue
[2023-09-15T16:45:18.260+0800] {logging_mixin.py:151} INFO - [2023-09-15T16:45:18.259+0800] {dagbag.py:539} INFO - Filling up the DagBag from /opt/homebrew/lib/python3.11/site-packages/airflow/example_dags/plugins/listener_plugin.py
[2023-09-15T16:45:18.261+0800] {processor.py:841} WARNING - No viable dags retrieved from /opt/homebrew/lib/python3.11/site-packages/airflow/example_dags/plugins/listener_plugin.py
[2023-09-15T16:45:18.329+0800] {processor.py:179} INFO - Processing /opt/homebrew/lib/python3.11/site-packages/airflow/example_dags/plugins/listener_plugin.py took 0.071 seconds
[2023-09-15T16:46:11.158+0800] {processor.py:157} INFO - Started process (PID=81350) to work on /opt/homebrew/lib/python3.11/site-packages/airflow/example_dags/plugins/listener_plugin.py
[2023-09-15T16:46:11.158+0800] {processor.py:829} INFO - Processing file /opt/homebrew/lib/python3.11/site-packages/airflow/example_dags/plugins/listener_plugin.py for tasks to queue
[2023-09-15T16:46:11.158+0800] {logging_mixin.py:151} INFO - [2023-09-15T16:46:11.158+0800] {dagbag.py:539} INFO - Filling up the DagBag from /opt/homebrew/lib/python3.11/site-packages/airflow/example_dags/plugins/listener_plugin.py
[2023-09-15T16:46:11.159+0800] {processor.py:841} WARNING - No viable dags retrieved from /opt/homebrew/lib/python3.11/site-packages/airflow/example_dags/plugins/listener_plugin.py
[2023-09-15T16:46:11.229+0800] {processor.py:179} INFO - Processing /opt/homebrew/lib/python3.11/site-packages/airflow/example_dags/plugins/listener_plugin.py took 0.072 seconds
[2023-09-15T16:47:05.898+0800] {processor.py:157} INFO - Started process (PID=81448) to work on /opt/homebrew/lib/python3.11/site-packages/airflow/example_dags/plugins/listener_plugin.py
[2023-09-15T16:47:05.899+0800] {processor.py:829} INFO - Processing file /opt/homebrew/lib/python3.11/site-packages/airflow/example_dags/plugins/listener_plugin.py for tasks to queue
[2023-09-15T16:47:05.899+0800] {logging_mixin.py:151} INFO - [2023-09-15T16:47:05.899+0800] {dagbag.py:539} INFO - Filling up the DagBag from /opt/homebrew/lib/python3.11/site-packages/airflow/example_dags/plugins/listener_plugin.py
[2023-09-15T16:47:05.900+0800] {processor.py:841} WARNING - No viable dags retrieved from /opt/homebrew/lib/python3.11/site-packages/airflow/example_dags/plugins/listener_plugin.py
[2023-09-15T16:47:05.969+0800] {processor.py:179} INFO - Processing /opt/homebrew/lib/python3.11/site-packages/airflow/example_dags/plugins/listener_plugin.py took 0.071 seconds
[2023-09-15T16:47:57.983+0800] {processor.py:157} INFO - Started process (PID=81539) to work on /opt/homebrew/lib/python3.11/site-packages/airflow/example_dags/plugins/listener_plugin.py
[2023-09-15T16:47:57.983+0800] {processor.py:829} INFO - Processing file /opt/homebrew/lib/python3.11/site-packages/airflow/example_dags/plugins/listener_plugin.py for tasks to queue
[2023-09-15T16:47:57.984+0800] {logging_mixin.py:151} INFO - [2023-09-15T16:47:57.984+0800] {dagbag.py:539} INFO - Filling up the DagBag from /opt/homebrew/lib/python3.11/site-packages/airflow/example_dags/plugins/listener_plugin.py
[2023-09-15T16:47:57.985+0800] {processor.py:841} WARNING - No viable dags retrieved from /opt/homebrew/lib/python3.11/site-packages/airflow/example_dags/plugins/listener_plugin.py
[2023-09-15T16:47:58.053+0800] {processor.py:179} INFO - Processing /opt/homebrew/lib/python3.11/site-packages/airflow/example_dags/plugins/listener_plugin.py took 0.071 seconds
[2023-09-15T16:48:50.426+0800] {processor.py:157} INFO - Started process (PID=81636) to work on /opt/homebrew/lib/python3.11/site-packages/airflow/example_dags/plugins/listener_plugin.py
[2023-09-15T16:48:50.427+0800] {processor.py:829} INFO - Processing file /opt/homebrew/lib/python3.11/site-packages/airflow/example_dags/plugins/listener_plugin.py for tasks to queue
[2023-09-15T16:48:50.427+0800] {logging_mixin.py:151} INFO - [2023-09-15T16:48:50.427+0800] {dagbag.py:539} INFO - Filling up the DagBag from /opt/homebrew/lib/python3.11/site-packages/airflow/example_dags/plugins/listener_plugin.py
[2023-09-15T16:48:50.428+0800] {processor.py:841} WARNING - No viable dags retrieved from /opt/homebrew/lib/python3.11/site-packages/airflow/example_dags/plugins/listener_plugin.py
[2023-09-15T16:48:50.497+0800] {processor.py:179} INFO - Processing /opt/homebrew/lib/python3.11/site-packages/airflow/example_dags/plugins/listener_plugin.py took 0.071 seconds
[2023-09-15T16:49:44.363+0800] {processor.py:157} INFO - Started process (PID=81733) to work on /opt/homebrew/lib/python3.11/site-packages/airflow/example_dags/plugins/listener_plugin.py
[2023-09-15T16:49:44.363+0800] {processor.py:829} INFO - Processing file /opt/homebrew/lib/python3.11/site-packages/airflow/example_dags/plugins/listener_plugin.py for tasks to queue
[2023-09-15T16:49:44.363+0800] {logging_mixin.py:151} INFO - [2023-09-15T16:49:44.363+0800] {dagbag.py:539} INFO - Filling up the DagBag from /opt/homebrew/lib/python3.11/site-packages/airflow/example_dags/plugins/listener_plugin.py
[2023-09-15T16:49:44.364+0800] {processor.py:841} WARNING - No viable dags retrieved from /opt/homebrew/lib/python3.11/site-packages/airflow/example_dags/plugins/listener_plugin.py
[2023-09-15T16:49:44.434+0800] {processor.py:179} INFO - Processing /opt/homebrew/lib/python3.11/site-packages/airflow/example_dags/plugins/listener_plugin.py took 0.072 seconds
[2023-09-15T16:50:34.664+0800] {processor.py:157} INFO - Started process (PID=81827) to work on /opt/homebrew/lib/python3.11/site-packages/airflow/example_dags/plugins/listener_plugin.py
[2023-09-15T16:50:34.664+0800] {processor.py:829} INFO - Processing file /opt/homebrew/lib/python3.11/site-packages/airflow/example_dags/plugins/listener_plugin.py for tasks to queue
[2023-09-15T16:50:34.665+0800] {logging_mixin.py:151} INFO - [2023-09-15T16:50:34.665+0800] {dagbag.py:539} INFO - Filling up the DagBag from /opt/homebrew/lib/python3.11/site-packages/airflow/example_dags/plugins/listener_plugin.py
[2023-09-15T16:50:34.666+0800] {processor.py:841} WARNING - No viable dags retrieved from /opt/homebrew/lib/python3.11/site-packages/airflow/example_dags/plugins/listener_plugin.py
[2023-09-15T16:50:34.734+0800] {processor.py:179} INFO - Processing /opt/homebrew/lib/python3.11/site-packages/airflow/example_dags/plugins/listener_plugin.py took 0.071 seconds
[2023-09-15T16:51:28.310+0800] {processor.py:157} INFO - Started process (PID=81917) to work on /opt/homebrew/lib/python3.11/site-packages/airflow/example_dags/plugins/listener_plugin.py
[2023-09-15T16:51:28.311+0800] {processor.py:829} INFO - Processing file /opt/homebrew/lib/python3.11/site-packages/airflow/example_dags/plugins/listener_plugin.py for tasks to queue
[2023-09-15T16:51:28.311+0800] {logging_mixin.py:151} INFO - [2023-09-15T16:51:28.311+0800] {dagbag.py:539} INFO - Filling up the DagBag from /opt/homebrew/lib/python3.11/site-packages/airflow/example_dags/plugins/listener_plugin.py
[2023-09-15T16:51:28.312+0800] {processor.py:841} WARNING - No viable dags retrieved from /opt/homebrew/lib/python3.11/site-packages/airflow/example_dags/plugins/listener_plugin.py
[2023-09-15T16:51:28.381+0800] {processor.py:179} INFO - Processing /opt/homebrew/lib/python3.11/site-packages/airflow/example_dags/plugins/listener_plugin.py took 0.071 seconds
[2023-09-15T16:52:19.366+0800] {processor.py:157} INFO - Started process (PID=82008) to work on /opt/homebrew/lib/python3.11/site-packages/airflow/example_dags/plugins/listener_plugin.py
[2023-09-15T16:52:19.367+0800] {processor.py:829} INFO - Processing file /opt/homebrew/lib/python3.11/site-packages/airflow/example_dags/plugins/listener_plugin.py for tasks to queue
[2023-09-15T16:52:19.367+0800] {logging_mixin.py:151} INFO - [2023-09-15T16:52:19.367+0800] {dagbag.py:539} INFO - Filling up the DagBag from /opt/homebrew/lib/python3.11/site-packages/airflow/example_dags/plugins/listener_plugin.py
[2023-09-15T16:52:19.368+0800] {processor.py:841} WARNING - No viable dags retrieved from /opt/homebrew/lib/python3.11/site-packages/airflow/example_dags/plugins/listener_plugin.py
[2023-09-15T16:52:19.437+0800] {processor.py:179} INFO - Processing /opt/homebrew/lib/python3.11/site-packages/airflow/example_dags/plugins/listener_plugin.py took 0.071 seconds
[2023-09-15T16:53:11.346+0800] {processor.py:157} INFO - Started process (PID=82101) to work on /opt/homebrew/lib/python3.11/site-packages/airflow/example_dags/plugins/listener_plugin.py
[2023-09-15T16:53:11.347+0800] {processor.py:829} INFO - Processing file /opt/homebrew/lib/python3.11/site-packages/airflow/example_dags/plugins/listener_plugin.py for tasks to queue
[2023-09-15T16:53:11.347+0800] {logging_mixin.py:151} INFO - [2023-09-15T16:53:11.347+0800] {dagbag.py:539} INFO - Filling up the DagBag from /opt/homebrew/lib/python3.11/site-packages/airflow/example_dags/plugins/listener_plugin.py
[2023-09-15T16:53:11.348+0800] {processor.py:841} WARNING - No viable dags retrieved from /opt/homebrew/lib/python3.11/site-packages/airflow/example_dags/plugins/listener_plugin.py
[2023-09-15T16:53:11.417+0800] {processor.py:179} INFO - Processing /opt/homebrew/lib/python3.11/site-packages/airflow/example_dags/plugins/listener_plugin.py took 0.071 seconds
[2023-09-15T16:54:04.657+0800] {processor.py:157} INFO - Started process (PID=82394) to work on /opt/homebrew/lib/python3.11/site-packages/airflow/example_dags/plugins/listener_plugin.py
[2023-09-15T16:54:04.657+0800] {processor.py:829} INFO - Processing file /opt/homebrew/lib/python3.11/site-packages/airflow/example_dags/plugins/listener_plugin.py for tasks to queue
[2023-09-15T16:54:04.658+0800] {logging_mixin.py:151} INFO - [2023-09-15T16:54:04.658+0800] {dagbag.py:539} INFO - Filling up the DagBag from /opt/homebrew/lib/python3.11/site-packages/airflow/example_dags/plugins/listener_plugin.py
[2023-09-15T16:54:04.659+0800] {processor.py:841} WARNING - No viable dags retrieved from /opt/homebrew/lib/python3.11/site-packages/airflow/example_dags/plugins/listener_plugin.py
[2023-09-15T16:54:04.737+0800] {processor.py:179} INFO - Processing /opt/homebrew/lib/python3.11/site-packages/airflow/example_dags/plugins/listener_plugin.py took 0.080 seconds
[2023-09-15T16:54:58.664+0800] {processor.py:157} INFO - Started process (PID=82522) to work on /opt/homebrew/lib/python3.11/site-packages/airflow/example_dags/plugins/listener_plugin.py
[2023-09-15T16:54:58.665+0800] {processor.py:829} INFO - Processing file /opt/homebrew/lib/python3.11/site-packages/airflow/example_dags/plugins/listener_plugin.py for tasks to queue
[2023-09-15T16:54:58.665+0800] {logging_mixin.py:151} INFO - [2023-09-15T16:54:58.665+0800] {dagbag.py:539} INFO - Filling up the DagBag from /opt/homebrew/lib/python3.11/site-packages/airflow/example_dags/plugins/listener_plugin.py
[2023-09-15T16:54:58.666+0800] {processor.py:841} WARNING - No viable dags retrieved from /opt/homebrew/lib/python3.11/site-packages/airflow/example_dags/plugins/listener_plugin.py
[2023-09-15T16:54:58.734+0800] {processor.py:179} INFO - Processing /opt/homebrew/lib/python3.11/site-packages/airflow/example_dags/plugins/listener_plugin.py took 0.070 seconds
[2023-09-15T17:12:50.093+0800] {processor.py:157} INFO - Started process (PID=82632) to work on /opt/homebrew/lib/python3.11/site-packages/airflow/example_dags/plugins/listener_plugin.py
[2023-09-15T17:12:50.094+0800] {processor.py:829} INFO - Processing file /opt/homebrew/lib/python3.11/site-packages/airflow/example_dags/plugins/listener_plugin.py for tasks to queue
[2023-09-15T17:12:50.094+0800] {logging_mixin.py:151} INFO - [2023-09-15T17:12:50.094+0800] {dagbag.py:539} INFO - Filling up the DagBag from /opt/homebrew/lib/python3.11/site-packages/airflow/example_dags/plugins/listener_plugin.py
[2023-09-15T17:12:50.095+0800] {processor.py:841} WARNING - No viable dags retrieved from /opt/homebrew/lib/python3.11/site-packages/airflow/example_dags/plugins/listener_plugin.py
[2023-09-15T17:12:50.164+0800] {processor.py:179} INFO - Processing /opt/homebrew/lib/python3.11/site-packages/airflow/example_dags/plugins/listener_plugin.py took 0.071 seconds
[2023-09-15T19:29:55.172+0800] {processor.py:157} INFO - Started process (PID=82841) to work on /opt/homebrew/lib/python3.11/site-packages/airflow/example_dags/plugins/listener_plugin.py
[2023-09-15T19:29:55.173+0800] {processor.py:829} INFO - Processing file /opt/homebrew/lib/python3.11/site-packages/airflow/example_dags/plugins/listener_plugin.py for tasks to queue
[2023-09-15T19:29:55.173+0800] {logging_mixin.py:151} INFO - [2023-09-15T19:29:55.173+0800] {dagbag.py:539} INFO - Filling up the DagBag from /opt/homebrew/lib/python3.11/site-packages/airflow/example_dags/plugins/listener_plugin.py
[2023-09-15T19:29:55.174+0800] {processor.py:841} WARNING - No viable dags retrieved from /opt/homebrew/lib/python3.11/site-packages/airflow/example_dags/plugins/listener_plugin.py
[2023-09-15T19:46:05.503+0800] {processor.py:179} INFO - Processing /opt/homebrew/lib/python3.11/site-packages/airflow/example_dags/plugins/listener_plugin.py took 0.404 seconds
[2023-09-15T22:54:49.520+0800] {processor.py:157} INFO - Started process (PID=83217) to work on /opt/homebrew/lib/python3.11/site-packages/airflow/example_dags/plugins/listener_plugin.py
[2023-09-15T22:54:49.521+0800] {processor.py:829} INFO - Processing file /opt/homebrew/lib/python3.11/site-packages/airflow/example_dags/plugins/listener_plugin.py for tasks to queue
[2023-09-15T22:54:49.521+0800] {logging_mixin.py:151} INFO - [2023-09-15T22:54:49.521+0800] {dagbag.py:539} INFO - Filling up the DagBag from /opt/homebrew/lib/python3.11/site-packages/airflow/example_dags/plugins/listener_plugin.py
[2023-09-15T22:54:49.522+0800] {processor.py:841} WARNING - No viable dags retrieved from /opt/homebrew/lib/python3.11/site-packages/airflow/example_dags/plugins/listener_plugin.py
[2023-09-15T22:54:49.591+0800] {processor.py:179} INFO - Processing /opt/homebrew/lib/python3.11/site-packages/airflow/example_dags/plugins/listener_plugin.py took 0.071 seconds
[2023-09-16T02:11:58.568+0800] {processor.py:157} INFO - Started process (PID=83563) to work on /opt/homebrew/lib/python3.11/site-packages/airflow/example_dags/plugins/listener_plugin.py
[2023-09-16T02:11:58.569+0800] {processor.py:829} INFO - Processing file /opt/homebrew/lib/python3.11/site-packages/airflow/example_dags/plugins/listener_plugin.py for tasks to queue
[2023-09-16T02:11:58.569+0800] {logging_mixin.py:151} INFO - [2023-09-16T02:11:58.569+0800] {dagbag.py:539} INFO - Filling up the DagBag from /opt/homebrew/lib/python3.11/site-packages/airflow/example_dags/plugins/listener_plugin.py
[2023-09-16T02:11:58.570+0800] {processor.py:841} WARNING - No viable dags retrieved from /opt/homebrew/lib/python3.11/site-packages/airflow/example_dags/plugins/listener_plugin.py
[2023-09-16T02:11:58.638+0800] {processor.py:179} INFO - Processing /opt/homebrew/lib/python3.11/site-packages/airflow/example_dags/plugins/listener_plugin.py took 0.071 seconds
[2023-09-16T05:32:46.470+0800] {processor.py:157} INFO - Started process (PID=83877) to work on /opt/homebrew/lib/python3.11/site-packages/airflow/example_dags/plugins/listener_plugin.py
[2023-09-16T05:32:46.471+0800] {processor.py:829} INFO - Processing file /opt/homebrew/lib/python3.11/site-packages/airflow/example_dags/plugins/listener_plugin.py for tasks to queue
[2023-09-16T05:32:46.471+0800] {logging_mixin.py:151} INFO - [2023-09-16T05:32:46.471+0800] {dagbag.py:539} INFO - Filling up the DagBag from /opt/homebrew/lib/python3.11/site-packages/airflow/example_dags/plugins/listener_plugin.py
[2023-09-16T05:32:46.472+0800] {processor.py:841} WARNING - No viable dags retrieved from /opt/homebrew/lib/python3.11/site-packages/airflow/example_dags/plugins/listener_plugin.py
[2023-09-16T05:32:46.541+0800] {processor.py:179} INFO - Processing /opt/homebrew/lib/python3.11/site-packages/airflow/example_dags/plugins/listener_plugin.py took 0.071 seconds
