[2023-09-17T10:10:58.500+0800] {processor.py:157} INFO - Started process (PID=86749) to work on /opt/homebrew/lib/python3.11/site-packages/airflow/example_dags/plugins/event_listener.py
[2023-09-17T10:10:58.501+0800] {processor.py:829} INFO - Processing file /opt/homebrew/lib/python3.11/site-packages/airflow/example_dags/plugins/event_listener.py for tasks to queue
[2023-09-17T10:10:58.501+0800] {logging_mixin.py:151} INFO - [2023-09-17T10:10:58.501+0800] {dagbag.py:539} INFO - Filling up the DagBag from /opt/homebrew/lib/python3.11/site-packages/airflow/example_dags/plugins/event_listener.py
[2023-09-17T10:10:58.502+0800] {processor.py:841} WARNING - No viable dags retrieved from /opt/homebrew/lib/python3.11/site-packages/airflow/example_dags/plugins/event_listener.py
[2023-09-17T10:10:58.571+0800] {processor.py:179} INFO - Processing /opt/homebrew/lib/python3.11/site-packages/airflow/example_dags/plugins/event_listener.py took 0.071 seconds
[2023-09-17T13:39:55.044+0800] {processor.py:157} INFO - Started process (PID=87050) to work on /opt/homebrew/lib/python3.11/site-packages/airflow/example_dags/plugins/event_listener.py
[2023-09-17T13:39:55.045+0800] {processor.py:829} INFO - Processing file /opt/homebrew/lib/python3.11/site-packages/airflow/example_dags/plugins/event_listener.py for tasks to queue
[2023-09-17T13:39:55.045+0800] {logging_mixin.py:151} INFO - [2023-09-17T13:39:55.045+0800] {dagbag.py:539} INFO - Filling up the DagBag from /opt/homebrew/lib/python3.11/site-packages/airflow/example_dags/plugins/event_listener.py
[2023-09-17T13:39:55.046+0800] {processor.py:841} WARNING - No viable dags retrieved from /opt/homebrew/lib/python3.11/site-packages/airflow/example_dags/plugins/event_listener.py
[2023-09-17T13:39:55.169+0800] {processor.py:179} INFO - Processing /opt/homebrew/lib/python3.11/site-packages/airflow/example_dags/plugins/event_listener.py took 0.126 seconds
[2023-09-17T16:32:01.506+0800] {processor.py:157} INFO - Started process (PID=87357) to work on /opt/homebrew/lib/python3.11/site-packages/airflow/example_dags/plugins/event_listener.py
[2023-09-17T16:32:01.507+0800] {processor.py:829} INFO - Processing file /opt/homebrew/lib/python3.11/site-packages/airflow/example_dags/plugins/event_listener.py for tasks to queue
[2023-09-17T16:32:01.507+0800] {logging_mixin.py:151} INFO - [2023-09-17T16:32:01.507+0800] {dagbag.py:539} INFO - Filling up the DagBag from /opt/homebrew/lib/python3.11/site-packages/airflow/example_dags/plugins/event_listener.py
[2023-09-17T16:32:01.507+0800] {processor.py:841} WARNING - No viable dags retrieved from /opt/homebrew/lib/python3.11/site-packages/airflow/example_dags/plugins/event_listener.py
[2023-09-17T16:32:01.576+0800] {processor.py:179} INFO - Processing /opt/homebrew/lib/python3.11/site-packages/airflow/example_dags/plugins/event_listener.py took 0.070 seconds
[2023-09-17T19:47:51.059+0800] {processor.py:157} INFO - Started process (PID=87657) to work on /opt/homebrew/lib/python3.11/site-packages/airflow/example_dags/plugins/event_listener.py
[2023-09-17T19:47:51.059+0800] {processor.py:829} INFO - Processing file /opt/homebrew/lib/python3.11/site-packages/airflow/example_dags/plugins/event_listener.py for tasks to queue
[2023-09-17T19:47:51.059+0800] {logging_mixin.py:151} INFO - [2023-09-17T19:47:51.059+0800] {dagbag.py:539} INFO - Filling up the DagBag from /opt/homebrew/lib/python3.11/site-packages/airflow/example_dags/plugins/event_listener.py
[2023-09-17T19:47:51.060+0800] {processor.py:841} WARNING - No viable dags retrieved from /opt/homebrew/lib/python3.11/site-packages/airflow/example_dags/plugins/event_listener.py
[2023-09-17T19:47:51.129+0800] {processor.py:179} INFO - Processing /opt/homebrew/lib/python3.11/site-packages/airflow/example_dags/plugins/event_listener.py took 0.070 seconds
[2023-09-17T23:24:29.590+0800] {processor.py:157} INFO - Started process (PID=88276) to work on /opt/homebrew/lib/python3.11/site-packages/airflow/example_dags/plugins/event_listener.py
[2023-09-17T23:24:29.591+0800] {processor.py:829} INFO - Processing file /opt/homebrew/lib/python3.11/site-packages/airflow/example_dags/plugins/event_listener.py for tasks to queue
[2023-09-17T23:24:29.591+0800] {logging_mixin.py:151} INFO - [2023-09-17T23:24:29.591+0800] {dagbag.py:539} INFO - Filling up the DagBag from /opt/homebrew/lib/python3.11/site-packages/airflow/example_dags/plugins/event_listener.py
[2023-09-17T23:24:29.592+0800] {processor.py:841} WARNING - No viable dags retrieved from /opt/homebrew/lib/python3.11/site-packages/airflow/example_dags/plugins/event_listener.py
[2023-09-17T23:24:29.660+0800] {processor.py:179} INFO - Processing /opt/homebrew/lib/python3.11/site-packages/airflow/example_dags/plugins/event_listener.py took 0.070 seconds
[2023-09-18T02:54:30.644+0800] {processor.py:157} INFO - Started process (PID=88657) to work on /opt/homebrew/lib/python3.11/site-packages/airflow/example_dags/plugins/event_listener.py
[2023-09-18T02:54:30.644+0800] {processor.py:829} INFO - Processing file /opt/homebrew/lib/python3.11/site-packages/airflow/example_dags/plugins/event_listener.py for tasks to queue
[2023-09-18T02:54:30.644+0800] {logging_mixin.py:151} INFO - [2023-09-18T02:54:30.644+0800] {dagbag.py:539} INFO - Filling up the DagBag from /opt/homebrew/lib/python3.11/site-packages/airflow/example_dags/plugins/event_listener.py
[2023-09-18T02:54:30.645+0800] {processor.py:841} WARNING - No viable dags retrieved from /opt/homebrew/lib/python3.11/site-packages/airflow/example_dags/plugins/event_listener.py
[2023-09-18T02:54:30.714+0800] {processor.py:179} INFO - Processing /opt/homebrew/lib/python3.11/site-packages/airflow/example_dags/plugins/event_listener.py took 0.071 seconds
[2023-09-18T06:13:33.026+0800] {processor.py:157} INFO - Started process (PID=88972) to work on /opt/homebrew/lib/python3.11/site-packages/airflow/example_dags/plugins/event_listener.py
[2023-09-18T06:13:33.027+0800] {processor.py:829} INFO - Processing file /opt/homebrew/lib/python3.11/site-packages/airflow/example_dags/plugins/event_listener.py for tasks to queue
[2023-09-18T06:13:33.027+0800] {logging_mixin.py:151} INFO - [2023-09-18T06:13:33.027+0800] {dagbag.py:539} INFO - Filling up the DagBag from /opt/homebrew/lib/python3.11/site-packages/airflow/example_dags/plugins/event_listener.py
[2023-09-18T06:13:33.028+0800] {processor.py:841} WARNING - No viable dags retrieved from /opt/homebrew/lib/python3.11/site-packages/airflow/example_dags/plugins/event_listener.py
[2023-09-18T06:13:33.096+0800] {processor.py:179} INFO - Processing /opt/homebrew/lib/python3.11/site-packages/airflow/example_dags/plugins/event_listener.py took 0.070 seconds
