[2023-09-17T10:10:56.656+0800] {processor.py:157} INFO - Started process (PID=86742) to work on /opt/homebrew/lib/python3.11/site-packages/airflow/example_dags/plugins/listener_plugin.py
[2023-09-17T10:10:56.657+0800] {processor.py:829} INFO - Processing file /opt/homebrew/lib/python3.11/site-packages/airflow/example_dags/plugins/listener_plugin.py for tasks to queue
[2023-09-17T10:10:56.657+0800] {logging_mixin.py:151} INFO - [2023-09-17T10:10:56.657+0800] {dagbag.py:539} INFO - Filling up the DagBag from /opt/homebrew/lib/python3.11/site-packages/airflow/example_dags/plugins/listener_plugin.py
[2023-09-17T10:10:56.658+0800] {processor.py:841} WARNING - No viable dags retrieved from /opt/homebrew/lib/python3.11/site-packages/airflow/example_dags/plugins/listener_plugin.py
[2023-09-17T10:10:56.727+0800] {processor.py:179} INFO - Processing /opt/homebrew/lib/python3.11/site-packages/airflow/example_dags/plugins/listener_plugin.py took 0.071 seconds
[2023-09-17T13:24:21.955+0800] {processor.py:157} INFO - Started process (PID=87045) to work on /opt/homebrew/lib/python3.11/site-packages/airflow/example_dags/plugins/listener_plugin.py
[2023-09-17T13:24:21.955+0800] {processor.py:829} INFO - Processing file /opt/homebrew/lib/python3.11/site-packages/airflow/example_dags/plugins/listener_plugin.py for tasks to queue
[2023-09-17T13:24:21.956+0800] {logging_mixin.py:151} INFO - [2023-09-17T13:24:21.956+0800] {dagbag.py:539} INFO - Filling up the DagBag from /opt/homebrew/lib/python3.11/site-packages/airflow/example_dags/plugins/listener_plugin.py
[2023-09-17T13:24:21.957+0800] {processor.py:841} WARNING - No viable dags retrieved from /opt/homebrew/lib/python3.11/site-packages/airflow/example_dags/plugins/listener_plugin.py
[2023-09-17T13:24:22.026+0800] {processor.py:179} INFO - Processing /opt/homebrew/lib/python3.11/site-packages/airflow/example_dags/plugins/listener_plugin.py took 0.071 seconds
[2023-09-17T16:31:59.679+0800] {processor.py:157} INFO - Started process (PID=87354) to work on /opt/homebrew/lib/python3.11/site-packages/airflow/example_dags/plugins/listener_plugin.py
[2023-09-17T16:31:59.679+0800] {processor.py:829} INFO - Processing file /opt/homebrew/lib/python3.11/site-packages/airflow/example_dags/plugins/listener_plugin.py for tasks to queue
[2023-09-17T16:31:59.679+0800] {logging_mixin.py:151} INFO - [2023-09-17T16:31:59.679+0800] {dagbag.py:539} INFO - Filling up the DagBag from /opt/homebrew/lib/python3.11/site-packages/airflow/example_dags/plugins/listener_plugin.py
[2023-09-17T16:31:59.680+0800] {processor.py:841} WARNING - No viable dags retrieved from /opt/homebrew/lib/python3.11/site-packages/airflow/example_dags/plugins/listener_plugin.py
[2023-09-17T16:31:59.749+0800] {processor.py:179} INFO - Processing /opt/homebrew/lib/python3.11/site-packages/airflow/example_dags/plugins/listener_plugin.py took 0.071 seconds
[2023-09-17T19:47:50.102+0800] {processor.py:157} INFO - Started process (PID=87655) to work on /opt/homebrew/lib/python3.11/site-packages/airflow/example_dags/plugins/listener_plugin.py
[2023-09-17T19:47:50.102+0800] {processor.py:829} INFO - Processing file /opt/homebrew/lib/python3.11/site-packages/airflow/example_dags/plugins/listener_plugin.py for tasks to queue
[2023-09-17T19:47:50.103+0800] {logging_mixin.py:151} INFO - [2023-09-17T19:47:50.103+0800] {dagbag.py:539} INFO - Filling up the DagBag from /opt/homebrew/lib/python3.11/site-packages/airflow/example_dags/plugins/listener_plugin.py
[2023-09-17T19:47:50.104+0800] {processor.py:841} WARNING - No viable dags retrieved from /opt/homebrew/lib/python3.11/site-packages/airflow/example_dags/plugins/listener_plugin.py
[2023-09-17T19:47:50.172+0800] {processor.py:179} INFO - Processing /opt/homebrew/lib/python3.11/site-packages/airflow/example_dags/plugins/listener_plugin.py took 0.071 seconds
[2023-09-17T23:24:27.554+0800] {processor.py:157} INFO - Started process (PID=88258) to work on /opt/homebrew/lib/python3.11/site-packages/airflow/example_dags/plugins/listener_plugin.py
[2023-09-17T23:24:27.555+0800] {processor.py:829} INFO - Processing file /opt/homebrew/lib/python3.11/site-packages/airflow/example_dags/plugins/listener_plugin.py for tasks to queue
[2023-09-17T23:24:27.556+0800] {logging_mixin.py:151} INFO - [2023-09-17T23:24:27.555+0800] {dagbag.py:539} INFO - Filling up the DagBag from /opt/homebrew/lib/python3.11/site-packages/airflow/example_dags/plugins/listener_plugin.py
[2023-09-17T23:24:27.557+0800] {processor.py:841} WARNING - No viable dags retrieved from /opt/homebrew/lib/python3.11/site-packages/airflow/example_dags/plugins/listener_plugin.py
[2023-09-17T23:24:27.675+0800] {processor.py:179} INFO - Processing /opt/homebrew/lib/python3.11/site-packages/airflow/example_dags/plugins/listener_plugin.py took 0.121 seconds
[2023-09-18T02:54:28.813+0800] {processor.py:157} INFO - Started process (PID=88654) to work on /opt/homebrew/lib/python3.11/site-packages/airflow/example_dags/plugins/listener_plugin.py
[2023-09-18T02:54:28.814+0800] {processor.py:829} INFO - Processing file /opt/homebrew/lib/python3.11/site-packages/airflow/example_dags/plugins/listener_plugin.py for tasks to queue
[2023-09-18T02:54:28.814+0800] {logging_mixin.py:151} INFO - [2023-09-18T02:54:28.814+0800] {dagbag.py:539} INFO - Filling up the DagBag from /opt/homebrew/lib/python3.11/site-packages/airflow/example_dags/plugins/listener_plugin.py
[2023-09-18T02:54:28.815+0800] {processor.py:841} WARNING - No viable dags retrieved from /opt/homebrew/lib/python3.11/site-packages/airflow/example_dags/plugins/listener_plugin.py
[2023-09-18T02:54:28.884+0800] {processor.py:179} INFO - Processing /opt/homebrew/lib/python3.11/site-packages/airflow/example_dags/plugins/listener_plugin.py took 0.071 seconds
[2023-09-18T06:13:31.757+0800] {processor.py:157} INFO - Started process (PID=88970) to work on /opt/homebrew/lib/python3.11/site-packages/airflow/example_dags/plugins/listener_plugin.py
[2023-09-18T06:13:31.758+0800] {processor.py:829} INFO - Processing file /opt/homebrew/lib/python3.11/site-packages/airflow/example_dags/plugins/listener_plugin.py for tasks to queue
[2023-09-18T06:13:31.758+0800] {logging_mixin.py:151} INFO - [2023-09-18T06:13:31.758+0800] {dagbag.py:539} INFO - Filling up the DagBag from /opt/homebrew/lib/python3.11/site-packages/airflow/example_dags/plugins/listener_plugin.py
[2023-09-18T06:13:31.759+0800] {processor.py:841} WARNING - No viable dags retrieved from /opt/homebrew/lib/python3.11/site-packages/airflow/example_dags/plugins/listener_plugin.py
[2023-09-18T06:13:31.827+0800] {processor.py:179} INFO - Processing /opt/homebrew/lib/python3.11/site-packages/airflow/example_dags/plugins/listener_plugin.py took 0.070 seconds
