[2023-09-17T10:10:54.106+0800] {processor.py:157} INFO - Started process (PID=86725) to work on /opt/homebrew/lib/python3.11/site-packages/airflow/example_dags/plugins/workday.py
[2023-09-17T10:10:54.107+0800] {processor.py:829} INFO - Processing file /opt/homebrew/lib/python3.11/site-packages/airflow/example_dags/plugins/workday.py for tasks to queue
[2023-09-17T10:10:54.107+0800] {logging_mixin.py:151} INFO - [2023-09-17T10:10:54.107+0800] {dagbag.py:539} INFO - Filling up the DagBag from /opt/homebrew/lib/python3.11/site-packages/airflow/example_dags/plugins/workday.py
[2023-09-17T10:10:54.445+0800] {processor.py:841} WARNING - No viable dags retrieved from /opt/homebrew/lib/python3.11/site-packages/airflow/example_dags/plugins/workday.py
[2023-09-17T10:10:54.678+0800] {processor.py:179} INFO - Processing /opt/homebrew/lib/python3.11/site-packages/airflow/example_dags/plugins/workday.py took 0.573 seconds
[2023-09-17T13:24:19.844+0800] {processor.py:157} INFO - Started process (PID=87042) to work on /opt/homebrew/lib/python3.11/site-packages/airflow/example_dags/plugins/workday.py
[2023-09-17T13:24:19.845+0800] {processor.py:829} INFO - Processing file /opt/homebrew/lib/python3.11/site-packages/airflow/example_dags/plugins/workday.py for tasks to queue
[2023-09-17T13:24:19.845+0800] {logging_mixin.py:151} INFO - [2023-09-17T13:24:19.845+0800] {dagbag.py:539} INFO - Filling up the DagBag from /opt/homebrew/lib/python3.11/site-packages/airflow/example_dags/plugins/workday.py
[2023-09-17T13:24:20.087+0800] {processor.py:841} WARNING - No viable dags retrieved from /opt/homebrew/lib/python3.11/site-packages/airflow/example_dags/plugins/workday.py
[2023-09-17T13:24:20.189+0800] {processor.py:179} INFO - Processing /opt/homebrew/lib/python3.11/site-packages/airflow/example_dags/plugins/workday.py took 0.345 seconds
[2023-09-17T16:31:57.969+0800] {processor.py:157} INFO - Started process (PID=87352) to work on /opt/homebrew/lib/python3.11/site-packages/airflow/example_dags/plugins/workday.py
[2023-09-17T16:31:57.969+0800] {processor.py:829} INFO - Processing file /opt/homebrew/lib/python3.11/site-packages/airflow/example_dags/plugins/workday.py for tasks to queue
[2023-09-17T16:31:57.969+0800] {logging_mixin.py:151} INFO - [2023-09-17T16:31:57.969+0800] {dagbag.py:539} INFO - Filling up the DagBag from /opt/homebrew/lib/python3.11/site-packages/airflow/example_dags/plugins/workday.py
[2023-09-17T16:31:58.203+0800] {processor.py:841} WARNING - No viable dags retrieved from /opt/homebrew/lib/python3.11/site-packages/airflow/example_dags/plugins/workday.py
[2023-09-17T16:31:58.304+0800] {processor.py:179} INFO - Processing /opt/homebrew/lib/python3.11/site-packages/airflow/example_dags/plugins/workday.py took 0.336 seconds
[2023-09-17T19:47:47.963+0800] {processor.py:157} INFO - Started process (PID=87639) to work on /opt/homebrew/lib/python3.11/site-packages/airflow/example_dags/plugins/workday.py
[2023-09-17T19:47:47.963+0800] {processor.py:829} INFO - Processing file /opt/homebrew/lib/python3.11/site-packages/airflow/example_dags/plugins/workday.py for tasks to queue
[2023-09-17T19:47:47.964+0800] {logging_mixin.py:151} INFO - [2023-09-17T19:47:47.963+0800] {dagbag.py:539} INFO - Filling up the DagBag from /opt/homebrew/lib/python3.11/site-packages/airflow/example_dags/plugins/workday.py
[2023-09-17T19:47:48.222+0800] {processor.py:841} WARNING - No viable dags retrieved from /opt/homebrew/lib/python3.11/site-packages/airflow/example_dags/plugins/workday.py
[2023-09-17T19:47:48.322+0800] {processor.py:179} INFO - Processing /opt/homebrew/lib/python3.11/site-packages/airflow/example_dags/plugins/workday.py took 0.359 seconds
[2023-09-17T23:08:30.380+0800] {processor.py:157} INFO - Started process (PID=88251) to work on /opt/homebrew/lib/python3.11/site-packages/airflow/example_dags/plugins/workday.py
[2023-09-17T23:08:30.381+0800] {processor.py:829} INFO - Processing file /opt/homebrew/lib/python3.11/site-packages/airflow/example_dags/plugins/workday.py for tasks to queue
[2023-09-17T23:08:30.381+0800] {logging_mixin.py:151} INFO - [2023-09-17T23:08:30.381+0800] {dagbag.py:539} INFO - Filling up the DagBag from /opt/homebrew/lib/python3.11/site-packages/airflow/example_dags/plugins/workday.py
[2023-09-17T23:08:30.784+0800] {processor.py:841} WARNING - No viable dags retrieved from /opt/homebrew/lib/python3.11/site-packages/airflow/example_dags/plugins/workday.py
[2023-09-17T23:08:30.903+0800] {processor.py:179} INFO - Processing /opt/homebrew/lib/python3.11/site-packages/airflow/example_dags/plugins/workday.py took 0.523 seconds
[2023-09-18T02:54:26.868+0800] {processor.py:157} INFO - Started process (PID=88639) to work on /opt/homebrew/lib/python3.11/site-packages/airflow/example_dags/plugins/workday.py
[2023-09-18T02:54:26.922+0800] {processor.py:829} INFO - Processing file /opt/homebrew/lib/python3.11/site-packages/airflow/example_dags/plugins/workday.py for tasks to queue
[2023-09-18T02:54:26.922+0800] {logging_mixin.py:151} INFO - [2023-09-18T02:54:26.922+0800] {dagbag.py:539} INFO - Filling up the DagBag from /opt/homebrew/lib/python3.11/site-packages/airflow/example_dags/plugins/workday.py
[2023-09-18T02:54:27.276+0800] {processor.py:841} WARNING - No viable dags retrieved from /opt/homebrew/lib/python3.11/site-packages/airflow/example_dags/plugins/workday.py
[2023-09-18T02:54:27.430+0800] {processor.py:179} INFO - Processing /opt/homebrew/lib/python3.11/site-packages/airflow/example_dags/plugins/workday.py took 0.562 seconds
[2023-09-18T06:13:29.869+0800] {processor.py:157} INFO - Started process (PID=88957) to work on /opt/homebrew/lib/python3.11/site-packages/airflow/example_dags/plugins/workday.py
[2023-09-18T06:13:29.870+0800] {processor.py:829} INFO - Processing file /opt/homebrew/lib/python3.11/site-packages/airflow/example_dags/plugins/workday.py for tasks to queue
[2023-09-18T06:13:29.870+0800] {logging_mixin.py:151} INFO - [2023-09-18T06:13:29.870+0800] {dagbag.py:539} INFO - Filling up the DagBag from /opt/homebrew/lib/python3.11/site-packages/airflow/example_dags/plugins/workday.py
[2023-09-18T06:13:30.201+0800] {processor.py:841} WARNING - No viable dags retrieved from /opt/homebrew/lib/python3.11/site-packages/airflow/example_dags/plugins/workday.py
[2023-09-18T06:13:30.390+0800] {processor.py:179} INFO - Processing /opt/homebrew/lib/python3.11/site-packages/airflow/example_dags/plugins/workday.py took 0.521 seconds
