[2023-09-24T08:32:54.456+0800] {processor.py:157} INFO - Started process (PID=80055) to work on /opt/homebrew/lib/python3.11/site-packages/airflow/example_dags/plugins/listener_plugin.py
[2023-09-24T08:32:54.457+0800] {processor.py:829} INFO - Processing file /opt/homebrew/lib/python3.11/site-packages/airflow/example_dags/plugins/listener_plugin.py for tasks to queue
[2023-09-24T08:32:54.457+0800] {logging_mixin.py:151} INFO - [2023-09-24T08:32:54.457+0800] {dagbag.py:539} INFO - Filling up the DagBag from /opt/homebrew/lib/python3.11/site-packages/airflow/example_dags/plugins/listener_plugin.py
[2023-09-24T08:32:54.458+0800] {processor.py:841} WARNING - No viable dags retrieved from /opt/homebrew/lib/python3.11/site-packages/airflow/example_dags/plugins/listener_plugin.py
[2023-09-24T08:32:54.527+0800] {processor.py:179} INFO - Processing /opt/homebrew/lib/python3.11/site-packages/airflow/example_dags/plugins/listener_plugin.py took 0.071 seconds
[2023-09-24T11:08:59.836+0800] {processor.py:157} INFO - Started process (PID=80380) to work on /opt/homebrew/lib/python3.11/site-packages/airflow/example_dags/plugins/listener_plugin.py
[2023-09-24T11:08:59.837+0800] {processor.py:829} INFO - Processing file /opt/homebrew/lib/python3.11/site-packages/airflow/example_dags/plugins/listener_plugin.py for tasks to queue
[2023-09-24T11:08:59.837+0800] {logging_mixin.py:151} INFO - [2023-09-24T11:08:59.837+0800] {dagbag.py:539} INFO - Filling up the DagBag from /opt/homebrew/lib/python3.11/site-packages/airflow/example_dags/plugins/listener_plugin.py
[2023-09-24T11:08:59.838+0800] {processor.py:841} WARNING - No viable dags retrieved from /opt/homebrew/lib/python3.11/site-packages/airflow/example_dags/plugins/listener_plugin.py
[2023-09-24T11:08:59.906+0800] {processor.py:179} INFO - Processing /opt/homebrew/lib/python3.11/site-packages/airflow/example_dags/plugins/listener_plugin.py took 0.070 seconds
[2023-09-24T14:27:25.750+0800] {processor.py:157} INFO - Started process (PID=80973) to work on /opt/homebrew/lib/python3.11/site-packages/airflow/example_dags/plugins/listener_plugin.py
[2023-09-24T14:27:25.750+0800] {processor.py:829} INFO - Processing file /opt/homebrew/lib/python3.11/site-packages/airflow/example_dags/plugins/listener_plugin.py for tasks to queue
[2023-09-24T14:27:25.751+0800] {logging_mixin.py:151} INFO - [2023-09-24T14:27:25.751+0800] {dagbag.py:539} INFO - Filling up the DagBag from /opt/homebrew/lib/python3.11/site-packages/airflow/example_dags/plugins/listener_plugin.py
[2023-09-24T14:27:25.752+0800] {processor.py:841} WARNING - No viable dags retrieved from /opt/homebrew/lib/python3.11/site-packages/airflow/example_dags/plugins/listener_plugin.py
[2023-09-24T14:27:25.822+0800] {processor.py:179} INFO - Processing /opt/homebrew/lib/python3.11/site-packages/airflow/example_dags/plugins/listener_plugin.py took 0.072 seconds
[2023-09-24T17:43:10.135+0800] {processor.py:157} INFO - Started process (PID=81303) to work on /opt/homebrew/lib/python3.11/site-packages/airflow/example_dags/plugins/listener_plugin.py
[2023-09-24T17:43:10.136+0800] {processor.py:829} INFO - Processing file /opt/homebrew/lib/python3.11/site-packages/airflow/example_dags/plugins/listener_plugin.py for tasks to queue
[2023-09-24T17:43:10.136+0800] {logging_mixin.py:151} INFO - [2023-09-24T17:43:10.136+0800] {dagbag.py:539} INFO - Filling up the DagBag from /opt/homebrew/lib/python3.11/site-packages/airflow/example_dags/plugins/listener_plugin.py
[2023-09-24T17:43:10.137+0800] {processor.py:841} WARNING - No viable dags retrieved from /opt/homebrew/lib/python3.11/site-packages/airflow/example_dags/plugins/listener_plugin.py
[2023-09-24T17:43:10.206+0800] {processor.py:179} INFO - Processing /opt/homebrew/lib/python3.11/site-packages/airflow/example_dags/plugins/listener_plugin.py took 0.071 seconds
[2023-09-24T20:30:42.594+0800] {processor.py:157} INFO - Started process (PID=81622) to work on /opt/homebrew/lib/python3.11/site-packages/airflow/example_dags/plugins/listener_plugin.py
[2023-09-24T20:30:42.594+0800] {processor.py:829} INFO - Processing file /opt/homebrew/lib/python3.11/site-packages/airflow/example_dags/plugins/listener_plugin.py for tasks to queue
[2023-09-24T20:30:42.595+0800] {logging_mixin.py:151} INFO - [2023-09-24T20:30:42.594+0800] {dagbag.py:539} INFO - Filling up the DagBag from /opt/homebrew/lib/python3.11/site-packages/airflow/example_dags/plugins/listener_plugin.py
[2023-09-24T20:30:42.596+0800] {processor.py:841} WARNING - No viable dags retrieved from /opt/homebrew/lib/python3.11/site-packages/airflow/example_dags/plugins/listener_plugin.py
[2023-09-24T20:30:42.664+0800] {processor.py:179} INFO - Processing /opt/homebrew/lib/python3.11/site-packages/airflow/example_dags/plugins/listener_plugin.py took 0.071 seconds
[2023-09-24T23:47:52.423+0800] {processor.py:157} INFO - Started process (PID=81900) to work on /opt/homebrew/lib/python3.11/site-packages/airflow/example_dags/plugins/listener_plugin.py
[2023-09-24T23:47:52.423+0800] {processor.py:829} INFO - Processing file /opt/homebrew/lib/python3.11/site-packages/airflow/example_dags/plugins/listener_plugin.py for tasks to queue
[2023-09-24T23:47:52.424+0800] {logging_mixin.py:151} INFO - [2023-09-24T23:47:52.424+0800] {dagbag.py:539} INFO - Filling up the DagBag from /opt/homebrew/lib/python3.11/site-packages/airflow/example_dags/plugins/listener_plugin.py
[2023-09-24T23:47:52.425+0800] {processor.py:841} WARNING - No viable dags retrieved from /opt/homebrew/lib/python3.11/site-packages/airflow/example_dags/plugins/listener_plugin.py
[2023-09-24T23:47:52.494+0800] {processor.py:179} INFO - Processing /opt/homebrew/lib/python3.11/site-packages/airflow/example_dags/plugins/listener_plugin.py took 0.071 seconds
[2023-09-25T02:49:23.100+0800] {processor.py:157} INFO - Started process (PID=82236) to work on /opt/homebrew/lib/python3.11/site-packages/airflow/example_dags/plugins/listener_plugin.py
[2023-09-25T02:49:23.101+0800] {processor.py:829} INFO - Processing file /opt/homebrew/lib/python3.11/site-packages/airflow/example_dags/plugins/listener_plugin.py for tasks to queue
[2023-09-25T02:49:23.101+0800] {logging_mixin.py:151} INFO - [2023-09-25T02:49:23.101+0800] {dagbag.py:539} INFO - Filling up the DagBag from /opt/homebrew/lib/python3.11/site-packages/airflow/example_dags/plugins/listener_plugin.py
[2023-09-25T02:49:23.102+0800] {processor.py:841} WARNING - No viable dags retrieved from /opt/homebrew/lib/python3.11/site-packages/airflow/example_dags/plugins/listener_plugin.py
[2023-09-25T03:06:43.433+0800] {processor.py:179} INFO - Processing /opt/homebrew/lib/python3.11/site-packages/airflow/example_dags/plugins/listener_plugin.py took 0.349 seconds
[2023-09-25T06:07:47.388+0800] {processor.py:157} INFO - Started process (PID=82565) to work on /opt/homebrew/lib/python3.11/site-packages/airflow/example_dags/plugins/listener_plugin.py
[2023-09-25T06:07:47.389+0800] {processor.py:829} INFO - Processing file /opt/homebrew/lib/python3.11/site-packages/airflow/example_dags/plugins/listener_plugin.py for tasks to queue
[2023-09-25T06:07:47.389+0800] {logging_mixin.py:151} INFO - [2023-09-25T06:07:47.389+0800] {dagbag.py:539} INFO - Filling up the DagBag from /opt/homebrew/lib/python3.11/site-packages/airflow/example_dags/plugins/listener_plugin.py
[2023-09-25T06:07:47.390+0800] {processor.py:841} WARNING - No viable dags retrieved from /opt/homebrew/lib/python3.11/site-packages/airflow/example_dags/plugins/listener_plugin.py
[2023-09-25T06:07:47.459+0800] {processor.py:179} INFO - Processing /opt/homebrew/lib/python3.11/site-packages/airflow/example_dags/plugins/listener_plugin.py took 0.071 seconds
