[2023-09-15T10:17:12.329+0800] {processor.py:157} INFO - Started process (PID=75844) to work on /opt/homebrew/lib/python3.11/site-packages/airflow/example_dags/example_kubernetes_executor.py
[2023-09-15T10:17:12.329+0800] {processor.py:829} INFO - Processing file /opt/homebrew/lib/python3.11/site-packages/airflow/example_dags/example_kubernetes_executor.py for tasks to queue
[2023-09-15T10:17:12.330+0800] {logging_mixin.py:151} INFO - [2023-09-15T10:17:12.329+0800] {dagbag.py:539} INFO - Filling up the DagBag from /opt/homebrew/lib/python3.11/site-packages/airflow/example_dags/example_kubernetes_executor.py
[2023-09-15T10:17:12.358+0800] {logging_mixin.py:151} INFO - [2023-09-15T10:17:12.358+0800] {example_kubernetes_executor.py:38} WARNING - The example_kubernetes_executor example DAG requires the kubernetes provider. Please install it with: pip install apache-airflow[cncf.kubernetes]
[2023-09-15T10:17:12.358+0800] {processor.py:841} WARNING - No viable dags retrieved from /opt/homebrew/lib/python3.11/site-packages/airflow/example_dags/example_kubernetes_executor.py
[2023-09-15T10:17:12.414+0800] {processor.py:179} INFO - Processing /opt/homebrew/lib/python3.11/site-packages/airflow/example_dags/example_kubernetes_executor.py took 0.085 seconds
[2023-09-15T13:25:22.523+0800] {processor.py:157} INFO - Started process (PID=76151) to work on /opt/homebrew/lib/python3.11/site-packages/airflow/example_dags/example_kubernetes_executor.py
[2023-09-15T13:25:22.524+0800] {processor.py:829} INFO - Processing file /opt/homebrew/lib/python3.11/site-packages/airflow/example_dags/example_kubernetes_executor.py for tasks to queue
[2023-09-15T13:25:22.525+0800] {logging_mixin.py:151} INFO - [2023-09-15T13:25:22.525+0800] {dagbag.py:539} INFO - Filling up the DagBag from /opt/homebrew/lib/python3.11/site-packages/airflow/example_dags/example_kubernetes_executor.py
[2023-09-15T13:25:22.552+0800] {logging_mixin.py:151} INFO - [2023-09-15T13:25:22.552+0800] {example_kubernetes_executor.py:38} WARNING - The example_kubernetes_executor example DAG requires the kubernetes provider. Please install it with: pip install apache-airflow[cncf.kubernetes]
[2023-09-15T13:25:22.552+0800] {processor.py:841} WARNING - No viable dags retrieved from /opt/homebrew/lib/python3.11/site-packages/airflow/example_dags/example_kubernetes_executor.py
[2023-09-15T13:25:22.608+0800] {processor.py:179} INFO - Processing /opt/homebrew/lib/python3.11/site-packages/airflow/example_dags/example_kubernetes_executor.py took 0.085 seconds
[2023-09-15T16:05:28.640+0800] {processor.py:157} INFO - Started process (PID=76444) to work on /opt/homebrew/lib/python3.11/site-packages/airflow/example_dags/example_kubernetes_executor.py
[2023-09-15T16:05:28.640+0800] {processor.py:829} INFO - Processing file /opt/homebrew/lib/python3.11/site-packages/airflow/example_dags/example_kubernetes_executor.py for tasks to queue
[2023-09-15T16:05:28.641+0800] {logging_mixin.py:151} INFO - [2023-09-15T16:05:28.641+0800] {dagbag.py:539} INFO - Filling up the DagBag from /opt/homebrew/lib/python3.11/site-packages/airflow/example_dags/example_kubernetes_executor.py
[2023-09-15T16:05:28.669+0800] {logging_mixin.py:151} INFO - [2023-09-15T16:05:28.668+0800] {example_kubernetes_executor.py:38} WARNING - The example_kubernetes_executor example DAG requires the kubernetes provider. Please install it with: pip install apache-airflow[cncf.kubernetes]
[2023-09-15T16:05:28.669+0800] {processor.py:841} WARNING - No viable dags retrieved from /opt/homebrew/lib/python3.11/site-packages/airflow/example_dags/example_kubernetes_executor.py
[2023-09-15T16:05:28.724+0800] {processor.py:179} INFO - Processing /opt/homebrew/lib/python3.11/site-packages/airflow/example_dags/example_kubernetes_executor.py took 0.085 seconds
[2023-09-15T16:07:17.695+0800] {processor.py:157} INFO - Started process (PID=76650) to work on /opt/homebrew/lib/python3.11/site-packages/airflow/example_dags/example_kubernetes_executor.py
[2023-09-15T16:07:17.696+0800] {processor.py:829} INFO - Processing file /opt/homebrew/lib/python3.11/site-packages/airflow/example_dags/example_kubernetes_executor.py for tasks to queue
[2023-09-15T16:07:17.696+0800] {logging_mixin.py:151} INFO - [2023-09-15T16:07:17.696+0800] {dagbag.py:539} INFO - Filling up the DagBag from /opt/homebrew/lib/python3.11/site-packages/airflow/example_dags/example_kubernetes_executor.py
[2023-09-15T16:07:17.724+0800] {logging_mixin.py:151} INFO - [2023-09-15T16:07:17.724+0800] {example_kubernetes_executor.py:38} WARNING - The example_kubernetes_executor example DAG requires the kubernetes provider. Please install it with: pip install apache-airflow[cncf.kubernetes]
[2023-09-15T16:07:17.724+0800] {processor.py:841} WARNING - No viable dags retrieved from /opt/homebrew/lib/python3.11/site-packages/airflow/example_dags/example_kubernetes_executor.py
[2023-09-15T16:07:17.779+0800] {processor.py:179} INFO - Processing /opt/homebrew/lib/python3.11/site-packages/airflow/example_dags/example_kubernetes_executor.py took 0.085 seconds
[2023-09-15T16:08:57.251+0800] {processor.py:157} INFO - Started process (PID=76864) to work on /opt/homebrew/lib/python3.11/site-packages/airflow/example_dags/example_kubernetes_executor.py
[2023-09-15T16:08:57.252+0800] {processor.py:829} INFO - Processing file /opt/homebrew/lib/python3.11/site-packages/airflow/example_dags/example_kubernetes_executor.py for tasks to queue
[2023-09-15T16:08:57.252+0800] {logging_mixin.py:151} INFO - [2023-09-15T16:08:57.252+0800] {dagbag.py:539} INFO - Filling up the DagBag from /opt/homebrew/lib/python3.11/site-packages/airflow/example_dags/example_kubernetes_executor.py
[2023-09-15T16:08:57.280+0800] {logging_mixin.py:151} INFO - [2023-09-15T16:08:57.279+0800] {example_kubernetes_executor.py:38} WARNING - The example_kubernetes_executor example DAG requires the kubernetes provider. Please install it with: pip install apache-airflow[cncf.kubernetes]
[2023-09-15T16:08:57.280+0800] {processor.py:841} WARNING - No viable dags retrieved from /opt/homebrew/lib/python3.11/site-packages/airflow/example_dags/example_kubernetes_executor.py
[2023-09-15T16:08:57.335+0800] {processor.py:179} INFO - Processing /opt/homebrew/lib/python3.11/site-packages/airflow/example_dags/example_kubernetes_executor.py took 0.084 seconds
[2023-09-15T16:10:41.798+0800] {processor.py:157} INFO - Started process (PID=77067) to work on /opt/homebrew/lib/python3.11/site-packages/airflow/example_dags/example_kubernetes_executor.py
[2023-09-15T16:10:41.798+0800] {processor.py:829} INFO - Processing file /opt/homebrew/lib/python3.11/site-packages/airflow/example_dags/example_kubernetes_executor.py for tasks to queue
[2023-09-15T16:10:41.799+0800] {logging_mixin.py:151} INFO - [2023-09-15T16:10:41.799+0800] {dagbag.py:539} INFO - Filling up the DagBag from /opt/homebrew/lib/python3.11/site-packages/airflow/example_dags/example_kubernetes_executor.py
[2023-09-15T16:10:41.826+0800] {logging_mixin.py:151} INFO - [2023-09-15T16:10:41.826+0800] {example_kubernetes_executor.py:38} WARNING - The example_kubernetes_executor example DAG requires the kubernetes provider. Please install it with: pip install apache-airflow[cncf.kubernetes]
[2023-09-15T16:10:41.826+0800] {processor.py:841} WARNING - No viable dags retrieved from /opt/homebrew/lib/python3.11/site-packages/airflow/example_dags/example_kubernetes_executor.py
[2023-09-15T16:10:41.881+0800] {processor.py:179} INFO - Processing /opt/homebrew/lib/python3.11/site-packages/airflow/example_dags/example_kubernetes_executor.py took 0.084 seconds
[2023-09-15T16:12:29.482+0800] {processor.py:157} INFO - Started process (PID=77272) to work on /opt/homebrew/lib/python3.11/site-packages/airflow/example_dags/example_kubernetes_executor.py
[2023-09-15T16:12:29.482+0800] {processor.py:829} INFO - Processing file /opt/homebrew/lib/python3.11/site-packages/airflow/example_dags/example_kubernetes_executor.py for tasks to queue
[2023-09-15T16:12:29.483+0800] {logging_mixin.py:151} INFO - [2023-09-15T16:12:29.482+0800] {dagbag.py:539} INFO - Filling up the DagBag from /opt/homebrew/lib/python3.11/site-packages/airflow/example_dags/example_kubernetes_executor.py
[2023-09-15T16:12:29.510+0800] {logging_mixin.py:151} INFO - [2023-09-15T16:12:29.510+0800] {example_kubernetes_executor.py:38} WARNING - The example_kubernetes_executor example DAG requires the kubernetes provider. Please install it with: pip install apache-airflow[cncf.kubernetes]
[2023-09-15T16:12:29.510+0800] {processor.py:841} WARNING - No viable dags retrieved from /opt/homebrew/lib/python3.11/site-packages/airflow/example_dags/example_kubernetes_executor.py
[2023-09-15T16:12:29.566+0800] {processor.py:179} INFO - Processing /opt/homebrew/lib/python3.11/site-packages/airflow/example_dags/example_kubernetes_executor.py took 0.084 seconds
[2023-09-15T16:14:15.173+0800] {processor.py:157} INFO - Started process (PID=77462) to work on /opt/homebrew/lib/python3.11/site-packages/airflow/example_dags/example_kubernetes_executor.py
[2023-09-15T16:14:15.173+0800] {processor.py:829} INFO - Processing file /opt/homebrew/lib/python3.11/site-packages/airflow/example_dags/example_kubernetes_executor.py for tasks to queue
[2023-09-15T16:14:15.173+0800] {logging_mixin.py:151} INFO - [2023-09-15T16:14:15.173+0800] {dagbag.py:539} INFO - Filling up the DagBag from /opt/homebrew/lib/python3.11/site-packages/airflow/example_dags/example_kubernetes_executor.py
[2023-09-15T16:14:15.200+0800] {logging_mixin.py:151} INFO - [2023-09-15T16:14:15.200+0800] {example_kubernetes_executor.py:38} WARNING - The example_kubernetes_executor example DAG requires the kubernetes provider. Please install it with: pip install apache-airflow[cncf.kubernetes]
[2023-09-15T16:14:15.200+0800] {processor.py:841} WARNING - No viable dags retrieved from /opt/homebrew/lib/python3.11/site-packages/airflow/example_dags/example_kubernetes_executor.py
[2023-09-15T16:14:15.256+0800] {processor.py:179} INFO - Processing /opt/homebrew/lib/python3.11/site-packages/airflow/example_dags/example_kubernetes_executor.py took 0.084 seconds
[2023-09-15T16:15:59.533+0800] {processor.py:157} INFO - Started process (PID=77656) to work on /opt/homebrew/lib/python3.11/site-packages/airflow/example_dags/example_kubernetes_executor.py
[2023-09-15T16:15:59.534+0800] {processor.py:829} INFO - Processing file /opt/homebrew/lib/python3.11/site-packages/airflow/example_dags/example_kubernetes_executor.py for tasks to queue
[2023-09-15T16:15:59.534+0800] {logging_mixin.py:151} INFO - [2023-09-15T16:15:59.534+0800] {dagbag.py:539} INFO - Filling up the DagBag from /opt/homebrew/lib/python3.11/site-packages/airflow/example_dags/example_kubernetes_executor.py
[2023-09-15T16:15:59.562+0800] {logging_mixin.py:151} INFO - [2023-09-15T16:15:59.562+0800] {example_kubernetes_executor.py:38} WARNING - The example_kubernetes_executor example DAG requires the kubernetes provider. Please install it with: pip install apache-airflow[cncf.kubernetes]
[2023-09-15T16:15:59.562+0800] {processor.py:841} WARNING - No viable dags retrieved from /opt/homebrew/lib/python3.11/site-packages/airflow/example_dags/example_kubernetes_executor.py
[2023-09-15T16:15:59.625+0800] {processor.py:179} INFO - Processing /opt/homebrew/lib/python3.11/site-packages/airflow/example_dags/example_kubernetes_executor.py took 0.092 seconds
[2023-09-15T16:17:42.915+0800] {processor.py:157} INFO - Started process (PID=77845) to work on /opt/homebrew/lib/python3.11/site-packages/airflow/example_dags/example_kubernetes_executor.py
[2023-09-15T16:17:42.915+0800] {processor.py:829} INFO - Processing file /opt/homebrew/lib/python3.11/site-packages/airflow/example_dags/example_kubernetes_executor.py for tasks to queue
[2023-09-15T16:17:42.916+0800] {logging_mixin.py:151} INFO - [2023-09-15T16:17:42.916+0800] {dagbag.py:539} INFO - Filling up the DagBag from /opt/homebrew/lib/python3.11/site-packages/airflow/example_dags/example_kubernetes_executor.py
[2023-09-15T16:17:42.943+0800] {logging_mixin.py:151} INFO - [2023-09-15T16:17:42.943+0800] {example_kubernetes_executor.py:38} WARNING - The example_kubernetes_executor example DAG requires the kubernetes provider. Please install it with: pip install apache-airflow[cncf.kubernetes]
[2023-09-15T16:17:42.943+0800] {processor.py:841} WARNING - No viable dags retrieved from /opt/homebrew/lib/python3.11/site-packages/airflow/example_dags/example_kubernetes_executor.py
[2023-09-15T16:17:42.999+0800] {processor.py:179} INFO - Processing /opt/homebrew/lib/python3.11/site-packages/airflow/example_dags/example_kubernetes_executor.py took 0.084 seconds
[2023-09-15T16:19:27.381+0800] {processor.py:157} INFO - Started process (PID=78031) to work on /opt/homebrew/lib/python3.11/site-packages/airflow/example_dags/example_kubernetes_executor.py
[2023-09-15T16:19:27.382+0800] {processor.py:829} INFO - Processing file /opt/homebrew/lib/python3.11/site-packages/airflow/example_dags/example_kubernetes_executor.py for tasks to queue
[2023-09-15T16:19:27.382+0800] {logging_mixin.py:151} INFO - [2023-09-15T16:19:27.382+0800] {dagbag.py:539} INFO - Filling up the DagBag from /opt/homebrew/lib/python3.11/site-packages/airflow/example_dags/example_kubernetes_executor.py
[2023-09-15T16:19:27.410+0800] {logging_mixin.py:151} INFO - [2023-09-15T16:19:27.410+0800] {example_kubernetes_executor.py:38} WARNING - The example_kubernetes_executor example DAG requires the kubernetes provider. Please install it with: pip install apache-airflow[cncf.kubernetes]
[2023-09-15T16:19:27.410+0800] {processor.py:841} WARNING - No viable dags retrieved from /opt/homebrew/lib/python3.11/site-packages/airflow/example_dags/example_kubernetes_executor.py
[2023-09-15T16:19:27.466+0800] {processor.py:179} INFO - Processing /opt/homebrew/lib/python3.11/site-packages/airflow/example_dags/example_kubernetes_executor.py took 0.085 seconds
[2023-09-15T16:21:14.457+0800] {processor.py:157} INFO - Started process (PID=78219) to work on /opt/homebrew/lib/python3.11/site-packages/airflow/example_dags/example_kubernetes_executor.py
[2023-09-15T16:21:14.457+0800] {processor.py:829} INFO - Processing file /opt/homebrew/lib/python3.11/site-packages/airflow/example_dags/example_kubernetes_executor.py for tasks to queue
[2023-09-15T16:21:14.458+0800] {logging_mixin.py:151} INFO - [2023-09-15T16:21:14.458+0800] {dagbag.py:539} INFO - Filling up the DagBag from /opt/homebrew/lib/python3.11/site-packages/airflow/example_dags/example_kubernetes_executor.py
[2023-09-15T16:21:14.485+0800] {logging_mixin.py:151} INFO - [2023-09-15T16:21:14.485+0800] {example_kubernetes_executor.py:38} WARNING - The example_kubernetes_executor example DAG requires the kubernetes provider. Please install it with: pip install apache-airflow[cncf.kubernetes]
[2023-09-15T16:21:14.485+0800] {processor.py:841} WARNING - No viable dags retrieved from /opt/homebrew/lib/python3.11/site-packages/airflow/example_dags/example_kubernetes_executor.py
[2023-09-15T16:21:14.540+0800] {processor.py:179} INFO - Processing /opt/homebrew/lib/python3.11/site-packages/airflow/example_dags/example_kubernetes_executor.py took 0.084 seconds
[2023-09-15T16:22:57.852+0800] {processor.py:157} INFO - Started process (PID=78408) to work on /opt/homebrew/lib/python3.11/site-packages/airflow/example_dags/example_kubernetes_executor.py
[2023-09-15T16:22:57.852+0800] {processor.py:829} INFO - Processing file /opt/homebrew/lib/python3.11/site-packages/airflow/example_dags/example_kubernetes_executor.py for tasks to queue
[2023-09-15T16:22:57.852+0800] {logging_mixin.py:151} INFO - [2023-09-15T16:22:57.852+0800] {dagbag.py:539} INFO - Filling up the DagBag from /opt/homebrew/lib/python3.11/site-packages/airflow/example_dags/example_kubernetes_executor.py
[2023-09-15T16:22:57.880+0800] {logging_mixin.py:151} INFO - [2023-09-15T16:22:57.880+0800] {example_kubernetes_executor.py:38} WARNING - The example_kubernetes_executor example DAG requires the kubernetes provider. Please install it with: pip install apache-airflow[cncf.kubernetes]
[2023-09-15T16:22:57.880+0800] {processor.py:841} WARNING - No viable dags retrieved from /opt/homebrew/lib/python3.11/site-packages/airflow/example_dags/example_kubernetes_executor.py
[2023-09-15T16:22:57.935+0800] {processor.py:179} INFO - Processing /opt/homebrew/lib/python3.11/site-packages/airflow/example_dags/example_kubernetes_executor.py took 0.084 seconds
[2023-09-15T16:24:41.588+0800] {processor.py:157} INFO - Started process (PID=78601) to work on /opt/homebrew/lib/python3.11/site-packages/airflow/example_dags/example_kubernetes_executor.py
[2023-09-15T16:24:41.589+0800] {processor.py:829} INFO - Processing file /opt/homebrew/lib/python3.11/site-packages/airflow/example_dags/example_kubernetes_executor.py for tasks to queue
[2023-09-15T16:24:41.589+0800] {logging_mixin.py:151} INFO - [2023-09-15T16:24:41.589+0800] {dagbag.py:539} INFO - Filling up the DagBag from /opt/homebrew/lib/python3.11/site-packages/airflow/example_dags/example_kubernetes_executor.py
[2023-09-15T16:24:41.616+0800] {logging_mixin.py:151} INFO - [2023-09-15T16:24:41.616+0800] {example_kubernetes_executor.py:38} WARNING - The example_kubernetes_executor example DAG requires the kubernetes provider. Please install it with: pip install apache-airflow[cncf.kubernetes]
[2023-09-15T16:24:41.616+0800] {processor.py:841} WARNING - No viable dags retrieved from /opt/homebrew/lib/python3.11/site-packages/airflow/example_dags/example_kubernetes_executor.py
[2023-09-15T16:24:41.671+0800] {processor.py:179} INFO - Processing /opt/homebrew/lib/python3.11/site-packages/airflow/example_dags/example_kubernetes_executor.py took 0.084 seconds
[2023-09-15T16:26:26.001+0800] {processor.py:157} INFO - Started process (PID=78782) to work on /opt/homebrew/lib/python3.11/site-packages/airflow/example_dags/example_kubernetes_executor.py
[2023-09-15T16:26:26.002+0800] {processor.py:829} INFO - Processing file /opt/homebrew/lib/python3.11/site-packages/airflow/example_dags/example_kubernetes_executor.py for tasks to queue
[2023-09-15T16:26:26.002+0800] {logging_mixin.py:151} INFO - [2023-09-15T16:26:26.002+0800] {dagbag.py:539} INFO - Filling up the DagBag from /opt/homebrew/lib/python3.11/site-packages/airflow/example_dags/example_kubernetes_executor.py
[2023-09-15T16:26:26.029+0800] {logging_mixin.py:151} INFO - [2023-09-15T16:26:26.029+0800] {example_kubernetes_executor.py:38} WARNING - The example_kubernetes_executor example DAG requires the kubernetes provider. Please install it with: pip install apache-airflow[cncf.kubernetes]
[2023-09-15T16:26:26.029+0800] {processor.py:841} WARNING - No viable dags retrieved from /opt/homebrew/lib/python3.11/site-packages/airflow/example_dags/example_kubernetes_executor.py
[2023-09-15T16:26:26.085+0800] {processor.py:179} INFO - Processing /opt/homebrew/lib/python3.11/site-packages/airflow/example_dags/example_kubernetes_executor.py took 0.084 seconds
[2023-09-15T16:28:05.239+0800] {processor.py:157} INFO - Started process (PID=78961) to work on /opt/homebrew/lib/python3.11/site-packages/airflow/example_dags/example_kubernetes_executor.py
[2023-09-15T16:28:05.240+0800] {processor.py:829} INFO - Processing file /opt/homebrew/lib/python3.11/site-packages/airflow/example_dags/example_kubernetes_executor.py for tasks to queue
[2023-09-15T16:28:05.240+0800] {logging_mixin.py:151} INFO - [2023-09-15T16:28:05.240+0800] {dagbag.py:539} INFO - Filling up the DagBag from /opt/homebrew/lib/python3.11/site-packages/airflow/example_dags/example_kubernetes_executor.py
[2023-09-15T16:28:05.267+0800] {logging_mixin.py:151} INFO - [2023-09-15T16:28:05.267+0800] {example_kubernetes_executor.py:38} WARNING - The example_kubernetes_executor example DAG requires the kubernetes provider. Please install it with: pip install apache-airflow[cncf.kubernetes]
[2023-09-15T16:28:05.267+0800] {processor.py:841} WARNING - No viable dags retrieved from /opt/homebrew/lib/python3.11/site-packages/airflow/example_dags/example_kubernetes_executor.py
[2023-09-15T16:28:05.323+0800] {processor.py:179} INFO - Processing /opt/homebrew/lib/python3.11/site-packages/airflow/example_dags/example_kubernetes_executor.py took 0.084 seconds
[2023-09-15T16:29:44.341+0800] {processor.py:157} INFO - Started process (PID=79141) to work on /opt/homebrew/lib/python3.11/site-packages/airflow/example_dags/example_kubernetes_executor.py
[2023-09-15T16:29:44.342+0800] {processor.py:829} INFO - Processing file /opt/homebrew/lib/python3.11/site-packages/airflow/example_dags/example_kubernetes_executor.py for tasks to queue
[2023-09-15T16:29:44.342+0800] {logging_mixin.py:151} INFO - [2023-09-15T16:29:44.342+0800] {dagbag.py:539} INFO - Filling up the DagBag from /opt/homebrew/lib/python3.11/site-packages/airflow/example_dags/example_kubernetes_executor.py
[2023-09-15T16:29:44.369+0800] {logging_mixin.py:151} INFO - [2023-09-15T16:29:44.369+0800] {example_kubernetes_executor.py:38} WARNING - The example_kubernetes_executor example DAG requires the kubernetes provider. Please install it with: pip install apache-airflow[cncf.kubernetes]
[2023-09-15T16:29:44.369+0800] {processor.py:841} WARNING - No viable dags retrieved from /opt/homebrew/lib/python3.11/site-packages/airflow/example_dags/example_kubernetes_executor.py
[2023-09-15T16:29:44.425+0800] {processor.py:179} INFO - Processing /opt/homebrew/lib/python3.11/site-packages/airflow/example_dags/example_kubernetes_executor.py took 0.084 seconds
