[2023-09-15T08:39:34.009+0800] {processor.py:157} INFO - Started process (PID=75666) to work on /opt/homebrew/lib/python3.11/site-packages/airflow/example_dags/example_xcom.py
[2023-09-15T08:39:34.009+0800] {processor.py:829} INFO - Processing file /opt/homebrew/lib/python3.11/site-packages/airflow/example_dags/example_xcom.py for tasks to queue
[2023-09-15T08:39:34.009+0800] {logging_mixin.py:151} INFO - [2023-09-15T08:39:34.009+0800] {dagbag.py:539} INFO - Filling up the DagBag from /opt/homebrew/lib/python3.11/site-packages/airflow/example_dags/example_xcom.py
[2023-09-15T08:39:34.041+0800] {processor.py:839} INFO - DAG(s) dict_keys(['example_xcom']) retrieved from /opt/homebrew/lib/python3.11/site-packages/airflow/example_dags/example_xcom.py
[2023-09-15T08:39:34.135+0800] {logging_mixin.py:151} INFO - [2023-09-15T08:39:34.135+0800] {dag.py:2915} INFO - Sync 1 DAGs
[2023-09-15T08:39:34.143+0800] {logging_mixin.py:151} INFO - [2023-09-15T08:39:34.143+0800] {dag.py:3696} INFO - Setting next_dagrun for example_xcom to 2021-01-01T00:00:00+00:00, run_after=2021-01-01T00:00:00+00:00
[2023-09-15T08:39:34.153+0800] {processor.py:179} INFO - Processing /opt/homebrew/lib/python3.11/site-packages/airflow/example_dags/example_xcom.py took 0.145 seconds
[2023-09-15T11:45:23.285+0800] {processor.py:157} INFO - Started process (PID=76001) to work on /opt/homebrew/lib/python3.11/site-packages/airflow/example_dags/example_xcom.py
[2023-09-15T11:45:23.286+0800] {processor.py:829} INFO - Processing file /opt/homebrew/lib/python3.11/site-packages/airflow/example_dags/example_xcom.py for tasks to queue
[2023-09-15T11:45:23.286+0800] {logging_mixin.py:151} INFO - [2023-09-15T11:45:23.286+0800] {dagbag.py:539} INFO - Filling up the DagBag from /opt/homebrew/lib/python3.11/site-packages/airflow/example_dags/example_xcom.py
[2023-09-15T11:45:23.318+0800] {processor.py:839} INFO - DAG(s) dict_keys(['example_xcom']) retrieved from /opt/homebrew/lib/python3.11/site-packages/airflow/example_dags/example_xcom.py
[2023-09-15T11:45:23.411+0800] {logging_mixin.py:151} INFO - [2023-09-15T11:45:23.410+0800] {dag.py:2915} INFO - Sync 1 DAGs
[2023-09-15T11:45:23.419+0800] {logging_mixin.py:151} INFO - [2023-09-15T11:45:23.419+0800] {dag.py:3696} INFO - Setting next_dagrun for example_xcom to 2021-01-01T00:00:00+00:00, run_after=2021-01-01T00:00:00+00:00
[2023-09-15T11:45:23.429+0800] {processor.py:179} INFO - Processing /opt/homebrew/lib/python3.11/site-packages/airflow/example_dags/example_xcom.py took 0.144 seconds
[2023-09-15T14:50:42.678+0800] {processor.py:157} INFO - Started process (PID=76289) to work on /opt/homebrew/lib/python3.11/site-packages/airflow/example_dags/example_xcom.py
[2023-09-15T14:50:42.679+0800] {processor.py:829} INFO - Processing file /opt/homebrew/lib/python3.11/site-packages/airflow/example_dags/example_xcom.py for tasks to queue
[2023-09-15T14:50:42.679+0800] {logging_mixin.py:151} INFO - [2023-09-15T14:50:42.679+0800] {dagbag.py:539} INFO - Filling up the DagBag from /opt/homebrew/lib/python3.11/site-packages/airflow/example_dags/example_xcom.py
[2023-09-15T14:50:42.712+0800] {processor.py:839} INFO - DAG(s) dict_keys(['example_xcom']) retrieved from /opt/homebrew/lib/python3.11/site-packages/airflow/example_dags/example_xcom.py
[2023-09-15T14:50:42.805+0800] {logging_mixin.py:151} INFO - [2023-09-15T14:50:42.805+0800] {dag.py:2915} INFO - Sync 1 DAGs
[2023-09-15T14:50:42.813+0800] {logging_mixin.py:151} INFO - [2023-09-15T14:50:42.813+0800] {dag.py:3696} INFO - Setting next_dagrun for example_xcom to 2021-01-01T00:00:00+00:00, run_after=2021-01-01T00:00:00+00:00
[2023-09-15T14:50:42.823+0800] {processor.py:179} INFO - Processing /opt/homebrew/lib/python3.11/site-packages/airflow/example_dags/example_xcom.py took 0.146 seconds
[2023-09-15T16:06:09.266+0800] {processor.py:157} INFO - Started process (PID=76516) to work on /opt/homebrew/lib/python3.11/site-packages/airflow/example_dags/example_xcom.py
[2023-09-15T16:06:09.268+0800] {processor.py:829} INFO - Processing file /opt/homebrew/lib/python3.11/site-packages/airflow/example_dags/example_xcom.py for tasks to queue
[2023-09-15T16:06:09.268+0800] {logging_mixin.py:151} INFO - [2023-09-15T16:06:09.268+0800] {dagbag.py:539} INFO - Filling up the DagBag from /opt/homebrew/lib/python3.11/site-packages/airflow/example_dags/example_xcom.py
[2023-09-15T16:06:09.300+0800] {processor.py:839} INFO - DAG(s) dict_keys(['example_xcom']) retrieved from /opt/homebrew/lib/python3.11/site-packages/airflow/example_dags/example_xcom.py
[2023-09-15T16:06:09.393+0800] {logging_mixin.py:151} INFO - [2023-09-15T16:06:09.393+0800] {dag.py:2915} INFO - Sync 1 DAGs
[2023-09-15T16:06:09.401+0800] {logging_mixin.py:151} INFO - [2023-09-15T16:06:09.401+0800] {dag.py:3696} INFO - Setting next_dagrun for example_xcom to 2021-01-01T00:00:00+00:00, run_after=2021-01-01T00:00:00+00:00
[2023-09-15T16:06:09.411+0800] {processor.py:179} INFO - Processing /opt/homebrew/lib/python3.11/site-packages/airflow/example_dags/example_xcom.py took 0.145 seconds
[2023-09-15T16:07:05.633+0800] {processor.py:157} INFO - Started process (PID=76626) to work on /opt/homebrew/lib/python3.11/site-packages/airflow/example_dags/example_xcom.py
[2023-09-15T16:07:05.635+0800] {processor.py:829} INFO - Processing file /opt/homebrew/lib/python3.11/site-packages/airflow/example_dags/example_xcom.py for tasks to queue
[2023-09-15T16:07:05.635+0800] {logging_mixin.py:151} INFO - [2023-09-15T16:07:05.635+0800] {dagbag.py:539} INFO - Filling up the DagBag from /opt/homebrew/lib/python3.11/site-packages/airflow/example_dags/example_xcom.py
[2023-09-15T16:07:05.667+0800] {processor.py:839} INFO - DAG(s) dict_keys(['example_xcom']) retrieved from /opt/homebrew/lib/python3.11/site-packages/airflow/example_dags/example_xcom.py
[2023-09-15T16:07:05.762+0800] {logging_mixin.py:151} INFO - [2023-09-15T16:07:05.761+0800] {dag.py:2915} INFO - Sync 1 DAGs
[2023-09-15T16:07:05.770+0800] {logging_mixin.py:151} INFO - [2023-09-15T16:07:05.770+0800] {dag.py:3696} INFO - Setting next_dagrun for example_xcom to 2021-01-01T00:00:00+00:00, run_after=2021-01-01T00:00:00+00:00
[2023-09-15T16:07:05.780+0800] {processor.py:179} INFO - Processing /opt/homebrew/lib/python3.11/site-packages/airflow/example_dags/example_xcom.py took 0.147 seconds
[2023-09-15T16:07:58.276+0800] {processor.py:157} INFO - Started process (PID=76752) to work on /opt/homebrew/lib/python3.11/site-packages/airflow/example_dags/example_xcom.py
[2023-09-15T16:07:58.276+0800] {processor.py:829} INFO - Processing file /opt/homebrew/lib/python3.11/site-packages/airflow/example_dags/example_xcom.py for tasks to queue
[2023-09-15T16:07:58.276+0800] {logging_mixin.py:151} INFO - [2023-09-15T16:07:58.276+0800] {dagbag.py:539} INFO - Filling up the DagBag from /opt/homebrew/lib/python3.11/site-packages/airflow/example_dags/example_xcom.py
[2023-09-15T16:07:58.311+0800] {processor.py:839} INFO - DAG(s) dict_keys(['example_xcom']) retrieved from /opt/homebrew/lib/python3.11/site-packages/airflow/example_dags/example_xcom.py
[2023-09-15T16:07:58.406+0800] {logging_mixin.py:151} INFO - [2023-09-15T16:07:58.406+0800] {dag.py:2915} INFO - Sync 1 DAGs
[2023-09-15T16:07:58.415+0800] {logging_mixin.py:151} INFO - [2023-09-15T16:07:58.415+0800] {dag.py:3696} INFO - Setting next_dagrun for example_xcom to 2021-01-01T00:00:00+00:00, run_after=2021-01-01T00:00:00+00:00
[2023-09-15T16:07:58.425+0800] {processor.py:179} INFO - Processing /opt/homebrew/lib/python3.11/site-packages/airflow/example_dags/example_xcom.py took 0.150 seconds
[2023-09-15T16:08:45.975+0800] {processor.py:157} INFO - Started process (PID=76838) to work on /opt/homebrew/lib/python3.11/site-packages/airflow/example_dags/example_xcom.py
[2023-09-15T16:08:45.976+0800] {processor.py:829} INFO - Processing file /opt/homebrew/lib/python3.11/site-packages/airflow/example_dags/example_xcom.py for tasks to queue
[2023-09-15T16:08:45.976+0800] {logging_mixin.py:151} INFO - [2023-09-15T16:08:45.976+0800] {dagbag.py:539} INFO - Filling up the DagBag from /opt/homebrew/lib/python3.11/site-packages/airflow/example_dags/example_xcom.py
[2023-09-15T16:08:46.008+0800] {processor.py:839} INFO - DAG(s) dict_keys(['example_xcom']) retrieved from /opt/homebrew/lib/python3.11/site-packages/airflow/example_dags/example_xcom.py
[2023-09-15T16:08:46.101+0800] {logging_mixin.py:151} INFO - [2023-09-15T16:08:46.101+0800] {dag.py:2915} INFO - Sync 1 DAGs
[2023-09-15T16:08:46.109+0800] {logging_mixin.py:151} INFO - [2023-09-15T16:08:46.109+0800] {dag.py:3696} INFO - Setting next_dagrun for example_xcom to 2021-01-01T00:00:00+00:00, run_after=2021-01-01T00:00:00+00:00
[2023-09-15T16:08:46.119+0800] {processor.py:179} INFO - Processing /opt/homebrew/lib/python3.11/site-packages/airflow/example_dags/example_xcom.py took 0.144 seconds
[2023-09-15T16:09:40.667+0800] {processor.py:157} INFO - Started process (PID=76959) to work on /opt/homebrew/lib/python3.11/site-packages/airflow/example_dags/example_xcom.py
[2023-09-15T16:09:40.667+0800] {processor.py:829} INFO - Processing file /opt/homebrew/lib/python3.11/site-packages/airflow/example_dags/example_xcom.py for tasks to queue
[2023-09-15T16:09:40.667+0800] {logging_mixin.py:151} INFO - [2023-09-15T16:09:40.667+0800] {dagbag.py:539} INFO - Filling up the DagBag from /opt/homebrew/lib/python3.11/site-packages/airflow/example_dags/example_xcom.py
[2023-09-15T16:09:40.699+0800] {processor.py:839} INFO - DAG(s) dict_keys(['example_xcom']) retrieved from /opt/homebrew/lib/python3.11/site-packages/airflow/example_dags/example_xcom.py
[2023-09-15T16:09:40.794+0800] {logging_mixin.py:151} INFO - [2023-09-15T16:09:40.794+0800] {dag.py:2915} INFO - Sync 1 DAGs
[2023-09-15T16:09:40.802+0800] {logging_mixin.py:151} INFO - [2023-09-15T16:09:40.802+0800] {dag.py:3696} INFO - Setting next_dagrun for example_xcom to 2021-01-01T00:00:00+00:00, run_after=2021-01-01T00:00:00+00:00
[2023-09-15T16:09:40.812+0800] {processor.py:179} INFO - Processing /opt/homebrew/lib/python3.11/site-packages/airflow/example_dags/example_xcom.py took 0.146 seconds
[2023-09-15T16:10:33.874+0800] {processor.py:157} INFO - Started process (PID=77055) to work on /opt/homebrew/lib/python3.11/site-packages/airflow/example_dags/example_xcom.py
[2023-09-15T16:10:33.875+0800] {processor.py:829} INFO - Processing file /opt/homebrew/lib/python3.11/site-packages/airflow/example_dags/example_xcom.py for tasks to queue
[2023-09-15T16:10:33.875+0800] {logging_mixin.py:151} INFO - [2023-09-15T16:10:33.875+0800] {dagbag.py:539} INFO - Filling up the DagBag from /opt/homebrew/lib/python3.11/site-packages/airflow/example_dags/example_xcom.py
[2023-09-15T16:10:33.907+0800] {processor.py:839} INFO - DAG(s) dict_keys(['example_xcom']) retrieved from /opt/homebrew/lib/python3.11/site-packages/airflow/example_dags/example_xcom.py
[2023-09-15T16:10:34.000+0800] {logging_mixin.py:151} INFO - [2023-09-15T16:10:34.000+0800] {dag.py:2915} INFO - Sync 1 DAGs
[2023-09-15T16:10:34.008+0800] {logging_mixin.py:151} INFO - [2023-09-15T16:10:34.008+0800] {dag.py:3696} INFO - Setting next_dagrun for example_xcom to 2021-01-01T00:00:00+00:00, run_after=2021-01-01T00:00:00+00:00
[2023-09-15T16:10:34.018+0800] {processor.py:179} INFO - Processing /opt/homebrew/lib/python3.11/site-packages/airflow/example_dags/example_xcom.py took 0.144 seconds
[2023-09-15T16:11:25.482+0800] {processor.py:157} INFO - Started process (PID=77151) to work on /opt/homebrew/lib/python3.11/site-packages/airflow/example_dags/example_xcom.py
[2023-09-15T16:11:25.483+0800] {processor.py:829} INFO - Processing file /opt/homebrew/lib/python3.11/site-packages/airflow/example_dags/example_xcom.py for tasks to queue
[2023-09-15T16:11:25.483+0800] {logging_mixin.py:151} INFO - [2023-09-15T16:11:25.483+0800] {dagbag.py:539} INFO - Filling up the DagBag from /opt/homebrew/lib/python3.11/site-packages/airflow/example_dags/example_xcom.py
[2023-09-15T16:11:25.516+0800] {processor.py:839} INFO - DAG(s) dict_keys(['example_xcom']) retrieved from /opt/homebrew/lib/python3.11/site-packages/airflow/example_dags/example_xcom.py
[2023-09-15T16:11:25.609+0800] {logging_mixin.py:151} INFO - [2023-09-15T16:11:25.609+0800] {dag.py:2915} INFO - Sync 1 DAGs
[2023-09-15T16:11:25.618+0800] {logging_mixin.py:151} INFO - [2023-09-15T16:11:25.617+0800] {dag.py:3696} INFO - Setting next_dagrun for example_xcom to 2021-01-01T00:00:00+00:00, run_after=2021-01-01T00:00:00+00:00
[2023-09-15T16:11:25.627+0800] {processor.py:179} INFO - Processing /opt/homebrew/lib/python3.11/site-packages/airflow/example_dags/example_xcom.py took 0.146 seconds
[2023-09-15T16:12:18.178+0800] {processor.py:157} INFO - Started process (PID=77250) to work on /opt/homebrew/lib/python3.11/site-packages/airflow/example_dags/example_xcom.py
[2023-09-15T16:12:18.178+0800] {processor.py:829} INFO - Processing file /opt/homebrew/lib/python3.11/site-packages/airflow/example_dags/example_xcom.py for tasks to queue
[2023-09-15T16:12:18.179+0800] {logging_mixin.py:151} INFO - [2023-09-15T16:12:18.179+0800] {dagbag.py:539} INFO - Filling up the DagBag from /opt/homebrew/lib/python3.11/site-packages/airflow/example_dags/example_xcom.py
[2023-09-15T16:12:18.210+0800] {processor.py:839} INFO - DAG(s) dict_keys(['example_xcom']) retrieved from /opt/homebrew/lib/python3.11/site-packages/airflow/example_dags/example_xcom.py
[2023-09-15T16:12:18.304+0800] {logging_mixin.py:151} INFO - [2023-09-15T16:12:18.303+0800] {dag.py:2915} INFO - Sync 1 DAGs
[2023-09-15T16:12:18.312+0800] {logging_mixin.py:151} INFO - [2023-09-15T16:12:18.312+0800] {dag.py:3696} INFO - Setting next_dagrun for example_xcom to 2021-01-01T00:00:00+00:00, run_after=2021-01-01T00:00:00+00:00
[2023-09-15T16:12:18.322+0800] {processor.py:179} INFO - Processing /opt/homebrew/lib/python3.11/site-packages/airflow/example_dags/example_xcom.py took 0.144 seconds
[2023-09-15T16:13:11.783+0800] {processor.py:157} INFO - Started process (PID=77347) to work on /opt/homebrew/lib/python3.11/site-packages/airflow/example_dags/example_xcom.py
[2023-09-15T16:13:11.783+0800] {processor.py:829} INFO - Processing file /opt/homebrew/lib/python3.11/site-packages/airflow/example_dags/example_xcom.py for tasks to queue
[2023-09-15T16:13:11.784+0800] {logging_mixin.py:151} INFO - [2023-09-15T16:13:11.784+0800] {dagbag.py:539} INFO - Filling up the DagBag from /opt/homebrew/lib/python3.11/site-packages/airflow/example_dags/example_xcom.py
[2023-09-15T16:13:11.816+0800] {processor.py:839} INFO - DAG(s) dict_keys(['example_xcom']) retrieved from /opt/homebrew/lib/python3.11/site-packages/airflow/example_dags/example_xcom.py
[2023-09-15T16:13:11.908+0800] {logging_mixin.py:151} INFO - [2023-09-15T16:13:11.908+0800] {dag.py:2915} INFO - Sync 1 DAGs
[2023-09-15T16:13:11.917+0800] {logging_mixin.py:151} INFO - [2023-09-15T16:13:11.917+0800] {dag.py:3696} INFO - Setting next_dagrun for example_xcom to 2021-01-01T00:00:00+00:00, run_after=2021-01-01T00:00:00+00:00
[2023-09-15T16:13:11.927+0800] {processor.py:179} INFO - Processing /opt/homebrew/lib/python3.11/site-packages/airflow/example_dags/example_xcom.py took 0.144 seconds
[2023-09-15T16:14:05.480+0800] {processor.py:157} INFO - Started process (PID=77441) to work on /opt/homebrew/lib/python3.11/site-packages/airflow/example_dags/example_xcom.py
[2023-09-15T16:14:05.481+0800] {processor.py:829} INFO - Processing file /opt/homebrew/lib/python3.11/site-packages/airflow/example_dags/example_xcom.py for tasks to queue
[2023-09-15T16:14:05.481+0800] {logging_mixin.py:151} INFO - [2023-09-15T16:14:05.481+0800] {dagbag.py:539} INFO - Filling up the DagBag from /opt/homebrew/lib/python3.11/site-packages/airflow/example_dags/example_xcom.py
[2023-09-15T16:14:05.513+0800] {processor.py:839} INFO - DAG(s) dict_keys(['example_xcom']) retrieved from /opt/homebrew/lib/python3.11/site-packages/airflow/example_dags/example_xcom.py
[2023-09-15T16:14:05.617+0800] {logging_mixin.py:151} INFO - [2023-09-15T16:14:05.617+0800] {dag.py:2915} INFO - Sync 1 DAGs
[2023-09-15T16:14:05.627+0800] {logging_mixin.py:151} INFO - [2023-09-15T16:14:05.627+0800] {dag.py:3696} INFO - Setting next_dagrun for example_xcom to 2021-01-01T00:00:00+00:00, run_after=2021-01-01T00:00:00+00:00
[2023-09-15T16:14:05.637+0800] {processor.py:179} INFO - Processing /opt/homebrew/lib/python3.11/site-packages/airflow/example_dags/example_xcom.py took 0.157 seconds
[2023-09-15T16:14:56.827+0800] {processor.py:157} INFO - Started process (PID=77535) to work on /opt/homebrew/lib/python3.11/site-packages/airflow/example_dags/example_xcom.py
[2023-09-15T16:14:56.828+0800] {processor.py:829} INFO - Processing file /opt/homebrew/lib/python3.11/site-packages/airflow/example_dags/example_xcom.py for tasks to queue
[2023-09-15T16:14:56.828+0800] {logging_mixin.py:151} INFO - [2023-09-15T16:14:56.828+0800] {dagbag.py:539} INFO - Filling up the DagBag from /opt/homebrew/lib/python3.11/site-packages/airflow/example_dags/example_xcom.py
[2023-09-15T16:14:56.860+0800] {processor.py:839} INFO - DAG(s) dict_keys(['example_xcom']) retrieved from /opt/homebrew/lib/python3.11/site-packages/airflow/example_dags/example_xcom.py
[2023-09-15T16:14:56.952+0800] {logging_mixin.py:151} INFO - [2023-09-15T16:14:56.952+0800] {dag.py:2915} INFO - Sync 1 DAGs
[2023-09-15T16:14:56.961+0800] {logging_mixin.py:151} INFO - [2023-09-15T16:14:56.960+0800] {dag.py:3696} INFO - Setting next_dagrun for example_xcom to 2021-01-01T00:00:00+00:00, run_after=2021-01-01T00:00:00+00:00
[2023-09-15T16:14:56.971+0800] {processor.py:179} INFO - Processing /opt/homebrew/lib/python3.11/site-packages/airflow/example_dags/example_xcom.py took 0.144 seconds
[2023-09-15T16:15:49.761+0800] {processor.py:157} INFO - Started process (PID=77629) to work on /opt/homebrew/lib/python3.11/site-packages/airflow/example_dags/example_xcom.py
[2023-09-15T16:15:49.761+0800] {processor.py:829} INFO - Processing file /opt/homebrew/lib/python3.11/site-packages/airflow/example_dags/example_xcom.py for tasks to queue
[2023-09-15T16:15:49.761+0800] {logging_mixin.py:151} INFO - [2023-09-15T16:15:49.761+0800] {dagbag.py:539} INFO - Filling up the DagBag from /opt/homebrew/lib/python3.11/site-packages/airflow/example_dags/example_xcom.py
[2023-09-15T16:15:49.793+0800] {processor.py:839} INFO - DAG(s) dict_keys(['example_xcom']) retrieved from /opt/homebrew/lib/python3.11/site-packages/airflow/example_dags/example_xcom.py
[2023-09-15T16:15:49.886+0800] {logging_mixin.py:151} INFO - [2023-09-15T16:15:49.886+0800] {dag.py:2915} INFO - Sync 1 DAGs
[2023-09-15T16:15:49.894+0800] {logging_mixin.py:151} INFO - [2023-09-15T16:15:49.894+0800] {dag.py:3696} INFO - Setting next_dagrun for example_xcom to 2021-01-01T00:00:00+00:00, run_after=2021-01-01T00:00:00+00:00
[2023-09-15T16:15:49.904+0800] {processor.py:179} INFO - Processing /opt/homebrew/lib/python3.11/site-packages/airflow/example_dags/example_xcom.py took 0.144 seconds
[2023-09-15T16:16:40.437+0800] {processor.py:157} INFO - Started process (PID=77735) to work on /opt/homebrew/lib/python3.11/site-packages/airflow/example_dags/example_xcom.py
[2023-09-15T16:16:40.438+0800] {processor.py:829} INFO - Processing file /opt/homebrew/lib/python3.11/site-packages/airflow/example_dags/example_xcom.py for tasks to queue
[2023-09-15T16:16:40.438+0800] {logging_mixin.py:151} INFO - [2023-09-15T16:16:40.438+0800] {dagbag.py:539} INFO - Filling up the DagBag from /opt/homebrew/lib/python3.11/site-packages/airflow/example_dags/example_xcom.py
[2023-09-15T16:16:40.470+0800] {processor.py:839} INFO - DAG(s) dict_keys(['example_xcom']) retrieved from /opt/homebrew/lib/python3.11/site-packages/airflow/example_dags/example_xcom.py
[2023-09-15T16:16:40.563+0800] {logging_mixin.py:151} INFO - [2023-09-15T16:16:40.563+0800] {dag.py:2915} INFO - Sync 1 DAGs
[2023-09-15T16:16:40.571+0800] {logging_mixin.py:151} INFO - [2023-09-15T16:16:40.571+0800] {dag.py:3696} INFO - Setting next_dagrun for example_xcom to 2021-01-01T00:00:00+00:00, run_after=2021-01-01T00:00:00+00:00
[2023-09-15T16:16:40.581+0800] {processor.py:179} INFO - Processing /opt/homebrew/lib/python3.11/site-packages/airflow/example_dags/example_xcom.py took 0.144 seconds
[2023-09-15T16:17:32.015+0800] {processor.py:157} INFO - Started process (PID=77824) to work on /opt/homebrew/lib/python3.11/site-packages/airflow/example_dags/example_xcom.py
[2023-09-15T16:17:32.015+0800] {processor.py:829} INFO - Processing file /opt/homebrew/lib/python3.11/site-packages/airflow/example_dags/example_xcom.py for tasks to queue
[2023-09-15T16:17:32.016+0800] {logging_mixin.py:151} INFO - [2023-09-15T16:17:32.016+0800] {dagbag.py:539} INFO - Filling up the DagBag from /opt/homebrew/lib/python3.11/site-packages/airflow/example_dags/example_xcom.py
[2023-09-15T16:17:32.048+0800] {processor.py:839} INFO - DAG(s) dict_keys(['example_xcom']) retrieved from /opt/homebrew/lib/python3.11/site-packages/airflow/example_dags/example_xcom.py
[2023-09-15T16:17:32.141+0800] {logging_mixin.py:151} INFO - [2023-09-15T16:17:32.141+0800] {dag.py:2915} INFO - Sync 1 DAGs
[2023-09-15T16:17:32.149+0800] {logging_mixin.py:151} INFO - [2023-09-15T16:17:32.149+0800] {dag.py:3696} INFO - Setting next_dagrun for example_xcom to 2021-01-01T00:00:00+00:00, run_after=2021-01-01T00:00:00+00:00
[2023-09-15T16:17:32.159+0800] {processor.py:179} INFO - Processing /opt/homebrew/lib/python3.11/site-packages/airflow/example_dags/example_xcom.py took 0.144 seconds
[2023-09-15T16:18:25.181+0800] {processor.py:157} INFO - Started process (PID=77917) to work on /opt/homebrew/lib/python3.11/site-packages/airflow/example_dags/example_xcom.py
[2023-09-15T16:18:25.182+0800] {processor.py:829} INFO - Processing file /opt/homebrew/lib/python3.11/site-packages/airflow/example_dags/example_xcom.py for tasks to queue
[2023-09-15T16:18:25.182+0800] {logging_mixin.py:151} INFO - [2023-09-15T16:18:25.182+0800] {dagbag.py:539} INFO - Filling up the DagBag from /opt/homebrew/lib/python3.11/site-packages/airflow/example_dags/example_xcom.py
[2023-09-15T16:18:25.214+0800] {processor.py:839} INFO - DAG(s) dict_keys(['example_xcom']) retrieved from /opt/homebrew/lib/python3.11/site-packages/airflow/example_dags/example_xcom.py
[2023-09-15T16:18:25.307+0800] {logging_mixin.py:151} INFO - [2023-09-15T16:18:25.307+0800] {dag.py:2915} INFO - Sync 1 DAGs
[2023-09-15T16:18:25.316+0800] {logging_mixin.py:151} INFO - [2023-09-15T16:18:25.316+0800] {dag.py:3696} INFO - Setting next_dagrun for example_xcom to 2021-01-01T00:00:00+00:00, run_after=2021-01-01T00:00:00+00:00
[2023-09-15T16:18:25.326+0800] {processor.py:179} INFO - Processing /opt/homebrew/lib/python3.11/site-packages/airflow/example_dags/example_xcom.py took 0.145 seconds
[2023-09-15T16:19:16.059+0800] {processor.py:157} INFO - Started process (PID=78012) to work on /opt/homebrew/lib/python3.11/site-packages/airflow/example_dags/example_xcom.py
[2023-09-15T16:19:16.060+0800] {processor.py:829} INFO - Processing file /opt/homebrew/lib/python3.11/site-packages/airflow/example_dags/example_xcom.py for tasks to queue
[2023-09-15T16:19:16.060+0800] {logging_mixin.py:151} INFO - [2023-09-15T16:19:16.060+0800] {dagbag.py:539} INFO - Filling up the DagBag from /opt/homebrew/lib/python3.11/site-packages/airflow/example_dags/example_xcom.py
[2023-09-15T16:19:16.092+0800] {processor.py:839} INFO - DAG(s) dict_keys(['example_xcom']) retrieved from /opt/homebrew/lib/python3.11/site-packages/airflow/example_dags/example_xcom.py
[2023-09-15T16:19:16.184+0800] {logging_mixin.py:151} INFO - [2023-09-15T16:19:16.184+0800] {dag.py:2915} INFO - Sync 1 DAGs
[2023-09-15T16:19:16.193+0800] {logging_mixin.py:151} INFO - [2023-09-15T16:19:16.193+0800] {dag.py:3696} INFO - Setting next_dagrun for example_xcom to 2021-01-01T00:00:00+00:00, run_after=2021-01-01T00:00:00+00:00
[2023-09-15T16:19:16.203+0800] {processor.py:179} INFO - Processing /opt/homebrew/lib/python3.11/site-packages/airflow/example_dags/example_xcom.py took 0.144 seconds
[2023-09-15T16:20:09.832+0800] {processor.py:157} INFO - Started process (PID=78106) to work on /opt/homebrew/lib/python3.11/site-packages/airflow/example_dags/example_xcom.py
[2023-09-15T16:20:09.832+0800] {processor.py:829} INFO - Processing file /opt/homebrew/lib/python3.11/site-packages/airflow/example_dags/example_xcom.py for tasks to queue
[2023-09-15T16:20:09.832+0800] {logging_mixin.py:151} INFO - [2023-09-15T16:20:09.832+0800] {dagbag.py:539} INFO - Filling up the DagBag from /opt/homebrew/lib/python3.11/site-packages/airflow/example_dags/example_xcom.py
[2023-09-15T16:20:09.864+0800] {processor.py:839} INFO - DAG(s) dict_keys(['example_xcom']) retrieved from /opt/homebrew/lib/python3.11/site-packages/airflow/example_dags/example_xcom.py
[2023-09-15T16:20:09.958+0800] {logging_mixin.py:151} INFO - [2023-09-15T16:20:09.958+0800] {dag.py:2915} INFO - Sync 1 DAGs
[2023-09-15T16:20:09.966+0800] {logging_mixin.py:151} INFO - [2023-09-15T16:20:09.966+0800] {dag.py:3696} INFO - Setting next_dagrun for example_xcom to 2021-01-01T00:00:00+00:00, run_after=2021-01-01T00:00:00+00:00
[2023-09-15T16:20:09.976+0800] {processor.py:179} INFO - Processing /opt/homebrew/lib/python3.11/site-packages/airflow/example_dags/example_xcom.py took 0.145 seconds
[2023-09-15T16:21:03.152+0800] {processor.py:157} INFO - Started process (PID=78198) to work on /opt/homebrew/lib/python3.11/site-packages/airflow/example_dags/example_xcom.py
[2023-09-15T16:21:03.153+0800] {processor.py:829} INFO - Processing file /opt/homebrew/lib/python3.11/site-packages/airflow/example_dags/example_xcom.py for tasks to queue
[2023-09-15T16:21:03.153+0800] {logging_mixin.py:151} INFO - [2023-09-15T16:21:03.153+0800] {dagbag.py:539} INFO - Filling up the DagBag from /opt/homebrew/lib/python3.11/site-packages/airflow/example_dags/example_xcom.py
[2023-09-15T16:21:03.185+0800] {processor.py:839} INFO - DAG(s) dict_keys(['example_xcom']) retrieved from /opt/homebrew/lib/python3.11/site-packages/airflow/example_dags/example_xcom.py
[2023-09-15T16:21:03.278+0800] {logging_mixin.py:151} INFO - [2023-09-15T16:21:03.278+0800] {dag.py:2915} INFO - Sync 1 DAGs
[2023-09-15T16:21:03.286+0800] {logging_mixin.py:151} INFO - [2023-09-15T16:21:03.286+0800] {dag.py:3696} INFO - Setting next_dagrun for example_xcom to 2021-01-01T00:00:00+00:00, run_after=2021-01-01T00:00:00+00:00
[2023-09-15T16:21:03.296+0800] {processor.py:179} INFO - Processing /opt/homebrew/lib/python3.11/site-packages/airflow/example_dags/example_xcom.py took 0.144 seconds
[2023-09-15T16:21:56.722+0800] {processor.py:157} INFO - Started process (PID=78296) to work on /opt/homebrew/lib/python3.11/site-packages/airflow/example_dags/example_xcom.py
[2023-09-15T16:21:56.722+0800] {processor.py:829} INFO - Processing file /opt/homebrew/lib/python3.11/site-packages/airflow/example_dags/example_xcom.py for tasks to queue
[2023-09-15T16:21:56.723+0800] {logging_mixin.py:151} INFO - [2023-09-15T16:21:56.722+0800] {dagbag.py:539} INFO - Filling up the DagBag from /opt/homebrew/lib/python3.11/site-packages/airflow/example_dags/example_xcom.py
[2023-09-15T16:21:56.754+0800] {processor.py:839} INFO - DAG(s) dict_keys(['example_xcom']) retrieved from /opt/homebrew/lib/python3.11/site-packages/airflow/example_dags/example_xcom.py
[2023-09-15T16:21:56.847+0800] {logging_mixin.py:151} INFO - [2023-09-15T16:21:56.847+0800] {dag.py:2915} INFO - Sync 1 DAGs
[2023-09-15T16:21:56.855+0800] {logging_mixin.py:151} INFO - [2023-09-15T16:21:56.855+0800] {dag.py:3696} INFO - Setting next_dagrun for example_xcom to 2021-01-01T00:00:00+00:00, run_after=2021-01-01T00:00:00+00:00
[2023-09-15T16:21:56.865+0800] {processor.py:179} INFO - Processing /opt/homebrew/lib/python3.11/site-packages/airflow/example_dags/example_xcom.py took 0.144 seconds
[2023-09-15T16:22:46.520+0800] {processor.py:157} INFO - Started process (PID=78392) to work on /opt/homebrew/lib/python3.11/site-packages/airflow/example_dags/example_xcom.py
[2023-09-15T16:22:46.521+0800] {processor.py:829} INFO - Processing file /opt/homebrew/lib/python3.11/site-packages/airflow/example_dags/example_xcom.py for tasks to queue
[2023-09-15T16:22:46.521+0800] {logging_mixin.py:151} INFO - [2023-09-15T16:22:46.521+0800] {dagbag.py:539} INFO - Filling up the DagBag from /opt/homebrew/lib/python3.11/site-packages/airflow/example_dags/example_xcom.py
[2023-09-15T16:22:46.553+0800] {processor.py:839} INFO - DAG(s) dict_keys(['example_xcom']) retrieved from /opt/homebrew/lib/python3.11/site-packages/airflow/example_dags/example_xcom.py
[2023-09-15T16:22:46.647+0800] {logging_mixin.py:151} INFO - [2023-09-15T16:22:46.646+0800] {dag.py:2915} INFO - Sync 1 DAGs
[2023-09-15T16:22:46.655+0800] {logging_mixin.py:151} INFO - [2023-09-15T16:22:46.655+0800] {dag.py:3696} INFO - Setting next_dagrun for example_xcom to 2021-01-01T00:00:00+00:00, run_after=2021-01-01T00:00:00+00:00
[2023-09-15T16:22:46.665+0800] {processor.py:179} INFO - Processing /opt/homebrew/lib/python3.11/site-packages/airflow/example_dags/example_xcom.py took 0.145 seconds
[2023-09-15T16:23:38.817+0800] {processor.py:157} INFO - Started process (PID=78483) to work on /opt/homebrew/lib/python3.11/site-packages/airflow/example_dags/example_xcom.py
[2023-09-15T16:23:38.818+0800] {processor.py:829} INFO - Processing file /opt/homebrew/lib/python3.11/site-packages/airflow/example_dags/example_xcom.py for tasks to queue
[2023-09-15T16:23:38.818+0800] {logging_mixin.py:151} INFO - [2023-09-15T16:23:38.818+0800] {dagbag.py:539} INFO - Filling up the DagBag from /opt/homebrew/lib/python3.11/site-packages/airflow/example_dags/example_xcom.py
[2023-09-15T16:23:38.849+0800] {processor.py:839} INFO - DAG(s) dict_keys(['example_xcom']) retrieved from /opt/homebrew/lib/python3.11/site-packages/airflow/example_dags/example_xcom.py
[2023-09-15T16:23:38.942+0800] {logging_mixin.py:151} INFO - [2023-09-15T16:23:38.942+0800] {dag.py:2915} INFO - Sync 1 DAGs
[2023-09-15T16:23:38.950+0800] {logging_mixin.py:151} INFO - [2023-09-15T16:23:38.950+0800] {dag.py:3696} INFO - Setting next_dagrun for example_xcom to 2021-01-01T00:00:00+00:00, run_after=2021-01-01T00:00:00+00:00
[2023-09-15T16:23:38.960+0800] {processor.py:179} INFO - Processing /opt/homebrew/lib/python3.11/site-packages/airflow/example_dags/example_xcom.py took 0.143 seconds
[2023-09-15T16:24:32.668+0800] {processor.py:157} INFO - Started process (PID=78583) to work on /opt/homebrew/lib/python3.11/site-packages/airflow/example_dags/example_xcom.py
[2023-09-15T16:24:32.669+0800] {processor.py:829} INFO - Processing file /opt/homebrew/lib/python3.11/site-packages/airflow/example_dags/example_xcom.py for tasks to queue
[2023-09-15T16:24:32.669+0800] {logging_mixin.py:151} INFO - [2023-09-15T16:24:32.669+0800] {dagbag.py:539} INFO - Filling up the DagBag from /opt/homebrew/lib/python3.11/site-packages/airflow/example_dags/example_xcom.py
[2023-09-15T16:24:32.701+0800] {processor.py:839} INFO - DAG(s) dict_keys(['example_xcom']) retrieved from /opt/homebrew/lib/python3.11/site-packages/airflow/example_dags/example_xcom.py
[2023-09-15T16:24:32.794+0800] {logging_mixin.py:151} INFO - [2023-09-15T16:24:32.794+0800] {dag.py:2915} INFO - Sync 1 DAGs
[2023-09-15T16:24:32.802+0800] {logging_mixin.py:151} INFO - [2023-09-15T16:24:32.802+0800] {dag.py:3696} INFO - Setting next_dagrun for example_xcom to 2021-01-01T00:00:00+00:00, run_after=2021-01-01T00:00:00+00:00
[2023-09-15T16:24:32.812+0800] {processor.py:179} INFO - Processing /opt/homebrew/lib/python3.11/site-packages/airflow/example_dags/example_xcom.py took 0.144 seconds
[2023-09-15T16:25:23.266+0800] {processor.py:157} INFO - Started process (PID=78671) to work on /opt/homebrew/lib/python3.11/site-packages/airflow/example_dags/example_xcom.py
[2023-09-15T16:25:23.266+0800] {processor.py:829} INFO - Processing file /opt/homebrew/lib/python3.11/site-packages/airflow/example_dags/example_xcom.py for tasks to queue
[2023-09-15T16:25:23.267+0800] {logging_mixin.py:151} INFO - [2023-09-15T16:25:23.267+0800] {dagbag.py:539} INFO - Filling up the DagBag from /opt/homebrew/lib/python3.11/site-packages/airflow/example_dags/example_xcom.py
[2023-09-15T16:25:23.299+0800] {processor.py:839} INFO - DAG(s) dict_keys(['example_xcom']) retrieved from /opt/homebrew/lib/python3.11/site-packages/airflow/example_dags/example_xcom.py
[2023-09-15T16:25:23.398+0800] {logging_mixin.py:151} INFO - [2023-09-15T16:25:23.398+0800] {dag.py:2915} INFO - Sync 1 DAGs
[2023-09-15T16:25:23.406+0800] {logging_mixin.py:151} INFO - [2023-09-15T16:25:23.406+0800] {dag.py:3696} INFO - Setting next_dagrun for example_xcom to 2021-01-01T00:00:00+00:00, run_after=2021-01-01T00:00:00+00:00
[2023-09-15T16:25:23.416+0800] {processor.py:179} INFO - Processing /opt/homebrew/lib/python3.11/site-packages/airflow/example_dags/example_xcom.py took 0.151 seconds
[2023-09-15T16:26:15.770+0800] {processor.py:157} INFO - Started process (PID=78766) to work on /opt/homebrew/lib/python3.11/site-packages/airflow/example_dags/example_xcom.py
[2023-09-15T16:26:15.770+0800] {processor.py:829} INFO - Processing file /opt/homebrew/lib/python3.11/site-packages/airflow/example_dags/example_xcom.py for tasks to queue
[2023-09-15T16:26:15.770+0800] {logging_mixin.py:151} INFO - [2023-09-15T16:26:15.770+0800] {dagbag.py:539} INFO - Filling up the DagBag from /opt/homebrew/lib/python3.11/site-packages/airflow/example_dags/example_xcom.py
[2023-09-15T16:26:15.802+0800] {processor.py:839} INFO - DAG(s) dict_keys(['example_xcom']) retrieved from /opt/homebrew/lib/python3.11/site-packages/airflow/example_dags/example_xcom.py
[2023-09-15T16:26:15.895+0800] {logging_mixin.py:151} INFO - [2023-09-15T16:26:15.895+0800] {dag.py:2915} INFO - Sync 1 DAGs
[2023-09-15T16:26:15.903+0800] {logging_mixin.py:151} INFO - [2023-09-15T16:26:15.903+0800] {dag.py:3696} INFO - Setting next_dagrun for example_xcom to 2021-01-01T00:00:00+00:00, run_after=2021-01-01T00:00:00+00:00
[2023-09-15T16:26:15.913+0800] {processor.py:179} INFO - Processing /opt/homebrew/lib/python3.11/site-packages/airflow/example_dags/example_xcom.py took 0.144 seconds
[2023-09-15T16:27:07.935+0800] {processor.py:157} INFO - Started process (PID=78858) to work on /opt/homebrew/lib/python3.11/site-packages/airflow/example_dags/example_xcom.py
[2023-09-15T16:27:07.935+0800] {processor.py:829} INFO - Processing file /opt/homebrew/lib/python3.11/site-packages/airflow/example_dags/example_xcom.py for tasks to queue
[2023-09-15T16:27:07.936+0800] {logging_mixin.py:151} INFO - [2023-09-15T16:27:07.936+0800] {dagbag.py:539} INFO - Filling up the DagBag from /opt/homebrew/lib/python3.11/site-packages/airflow/example_dags/example_xcom.py
[2023-09-15T16:27:07.967+0800] {processor.py:839} INFO - DAG(s) dict_keys(['example_xcom']) retrieved from /opt/homebrew/lib/python3.11/site-packages/airflow/example_dags/example_xcom.py
[2023-09-15T16:27:08.060+0800] {logging_mixin.py:151} INFO - [2023-09-15T16:27:08.060+0800] {dag.py:2915} INFO - Sync 1 DAGs
[2023-09-15T16:27:08.068+0800] {logging_mixin.py:151} INFO - [2023-09-15T16:27:08.068+0800] {dag.py:3696} INFO - Setting next_dagrun for example_xcom to 2021-01-01T00:00:00+00:00, run_after=2021-01-01T00:00:00+00:00
[2023-09-15T16:27:08.078+0800] {processor.py:179} INFO - Processing /opt/homebrew/lib/python3.11/site-packages/airflow/example_dags/example_xcom.py took 0.144 seconds
[2023-09-15T16:27:56.411+0800] {processor.py:157} INFO - Started process (PID=78945) to work on /opt/homebrew/lib/python3.11/site-packages/airflow/example_dags/example_xcom.py
[2023-09-15T16:27:56.411+0800] {processor.py:829} INFO - Processing file /opt/homebrew/lib/python3.11/site-packages/airflow/example_dags/example_xcom.py for tasks to queue
[2023-09-15T16:27:56.411+0800] {logging_mixin.py:151} INFO - [2023-09-15T16:27:56.411+0800] {dagbag.py:539} INFO - Filling up the DagBag from /opt/homebrew/lib/python3.11/site-packages/airflow/example_dags/example_xcom.py
[2023-09-15T16:27:56.443+0800] {processor.py:839} INFO - DAG(s) dict_keys(['example_xcom']) retrieved from /opt/homebrew/lib/python3.11/site-packages/airflow/example_dags/example_xcom.py
[2023-09-15T16:27:56.537+0800] {logging_mixin.py:151} INFO - [2023-09-15T16:27:56.537+0800] {dag.py:2915} INFO - Sync 1 DAGs
[2023-09-15T16:27:56.545+0800] {logging_mixin.py:151} INFO - [2023-09-15T16:27:56.545+0800] {dag.py:3696} INFO - Setting next_dagrun for example_xcom to 2021-01-01T00:00:00+00:00, run_after=2021-01-01T00:00:00+00:00
[2023-09-15T16:27:56.555+0800] {processor.py:179} INFO - Processing /opt/homebrew/lib/python3.11/site-packages/airflow/example_dags/example_xcom.py took 0.145 seconds
[2023-09-15T16:28:46.191+0800] {processor.py:157} INFO - Started process (PID=79034) to work on /opt/homebrew/lib/python3.11/site-packages/airflow/example_dags/example_xcom.py
[2023-09-15T16:28:46.192+0800] {processor.py:829} INFO - Processing file /opt/homebrew/lib/python3.11/site-packages/airflow/example_dags/example_xcom.py for tasks to queue
[2023-09-15T16:28:46.192+0800] {logging_mixin.py:151} INFO - [2023-09-15T16:28:46.192+0800] {dagbag.py:539} INFO - Filling up the DagBag from /opt/homebrew/lib/python3.11/site-packages/airflow/example_dags/example_xcom.py
[2023-09-15T16:28:46.224+0800] {processor.py:839} INFO - DAG(s) dict_keys(['example_xcom']) retrieved from /opt/homebrew/lib/python3.11/site-packages/airflow/example_dags/example_xcom.py
[2023-09-15T16:28:46.317+0800] {logging_mixin.py:151} INFO - [2023-09-15T16:28:46.317+0800] {dag.py:2915} INFO - Sync 1 DAGs
[2023-09-15T16:28:46.325+0800] {logging_mixin.py:151} INFO - [2023-09-15T16:28:46.325+0800] {dag.py:3696} INFO - Setting next_dagrun for example_xcom to 2021-01-01T00:00:00+00:00, run_after=2021-01-01T00:00:00+00:00
[2023-09-15T16:28:46.335+0800] {processor.py:179} INFO - Processing /opt/homebrew/lib/python3.11/site-packages/airflow/example_dags/example_xcom.py took 0.144 seconds
[2023-09-15T16:29:35.660+0800] {processor.py:157} INFO - Started process (PID=79125) to work on /opt/homebrew/lib/python3.11/site-packages/airflow/example_dags/example_xcom.py
[2023-09-15T16:29:35.660+0800] {processor.py:829} INFO - Processing file /opt/homebrew/lib/python3.11/site-packages/airflow/example_dags/example_xcom.py for tasks to queue
[2023-09-15T16:29:35.660+0800] {logging_mixin.py:151} INFO - [2023-09-15T16:29:35.660+0800] {dagbag.py:539} INFO - Filling up the DagBag from /opt/homebrew/lib/python3.11/site-packages/airflow/example_dags/example_xcom.py
[2023-09-15T16:29:35.693+0800] {processor.py:839} INFO - DAG(s) dict_keys(['example_xcom']) retrieved from /opt/homebrew/lib/python3.11/site-packages/airflow/example_dags/example_xcom.py
[2023-09-15T16:29:35.786+0800] {logging_mixin.py:151} INFO - [2023-09-15T16:29:35.786+0800] {dag.py:2915} INFO - Sync 1 DAGs
[2023-09-15T16:29:35.794+0800] {logging_mixin.py:151} INFO - [2023-09-15T16:29:35.794+0800] {dag.py:3696} INFO - Setting next_dagrun for example_xcom to 2021-01-01T00:00:00+00:00, run_after=2021-01-01T00:00:00+00:00
[2023-09-15T16:29:35.804+0800] {processor.py:179} INFO - Processing /opt/homebrew/lib/python3.11/site-packages/airflow/example_dags/example_xcom.py took 0.145 seconds
