[2023-09-15T14:00:32.716+0800] {processor.py:157} INFO - Started process (PID=76210) to work on /opt/homebrew/lib/python3.11/site-packages/airflow/example_dags/example_branch_labels.py
[2023-09-15T14:00:32.717+0800] {processor.py:829} INFO - Processing file /opt/homebrew/lib/python3.11/site-packages/airflow/example_dags/example_branch_labels.py for tasks to queue
[2023-09-15T14:00:32.717+0800] {logging_mixin.py:151} INFO - [2023-09-15T14:00:32.717+0800] {dagbag.py:539} INFO - Filling up the DagBag from /opt/homebrew/lib/python3.11/site-packages/airflow/example_dags/example_branch_labels.py
[2023-09-15T14:00:32.733+0800] {processor.py:839} INFO - DAG(s) dict_keys(['example_branch_labels']) retrieved from /opt/homebrew/lib/python3.11/site-packages/airflow/example_dags/example_branch_labels.py
[2023-09-15T14:00:32.830+0800] {logging_mixin.py:151} INFO - [2023-09-15T14:00:32.830+0800] {dag.py:2915} INFO - Sync 1 DAGs
[2023-09-15T14:00:32.839+0800] {logging_mixin.py:151} INFO - [2023-09-15T14:00:32.839+0800] {dag.py:3696} INFO - Setting next_dagrun for example_branch_labels to 2023-09-14T00:00:00+00:00, run_after=2023-09-15T00:00:00+00:00
[2023-09-15T14:00:32.849+0800] {processor.py:179} INFO - Processing /opt/homebrew/lib/python3.11/site-packages/airflow/example_dags/example_branch_labels.py took 0.134 seconds
[2023-09-15T16:05:45.010+0800] {processor.py:157} INFO - Started process (PID=76474) to work on /opt/homebrew/lib/python3.11/site-packages/airflow/example_dags/example_branch_labels.py
[2023-09-15T16:05:45.011+0800] {processor.py:829} INFO - Processing file /opt/homebrew/lib/python3.11/site-packages/airflow/example_dags/example_branch_labels.py for tasks to queue
[2023-09-15T16:05:45.011+0800] {logging_mixin.py:151} INFO - [2023-09-15T16:05:45.011+0800] {dagbag.py:539} INFO - Filling up the DagBag from /opt/homebrew/lib/python3.11/site-packages/airflow/example_dags/example_branch_labels.py
[2023-09-15T16:05:45.028+0800] {processor.py:839} INFO - DAG(s) dict_keys(['example_branch_labels']) retrieved from /opt/homebrew/lib/python3.11/site-packages/airflow/example_dags/example_branch_labels.py
[2023-09-15T16:05:45.124+0800] {logging_mixin.py:151} INFO - [2023-09-15T16:05:45.124+0800] {dag.py:2915} INFO - Sync 1 DAGs
[2023-09-15T16:05:45.133+0800] {logging_mixin.py:151} INFO - [2023-09-15T16:05:45.133+0800] {dag.py:3696} INFO - Setting next_dagrun for example_branch_labels to 2023-09-14T00:00:00+00:00, run_after=2023-09-15T00:00:00+00:00
[2023-09-15T16:05:45.144+0800] {processor.py:179} INFO - Processing /opt/homebrew/lib/python3.11/site-packages/airflow/example_dags/example_branch_labels.py took 0.134 seconds
[2023-09-15T16:07:33.532+0800] {processor.py:157} INFO - Started process (PID=76697) to work on /opt/homebrew/lib/python3.11/site-packages/airflow/example_dags/example_branch_labels.py
[2023-09-15T16:07:33.533+0800] {processor.py:829} INFO - Processing file /opt/homebrew/lib/python3.11/site-packages/airflow/example_dags/example_branch_labels.py for tasks to queue
[2023-09-15T16:07:33.533+0800] {logging_mixin.py:151} INFO - [2023-09-15T16:07:33.533+0800] {dagbag.py:539} INFO - Filling up the DagBag from /opt/homebrew/lib/python3.11/site-packages/airflow/example_dags/example_branch_labels.py
[2023-09-15T16:07:33.550+0800] {processor.py:839} INFO - DAG(s) dict_keys(['example_branch_labels']) retrieved from /opt/homebrew/lib/python3.11/site-packages/airflow/example_dags/example_branch_labels.py
[2023-09-15T16:07:33.645+0800] {logging_mixin.py:151} INFO - [2023-09-15T16:07:33.644+0800] {dag.py:2915} INFO - Sync 1 DAGs
[2023-09-15T16:07:33.654+0800] {logging_mixin.py:151} INFO - [2023-09-15T16:07:33.654+0800] {dag.py:3696} INFO - Setting next_dagrun for example_branch_labels to 2023-09-14T00:00:00+00:00, run_after=2023-09-15T00:00:00+00:00
[2023-09-15T16:07:33.664+0800] {processor.py:179} INFO - Processing /opt/homebrew/lib/python3.11/site-packages/airflow/example_dags/example_branch_labels.py took 0.133 seconds
[2023-09-15T16:09:16.589+0800] {processor.py:157} INFO - Started process (PID=76913) to work on /opt/homebrew/lib/python3.11/site-packages/airflow/example_dags/example_branch_labels.py
[2023-09-15T16:09:16.589+0800] {processor.py:829} INFO - Processing file /opt/homebrew/lib/python3.11/site-packages/airflow/example_dags/example_branch_labels.py for tasks to queue
[2023-09-15T16:09:16.590+0800] {logging_mixin.py:151} INFO - [2023-09-15T16:09:16.590+0800] {dagbag.py:539} INFO - Filling up the DagBag from /opt/homebrew/lib/python3.11/site-packages/airflow/example_dags/example_branch_labels.py
[2023-09-15T16:09:16.606+0800] {processor.py:839} INFO - DAG(s) dict_keys(['example_branch_labels']) retrieved from /opt/homebrew/lib/python3.11/site-packages/airflow/example_dags/example_branch_labels.py
[2023-09-15T16:09:16.705+0800] {logging_mixin.py:151} INFO - [2023-09-15T16:09:16.704+0800] {dag.py:2915} INFO - Sync 1 DAGs
[2023-09-15T16:09:16.714+0800] {logging_mixin.py:151} INFO - [2023-09-15T16:09:16.714+0800] {dag.py:3696} INFO - Setting next_dagrun for example_branch_labels to 2023-09-14T00:00:00+00:00, run_after=2023-09-15T00:00:00+00:00
[2023-09-15T16:09:16.724+0800] {processor.py:179} INFO - Processing /opt/homebrew/lib/python3.11/site-packages/airflow/example_dags/example_branch_labels.py took 0.136 seconds
[2023-09-15T16:10:59.516+0800] {processor.py:157} INFO - Started process (PID=77099) to work on /opt/homebrew/lib/python3.11/site-packages/airflow/example_dags/example_branch_labels.py
[2023-09-15T16:10:59.517+0800] {processor.py:829} INFO - Processing file /opt/homebrew/lib/python3.11/site-packages/airflow/example_dags/example_branch_labels.py for tasks to queue
[2023-09-15T16:10:59.517+0800] {logging_mixin.py:151} INFO - [2023-09-15T16:10:59.517+0800] {dagbag.py:539} INFO - Filling up the DagBag from /opt/homebrew/lib/python3.11/site-packages/airflow/example_dags/example_branch_labels.py
[2023-09-15T16:10:59.536+0800] {processor.py:839} INFO - DAG(s) dict_keys(['example_branch_labels']) retrieved from /opt/homebrew/lib/python3.11/site-packages/airflow/example_dags/example_branch_labels.py
[2023-09-15T16:10:59.637+0800] {logging_mixin.py:151} INFO - [2023-09-15T16:10:59.637+0800] {dag.py:2915} INFO - Sync 1 DAGs
[2023-09-15T16:10:59.646+0800] {logging_mixin.py:151} INFO - [2023-09-15T16:10:59.646+0800] {dag.py:3696} INFO - Setting next_dagrun for example_branch_labels to 2023-09-14T00:00:00+00:00, run_after=2023-09-15T00:00:00+00:00
[2023-09-15T16:10:59.656+0800] {processor.py:179} INFO - Processing /opt/homebrew/lib/python3.11/site-packages/airflow/example_dags/example_branch_labels.py took 0.141 seconds
[2023-09-15T16:12:46.838+0800] {processor.py:157} INFO - Started process (PID=77301) to work on /opt/homebrew/lib/python3.11/site-packages/airflow/example_dags/example_branch_labels.py
[2023-09-15T16:12:46.839+0800] {processor.py:829} INFO - Processing file /opt/homebrew/lib/python3.11/site-packages/airflow/example_dags/example_branch_labels.py for tasks to queue
[2023-09-15T16:12:46.839+0800] {logging_mixin.py:151} INFO - [2023-09-15T16:12:46.839+0800] {dagbag.py:539} INFO - Filling up the DagBag from /opt/homebrew/lib/python3.11/site-packages/airflow/example_dags/example_branch_labels.py
[2023-09-15T16:12:46.855+0800] {processor.py:839} INFO - DAG(s) dict_keys(['example_branch_labels']) retrieved from /opt/homebrew/lib/python3.11/site-packages/airflow/example_dags/example_branch_labels.py
[2023-09-15T16:12:46.951+0800] {logging_mixin.py:151} INFO - [2023-09-15T16:12:46.951+0800] {dag.py:2915} INFO - Sync 1 DAGs
[2023-09-15T16:12:46.960+0800] {logging_mixin.py:151} INFO - [2023-09-15T16:12:46.960+0800] {dag.py:3696} INFO - Setting next_dagrun for example_branch_labels to 2023-09-14T00:00:00+00:00, run_after=2023-09-15T00:00:00+00:00
[2023-09-15T16:12:46.970+0800] {processor.py:179} INFO - Processing /opt/homebrew/lib/python3.11/site-packages/airflow/example_dags/example_branch_labels.py took 0.132 seconds
[2023-09-15T16:14:32.573+0800] {processor.py:157} INFO - Started process (PID=77493) to work on /opt/homebrew/lib/python3.11/site-packages/airflow/example_dags/example_branch_labels.py
[2023-09-15T16:14:32.573+0800] {processor.py:829} INFO - Processing file /opt/homebrew/lib/python3.11/site-packages/airflow/example_dags/example_branch_labels.py for tasks to queue
[2023-09-15T16:14:32.573+0800] {logging_mixin.py:151} INFO - [2023-09-15T16:14:32.573+0800] {dagbag.py:539} INFO - Filling up the DagBag from /opt/homebrew/lib/python3.11/site-packages/airflow/example_dags/example_branch_labels.py
[2023-09-15T16:14:32.589+0800] {processor.py:839} INFO - DAG(s) dict_keys(['example_branch_labels']) retrieved from /opt/homebrew/lib/python3.11/site-packages/airflow/example_dags/example_branch_labels.py
[2023-09-15T16:14:32.684+0800] {logging_mixin.py:151} INFO - [2023-09-15T16:14:32.684+0800] {dag.py:2915} INFO - Sync 1 DAGs
[2023-09-15T16:14:32.693+0800] {logging_mixin.py:151} INFO - [2023-09-15T16:14:32.693+0800] {dag.py:3696} INFO - Setting next_dagrun for example_branch_labels to 2023-09-14T00:00:00+00:00, run_after=2023-09-15T00:00:00+00:00
[2023-09-15T16:14:32.704+0800] {processor.py:179} INFO - Processing /opt/homebrew/lib/python3.11/site-packages/airflow/example_dags/example_branch_labels.py took 0.132 seconds
[2023-09-15T16:16:16.885+0800] {processor.py:157} INFO - Started process (PID=77688) to work on /opt/homebrew/lib/python3.11/site-packages/airflow/example_dags/example_branch_labels.py
[2023-09-15T16:16:16.885+0800] {processor.py:829} INFO - Processing file /opt/homebrew/lib/python3.11/site-packages/airflow/example_dags/example_branch_labels.py for tasks to queue
[2023-09-15T16:16:16.885+0800] {logging_mixin.py:151} INFO - [2023-09-15T16:16:16.885+0800] {dagbag.py:539} INFO - Filling up the DagBag from /opt/homebrew/lib/python3.11/site-packages/airflow/example_dags/example_branch_labels.py
[2023-09-15T16:16:16.901+0800] {processor.py:839} INFO - DAG(s) dict_keys(['example_branch_labels']) retrieved from /opt/homebrew/lib/python3.11/site-packages/airflow/example_dags/example_branch_labels.py
[2023-09-15T16:16:16.997+0800] {logging_mixin.py:151} INFO - [2023-09-15T16:16:16.997+0800] {dag.py:2915} INFO - Sync 1 DAGs
[2023-09-15T16:16:17.006+0800] {logging_mixin.py:151} INFO - [2023-09-15T16:16:17.006+0800] {dag.py:3696} INFO - Setting next_dagrun for example_branch_labels to 2023-09-14T00:00:00+00:00, run_after=2023-09-15T00:00:00+00:00
[2023-09-15T16:16:17.016+0800] {processor.py:179} INFO - Processing /opt/homebrew/lib/python3.11/site-packages/airflow/example_dags/example_branch_labels.py took 0.132 seconds
[2023-09-15T16:18:00.649+0800] {processor.py:157} INFO - Started process (PID=77876) to work on /opt/homebrew/lib/python3.11/site-packages/airflow/example_dags/example_branch_labels.py
[2023-09-15T16:18:00.650+0800] {processor.py:829} INFO - Processing file /opt/homebrew/lib/python3.11/site-packages/airflow/example_dags/example_branch_labels.py for tasks to queue
[2023-09-15T16:18:00.650+0800] {logging_mixin.py:151} INFO - [2023-09-15T16:18:00.650+0800] {dagbag.py:539} INFO - Filling up the DagBag from /opt/homebrew/lib/python3.11/site-packages/airflow/example_dags/example_branch_labels.py
[2023-09-15T16:18:00.666+0800] {processor.py:839} INFO - DAG(s) dict_keys(['example_branch_labels']) retrieved from /opt/homebrew/lib/python3.11/site-packages/airflow/example_dags/example_branch_labels.py
[2023-09-15T16:18:00.761+0800] {logging_mixin.py:151} INFO - [2023-09-15T16:18:00.761+0800] {dag.py:2915} INFO - Sync 1 DAGs
[2023-09-15T16:18:00.770+0800] {logging_mixin.py:151} INFO - [2023-09-15T16:18:00.770+0800] {dag.py:3696} INFO - Setting next_dagrun for example_branch_labels to 2023-09-14T00:00:00+00:00, run_after=2023-09-15T00:00:00+00:00
[2023-09-15T16:18:00.780+0800] {processor.py:179} INFO - Processing /opt/homebrew/lib/python3.11/site-packages/airflow/example_dags/example_branch_labels.py took 0.132 seconds
[2023-09-15T16:19:45.392+0800] {processor.py:157} INFO - Started process (PID=78061) to work on /opt/homebrew/lib/python3.11/site-packages/airflow/example_dags/example_branch_labels.py
[2023-09-15T16:19:45.392+0800] {processor.py:829} INFO - Processing file /opt/homebrew/lib/python3.11/site-packages/airflow/example_dags/example_branch_labels.py for tasks to queue
[2023-09-15T16:19:45.393+0800] {logging_mixin.py:151} INFO - [2023-09-15T16:19:45.393+0800] {dagbag.py:539} INFO - Filling up the DagBag from /opt/homebrew/lib/python3.11/site-packages/airflow/example_dags/example_branch_labels.py
[2023-09-15T16:19:45.409+0800] {processor.py:839} INFO - DAG(s) dict_keys(['example_branch_labels']) retrieved from /opt/homebrew/lib/python3.11/site-packages/airflow/example_dags/example_branch_labels.py
[2023-09-15T16:19:45.503+0800] {logging_mixin.py:151} INFO - [2023-09-15T16:19:45.503+0800] {dag.py:2915} INFO - Sync 1 DAGs
[2023-09-15T16:19:45.513+0800] {logging_mixin.py:151} INFO - [2023-09-15T16:19:45.512+0800] {dag.py:3696} INFO - Setting next_dagrun for example_branch_labels to 2023-09-14T00:00:00+00:00, run_after=2023-09-15T00:00:00+00:00
[2023-09-15T16:19:45.523+0800] {processor.py:179} INFO - Processing /opt/homebrew/lib/python3.11/site-packages/airflow/example_dags/example_branch_labels.py took 0.132 seconds
[2023-09-15T16:21:32.472+0800] {processor.py:157} INFO - Started process (PID=78253) to work on /opt/homebrew/lib/python3.11/site-packages/airflow/example_dags/example_branch_labels.py
[2023-09-15T16:21:32.473+0800] {processor.py:829} INFO - Processing file /opt/homebrew/lib/python3.11/site-packages/airflow/example_dags/example_branch_labels.py for tasks to queue
[2023-09-15T16:21:32.473+0800] {logging_mixin.py:151} INFO - [2023-09-15T16:21:32.473+0800] {dagbag.py:539} INFO - Filling up the DagBag from /opt/homebrew/lib/python3.11/site-packages/airflow/example_dags/example_branch_labels.py
[2023-09-15T16:21:32.489+0800] {processor.py:839} INFO - DAG(s) dict_keys(['example_branch_labels']) retrieved from /opt/homebrew/lib/python3.11/site-packages/airflow/example_dags/example_branch_labels.py
[2023-09-15T16:21:32.584+0800] {logging_mixin.py:151} INFO - [2023-09-15T16:21:32.583+0800] {dag.py:2915} INFO - Sync 1 DAGs
[2023-09-15T16:21:32.593+0800] {logging_mixin.py:151} INFO - [2023-09-15T16:21:32.593+0800] {dag.py:3696} INFO - Setting next_dagrun for example_branch_labels to 2023-09-14T00:00:00+00:00, run_after=2023-09-15T00:00:00+00:00
[2023-09-15T16:21:32.603+0800] {processor.py:179} INFO - Processing /opt/homebrew/lib/python3.11/site-packages/airflow/example_dags/example_branch_labels.py took 0.131 seconds
[2023-09-15T16:23:15.828+0800] {processor.py:157} INFO - Started process (PID=78439) to work on /opt/homebrew/lib/python3.11/site-packages/airflow/example_dags/example_branch_labels.py
[2023-09-15T16:23:15.829+0800] {processor.py:829} INFO - Processing file /opt/homebrew/lib/python3.11/site-packages/airflow/example_dags/example_branch_labels.py for tasks to queue
[2023-09-15T16:23:15.829+0800] {logging_mixin.py:151} INFO - [2023-09-15T16:23:15.829+0800] {dagbag.py:539} INFO - Filling up the DagBag from /opt/homebrew/lib/python3.11/site-packages/airflow/example_dags/example_branch_labels.py
[2023-09-15T16:23:15.845+0800] {processor.py:839} INFO - DAG(s) dict_keys(['example_branch_labels']) retrieved from /opt/homebrew/lib/python3.11/site-packages/airflow/example_dags/example_branch_labels.py
[2023-09-15T16:23:15.940+0800] {logging_mixin.py:151} INFO - [2023-09-15T16:23:15.940+0800] {dag.py:2915} INFO - Sync 1 DAGs
[2023-09-15T16:23:15.949+0800] {logging_mixin.py:151} INFO - [2023-09-15T16:23:15.949+0800] {dag.py:3696} INFO - Setting next_dagrun for example_branch_labels to 2023-09-14T00:00:00+00:00, run_after=2023-09-15T00:00:00+00:00
[2023-09-15T16:23:15.959+0800] {processor.py:179} INFO - Processing /opt/homebrew/lib/python3.11/site-packages/airflow/example_dags/example_branch_labels.py took 0.132 seconds
[2023-09-15T16:24:59.054+0800] {processor.py:157} INFO - Started process (PID=78631) to work on /opt/homebrew/lib/python3.11/site-packages/airflow/example_dags/example_branch_labels.py
[2023-09-15T16:24:59.055+0800] {processor.py:829} INFO - Processing file /opt/homebrew/lib/python3.11/site-packages/airflow/example_dags/example_branch_labels.py for tasks to queue
[2023-09-15T16:24:59.055+0800] {logging_mixin.py:151} INFO - [2023-09-15T16:24:59.055+0800] {dagbag.py:539} INFO - Filling up the DagBag from /opt/homebrew/lib/python3.11/site-packages/airflow/example_dags/example_branch_labels.py
[2023-09-15T16:24:59.071+0800] {processor.py:839} INFO - DAG(s) dict_keys(['example_branch_labels']) retrieved from /opt/homebrew/lib/python3.11/site-packages/airflow/example_dags/example_branch_labels.py
[2023-09-15T16:24:59.167+0800] {logging_mixin.py:151} INFO - [2023-09-15T16:24:59.167+0800] {dag.py:2915} INFO - Sync 1 DAGs
[2023-09-15T16:24:59.176+0800] {logging_mixin.py:151} INFO - [2023-09-15T16:24:59.176+0800] {dag.py:3696} INFO - Setting next_dagrun for example_branch_labels to 2023-09-14T00:00:00+00:00, run_after=2023-09-15T00:00:00+00:00
[2023-09-15T16:24:59.187+0800] {processor.py:179} INFO - Processing /opt/homebrew/lib/python3.11/site-packages/airflow/example_dags/example_branch_labels.py took 0.133 seconds
[2023-09-15T16:26:43.688+0800] {processor.py:157} INFO - Started process (PID=78815) to work on /opt/homebrew/lib/python3.11/site-packages/airflow/example_dags/example_branch_labels.py
[2023-09-15T16:26:43.689+0800] {processor.py:829} INFO - Processing file /opt/homebrew/lib/python3.11/site-packages/airflow/example_dags/example_branch_labels.py for tasks to queue
[2023-09-15T16:26:43.689+0800] {logging_mixin.py:151} INFO - [2023-09-15T16:26:43.689+0800] {dagbag.py:539} INFO - Filling up the DagBag from /opt/homebrew/lib/python3.11/site-packages/airflow/example_dags/example_branch_labels.py
[2023-09-15T16:26:43.706+0800] {processor.py:839} INFO - DAG(s) dict_keys(['example_branch_labels']) retrieved from /opt/homebrew/lib/python3.11/site-packages/airflow/example_dags/example_branch_labels.py
[2023-09-15T16:26:43.807+0800] {logging_mixin.py:151} INFO - [2023-09-15T16:26:43.807+0800] {dag.py:2915} INFO - Sync 1 DAGs
[2023-09-15T16:26:43.817+0800] {logging_mixin.py:151} INFO - [2023-09-15T16:26:43.816+0800] {dag.py:3696} INFO - Setting next_dagrun for example_branch_labels to 2023-09-14T00:00:00+00:00, run_after=2023-09-15T00:00:00+00:00
[2023-09-15T16:26:43.828+0800] {processor.py:179} INFO - Processing /opt/homebrew/lib/python3.11/site-packages/airflow/example_dags/example_branch_labels.py took 0.140 seconds
[2023-09-15T16:28:23.245+0800] {processor.py:157} INFO - Started process (PID=78992) to work on /opt/homebrew/lib/python3.11/site-packages/airflow/example_dags/example_branch_labels.py
[2023-09-15T16:28:23.247+0800] {processor.py:829} INFO - Processing file /opt/homebrew/lib/python3.11/site-packages/airflow/example_dags/example_branch_labels.py for tasks to queue
[2023-09-15T16:28:23.247+0800] {logging_mixin.py:151} INFO - [2023-09-15T16:28:23.247+0800] {dagbag.py:539} INFO - Filling up the DagBag from /opt/homebrew/lib/python3.11/site-packages/airflow/example_dags/example_branch_labels.py
[2023-09-15T16:28:23.263+0800] {processor.py:839} INFO - DAG(s) dict_keys(['example_branch_labels']) retrieved from /opt/homebrew/lib/python3.11/site-packages/airflow/example_dags/example_branch_labels.py
[2023-09-15T16:28:23.358+0800] {logging_mixin.py:151} INFO - [2023-09-15T16:28:23.358+0800] {dag.py:2915} INFO - Sync 1 DAGs
[2023-09-15T16:28:23.367+0800] {logging_mixin.py:151} INFO - [2023-09-15T16:28:23.367+0800] {dag.py:3696} INFO - Setting next_dagrun for example_branch_labels to 2023-09-14T00:00:00+00:00, run_after=2023-09-15T00:00:00+00:00
[2023-09-15T16:28:23.377+0800] {processor.py:179} INFO - Processing /opt/homebrew/lib/python3.11/site-packages/airflow/example_dags/example_branch_labels.py took 0.133 seconds
[2023-09-15T16:30:02.333+0800] {processor.py:157} INFO - Started process (PID=79197) to work on /opt/homebrew/lib/python3.11/site-packages/airflow/example_dags/example_branch_labels.py
[2023-09-15T16:30:02.334+0800] {processor.py:829} INFO - Processing file /opt/homebrew/lib/python3.11/site-packages/airflow/example_dags/example_branch_labels.py for tasks to queue
[2023-09-15T16:30:02.334+0800] {logging_mixin.py:151} INFO - [2023-09-15T16:30:02.334+0800] {dagbag.py:539} INFO - Filling up the DagBag from /opt/homebrew/lib/python3.11/site-packages/airflow/example_dags/example_branch_labels.py
[2023-09-15T16:30:02.350+0800] {processor.py:839} INFO - DAG(s) dict_keys(['example_branch_labels']) retrieved from /opt/homebrew/lib/python3.11/site-packages/airflow/example_dags/example_branch_labels.py
[2023-09-15T16:30:02.448+0800] {logging_mixin.py:151} INFO - [2023-09-15T16:30:02.448+0800] {dag.py:2915} INFO - Sync 1 DAGs
[2023-09-15T16:30:02.458+0800] {logging_mixin.py:151} INFO - [2023-09-15T16:30:02.458+0800] {dag.py:3696} INFO - Setting next_dagrun for example_branch_labels to 2023-09-14T00:00:00+00:00, run_after=2023-09-15T00:00:00+00:00
[2023-09-15T16:30:02.468+0800] {processor.py:179} INFO - Processing /opt/homebrew/lib/python3.11/site-packages/airflow/example_dags/example_branch_labels.py took 0.135 seconds
