[2023-09-15T10:00:55.790+0800] {processor.py:157} INFO - Started process (PID=75812) to work on /opt/homebrew/lib/python3.11/site-packages/airflow/example_dags/example_params_trigger_ui.py
[2023-09-15T10:00:55.790+0800] {processor.py:829} INFO - Processing file /opt/homebrew/lib/python3.11/site-packages/airflow/example_dags/example_params_trigger_ui.py for tasks to queue
[2023-09-15T10:00:55.790+0800] {logging_mixin.py:151} INFO - [2023-09-15T10:00:55.790+0800] {dagbag.py:539} INFO - Filling up the DagBag from /opt/homebrew/lib/python3.11/site-packages/airflow/example_dags/example_params_trigger_ui.py
[2023-09-15T10:00:55.849+0800] {processor.py:839} INFO - DAG(s) dict_keys(['example_params_trigger_ui']) retrieved from /opt/homebrew/lib/python3.11/site-packages/airflow/example_dags/example_params_trigger_ui.py
[2023-09-15T10:00:55.931+0800] {logging_mixin.py:151} INFO - [2023-09-15T10:00:55.931+0800] {dag.py:2915} INFO - Sync 1 DAGs
[2023-09-15T10:00:55.936+0800] {logging_mixin.py:151} INFO - [2023-09-15T10:00:55.935+0800] {dag.py:3696} INFO - Setting next_dagrun for example_params_trigger_ui to None, run_after=None
[2023-09-15T10:00:55.946+0800] {processor.py:179} INFO - Processing /opt/homebrew/lib/python3.11/site-packages/airflow/example_dags/example_params_trigger_ui.py took 0.156 seconds
[2023-09-15T12:53:01.383+0800] {processor.py:157} INFO - Started process (PID=76109) to work on /opt/homebrew/lib/python3.11/site-packages/airflow/example_dags/example_params_trigger_ui.py
[2023-09-15T12:53:01.384+0800] {processor.py:829} INFO - Processing file /opt/homebrew/lib/python3.11/site-packages/airflow/example_dags/example_params_trigger_ui.py for tasks to queue
[2023-09-15T12:53:01.385+0800] {logging_mixin.py:151} INFO - [2023-09-15T12:53:01.384+0800] {dagbag.py:539} INFO - Filling up the DagBag from /opt/homebrew/lib/python3.11/site-packages/airflow/example_dags/example_params_trigger_ui.py
[2023-09-15T12:53:01.442+0800] {processor.py:839} INFO - DAG(s) dict_keys(['example_params_trigger_ui']) retrieved from /opt/homebrew/lib/python3.11/site-packages/airflow/example_dags/example_params_trigger_ui.py
[2023-09-15T12:53:01.523+0800] {logging_mixin.py:151} INFO - [2023-09-15T12:53:01.523+0800] {dag.py:2915} INFO - Sync 1 DAGs
[2023-09-15T12:53:01.528+0800] {logging_mixin.py:151} INFO - [2023-09-15T12:53:01.528+0800] {dag.py:3696} INFO - Setting next_dagrun for example_params_trigger_ui to None, run_after=None
[2023-09-15T12:53:01.538+0800] {processor.py:179} INFO - Processing /opt/homebrew/lib/python3.11/site-packages/airflow/example_dags/example_params_trigger_ui.py took 0.155 seconds
[2023-09-15T16:00:13.634+0800] {processor.py:157} INFO - Started process (PID=76408) to work on /opt/homebrew/lib/python3.11/site-packages/airflow/example_dags/example_params_trigger_ui.py
[2023-09-15T16:00:13.635+0800] {processor.py:829} INFO - Processing file /opt/homebrew/lib/python3.11/site-packages/airflow/example_dags/example_params_trigger_ui.py for tasks to queue
[2023-09-15T16:00:13.635+0800] {logging_mixin.py:151} INFO - [2023-09-15T16:00:13.635+0800] {dagbag.py:539} INFO - Filling up the DagBag from /opt/homebrew/lib/python3.11/site-packages/airflow/example_dags/example_params_trigger_ui.py
[2023-09-15T16:00:13.694+0800] {processor.py:839} INFO - DAG(s) dict_keys(['example_params_trigger_ui']) retrieved from /opt/homebrew/lib/python3.11/site-packages/airflow/example_dags/example_params_trigger_ui.py
[2023-09-15T16:00:13.775+0800] {logging_mixin.py:151} INFO - [2023-09-15T16:00:13.775+0800] {dag.py:2915} INFO - Sync 1 DAGs
[2023-09-15T16:00:13.779+0800] {logging_mixin.py:151} INFO - [2023-09-15T16:00:13.779+0800] {dag.py:3696} INFO - Setting next_dagrun for example_params_trigger_ui to None, run_after=None
[2023-09-15T16:00:13.790+0800] {processor.py:179} INFO - Processing /opt/homebrew/lib/python3.11/site-packages/airflow/example_dags/example_params_trigger_ui.py took 0.156 seconds
[2023-09-15T16:06:42.056+0800] {processor.py:157} INFO - Started process (PID=76573) to work on /opt/homebrew/lib/python3.11/site-packages/airflow/example_dags/example_params_trigger_ui.py
[2023-09-15T16:06:42.057+0800] {processor.py:829} INFO - Processing file /opt/homebrew/lib/python3.11/site-packages/airflow/example_dags/example_params_trigger_ui.py for tasks to queue
[2023-09-15T16:06:42.059+0800] {logging_mixin.py:151} INFO - [2023-09-15T16:06:42.058+0800] {dagbag.py:539} INFO - Filling up the DagBag from /opt/homebrew/lib/python3.11/site-packages/airflow/example_dags/example_params_trigger_ui.py
[2023-09-15T16:06:42.116+0800] {processor.py:839} INFO - DAG(s) dict_keys(['example_params_trigger_ui']) retrieved from /opt/homebrew/lib/python3.11/site-packages/airflow/example_dags/example_params_trigger_ui.py
[2023-09-15T16:06:42.202+0800] {logging_mixin.py:151} INFO - [2023-09-15T16:06:42.202+0800] {dag.py:2915} INFO - Sync 1 DAGs
[2023-09-15T16:06:42.207+0800] {logging_mixin.py:151} INFO - [2023-09-15T16:06:42.207+0800] {dag.py:3696} INFO - Setting next_dagrun for example_params_trigger_ui to None, run_after=None
[2023-09-15T16:06:42.217+0800] {processor.py:179} INFO - Processing /opt/homebrew/lib/python3.11/site-packages/airflow/example_dags/example_params_trigger_ui.py took 0.162 seconds
[2023-09-15T16:08:24.701+0800] {processor.py:157} INFO - Started process (PID=76798) to work on /opt/homebrew/lib/python3.11/site-packages/airflow/example_dags/example_params_trigger_ui.py
[2023-09-15T16:08:24.702+0800] {processor.py:829} INFO - Processing file /opt/homebrew/lib/python3.11/site-packages/airflow/example_dags/example_params_trigger_ui.py for tasks to queue
[2023-09-15T16:08:24.702+0800] {logging_mixin.py:151} INFO - [2023-09-15T16:08:24.702+0800] {dagbag.py:539} INFO - Filling up the DagBag from /opt/homebrew/lib/python3.11/site-packages/airflow/example_dags/example_params_trigger_ui.py
[2023-09-15T16:08:24.760+0800] {processor.py:839} INFO - DAG(s) dict_keys(['example_params_trigger_ui']) retrieved from /opt/homebrew/lib/python3.11/site-packages/airflow/example_dags/example_params_trigger_ui.py
[2023-09-15T16:08:24.841+0800] {logging_mixin.py:151} INFO - [2023-09-15T16:08:24.841+0800] {dag.py:2915} INFO - Sync 1 DAGs
[2023-09-15T16:08:24.845+0800] {logging_mixin.py:151} INFO - [2023-09-15T16:08:24.845+0800] {dag.py:3696} INFO - Setting next_dagrun for example_params_trigger_ui to None, run_after=None
[2023-09-15T16:08:24.856+0800] {processor.py:179} INFO - Processing /opt/homebrew/lib/python3.11/site-packages/airflow/example_dags/example_params_trigger_ui.py took 0.155 seconds
[2023-09-15T16:10:12.008+0800] {processor.py:157} INFO - Started process (PID=77015) to work on /opt/homebrew/lib/python3.11/site-packages/airflow/example_dags/example_params_trigger_ui.py
[2023-09-15T16:10:12.009+0800] {processor.py:829} INFO - Processing file /opt/homebrew/lib/python3.11/site-packages/airflow/example_dags/example_params_trigger_ui.py for tasks to queue
[2023-09-15T16:10:12.009+0800] {logging_mixin.py:151} INFO - [2023-09-15T16:10:12.009+0800] {dagbag.py:539} INFO - Filling up the DagBag from /opt/homebrew/lib/python3.11/site-packages/airflow/example_dags/example_params_trigger_ui.py
[2023-09-15T16:10:12.067+0800] {processor.py:839} INFO - DAG(s) dict_keys(['example_params_trigger_ui']) retrieved from /opt/homebrew/lib/python3.11/site-packages/airflow/example_dags/example_params_trigger_ui.py
[2023-09-15T16:10:12.149+0800] {logging_mixin.py:151} INFO - [2023-09-15T16:10:12.148+0800] {dag.py:2915} INFO - Sync 1 DAGs
[2023-09-15T16:10:12.153+0800] {logging_mixin.py:151} INFO - [2023-09-15T16:10:12.153+0800] {dag.py:3696} INFO - Setting next_dagrun for example_params_trigger_ui to None, run_after=None
[2023-09-15T16:10:12.163+0800] {processor.py:179} INFO - Processing /opt/homebrew/lib/python3.11/site-packages/airflow/example_dags/example_params_trigger_ui.py took 0.156 seconds
[2023-09-15T16:11:55.547+0800] {processor.py:157} INFO - Started process (PID=77207) to work on /opt/homebrew/lib/python3.11/site-packages/airflow/example_dags/example_params_trigger_ui.py
[2023-09-15T16:11:55.547+0800] {processor.py:829} INFO - Processing file /opt/homebrew/lib/python3.11/site-packages/airflow/example_dags/example_params_trigger_ui.py for tasks to queue
[2023-09-15T16:11:55.548+0800] {logging_mixin.py:151} INFO - [2023-09-15T16:11:55.547+0800] {dagbag.py:539} INFO - Filling up the DagBag from /opt/homebrew/lib/python3.11/site-packages/airflow/example_dags/example_params_trigger_ui.py
[2023-09-15T16:11:55.605+0800] {processor.py:839} INFO - DAG(s) dict_keys(['example_params_trigger_ui']) retrieved from /opt/homebrew/lib/python3.11/site-packages/airflow/example_dags/example_params_trigger_ui.py
[2023-09-15T16:11:55.686+0800] {logging_mixin.py:151} INFO - [2023-09-15T16:11:55.686+0800] {dag.py:2915} INFO - Sync 1 DAGs
[2023-09-15T16:11:55.691+0800] {logging_mixin.py:151} INFO - [2023-09-15T16:11:55.691+0800] {dag.py:3696} INFO - Setting next_dagrun for example_params_trigger_ui to None, run_after=None
[2023-09-15T16:11:55.701+0800] {processor.py:179} INFO - Processing /opt/homebrew/lib/python3.11/site-packages/airflow/example_dags/example_params_trigger_ui.py took 0.155 seconds
[2023-09-15T16:13:41.450+0800] {processor.py:157} INFO - Started process (PID=77402) to work on /opt/homebrew/lib/python3.11/site-packages/airflow/example_dags/example_params_trigger_ui.py
[2023-09-15T16:13:41.451+0800] {processor.py:829} INFO - Processing file /opt/homebrew/lib/python3.11/site-packages/airflow/example_dags/example_params_trigger_ui.py for tasks to queue
[2023-09-15T16:13:41.451+0800] {logging_mixin.py:151} INFO - [2023-09-15T16:13:41.451+0800] {dagbag.py:539} INFO - Filling up the DagBag from /opt/homebrew/lib/python3.11/site-packages/airflow/example_dags/example_params_trigger_ui.py
[2023-09-15T16:13:41.509+0800] {processor.py:839} INFO - DAG(s) dict_keys(['example_params_trigger_ui']) retrieved from /opt/homebrew/lib/python3.11/site-packages/airflow/example_dags/example_params_trigger_ui.py
[2023-09-15T16:13:41.590+0800] {logging_mixin.py:151} INFO - [2023-09-15T16:13:41.590+0800] {dag.py:2915} INFO - Sync 1 DAGs
[2023-09-15T16:13:41.594+0800] {logging_mixin.py:151} INFO - [2023-09-15T16:13:41.594+0800] {dag.py:3696} INFO - Setting next_dagrun for example_params_trigger_ui to None, run_after=None
[2023-09-15T16:13:41.604+0800] {processor.py:179} INFO - Processing /opt/homebrew/lib/python3.11/site-packages/airflow/example_dags/example_params_trigger_ui.py took 0.154 seconds
[2023-09-15T16:15:26.701+0800] {processor.py:157} INFO - Started process (PID=77588) to work on /opt/homebrew/lib/python3.11/site-packages/airflow/example_dags/example_params_trigger_ui.py
[2023-09-15T16:15:26.701+0800] {processor.py:829} INFO - Processing file /opt/homebrew/lib/python3.11/site-packages/airflow/example_dags/example_params_trigger_ui.py for tasks to queue
[2023-09-15T16:15:26.702+0800] {logging_mixin.py:151} INFO - [2023-09-15T16:15:26.701+0800] {dagbag.py:539} INFO - Filling up the DagBag from /opt/homebrew/lib/python3.11/site-packages/airflow/example_dags/example_params_trigger_ui.py
[2023-09-15T16:15:26.759+0800] {processor.py:839} INFO - DAG(s) dict_keys(['example_params_trigger_ui']) retrieved from /opt/homebrew/lib/python3.11/site-packages/airflow/example_dags/example_params_trigger_ui.py
[2023-09-15T16:15:26.840+0800] {logging_mixin.py:151} INFO - [2023-09-15T16:15:26.840+0800] {dag.py:2915} INFO - Sync 1 DAGs
[2023-09-15T16:15:26.845+0800] {logging_mixin.py:151} INFO - [2023-09-15T16:15:26.845+0800] {dag.py:3696} INFO - Setting next_dagrun for example_params_trigger_ui to None, run_after=None
[2023-09-15T16:15:26.855+0800] {processor.py:179} INFO - Processing /opt/homebrew/lib/python3.11/site-packages/airflow/example_dags/example_params_trigger_ui.py took 0.155 seconds
[2023-09-15T16:17:09.608+0800] {processor.py:157} INFO - Started process (PID=77785) to work on /opt/homebrew/lib/python3.11/site-packages/airflow/example_dags/example_params_trigger_ui.py
[2023-09-15T16:17:09.608+0800] {processor.py:829} INFO - Processing file /opt/homebrew/lib/python3.11/site-packages/airflow/example_dags/example_params_trigger_ui.py for tasks to queue
[2023-09-15T16:17:09.609+0800] {logging_mixin.py:151} INFO - [2023-09-15T16:17:09.609+0800] {dagbag.py:539} INFO - Filling up the DagBag from /opt/homebrew/lib/python3.11/site-packages/airflow/example_dags/example_params_trigger_ui.py
[2023-09-15T16:17:09.667+0800] {processor.py:839} INFO - DAG(s) dict_keys(['example_params_trigger_ui']) retrieved from /opt/homebrew/lib/python3.11/site-packages/airflow/example_dags/example_params_trigger_ui.py
[2023-09-15T16:17:09.748+0800] {logging_mixin.py:151} INFO - [2023-09-15T16:17:09.748+0800] {dag.py:2915} INFO - Sync 1 DAGs
[2023-09-15T16:17:09.753+0800] {logging_mixin.py:151} INFO - [2023-09-15T16:17:09.752+0800] {dag.py:3696} INFO - Setting next_dagrun for example_params_trigger_ui to None, run_after=None
[2023-09-15T16:17:09.763+0800] {processor.py:179} INFO - Processing /opt/homebrew/lib/python3.11/site-packages/airflow/example_dags/example_params_trigger_ui.py took 0.155 seconds
[2023-09-15T16:18:53.292+0800] {processor.py:157} INFO - Started process (PID=77968) to work on /opt/homebrew/lib/python3.11/site-packages/airflow/example_dags/example_params_trigger_ui.py
[2023-09-15T16:18:53.292+0800] {processor.py:829} INFO - Processing file /opt/homebrew/lib/python3.11/site-packages/airflow/example_dags/example_params_trigger_ui.py for tasks to queue
[2023-09-15T16:18:53.292+0800] {logging_mixin.py:151} INFO - [2023-09-15T16:18:53.292+0800] {dagbag.py:539} INFO - Filling up the DagBag from /opt/homebrew/lib/python3.11/site-packages/airflow/example_dags/example_params_trigger_ui.py
[2023-09-15T16:18:53.350+0800] {processor.py:839} INFO - DAG(s) dict_keys(['example_params_trigger_ui']) retrieved from /opt/homebrew/lib/python3.11/site-packages/airflow/example_dags/example_params_trigger_ui.py
[2023-09-15T16:18:53.431+0800] {logging_mixin.py:151} INFO - [2023-09-15T16:18:53.431+0800] {dag.py:2915} INFO - Sync 1 DAGs
[2023-09-15T16:18:53.436+0800] {logging_mixin.py:151} INFO - [2023-09-15T16:18:53.436+0800] {dag.py:3696} INFO - Setting next_dagrun for example_params_trigger_ui to None, run_after=None
[2023-09-15T16:18:53.446+0800] {processor.py:179} INFO - Processing /opt/homebrew/lib/python3.11/site-packages/airflow/example_dags/example_params_trigger_ui.py took 0.155 seconds
[2023-09-15T16:20:39.733+0800] {processor.py:157} INFO - Started process (PID=78160) to work on /opt/homebrew/lib/python3.11/site-packages/airflow/example_dags/example_params_trigger_ui.py
[2023-09-15T16:20:39.733+0800] {processor.py:829} INFO - Processing file /opt/homebrew/lib/python3.11/site-packages/airflow/example_dags/example_params_trigger_ui.py for tasks to queue
[2023-09-15T16:20:39.734+0800] {logging_mixin.py:151} INFO - [2023-09-15T16:20:39.733+0800] {dagbag.py:539} INFO - Filling up the DagBag from /opt/homebrew/lib/python3.11/site-packages/airflow/example_dags/example_params_trigger_ui.py
[2023-09-15T16:20:39.791+0800] {processor.py:839} INFO - DAG(s) dict_keys(['example_params_trigger_ui']) retrieved from /opt/homebrew/lib/python3.11/site-packages/airflow/example_dags/example_params_trigger_ui.py
[2023-09-15T16:20:39.873+0800] {logging_mixin.py:151} INFO - [2023-09-15T16:20:39.873+0800] {dag.py:2915} INFO - Sync 1 DAGs
[2023-09-15T16:20:39.878+0800] {logging_mixin.py:151} INFO - [2023-09-15T16:20:39.878+0800] {dag.py:3696} INFO - Setting next_dagrun for example_params_trigger_ui to None, run_after=None
[2023-09-15T16:20:39.888+0800] {processor.py:179} INFO - Processing /opt/homebrew/lib/python3.11/site-packages/airflow/example_dags/example_params_trigger_ui.py took 0.156 seconds
[2023-09-15T16:22:26.730+0800] {processor.py:157} INFO - Started process (PID=78354) to work on /opt/homebrew/lib/python3.11/site-packages/airflow/example_dags/example_params_trigger_ui.py
[2023-09-15T16:22:26.731+0800] {processor.py:829} INFO - Processing file /opt/homebrew/lib/python3.11/site-packages/airflow/example_dags/example_params_trigger_ui.py for tasks to queue
[2023-09-15T16:22:26.731+0800] {logging_mixin.py:151} INFO - [2023-09-15T16:22:26.731+0800] {dagbag.py:539} INFO - Filling up the DagBag from /opt/homebrew/lib/python3.11/site-packages/airflow/example_dags/example_params_trigger_ui.py
[2023-09-15T16:22:26.789+0800] {processor.py:839} INFO - DAG(s) dict_keys(['example_params_trigger_ui']) retrieved from /opt/homebrew/lib/python3.11/site-packages/airflow/example_dags/example_params_trigger_ui.py
[2023-09-15T16:22:26.870+0800] {logging_mixin.py:151} INFO - [2023-09-15T16:22:26.870+0800] {dag.py:2915} INFO - Sync 1 DAGs
[2023-09-15T16:22:26.875+0800] {logging_mixin.py:151} INFO - [2023-09-15T16:22:26.875+0800] {dag.py:3696} INFO - Setting next_dagrun for example_params_trigger_ui to None, run_after=None
[2023-09-15T16:22:26.885+0800] {processor.py:179} INFO - Processing /opt/homebrew/lib/python3.11/site-packages/airflow/example_dags/example_params_trigger_ui.py took 0.155 seconds
[2023-09-15T16:24:08.757+0800] {processor.py:157} INFO - Started process (PID=78541) to work on /opt/homebrew/lib/python3.11/site-packages/airflow/example_dags/example_params_trigger_ui.py
[2023-09-15T16:24:08.757+0800] {processor.py:829} INFO - Processing file /opt/homebrew/lib/python3.11/site-packages/airflow/example_dags/example_params_trigger_ui.py for tasks to queue
[2023-09-15T16:24:08.757+0800] {logging_mixin.py:151} INFO - [2023-09-15T16:24:08.757+0800] {dagbag.py:539} INFO - Filling up the DagBag from /opt/homebrew/lib/python3.11/site-packages/airflow/example_dags/example_params_trigger_ui.py
[2023-09-15T16:24:08.815+0800] {processor.py:839} INFO - DAG(s) dict_keys(['example_params_trigger_ui']) retrieved from /opt/homebrew/lib/python3.11/site-packages/airflow/example_dags/example_params_trigger_ui.py
[2023-09-15T16:24:08.895+0800] {logging_mixin.py:151} INFO - [2023-09-15T16:24:08.895+0800] {dag.py:2915} INFO - Sync 1 DAGs
[2023-09-15T16:24:08.900+0800] {logging_mixin.py:151} INFO - [2023-09-15T16:24:08.900+0800] {dag.py:3696} INFO - Setting next_dagrun for example_params_trigger_ui to None, run_after=None
[2023-09-15T16:24:08.910+0800] {processor.py:179} INFO - Processing /opt/homebrew/lib/python3.11/site-packages/airflow/example_dags/example_params_trigger_ui.py took 0.154 seconds
[2023-09-15T16:25:52.336+0800] {processor.py:157} INFO - Started process (PID=78724) to work on /opt/homebrew/lib/python3.11/site-packages/airflow/example_dags/example_params_trigger_ui.py
[2023-09-15T16:25:52.337+0800] {processor.py:829} INFO - Processing file /opt/homebrew/lib/python3.11/site-packages/airflow/example_dags/example_params_trigger_ui.py for tasks to queue
[2023-09-15T16:25:52.337+0800] {logging_mixin.py:151} INFO - [2023-09-15T16:25:52.337+0800] {dagbag.py:539} INFO - Filling up the DagBag from /opt/homebrew/lib/python3.11/site-packages/airflow/example_dags/example_params_trigger_ui.py
[2023-09-15T16:25:52.394+0800] {processor.py:839} INFO - DAG(s) dict_keys(['example_params_trigger_ui']) retrieved from /opt/homebrew/lib/python3.11/site-packages/airflow/example_dags/example_params_trigger_ui.py
[2023-09-15T16:25:52.475+0800] {logging_mixin.py:151} INFO - [2023-09-15T16:25:52.475+0800] {dag.py:2915} INFO - Sync 1 DAGs
[2023-09-15T16:25:52.480+0800] {logging_mixin.py:151} INFO - [2023-09-15T16:25:52.480+0800] {dag.py:3696} INFO - Setting next_dagrun for example_params_trigger_ui to None, run_after=None
[2023-09-15T16:25:52.490+0800] {processor.py:179} INFO - Processing /opt/homebrew/lib/python3.11/site-packages/airflow/example_dags/example_params_trigger_ui.py took 0.154 seconds
[2023-09-15T16:27:35.409+0800] {processor.py:157} INFO - Started process (PID=78909) to work on /opt/homebrew/lib/python3.11/site-packages/airflow/example_dags/example_params_trigger_ui.py
[2023-09-15T16:27:35.410+0800] {processor.py:829} INFO - Processing file /opt/homebrew/lib/python3.11/site-packages/airflow/example_dags/example_params_trigger_ui.py for tasks to queue
[2023-09-15T16:27:35.410+0800] {logging_mixin.py:151} INFO - [2023-09-15T16:27:35.410+0800] {dagbag.py:539} INFO - Filling up the DagBag from /opt/homebrew/lib/python3.11/site-packages/airflow/example_dags/example_params_trigger_ui.py
[2023-09-15T16:27:35.467+0800] {processor.py:839} INFO - DAG(s) dict_keys(['example_params_trigger_ui']) retrieved from /opt/homebrew/lib/python3.11/site-packages/airflow/example_dags/example_params_trigger_ui.py
[2023-09-15T16:27:35.549+0800] {logging_mixin.py:151} INFO - [2023-09-15T16:27:35.549+0800] {dag.py:2915} INFO - Sync 1 DAGs
[2023-09-15T16:27:35.553+0800] {logging_mixin.py:151} INFO - [2023-09-15T16:27:35.553+0800] {dag.py:3696} INFO - Setting next_dagrun for example_params_trigger_ui to None, run_after=None
[2023-09-15T16:27:35.564+0800] {processor.py:179} INFO - Processing /opt/homebrew/lib/python3.11/site-packages/airflow/example_dags/example_params_trigger_ui.py took 0.155 seconds
[2023-09-15T16:29:15.289+0800] {processor.py:157} INFO - Started process (PID=79086) to work on /opt/homebrew/lib/python3.11/site-packages/airflow/example_dags/example_params_trigger_ui.py
[2023-09-15T16:29:15.290+0800] {processor.py:829} INFO - Processing file /opt/homebrew/lib/python3.11/site-packages/airflow/example_dags/example_params_trigger_ui.py for tasks to queue
[2023-09-15T16:29:15.290+0800] {logging_mixin.py:151} INFO - [2023-09-15T16:29:15.290+0800] {dagbag.py:539} INFO - Filling up the DagBag from /opt/homebrew/lib/python3.11/site-packages/airflow/example_dags/example_params_trigger_ui.py
[2023-09-15T16:29:15.348+0800] {processor.py:839} INFO - DAG(s) dict_keys(['example_params_trigger_ui']) retrieved from /opt/homebrew/lib/python3.11/site-packages/airflow/example_dags/example_params_trigger_ui.py
[2023-09-15T16:29:15.429+0800] {logging_mixin.py:151} INFO - [2023-09-15T16:29:15.429+0800] {dag.py:2915} INFO - Sync 1 DAGs
[2023-09-15T16:29:15.434+0800] {logging_mixin.py:151} INFO - [2023-09-15T16:29:15.433+0800] {dag.py:3696} INFO - Setting next_dagrun for example_params_trigger_ui to None, run_after=None
[2023-09-15T16:29:15.444+0800] {processor.py:179} INFO - Processing /opt/homebrew/lib/python3.11/site-packages/airflow/example_dags/example_params_trigger_ui.py took 0.155 seconds
