[2023-09-15T08:56:12.887+0800] {processor.py:157} INFO - Started process (PID=75693) to work on /opt/homebrew/lib/python3.11/site-packages/airflow/example_dags/example_task_group.py
[2023-09-15T08:56:12.887+0800] {processor.py:829} INFO - Processing file /opt/homebrew/lib/python3.11/site-packages/airflow/example_dags/example_task_group.py for tasks to queue
[2023-09-15T08:56:12.887+0800] {logging_mixin.py:151} INFO - [2023-09-15T08:56:12.887+0800] {dagbag.py:539} INFO - Filling up the DagBag from /opt/homebrew/lib/python3.11/site-packages/airflow/example_dags/example_task_group.py
[2023-09-15T08:56:12.903+0800] {processor.py:839} INFO - DAG(s) dict_keys(['example_task_group']) retrieved from /opt/homebrew/lib/python3.11/site-packages/airflow/example_dags/example_task_group.py
[2023-09-15T08:56:12.999+0800] {logging_mixin.py:151} INFO - [2023-09-15T08:56:12.999+0800] {dag.py:2915} INFO - Sync 1 DAGs
[2023-09-15T08:56:13.007+0800] {logging_mixin.py:151} INFO - [2023-09-15T08:56:13.007+0800] {dag.py:3696} INFO - Setting next_dagrun for example_task_group to 2023-09-14T00:56:13.007359+00:00, run_after=2023-09-15T00:56:13.007359+00:00
[2023-09-15T08:56:13.018+0800] {processor.py:179} INFO - Processing /opt/homebrew/lib/python3.11/site-packages/airflow/example_dags/example_task_group.py took 0.132 seconds
[2023-09-15T12:02:29.432+0800] {processor.py:157} INFO - Started process (PID=76032) to work on /opt/homebrew/lib/python3.11/site-packages/airflow/example_dags/example_task_group.py
[2023-09-15T12:02:29.432+0800] {processor.py:829} INFO - Processing file /opt/homebrew/lib/python3.11/site-packages/airflow/example_dags/example_task_group.py for tasks to queue
[2023-09-15T12:02:29.433+0800] {logging_mixin.py:151} INFO - [2023-09-15T12:02:29.433+0800] {dagbag.py:539} INFO - Filling up the DagBag from /opt/homebrew/lib/python3.11/site-packages/airflow/example_dags/example_task_group.py
[2023-09-15T12:02:29.451+0800] {processor.py:839} INFO - DAG(s) dict_keys(['example_task_group']) retrieved from /opt/homebrew/lib/python3.11/site-packages/airflow/example_dags/example_task_group.py
[2023-09-15T12:02:29.551+0800] {logging_mixin.py:151} INFO - [2023-09-15T12:02:29.551+0800] {dag.py:2915} INFO - Sync 1 DAGs
[2023-09-15T12:02:29.559+0800] {logging_mixin.py:151} INFO - [2023-09-15T12:02:29.559+0800] {dag.py:3696} INFO - Setting next_dagrun for example_task_group to 2023-09-14T04:02:29.559482+00:00, run_after=2023-09-15T04:02:29.559482+00:00
[2023-09-15T12:02:29.570+0800] {processor.py:179} INFO - Processing /opt/homebrew/lib/python3.11/site-packages/airflow/example_dags/example_task_group.py took 0.139 seconds
[2023-09-15T14:56:02.157+0800] {processor.py:157} INFO - Started process (PID=76320) to work on /opt/homebrew/lib/python3.11/site-packages/airflow/example_dags/example_task_group.py
[2023-09-15T14:56:02.157+0800] {processor.py:829} INFO - Processing file /opt/homebrew/lib/python3.11/site-packages/airflow/example_dags/example_task_group.py for tasks to queue
[2023-09-15T14:56:02.158+0800] {logging_mixin.py:151} INFO - [2023-09-15T14:56:02.158+0800] {dagbag.py:539} INFO - Filling up the DagBag from /opt/homebrew/lib/python3.11/site-packages/airflow/example_dags/example_task_group.py
[2023-09-15T14:56:02.174+0800] {processor.py:839} INFO - DAG(s) dict_keys(['example_task_group']) retrieved from /opt/homebrew/lib/python3.11/site-packages/airflow/example_dags/example_task_group.py
[2023-09-15T14:56:02.271+0800] {logging_mixin.py:151} INFO - [2023-09-15T14:56:02.271+0800] {dag.py:2915} INFO - Sync 1 DAGs
[2023-09-15T14:56:02.279+0800] {logging_mixin.py:151} INFO - [2023-09-15T14:56:02.279+0800] {dag.py:3696} INFO - Setting next_dagrun for example_task_group to 2023-09-14T06:56:02.279641+00:00, run_after=2023-09-15T06:56:02.279641+00:00
[2023-09-15T14:56:02.290+0800] {processor.py:179} INFO - Processing /opt/homebrew/lib/python3.11/site-packages/airflow/example_dags/example_task_group.py took 0.134 seconds
[2023-09-15T16:06:18.285+0800] {processor.py:157} INFO - Started process (PID=76532) to work on /opt/homebrew/lib/python3.11/site-packages/airflow/example_dags/example_task_group.py
[2023-09-15T16:06:18.287+0800] {processor.py:829} INFO - Processing file /opt/homebrew/lib/python3.11/site-packages/airflow/example_dags/example_task_group.py for tasks to queue
[2023-09-15T16:06:18.287+0800] {logging_mixin.py:151} INFO - [2023-09-15T16:06:18.287+0800] {dagbag.py:539} INFO - Filling up the DagBag from /opt/homebrew/lib/python3.11/site-packages/airflow/example_dags/example_task_group.py
[2023-09-15T16:06:18.303+0800] {processor.py:839} INFO - DAG(s) dict_keys(['example_task_group']) retrieved from /opt/homebrew/lib/python3.11/site-packages/airflow/example_dags/example_task_group.py
[2023-09-15T16:06:18.398+0800] {logging_mixin.py:151} INFO - [2023-09-15T16:06:18.398+0800] {dag.py:2915} INFO - Sync 1 DAGs
[2023-09-15T16:06:18.406+0800] {logging_mixin.py:151} INFO - [2023-09-15T16:06:18.406+0800] {dag.py:3696} INFO - Setting next_dagrun for example_task_group to 2023-09-14T08:06:18.406772+00:00, run_after=2023-09-15T08:06:18.406772+00:00
[2023-09-15T16:06:18.418+0800] {processor.py:179} INFO - Processing /opt/homebrew/lib/python3.11/site-packages/airflow/example_dags/example_task_group.py took 0.133 seconds
[2023-09-15T16:08:02.090+0800] {processor.py:157} INFO - Started process (PID=76757) to work on /opt/homebrew/lib/python3.11/site-packages/airflow/example_dags/example_task_group.py
[2023-09-15T16:08:02.092+0800] {processor.py:829} INFO - Processing file /opt/homebrew/lib/python3.11/site-packages/airflow/example_dags/example_task_group.py for tasks to queue
[2023-09-15T16:08:02.092+0800] {logging_mixin.py:151} INFO - [2023-09-15T16:08:02.092+0800] {dagbag.py:539} INFO - Filling up the DagBag from /opt/homebrew/lib/python3.11/site-packages/airflow/example_dags/example_task_group.py
[2023-09-15T16:08:02.108+0800] {processor.py:839} INFO - DAG(s) dict_keys(['example_task_group']) retrieved from /opt/homebrew/lib/python3.11/site-packages/airflow/example_dags/example_task_group.py
[2023-09-15T16:08:02.204+0800] {logging_mixin.py:151} INFO - [2023-09-15T16:08:02.204+0800] {dag.py:2915} INFO - Sync 1 DAGs
[2023-09-15T16:08:02.212+0800] {logging_mixin.py:151} INFO - [2023-09-15T16:08:02.212+0800] {dag.py:3696} INFO - Setting next_dagrun for example_task_group to 2023-09-14T08:08:02.212439+00:00, run_after=2023-09-15T08:08:02.212439+00:00
[2023-09-15T16:08:02.223+0800] {processor.py:179} INFO - Processing /opt/homebrew/lib/python3.11/site-packages/airflow/example_dags/example_task_group.py took 0.133 seconds
[2023-09-15T16:09:50.027+0800] {processor.py:157} INFO - Started process (PID=76973) to work on /opt/homebrew/lib/python3.11/site-packages/airflow/example_dags/example_task_group.py
[2023-09-15T16:09:50.027+0800] {processor.py:829} INFO - Processing file /opt/homebrew/lib/python3.11/site-packages/airflow/example_dags/example_task_group.py for tasks to queue
[2023-09-15T16:09:50.028+0800] {logging_mixin.py:151} INFO - [2023-09-15T16:09:50.028+0800] {dagbag.py:539} INFO - Filling up the DagBag from /opt/homebrew/lib/python3.11/site-packages/airflow/example_dags/example_task_group.py
[2023-09-15T16:09:50.044+0800] {processor.py:839} INFO - DAG(s) dict_keys(['example_task_group']) retrieved from /opt/homebrew/lib/python3.11/site-packages/airflow/example_dags/example_task_group.py
[2023-09-15T16:09:50.140+0800] {logging_mixin.py:151} INFO - [2023-09-15T16:09:50.140+0800] {dag.py:2915} INFO - Sync 1 DAGs
[2023-09-15T16:09:50.148+0800] {logging_mixin.py:151} INFO - [2023-09-15T16:09:50.148+0800] {dag.py:3696} INFO - Setting next_dagrun for example_task_group to 2023-09-14T08:09:50.148566+00:00, run_after=2023-09-15T08:09:50.148566+00:00
[2023-09-15T16:09:50.160+0800] {processor.py:179} INFO - Processing /opt/homebrew/lib/python3.11/site-packages/airflow/example_dags/example_task_group.py took 0.133 seconds
[2023-09-15T16:11:31.383+0800] {processor.py:157} INFO - Started process (PID=77163) to work on /opt/homebrew/lib/python3.11/site-packages/airflow/example_dags/example_task_group.py
[2023-09-15T16:11:31.383+0800] {processor.py:829} INFO - Processing file /opt/homebrew/lib/python3.11/site-packages/airflow/example_dags/example_task_group.py for tasks to queue
[2023-09-15T16:11:31.383+0800] {logging_mixin.py:151} INFO - [2023-09-15T16:11:31.383+0800] {dagbag.py:539} INFO - Filling up the DagBag from /opt/homebrew/lib/python3.11/site-packages/airflow/example_dags/example_task_group.py
[2023-09-15T16:11:31.400+0800] {processor.py:839} INFO - DAG(s) dict_keys(['example_task_group']) retrieved from /opt/homebrew/lib/python3.11/site-packages/airflow/example_dags/example_task_group.py
[2023-09-15T16:11:31.507+0800] {logging_mixin.py:151} INFO - [2023-09-15T16:11:31.507+0800] {dag.py:2915} INFO - Sync 1 DAGs
[2023-09-15T16:11:31.516+0800] {logging_mixin.py:151} INFO - [2023-09-15T16:11:31.516+0800] {dag.py:3696} INFO - Setting next_dagrun for example_task_group to 2023-09-14T08:11:31.516191+00:00, run_after=2023-09-15T08:11:31.516191+00:00
[2023-09-15T16:11:31.527+0800] {processor.py:179} INFO - Processing /opt/homebrew/lib/python3.11/site-packages/airflow/example_dags/example_task_group.py took 0.145 seconds
[2023-09-15T16:13:18.635+0800] {processor.py:157} INFO - Started process (PID=77358) to work on /opt/homebrew/lib/python3.11/site-packages/airflow/example_dags/example_task_group.py
[2023-09-15T16:13:18.636+0800] {processor.py:829} INFO - Processing file /opt/homebrew/lib/python3.11/site-packages/airflow/example_dags/example_task_group.py for tasks to queue
[2023-09-15T16:13:18.636+0800] {logging_mixin.py:151} INFO - [2023-09-15T16:13:18.636+0800] {dagbag.py:539} INFO - Filling up the DagBag from /opt/homebrew/lib/python3.11/site-packages/airflow/example_dags/example_task_group.py
[2023-09-15T16:13:18.652+0800] {processor.py:839} INFO - DAG(s) dict_keys(['example_task_group']) retrieved from /opt/homebrew/lib/python3.11/site-packages/airflow/example_dags/example_task_group.py
[2023-09-15T16:13:18.748+0800] {logging_mixin.py:151} INFO - [2023-09-15T16:13:18.748+0800] {dag.py:2915} INFO - Sync 1 DAGs
[2023-09-15T16:13:18.756+0800] {logging_mixin.py:151} INFO - [2023-09-15T16:13:18.756+0800] {dag.py:3696} INFO - Setting next_dagrun for example_task_group to 2023-09-14T08:13:18.756566+00:00, run_after=2023-09-15T08:13:18.756566+00:00
[2023-09-15T16:13:18.767+0800] {processor.py:179} INFO - Processing /opt/homebrew/lib/python3.11/site-packages/airflow/example_dags/example_task_group.py took 0.132 seconds
[2023-09-15T16:15:03.955+0800] {processor.py:157} INFO - Started process (PID=77549) to work on /opt/homebrew/lib/python3.11/site-packages/airflow/example_dags/example_task_group.py
[2023-09-15T16:15:03.955+0800] {processor.py:829} INFO - Processing file /opt/homebrew/lib/python3.11/site-packages/airflow/example_dags/example_task_group.py for tasks to queue
[2023-09-15T16:15:03.956+0800] {logging_mixin.py:151} INFO - [2023-09-15T16:15:03.955+0800] {dagbag.py:539} INFO - Filling up the DagBag from /opt/homebrew/lib/python3.11/site-packages/airflow/example_dags/example_task_group.py
[2023-09-15T16:15:03.972+0800] {processor.py:839} INFO - DAG(s) dict_keys(['example_task_group']) retrieved from /opt/homebrew/lib/python3.11/site-packages/airflow/example_dags/example_task_group.py
[2023-09-15T16:15:04.067+0800] {logging_mixin.py:151} INFO - [2023-09-15T16:15:04.067+0800] {dag.py:2915} INFO - Sync 1 DAGs
[2023-09-15T16:15:04.075+0800] {logging_mixin.py:151} INFO - [2023-09-15T16:15:04.075+0800] {dag.py:3696} INFO - Setting next_dagrun for example_task_group to 2023-09-14T08:15:04.075686+00:00, run_after=2023-09-15T08:15:04.075686+00:00
[2023-09-15T16:15:04.086+0800] {processor.py:179} INFO - Processing /opt/homebrew/lib/python3.11/site-packages/airflow/example_dags/example_task_group.py took 0.132 seconds
[2023-09-15T16:16:45.452+0800] {processor.py:157} INFO - Started process (PID=77743) to work on /opt/homebrew/lib/python3.11/site-packages/airflow/example_dags/example_task_group.py
[2023-09-15T16:16:45.453+0800] {processor.py:829} INFO - Processing file /opt/homebrew/lib/python3.11/site-packages/airflow/example_dags/example_task_group.py for tasks to queue
[2023-09-15T16:16:45.453+0800] {logging_mixin.py:151} INFO - [2023-09-15T16:16:45.453+0800] {dagbag.py:539} INFO - Filling up the DagBag from /opt/homebrew/lib/python3.11/site-packages/airflow/example_dags/example_task_group.py
[2023-09-15T16:16:45.469+0800] {processor.py:839} INFO - DAG(s) dict_keys(['example_task_group']) retrieved from /opt/homebrew/lib/python3.11/site-packages/airflow/example_dags/example_task_group.py
[2023-09-15T16:16:45.565+0800] {logging_mixin.py:151} INFO - [2023-09-15T16:16:45.565+0800] {dag.py:2915} INFO - Sync 1 DAGs
[2023-09-15T16:16:45.573+0800] {logging_mixin.py:151} INFO - [2023-09-15T16:16:45.573+0800] {dag.py:3696} INFO - Setting next_dagrun for example_task_group to 2023-09-14T08:16:45.573682+00:00, run_after=2023-09-15T08:16:45.573682+00:00
[2023-09-15T16:16:45.584+0800] {processor.py:179} INFO - Processing /opt/homebrew/lib/python3.11/site-packages/airflow/example_dags/example_task_group.py took 0.133 seconds
[2023-09-15T16:18:30.857+0800] {processor.py:157} INFO - Started process (PID=77930) to work on /opt/homebrew/lib/python3.11/site-packages/airflow/example_dags/example_task_group.py
[2023-09-15T16:18:30.857+0800] {processor.py:829} INFO - Processing file /opt/homebrew/lib/python3.11/site-packages/airflow/example_dags/example_task_group.py for tasks to queue
[2023-09-15T16:18:30.858+0800] {logging_mixin.py:151} INFO - [2023-09-15T16:18:30.858+0800] {dagbag.py:539} INFO - Filling up the DagBag from /opt/homebrew/lib/python3.11/site-packages/airflow/example_dags/example_task_group.py
[2023-09-15T16:18:30.874+0800] {processor.py:839} INFO - DAG(s) dict_keys(['example_task_group']) retrieved from /opt/homebrew/lib/python3.11/site-packages/airflow/example_dags/example_task_group.py
[2023-09-15T16:18:30.970+0800] {logging_mixin.py:151} INFO - [2023-09-15T16:18:30.970+0800] {dag.py:2915} INFO - Sync 1 DAGs
[2023-09-15T16:18:30.979+0800] {logging_mixin.py:151} INFO - [2023-09-15T16:18:30.978+0800] {dag.py:3696} INFO - Setting next_dagrun for example_task_group to 2023-09-14T08:18:30.978876+00:00, run_after=2023-09-15T08:18:30.978876+00:00
[2023-09-15T16:18:30.989+0800] {processor.py:179} INFO - Processing /opt/homebrew/lib/python3.11/site-packages/airflow/example_dags/example_task_group.py took 0.133 seconds
[2023-09-15T16:20:17.158+0800] {processor.py:157} INFO - Started process (PID=78117) to work on /opt/homebrew/lib/python3.11/site-packages/airflow/example_dags/example_task_group.py
[2023-09-15T16:20:17.158+0800] {processor.py:829} INFO - Processing file /opt/homebrew/lib/python3.11/site-packages/airflow/example_dags/example_task_group.py for tasks to queue
[2023-09-15T16:20:17.159+0800] {logging_mixin.py:151} INFO - [2023-09-15T16:20:17.159+0800] {dagbag.py:539} INFO - Filling up the DagBag from /opt/homebrew/lib/python3.11/site-packages/airflow/example_dags/example_task_group.py
[2023-09-15T16:20:17.175+0800] {processor.py:839} INFO - DAG(s) dict_keys(['example_task_group']) retrieved from /opt/homebrew/lib/python3.11/site-packages/airflow/example_dags/example_task_group.py
[2023-09-15T16:20:17.271+0800] {logging_mixin.py:151} INFO - [2023-09-15T16:20:17.270+0800] {dag.py:2915} INFO - Sync 1 DAGs
[2023-09-15T16:20:17.279+0800] {logging_mixin.py:151} INFO - [2023-09-15T16:20:17.279+0800] {dag.py:3696} INFO - Setting next_dagrun for example_task_group to 2023-09-14T08:20:17.279183+00:00, run_after=2023-09-15T08:20:17.279183+00:00
[2023-09-15T16:20:17.290+0800] {processor.py:179} INFO - Processing /opt/homebrew/lib/python3.11/site-packages/airflow/example_dags/example_task_group.py took 0.132 seconds
[2023-09-15T16:22:02.612+0800] {processor.py:157} INFO - Started process (PID=78305) to work on /opt/homebrew/lib/python3.11/site-packages/airflow/example_dags/example_task_group.py
[2023-09-15T16:22:02.612+0800] {processor.py:829} INFO - Processing file /opt/homebrew/lib/python3.11/site-packages/airflow/example_dags/example_task_group.py for tasks to queue
[2023-09-15T16:22:02.612+0800] {logging_mixin.py:151} INFO - [2023-09-15T16:22:02.612+0800] {dagbag.py:539} INFO - Filling up the DagBag from /opt/homebrew/lib/python3.11/site-packages/airflow/example_dags/example_task_group.py
[2023-09-15T16:22:02.629+0800] {processor.py:839} INFO - DAG(s) dict_keys(['example_task_group']) retrieved from /opt/homebrew/lib/python3.11/site-packages/airflow/example_dags/example_task_group.py
[2023-09-15T16:22:02.726+0800] {logging_mixin.py:151} INFO - [2023-09-15T16:22:02.725+0800] {dag.py:2915} INFO - Sync 1 DAGs
[2023-09-15T16:22:02.734+0800] {logging_mixin.py:151} INFO - [2023-09-15T16:22:02.734+0800] {dag.py:3696} INFO - Setting next_dagrun for example_task_group to 2023-09-14T08:22:02.734311+00:00, run_after=2023-09-15T08:22:02.734311+00:00
[2023-09-15T16:22:02.745+0800] {processor.py:179} INFO - Processing /opt/homebrew/lib/python3.11/site-packages/airflow/example_dags/example_task_group.py took 0.134 seconds
[2023-09-15T16:23:46.349+0800] {processor.py:157} INFO - Started process (PID=78494) to work on /opt/homebrew/lib/python3.11/site-packages/airflow/example_dags/example_task_group.py
[2023-09-15T16:23:46.349+0800] {processor.py:829} INFO - Processing file /opt/homebrew/lib/python3.11/site-packages/airflow/example_dags/example_task_group.py for tasks to queue
[2023-09-15T16:23:46.349+0800] {logging_mixin.py:151} INFO - [2023-09-15T16:23:46.349+0800] {dagbag.py:539} INFO - Filling up the DagBag from /opt/homebrew/lib/python3.11/site-packages/airflow/example_dags/example_task_group.py
[2023-09-15T16:23:46.365+0800] {processor.py:839} INFO - DAG(s) dict_keys(['example_task_group']) retrieved from /opt/homebrew/lib/python3.11/site-packages/airflow/example_dags/example_task_group.py
[2023-09-15T16:23:46.461+0800] {logging_mixin.py:151} INFO - [2023-09-15T16:23:46.461+0800] {dag.py:2915} INFO - Sync 1 DAGs
[2023-09-15T16:23:46.469+0800] {logging_mixin.py:151} INFO - [2023-09-15T16:23:46.469+0800] {dag.py:3696} INFO - Setting next_dagrun for example_task_group to 2023-09-14T08:23:46.469463+00:00, run_after=2023-09-15T08:23:46.469463+00:00
[2023-09-15T16:23:46.480+0800] {processor.py:179} INFO - Processing /opt/homebrew/lib/python3.11/site-packages/airflow/example_dags/example_task_group.py took 0.132 seconds
[2023-09-15T16:25:30.631+0800] {processor.py:157} INFO - Started process (PID=78687) to work on /opt/homebrew/lib/python3.11/site-packages/airflow/example_dags/example_task_group.py
[2023-09-15T16:25:30.632+0800] {processor.py:829} INFO - Processing file /opt/homebrew/lib/python3.11/site-packages/airflow/example_dags/example_task_group.py for tasks to queue
[2023-09-15T16:25:30.632+0800] {logging_mixin.py:151} INFO - [2023-09-15T16:25:30.632+0800] {dagbag.py:539} INFO - Filling up the DagBag from /opt/homebrew/lib/python3.11/site-packages/airflow/example_dags/example_task_group.py
[2023-09-15T16:25:30.648+0800] {processor.py:839} INFO - DAG(s) dict_keys(['example_task_group']) retrieved from /opt/homebrew/lib/python3.11/site-packages/airflow/example_dags/example_task_group.py
[2023-09-15T16:25:30.743+0800] {logging_mixin.py:151} INFO - [2023-09-15T16:25:30.743+0800] {dag.py:2915} INFO - Sync 1 DAGs
[2023-09-15T16:25:30.751+0800] {logging_mixin.py:151} INFO - [2023-09-15T16:25:30.751+0800] {dag.py:3696} INFO - Setting next_dagrun for example_task_group to 2023-09-14T08:25:30.751778+00:00, run_after=2023-09-15T08:25:30.751778+00:00
[2023-09-15T16:25:30.762+0800] {processor.py:179} INFO - Processing /opt/homebrew/lib/python3.11/site-packages/airflow/example_dags/example_task_group.py took 0.132 seconds
[2023-09-15T16:27:12.935+0800] {processor.py:157} INFO - Started process (PID=78867) to work on /opt/homebrew/lib/python3.11/site-packages/airflow/example_dags/example_task_group.py
[2023-09-15T16:27:12.936+0800] {processor.py:829} INFO - Processing file /opt/homebrew/lib/python3.11/site-packages/airflow/example_dags/example_task_group.py for tasks to queue
[2023-09-15T16:27:12.936+0800] {logging_mixin.py:151} INFO - [2023-09-15T16:27:12.936+0800] {dagbag.py:539} INFO - Filling up the DagBag from /opt/homebrew/lib/python3.11/site-packages/airflow/example_dags/example_task_group.py
[2023-09-15T16:27:12.952+0800] {processor.py:839} INFO - DAG(s) dict_keys(['example_task_group']) retrieved from /opt/homebrew/lib/python3.11/site-packages/airflow/example_dags/example_task_group.py
[2023-09-15T16:27:13.047+0800] {logging_mixin.py:151} INFO - [2023-09-15T16:27:13.047+0800] {dag.py:2915} INFO - Sync 1 DAGs
[2023-09-15T16:27:13.056+0800] {logging_mixin.py:151} INFO - [2023-09-15T16:27:13.056+0800] {dag.py:3696} INFO - Setting next_dagrun for example_task_group to 2023-09-14T08:27:13.056027+00:00, run_after=2023-09-15T08:27:13.056027+00:00
[2023-09-15T16:27:13.067+0800] {processor.py:179} INFO - Processing /opt/homebrew/lib/python3.11/site-packages/airflow/example_dags/example_task_group.py took 0.132 seconds
[2023-09-15T16:28:53.722+0800] {processor.py:157} INFO - Started process (PID=79049) to work on /opt/homebrew/lib/python3.11/site-packages/airflow/example_dags/example_task_group.py
[2023-09-15T16:28:53.723+0800] {processor.py:829} INFO - Processing file /opt/homebrew/lib/python3.11/site-packages/airflow/example_dags/example_task_group.py for tasks to queue
[2023-09-15T16:28:53.723+0800] {logging_mixin.py:151} INFO - [2023-09-15T16:28:53.723+0800] {dagbag.py:539} INFO - Filling up the DagBag from /opt/homebrew/lib/python3.11/site-packages/airflow/example_dags/example_task_group.py
[2023-09-15T16:28:53.739+0800] {processor.py:839} INFO - DAG(s) dict_keys(['example_task_group']) retrieved from /opt/homebrew/lib/python3.11/site-packages/airflow/example_dags/example_task_group.py
[2023-09-15T16:28:53.835+0800] {logging_mixin.py:151} INFO - [2023-09-15T16:28:53.834+0800] {dag.py:2915} INFO - Sync 1 DAGs
[2023-09-15T16:28:53.843+0800] {logging_mixin.py:151} INFO - [2023-09-15T16:28:53.843+0800] {dag.py:3696} INFO - Setting next_dagrun for example_task_group to 2023-09-14T08:28:53.843176+00:00, run_after=2023-09-15T08:28:53.843176+00:00
[2023-09-15T16:28:53.853+0800] {processor.py:179} INFO - Processing /opt/homebrew/lib/python3.11/site-packages/airflow/example_dags/example_task_group.py took 0.132 seconds
[2023-09-15T16:30:33.920+0800] {processor.py:157} INFO - Started process (PID=79348) to work on /opt/homebrew/lib/python3.11/site-packages/airflow/example_dags/example_task_group.py
[2023-09-15T16:30:33.920+0800] {processor.py:829} INFO - Processing file /opt/homebrew/lib/python3.11/site-packages/airflow/example_dags/example_task_group.py for tasks to queue
[2023-09-15T16:30:33.920+0800] {logging_mixin.py:151} INFO - [2023-09-15T16:30:33.920+0800] {dagbag.py:539} INFO - Filling up the DagBag from /opt/homebrew/lib/python3.11/site-packages/airflow/example_dags/example_task_group.py
[2023-09-15T16:30:33.937+0800] {processor.py:839} INFO - DAG(s) dict_keys(['example_task_group']) retrieved from /opt/homebrew/lib/python3.11/site-packages/airflow/example_dags/example_task_group.py
[2023-09-15T16:30:34.033+0800] {logging_mixin.py:151} INFO - [2023-09-15T16:30:34.033+0800] {dag.py:2915} INFO - Sync 1 DAGs
[2023-09-15T16:30:34.041+0800] {logging_mixin.py:151} INFO - [2023-09-15T16:30:34.041+0800] {dag.py:3696} INFO - Setting next_dagrun for example_task_group to 2023-09-14T08:30:34.041447+00:00, run_after=2023-09-15T08:30:34.041447+00:00
[2023-09-15T16:30:34.052+0800] {processor.py:179} INFO - Processing /opt/homebrew/lib/python3.11/site-packages/airflow/example_dags/example_task_group.py took 0.133 seconds
[2023-09-15T16:32:20.467+0800] {processor.py:157} INFO - Started process (PID=79598) to work on /opt/homebrew/lib/python3.11/site-packages/airflow/example_dags/example_task_group.py
[2023-09-15T16:32:20.467+0800] {processor.py:829} INFO - Processing file /opt/homebrew/lib/python3.11/site-packages/airflow/example_dags/example_task_group.py for tasks to queue
[2023-09-15T16:32:20.467+0800] {logging_mixin.py:151} INFO - [2023-09-15T16:32:20.467+0800] {dagbag.py:539} INFO - Filling up the DagBag from /opt/homebrew/lib/python3.11/site-packages/airflow/example_dags/example_task_group.py
[2023-09-15T16:32:20.483+0800] {processor.py:839} INFO - DAG(s) dict_keys(['example_task_group']) retrieved from /opt/homebrew/lib/python3.11/site-packages/airflow/example_dags/example_task_group.py
[2023-09-15T16:32:20.579+0800] {logging_mixin.py:151} INFO - [2023-09-15T16:32:20.579+0800] {dag.py:2915} INFO - Sync 1 DAGs
[2023-09-15T16:32:20.587+0800] {logging_mixin.py:151} INFO - [2023-09-15T16:32:20.587+0800] {dag.py:3696} INFO - Setting next_dagrun for example_task_group to 2023-09-14T08:32:20.587661+00:00, run_after=2023-09-15T08:32:20.587661+00:00
[2023-09-15T16:32:20.598+0800] {processor.py:179} INFO - Processing /opt/homebrew/lib/python3.11/site-packages/airflow/example_dags/example_task_group.py took 0.132 seconds
[2023-09-15T16:34:06.394+0800] {processor.py:157} INFO - Started process (PID=79832) to work on /opt/homebrew/lib/python3.11/site-packages/airflow/example_dags/example_task_group.py
[2023-09-15T16:34:06.394+0800] {processor.py:829} INFO - Processing file /opt/homebrew/lib/python3.11/site-packages/airflow/example_dags/example_task_group.py for tasks to queue
[2023-09-15T16:34:06.394+0800] {logging_mixin.py:151} INFO - [2023-09-15T16:34:06.394+0800] {dagbag.py:539} INFO - Filling up the DagBag from /opt/homebrew/lib/python3.11/site-packages/airflow/example_dags/example_task_group.py
[2023-09-15T16:34:06.411+0800] {processor.py:839} INFO - DAG(s) dict_keys(['example_task_group']) retrieved from /opt/homebrew/lib/python3.11/site-packages/airflow/example_dags/example_task_group.py
[2023-09-15T16:34:06.506+0800] {logging_mixin.py:151} INFO - [2023-09-15T16:34:06.506+0800] {dag.py:2915} INFO - Sync 1 DAGs
[2023-09-15T16:34:06.515+0800] {logging_mixin.py:151} INFO - [2023-09-15T16:34:06.515+0800] {dag.py:3696} INFO - Setting next_dagrun for example_task_group to 2023-09-14T08:34:06.514926+00:00, run_after=2023-09-15T08:34:06.514926+00:00
[2023-09-15T16:34:06.526+0800] {processor.py:179} INFO - Processing /opt/homebrew/lib/python3.11/site-packages/airflow/example_dags/example_task_group.py took 0.132 seconds
[2023-09-15T16:35:53.258+0800] {processor.py:157} INFO - Started process (PID=80025) to work on /opt/homebrew/lib/python3.11/site-packages/airflow/example_dags/example_task_group.py
[2023-09-15T16:35:53.259+0800] {processor.py:829} INFO - Processing file /opt/homebrew/lib/python3.11/site-packages/airflow/example_dags/example_task_group.py for tasks to queue
[2023-09-15T16:35:53.259+0800] {logging_mixin.py:151} INFO - [2023-09-15T16:35:53.259+0800] {dagbag.py:539} INFO - Filling up the DagBag from /opt/homebrew/lib/python3.11/site-packages/airflow/example_dags/example_task_group.py
[2023-09-15T16:35:53.275+0800] {processor.py:839} INFO - DAG(s) dict_keys(['example_task_group']) retrieved from /opt/homebrew/lib/python3.11/site-packages/airflow/example_dags/example_task_group.py
[2023-09-15T16:35:53.371+0800] {logging_mixin.py:151} INFO - [2023-09-15T16:35:53.371+0800] {dag.py:2915} INFO - Sync 1 DAGs
[2023-09-15T16:35:53.379+0800] {logging_mixin.py:151} INFO - [2023-09-15T16:35:53.379+0800] {dag.py:3696} INFO - Setting next_dagrun for example_task_group to 2023-09-14T08:35:53.379803+00:00, run_after=2023-09-15T08:35:53.379803+00:00
[2023-09-15T16:35:53.390+0800] {processor.py:179} INFO - Processing /opt/homebrew/lib/python3.11/site-packages/airflow/example_dags/example_task_group.py took 0.132 seconds
[2023-09-15T16:37:42.943+0800] {processor.py:157} INFO - Started process (PID=80219) to work on /opt/homebrew/lib/python3.11/site-packages/airflow/example_dags/example_task_group.py
[2023-09-15T16:37:42.944+0800] {processor.py:829} INFO - Processing file /opt/homebrew/lib/python3.11/site-packages/airflow/example_dags/example_task_group.py for tasks to queue
[2023-09-15T16:37:42.944+0800] {logging_mixin.py:151} INFO - [2023-09-15T16:37:42.944+0800] {dagbag.py:539} INFO - Filling up the DagBag from /opt/homebrew/lib/python3.11/site-packages/airflow/example_dags/example_task_group.py
[2023-09-15T16:37:42.960+0800] {processor.py:839} INFO - DAG(s) dict_keys(['example_task_group']) retrieved from /opt/homebrew/lib/python3.11/site-packages/airflow/example_dags/example_task_group.py
[2023-09-15T16:37:43.056+0800] {logging_mixin.py:151} INFO - [2023-09-15T16:37:43.056+0800] {dag.py:2915} INFO - Sync 1 DAGs
[2023-09-15T16:37:43.065+0800] {logging_mixin.py:151} INFO - [2023-09-15T16:37:43.065+0800] {dag.py:3696} INFO - Setting next_dagrun for example_task_group to 2023-09-14T08:37:43.064997+00:00, run_after=2023-09-15T08:37:43.064997+00:00
[2023-09-15T16:37:43.076+0800] {processor.py:179} INFO - Processing /opt/homebrew/lib/python3.11/site-packages/airflow/example_dags/example_task_group.py took 0.133 seconds
[2023-09-15T16:39:28.263+0800] {processor.py:157} INFO - Started process (PID=80526) to work on /opt/homebrew/lib/python3.11/site-packages/airflow/example_dags/example_task_group.py
[2023-09-15T16:39:28.264+0800] {processor.py:829} INFO - Processing file /opt/homebrew/lib/python3.11/site-packages/airflow/example_dags/example_task_group.py for tasks to queue
[2023-09-15T16:39:28.264+0800] {logging_mixin.py:151} INFO - [2023-09-15T16:39:28.264+0800] {dagbag.py:539} INFO - Filling up the DagBag from /opt/homebrew/lib/python3.11/site-packages/airflow/example_dags/example_task_group.py
[2023-09-15T16:39:28.280+0800] {processor.py:839} INFO - DAG(s) dict_keys(['example_task_group']) retrieved from /opt/homebrew/lib/python3.11/site-packages/airflow/example_dags/example_task_group.py
[2023-09-15T16:39:28.375+0800] {logging_mixin.py:151} INFO - [2023-09-15T16:39:28.375+0800] {dag.py:2915} INFO - Sync 1 DAGs
[2023-09-15T16:39:28.384+0800] {logging_mixin.py:151} INFO - [2023-09-15T16:39:28.384+0800] {dag.py:3696} INFO - Setting next_dagrun for example_task_group to 2023-09-14T08:39:28.384126+00:00, run_after=2023-09-15T08:39:28.384126+00:00
[2023-09-15T16:39:28.395+0800] {processor.py:179} INFO - Processing /opt/homebrew/lib/python3.11/site-packages/airflow/example_dags/example_task_group.py took 0.132 seconds
[2023-09-15T16:41:17.474+0800] {processor.py:157} INFO - Started process (PID=80785) to work on /opt/homebrew/lib/python3.11/site-packages/airflow/example_dags/example_task_group.py
[2023-09-15T16:41:17.475+0800] {processor.py:829} INFO - Processing file /opt/homebrew/lib/python3.11/site-packages/airflow/example_dags/example_task_group.py for tasks to queue
[2023-09-15T16:41:17.475+0800] {logging_mixin.py:151} INFO - [2023-09-15T16:41:17.475+0800] {dagbag.py:539} INFO - Filling up the DagBag from /opt/homebrew/lib/python3.11/site-packages/airflow/example_dags/example_task_group.py
[2023-09-15T16:41:17.492+0800] {processor.py:839} INFO - DAG(s) dict_keys(['example_task_group']) retrieved from /opt/homebrew/lib/python3.11/site-packages/airflow/example_dags/example_task_group.py
[2023-09-15T16:41:17.590+0800] {logging_mixin.py:151} INFO - [2023-09-15T16:41:17.590+0800] {dag.py:2915} INFO - Sync 1 DAGs
[2023-09-15T16:41:17.599+0800] {logging_mixin.py:151} INFO - [2023-09-15T16:41:17.599+0800] {dag.py:3696} INFO - Setting next_dagrun for example_task_group to 2023-09-14T08:41:17.599044+00:00, run_after=2023-09-15T08:41:17.599044+00:00
[2023-09-15T16:41:17.610+0800] {processor.py:179} INFO - Processing /opt/homebrew/lib/python3.11/site-packages/airflow/example_dags/example_task_group.py took 0.136 seconds
[2023-09-15T16:43:04.976+0800] {processor.py:157} INFO - Started process (PID=81014) to work on /opt/homebrew/lib/python3.11/site-packages/airflow/example_dags/example_task_group.py
[2023-09-15T16:43:04.976+0800] {processor.py:829} INFO - Processing file /opt/homebrew/lib/python3.11/site-packages/airflow/example_dags/example_task_group.py for tasks to queue
[2023-09-15T16:43:04.976+0800] {logging_mixin.py:151} INFO - [2023-09-15T16:43:04.976+0800] {dagbag.py:539} INFO - Filling up the DagBag from /opt/homebrew/lib/python3.11/site-packages/airflow/example_dags/example_task_group.py
[2023-09-15T16:43:04.993+0800] {processor.py:839} INFO - DAG(s) dict_keys(['example_task_group']) retrieved from /opt/homebrew/lib/python3.11/site-packages/airflow/example_dags/example_task_group.py
[2023-09-15T16:43:05.089+0800] {logging_mixin.py:151} INFO - [2023-09-15T16:43:05.089+0800] {dag.py:2915} INFO - Sync 1 DAGs
[2023-09-15T16:43:05.098+0800] {logging_mixin.py:151} INFO - [2023-09-15T16:43:05.098+0800] {dag.py:3696} INFO - Setting next_dagrun for example_task_group to 2023-09-14T08:43:05.098287+00:00, run_after=2023-09-15T08:43:05.098287+00:00
[2023-09-15T16:43:05.110+0800] {processor.py:179} INFO - Processing /opt/homebrew/lib/python3.11/site-packages/airflow/example_dags/example_task_group.py took 0.134 seconds
[2023-09-15T16:44:44.686+0800] {processor.py:157} INFO - Started process (PID=81202) to work on /opt/homebrew/lib/python3.11/site-packages/airflow/example_dags/example_task_group.py
[2023-09-15T16:44:44.687+0800] {processor.py:829} INFO - Processing file /opt/homebrew/lib/python3.11/site-packages/airflow/example_dags/example_task_group.py for tasks to queue
[2023-09-15T16:44:44.687+0800] {logging_mixin.py:151} INFO - [2023-09-15T16:44:44.687+0800] {dagbag.py:539} INFO - Filling up the DagBag from /opt/homebrew/lib/python3.11/site-packages/airflow/example_dags/example_task_group.py
[2023-09-15T16:44:44.703+0800] {processor.py:839} INFO - DAG(s) dict_keys(['example_task_group']) retrieved from /opt/homebrew/lib/python3.11/site-packages/airflow/example_dags/example_task_group.py
[2023-09-15T16:44:44.800+0800] {logging_mixin.py:151} INFO - [2023-09-15T16:44:44.800+0800] {dag.py:2915} INFO - Sync 1 DAGs
[2023-09-15T16:44:44.808+0800] {logging_mixin.py:151} INFO - [2023-09-15T16:44:44.808+0800] {dag.py:3696} INFO - Setting next_dagrun for example_task_group to 2023-09-14T08:44:44.808544+00:00, run_after=2023-09-15T08:44:44.808544+00:00
[2023-09-15T16:44:44.819+0800] {processor.py:179} INFO - Processing /opt/homebrew/lib/python3.11/site-packages/airflow/example_dags/example_task_group.py took 0.134 seconds
[2023-09-15T16:46:31.311+0800] {processor.py:157} INFO - Started process (PID=81388) to work on /opt/homebrew/lib/python3.11/site-packages/airflow/example_dags/example_task_group.py
[2023-09-15T16:46:31.312+0800] {processor.py:829} INFO - Processing file /opt/homebrew/lib/python3.11/site-packages/airflow/example_dags/example_task_group.py for tasks to queue
[2023-09-15T16:46:31.312+0800] {logging_mixin.py:151} INFO - [2023-09-15T16:46:31.312+0800] {dagbag.py:539} INFO - Filling up the DagBag from /opt/homebrew/lib/python3.11/site-packages/airflow/example_dags/example_task_group.py
[2023-09-15T16:46:31.328+0800] {processor.py:839} INFO - DAG(s) dict_keys(['example_task_group']) retrieved from /opt/homebrew/lib/python3.11/site-packages/airflow/example_dags/example_task_group.py
[2023-09-15T16:46:31.424+0800] {logging_mixin.py:151} INFO - [2023-09-15T16:46:31.424+0800] {dag.py:2915} INFO - Sync 1 DAGs
[2023-09-15T16:46:31.432+0800] {logging_mixin.py:151} INFO - [2023-09-15T16:46:31.432+0800] {dag.py:3696} INFO - Setting next_dagrun for example_task_group to 2023-09-14T08:46:31.432476+00:00, run_after=2023-09-15T08:46:31.432476+00:00
[2023-09-15T16:46:31.443+0800] {processor.py:179} INFO - Processing /opt/homebrew/lib/python3.11/site-packages/airflow/example_dags/example_task_group.py took 0.132 seconds
[2023-09-15T16:48:16.812+0800] {processor.py:157} INFO - Started process (PID=81573) to work on /opt/homebrew/lib/python3.11/site-packages/airflow/example_dags/example_task_group.py
[2023-09-15T16:48:16.813+0800] {processor.py:829} INFO - Processing file /opt/homebrew/lib/python3.11/site-packages/airflow/example_dags/example_task_group.py for tasks to queue
[2023-09-15T16:48:16.813+0800] {logging_mixin.py:151} INFO - [2023-09-15T16:48:16.813+0800] {dagbag.py:539} INFO - Filling up the DagBag from /opt/homebrew/lib/python3.11/site-packages/airflow/example_dags/example_task_group.py
[2023-09-15T16:48:16.829+0800] {processor.py:839} INFO - DAG(s) dict_keys(['example_task_group']) retrieved from /opt/homebrew/lib/python3.11/site-packages/airflow/example_dags/example_task_group.py
[2023-09-15T16:48:16.925+0800] {logging_mixin.py:151} INFO - [2023-09-15T16:48:16.925+0800] {dag.py:2915} INFO - Sync 1 DAGs
[2023-09-15T16:48:16.934+0800] {logging_mixin.py:151} INFO - [2023-09-15T16:48:16.934+0800] {dag.py:3696} INFO - Setting next_dagrun for example_task_group to 2023-09-14T08:48:16.933971+00:00, run_after=2023-09-15T08:48:16.933971+00:00
[2023-09-15T16:48:16.944+0800] {processor.py:179} INFO - Processing /opt/homebrew/lib/python3.11/site-packages/airflow/example_dags/example_task_group.py took 0.133 seconds
[2023-09-15T16:50:01.222+0800] {processor.py:157} INFO - Started process (PID=81764) to work on /opt/homebrew/lib/python3.11/site-packages/airflow/example_dags/example_task_group.py
[2023-09-15T16:50:01.223+0800] {processor.py:829} INFO - Processing file /opt/homebrew/lib/python3.11/site-packages/airflow/example_dags/example_task_group.py for tasks to queue
[2023-09-15T16:50:01.223+0800] {logging_mixin.py:151} INFO - [2023-09-15T16:50:01.223+0800] {dagbag.py:539} INFO - Filling up the DagBag from /opt/homebrew/lib/python3.11/site-packages/airflow/example_dags/example_task_group.py
[2023-09-15T16:50:01.239+0800] {processor.py:839} INFO - DAG(s) dict_keys(['example_task_group']) retrieved from /opt/homebrew/lib/python3.11/site-packages/airflow/example_dags/example_task_group.py
[2023-09-15T16:50:01.334+0800] {logging_mixin.py:151} INFO - [2023-09-15T16:50:01.334+0800] {dag.py:2915} INFO - Sync 1 DAGs
[2023-09-15T16:50:01.342+0800] {logging_mixin.py:151} INFO - [2023-09-15T16:50:01.342+0800] {dag.py:3696} INFO - Setting next_dagrun for example_task_group to 2023-09-14T08:50:01.342661+00:00, run_after=2023-09-15T08:50:01.342661+00:00
[2023-09-15T16:50:01.353+0800] {processor.py:179} INFO - Processing /opt/homebrew/lib/python3.11/site-packages/airflow/example_dags/example_task_group.py took 0.132 seconds
[2023-09-15T16:51:47.035+0800] {processor.py:157} INFO - Started process (PID=81952) to work on /opt/homebrew/lib/python3.11/site-packages/airflow/example_dags/example_task_group.py
[2023-09-15T16:51:47.036+0800] {processor.py:829} INFO - Processing file /opt/homebrew/lib/python3.11/site-packages/airflow/example_dags/example_task_group.py for tasks to queue
[2023-09-15T16:51:47.036+0800] {logging_mixin.py:151} INFO - [2023-09-15T16:51:47.036+0800] {dagbag.py:539} INFO - Filling up the DagBag from /opt/homebrew/lib/python3.11/site-packages/airflow/example_dags/example_task_group.py
[2023-09-15T16:51:47.052+0800] {processor.py:839} INFO - DAG(s) dict_keys(['example_task_group']) retrieved from /opt/homebrew/lib/python3.11/site-packages/airflow/example_dags/example_task_group.py
[2023-09-15T16:51:47.150+0800] {logging_mixin.py:151} INFO - [2023-09-15T16:51:47.150+0800] {dag.py:2915} INFO - Sync 1 DAGs
[2023-09-15T16:51:47.159+0800] {logging_mixin.py:151} INFO - [2023-09-15T16:51:47.159+0800] {dag.py:3696} INFO - Setting next_dagrun for example_task_group to 2023-09-14T08:51:47.159010+00:00, run_after=2023-09-15T08:51:47.159010+00:00
[2023-09-15T16:51:47.170+0800] {processor.py:179} INFO - Processing /opt/homebrew/lib/python3.11/site-packages/airflow/example_dags/example_task_group.py took 0.135 seconds
[2023-09-15T16:53:30.153+0800] {processor.py:157} INFO - Started process (PID=82137) to work on /opt/homebrew/lib/python3.11/site-packages/airflow/example_dags/example_task_group.py
[2023-09-15T16:53:30.154+0800] {processor.py:829} INFO - Processing file /opt/homebrew/lib/python3.11/site-packages/airflow/example_dags/example_task_group.py for tasks to queue
[2023-09-15T16:53:30.154+0800] {logging_mixin.py:151} INFO - [2023-09-15T16:53:30.154+0800] {dagbag.py:539} INFO - Filling up the DagBag from /opt/homebrew/lib/python3.11/site-packages/airflow/example_dags/example_task_group.py
[2023-09-15T16:53:30.170+0800] {processor.py:839} INFO - DAG(s) dict_keys(['example_task_group']) retrieved from /opt/homebrew/lib/python3.11/site-packages/airflow/example_dags/example_task_group.py
[2023-09-15T16:53:30.266+0800] {logging_mixin.py:151} INFO - [2023-09-15T16:53:30.266+0800] {dag.py:2915} INFO - Sync 1 DAGs
[2023-09-15T16:53:30.274+0800] {logging_mixin.py:151} INFO - [2023-09-15T16:53:30.274+0800] {dag.py:3696} INFO - Setting next_dagrun for example_task_group to 2023-09-14T08:53:30.274693+00:00, run_after=2023-09-15T08:53:30.274693+00:00
[2023-09-15T16:53:30.285+0800] {processor.py:179} INFO - Processing /opt/homebrew/lib/python3.11/site-packages/airflow/example_dags/example_task_group.py took 0.132 seconds
[2023-09-15T16:55:17.590+0800] {processor.py:157} INFO - Started process (PID=82559) to work on /opt/homebrew/lib/python3.11/site-packages/airflow/example_dags/example_task_group.py
[2023-09-15T16:55:17.591+0800] {processor.py:829} INFO - Processing file /opt/homebrew/lib/python3.11/site-packages/airflow/example_dags/example_task_group.py for tasks to queue
[2023-09-15T16:55:17.591+0800] {logging_mixin.py:151} INFO - [2023-09-15T16:55:17.591+0800] {dagbag.py:539} INFO - Filling up the DagBag from /opt/homebrew/lib/python3.11/site-packages/airflow/example_dags/example_task_group.py
[2023-09-15T16:55:17.607+0800] {processor.py:839} INFO - DAG(s) dict_keys(['example_task_group']) retrieved from /opt/homebrew/lib/python3.11/site-packages/airflow/example_dags/example_task_group.py
[2023-09-15T16:55:17.702+0800] {logging_mixin.py:151} INFO - [2023-09-15T16:55:17.702+0800] {dag.py:2915} INFO - Sync 1 DAGs
[2023-09-15T16:55:17.711+0800] {logging_mixin.py:151} INFO - [2023-09-15T16:55:17.710+0800] {dag.py:3696} INFO - Setting next_dagrun for example_task_group to 2023-09-14T08:55:17.710834+00:00, run_after=2023-09-15T08:55:17.710834+00:00
[2023-09-15T16:55:17.722+0800] {processor.py:179} INFO - Processing /opt/homebrew/lib/python3.11/site-packages/airflow/example_dags/example_task_group.py took 0.132 seconds
[2023-09-15T20:35:05.612+0800] {processor.py:157} INFO - Started process (PID=82914) to work on /opt/homebrew/lib/python3.11/site-packages/airflow/example_dags/example_task_group.py
[2023-09-15T20:35:05.613+0800] {processor.py:829} INFO - Processing file /opt/homebrew/lib/python3.11/site-packages/airflow/example_dags/example_task_group.py for tasks to queue
[2023-09-15T20:35:05.613+0800] {logging_mixin.py:151} INFO - [2023-09-15T20:35:05.613+0800] {dagbag.py:539} INFO - Filling up the DagBag from /opt/homebrew/lib/python3.11/site-packages/airflow/example_dags/example_task_group.py
[2023-09-15T20:35:05.632+0800] {processor.py:839} INFO - DAG(s) dict_keys(['example_task_group']) retrieved from /opt/homebrew/lib/python3.11/site-packages/airflow/example_dags/example_task_group.py
[2023-09-15T20:35:05.748+0800] {logging_mixin.py:151} INFO - [2023-09-15T20:35:05.747+0800] {dag.py:2915} INFO - Sync 1 DAGs
[2023-09-15T20:35:05.757+0800] {logging_mixin.py:151} INFO - [2023-09-15T20:35:05.757+0800] {dag.py:3696} INFO - Setting next_dagrun for example_task_group to 2023-09-14T12:35:05.757294+00:00, run_after=2023-09-15T12:35:05.757294+00:00
[2023-09-15T20:35:05.770+0800] {processor.py:179} INFO - Processing /opt/homebrew/lib/python3.11/site-packages/airflow/example_dags/example_task_group.py took 0.158 seconds
[2023-09-15T23:42:56.780+0800] {processor.py:157} INFO - Started process (PID=83289) to work on /opt/homebrew/lib/python3.11/site-packages/airflow/example_dags/example_task_group.py
[2023-09-15T23:42:56.781+0800] {processor.py:829} INFO - Processing file /opt/homebrew/lib/python3.11/site-packages/airflow/example_dags/example_task_group.py for tasks to queue
[2023-09-15T23:42:56.781+0800] {logging_mixin.py:151} INFO - [2023-09-15T23:42:56.781+0800] {dagbag.py:539} INFO - Filling up the DagBag from /opt/homebrew/lib/python3.11/site-packages/airflow/example_dags/example_task_group.py
[2023-09-15T23:42:56.797+0800] {processor.py:839} INFO - DAG(s) dict_keys(['example_task_group']) retrieved from /opt/homebrew/lib/python3.11/site-packages/airflow/example_dags/example_task_group.py
[2023-09-15T23:42:56.893+0800] {logging_mixin.py:151} INFO - [2023-09-15T23:42:56.893+0800] {dag.py:2915} INFO - Sync 1 DAGs
[2023-09-15T23:42:56.902+0800] {logging_mixin.py:151} INFO - [2023-09-15T23:42:56.902+0800] {dag.py:3696} INFO - Setting next_dagrun for example_task_group to 2023-09-14T15:42:56.902027+00:00, run_after=2023-09-15T15:42:56.902027+00:00
[2023-09-15T23:42:56.913+0800] {processor.py:179} INFO - Processing /opt/homebrew/lib/python3.11/site-packages/airflow/example_dags/example_task_group.py took 0.133 seconds
[2023-09-16T03:04:40.076+0800] {processor.py:157} INFO - Started process (PID=83655) to work on /opt/homebrew/lib/python3.11/site-packages/airflow/example_dags/example_task_group.py
[2023-09-16T03:04:40.077+0800] {processor.py:829} INFO - Processing file /opt/homebrew/lib/python3.11/site-packages/airflow/example_dags/example_task_group.py for tasks to queue
[2023-09-16T03:04:40.077+0800] {logging_mixin.py:151} INFO - [2023-09-16T03:04:40.077+0800] {dagbag.py:539} INFO - Filling up the DagBag from /opt/homebrew/lib/python3.11/site-packages/airflow/example_dags/example_task_group.py
[2023-09-16T03:04:40.093+0800] {processor.py:839} INFO - DAG(s) dict_keys(['example_task_group']) retrieved from /opt/homebrew/lib/python3.11/site-packages/airflow/example_dags/example_task_group.py
[2023-09-16T03:04:40.187+0800] {logging_mixin.py:151} INFO - [2023-09-16T03:04:40.187+0800] {dag.py:2915} INFO - Sync 1 DAGs
[2023-09-16T03:04:40.196+0800] {logging_mixin.py:151} INFO - [2023-09-16T03:04:40.196+0800] {dag.py:3696} INFO - Setting next_dagrun for example_task_group to 2023-09-14T19:04:40.196023+00:00, run_after=2023-09-15T19:04:40.196023+00:00
[2023-09-16T03:04:40.207+0800] {processor.py:179} INFO - Processing /opt/homebrew/lib/python3.11/site-packages/airflow/example_dags/example_task_group.py took 0.131 seconds
[2023-09-16T06:22:01.178+0800] {processor.py:157} INFO - Started process (PID=83951) to work on /opt/homebrew/lib/python3.11/site-packages/airflow/example_dags/example_task_group.py
[2023-09-16T06:22:01.178+0800] {processor.py:829} INFO - Processing file /opt/homebrew/lib/python3.11/site-packages/airflow/example_dags/example_task_group.py for tasks to queue
[2023-09-16T06:22:01.178+0800] {logging_mixin.py:151} INFO - [2023-09-16T06:22:01.178+0800] {dagbag.py:539} INFO - Filling up the DagBag from /opt/homebrew/lib/python3.11/site-packages/airflow/example_dags/example_task_group.py
[2023-09-16T06:22:01.195+0800] {processor.py:839} INFO - DAG(s) dict_keys(['example_task_group']) retrieved from /opt/homebrew/lib/python3.11/site-packages/airflow/example_dags/example_task_group.py
[2023-09-16T06:22:01.291+0800] {logging_mixin.py:151} INFO - [2023-09-16T06:22:01.291+0800] {dag.py:2915} INFO - Sync 1 DAGs
[2023-09-16T06:22:01.299+0800] {logging_mixin.py:151} INFO - [2023-09-16T06:22:01.299+0800] {dag.py:3696} INFO - Setting next_dagrun for example_task_group to 2023-09-14T22:22:01.299656+00:00, run_after=2023-09-15T22:22:01.299656+00:00
[2023-09-16T06:22:01.310+0800] {processor.py:179} INFO - Processing /opt/homebrew/lib/python3.11/site-packages/airflow/example_dags/example_task_group.py took 0.133 seconds
