[2023-09-15T10:00:57.136+0800] {processor.py:157} INFO - Started process (PID=75821) to work on /opt/homebrew/lib/python3.11/site-packages/airflow/example_dags/example_nested_branch_dag.py
[2023-09-15T10:00:57.137+0800] {processor.py:829} INFO - Processing file /opt/homebrew/lib/python3.11/site-packages/airflow/example_dags/example_nested_branch_dag.py for tasks to queue
[2023-09-15T10:00:57.137+0800] {logging_mixin.py:151} INFO - [2023-09-15T10:00:57.137+0800] {dagbag.py:539} INFO - Filling up the DagBag from /opt/homebrew/lib/python3.11/site-packages/airflow/example_dags/example_nested_branch_dag.py
[2023-09-15T10:00:57.171+0800] {processor.py:839} INFO - DAG(s) dict_keys(['example_nested_branch_dag']) retrieved from /opt/homebrew/lib/python3.11/site-packages/airflow/example_dags/example_nested_branch_dag.py
[2023-09-15T10:00:57.271+0800] {logging_mixin.py:151} INFO - [2023-09-15T10:00:57.271+0800] {dag.py:2915} INFO - Sync 1 DAGs
[2023-09-15T10:00:57.280+0800] {logging_mixin.py:151} INFO - [2023-09-15T10:00:57.280+0800] {dag.py:3696} INFO - Setting next_dagrun for example_nested_branch_dag to 2023-09-14T00:00:00+00:00, run_after=2023-09-15T00:00:00+00:00
[2023-09-15T10:00:57.291+0800] {processor.py:179} INFO - Processing /opt/homebrew/lib/python3.11/site-packages/airflow/example_dags/example_nested_branch_dag.py took 0.155 seconds
[2023-09-15T13:08:26.673+0800] {processor.py:157} INFO - Started process (PID=76114) to work on /opt/homebrew/lib/python3.11/site-packages/airflow/example_dags/example_nested_branch_dag.py
[2023-09-15T13:08:26.674+0800] {processor.py:829} INFO - Processing file /opt/homebrew/lib/python3.11/site-packages/airflow/example_dags/example_nested_branch_dag.py for tasks to queue
[2023-09-15T13:08:26.674+0800] {logging_mixin.py:151} INFO - [2023-09-15T13:08:26.674+0800] {dagbag.py:539} INFO - Filling up the DagBag from /opt/homebrew/lib/python3.11/site-packages/airflow/example_dags/example_nested_branch_dag.py
[2023-09-15T13:08:26.707+0800] {processor.py:839} INFO - DAG(s) dict_keys(['example_nested_branch_dag']) retrieved from /opt/homebrew/lib/python3.11/site-packages/airflow/example_dags/example_nested_branch_dag.py
[2023-09-15T13:08:26.801+0800] {logging_mixin.py:151} INFO - [2023-09-15T13:08:26.800+0800] {dag.py:2915} INFO - Sync 1 DAGs
[2023-09-15T13:08:26.810+0800] {logging_mixin.py:151} INFO - [2023-09-15T13:08:26.810+0800] {dag.py:3696} INFO - Setting next_dagrun for example_nested_branch_dag to 2023-09-14T00:00:00+00:00, run_after=2023-09-15T00:00:00+00:00
[2023-09-15T13:08:26.820+0800] {processor.py:179} INFO - Processing /opt/homebrew/lib/python3.11/site-packages/airflow/example_dags/example_nested_branch_dag.py took 0.147 seconds
[2023-09-15T16:00:15.550+0800] {processor.py:157} INFO - Started process (PID=76412) to work on /opt/homebrew/lib/python3.11/site-packages/airflow/example_dags/example_nested_branch_dag.py
[2023-09-15T16:00:15.550+0800] {processor.py:829} INFO - Processing file /opt/homebrew/lib/python3.11/site-packages/airflow/example_dags/example_nested_branch_dag.py for tasks to queue
[2023-09-15T16:00:15.551+0800] {logging_mixin.py:151} INFO - [2023-09-15T16:00:15.551+0800] {dagbag.py:539} INFO - Filling up the DagBag from /opt/homebrew/lib/python3.11/site-packages/airflow/example_dags/example_nested_branch_dag.py
[2023-09-15T16:00:15.583+0800] {processor.py:839} INFO - DAG(s) dict_keys(['example_nested_branch_dag']) retrieved from /opt/homebrew/lib/python3.11/site-packages/airflow/example_dags/example_nested_branch_dag.py
[2023-09-15T16:00:15.677+0800] {logging_mixin.py:151} INFO - [2023-09-15T16:00:15.677+0800] {dag.py:2915} INFO - Sync 1 DAGs
[2023-09-15T16:00:15.686+0800] {logging_mixin.py:151} INFO - [2023-09-15T16:00:15.686+0800] {dag.py:3696} INFO - Setting next_dagrun for example_nested_branch_dag to 2023-09-14T00:00:00+00:00, run_after=2023-09-15T00:00:00+00:00
[2023-09-15T16:00:15.696+0800] {processor.py:179} INFO - Processing /opt/homebrew/lib/python3.11/site-packages/airflow/example_dags/example_nested_branch_dag.py took 0.147 seconds
[2023-09-15T16:06:44.334+0800] {processor.py:157} INFO - Started process (PID=76578) to work on /opt/homebrew/lib/python3.11/site-packages/airflow/example_dags/example_nested_branch_dag.py
[2023-09-15T16:06:44.335+0800] {processor.py:829} INFO - Processing file /opt/homebrew/lib/python3.11/site-packages/airflow/example_dags/example_nested_branch_dag.py for tasks to queue
[2023-09-15T16:06:44.335+0800] {logging_mixin.py:151} INFO - [2023-09-15T16:06:44.335+0800] {dagbag.py:539} INFO - Filling up the DagBag from /opt/homebrew/lib/python3.11/site-packages/airflow/example_dags/example_nested_branch_dag.py
[2023-09-15T16:06:44.378+0800] {processor.py:839} INFO - DAG(s) dict_keys(['example_nested_branch_dag']) retrieved from /opt/homebrew/lib/python3.11/site-packages/airflow/example_dags/example_nested_branch_dag.py
[2023-09-15T16:06:44.503+0800] {logging_mixin.py:151} INFO - [2023-09-15T16:06:44.503+0800] {dag.py:2915} INFO - Sync 1 DAGs
[2023-09-15T16:06:44.514+0800] {logging_mixin.py:151} INFO - [2023-09-15T16:06:44.514+0800] {dag.py:3696} INFO - Setting next_dagrun for example_nested_branch_dag to 2023-09-14T00:00:00+00:00, run_after=2023-09-15T00:00:00+00:00
[2023-09-15T16:06:44.527+0800] {processor.py:179} INFO - Processing /opt/homebrew/lib/python3.11/site-packages/airflow/example_dags/example_nested_branch_dag.py took 0.194 seconds
[2023-09-15T16:08:26.413+0800] {processor.py:157} INFO - Started process (PID=76803) to work on /opt/homebrew/lib/python3.11/site-packages/airflow/example_dags/example_nested_branch_dag.py
[2023-09-15T16:08:26.414+0800] {processor.py:829} INFO - Processing file /opt/homebrew/lib/python3.11/site-packages/airflow/example_dags/example_nested_branch_dag.py for tasks to queue
[2023-09-15T16:08:26.414+0800] {logging_mixin.py:151} INFO - [2023-09-15T16:08:26.414+0800] {dagbag.py:539} INFO - Filling up the DagBag from /opt/homebrew/lib/python3.11/site-packages/airflow/example_dags/example_nested_branch_dag.py
[2023-09-15T16:08:26.448+0800] {processor.py:839} INFO - DAG(s) dict_keys(['example_nested_branch_dag']) retrieved from /opt/homebrew/lib/python3.11/site-packages/airflow/example_dags/example_nested_branch_dag.py
[2023-09-15T16:08:26.544+0800] {logging_mixin.py:151} INFO - [2023-09-15T16:08:26.544+0800] {dag.py:2915} INFO - Sync 1 DAGs
[2023-09-15T16:08:26.553+0800] {logging_mixin.py:151} INFO - [2023-09-15T16:08:26.553+0800] {dag.py:3696} INFO - Setting next_dagrun for example_nested_branch_dag to 2023-09-14T00:00:00+00:00, run_after=2023-09-15T00:00:00+00:00
[2023-09-15T16:08:26.563+0800] {processor.py:179} INFO - Processing /opt/homebrew/lib/python3.11/site-packages/airflow/example_dags/example_nested_branch_dag.py took 0.151 seconds
[2023-09-15T16:10:13.415+0800] {processor.py:157} INFO - Started process (PID=77018) to work on /opt/homebrew/lib/python3.11/site-packages/airflow/example_dags/example_nested_branch_dag.py
[2023-09-15T16:10:13.416+0800] {processor.py:829} INFO - Processing file /opt/homebrew/lib/python3.11/site-packages/airflow/example_dags/example_nested_branch_dag.py for tasks to queue
[2023-09-15T16:10:13.416+0800] {logging_mixin.py:151} INFO - [2023-09-15T16:10:13.416+0800] {dagbag.py:539} INFO - Filling up the DagBag from /opt/homebrew/lib/python3.11/site-packages/airflow/example_dags/example_nested_branch_dag.py
[2023-09-15T16:10:13.448+0800] {processor.py:839} INFO - DAG(s) dict_keys(['example_nested_branch_dag']) retrieved from /opt/homebrew/lib/python3.11/site-packages/airflow/example_dags/example_nested_branch_dag.py
[2023-09-15T16:10:13.542+0800] {logging_mixin.py:151} INFO - [2023-09-15T16:10:13.542+0800] {dag.py:2915} INFO - Sync 1 DAGs
[2023-09-15T16:10:13.551+0800] {logging_mixin.py:151} INFO - [2023-09-15T16:10:13.551+0800] {dag.py:3696} INFO - Setting next_dagrun for example_nested_branch_dag to 2023-09-14T00:00:00+00:00, run_after=2023-09-15T00:00:00+00:00
[2023-09-15T16:10:13.561+0800] {processor.py:179} INFO - Processing /opt/homebrew/lib/python3.11/site-packages/airflow/example_dags/example_nested_branch_dag.py took 0.146 seconds
[2023-09-15T16:11:57.451+0800] {processor.py:157} INFO - Started process (PID=77211) to work on /opt/homebrew/lib/python3.11/site-packages/airflow/example_dags/example_nested_branch_dag.py
[2023-09-15T16:11:57.451+0800] {processor.py:829} INFO - Processing file /opt/homebrew/lib/python3.11/site-packages/airflow/example_dags/example_nested_branch_dag.py for tasks to queue
[2023-09-15T16:11:57.451+0800] {logging_mixin.py:151} INFO - [2023-09-15T16:11:57.451+0800] {dagbag.py:539} INFO - Filling up the DagBag from /opt/homebrew/lib/python3.11/site-packages/airflow/example_dags/example_nested_branch_dag.py
[2023-09-15T16:11:57.483+0800] {processor.py:839} INFO - DAG(s) dict_keys(['example_nested_branch_dag']) retrieved from /opt/homebrew/lib/python3.11/site-packages/airflow/example_dags/example_nested_branch_dag.py
[2023-09-15T16:11:57.576+0800] {logging_mixin.py:151} INFO - [2023-09-15T16:11:57.576+0800] {dag.py:2915} INFO - Sync 1 DAGs
[2023-09-15T16:11:57.585+0800] {logging_mixin.py:151} INFO - [2023-09-15T16:11:57.585+0800] {dag.py:3696} INFO - Setting next_dagrun for example_nested_branch_dag to 2023-09-14T00:00:00+00:00, run_after=2023-09-15T00:00:00+00:00
[2023-09-15T16:11:57.595+0800] {processor.py:179} INFO - Processing /opt/homebrew/lib/python3.11/site-packages/airflow/example_dags/example_nested_branch_dag.py took 0.145 seconds
[2023-09-15T16:13:43.352+0800] {processor.py:157} INFO - Started process (PID=77405) to work on /opt/homebrew/lib/python3.11/site-packages/airflow/example_dags/example_nested_branch_dag.py
[2023-09-15T16:13:43.352+0800] {processor.py:829} INFO - Processing file /opt/homebrew/lib/python3.11/site-packages/airflow/example_dags/example_nested_branch_dag.py for tasks to queue
[2023-09-15T16:13:43.353+0800] {logging_mixin.py:151} INFO - [2023-09-15T16:13:43.353+0800] {dagbag.py:539} INFO - Filling up the DagBag from /opt/homebrew/lib/python3.11/site-packages/airflow/example_dags/example_nested_branch_dag.py
[2023-09-15T16:13:43.385+0800] {processor.py:839} INFO - DAG(s) dict_keys(['example_nested_branch_dag']) retrieved from /opt/homebrew/lib/python3.11/site-packages/airflow/example_dags/example_nested_branch_dag.py
[2023-09-15T16:13:43.479+0800] {logging_mixin.py:151} INFO - [2023-09-15T16:13:43.478+0800] {dag.py:2915} INFO - Sync 1 DAGs
[2023-09-15T16:13:43.488+0800] {logging_mixin.py:151} INFO - [2023-09-15T16:13:43.488+0800] {dag.py:3696} INFO - Setting next_dagrun for example_nested_branch_dag to 2023-09-14T00:00:00+00:00, run_after=2023-09-15T00:00:00+00:00
[2023-09-15T16:13:43.497+0800] {processor.py:179} INFO - Processing /opt/homebrew/lib/python3.11/site-packages/airflow/example_dags/example_nested_branch_dag.py took 0.146 seconds
[2023-09-15T16:15:28.625+0800] {processor.py:157} INFO - Started process (PID=77591) to work on /opt/homebrew/lib/python3.11/site-packages/airflow/example_dags/example_nested_branch_dag.py
[2023-09-15T16:15:28.626+0800] {processor.py:829} INFO - Processing file /opt/homebrew/lib/python3.11/site-packages/airflow/example_dags/example_nested_branch_dag.py for tasks to queue
[2023-09-15T16:15:28.626+0800] {logging_mixin.py:151} INFO - [2023-09-15T16:15:28.626+0800] {dagbag.py:539} INFO - Filling up the DagBag from /opt/homebrew/lib/python3.11/site-packages/airflow/example_dags/example_nested_branch_dag.py
[2023-09-15T16:15:28.659+0800] {processor.py:839} INFO - DAG(s) dict_keys(['example_nested_branch_dag']) retrieved from /opt/homebrew/lib/python3.11/site-packages/airflow/example_dags/example_nested_branch_dag.py
[2023-09-15T16:15:28.753+0800] {logging_mixin.py:151} INFO - [2023-09-15T16:15:28.753+0800] {dag.py:2915} INFO - Sync 1 DAGs
[2023-09-15T16:15:28.762+0800] {logging_mixin.py:151} INFO - [2023-09-15T16:15:28.762+0800] {dag.py:3696} INFO - Setting next_dagrun for example_nested_branch_dag to 2023-09-14T00:00:00+00:00, run_after=2023-09-15T00:00:00+00:00
[2023-09-15T16:15:28.772+0800] {processor.py:179} INFO - Processing /opt/homebrew/lib/python3.11/site-packages/airflow/example_dags/example_nested_branch_dag.py took 0.147 seconds
[2023-09-15T16:17:11.021+0800] {processor.py:157} INFO - Started process (PID=77787) to work on /opt/homebrew/lib/python3.11/site-packages/airflow/example_dags/example_nested_branch_dag.py
[2023-09-15T16:17:11.021+0800] {processor.py:829} INFO - Processing file /opt/homebrew/lib/python3.11/site-packages/airflow/example_dags/example_nested_branch_dag.py for tasks to queue
[2023-09-15T16:17:11.021+0800] {logging_mixin.py:151} INFO - [2023-09-15T16:17:11.021+0800] {dagbag.py:539} INFO - Filling up the DagBag from /opt/homebrew/lib/python3.11/site-packages/airflow/example_dags/example_nested_branch_dag.py
[2023-09-15T16:17:11.054+0800] {processor.py:839} INFO - DAG(s) dict_keys(['example_nested_branch_dag']) retrieved from /opt/homebrew/lib/python3.11/site-packages/airflow/example_dags/example_nested_branch_dag.py
[2023-09-15T16:17:11.147+0800] {logging_mixin.py:151} INFO - [2023-09-15T16:17:11.147+0800] {dag.py:2915} INFO - Sync 1 DAGs
[2023-09-15T16:17:11.157+0800] {logging_mixin.py:151} INFO - [2023-09-15T16:17:11.156+0800] {dag.py:3696} INFO - Setting next_dagrun for example_nested_branch_dag to 2023-09-14T00:00:00+00:00, run_after=2023-09-15T00:00:00+00:00
[2023-09-15T16:17:11.167+0800] {processor.py:179} INFO - Processing /opt/homebrew/lib/python3.11/site-packages/airflow/example_dags/example_nested_branch_dag.py took 0.146 seconds
[2023-09-15T16:18:55.190+0800] {processor.py:157} INFO - Started process (PID=77971) to work on /opt/homebrew/lib/python3.11/site-packages/airflow/example_dags/example_nested_branch_dag.py
[2023-09-15T16:18:55.191+0800] {processor.py:829} INFO - Processing file /opt/homebrew/lib/python3.11/site-packages/airflow/example_dags/example_nested_branch_dag.py for tasks to queue
[2023-09-15T16:18:55.191+0800] {logging_mixin.py:151} INFO - [2023-09-15T16:18:55.191+0800] {dagbag.py:539} INFO - Filling up the DagBag from /opt/homebrew/lib/python3.11/site-packages/airflow/example_dags/example_nested_branch_dag.py
[2023-09-15T16:18:55.223+0800] {processor.py:839} INFO - DAG(s) dict_keys(['example_nested_branch_dag']) retrieved from /opt/homebrew/lib/python3.11/site-packages/airflow/example_dags/example_nested_branch_dag.py
[2023-09-15T16:18:55.317+0800] {logging_mixin.py:151} INFO - [2023-09-15T16:18:55.317+0800] {dag.py:2915} INFO - Sync 1 DAGs
[2023-09-15T16:18:55.326+0800] {logging_mixin.py:151} INFO - [2023-09-15T16:18:55.326+0800] {dag.py:3696} INFO - Setting next_dagrun for example_nested_branch_dag to 2023-09-14T00:00:00+00:00, run_after=2023-09-15T00:00:00+00:00
[2023-09-15T16:18:55.336+0800] {processor.py:179} INFO - Processing /opt/homebrew/lib/python3.11/site-packages/airflow/example_dags/example_nested_branch_dag.py took 0.146 seconds
[2023-09-15T16:20:41.638+0800] {processor.py:157} INFO - Started process (PID=78163) to work on /opt/homebrew/lib/python3.11/site-packages/airflow/example_dags/example_nested_branch_dag.py
[2023-09-15T16:20:41.639+0800] {processor.py:829} INFO - Processing file /opt/homebrew/lib/python3.11/site-packages/airflow/example_dags/example_nested_branch_dag.py for tasks to queue
[2023-09-15T16:20:41.639+0800] {logging_mixin.py:151} INFO - [2023-09-15T16:20:41.639+0800] {dagbag.py:539} INFO - Filling up the DagBag from /opt/homebrew/lib/python3.11/site-packages/airflow/example_dags/example_nested_branch_dag.py
[2023-09-15T16:20:41.671+0800] {processor.py:839} INFO - DAG(s) dict_keys(['example_nested_branch_dag']) retrieved from /opt/homebrew/lib/python3.11/site-packages/airflow/example_dags/example_nested_branch_dag.py
[2023-09-15T16:20:41.766+0800] {logging_mixin.py:151} INFO - [2023-09-15T16:20:41.766+0800] {dag.py:2915} INFO - Sync 1 DAGs
[2023-09-15T16:20:41.775+0800] {logging_mixin.py:151} INFO - [2023-09-15T16:20:41.775+0800] {dag.py:3696} INFO - Setting next_dagrun for example_nested_branch_dag to 2023-09-14T00:00:00+00:00, run_after=2023-09-15T00:00:00+00:00
[2023-09-15T16:20:41.785+0800] {processor.py:179} INFO - Processing /opt/homebrew/lib/python3.11/site-packages/airflow/example_dags/example_nested_branch_dag.py took 0.148 seconds
[2023-09-15T16:22:28.644+0800] {processor.py:157} INFO - Started process (PID=78360) to work on /opt/homebrew/lib/python3.11/site-packages/airflow/example_dags/example_nested_branch_dag.py
[2023-09-15T16:22:28.644+0800] {processor.py:829} INFO - Processing file /opt/homebrew/lib/python3.11/site-packages/airflow/example_dags/example_nested_branch_dag.py for tasks to queue
[2023-09-15T16:22:28.645+0800] {logging_mixin.py:151} INFO - [2023-09-15T16:22:28.645+0800] {dagbag.py:539} INFO - Filling up the DagBag from /opt/homebrew/lib/python3.11/site-packages/airflow/example_dags/example_nested_branch_dag.py
[2023-09-15T16:22:28.677+0800] {processor.py:839} INFO - DAG(s) dict_keys(['example_nested_branch_dag']) retrieved from /opt/homebrew/lib/python3.11/site-packages/airflow/example_dags/example_nested_branch_dag.py
[2023-09-15T16:22:28.770+0800] {logging_mixin.py:151} INFO - [2023-09-15T16:22:28.770+0800] {dag.py:2915} INFO - Sync 1 DAGs
[2023-09-15T16:22:28.779+0800] {logging_mixin.py:151} INFO - [2023-09-15T16:22:28.779+0800] {dag.py:3696} INFO - Setting next_dagrun for example_nested_branch_dag to 2023-09-14T00:00:00+00:00, run_after=2023-09-15T00:00:00+00:00
[2023-09-15T16:22:28.789+0800] {processor.py:179} INFO - Processing /opt/homebrew/lib/python3.11/site-packages/airflow/example_dags/example_nested_branch_dag.py took 0.146 seconds
[2023-09-15T16:24:10.654+0800] {processor.py:157} INFO - Started process (PID=78544) to work on /opt/homebrew/lib/python3.11/site-packages/airflow/example_dags/example_nested_branch_dag.py
[2023-09-15T16:24:10.655+0800] {processor.py:829} INFO - Processing file /opt/homebrew/lib/python3.11/site-packages/airflow/example_dags/example_nested_branch_dag.py for tasks to queue
[2023-09-15T16:24:10.655+0800] {logging_mixin.py:151} INFO - [2023-09-15T16:24:10.655+0800] {dagbag.py:539} INFO - Filling up the DagBag from /opt/homebrew/lib/python3.11/site-packages/airflow/example_dags/example_nested_branch_dag.py
[2023-09-15T16:24:10.687+0800] {processor.py:839} INFO - DAG(s) dict_keys(['example_nested_branch_dag']) retrieved from /opt/homebrew/lib/python3.11/site-packages/airflow/example_dags/example_nested_branch_dag.py
[2023-09-15T16:24:10.780+0800] {logging_mixin.py:151} INFO - [2023-09-15T16:24:10.780+0800] {dag.py:2915} INFO - Sync 1 DAGs
[2023-09-15T16:24:10.789+0800] {logging_mixin.py:151} INFO - [2023-09-15T16:24:10.789+0800] {dag.py:3696} INFO - Setting next_dagrun for example_nested_branch_dag to 2023-09-14T00:00:00+00:00, run_after=2023-09-15T00:00:00+00:00
[2023-09-15T16:24:10.799+0800] {processor.py:179} INFO - Processing /opt/homebrew/lib/python3.11/site-packages/airflow/example_dags/example_nested_branch_dag.py took 0.145 seconds
[2023-09-15T16:25:54.236+0800] {processor.py:157} INFO - Started process (PID=78727) to work on /opt/homebrew/lib/python3.11/site-packages/airflow/example_dags/example_nested_branch_dag.py
[2023-09-15T16:25:54.236+0800] {processor.py:829} INFO - Processing file /opt/homebrew/lib/python3.11/site-packages/airflow/example_dags/example_nested_branch_dag.py for tasks to queue
[2023-09-15T16:25:54.237+0800] {logging_mixin.py:151} INFO - [2023-09-15T16:25:54.237+0800] {dagbag.py:539} INFO - Filling up the DagBag from /opt/homebrew/lib/python3.11/site-packages/airflow/example_dags/example_nested_branch_dag.py
[2023-09-15T16:25:54.269+0800] {processor.py:839} INFO - DAG(s) dict_keys(['example_nested_branch_dag']) retrieved from /opt/homebrew/lib/python3.11/site-packages/airflow/example_dags/example_nested_branch_dag.py
[2023-09-15T16:25:54.362+0800] {logging_mixin.py:151} INFO - [2023-09-15T16:25:54.362+0800] {dag.py:2915} INFO - Sync 1 DAGs
[2023-09-15T16:25:54.371+0800] {logging_mixin.py:151} INFO - [2023-09-15T16:25:54.371+0800] {dag.py:3696} INFO - Setting next_dagrun for example_nested_branch_dag to 2023-09-14T00:00:00+00:00, run_after=2023-09-15T00:00:00+00:00
[2023-09-15T16:25:54.380+0800] {processor.py:179} INFO - Processing /opt/homebrew/lib/python3.11/site-packages/airflow/example_dags/example_nested_branch_dag.py took 0.145 seconds
[2023-09-15T16:27:37.309+0800] {processor.py:157} INFO - Started process (PID=78912) to work on /opt/homebrew/lib/python3.11/site-packages/airflow/example_dags/example_nested_branch_dag.py
[2023-09-15T16:27:37.309+0800] {processor.py:829} INFO - Processing file /opt/homebrew/lib/python3.11/site-packages/airflow/example_dags/example_nested_branch_dag.py for tasks to queue
[2023-09-15T16:27:37.310+0800] {logging_mixin.py:151} INFO - [2023-09-15T16:27:37.310+0800] {dagbag.py:539} INFO - Filling up the DagBag from /opt/homebrew/lib/python3.11/site-packages/airflow/example_dags/example_nested_branch_dag.py
[2023-09-15T16:27:37.342+0800] {processor.py:839} INFO - DAG(s) dict_keys(['example_nested_branch_dag']) retrieved from /opt/homebrew/lib/python3.11/site-packages/airflow/example_dags/example_nested_branch_dag.py
[2023-09-15T16:27:37.436+0800] {logging_mixin.py:151} INFO - [2023-09-15T16:27:37.436+0800] {dag.py:2915} INFO - Sync 1 DAGs
[2023-09-15T16:27:37.445+0800] {logging_mixin.py:151} INFO - [2023-09-15T16:27:37.445+0800] {dag.py:3696} INFO - Setting next_dagrun for example_nested_branch_dag to 2023-09-14T00:00:00+00:00, run_after=2023-09-15T00:00:00+00:00
[2023-09-15T16:27:37.455+0800] {processor.py:179} INFO - Processing /opt/homebrew/lib/python3.11/site-packages/airflow/example_dags/example_nested_branch_dag.py took 0.146 seconds
[2023-09-15T16:29:16.987+0800] {processor.py:157} INFO - Started process (PID=79090) to work on /opt/homebrew/lib/python3.11/site-packages/airflow/example_dags/example_nested_branch_dag.py
[2023-09-15T16:29:16.988+0800] {processor.py:829} INFO - Processing file /opt/homebrew/lib/python3.11/site-packages/airflow/example_dags/example_nested_branch_dag.py for tasks to queue
[2023-09-15T16:29:16.988+0800] {logging_mixin.py:151} INFO - [2023-09-15T16:29:16.988+0800] {dagbag.py:539} INFO - Filling up the DagBag from /opt/homebrew/lib/python3.11/site-packages/airflow/example_dags/example_nested_branch_dag.py
[2023-09-15T16:29:17.020+0800] {processor.py:839} INFO - DAG(s) dict_keys(['example_nested_branch_dag']) retrieved from /opt/homebrew/lib/python3.11/site-packages/airflow/example_dags/example_nested_branch_dag.py
[2023-09-15T16:29:17.113+0800] {logging_mixin.py:151} INFO - [2023-09-15T16:29:17.113+0800] {dag.py:2915} INFO - Sync 1 DAGs
[2023-09-15T16:29:17.122+0800] {logging_mixin.py:151} INFO - [2023-09-15T16:29:17.122+0800] {dag.py:3696} INFO - Setting next_dagrun for example_nested_branch_dag to 2023-09-14T00:00:00+00:00, run_after=2023-09-15T00:00:00+00:00
[2023-09-15T16:29:17.132+0800] {processor.py:179} INFO - Processing /opt/homebrew/lib/python3.11/site-packages/airflow/example_dags/example_nested_branch_dag.py took 0.145 seconds
