[2023-09-15T10:17:16.072+0800] {processor.py:157} INFO - Started process (PID=75852) to work on /opt/homebrew/lib/python3.11/site-packages/airflow/example_dags/example_dynamic_task_mapping_with_no_taskflow_operators.py
[2023-09-15T10:17:16.073+0800] {processor.py:829} INFO - Processing file /opt/homebrew/lib/python3.11/site-packages/airflow/example_dags/example_dynamic_task_mapping_with_no_taskflow_operators.py for tasks to queue
[2023-09-15T10:17:16.073+0800] {logging_mixin.py:151} INFO - [2023-09-15T10:17:16.073+0800] {dagbag.py:539} INFO - Filling up the DagBag from /opt/homebrew/lib/python3.11/site-packages/airflow/example_dags/example_dynamic_task_mapping_with_no_taskflow_operators.py
[2023-09-15T10:17:16.088+0800] {processor.py:839} INFO - DAG(s) dict_keys(['example_dynamic_task_mapping_with_no_taskflow_operators']) retrieved from /opt/homebrew/lib/python3.11/site-packages/airflow/example_dags/example_dynamic_task_mapping_with_no_taskflow_operators.py
[2023-09-15T10:24:12.877+0800] {logging_mixin.py:151} INFO - [2023-09-15T10:24:12.877+0800] {security.py:708} INFO - Not syncing DAG-level permissions for DAG 'DAG:example_dynamic_task_mapping_with_no_taskflow_operators' as access control is unset.
[2023-09-15T10:24:12.878+0800] {logging_mixin.py:151} INFO - [2023-09-15T10:24:12.877+0800] {dag.py:2915} INFO - Sync 1 DAGs
[2023-09-15T10:24:12.887+0800] {logging_mixin.py:151} INFO - [2023-09-15T10:24:12.887+0800] {dag.py:3696} INFO - Setting next_dagrun for example_dynamic_task_mapping_with_no_taskflow_operators to 2023-09-14T02:24:12.887126+00:00, run_after=2023-09-15T02:24:12.887126+00:00
[2023-09-15T10:24:12.899+0800] {processor.py:179} INFO - Processing /opt/homebrew/lib/python3.11/site-packages/airflow/example_dags/example_dynamic_task_mapping_with_no_taskflow_operators.py took 1.938 seconds
[2023-09-15T13:25:25.268+0800] {processor.py:157} INFO - Started process (PID=76155) to work on /opt/homebrew/lib/python3.11/site-packages/airflow/example_dags/example_dynamic_task_mapping_with_no_taskflow_operators.py
[2023-09-15T13:25:25.269+0800] {processor.py:829} INFO - Processing file /opt/homebrew/lib/python3.11/site-packages/airflow/example_dags/example_dynamic_task_mapping_with_no_taskflow_operators.py for tasks to queue
[2023-09-15T13:25:25.270+0800] {logging_mixin.py:151} INFO - [2023-09-15T13:25:25.270+0800] {dagbag.py:539} INFO - Filling up the DagBag from /opt/homebrew/lib/python3.11/site-packages/airflow/example_dags/example_dynamic_task_mapping_with_no_taskflow_operators.py
[2023-09-15T13:25:25.284+0800] {processor.py:839} INFO - DAG(s) dict_keys(['example_dynamic_task_mapping_with_no_taskflow_operators']) retrieved from /opt/homebrew/lib/python3.11/site-packages/airflow/example_dags/example_dynamic_task_mapping_with_no_taskflow_operators.py
[2023-09-15T13:25:25.379+0800] {logging_mixin.py:151} INFO - [2023-09-15T13:25:25.379+0800] {dag.py:2915} INFO - Sync 1 DAGs
[2023-09-15T13:25:25.388+0800] {logging_mixin.py:151} INFO - [2023-09-15T13:25:25.388+0800] {dag.py:3696} INFO - Setting next_dagrun for example_dynamic_task_mapping_with_no_taskflow_operators to 2023-09-14T05:25:25.388270+00:00, run_after=2023-09-15T05:25:25.388270+00:00
[2023-09-15T13:25:25.399+0800] {processor.py:179} INFO - Processing /opt/homebrew/lib/python3.11/site-packages/airflow/example_dags/example_dynamic_task_mapping_with_no_taskflow_operators.py took 0.131 seconds
[2023-09-15T16:05:32.365+0800] {processor.py:157} INFO - Started process (PID=76451) to work on /opt/homebrew/lib/python3.11/site-packages/airflow/example_dags/example_dynamic_task_mapping_with_no_taskflow_operators.py
[2023-09-15T16:05:32.366+0800] {processor.py:829} INFO - Processing file /opt/homebrew/lib/python3.11/site-packages/airflow/example_dags/example_dynamic_task_mapping_with_no_taskflow_operators.py for tasks to queue
[2023-09-15T16:05:32.366+0800] {logging_mixin.py:151} INFO - [2023-09-15T16:05:32.366+0800] {dagbag.py:539} INFO - Filling up the DagBag from /opt/homebrew/lib/python3.11/site-packages/airflow/example_dags/example_dynamic_task_mapping_with_no_taskflow_operators.py
[2023-09-15T16:05:32.381+0800] {processor.py:839} INFO - DAG(s) dict_keys(['example_dynamic_task_mapping_with_no_taskflow_operators']) retrieved from /opt/homebrew/lib/python3.11/site-packages/airflow/example_dags/example_dynamic_task_mapping_with_no_taskflow_operators.py
[2023-09-15T16:05:32.475+0800] {logging_mixin.py:151} INFO - [2023-09-15T16:05:32.475+0800] {dag.py:2915} INFO - Sync 1 DAGs
[2023-09-15T16:05:32.484+0800] {logging_mixin.py:151} INFO - [2023-09-15T16:05:32.483+0800] {dag.py:3696} INFO - Setting next_dagrun for example_dynamic_task_mapping_with_no_taskflow_operators to 2023-09-14T08:05:32.483886+00:00, run_after=2023-09-15T08:05:32.483886+00:00
[2023-09-15T16:05:32.494+0800] {processor.py:179} INFO - Processing /opt/homebrew/lib/python3.11/site-packages/airflow/example_dags/example_dynamic_task_mapping_with_no_taskflow_operators.py took 0.129 seconds
[2023-09-15T16:07:20.695+0800] {processor.py:157} INFO - Started process (PID=76655) to work on /opt/homebrew/lib/python3.11/site-packages/airflow/example_dags/example_dynamic_task_mapping_with_no_taskflow_operators.py
[2023-09-15T16:07:20.696+0800] {processor.py:829} INFO - Processing file /opt/homebrew/lib/python3.11/site-packages/airflow/example_dags/example_dynamic_task_mapping_with_no_taskflow_operators.py for tasks to queue
[2023-09-15T16:07:20.696+0800] {logging_mixin.py:151} INFO - [2023-09-15T16:07:20.696+0800] {dagbag.py:539} INFO - Filling up the DagBag from /opt/homebrew/lib/python3.11/site-packages/airflow/example_dags/example_dynamic_task_mapping_with_no_taskflow_operators.py
[2023-09-15T16:07:20.711+0800] {processor.py:839} INFO - DAG(s) dict_keys(['example_dynamic_task_mapping_with_no_taskflow_operators']) retrieved from /opt/homebrew/lib/python3.11/site-packages/airflow/example_dags/example_dynamic_task_mapping_with_no_taskflow_operators.py
[2023-09-15T16:07:20.805+0800] {logging_mixin.py:151} INFO - [2023-09-15T16:07:20.805+0800] {dag.py:2915} INFO - Sync 1 DAGs
[2023-09-15T16:07:20.814+0800] {logging_mixin.py:151} INFO - [2023-09-15T16:07:20.813+0800] {dag.py:3696} INFO - Setting next_dagrun for example_dynamic_task_mapping_with_no_taskflow_operators to 2023-09-14T08:07:20.813846+00:00, run_after=2023-09-15T08:07:20.813846+00:00
[2023-09-15T16:07:20.824+0800] {processor.py:179} INFO - Processing /opt/homebrew/lib/python3.11/site-packages/airflow/example_dags/example_dynamic_task_mapping_with_no_taskflow_operators.py took 0.130 seconds
[2023-09-15T16:09:00.614+0800] {processor.py:157} INFO - Started process (PID=76869) to work on /opt/homebrew/lib/python3.11/site-packages/airflow/example_dags/example_dynamic_task_mapping_with_no_taskflow_operators.py
[2023-09-15T16:09:00.614+0800] {processor.py:829} INFO - Processing file /opt/homebrew/lib/python3.11/site-packages/airflow/example_dags/example_dynamic_task_mapping_with_no_taskflow_operators.py for tasks to queue
[2023-09-15T16:09:00.614+0800] {logging_mixin.py:151} INFO - [2023-09-15T16:09:00.614+0800] {dagbag.py:539} INFO - Filling up the DagBag from /opt/homebrew/lib/python3.11/site-packages/airflow/example_dags/example_dynamic_task_mapping_with_no_taskflow_operators.py
[2023-09-15T16:09:00.629+0800] {processor.py:839} INFO - DAG(s) dict_keys(['example_dynamic_task_mapping_with_no_taskflow_operators']) retrieved from /opt/homebrew/lib/python3.11/site-packages/airflow/example_dags/example_dynamic_task_mapping_with_no_taskflow_operators.py
[2023-09-15T16:09:00.724+0800] {logging_mixin.py:151} INFO - [2023-09-15T16:09:00.724+0800] {dag.py:2915} INFO - Sync 1 DAGs
[2023-09-15T16:09:00.732+0800] {logging_mixin.py:151} INFO - [2023-09-15T16:09:00.732+0800] {dag.py:3696} INFO - Setting next_dagrun for example_dynamic_task_mapping_with_no_taskflow_operators to 2023-09-14T08:09:00.732309+00:00, run_after=2023-09-15T08:09:00.732309+00:00
[2023-09-15T16:09:00.743+0800] {processor.py:179} INFO - Processing /opt/homebrew/lib/python3.11/site-packages/airflow/example_dags/example_dynamic_task_mapping_with_no_taskflow_operators.py took 0.129 seconds
[2023-09-15T16:10:45.518+0800] {processor.py:157} INFO - Started process (PID=77076) to work on /opt/homebrew/lib/python3.11/site-packages/airflow/example_dags/example_dynamic_task_mapping_with_no_taskflow_operators.py
[2023-09-15T16:10:45.519+0800] {processor.py:829} INFO - Processing file /opt/homebrew/lib/python3.11/site-packages/airflow/example_dags/example_dynamic_task_mapping_with_no_taskflow_operators.py for tasks to queue
[2023-09-15T16:10:45.519+0800] {logging_mixin.py:151} INFO - [2023-09-15T16:10:45.519+0800] {dagbag.py:539} INFO - Filling up the DagBag from /opt/homebrew/lib/python3.11/site-packages/airflow/example_dags/example_dynamic_task_mapping_with_no_taskflow_operators.py
[2023-09-15T16:10:45.534+0800] {processor.py:839} INFO - DAG(s) dict_keys(['example_dynamic_task_mapping_with_no_taskflow_operators']) retrieved from /opt/homebrew/lib/python3.11/site-packages/airflow/example_dags/example_dynamic_task_mapping_with_no_taskflow_operators.py
[2023-09-15T16:10:45.630+0800] {logging_mixin.py:151} INFO - [2023-09-15T16:10:45.630+0800] {dag.py:2915} INFO - Sync 1 DAGs
[2023-09-15T16:10:45.638+0800] {logging_mixin.py:151} INFO - [2023-09-15T16:10:45.638+0800] {dag.py:3696} INFO - Setting next_dagrun for example_dynamic_task_mapping_with_no_taskflow_operators to 2023-09-14T08:10:45.638572+00:00, run_after=2023-09-15T08:10:45.638572+00:00
[2023-09-15T16:10:45.649+0800] {processor.py:179} INFO - Processing /opt/homebrew/lib/python3.11/site-packages/airflow/example_dags/example_dynamic_task_mapping_with_no_taskflow_operators.py took 0.131 seconds
[2023-09-15T16:12:32.180+0800] {processor.py:157} INFO - Started process (PID=77276) to work on /opt/homebrew/lib/python3.11/site-packages/airflow/example_dags/example_dynamic_task_mapping_with_no_taskflow_operators.py
[2023-09-15T16:12:32.181+0800] {processor.py:829} INFO - Processing file /opt/homebrew/lib/python3.11/site-packages/airflow/example_dags/example_dynamic_task_mapping_with_no_taskflow_operators.py for tasks to queue
[2023-09-15T16:12:32.181+0800] {logging_mixin.py:151} INFO - [2023-09-15T16:12:32.181+0800] {dagbag.py:539} INFO - Filling up the DagBag from /opt/homebrew/lib/python3.11/site-packages/airflow/example_dags/example_dynamic_task_mapping_with_no_taskflow_operators.py
[2023-09-15T16:12:32.196+0800] {processor.py:839} INFO - DAG(s) dict_keys(['example_dynamic_task_mapping_with_no_taskflow_operators']) retrieved from /opt/homebrew/lib/python3.11/site-packages/airflow/example_dags/example_dynamic_task_mapping_with_no_taskflow_operators.py
[2023-09-15T16:12:32.291+0800] {logging_mixin.py:151} INFO - [2023-09-15T16:12:32.290+0800] {dag.py:2915} INFO - Sync 1 DAGs
[2023-09-15T16:12:32.299+0800] {logging_mixin.py:151} INFO - [2023-09-15T16:12:32.299+0800] {dag.py:3696} INFO - Setting next_dagrun for example_dynamic_task_mapping_with_no_taskflow_operators to 2023-09-14T08:12:32.299221+00:00, run_after=2023-09-15T08:12:32.299221+00:00
[2023-09-15T16:12:32.309+0800] {processor.py:179} INFO - Processing /opt/homebrew/lib/python3.11/site-packages/airflow/example_dags/example_dynamic_task_mapping_with_no_taskflow_operators.py took 0.130 seconds
[2023-09-15T16:14:18.892+0800] {processor.py:157} INFO - Started process (PID=77467) to work on /opt/homebrew/lib/python3.11/site-packages/airflow/example_dags/example_dynamic_task_mapping_with_no_taskflow_operators.py
[2023-09-15T16:14:18.892+0800] {processor.py:829} INFO - Processing file /opt/homebrew/lib/python3.11/site-packages/airflow/example_dags/example_dynamic_task_mapping_with_no_taskflow_operators.py for tasks to queue
[2023-09-15T16:14:18.893+0800] {logging_mixin.py:151} INFO - [2023-09-15T16:14:18.892+0800] {dagbag.py:539} INFO - Filling up the DagBag from /opt/homebrew/lib/python3.11/site-packages/airflow/example_dags/example_dynamic_task_mapping_with_no_taskflow_operators.py
[2023-09-15T16:14:18.907+0800] {processor.py:839} INFO - DAG(s) dict_keys(['example_dynamic_task_mapping_with_no_taskflow_operators']) retrieved from /opt/homebrew/lib/python3.11/site-packages/airflow/example_dags/example_dynamic_task_mapping_with_no_taskflow_operators.py
[2023-09-15T16:14:19.002+0800] {logging_mixin.py:151} INFO - [2023-09-15T16:14:19.001+0800] {dag.py:2915} INFO - Sync 1 DAGs
[2023-09-15T16:14:19.010+0800] {logging_mixin.py:151} INFO - [2023-09-15T16:14:19.010+0800] {dag.py:3696} INFO - Setting next_dagrun for example_dynamic_task_mapping_with_no_taskflow_operators to 2023-09-14T08:14:19.010141+00:00, run_after=2023-09-15T08:14:19.010141+00:00
[2023-09-15T16:14:19.020+0800] {processor.py:179} INFO - Processing /opt/homebrew/lib/python3.11/site-packages/airflow/example_dags/example_dynamic_task_mapping_with_no_taskflow_operators.py took 0.129 seconds
[2023-09-15T16:16:03.273+0800] {processor.py:157} INFO - Started process (PID=77663) to work on /opt/homebrew/lib/python3.11/site-packages/airflow/example_dags/example_dynamic_task_mapping_with_no_taskflow_operators.py
[2023-09-15T16:16:03.273+0800] {processor.py:829} INFO - Processing file /opt/homebrew/lib/python3.11/site-packages/airflow/example_dags/example_dynamic_task_mapping_with_no_taskflow_operators.py for tasks to queue
[2023-09-15T16:16:03.274+0800] {logging_mixin.py:151} INFO - [2023-09-15T16:16:03.274+0800] {dagbag.py:539} INFO - Filling up the DagBag from /opt/homebrew/lib/python3.11/site-packages/airflow/example_dags/example_dynamic_task_mapping_with_no_taskflow_operators.py
[2023-09-15T16:16:03.288+0800] {processor.py:839} INFO - DAG(s) dict_keys(['example_dynamic_task_mapping_with_no_taskflow_operators']) retrieved from /opt/homebrew/lib/python3.11/site-packages/airflow/example_dags/example_dynamic_task_mapping_with_no_taskflow_operators.py
[2023-09-15T16:16:03.384+0800] {logging_mixin.py:151} INFO - [2023-09-15T16:16:03.384+0800] {dag.py:2915} INFO - Sync 1 DAGs
[2023-09-15T16:16:03.392+0800] {logging_mixin.py:151} INFO - [2023-09-15T16:16:03.392+0800] {dag.py:3696} INFO - Setting next_dagrun for example_dynamic_task_mapping_with_no_taskflow_operators to 2023-09-14T08:16:03.392594+00:00, run_after=2023-09-15T08:16:03.392594+00:00
[2023-09-15T16:16:03.403+0800] {processor.py:179} INFO - Processing /opt/homebrew/lib/python3.11/site-packages/airflow/example_dags/example_dynamic_task_mapping_with_no_taskflow_operators.py took 0.130 seconds
[2023-09-15T16:17:45.648+0800] {processor.py:157} INFO - Started process (PID=77850) to work on /opt/homebrew/lib/python3.11/site-packages/airflow/example_dags/example_dynamic_task_mapping_with_no_taskflow_operators.py
[2023-09-15T16:17:45.648+0800] {processor.py:829} INFO - Processing file /opt/homebrew/lib/python3.11/site-packages/airflow/example_dags/example_dynamic_task_mapping_with_no_taskflow_operators.py for tasks to queue
[2023-09-15T16:17:45.649+0800] {logging_mixin.py:151} INFO - [2023-09-15T16:17:45.648+0800] {dagbag.py:539} INFO - Filling up the DagBag from /opt/homebrew/lib/python3.11/site-packages/airflow/example_dags/example_dynamic_task_mapping_with_no_taskflow_operators.py
[2023-09-15T16:17:45.663+0800] {processor.py:839} INFO - DAG(s) dict_keys(['example_dynamic_task_mapping_with_no_taskflow_operators']) retrieved from /opt/homebrew/lib/python3.11/site-packages/airflow/example_dags/example_dynamic_task_mapping_with_no_taskflow_operators.py
[2023-09-15T16:17:45.758+0800] {logging_mixin.py:151} INFO - [2023-09-15T16:17:45.758+0800] {dag.py:2915} INFO - Sync 1 DAGs
[2023-09-15T16:17:45.766+0800] {logging_mixin.py:151} INFO - [2023-09-15T16:17:45.766+0800] {dag.py:3696} INFO - Setting next_dagrun for example_dynamic_task_mapping_with_no_taskflow_operators to 2023-09-14T08:17:45.766477+00:00, run_after=2023-09-15T08:17:45.766477+00:00
[2023-09-15T16:17:45.777+0800] {processor.py:179} INFO - Processing /opt/homebrew/lib/python3.11/site-packages/airflow/example_dags/example_dynamic_task_mapping_with_no_taskflow_operators.py took 0.129 seconds
[2023-09-15T16:19:30.705+0800] {processor.py:157} INFO - Started process (PID=78036) to work on /opt/homebrew/lib/python3.11/site-packages/airflow/example_dags/example_dynamic_task_mapping_with_no_taskflow_operators.py
[2023-09-15T16:19:30.706+0800] {processor.py:829} INFO - Processing file /opt/homebrew/lib/python3.11/site-packages/airflow/example_dags/example_dynamic_task_mapping_with_no_taskflow_operators.py for tasks to queue
[2023-09-15T16:19:30.706+0800] {logging_mixin.py:151} INFO - [2023-09-15T16:19:30.706+0800] {dagbag.py:539} INFO - Filling up the DagBag from /opt/homebrew/lib/python3.11/site-packages/airflow/example_dags/example_dynamic_task_mapping_with_no_taskflow_operators.py
[2023-09-15T16:19:30.721+0800] {processor.py:839} INFO - DAG(s) dict_keys(['example_dynamic_task_mapping_with_no_taskflow_operators']) retrieved from /opt/homebrew/lib/python3.11/site-packages/airflow/example_dags/example_dynamic_task_mapping_with_no_taskflow_operators.py
[2023-09-15T16:19:30.815+0800] {logging_mixin.py:151} INFO - [2023-09-15T16:19:30.815+0800] {dag.py:2915} INFO - Sync 1 DAGs
[2023-09-15T16:19:30.824+0800] {logging_mixin.py:151} INFO - [2023-09-15T16:19:30.824+0800] {dag.py:3696} INFO - Setting next_dagrun for example_dynamic_task_mapping_with_no_taskflow_operators to 2023-09-14T08:19:30.824007+00:00, run_after=2023-09-15T08:19:30.824007+00:00
[2023-09-15T16:19:30.834+0800] {processor.py:179} INFO - Processing /opt/homebrew/lib/python3.11/site-packages/airflow/example_dags/example_dynamic_task_mapping_with_no_taskflow_operators.py took 0.129 seconds
[2023-09-15T16:21:17.824+0800] {processor.py:157} INFO - Started process (PID=78224) to work on /opt/homebrew/lib/python3.11/site-packages/airflow/example_dags/example_dynamic_task_mapping_with_no_taskflow_operators.py
[2023-09-15T16:21:17.825+0800] {processor.py:829} INFO - Processing file /opt/homebrew/lib/python3.11/site-packages/airflow/example_dags/example_dynamic_task_mapping_with_no_taskflow_operators.py for tasks to queue
[2023-09-15T16:21:17.825+0800] {logging_mixin.py:151} INFO - [2023-09-15T16:21:17.825+0800] {dagbag.py:539} INFO - Filling up the DagBag from /opt/homebrew/lib/python3.11/site-packages/airflow/example_dags/example_dynamic_task_mapping_with_no_taskflow_operators.py
[2023-09-15T16:21:17.840+0800] {processor.py:839} INFO - DAG(s) dict_keys(['example_dynamic_task_mapping_with_no_taskflow_operators']) retrieved from /opt/homebrew/lib/python3.11/site-packages/airflow/example_dags/example_dynamic_task_mapping_with_no_taskflow_operators.py
[2023-09-15T16:21:17.934+0800] {logging_mixin.py:151} INFO - [2023-09-15T16:21:17.934+0800] {dag.py:2915} INFO - Sync 1 DAGs
[2023-09-15T16:21:17.943+0800] {logging_mixin.py:151} INFO - [2023-09-15T16:21:17.942+0800] {dag.py:3696} INFO - Setting next_dagrun for example_dynamic_task_mapping_with_no_taskflow_operators to 2023-09-14T08:21:17.942870+00:00, run_after=2023-09-15T08:21:17.942870+00:00
[2023-09-15T16:21:17.953+0800] {processor.py:179} INFO - Processing /opt/homebrew/lib/python3.11/site-packages/airflow/example_dags/example_dynamic_task_mapping_with_no_taskflow_operators.py took 0.129 seconds
[2023-09-15T16:23:01.177+0800] {processor.py:157} INFO - Started process (PID=78416) to work on /opt/homebrew/lib/python3.11/site-packages/airflow/example_dags/example_dynamic_task_mapping_with_no_taskflow_operators.py
[2023-09-15T16:23:01.178+0800] {processor.py:829} INFO - Processing file /opt/homebrew/lib/python3.11/site-packages/airflow/example_dags/example_dynamic_task_mapping_with_no_taskflow_operators.py for tasks to queue
[2023-09-15T16:23:01.178+0800] {logging_mixin.py:151} INFO - [2023-09-15T16:23:01.178+0800] {dagbag.py:539} INFO - Filling up the DagBag from /opt/homebrew/lib/python3.11/site-packages/airflow/example_dags/example_dynamic_task_mapping_with_no_taskflow_operators.py
[2023-09-15T16:23:01.193+0800] {processor.py:839} INFO - DAG(s) dict_keys(['example_dynamic_task_mapping_with_no_taskflow_operators']) retrieved from /opt/homebrew/lib/python3.11/site-packages/airflow/example_dags/example_dynamic_task_mapping_with_no_taskflow_operators.py
[2023-09-15T16:23:01.287+0800] {logging_mixin.py:151} INFO - [2023-09-15T16:23:01.287+0800] {dag.py:2915} INFO - Sync 1 DAGs
[2023-09-15T16:23:01.296+0800] {logging_mixin.py:151} INFO - [2023-09-15T16:23:01.295+0800] {dag.py:3696} INFO - Setting next_dagrun for example_dynamic_task_mapping_with_no_taskflow_operators to 2023-09-14T08:23:01.295917+00:00, run_after=2023-09-15T08:23:01.295917+00:00
[2023-09-15T16:23:01.307+0800] {processor.py:179} INFO - Processing /opt/homebrew/lib/python3.11/site-packages/airflow/example_dags/example_dynamic_task_mapping_with_no_taskflow_operators.py took 0.129 seconds
[2023-09-15T16:24:44.393+0800] {processor.py:157} INFO - Started process (PID=78605) to work on /opt/homebrew/lib/python3.11/site-packages/airflow/example_dags/example_dynamic_task_mapping_with_no_taskflow_operators.py
[2023-09-15T16:24:44.393+0800] {processor.py:829} INFO - Processing file /opt/homebrew/lib/python3.11/site-packages/airflow/example_dags/example_dynamic_task_mapping_with_no_taskflow_operators.py for tasks to queue
[2023-09-15T16:24:44.393+0800] {logging_mixin.py:151} INFO - [2023-09-15T16:24:44.393+0800] {dagbag.py:539} INFO - Filling up the DagBag from /opt/homebrew/lib/python3.11/site-packages/airflow/example_dags/example_dynamic_task_mapping_with_no_taskflow_operators.py
[2023-09-15T16:24:44.408+0800] {processor.py:839} INFO - DAG(s) dict_keys(['example_dynamic_task_mapping_with_no_taskflow_operators']) retrieved from /opt/homebrew/lib/python3.11/site-packages/airflow/example_dags/example_dynamic_task_mapping_with_no_taskflow_operators.py
[2023-09-15T16:24:44.502+0800] {logging_mixin.py:151} INFO - [2023-09-15T16:24:44.502+0800] {dag.py:2915} INFO - Sync 1 DAGs
[2023-09-15T16:24:44.510+0800] {logging_mixin.py:151} INFO - [2023-09-15T16:24:44.510+0800] {dag.py:3696} INFO - Setting next_dagrun for example_dynamic_task_mapping_with_no_taskflow_operators to 2023-09-14T08:24:44.510721+00:00, run_after=2023-09-15T08:24:44.510721+00:00
[2023-09-15T16:24:44.521+0800] {processor.py:179} INFO - Processing /opt/homebrew/lib/python3.11/site-packages/airflow/example_dags/example_dynamic_task_mapping_with_no_taskflow_operators.py took 0.129 seconds
[2023-09-15T16:26:29.197+0800] {processor.py:157} INFO - Started process (PID=78793) to work on /opt/homebrew/lib/python3.11/site-packages/airflow/example_dags/example_dynamic_task_mapping_with_no_taskflow_operators.py
[2023-09-15T16:26:29.198+0800] {processor.py:829} INFO - Processing file /opt/homebrew/lib/python3.11/site-packages/airflow/example_dags/example_dynamic_task_mapping_with_no_taskflow_operators.py for tasks to queue
[2023-09-15T16:26:29.198+0800] {logging_mixin.py:151} INFO - [2023-09-15T16:26:29.198+0800] {dagbag.py:539} INFO - Filling up the DagBag from /opt/homebrew/lib/python3.11/site-packages/airflow/example_dags/example_dynamic_task_mapping_with_no_taskflow_operators.py
[2023-09-15T16:26:29.213+0800] {processor.py:839} INFO - DAG(s) dict_keys(['example_dynamic_task_mapping_with_no_taskflow_operators']) retrieved from /opt/homebrew/lib/python3.11/site-packages/airflow/example_dags/example_dynamic_task_mapping_with_no_taskflow_operators.py
[2023-09-15T16:26:29.307+0800] {logging_mixin.py:151} INFO - [2023-09-15T16:26:29.307+0800] {dag.py:2915} INFO - Sync 1 DAGs
[2023-09-15T16:26:29.315+0800] {logging_mixin.py:151} INFO - [2023-09-15T16:26:29.315+0800] {dag.py:3696} INFO - Setting next_dagrun for example_dynamic_task_mapping_with_no_taskflow_operators to 2023-09-14T08:26:29.315692+00:00, run_after=2023-09-15T08:26:29.315692+00:00
[2023-09-15T16:26:29.326+0800] {processor.py:179} INFO - Processing /opt/homebrew/lib/python3.11/site-packages/airflow/example_dags/example_dynamic_task_mapping_with_no_taskflow_operators.py took 0.129 seconds
[2023-09-15T16:28:08.930+0800] {processor.py:157} INFO - Started process (PID=78967) to work on /opt/homebrew/lib/python3.11/site-packages/airflow/example_dags/example_dynamic_task_mapping_with_no_taskflow_operators.py
[2023-09-15T16:28:08.931+0800] {processor.py:829} INFO - Processing file /opt/homebrew/lib/python3.11/site-packages/airflow/example_dags/example_dynamic_task_mapping_with_no_taskflow_operators.py for tasks to queue
[2023-09-15T16:28:08.931+0800] {logging_mixin.py:151} INFO - [2023-09-15T16:28:08.931+0800] {dagbag.py:539} INFO - Filling up the DagBag from /opt/homebrew/lib/python3.11/site-packages/airflow/example_dags/example_dynamic_task_mapping_with_no_taskflow_operators.py
[2023-09-15T16:28:08.945+0800] {processor.py:839} INFO - DAG(s) dict_keys(['example_dynamic_task_mapping_with_no_taskflow_operators']) retrieved from /opt/homebrew/lib/python3.11/site-packages/airflow/example_dags/example_dynamic_task_mapping_with_no_taskflow_operators.py
[2023-09-15T16:28:09.039+0800] {logging_mixin.py:151} INFO - [2023-09-15T16:28:09.039+0800] {dag.py:2915} INFO - Sync 1 DAGs
[2023-09-15T16:28:09.048+0800] {logging_mixin.py:151} INFO - [2023-09-15T16:28:09.048+0800] {dag.py:3696} INFO - Setting next_dagrun for example_dynamic_task_mapping_with_no_taskflow_operators to 2023-09-14T08:28:09.047969+00:00, run_after=2023-09-15T08:28:09.047969+00:00
[2023-09-15T16:28:09.058+0800] {processor.py:179} INFO - Processing /opt/homebrew/lib/python3.11/site-packages/airflow/example_dags/example_dynamic_task_mapping_with_no_taskflow_operators.py took 0.128 seconds
[2023-09-15T16:29:48.051+0800] {processor.py:157} INFO - Started process (PID=79163) to work on /opt/homebrew/lib/python3.11/site-packages/airflow/example_dags/example_dynamic_task_mapping_with_no_taskflow_operators.py
[2023-09-15T16:29:48.052+0800] {processor.py:829} INFO - Processing file /opt/homebrew/lib/python3.11/site-packages/airflow/example_dags/example_dynamic_task_mapping_with_no_taskflow_operators.py for tasks to queue
[2023-09-15T16:29:48.052+0800] {logging_mixin.py:151} INFO - [2023-09-15T16:29:48.052+0800] {dagbag.py:539} INFO - Filling up the DagBag from /opt/homebrew/lib/python3.11/site-packages/airflow/example_dags/example_dynamic_task_mapping_with_no_taskflow_operators.py
[2023-09-15T16:29:48.067+0800] {processor.py:839} INFO - DAG(s) dict_keys(['example_dynamic_task_mapping_with_no_taskflow_operators']) retrieved from /opt/homebrew/lib/python3.11/site-packages/airflow/example_dags/example_dynamic_task_mapping_with_no_taskflow_operators.py
[2023-09-15T16:29:48.162+0800] {logging_mixin.py:151} INFO - [2023-09-15T16:29:48.161+0800] {dag.py:2915} INFO - Sync 1 DAGs
[2023-09-15T16:29:48.170+0800] {logging_mixin.py:151} INFO - [2023-09-15T16:29:48.170+0800] {dag.py:3696} INFO - Setting next_dagrun for example_dynamic_task_mapping_with_no_taskflow_operators to 2023-09-14T08:29:48.170259+00:00, run_after=2023-09-15T08:29:48.170259+00:00
[2023-09-15T16:29:48.181+0800] {processor.py:179} INFO - Processing /opt/homebrew/lib/python3.11/site-packages/airflow/example_dags/example_dynamic_task_mapping_with_no_taskflow_operators.py took 0.130 seconds
[2023-09-15T16:31:35.124+0800] {processor.py:157} INFO - Started process (PID=79495) to work on /opt/homebrew/lib/python3.11/site-packages/airflow/example_dags/example_dynamic_task_mapping_with_no_taskflow_operators.py
[2023-09-15T16:31:35.125+0800] {processor.py:829} INFO - Processing file /opt/homebrew/lib/python3.11/site-packages/airflow/example_dags/example_dynamic_task_mapping_with_no_taskflow_operators.py for tasks to queue
[2023-09-15T16:31:35.125+0800] {logging_mixin.py:151} INFO - [2023-09-15T16:31:35.125+0800] {dagbag.py:539} INFO - Filling up the DagBag from /opt/homebrew/lib/python3.11/site-packages/airflow/example_dags/example_dynamic_task_mapping_with_no_taskflow_operators.py
[2023-09-15T16:31:35.140+0800] {processor.py:839} INFO - DAG(s) dict_keys(['example_dynamic_task_mapping_with_no_taskflow_operators']) retrieved from /opt/homebrew/lib/python3.11/site-packages/airflow/example_dags/example_dynamic_task_mapping_with_no_taskflow_operators.py
[2023-09-15T16:31:35.235+0800] {logging_mixin.py:151} INFO - [2023-09-15T16:31:35.235+0800] {dag.py:2915} INFO - Sync 1 DAGs
[2023-09-15T16:31:35.243+0800] {logging_mixin.py:151} INFO - [2023-09-15T16:31:35.243+0800] {dag.py:3696} INFO - Setting next_dagrun for example_dynamic_task_mapping_with_no_taskflow_operators to 2023-09-14T08:31:35.243744+00:00, run_after=2023-09-15T08:31:35.243744+00:00
[2023-09-15T16:31:35.254+0800] {processor.py:179} INFO - Processing /opt/homebrew/lib/python3.11/site-packages/airflow/example_dags/example_dynamic_task_mapping_with_no_taskflow_operators.py took 0.130 seconds
[2023-09-15T16:33:19.666+0800] {processor.py:157} INFO - Started process (PID=79746) to work on /opt/homebrew/lib/python3.11/site-packages/airflow/example_dags/example_dynamic_task_mapping_with_no_taskflow_operators.py
[2023-09-15T16:33:19.666+0800] {processor.py:829} INFO - Processing file /opt/homebrew/lib/python3.11/site-packages/airflow/example_dags/example_dynamic_task_mapping_with_no_taskflow_operators.py for tasks to queue
[2023-09-15T16:33:19.666+0800] {logging_mixin.py:151} INFO - [2023-09-15T16:33:19.666+0800] {dagbag.py:539} INFO - Filling up the DagBag from /opt/homebrew/lib/python3.11/site-packages/airflow/example_dags/example_dynamic_task_mapping_with_no_taskflow_operators.py
[2023-09-15T16:33:19.681+0800] {processor.py:839} INFO - DAG(s) dict_keys(['example_dynamic_task_mapping_with_no_taskflow_operators']) retrieved from /opt/homebrew/lib/python3.11/site-packages/airflow/example_dags/example_dynamic_task_mapping_with_no_taskflow_operators.py
[2023-09-15T16:33:19.776+0800] {logging_mixin.py:151} INFO - [2023-09-15T16:33:19.776+0800] {dag.py:2915} INFO - Sync 1 DAGs
[2023-09-15T16:33:19.785+0800] {logging_mixin.py:151} INFO - [2023-09-15T16:33:19.785+0800] {dag.py:3696} INFO - Setting next_dagrun for example_dynamic_task_mapping_with_no_taskflow_operators to 2023-09-14T08:33:19.785047+00:00, run_after=2023-09-15T08:33:19.785047+00:00
[2023-09-15T16:33:19.796+0800] {processor.py:179} INFO - Processing /opt/homebrew/lib/python3.11/site-packages/airflow/example_dags/example_dynamic_task_mapping_with_no_taskflow_operators.py took 0.131 seconds
[2023-09-15T16:35:06.244+0800] {processor.py:157} INFO - Started process (PID=79940) to work on /opt/homebrew/lib/python3.11/site-packages/airflow/example_dags/example_dynamic_task_mapping_with_no_taskflow_operators.py
[2023-09-15T16:35:06.244+0800] {processor.py:829} INFO - Processing file /opt/homebrew/lib/python3.11/site-packages/airflow/example_dags/example_dynamic_task_mapping_with_no_taskflow_operators.py for tasks to queue
[2023-09-15T16:35:06.245+0800] {logging_mixin.py:151} INFO - [2023-09-15T16:35:06.245+0800] {dagbag.py:539} INFO - Filling up the DagBag from /opt/homebrew/lib/python3.11/site-packages/airflow/example_dags/example_dynamic_task_mapping_with_no_taskflow_operators.py
[2023-09-15T16:35:06.259+0800] {processor.py:839} INFO - DAG(s) dict_keys(['example_dynamic_task_mapping_with_no_taskflow_operators']) retrieved from /opt/homebrew/lib/python3.11/site-packages/airflow/example_dags/example_dynamic_task_mapping_with_no_taskflow_operators.py
[2023-09-15T16:35:06.354+0800] {logging_mixin.py:151} INFO - [2023-09-15T16:35:06.354+0800] {dag.py:2915} INFO - Sync 1 DAGs
[2023-09-15T16:35:06.363+0800] {logging_mixin.py:151} INFO - [2023-09-15T16:35:06.363+0800] {dag.py:3696} INFO - Setting next_dagrun for example_dynamic_task_mapping_with_no_taskflow_operators to 2023-09-14T08:35:06.363110+00:00, run_after=2023-09-15T08:35:06.363110+00:00
[2023-09-15T16:35:06.373+0800] {processor.py:179} INFO - Processing /opt/homebrew/lib/python3.11/site-packages/airflow/example_dags/example_dynamic_task_mapping_with_no_taskflow_operators.py took 0.130 seconds
[2023-09-15T16:36:54.018+0800] {processor.py:157} INFO - Started process (PID=80134) to work on /opt/homebrew/lib/python3.11/site-packages/airflow/example_dags/example_dynamic_task_mapping_with_no_taskflow_operators.py
[2023-09-15T16:36:54.019+0800] {processor.py:829} INFO - Processing file /opt/homebrew/lib/python3.11/site-packages/airflow/example_dags/example_dynamic_task_mapping_with_no_taskflow_operators.py for tasks to queue
[2023-09-15T16:36:54.019+0800] {logging_mixin.py:151} INFO - [2023-09-15T16:36:54.019+0800] {dagbag.py:539} INFO - Filling up the DagBag from /opt/homebrew/lib/python3.11/site-packages/airflow/example_dags/example_dynamic_task_mapping_with_no_taskflow_operators.py
[2023-09-15T16:36:54.034+0800] {processor.py:839} INFO - DAG(s) dict_keys(['example_dynamic_task_mapping_with_no_taskflow_operators']) retrieved from /opt/homebrew/lib/python3.11/site-packages/airflow/example_dags/example_dynamic_task_mapping_with_no_taskflow_operators.py
[2023-09-15T16:36:54.129+0800] {logging_mixin.py:151} INFO - [2023-09-15T16:36:54.129+0800] {dag.py:2915} INFO - Sync 1 DAGs
[2023-09-15T16:36:54.137+0800] {logging_mixin.py:151} INFO - [2023-09-15T16:36:54.137+0800] {dag.py:3696} INFO - Setting next_dagrun for example_dynamic_task_mapping_with_no_taskflow_operators to 2023-09-14T08:36:54.137617+00:00, run_after=2023-09-15T08:36:54.137617+00:00
[2023-09-15T16:36:54.148+0800] {processor.py:179} INFO - Processing /opt/homebrew/lib/python3.11/site-packages/airflow/example_dags/example_dynamic_task_mapping_with_no_taskflow_operators.py took 0.130 seconds
[2023-09-15T16:38:38.361+0800] {processor.py:157} INFO - Started process (PID=80406) to work on /opt/homebrew/lib/python3.11/site-packages/airflow/example_dags/example_dynamic_task_mapping_with_no_taskflow_operators.py
[2023-09-15T16:38:38.361+0800] {processor.py:829} INFO - Processing file /opt/homebrew/lib/python3.11/site-packages/airflow/example_dags/example_dynamic_task_mapping_with_no_taskflow_operators.py for tasks to queue
[2023-09-15T16:38:38.362+0800] {logging_mixin.py:151} INFO - [2023-09-15T16:38:38.361+0800] {dagbag.py:539} INFO - Filling up the DagBag from /opt/homebrew/lib/python3.11/site-packages/airflow/example_dags/example_dynamic_task_mapping_with_no_taskflow_operators.py
[2023-09-15T16:38:38.377+0800] {processor.py:839} INFO - DAG(s) dict_keys(['example_dynamic_task_mapping_with_no_taskflow_operators']) retrieved from /opt/homebrew/lib/python3.11/site-packages/airflow/example_dags/example_dynamic_task_mapping_with_no_taskflow_operators.py
[2023-09-15T16:38:38.473+0800] {logging_mixin.py:151} INFO - [2023-09-15T16:38:38.472+0800] {dag.py:2915} INFO - Sync 1 DAGs
[2023-09-15T16:38:38.481+0800] {logging_mixin.py:151} INFO - [2023-09-15T16:38:38.481+0800] {dag.py:3696} INFO - Setting next_dagrun for example_dynamic_task_mapping_with_no_taskflow_operators to 2023-09-14T08:38:38.481283+00:00, run_after=2023-09-15T08:38:38.481283+00:00
[2023-09-15T16:38:38.492+0800] {processor.py:179} INFO - Processing /opt/homebrew/lib/python3.11/site-packages/airflow/example_dags/example_dynamic_task_mapping_with_no_taskflow_operators.py took 0.131 seconds
[2023-09-15T16:40:28.920+0800] {processor.py:157} INFO - Started process (PID=80667) to work on /opt/homebrew/lib/python3.11/site-packages/airflow/example_dags/example_dynamic_task_mapping_with_no_taskflow_operators.py
[2023-09-15T16:40:28.921+0800] {processor.py:829} INFO - Processing file /opt/homebrew/lib/python3.11/site-packages/airflow/example_dags/example_dynamic_task_mapping_with_no_taskflow_operators.py for tasks to queue
[2023-09-15T16:40:28.921+0800] {logging_mixin.py:151} INFO - [2023-09-15T16:40:28.921+0800] {dagbag.py:539} INFO - Filling up the DagBag from /opt/homebrew/lib/python3.11/site-packages/airflow/example_dags/example_dynamic_task_mapping_with_no_taskflow_operators.py
[2023-09-15T16:40:28.936+0800] {processor.py:839} INFO - DAG(s) dict_keys(['example_dynamic_task_mapping_with_no_taskflow_operators']) retrieved from /opt/homebrew/lib/python3.11/site-packages/airflow/example_dags/example_dynamic_task_mapping_with_no_taskflow_operators.py
[2023-09-15T16:40:29.031+0800] {logging_mixin.py:151} INFO - [2023-09-15T16:40:29.031+0800] {dag.py:2915} INFO - Sync 1 DAGs
[2023-09-15T16:40:29.039+0800] {logging_mixin.py:151} INFO - [2023-09-15T16:40:29.039+0800] {dag.py:3696} INFO - Setting next_dagrun for example_dynamic_task_mapping_with_no_taskflow_operators to 2023-09-14T08:40:29.039454+00:00, run_after=2023-09-15T08:40:29.039454+00:00
[2023-09-15T16:40:29.050+0800] {processor.py:179} INFO - Processing /opt/homebrew/lib/python3.11/site-packages/airflow/example_dags/example_dynamic_task_mapping_with_no_taskflow_operators.py took 0.130 seconds
[2023-09-15T16:42:17.932+0800] {processor.py:157} INFO - Started process (PID=80909) to work on /opt/homebrew/lib/python3.11/site-packages/airflow/example_dags/example_dynamic_task_mapping_with_no_taskflow_operators.py
[2023-09-15T16:42:17.932+0800] {processor.py:829} INFO - Processing file /opt/homebrew/lib/python3.11/site-packages/airflow/example_dags/example_dynamic_task_mapping_with_no_taskflow_operators.py for tasks to queue
[2023-09-15T16:42:17.933+0800] {logging_mixin.py:151} INFO - [2023-09-15T16:42:17.932+0800] {dagbag.py:539} INFO - Filling up the DagBag from /opt/homebrew/lib/python3.11/site-packages/airflow/example_dags/example_dynamic_task_mapping_with_no_taskflow_operators.py
[2023-09-15T16:42:17.949+0800] {processor.py:839} INFO - DAG(s) dict_keys(['example_dynamic_task_mapping_with_no_taskflow_operators']) retrieved from /opt/homebrew/lib/python3.11/site-packages/airflow/example_dags/example_dynamic_task_mapping_with_no_taskflow_operators.py
[2023-09-15T16:42:18.050+0800] {logging_mixin.py:151} INFO - [2023-09-15T16:42:18.049+0800] {dag.py:2915} INFO - Sync 1 DAGs
[2023-09-15T16:42:18.058+0800] {logging_mixin.py:151} INFO - [2023-09-15T16:42:18.058+0800] {dag.py:3696} INFO - Setting next_dagrun for example_dynamic_task_mapping_with_no_taskflow_operators to 2023-09-14T08:42:18.058599+00:00, run_after=2023-09-15T08:42:18.058599+00:00
[2023-09-15T16:42:18.070+0800] {processor.py:179} INFO - Processing /opt/homebrew/lib/python3.11/site-packages/airflow/example_dags/example_dynamic_task_mapping_with_no_taskflow_operators.py took 0.138 seconds
[2023-09-15T16:44:01.438+0800] {processor.py:157} INFO - Started process (PID=81120) to work on /opt/homebrew/lib/python3.11/site-packages/airflow/example_dags/example_dynamic_task_mapping_with_no_taskflow_operators.py
[2023-09-15T16:44:01.439+0800] {processor.py:829} INFO - Processing file /opt/homebrew/lib/python3.11/site-packages/airflow/example_dags/example_dynamic_task_mapping_with_no_taskflow_operators.py for tasks to queue
[2023-09-15T16:44:01.439+0800] {logging_mixin.py:151} INFO - [2023-09-15T16:44:01.439+0800] {dagbag.py:539} INFO - Filling up the DagBag from /opt/homebrew/lib/python3.11/site-packages/airflow/example_dags/example_dynamic_task_mapping_with_no_taskflow_operators.py
[2023-09-15T16:44:01.454+0800] {processor.py:839} INFO - DAG(s) dict_keys(['example_dynamic_task_mapping_with_no_taskflow_operators']) retrieved from /opt/homebrew/lib/python3.11/site-packages/airflow/example_dags/example_dynamic_task_mapping_with_no_taskflow_operators.py
[2023-09-15T16:44:01.549+0800] {logging_mixin.py:151} INFO - [2023-09-15T16:44:01.549+0800] {dag.py:2915} INFO - Sync 1 DAGs
[2023-09-15T16:44:01.557+0800] {logging_mixin.py:151} INFO - [2023-09-15T16:44:01.557+0800] {dag.py:3696} INFO - Setting next_dagrun for example_dynamic_task_mapping_with_no_taskflow_operators to 2023-09-14T08:44:01.557666+00:00, run_after=2023-09-15T08:44:01.557666+00:00
[2023-09-15T16:44:01.568+0800] {processor.py:179} INFO - Processing /opt/homebrew/lib/python3.11/site-packages/airflow/example_dags/example_dynamic_task_mapping_with_no_taskflow_operators.py took 0.130 seconds
[2023-09-15T16:45:44.947+0800] {processor.py:157} INFO - Started process (PID=81306) to work on /opt/homebrew/lib/python3.11/site-packages/airflow/example_dags/example_dynamic_task_mapping_with_no_taskflow_operators.py
[2023-09-15T16:45:44.948+0800] {processor.py:829} INFO - Processing file /opt/homebrew/lib/python3.11/site-packages/airflow/example_dags/example_dynamic_task_mapping_with_no_taskflow_operators.py for tasks to queue
[2023-09-15T16:45:44.948+0800] {logging_mixin.py:151} INFO - [2023-09-15T16:45:44.948+0800] {dagbag.py:539} INFO - Filling up the DagBag from /opt/homebrew/lib/python3.11/site-packages/airflow/example_dags/example_dynamic_task_mapping_with_no_taskflow_operators.py
[2023-09-15T16:45:44.963+0800] {processor.py:839} INFO - DAG(s) dict_keys(['example_dynamic_task_mapping_with_no_taskflow_operators']) retrieved from /opt/homebrew/lib/python3.11/site-packages/airflow/example_dags/example_dynamic_task_mapping_with_no_taskflow_operators.py
[2023-09-15T16:45:45.057+0800] {logging_mixin.py:151} INFO - [2023-09-15T16:45:45.057+0800] {dag.py:2915} INFO - Sync 1 DAGs
[2023-09-15T16:45:45.065+0800] {logging_mixin.py:151} INFO - [2023-09-15T16:45:45.065+0800] {dag.py:3696} INFO - Setting next_dagrun for example_dynamic_task_mapping_with_no_taskflow_operators to 2023-09-14T08:45:45.065596+00:00, run_after=2023-09-15T08:45:45.065596+00:00
[2023-09-15T16:45:45.076+0800] {processor.py:179} INFO - Processing /opt/homebrew/lib/python3.11/site-packages/airflow/example_dags/example_dynamic_task_mapping_with_no_taskflow_operators.py took 0.129 seconds
[2023-09-15T16:47:31.931+0800] {processor.py:157} INFO - Started process (PID=81496) to work on /opt/homebrew/lib/python3.11/site-packages/airflow/example_dags/example_dynamic_task_mapping_with_no_taskflow_operators.py
[2023-09-15T16:47:31.932+0800] {processor.py:829} INFO - Processing file /opt/homebrew/lib/python3.11/site-packages/airflow/example_dags/example_dynamic_task_mapping_with_no_taskflow_operators.py for tasks to queue
[2023-09-15T16:47:31.932+0800] {logging_mixin.py:151} INFO - [2023-09-15T16:47:31.932+0800] {dagbag.py:539} INFO - Filling up the DagBag from /opt/homebrew/lib/python3.11/site-packages/airflow/example_dags/example_dynamic_task_mapping_with_no_taskflow_operators.py
[2023-09-15T16:47:31.947+0800] {processor.py:839} INFO - DAG(s) dict_keys(['example_dynamic_task_mapping_with_no_taskflow_operators']) retrieved from /opt/homebrew/lib/python3.11/site-packages/airflow/example_dags/example_dynamic_task_mapping_with_no_taskflow_operators.py
[2023-09-15T16:47:32.042+0800] {logging_mixin.py:151} INFO - [2023-09-15T16:47:32.041+0800] {dag.py:2915} INFO - Sync 1 DAGs
[2023-09-15T16:47:32.050+0800] {logging_mixin.py:151} INFO - [2023-09-15T16:47:32.050+0800] {dag.py:3696} INFO - Setting next_dagrun for example_dynamic_task_mapping_with_no_taskflow_operators to 2023-09-14T08:47:32.050298+00:00, run_after=2023-09-15T08:47:32.050298+00:00
[2023-09-15T16:47:32.061+0800] {processor.py:179} INFO - Processing /opt/homebrew/lib/python3.11/site-packages/airflow/example_dags/example_dynamic_task_mapping_with_no_taskflow_operators.py took 0.130 seconds
[2023-09-15T16:49:16.367+0800] {processor.py:157} INFO - Started process (PID=81682) to work on /opt/homebrew/lib/python3.11/site-packages/airflow/example_dags/example_dynamic_task_mapping_with_no_taskflow_operators.py
[2023-09-15T16:49:16.368+0800] {processor.py:829} INFO - Processing file /opt/homebrew/lib/python3.11/site-packages/airflow/example_dags/example_dynamic_task_mapping_with_no_taskflow_operators.py for tasks to queue
[2023-09-15T16:49:16.368+0800] {logging_mixin.py:151} INFO - [2023-09-15T16:49:16.368+0800] {dagbag.py:539} INFO - Filling up the DagBag from /opt/homebrew/lib/python3.11/site-packages/airflow/example_dags/example_dynamic_task_mapping_with_no_taskflow_operators.py
[2023-09-15T16:49:16.383+0800] {processor.py:839} INFO - DAG(s) dict_keys(['example_dynamic_task_mapping_with_no_taskflow_operators']) retrieved from /opt/homebrew/lib/python3.11/site-packages/airflow/example_dags/example_dynamic_task_mapping_with_no_taskflow_operators.py
[2023-09-15T16:49:16.477+0800] {logging_mixin.py:151} INFO - [2023-09-15T16:49:16.477+0800] {dag.py:2915} INFO - Sync 1 DAGs
[2023-09-15T16:49:16.486+0800] {logging_mixin.py:151} INFO - [2023-09-15T16:49:16.485+0800] {dag.py:3696} INFO - Setting next_dagrun for example_dynamic_task_mapping_with_no_taskflow_operators to 2023-09-14T08:49:16.485879+00:00, run_after=2023-09-15T08:49:16.485879+00:00
[2023-09-15T16:49:16.497+0800] {processor.py:179} INFO - Processing /opt/homebrew/lib/python3.11/site-packages/airflow/example_dags/example_dynamic_task_mapping_with_no_taskflow_operators.py took 0.130 seconds
[2023-09-15T16:51:01.798+0800] {processor.py:157} INFO - Started process (PID=81874) to work on /opt/homebrew/lib/python3.11/site-packages/airflow/example_dags/example_dynamic_task_mapping_with_no_taskflow_operators.py
[2023-09-15T16:51:01.798+0800] {processor.py:829} INFO - Processing file /opt/homebrew/lib/python3.11/site-packages/airflow/example_dags/example_dynamic_task_mapping_with_no_taskflow_operators.py for tasks to queue
[2023-09-15T16:51:01.799+0800] {logging_mixin.py:151} INFO - [2023-09-15T16:51:01.799+0800] {dagbag.py:539} INFO - Filling up the DagBag from /opt/homebrew/lib/python3.11/site-packages/airflow/example_dags/example_dynamic_task_mapping_with_no_taskflow_operators.py
[2023-09-15T16:51:01.814+0800] {processor.py:839} INFO - DAG(s) dict_keys(['example_dynamic_task_mapping_with_no_taskflow_operators']) retrieved from /opt/homebrew/lib/python3.11/site-packages/airflow/example_dags/example_dynamic_task_mapping_with_no_taskflow_operators.py
[2023-09-15T16:51:01.910+0800] {logging_mixin.py:151} INFO - [2023-09-15T16:51:01.910+0800] {dag.py:2915} INFO - Sync 1 DAGs
[2023-09-15T16:51:01.918+0800] {logging_mixin.py:151} INFO - [2023-09-15T16:51:01.918+0800] {dag.py:3696} INFO - Setting next_dagrun for example_dynamic_task_mapping_with_no_taskflow_operators to 2023-09-14T08:51:01.918570+00:00, run_after=2023-09-15T08:51:01.918570+00:00
[2023-09-15T16:51:01.929+0800] {processor.py:179} INFO - Processing /opt/homebrew/lib/python3.11/site-packages/airflow/example_dags/example_dynamic_task_mapping_with_no_taskflow_operators.py took 0.132 seconds
[2023-09-15T16:52:45.231+0800] {processor.py:157} INFO - Started process (PID=82056) to work on /opt/homebrew/lib/python3.11/site-packages/airflow/example_dags/example_dynamic_task_mapping_with_no_taskflow_operators.py
[2023-09-15T16:52:45.232+0800] {processor.py:829} INFO - Processing file /opt/homebrew/lib/python3.11/site-packages/airflow/example_dags/example_dynamic_task_mapping_with_no_taskflow_operators.py for tasks to queue
[2023-09-15T16:52:45.232+0800] {logging_mixin.py:151} INFO - [2023-09-15T16:52:45.232+0800] {dagbag.py:539} INFO - Filling up the DagBag from /opt/homebrew/lib/python3.11/site-packages/airflow/example_dags/example_dynamic_task_mapping_with_no_taskflow_operators.py
[2023-09-15T16:52:45.246+0800] {processor.py:839} INFO - DAG(s) dict_keys(['example_dynamic_task_mapping_with_no_taskflow_operators']) retrieved from /opt/homebrew/lib/python3.11/site-packages/airflow/example_dags/example_dynamic_task_mapping_with_no_taskflow_operators.py
[2023-09-15T16:52:45.341+0800] {logging_mixin.py:151} INFO - [2023-09-15T16:52:45.341+0800] {dag.py:2915} INFO - Sync 1 DAGs
[2023-09-15T16:52:45.350+0800] {logging_mixin.py:151} INFO - [2023-09-15T16:52:45.350+0800] {dag.py:3696} INFO - Setting next_dagrun for example_dynamic_task_mapping_with_no_taskflow_operators to 2023-09-14T08:52:45.350078+00:00, run_after=2023-09-15T08:52:45.350078+00:00
[2023-09-15T16:52:45.360+0800] {processor.py:179} INFO - Processing /opt/homebrew/lib/python3.11/site-packages/airflow/example_dags/example_dynamic_task_mapping_with_no_taskflow_operators.py took 0.130 seconds
[2023-09-15T16:54:32.308+0800] {processor.py:157} INFO - Started process (PID=82477) to work on /opt/homebrew/lib/python3.11/site-packages/airflow/example_dags/example_dynamic_task_mapping_with_no_taskflow_operators.py
[2023-09-15T16:54:32.309+0800] {processor.py:829} INFO - Processing file /opt/homebrew/lib/python3.11/site-packages/airflow/example_dags/example_dynamic_task_mapping_with_no_taskflow_operators.py for tasks to queue
[2023-09-15T16:54:32.309+0800] {logging_mixin.py:151} INFO - [2023-09-15T16:54:32.309+0800] {dagbag.py:539} INFO - Filling up the DagBag from /opt/homebrew/lib/python3.11/site-packages/airflow/example_dags/example_dynamic_task_mapping_with_no_taskflow_operators.py
[2023-09-15T16:54:32.323+0800] {processor.py:839} INFO - DAG(s) dict_keys(['example_dynamic_task_mapping_with_no_taskflow_operators']) retrieved from /opt/homebrew/lib/python3.11/site-packages/airflow/example_dags/example_dynamic_task_mapping_with_no_taskflow_operators.py
[2023-09-15T16:54:32.417+0800] {logging_mixin.py:151} INFO - [2023-09-15T16:54:32.417+0800] {dag.py:2915} INFO - Sync 1 DAGs
[2023-09-15T16:54:32.426+0800] {logging_mixin.py:151} INFO - [2023-09-15T16:54:32.426+0800] {dag.py:3696} INFO - Setting next_dagrun for example_dynamic_task_mapping_with_no_taskflow_operators to 2023-09-14T08:54:32.425937+00:00, run_after=2023-09-15T08:54:32.425937+00:00
[2023-09-15T16:54:32.437+0800] {processor.py:179} INFO - Processing /opt/homebrew/lib/python3.11/site-packages/airflow/example_dags/example_dynamic_task_mapping_with_no_taskflow_operators.py took 0.130 seconds
[2023-09-15T18:23:27.356+0800] {processor.py:157} INFO - Started process (PID=82734) to work on /opt/homebrew/lib/python3.11/site-packages/airflow/example_dags/example_dynamic_task_mapping_with_no_taskflow_operators.py
[2023-09-15T18:23:27.356+0800] {processor.py:829} INFO - Processing file /opt/homebrew/lib/python3.11/site-packages/airflow/example_dags/example_dynamic_task_mapping_with_no_taskflow_operators.py for tasks to queue
[2023-09-15T18:23:27.356+0800] {logging_mixin.py:151} INFO - [2023-09-15T18:23:27.356+0800] {dagbag.py:539} INFO - Filling up the DagBag from /opt/homebrew/lib/python3.11/site-packages/airflow/example_dags/example_dynamic_task_mapping_with_no_taskflow_operators.py
[2023-09-15T18:23:27.371+0800] {processor.py:839} INFO - DAG(s) dict_keys(['example_dynamic_task_mapping_with_no_taskflow_operators']) retrieved from /opt/homebrew/lib/python3.11/site-packages/airflow/example_dags/example_dynamic_task_mapping_with_no_taskflow_operators.py
[2023-09-15T18:23:27.466+0800] {logging_mixin.py:151} INFO - [2023-09-15T18:23:27.466+0800] {dag.py:2915} INFO - Sync 1 DAGs
[2023-09-15T18:23:27.474+0800] {logging_mixin.py:151} INFO - [2023-09-15T18:23:27.474+0800] {dag.py:3696} INFO - Setting next_dagrun for example_dynamic_task_mapping_with_no_taskflow_operators to 2023-09-14T10:23:27.474298+00:00, run_after=2023-09-15T10:23:27.474298+00:00
[2023-09-15T18:23:27.485+0800] {processor.py:179} INFO - Processing /opt/homebrew/lib/python3.11/site-packages/airflow/example_dags/example_dynamic_task_mapping_with_no_taskflow_operators.py took 0.130 seconds
[2023-09-15T21:57:37.147+0800] {processor.py:157} INFO - Started process (PID=83093) to work on /opt/homebrew/lib/python3.11/site-packages/airflow/example_dags/example_dynamic_task_mapping_with_no_taskflow_operators.py
[2023-09-15T21:57:37.148+0800] {processor.py:829} INFO - Processing file /opt/homebrew/lib/python3.11/site-packages/airflow/example_dags/example_dynamic_task_mapping_with_no_taskflow_operators.py for tasks to queue
[2023-09-15T21:57:37.148+0800] {logging_mixin.py:151} INFO - [2023-09-15T21:57:37.148+0800] {dagbag.py:539} INFO - Filling up the DagBag from /opt/homebrew/lib/python3.11/site-packages/airflow/example_dags/example_dynamic_task_mapping_with_no_taskflow_operators.py
[2023-09-15T21:57:37.163+0800] {processor.py:839} INFO - DAG(s) dict_keys(['example_dynamic_task_mapping_with_no_taskflow_operators']) retrieved from /opt/homebrew/lib/python3.11/site-packages/airflow/example_dags/example_dynamic_task_mapping_with_no_taskflow_operators.py
[2023-09-15T21:57:37.256+0800] {logging_mixin.py:151} INFO - [2023-09-15T21:57:37.256+0800] {dag.py:2915} INFO - Sync 1 DAGs
[2023-09-15T21:57:37.265+0800] {logging_mixin.py:151} INFO - [2023-09-15T21:57:37.264+0800] {dag.py:3696} INFO - Setting next_dagrun for example_dynamic_task_mapping_with_no_taskflow_operators to 2023-09-14T13:57:37.264913+00:00, run_after=2023-09-15T13:57:37.264913+00:00
[2023-09-15T21:57:37.275+0800] {processor.py:179} INFO - Processing /opt/homebrew/lib/python3.11/site-packages/airflow/example_dags/example_dynamic_task_mapping_with_no_taskflow_operators.py took 0.128 seconds
[2023-09-16T01:06:47.662+0800] {processor.py:157} INFO - Started process (PID=83451) to work on /opt/homebrew/lib/python3.11/site-packages/airflow/example_dags/example_dynamic_task_mapping_with_no_taskflow_operators.py
[2023-09-16T01:06:47.662+0800] {processor.py:829} INFO - Processing file /opt/homebrew/lib/python3.11/site-packages/airflow/example_dags/example_dynamic_task_mapping_with_no_taskflow_operators.py for tasks to queue
[2023-09-16T01:06:47.662+0800] {logging_mixin.py:151} INFO - [2023-09-16T01:06:47.662+0800] {dagbag.py:539} INFO - Filling up the DagBag from /opt/homebrew/lib/python3.11/site-packages/airflow/example_dags/example_dynamic_task_mapping_with_no_taskflow_operators.py
[2023-09-16T01:06:47.677+0800] {processor.py:839} INFO - DAG(s) dict_keys(['example_dynamic_task_mapping_with_no_taskflow_operators']) retrieved from /opt/homebrew/lib/python3.11/site-packages/airflow/example_dags/example_dynamic_task_mapping_with_no_taskflow_operators.py
[2023-09-16T01:06:47.771+0800] {logging_mixin.py:151} INFO - [2023-09-16T01:06:47.771+0800] {dag.py:2915} INFO - Sync 1 DAGs
[2023-09-16T01:06:47.779+0800] {logging_mixin.py:151} INFO - [2023-09-16T01:06:47.779+0800] {dag.py:3696} INFO - Setting next_dagrun for example_dynamic_task_mapping_with_no_taskflow_operators to 2023-09-14T17:06:47.779482+00:00, run_after=2023-09-15T17:06:47.779482+00:00
[2023-09-16T01:06:47.790+0800] {processor.py:179} INFO - Processing /opt/homebrew/lib/python3.11/site-packages/airflow/example_dags/example_dynamic_task_mapping_with_no_taskflow_operators.py took 0.129 seconds
[2023-09-16T04:43:03.998+0800] {processor.py:157} INFO - Started process (PID=83798) to work on /opt/homebrew/lib/python3.11/site-packages/airflow/example_dags/example_dynamic_task_mapping_with_no_taskflow_operators.py
[2023-09-16T04:43:03.999+0800] {processor.py:829} INFO - Processing file /opt/homebrew/lib/python3.11/site-packages/airflow/example_dags/example_dynamic_task_mapping_with_no_taskflow_operators.py for tasks to queue
[2023-09-16T04:43:03.999+0800] {logging_mixin.py:151} INFO - [2023-09-16T04:43:03.999+0800] {dagbag.py:539} INFO - Filling up the DagBag from /opt/homebrew/lib/python3.11/site-packages/airflow/example_dags/example_dynamic_task_mapping_with_no_taskflow_operators.py
[2023-09-16T04:43:04.014+0800] {processor.py:839} INFO - DAG(s) dict_keys(['example_dynamic_task_mapping_with_no_taskflow_operators']) retrieved from /opt/homebrew/lib/python3.11/site-packages/airflow/example_dags/example_dynamic_task_mapping_with_no_taskflow_operators.py
[2023-09-16T04:43:04.109+0800] {logging_mixin.py:151} INFO - [2023-09-16T04:43:04.109+0800] {dag.py:2915} INFO - Sync 1 DAGs
[2023-09-16T04:43:04.117+0800] {logging_mixin.py:151} INFO - [2023-09-16T04:43:04.117+0800] {dag.py:3696} INFO - Setting next_dagrun for example_dynamic_task_mapping_with_no_taskflow_operators to 2023-09-14T20:43:04.117223+00:00, run_after=2023-09-15T20:43:04.117223+00:00
[2023-09-16T04:43:04.128+0800] {processor.py:179} INFO - Processing /opt/homebrew/lib/python3.11/site-packages/airflow/example_dags/example_dynamic_task_mapping_with_no_taskflow_operators.py took 0.130 seconds
[2023-09-16T07:38:15.442+0800] {processor.py:157} INFO - Started process (PID=84082) to work on /opt/homebrew/lib/python3.11/site-packages/airflow/example_dags/example_dynamic_task_mapping_with_no_taskflow_operators.py
[2023-09-16T07:38:15.443+0800] {processor.py:829} INFO - Processing file /opt/homebrew/lib/python3.11/site-packages/airflow/example_dags/example_dynamic_task_mapping_with_no_taskflow_operators.py for tasks to queue
[2023-09-16T07:38:15.443+0800] {logging_mixin.py:151} INFO - [2023-09-16T07:38:15.443+0800] {dagbag.py:539} INFO - Filling up the DagBag from /opt/homebrew/lib/python3.11/site-packages/airflow/example_dags/example_dynamic_task_mapping_with_no_taskflow_operators.py
[2023-09-16T07:38:15.458+0800] {processor.py:839} INFO - DAG(s) dict_keys(['example_dynamic_task_mapping_with_no_taskflow_operators']) retrieved from /opt/homebrew/lib/python3.11/site-packages/airflow/example_dags/example_dynamic_task_mapping_with_no_taskflow_operators.py
[2023-09-16T07:38:15.553+0800] {logging_mixin.py:151} INFO - [2023-09-16T07:38:15.553+0800] {dag.py:2915} INFO - Sync 1 DAGs
[2023-09-16T07:38:15.561+0800] {logging_mixin.py:151} INFO - [2023-09-16T07:38:15.561+0800] {dag.py:3696} INFO - Setting next_dagrun for example_dynamic_task_mapping_with_no_taskflow_operators to 2023-09-14T23:38:15.561480+00:00, run_after=2023-09-15T23:38:15.561480+00:00
[2023-09-16T07:38:15.572+0800] {processor.py:179} INFO - Processing /opt/homebrew/lib/python3.11/site-packages/airflow/example_dags/example_dynamic_task_mapping_with_no_taskflow_operators.py took 0.130 seconds
