[2023-09-15T09:27:00.460+0800] {processor.py:157} INFO - Started process (PID=75750) to work on /opt/homebrew/lib/python3.11/site-packages/airflow/example_dags/example_sensors.py
[2023-09-15T09:27:00.461+0800] {processor.py:829} INFO - Processing file /opt/homebrew/lib/python3.11/site-packages/airflow/example_dags/example_sensors.py for tasks to queue
[2023-09-15T09:27:00.461+0800] {logging_mixin.py:151} INFO - [2023-09-15T09:27:00.461+0800] {dagbag.py:539} INFO - Filling up the DagBag from /opt/homebrew/lib/python3.11/site-packages/airflow/example_dags/example_sensors.py
[2023-09-15T09:27:00.481+0800] {processor.py:839} INFO - DAG(s) dict_keys(['example_sensors']) retrieved from /opt/homebrew/lib/python3.11/site-packages/airflow/example_dags/example_sensors.py
[2023-09-15T09:27:00.587+0800] {logging_mixin.py:151} INFO - [2023-09-15T09:27:00.587+0800] {dag.py:2915} INFO - Sync 1 DAGs
[2023-09-15T09:27:00.593+0800] {logging_mixin.py:151} INFO - [2023-09-15T09:27:00.593+0800] {dag.py:3696} INFO - Setting next_dagrun for example_sensors to None, run_after=None
[2023-09-15T09:27:00.603+0800] {processor.py:179} INFO - Processing /opt/homebrew/lib/python3.11/site-packages/airflow/example_dags/example_sensors.py took 0.143 seconds
[2023-09-15T12:37:16.316+0800] {processor.py:157} INFO - Started process (PID=76083) to work on /opt/homebrew/lib/python3.11/site-packages/airflow/example_dags/example_sensors.py
[2023-09-15T12:37:16.317+0800] {processor.py:829} INFO - Processing file /opt/homebrew/lib/python3.11/site-packages/airflow/example_dags/example_sensors.py for tasks to queue
[2023-09-15T12:37:16.317+0800] {logging_mixin.py:151} INFO - [2023-09-15T12:37:16.317+0800] {dagbag.py:539} INFO - Filling up the DagBag from /opt/homebrew/lib/python3.11/site-packages/airflow/example_dags/example_sensors.py
[2023-09-15T12:37:16.337+0800] {processor.py:839} INFO - DAG(s) dict_keys(['example_sensors']) retrieved from /opt/homebrew/lib/python3.11/site-packages/airflow/example_dags/example_sensors.py
[2023-09-15T12:37:16.442+0800] {logging_mixin.py:151} INFO - [2023-09-15T12:37:16.442+0800] {dag.py:2915} INFO - Sync 1 DAGs
[2023-09-15T12:37:16.448+0800] {logging_mixin.py:151} INFO - [2023-09-15T12:37:16.448+0800] {dag.py:3696} INFO - Setting next_dagrun for example_sensors to None, run_after=None
[2023-09-15T12:37:16.458+0800] {processor.py:179} INFO - Processing /opt/homebrew/lib/python3.11/site-packages/airflow/example_dags/example_sensors.py took 0.143 seconds
[2023-09-15T15:28:46.038+0800] {processor.py:157} INFO - Started process (PID=76368) to work on /opt/homebrew/lib/python3.11/site-packages/airflow/example_dags/example_sensors.py
[2023-09-15T15:28:46.039+0800] {processor.py:829} INFO - Processing file /opt/homebrew/lib/python3.11/site-packages/airflow/example_dags/example_sensors.py for tasks to queue
[2023-09-15T15:28:46.039+0800] {logging_mixin.py:151} INFO - [2023-09-15T15:28:46.039+0800] {dagbag.py:539} INFO - Filling up the DagBag from /opt/homebrew/lib/python3.11/site-packages/airflow/example_dags/example_sensors.py
[2023-09-15T15:28:46.059+0800] {processor.py:839} INFO - DAG(s) dict_keys(['example_sensors']) retrieved from /opt/homebrew/lib/python3.11/site-packages/airflow/example_dags/example_sensors.py
[2023-09-15T15:28:46.165+0800] {logging_mixin.py:151} INFO - [2023-09-15T15:28:46.164+0800] {dag.py:2915} INFO - Sync 1 DAGs
[2023-09-15T15:28:46.170+0800] {logging_mixin.py:151} INFO - [2023-09-15T15:28:46.170+0800] {dag.py:3696} INFO - Setting next_dagrun for example_sensors to None, run_after=None
[2023-09-15T15:28:46.181+0800] {processor.py:179} INFO - Processing /opt/homebrew/lib/python3.11/site-packages/airflow/example_dags/example_sensors.py took 0.143 seconds
[2023-09-15T16:06:32.686+0800] {processor.py:157} INFO - Started process (PID=76559) to work on /opt/homebrew/lib/python3.11/site-packages/airflow/example_dags/example_sensors.py
[2023-09-15T16:06:32.688+0800] {processor.py:829} INFO - Processing file /opt/homebrew/lib/python3.11/site-packages/airflow/example_dags/example_sensors.py for tasks to queue
[2023-09-15T16:06:32.688+0800] {logging_mixin.py:151} INFO - [2023-09-15T16:06:32.688+0800] {dagbag.py:539} INFO - Filling up the DagBag from /opt/homebrew/lib/python3.11/site-packages/airflow/example_dags/example_sensors.py
[2023-09-15T16:06:32.708+0800] {processor.py:839} INFO - DAG(s) dict_keys(['example_sensors']) retrieved from /opt/homebrew/lib/python3.11/site-packages/airflow/example_dags/example_sensors.py
[2023-09-15T16:06:33.252+0800] {logging_mixin.py:151} INFO - [2023-09-15T16:06:33.252+0800] {security.py:708} INFO - Not syncing DAG-level permissions for DAG 'DAG:example_sensors' as access control is unset.
[2023-09-15T16:06:33.253+0800] {logging_mixin.py:151} INFO - [2023-09-15T16:06:33.252+0800] {dag.py:2915} INFO - Sync 1 DAGs
[2023-09-15T16:06:33.257+0800] {logging_mixin.py:151} INFO - [2023-09-15T16:06:33.257+0800] {dag.py:3696} INFO - Setting next_dagrun for example_sensors to None, run_after=None
[2023-09-15T16:06:33.267+0800] {processor.py:179} INFO - Processing /opt/homebrew/lib/python3.11/site-packages/airflow/example_dags/example_sensors.py took 0.582 seconds
[2023-09-15T16:08:15.511+0800] {processor.py:157} INFO - Started process (PID=76782) to work on /opt/homebrew/lib/python3.11/site-packages/airflow/example_dags/example_sensors.py
[2023-09-15T16:08:15.512+0800] {processor.py:829} INFO - Processing file /opt/homebrew/lib/python3.11/site-packages/airflow/example_dags/example_sensors.py for tasks to queue
[2023-09-15T16:08:15.513+0800] {logging_mixin.py:151} INFO - [2023-09-15T16:08:15.513+0800] {dagbag.py:539} INFO - Filling up the DagBag from /opt/homebrew/lib/python3.11/site-packages/airflow/example_dags/example_sensors.py
[2023-09-15T16:08:15.532+0800] {processor.py:839} INFO - DAG(s) dict_keys(['example_sensors']) retrieved from /opt/homebrew/lib/python3.11/site-packages/airflow/example_dags/example_sensors.py
[2023-09-15T16:08:15.637+0800] {logging_mixin.py:151} INFO - [2023-09-15T16:08:15.636+0800] {dag.py:2915} INFO - Sync 1 DAGs
[2023-09-15T16:08:15.642+0800] {logging_mixin.py:151} INFO - [2023-09-15T16:08:15.642+0800] {dag.py:3696} INFO - Setting next_dagrun for example_sensors to None, run_after=None
[2023-09-15T16:08:15.652+0800] {processor.py:179} INFO - Processing /opt/homebrew/lib/python3.11/site-packages/airflow/example_dags/example_sensors.py took 0.141 seconds
[2023-09-15T16:10:02.480+0800] {processor.py:157} INFO - Started process (PID=76995) to work on /opt/homebrew/lib/python3.11/site-packages/airflow/example_dags/example_sensors.py
[2023-09-15T16:10:02.481+0800] {processor.py:829} INFO - Processing file /opt/homebrew/lib/python3.11/site-packages/airflow/example_dags/example_sensors.py for tasks to queue
[2023-09-15T16:10:02.481+0800] {logging_mixin.py:151} INFO - [2023-09-15T16:10:02.481+0800] {dagbag.py:539} INFO - Filling up the DagBag from /opt/homebrew/lib/python3.11/site-packages/airflow/example_dags/example_sensors.py
[2023-09-15T16:10:02.503+0800] {processor.py:839} INFO - DAG(s) dict_keys(['example_sensors']) retrieved from /opt/homebrew/lib/python3.11/site-packages/airflow/example_dags/example_sensors.py
[2023-09-15T16:10:02.636+0800] {logging_mixin.py:151} INFO - [2023-09-15T16:10:02.635+0800] {dag.py:2915} INFO - Sync 1 DAGs
[2023-09-15T16:10:02.641+0800] {logging_mixin.py:151} INFO - [2023-09-15T16:10:02.641+0800] {dag.py:3696} INFO - Setting next_dagrun for example_sensors to None, run_after=None
[2023-09-15T16:10:02.653+0800] {processor.py:179} INFO - Processing /opt/homebrew/lib/python3.11/site-packages/airflow/example_dags/example_sensors.py took 0.173 seconds
[2023-09-15T16:11:46.428+0800] {processor.py:157} INFO - Started process (PID=77189) to work on /opt/homebrew/lib/python3.11/site-packages/airflow/example_dags/example_sensors.py
[2023-09-15T16:11:46.429+0800] {processor.py:829} INFO - Processing file /opt/homebrew/lib/python3.11/site-packages/airflow/example_dags/example_sensors.py for tasks to queue
[2023-09-15T16:11:46.429+0800] {logging_mixin.py:151} INFO - [2023-09-15T16:11:46.429+0800] {dagbag.py:539} INFO - Filling up the DagBag from /opt/homebrew/lib/python3.11/site-packages/airflow/example_dags/example_sensors.py
[2023-09-15T16:11:46.448+0800] {processor.py:839} INFO - DAG(s) dict_keys(['example_sensors']) retrieved from /opt/homebrew/lib/python3.11/site-packages/airflow/example_dags/example_sensors.py
[2023-09-15T16:11:46.553+0800] {logging_mixin.py:151} INFO - [2023-09-15T16:11:46.553+0800] {dag.py:2915} INFO - Sync 1 DAGs
[2023-09-15T16:11:46.559+0800] {logging_mixin.py:151} INFO - [2023-09-15T16:11:46.559+0800] {dag.py:3696} INFO - Setting next_dagrun for example_sensors to None, run_after=None
[2023-09-15T16:11:46.569+0800] {processor.py:179} INFO - Processing /opt/homebrew/lib/python3.11/site-packages/airflow/example_dags/example_sensors.py took 0.141 seconds
[2023-09-15T16:13:33.600+0800] {processor.py:157} INFO - Started process (PID=77386) to work on /opt/homebrew/lib/python3.11/site-packages/airflow/example_dags/example_sensors.py
[2023-09-15T16:13:33.600+0800] {processor.py:829} INFO - Processing file /opt/homebrew/lib/python3.11/site-packages/airflow/example_dags/example_sensors.py for tasks to queue
[2023-09-15T16:13:33.601+0800] {logging_mixin.py:151} INFO - [2023-09-15T16:13:33.601+0800] {dagbag.py:539} INFO - Filling up the DagBag from /opt/homebrew/lib/python3.11/site-packages/airflow/example_dags/example_sensors.py
[2023-09-15T16:13:33.619+0800] {processor.py:839} INFO - DAG(s) dict_keys(['example_sensors']) retrieved from /opt/homebrew/lib/python3.11/site-packages/airflow/example_dags/example_sensors.py
[2023-09-15T16:13:33.724+0800] {logging_mixin.py:151} INFO - [2023-09-15T16:13:33.724+0800] {dag.py:2915} INFO - Sync 1 DAGs
[2023-09-15T16:13:33.730+0800] {logging_mixin.py:151} INFO - [2023-09-15T16:13:33.729+0800] {dag.py:3696} INFO - Setting next_dagrun for example_sensors to None, run_after=None
[2023-09-15T16:13:33.740+0800] {processor.py:179} INFO - Processing /opt/homebrew/lib/python3.11/site-packages/airflow/example_dags/example_sensors.py took 0.140 seconds
[2023-09-15T16:15:17.369+0800] {processor.py:157} INFO - Started process (PID=77572) to work on /opt/homebrew/lib/python3.11/site-packages/airflow/example_dags/example_sensors.py
[2023-09-15T16:15:17.369+0800] {processor.py:829} INFO - Processing file /opt/homebrew/lib/python3.11/site-packages/airflow/example_dags/example_sensors.py for tasks to queue
[2023-09-15T16:15:17.370+0800] {logging_mixin.py:151} INFO - [2023-09-15T16:15:17.369+0800] {dagbag.py:539} INFO - Filling up the DagBag from /opt/homebrew/lib/python3.11/site-packages/airflow/example_dags/example_sensors.py
[2023-09-15T16:15:17.388+0800] {processor.py:839} INFO - DAG(s) dict_keys(['example_sensors']) retrieved from /opt/homebrew/lib/python3.11/site-packages/airflow/example_dags/example_sensors.py
[2023-09-15T16:15:17.493+0800] {logging_mixin.py:151} INFO - [2023-09-15T16:15:17.493+0800] {dag.py:2915} INFO - Sync 1 DAGs
[2023-09-15T16:15:17.499+0800] {logging_mixin.py:151} INFO - [2023-09-15T16:15:17.499+0800] {dag.py:3696} INFO - Setting next_dagrun for example_sensors to None, run_after=None
[2023-09-15T16:15:17.509+0800] {processor.py:179} INFO - Processing /opt/homebrew/lib/python3.11/site-packages/airflow/example_dags/example_sensors.py took 0.140 seconds
[2023-09-15T16:17:00.129+0800] {processor.py:157} INFO - Started process (PID=77768) to work on /opt/homebrew/lib/python3.11/site-packages/airflow/example_dags/example_sensors.py
[2023-09-15T16:17:00.130+0800] {processor.py:829} INFO - Processing file /opt/homebrew/lib/python3.11/site-packages/airflow/example_dags/example_sensors.py for tasks to queue
[2023-09-15T16:17:00.130+0800] {logging_mixin.py:151} INFO - [2023-09-15T16:17:00.130+0800] {dagbag.py:539} INFO - Filling up the DagBag from /opt/homebrew/lib/python3.11/site-packages/airflow/example_dags/example_sensors.py
[2023-09-15T16:17:00.148+0800] {processor.py:839} INFO - DAG(s) dict_keys(['example_sensors']) retrieved from /opt/homebrew/lib/python3.11/site-packages/airflow/example_dags/example_sensors.py
[2023-09-15T16:17:00.253+0800] {logging_mixin.py:151} INFO - [2023-09-15T16:17:00.253+0800] {dag.py:2915} INFO - Sync 1 DAGs
[2023-09-15T16:17:00.259+0800] {logging_mixin.py:151} INFO - [2023-09-15T16:17:00.259+0800] {dag.py:3696} INFO - Setting next_dagrun for example_sensors to None, run_after=None
[2023-09-15T16:17:00.269+0800] {processor.py:179} INFO - Processing /opt/homebrew/lib/python3.11/site-packages/airflow/example_dags/example_sensors.py took 0.140 seconds
[2023-09-15T16:18:45.476+0800] {processor.py:157} INFO - Started process (PID=77955) to work on /opt/homebrew/lib/python3.11/site-packages/airflow/example_dags/example_sensors.py
[2023-09-15T16:18:45.477+0800] {processor.py:829} INFO - Processing file /opt/homebrew/lib/python3.11/site-packages/airflow/example_dags/example_sensors.py for tasks to queue
[2023-09-15T16:18:45.477+0800] {logging_mixin.py:151} INFO - [2023-09-15T16:18:45.477+0800] {dagbag.py:539} INFO - Filling up the DagBag from /opt/homebrew/lib/python3.11/site-packages/airflow/example_dags/example_sensors.py
[2023-09-15T16:18:45.496+0800] {processor.py:839} INFO - DAG(s) dict_keys(['example_sensors']) retrieved from /opt/homebrew/lib/python3.11/site-packages/airflow/example_dags/example_sensors.py
[2023-09-15T16:18:45.601+0800] {logging_mixin.py:151} INFO - [2023-09-15T16:18:45.601+0800] {dag.py:2915} INFO - Sync 1 DAGs
[2023-09-15T16:18:45.606+0800] {logging_mixin.py:151} INFO - [2023-09-15T16:18:45.606+0800] {dag.py:3696} INFO - Setting next_dagrun for example_sensors to None, run_after=None
[2023-09-15T16:18:45.617+0800] {processor.py:179} INFO - Processing /opt/homebrew/lib/python3.11/site-packages/airflow/example_dags/example_sensors.py took 0.141 seconds
[2023-09-15T16:20:30.603+0800] {processor.py:157} INFO - Started process (PID=78143) to work on /opt/homebrew/lib/python3.11/site-packages/airflow/example_dags/example_sensors.py
[2023-09-15T16:20:30.604+0800] {processor.py:829} INFO - Processing file /opt/homebrew/lib/python3.11/site-packages/airflow/example_dags/example_sensors.py for tasks to queue
[2023-09-15T16:20:30.604+0800] {logging_mixin.py:151} INFO - [2023-09-15T16:20:30.604+0800] {dagbag.py:539} INFO - Filling up the DagBag from /opt/homebrew/lib/python3.11/site-packages/airflow/example_dags/example_sensors.py
[2023-09-15T16:20:30.623+0800] {processor.py:839} INFO - DAG(s) dict_keys(['example_sensors']) retrieved from /opt/homebrew/lib/python3.11/site-packages/airflow/example_dags/example_sensors.py
[2023-09-15T16:20:30.728+0800] {logging_mixin.py:151} INFO - [2023-09-15T16:20:30.728+0800] {dag.py:2915} INFO - Sync 1 DAGs
[2023-09-15T16:20:30.734+0800] {logging_mixin.py:151} INFO - [2023-09-15T16:20:30.734+0800] {dag.py:3696} INFO - Setting next_dagrun for example_sensors to None, run_after=None
[2023-09-15T16:20:30.744+0800] {processor.py:179} INFO - Processing /opt/homebrew/lib/python3.11/site-packages/airflow/example_dags/example_sensors.py took 0.141 seconds
[2023-09-15T16:22:17.521+0800] {processor.py:157} INFO - Started process (PID=78333) to work on /opt/homebrew/lib/python3.11/site-packages/airflow/example_dags/example_sensors.py
[2023-09-15T16:22:17.522+0800] {processor.py:829} INFO - Processing file /opt/homebrew/lib/python3.11/site-packages/airflow/example_dags/example_sensors.py for tasks to queue
[2023-09-15T16:22:17.522+0800] {logging_mixin.py:151} INFO - [2023-09-15T16:22:17.522+0800] {dagbag.py:539} INFO - Filling up the DagBag from /opt/homebrew/lib/python3.11/site-packages/airflow/example_dags/example_sensors.py
[2023-09-15T16:22:17.541+0800] {processor.py:839} INFO - DAG(s) dict_keys(['example_sensors']) retrieved from /opt/homebrew/lib/python3.11/site-packages/airflow/example_dags/example_sensors.py
[2023-09-15T16:22:17.646+0800] {logging_mixin.py:151} INFO - [2023-09-15T16:22:17.646+0800] {dag.py:2915} INFO - Sync 1 DAGs
[2023-09-15T16:22:17.652+0800] {logging_mixin.py:151} INFO - [2023-09-15T16:22:17.652+0800] {dag.py:3696} INFO - Setting next_dagrun for example_sensors to None, run_after=None
[2023-09-15T16:22:17.662+0800] {processor.py:179} INFO - Processing /opt/homebrew/lib/python3.11/site-packages/airflow/example_dags/example_sensors.py took 0.141 seconds
[2023-09-15T16:24:00.993+0800] {processor.py:157} INFO - Started process (PID=78522) to work on /opt/homebrew/lib/python3.11/site-packages/airflow/example_dags/example_sensors.py
[2023-09-15T16:24:00.993+0800] {processor.py:829} INFO - Processing file /opt/homebrew/lib/python3.11/site-packages/airflow/example_dags/example_sensors.py for tasks to queue
[2023-09-15T16:24:00.994+0800] {logging_mixin.py:151} INFO - [2023-09-15T16:24:00.994+0800] {dagbag.py:539} INFO - Filling up the DagBag from /opt/homebrew/lib/python3.11/site-packages/airflow/example_dags/example_sensors.py
[2023-09-15T16:24:01.012+0800] {processor.py:839} INFO - DAG(s) dict_keys(['example_sensors']) retrieved from /opt/homebrew/lib/python3.11/site-packages/airflow/example_dags/example_sensors.py
[2023-09-15T16:24:01.117+0800] {logging_mixin.py:151} INFO - [2023-09-15T16:24:01.117+0800] {dag.py:2915} INFO - Sync 1 DAGs
[2023-09-15T16:24:01.122+0800] {logging_mixin.py:151} INFO - [2023-09-15T16:24:01.122+0800] {dag.py:3696} INFO - Setting next_dagrun for example_sensors to None, run_after=None
[2023-09-15T16:24:01.132+0800] {processor.py:179} INFO - Processing /opt/homebrew/lib/python3.11/site-packages/airflow/example_dags/example_sensors.py took 0.140 seconds
[2023-09-15T16:25:43.355+0800] {processor.py:157} INFO - Started process (PID=78710) to work on /opt/homebrew/lib/python3.11/site-packages/airflow/example_dags/example_sensors.py
[2023-09-15T16:25:43.355+0800] {processor.py:829} INFO - Processing file /opt/homebrew/lib/python3.11/site-packages/airflow/example_dags/example_sensors.py for tasks to queue
[2023-09-15T16:25:43.356+0800] {logging_mixin.py:151} INFO - [2023-09-15T16:25:43.355+0800] {dagbag.py:539} INFO - Filling up the DagBag from /opt/homebrew/lib/python3.11/site-packages/airflow/example_dags/example_sensors.py
[2023-09-15T16:25:43.374+0800] {processor.py:839} INFO - DAG(s) dict_keys(['example_sensors']) retrieved from /opt/homebrew/lib/python3.11/site-packages/airflow/example_dags/example_sensors.py
[2023-09-15T16:25:43.479+0800] {logging_mixin.py:151} INFO - [2023-09-15T16:25:43.479+0800] {dag.py:2915} INFO - Sync 1 DAGs
[2023-09-15T16:25:43.484+0800] {logging_mixin.py:151} INFO - [2023-09-15T16:25:43.484+0800] {dag.py:3696} INFO - Setting next_dagrun for example_sensors to None, run_after=None
[2023-09-15T16:25:43.494+0800] {processor.py:179} INFO - Processing /opt/homebrew/lib/python3.11/site-packages/airflow/example_dags/example_sensors.py took 0.140 seconds
[2023-09-15T16:27:26.381+0800] {processor.py:157} INFO - Started process (PID=78890) to work on /opt/homebrew/lib/python3.11/site-packages/airflow/example_dags/example_sensors.py
[2023-09-15T16:27:26.382+0800] {processor.py:829} INFO - Processing file /opt/homebrew/lib/python3.11/site-packages/airflow/example_dags/example_sensors.py for tasks to queue
[2023-09-15T16:27:26.382+0800] {logging_mixin.py:151} INFO - [2023-09-15T16:27:26.382+0800] {dagbag.py:539} INFO - Filling up the DagBag from /opt/homebrew/lib/python3.11/site-packages/airflow/example_dags/example_sensors.py
[2023-09-15T16:27:26.401+0800] {processor.py:839} INFO - DAG(s) dict_keys(['example_sensors']) retrieved from /opt/homebrew/lib/python3.11/site-packages/airflow/example_dags/example_sensors.py
[2023-09-15T16:27:26.505+0800] {logging_mixin.py:151} INFO - [2023-09-15T16:27:26.505+0800] {dag.py:2915} INFO - Sync 1 DAGs
[2023-09-15T16:27:26.511+0800] {logging_mixin.py:151} INFO - [2023-09-15T16:27:26.511+0800] {dag.py:3696} INFO - Setting next_dagrun for example_sensors to None, run_after=None
[2023-09-15T16:27:26.522+0800] {processor.py:179} INFO - Processing /opt/homebrew/lib/python3.11/site-packages/airflow/example_dags/example_sensors.py took 0.141 seconds
[2023-09-15T16:29:06.104+0800] {processor.py:157} INFO - Started process (PID=79069) to work on /opt/homebrew/lib/python3.11/site-packages/airflow/example_dags/example_sensors.py
[2023-09-15T16:29:06.105+0800] {processor.py:829} INFO - Processing file /opt/homebrew/lib/python3.11/site-packages/airflow/example_dags/example_sensors.py for tasks to queue
[2023-09-15T16:29:06.105+0800] {logging_mixin.py:151} INFO - [2023-09-15T16:29:06.105+0800] {dagbag.py:539} INFO - Filling up the DagBag from /opt/homebrew/lib/python3.11/site-packages/airflow/example_dags/example_sensors.py
[2023-09-15T16:29:06.124+0800] {processor.py:839} INFO - DAG(s) dict_keys(['example_sensors']) retrieved from /opt/homebrew/lib/python3.11/site-packages/airflow/example_dags/example_sensors.py
[2023-09-15T16:29:06.229+0800] {logging_mixin.py:151} INFO - [2023-09-15T16:29:06.229+0800] {dag.py:2915} INFO - Sync 1 DAGs
[2023-09-15T16:29:06.234+0800] {logging_mixin.py:151} INFO - [2023-09-15T16:29:06.234+0800] {dag.py:3696} INFO - Setting next_dagrun for example_sensors to None, run_after=None
[2023-09-15T16:29:06.244+0800] {processor.py:179} INFO - Processing /opt/homebrew/lib/python3.11/site-packages/airflow/example_dags/example_sensors.py took 0.140 seconds
