[2023-09-15T10:40:03.299+0800] {processor.py:157} INFO - Started process (PID=75897) to work on /opt/homebrew/lib/python3.11/site-packages/airflow/example_dags/example_branch_python_dop_operator_3.py
[2023-09-15T10:40:03.299+0800] {processor.py:829} INFO - Processing file /opt/homebrew/lib/python3.11/site-packages/airflow/example_dags/example_branch_python_dop_operator_3.py for tasks to queue
[2023-09-15T10:40:03.299+0800] {logging_mixin.py:151} INFO - [2023-09-15T10:40:03.299+0800] {dagbag.py:539} INFO - Filling up the DagBag from /opt/homebrew/lib/python3.11/site-packages/airflow/example_dags/example_branch_python_dop_operator_3.py
[2023-09-15T10:40:03.332+0800] {processor.py:839} INFO - DAG(s) dict_keys(['example_branch_dop_operator_v3']) retrieved from /opt/homebrew/lib/python3.11/site-packages/airflow/example_dags/example_branch_python_dop_operator_3.py
[2023-09-15T10:40:03.425+0800] {logging_mixin.py:151} INFO - [2023-09-15T10:40:03.425+0800] {dag.py:2915} INFO - Sync 1 DAGs
[2023-09-15T10:40:03.436+0800] {logging_mixin.py:151} INFO - [2023-09-15T10:40:03.436+0800] {dag.py:3696} INFO - Setting next_dagrun for example_branch_dop_operator_v3 to 2023-09-15T02:39:00+00:00, run_after=2023-09-15T02:40:00+00:00
[2023-09-15T10:40:03.447+0800] {processor.py:179} INFO - Processing /opt/homebrew/lib/python3.11/site-packages/airflow/example_dags/example_branch_python_dop_operator_3.py took 0.148 seconds
[2023-09-15T14:00:29.361+0800] {processor.py:157} INFO - Started process (PID=76191) to work on /opt/homebrew/lib/python3.11/site-packages/airflow/example_dags/example_branch_python_dop_operator_3.py
[2023-09-15T14:00:29.362+0800] {processor.py:829} INFO - Processing file /opt/homebrew/lib/python3.11/site-packages/airflow/example_dags/example_branch_python_dop_operator_3.py for tasks to queue
[2023-09-15T14:00:29.362+0800] {logging_mixin.py:151} INFO - [2023-09-15T14:00:29.362+0800] {dagbag.py:539} INFO - Filling up the DagBag from /opt/homebrew/lib/python3.11/site-packages/airflow/example_dags/example_branch_python_dop_operator_3.py
[2023-09-15T14:00:29.396+0800] {processor.py:839} INFO - DAG(s) dict_keys(['example_branch_dop_operator_v3']) retrieved from /opt/homebrew/lib/python3.11/site-packages/airflow/example_dags/example_branch_python_dop_operator_3.py
[2023-09-15T14:00:29.491+0800] {logging_mixin.py:151} INFO - [2023-09-15T14:00:29.491+0800] {dag.py:2915} INFO - Sync 1 DAGs
[2023-09-15T14:00:29.502+0800] {logging_mixin.py:151} INFO - [2023-09-15T14:00:29.502+0800] {dag.py:3696} INFO - Setting next_dagrun for example_branch_dop_operator_v3 to 2023-09-15T05:59:00+00:00, run_after=2023-09-15T06:00:00+00:00
[2023-09-15T14:00:29.512+0800] {processor.py:179} INFO - Processing /opt/homebrew/lib/python3.11/site-packages/airflow/example_dags/example_branch_python_dop_operator_3.py took 0.151 seconds
[2023-09-15T16:05:41.039+0800] {processor.py:157} INFO - Started process (PID=76467) to work on /opt/homebrew/lib/python3.11/site-packages/airflow/example_dags/example_branch_python_dop_operator_3.py
[2023-09-15T16:05:41.040+0800] {processor.py:829} INFO - Processing file /opt/homebrew/lib/python3.11/site-packages/airflow/example_dags/example_branch_python_dop_operator_3.py for tasks to queue
[2023-09-15T16:05:41.040+0800] {logging_mixin.py:151} INFO - [2023-09-15T16:05:41.040+0800] {dagbag.py:539} INFO - Filling up the DagBag from /opt/homebrew/lib/python3.11/site-packages/airflow/example_dags/example_branch_python_dop_operator_3.py
[2023-09-15T16:05:41.072+0800] {processor.py:839} INFO - DAG(s) dict_keys(['example_branch_dop_operator_v3']) retrieved from /opt/homebrew/lib/python3.11/site-packages/airflow/example_dags/example_branch_python_dop_operator_3.py
[2023-09-15T16:05:41.165+0800] {logging_mixin.py:151} INFO - [2023-09-15T16:05:41.165+0800] {dag.py:2915} INFO - Sync 1 DAGs
[2023-09-15T16:05:41.175+0800] {logging_mixin.py:151} INFO - [2023-09-15T16:05:41.175+0800] {dag.py:3696} INFO - Setting next_dagrun for example_branch_dop_operator_v3 to 2023-09-15T08:04:00+00:00, run_after=2023-09-15T08:05:00+00:00
[2023-09-15T16:05:41.185+0800] {processor.py:179} INFO - Processing /opt/homebrew/lib/python3.11/site-packages/airflow/example_dags/example_branch_python_dop_operator_3.py took 0.146 seconds
[2023-09-15T16:07:28.625+0800] {processor.py:157} INFO - Started process (PID=76671) to work on /opt/homebrew/lib/python3.11/site-packages/airflow/example_dags/example_branch_python_dop_operator_3.py
[2023-09-15T16:07:28.626+0800] {processor.py:829} INFO - Processing file /opt/homebrew/lib/python3.11/site-packages/airflow/example_dags/example_branch_python_dop_operator_3.py for tasks to queue
[2023-09-15T16:07:28.626+0800] {logging_mixin.py:151} INFO - [2023-09-15T16:07:28.626+0800] {dagbag.py:539} INFO - Filling up the DagBag from /opt/homebrew/lib/python3.11/site-packages/airflow/example_dags/example_branch_python_dop_operator_3.py
[2023-09-15T16:07:28.659+0800] {processor.py:839} INFO - DAG(s) dict_keys(['example_branch_dop_operator_v3']) retrieved from /opt/homebrew/lib/python3.11/site-packages/airflow/example_dags/example_branch_python_dop_operator_3.py
[2023-09-15T16:07:28.751+0800] {logging_mixin.py:151} INFO - [2023-09-15T16:07:28.751+0800] {dag.py:2915} INFO - Sync 1 DAGs
[2023-09-15T16:07:28.762+0800] {logging_mixin.py:151} INFO - [2023-09-15T16:07:28.762+0800] {dag.py:3696} INFO - Setting next_dagrun for example_branch_dop_operator_v3 to 2023-09-15T08:06:00+00:00, run_after=2023-09-15T08:07:00+00:00
[2023-09-15T16:07:28.772+0800] {processor.py:179} INFO - Processing /opt/homebrew/lib/python3.11/site-packages/airflow/example_dags/example_branch_python_dop_operator_3.py took 0.148 seconds
[2023-09-15T16:09:10.831+0800] {processor.py:157} INFO - Started process (PID=76898) to work on /opt/homebrew/lib/python3.11/site-packages/airflow/example_dags/example_branch_python_dop_operator_3.py
[2023-09-15T16:09:10.832+0800] {processor.py:829} INFO - Processing file /opt/homebrew/lib/python3.11/site-packages/airflow/example_dags/example_branch_python_dop_operator_3.py for tasks to queue
[2023-09-15T16:09:10.832+0800] {logging_mixin.py:151} INFO - [2023-09-15T16:09:10.832+0800] {dagbag.py:539} INFO - Filling up the DagBag from /opt/homebrew/lib/python3.11/site-packages/airflow/example_dags/example_branch_python_dop_operator_3.py
[2023-09-15T16:09:10.865+0800] {processor.py:839} INFO - DAG(s) dict_keys(['example_branch_dop_operator_v3']) retrieved from /opt/homebrew/lib/python3.11/site-packages/airflow/example_dags/example_branch_python_dop_operator_3.py
[2023-09-15T16:09:10.964+0800] {logging_mixin.py:151} INFO - [2023-09-15T16:09:10.964+0800] {dag.py:2915} INFO - Sync 1 DAGs
[2023-09-15T16:09:10.975+0800] {logging_mixin.py:151} INFO - [2023-09-15T16:09:10.975+0800] {dag.py:3696} INFO - Setting next_dagrun for example_branch_dop_operator_v3 to 2023-09-15T08:08:00+00:00, run_after=2023-09-15T08:09:00+00:00
[2023-09-15T16:09:10.986+0800] {processor.py:179} INFO - Processing /opt/homebrew/lib/python3.11/site-packages/airflow/example_dags/example_branch_python_dop_operator_3.py took 0.155 seconds
[2023-09-15T16:10:54.449+0800] {processor.py:157} INFO - Started process (PID=77089) to work on /opt/homebrew/lib/python3.11/site-packages/airflow/example_dags/example_branch_python_dop_operator_3.py
[2023-09-15T16:10:54.449+0800] {processor.py:829} INFO - Processing file /opt/homebrew/lib/python3.11/site-packages/airflow/example_dags/example_branch_python_dop_operator_3.py for tasks to queue
[2023-09-15T16:10:54.450+0800] {logging_mixin.py:151} INFO - [2023-09-15T16:10:54.450+0800] {dagbag.py:539} INFO - Filling up the DagBag from /opt/homebrew/lib/python3.11/site-packages/airflow/example_dags/example_branch_python_dop_operator_3.py
[2023-09-15T16:10:54.481+0800] {processor.py:839} INFO - DAG(s) dict_keys(['example_branch_dop_operator_v3']) retrieved from /opt/homebrew/lib/python3.11/site-packages/airflow/example_dags/example_branch_python_dop_operator_3.py
[2023-09-15T16:10:54.574+0800] {logging_mixin.py:151} INFO - [2023-09-15T16:10:54.574+0800] {dag.py:2915} INFO - Sync 1 DAGs
[2023-09-15T16:10:54.584+0800] {logging_mixin.py:151} INFO - [2023-09-15T16:10:54.584+0800] {dag.py:3696} INFO - Setting next_dagrun for example_branch_dop_operator_v3 to 2023-09-15T08:09:00+00:00, run_after=2023-09-15T08:10:00+00:00
[2023-09-15T16:10:54.594+0800] {processor.py:179} INFO - Processing /opt/homebrew/lib/python3.11/site-packages/airflow/example_dags/example_branch_python_dop_operator_3.py took 0.146 seconds
[2023-09-15T16:12:41.836+0800] {processor.py:157} INFO - Started process (PID=77293) to work on /opt/homebrew/lib/python3.11/site-packages/airflow/example_dags/example_branch_python_dop_operator_3.py
[2023-09-15T16:12:41.837+0800] {processor.py:829} INFO - Processing file /opt/homebrew/lib/python3.11/site-packages/airflow/example_dags/example_branch_python_dop_operator_3.py for tasks to queue
[2023-09-15T16:12:41.837+0800] {logging_mixin.py:151} INFO - [2023-09-15T16:12:41.837+0800] {dagbag.py:539} INFO - Filling up the DagBag from /opt/homebrew/lib/python3.11/site-packages/airflow/example_dags/example_branch_python_dop_operator_3.py
[2023-09-15T16:12:41.869+0800] {processor.py:839} INFO - DAG(s) dict_keys(['example_branch_dop_operator_v3']) retrieved from /opt/homebrew/lib/python3.11/site-packages/airflow/example_dags/example_branch_python_dop_operator_3.py
[2023-09-15T16:12:41.962+0800] {logging_mixin.py:151} INFO - [2023-09-15T16:12:41.962+0800] {dag.py:2915} INFO - Sync 1 DAGs
[2023-09-15T16:12:41.973+0800] {logging_mixin.py:151} INFO - [2023-09-15T16:12:41.973+0800] {dag.py:3696} INFO - Setting next_dagrun for example_branch_dop_operator_v3 to 2023-09-15T08:11:00+00:00, run_after=2023-09-15T08:12:00+00:00
[2023-09-15T16:12:41.983+0800] {processor.py:179} INFO - Processing /opt/homebrew/lib/python3.11/site-packages/airflow/example_dags/example_branch_python_dop_operator_3.py took 0.147 seconds
[2023-09-15T16:14:28.236+0800] {processor.py:157} INFO - Started process (PID=77486) to work on /opt/homebrew/lib/python3.11/site-packages/airflow/example_dags/example_branch_python_dop_operator_3.py
[2023-09-15T16:14:28.236+0800] {processor.py:829} INFO - Processing file /opt/homebrew/lib/python3.11/site-packages/airflow/example_dags/example_branch_python_dop_operator_3.py for tasks to queue
[2023-09-15T16:14:28.237+0800] {logging_mixin.py:151} INFO - [2023-09-15T16:14:28.237+0800] {dagbag.py:539} INFO - Filling up the DagBag from /opt/homebrew/lib/python3.11/site-packages/airflow/example_dags/example_branch_python_dop_operator_3.py
[2023-09-15T16:14:28.268+0800] {processor.py:839} INFO - DAG(s) dict_keys(['example_branch_dop_operator_v3']) retrieved from /opt/homebrew/lib/python3.11/site-packages/airflow/example_dags/example_branch_python_dop_operator_3.py
[2023-09-15T16:14:28.361+0800] {logging_mixin.py:151} INFO - [2023-09-15T16:14:28.360+0800] {dag.py:2915} INFO - Sync 1 DAGs
[2023-09-15T16:14:28.371+0800] {logging_mixin.py:151} INFO - [2023-09-15T16:14:28.371+0800] {dag.py:3696} INFO - Setting next_dagrun for example_branch_dop_operator_v3 to 2023-09-15T08:13:00+00:00, run_after=2023-09-15T08:14:00+00:00
[2023-09-15T16:14:28.381+0800] {processor.py:179} INFO - Processing /opt/homebrew/lib/python3.11/site-packages/airflow/example_dags/example_branch_python_dop_operator_3.py took 0.146 seconds
[2023-09-15T16:16:12.214+0800] {processor.py:157} INFO - Started process (PID=77681) to work on /opt/homebrew/lib/python3.11/site-packages/airflow/example_dags/example_branch_python_dop_operator_3.py
[2023-09-15T16:16:12.214+0800] {processor.py:829} INFO - Processing file /opt/homebrew/lib/python3.11/site-packages/airflow/example_dags/example_branch_python_dop_operator_3.py for tasks to queue
[2023-09-15T16:16:12.214+0800] {logging_mixin.py:151} INFO - [2023-09-15T16:16:12.214+0800] {dagbag.py:539} INFO - Filling up the DagBag from /opt/homebrew/lib/python3.11/site-packages/airflow/example_dags/example_branch_python_dop_operator_3.py
[2023-09-15T16:16:12.246+0800] {processor.py:839} INFO - DAG(s) dict_keys(['example_branch_dop_operator_v3']) retrieved from /opt/homebrew/lib/python3.11/site-packages/airflow/example_dags/example_branch_python_dop_operator_3.py
[2023-09-15T16:16:12.339+0800] {logging_mixin.py:151} INFO - [2023-09-15T16:16:12.339+0800] {dag.py:2915} INFO - Sync 1 DAGs
[2023-09-15T16:16:12.349+0800] {logging_mixin.py:151} INFO - [2023-09-15T16:16:12.349+0800] {dag.py:3696} INFO - Setting next_dagrun for example_branch_dop_operator_v3 to 2023-09-15T08:15:00+00:00, run_after=2023-09-15T08:16:00+00:00
[2023-09-15T16:16:12.360+0800] {processor.py:179} INFO - Processing /opt/homebrew/lib/python3.11/site-packages/airflow/example_dags/example_branch_python_dop_operator_3.py took 0.146 seconds
[2023-09-15T16:17:54.958+0800] {processor.py:157} INFO - Started process (PID=77864) to work on /opt/homebrew/lib/python3.11/site-packages/airflow/example_dags/example_branch_python_dop_operator_3.py
[2023-09-15T16:17:54.958+0800] {processor.py:829} INFO - Processing file /opt/homebrew/lib/python3.11/site-packages/airflow/example_dags/example_branch_python_dop_operator_3.py for tasks to queue
[2023-09-15T16:17:54.959+0800] {logging_mixin.py:151} INFO - [2023-09-15T16:17:54.959+0800] {dagbag.py:539} INFO - Filling up the DagBag from /opt/homebrew/lib/python3.11/site-packages/airflow/example_dags/example_branch_python_dop_operator_3.py
[2023-09-15T16:17:54.991+0800] {processor.py:839} INFO - DAG(s) dict_keys(['example_branch_dop_operator_v3']) retrieved from /opt/homebrew/lib/python3.11/site-packages/airflow/example_dags/example_branch_python_dop_operator_3.py
[2023-09-15T16:17:55.084+0800] {logging_mixin.py:151} INFO - [2023-09-15T16:17:55.084+0800] {dag.py:2915} INFO - Sync 1 DAGs
[2023-09-15T16:17:55.095+0800] {logging_mixin.py:151} INFO - [2023-09-15T16:17:55.095+0800] {dag.py:3696} INFO - Setting next_dagrun for example_branch_dop_operator_v3 to 2023-09-15T08:16:00+00:00, run_after=2023-09-15T08:17:00+00:00
[2023-09-15T16:17:55.106+0800] {processor.py:179} INFO - Processing /opt/homebrew/lib/python3.11/site-packages/airflow/example_dags/example_branch_python_dop_operator_3.py took 0.148 seconds
[2023-09-15T16:19:39.714+0800] {processor.py:157} INFO - Started process (PID=78053) to work on /opt/homebrew/lib/python3.11/site-packages/airflow/example_dags/example_branch_python_dop_operator_3.py
[2023-09-15T16:19:39.715+0800] {processor.py:829} INFO - Processing file /opt/homebrew/lib/python3.11/site-packages/airflow/example_dags/example_branch_python_dop_operator_3.py for tasks to queue
[2023-09-15T16:19:39.715+0800] {logging_mixin.py:151} INFO - [2023-09-15T16:19:39.715+0800] {dagbag.py:539} INFO - Filling up the DagBag from /opt/homebrew/lib/python3.11/site-packages/airflow/example_dags/example_branch_python_dop_operator_3.py
[2023-09-15T16:19:39.746+0800] {processor.py:839} INFO - DAG(s) dict_keys(['example_branch_dop_operator_v3']) retrieved from /opt/homebrew/lib/python3.11/site-packages/airflow/example_dags/example_branch_python_dop_operator_3.py
[2023-09-15T16:19:39.840+0800] {logging_mixin.py:151} INFO - [2023-09-15T16:19:39.840+0800] {dag.py:2915} INFO - Sync 1 DAGs
[2023-09-15T16:19:39.850+0800] {logging_mixin.py:151} INFO - [2023-09-15T16:19:39.850+0800] {dag.py:3696} INFO - Setting next_dagrun for example_branch_dop_operator_v3 to 2023-09-15T08:18:00+00:00, run_after=2023-09-15T08:19:00+00:00
[2023-09-15T16:19:39.860+0800] {processor.py:179} INFO - Processing /opt/homebrew/lib/python3.11/site-packages/airflow/example_dags/example_branch_python_dop_operator_3.py took 0.147 seconds
[2023-09-15T16:21:26.790+0800] {processor.py:157} INFO - Started process (PID=78243) to work on /opt/homebrew/lib/python3.11/site-packages/airflow/example_dags/example_branch_python_dop_operator_3.py
[2023-09-15T16:21:26.791+0800] {processor.py:829} INFO - Processing file /opt/homebrew/lib/python3.11/site-packages/airflow/example_dags/example_branch_python_dop_operator_3.py for tasks to queue
[2023-09-15T16:21:26.791+0800] {logging_mixin.py:151} INFO - [2023-09-15T16:21:26.791+0800] {dagbag.py:539} INFO - Filling up the DagBag from /opt/homebrew/lib/python3.11/site-packages/airflow/example_dags/example_branch_python_dop_operator_3.py
[2023-09-15T16:21:26.823+0800] {processor.py:839} INFO - DAG(s) dict_keys(['example_branch_dop_operator_v3']) retrieved from /opt/homebrew/lib/python3.11/site-packages/airflow/example_dags/example_branch_python_dop_operator_3.py
[2023-09-15T16:21:26.915+0800] {logging_mixin.py:151} INFO - [2023-09-15T16:21:26.915+0800] {dag.py:2915} INFO - Sync 1 DAGs
[2023-09-15T16:21:26.926+0800] {logging_mixin.py:151} INFO - [2023-09-15T16:21:26.926+0800] {dag.py:3696} INFO - Setting next_dagrun for example_branch_dop_operator_v3 to 2023-09-15T08:20:00+00:00, run_after=2023-09-15T08:21:00+00:00
[2023-09-15T16:21:26.936+0800] {processor.py:179} INFO - Processing /opt/homebrew/lib/python3.11/site-packages/airflow/example_dags/example_branch_python_dop_operator_3.py took 0.146 seconds
[2023-09-15T16:23:10.810+0800] {processor.py:157} INFO - Started process (PID=78430) to work on /opt/homebrew/lib/python3.11/site-packages/airflow/example_dags/example_branch_python_dop_operator_3.py
[2023-09-15T16:23:10.811+0800] {processor.py:829} INFO - Processing file /opt/homebrew/lib/python3.11/site-packages/airflow/example_dags/example_branch_python_dop_operator_3.py for tasks to queue
[2023-09-15T16:23:10.811+0800] {logging_mixin.py:151} INFO - [2023-09-15T16:23:10.811+0800] {dagbag.py:539} INFO - Filling up the DagBag from /opt/homebrew/lib/python3.11/site-packages/airflow/example_dags/example_branch_python_dop_operator_3.py
[2023-09-15T16:23:10.843+0800] {processor.py:839} INFO - DAG(s) dict_keys(['example_branch_dop_operator_v3']) retrieved from /opt/homebrew/lib/python3.11/site-packages/airflow/example_dags/example_branch_python_dop_operator_3.py
[2023-09-15T16:23:10.935+0800] {logging_mixin.py:151} INFO - [2023-09-15T16:23:10.935+0800] {dag.py:2915} INFO - Sync 1 DAGs
[2023-09-15T16:23:10.945+0800] {logging_mixin.py:151} INFO - [2023-09-15T16:23:10.945+0800] {dag.py:3696} INFO - Setting next_dagrun for example_branch_dop_operator_v3 to 2023-09-15T08:22:00+00:00, run_after=2023-09-15T08:23:00+00:00
[2023-09-15T16:23:10.956+0800] {processor.py:179} INFO - Processing /opt/homebrew/lib/python3.11/site-packages/airflow/example_dags/example_branch_python_dop_operator_3.py took 0.146 seconds
[2023-09-15T16:24:53.461+0800] {processor.py:157} INFO - Started process (PID=78622) to work on /opt/homebrew/lib/python3.11/site-packages/airflow/example_dags/example_branch_python_dop_operator_3.py
[2023-09-15T16:24:53.462+0800] {processor.py:829} INFO - Processing file /opt/homebrew/lib/python3.11/site-packages/airflow/example_dags/example_branch_python_dop_operator_3.py for tasks to queue
[2023-09-15T16:24:53.462+0800] {logging_mixin.py:151} INFO - [2023-09-15T16:24:53.462+0800] {dagbag.py:539} INFO - Filling up the DagBag from /opt/homebrew/lib/python3.11/site-packages/airflow/example_dags/example_branch_python_dop_operator_3.py
[2023-09-15T16:24:53.494+0800] {processor.py:839} INFO - DAG(s) dict_keys(['example_branch_dop_operator_v3']) retrieved from /opt/homebrew/lib/python3.11/site-packages/airflow/example_dags/example_branch_python_dop_operator_3.py
[2023-09-15T16:24:53.587+0800] {logging_mixin.py:151} INFO - [2023-09-15T16:24:53.587+0800] {dag.py:2915} INFO - Sync 1 DAGs
[2023-09-15T16:24:53.597+0800] {logging_mixin.py:151} INFO - [2023-09-15T16:24:53.597+0800] {dag.py:3696} INFO - Setting next_dagrun for example_branch_dop_operator_v3 to 2023-09-15T08:23:00+00:00, run_after=2023-09-15T08:24:00+00:00
[2023-09-15T16:24:53.607+0800] {processor.py:179} INFO - Processing /opt/homebrew/lib/python3.11/site-packages/airflow/example_dags/example_branch_python_dop_operator_3.py took 0.147 seconds
[2023-09-15T16:26:38.842+0800] {processor.py:157} INFO - Started process (PID=78807) to work on /opt/homebrew/lib/python3.11/site-packages/airflow/example_dags/example_branch_python_dop_operator_3.py
[2023-09-15T16:26:38.843+0800] {processor.py:829} INFO - Processing file /opt/homebrew/lib/python3.11/site-packages/airflow/example_dags/example_branch_python_dop_operator_3.py for tasks to queue
[2023-09-15T16:26:38.843+0800] {logging_mixin.py:151} INFO - [2023-09-15T16:26:38.843+0800] {dagbag.py:539} INFO - Filling up the DagBag from /opt/homebrew/lib/python3.11/site-packages/airflow/example_dags/example_branch_python_dop_operator_3.py
[2023-09-15T16:26:38.875+0800] {processor.py:839} INFO - DAG(s) dict_keys(['example_branch_dop_operator_v3']) retrieved from /opt/homebrew/lib/python3.11/site-packages/airflow/example_dags/example_branch_python_dop_operator_3.py
[2023-09-15T16:26:38.967+0800] {logging_mixin.py:151} INFO - [2023-09-15T16:26:38.967+0800] {dag.py:2915} INFO - Sync 1 DAGs
[2023-09-15T16:26:38.978+0800] {logging_mixin.py:151} INFO - [2023-09-15T16:26:38.978+0800] {dag.py:3696} INFO - Setting next_dagrun for example_branch_dop_operator_v3 to 2023-09-15T08:25:00+00:00, run_after=2023-09-15T08:26:00+00:00
[2023-09-15T16:26:38.988+0800] {processor.py:179} INFO - Processing /opt/homebrew/lib/python3.11/site-packages/airflow/example_dags/example_branch_python_dop_operator_3.py took 0.146 seconds
[2023-09-15T16:28:18.240+0800] {processor.py:157} INFO - Started process (PID=78981) to work on /opt/homebrew/lib/python3.11/site-packages/airflow/example_dags/example_branch_python_dop_operator_3.py
[2023-09-15T16:28:18.241+0800] {processor.py:829} INFO - Processing file /opt/homebrew/lib/python3.11/site-packages/airflow/example_dags/example_branch_python_dop_operator_3.py for tasks to queue
[2023-09-15T16:28:18.241+0800] {logging_mixin.py:151} INFO - [2023-09-15T16:28:18.241+0800] {dagbag.py:539} INFO - Filling up the DagBag from /opt/homebrew/lib/python3.11/site-packages/airflow/example_dags/example_branch_python_dop_operator_3.py
[2023-09-15T16:28:18.273+0800] {processor.py:839} INFO - DAG(s) dict_keys(['example_branch_dop_operator_v3']) retrieved from /opt/homebrew/lib/python3.11/site-packages/airflow/example_dags/example_branch_python_dop_operator_3.py
[2023-09-15T16:28:18.365+0800] {logging_mixin.py:151} INFO - [2023-09-15T16:28:18.365+0800] {dag.py:2915} INFO - Sync 1 DAGs
[2023-09-15T16:28:18.375+0800] {logging_mixin.py:151} INFO - [2023-09-15T16:28:18.375+0800] {dag.py:3696} INFO - Setting next_dagrun for example_branch_dop_operator_v3 to 2023-09-15T08:27:00+00:00, run_after=2023-09-15T08:28:00+00:00
[2023-09-15T16:28:18.385+0800] {processor.py:179} INFO - Processing /opt/homebrew/lib/python3.11/site-packages/airflow/example_dags/example_branch_python_dop_operator_3.py took 0.146 seconds
[2023-09-15T16:29:57.654+0800] {processor.py:157} INFO - Started process (PID=79187) to work on /opt/homebrew/lib/python3.11/site-packages/airflow/example_dags/example_branch_python_dop_operator_3.py
[2023-09-15T16:29:57.655+0800] {processor.py:829} INFO - Processing file /opt/homebrew/lib/python3.11/site-packages/airflow/example_dags/example_branch_python_dop_operator_3.py for tasks to queue
[2023-09-15T16:29:57.655+0800] {logging_mixin.py:151} INFO - [2023-09-15T16:29:57.655+0800] {dagbag.py:539} INFO - Filling up the DagBag from /opt/homebrew/lib/python3.11/site-packages/airflow/example_dags/example_branch_python_dop_operator_3.py
[2023-09-15T16:29:57.687+0800] {processor.py:839} INFO - DAG(s) dict_keys(['example_branch_dop_operator_v3']) retrieved from /opt/homebrew/lib/python3.11/site-packages/airflow/example_dags/example_branch_python_dop_operator_3.py
[2023-09-15T16:29:57.779+0800] {logging_mixin.py:151} INFO - [2023-09-15T16:29:57.779+0800] {dag.py:2915} INFO - Sync 1 DAGs
[2023-09-15T16:29:57.790+0800] {logging_mixin.py:151} INFO - [2023-09-15T16:29:57.790+0800] {dag.py:3696} INFO - Setting next_dagrun for example_branch_dop_operator_v3 to 2023-09-15T08:28:00+00:00, run_after=2023-09-15T08:29:00+00:00
[2023-09-15T16:29:57.800+0800] {processor.py:179} INFO - Processing /opt/homebrew/lib/python3.11/site-packages/airflow/example_dags/example_branch_python_dop_operator_3.py took 0.146 seconds
