[2023-09-15T09:43:43.510+0800] {processor.py:157} INFO - Started process (PID=75804) to work on /opt/homebrew/lib/python3.11/site-packages/airflow/example_dags/example_params_ui_tutorial.py
[2023-09-15T09:43:43.511+0800] {processor.py:829} INFO - Processing file /opt/homebrew/lib/python3.11/site-packages/airflow/example_dags/example_params_ui_tutorial.py for tasks to queue
[2023-09-15T09:43:43.511+0800] {logging_mixin.py:151} INFO - [2023-09-15T09:43:43.511+0800] {dagbag.py:539} INFO - Filling up the DagBag from /opt/homebrew/lib/python3.11/site-packages/airflow/example_dags/example_params_ui_tutorial.py
[2023-09-15T09:43:43.574+0800] {processor.py:839} INFO - DAG(s) dict_keys(['example_params_ui_tutorial']) retrieved from /opt/homebrew/lib/python3.11/site-packages/airflow/example_dags/example_params_ui_tutorial.py
[2023-09-15T09:43:43.657+0800] {logging_mixin.py:151} INFO - [2023-09-15T09:43:43.657+0800] {dag.py:2915} INFO - Sync 1 DAGs
[2023-09-15T09:43:43.662+0800] {logging_mixin.py:151} INFO - [2023-09-15T09:43:43.662+0800] {dag.py:3696} INFO - Setting next_dagrun for example_params_ui_tutorial to None, run_after=None
[2023-09-15T09:43:43.672+0800] {processor.py:179} INFO - Processing /opt/homebrew/lib/python3.11/site-packages/airflow/example_dags/example_params_ui_tutorial.py took 0.162 seconds
[2023-09-15T12:53:00.375+0800] {processor.py:157} INFO - Started process (PID=76108) to work on /opt/homebrew/lib/python3.11/site-packages/airflow/example_dags/example_params_ui_tutorial.py
[2023-09-15T12:53:00.376+0800] {processor.py:829} INFO - Processing file /opt/homebrew/lib/python3.11/site-packages/airflow/example_dags/example_params_ui_tutorial.py for tasks to queue
[2023-09-15T12:53:00.377+0800] {logging_mixin.py:151} INFO - [2023-09-15T12:53:00.377+0800] {dagbag.py:539} INFO - Filling up the DagBag from /opt/homebrew/lib/python3.11/site-packages/airflow/example_dags/example_params_ui_tutorial.py
[2023-09-15T12:53:00.440+0800] {processor.py:839} INFO - DAG(s) dict_keys(['example_params_ui_tutorial']) retrieved from /opt/homebrew/lib/python3.11/site-packages/airflow/example_dags/example_params_ui_tutorial.py
[2023-09-15T12:53:00.522+0800] {logging_mixin.py:151} INFO - [2023-09-15T12:53:00.522+0800] {dag.py:2915} INFO - Sync 1 DAGs
[2023-09-15T12:53:00.527+0800] {logging_mixin.py:151} INFO - [2023-09-15T12:53:00.527+0800] {dag.py:3696} INFO - Setting next_dagrun for example_params_ui_tutorial to None, run_after=None
[2023-09-15T12:53:00.537+0800] {processor.py:179} INFO - Processing /opt/homebrew/lib/python3.11/site-packages/airflow/example_dags/example_params_ui_tutorial.py took 0.162 seconds
[2023-09-15T15:43:53.162+0800] {processor.py:157} INFO - Started process (PID=76394) to work on /opt/homebrew/lib/python3.11/site-packages/airflow/example_dags/example_params_ui_tutorial.py
[2023-09-15T15:43:53.163+0800] {processor.py:829} INFO - Processing file /opt/homebrew/lib/python3.11/site-packages/airflow/example_dags/example_params_ui_tutorial.py for tasks to queue
[2023-09-15T15:43:53.163+0800] {logging_mixin.py:151} INFO - [2023-09-15T15:43:53.163+0800] {dagbag.py:539} INFO - Filling up the DagBag from /opt/homebrew/lib/python3.11/site-packages/airflow/example_dags/example_params_ui_tutorial.py
[2023-09-15T16:00:11.463+0800] {processor.py:839} INFO - DAG(s) dict_keys(['example_params_ui_tutorial']) retrieved from /opt/homebrew/lib/python3.11/site-packages/airflow/example_dags/example_params_ui_tutorial.py
[2023-09-15T16:00:11.613+0800] {logging_mixin.py:151} INFO - [2023-09-15T16:00:11.613+0800] {dag.py:2915} INFO - Sync 1 DAGs
[2023-09-15T16:00:11.620+0800] {logging_mixin.py:151} INFO - [2023-09-15T16:00:11.619+0800] {dag.py:3696} INFO - Setting next_dagrun for example_params_ui_tutorial to None, run_after=None
[2023-09-15T16:00:11.632+0800] {processor.py:179} INFO - Processing /opt/homebrew/lib/python3.11/site-packages/airflow/example_dags/example_params_ui_tutorial.py took 0.565 seconds
[2023-09-15T16:06:40.121+0800] {processor.py:157} INFO - Started process (PID=76570) to work on /opt/homebrew/lib/python3.11/site-packages/airflow/example_dags/example_params_ui_tutorial.py
[2023-09-15T16:06:40.122+0800] {processor.py:829} INFO - Processing file /opt/homebrew/lib/python3.11/site-packages/airflow/example_dags/example_params_ui_tutorial.py for tasks to queue
[2023-09-15T16:06:40.123+0800] {logging_mixin.py:151} INFO - [2023-09-15T16:06:40.122+0800] {dagbag.py:539} INFO - Filling up the DagBag from /opt/homebrew/lib/python3.11/site-packages/airflow/example_dags/example_params_ui_tutorial.py
[2023-09-15T16:06:40.186+0800] {processor.py:839} INFO - DAG(s) dict_keys(['example_params_ui_tutorial']) retrieved from /opt/homebrew/lib/python3.11/site-packages/airflow/example_dags/example_params_ui_tutorial.py
[2023-09-15T16:06:40.269+0800] {logging_mixin.py:151} INFO - [2023-09-15T16:06:40.269+0800] {dag.py:2915} INFO - Sync 1 DAGs
[2023-09-15T16:06:40.275+0800] {logging_mixin.py:151} INFO - [2023-09-15T16:06:40.274+0800] {dag.py:3696} INFO - Setting next_dagrun for example_params_ui_tutorial to None, run_after=None
[2023-09-15T16:06:40.285+0800] {processor.py:179} INFO - Processing /opt/homebrew/lib/python3.11/site-packages/airflow/example_dags/example_params_ui_tutorial.py took 0.164 seconds
[2023-09-15T16:08:22.775+0800] {processor.py:157} INFO - Started process (PID=76796) to work on /opt/homebrew/lib/python3.11/site-packages/airflow/example_dags/example_params_ui_tutorial.py
[2023-09-15T16:08:22.776+0800] {processor.py:829} INFO - Processing file /opt/homebrew/lib/python3.11/site-packages/airflow/example_dags/example_params_ui_tutorial.py for tasks to queue
[2023-09-15T16:08:22.776+0800] {logging_mixin.py:151} INFO - [2023-09-15T16:08:22.776+0800] {dagbag.py:539} INFO - Filling up the DagBag from /opt/homebrew/lib/python3.11/site-packages/airflow/example_dags/example_params_ui_tutorial.py
[2023-09-15T16:08:22.843+0800] {processor.py:839} INFO - DAG(s) dict_keys(['example_params_ui_tutorial']) retrieved from /opt/homebrew/lib/python3.11/site-packages/airflow/example_dags/example_params_ui_tutorial.py
[2023-09-15T16:08:22.927+0800] {logging_mixin.py:151} INFO - [2023-09-15T16:08:22.927+0800] {dag.py:2915} INFO - Sync 1 DAGs
[2023-09-15T16:08:22.932+0800] {logging_mixin.py:151} INFO - [2023-09-15T16:08:22.931+0800] {dag.py:3696} INFO - Setting next_dagrun for example_params_ui_tutorial to None, run_after=None
[2023-09-15T16:08:22.942+0800] {processor.py:179} INFO - Processing /opt/homebrew/lib/python3.11/site-packages/airflow/example_dags/example_params_ui_tutorial.py took 0.168 seconds
[2023-09-15T16:10:10.105+0800] {processor.py:157} INFO - Started process (PID=77010) to work on /opt/homebrew/lib/python3.11/site-packages/airflow/example_dags/example_params_ui_tutorial.py
[2023-09-15T16:10:10.105+0800] {processor.py:829} INFO - Processing file /opt/homebrew/lib/python3.11/site-packages/airflow/example_dags/example_params_ui_tutorial.py for tasks to queue
[2023-09-15T16:10:10.105+0800] {logging_mixin.py:151} INFO - [2023-09-15T16:10:10.105+0800] {dagbag.py:539} INFO - Filling up the DagBag from /opt/homebrew/lib/python3.11/site-packages/airflow/example_dags/example_params_ui_tutorial.py
[2023-09-15T16:10:10.169+0800] {processor.py:839} INFO - DAG(s) dict_keys(['example_params_ui_tutorial']) retrieved from /opt/homebrew/lib/python3.11/site-packages/airflow/example_dags/example_params_ui_tutorial.py
[2023-09-15T16:10:10.252+0800] {logging_mixin.py:151} INFO - [2023-09-15T16:10:10.252+0800] {dag.py:2915} INFO - Sync 1 DAGs
[2023-09-15T16:10:10.256+0800] {logging_mixin.py:151} INFO - [2023-09-15T16:10:10.256+0800] {dag.py:3696} INFO - Setting next_dagrun for example_params_ui_tutorial to None, run_after=None
[2023-09-15T16:10:10.267+0800] {processor.py:179} INFO - Processing /opt/homebrew/lib/python3.11/site-packages/airflow/example_dags/example_params_ui_tutorial.py took 0.162 seconds
[2023-09-15T16:11:53.635+0800] {processor.py:157} INFO - Started process (PID=77203) to work on /opt/homebrew/lib/python3.11/site-packages/airflow/example_dags/example_params_ui_tutorial.py
[2023-09-15T16:11:53.636+0800] {processor.py:829} INFO - Processing file /opt/homebrew/lib/python3.11/site-packages/airflow/example_dags/example_params_ui_tutorial.py for tasks to queue
[2023-09-15T16:11:53.636+0800] {logging_mixin.py:151} INFO - [2023-09-15T16:11:53.636+0800] {dagbag.py:539} INFO - Filling up the DagBag from /opt/homebrew/lib/python3.11/site-packages/airflow/example_dags/example_params_ui_tutorial.py
[2023-09-15T16:11:53.698+0800] {processor.py:839} INFO - DAG(s) dict_keys(['example_params_ui_tutorial']) retrieved from /opt/homebrew/lib/python3.11/site-packages/airflow/example_dags/example_params_ui_tutorial.py
[2023-09-15T16:11:53.780+0800] {logging_mixin.py:151} INFO - [2023-09-15T16:11:53.780+0800] {dag.py:2915} INFO - Sync 1 DAGs
[2023-09-15T16:11:53.785+0800] {logging_mixin.py:151} INFO - [2023-09-15T16:11:53.785+0800] {dag.py:3696} INFO - Setting next_dagrun for example_params_ui_tutorial to None, run_after=None
[2023-09-15T16:11:53.795+0800] {processor.py:179} INFO - Processing /opt/homebrew/lib/python3.11/site-packages/airflow/example_dags/example_params_ui_tutorial.py took 0.161 seconds
[2023-09-15T16:13:39.493+0800] {processor.py:157} INFO - Started process (PID=77397) to work on /opt/homebrew/lib/python3.11/site-packages/airflow/example_dags/example_params_ui_tutorial.py
[2023-09-15T16:13:39.494+0800] {processor.py:829} INFO - Processing file /opt/homebrew/lib/python3.11/site-packages/airflow/example_dags/example_params_ui_tutorial.py for tasks to queue
[2023-09-15T16:13:39.494+0800] {logging_mixin.py:151} INFO - [2023-09-15T16:13:39.494+0800] {dagbag.py:539} INFO - Filling up the DagBag from /opt/homebrew/lib/python3.11/site-packages/airflow/example_dags/example_params_ui_tutorial.py
[2023-09-15T16:13:39.557+0800] {processor.py:839} INFO - DAG(s) dict_keys(['example_params_ui_tutorial']) retrieved from /opt/homebrew/lib/python3.11/site-packages/airflow/example_dags/example_params_ui_tutorial.py
[2023-09-15T16:13:39.640+0800] {logging_mixin.py:151} INFO - [2023-09-15T16:13:39.640+0800] {dag.py:2915} INFO - Sync 1 DAGs
[2023-09-15T16:13:39.644+0800] {logging_mixin.py:151} INFO - [2023-09-15T16:13:39.644+0800] {dag.py:3696} INFO - Setting next_dagrun for example_params_ui_tutorial to None, run_after=None
[2023-09-15T16:13:39.655+0800] {processor.py:179} INFO - Processing /opt/homebrew/lib/python3.11/site-packages/airflow/example_dags/example_params_ui_tutorial.py took 0.162 seconds
[2023-09-15T16:15:24.789+0800] {processor.py:157} INFO - Started process (PID=77583) to work on /opt/homebrew/lib/python3.11/site-packages/airflow/example_dags/example_params_ui_tutorial.py
[2023-09-15T16:15:24.789+0800] {processor.py:829} INFO - Processing file /opt/homebrew/lib/python3.11/site-packages/airflow/example_dags/example_params_ui_tutorial.py for tasks to queue
[2023-09-15T16:15:24.789+0800] {logging_mixin.py:151} INFO - [2023-09-15T16:15:24.789+0800] {dagbag.py:539} INFO - Filling up the DagBag from /opt/homebrew/lib/python3.11/site-packages/airflow/example_dags/example_params_ui_tutorial.py
[2023-09-15T16:15:24.852+0800] {processor.py:839} INFO - DAG(s) dict_keys(['example_params_ui_tutorial']) retrieved from /opt/homebrew/lib/python3.11/site-packages/airflow/example_dags/example_params_ui_tutorial.py
[2023-09-15T16:15:24.934+0800] {logging_mixin.py:151} INFO - [2023-09-15T16:15:24.933+0800] {dag.py:2915} INFO - Sync 1 DAGs
[2023-09-15T16:15:24.938+0800] {logging_mixin.py:151} INFO - [2023-09-15T16:15:24.938+0800] {dag.py:3696} INFO - Setting next_dagrun for example_params_ui_tutorial to None, run_after=None
[2023-09-15T16:15:24.948+0800] {processor.py:179} INFO - Processing /opt/homebrew/lib/python3.11/site-packages/airflow/example_dags/example_params_ui_tutorial.py took 0.160 seconds
[2023-09-15T16:17:07.693+0800] {processor.py:157} INFO - Started process (PID=77780) to work on /opt/homebrew/lib/python3.11/site-packages/airflow/example_dags/example_params_ui_tutorial.py
[2023-09-15T16:17:07.693+0800] {processor.py:829} INFO - Processing file /opt/homebrew/lib/python3.11/site-packages/airflow/example_dags/example_params_ui_tutorial.py for tasks to queue
[2023-09-15T16:17:07.694+0800] {logging_mixin.py:151} INFO - [2023-09-15T16:17:07.693+0800] {dagbag.py:539} INFO - Filling up the DagBag from /opt/homebrew/lib/python3.11/site-packages/airflow/example_dags/example_params_ui_tutorial.py
[2023-09-15T16:17:07.760+0800] {processor.py:839} INFO - DAG(s) dict_keys(['example_params_ui_tutorial']) retrieved from /opt/homebrew/lib/python3.11/site-packages/airflow/example_dags/example_params_ui_tutorial.py
[2023-09-15T16:17:07.843+0800] {logging_mixin.py:151} INFO - [2023-09-15T16:17:07.843+0800] {dag.py:2915} INFO - Sync 1 DAGs
[2023-09-15T16:17:07.848+0800] {logging_mixin.py:151} INFO - [2023-09-15T16:17:07.848+0800] {dag.py:3696} INFO - Setting next_dagrun for example_params_ui_tutorial to None, run_after=None
[2023-09-15T16:17:07.858+0800] {processor.py:179} INFO - Processing /opt/homebrew/lib/python3.11/site-packages/airflow/example_dags/example_params_ui_tutorial.py took 0.166 seconds
[2023-09-15T16:18:51.374+0800] {processor.py:157} INFO - Started process (PID=77965) to work on /opt/homebrew/lib/python3.11/site-packages/airflow/example_dags/example_params_ui_tutorial.py
[2023-09-15T16:18:51.375+0800] {processor.py:829} INFO - Processing file /opt/homebrew/lib/python3.11/site-packages/airflow/example_dags/example_params_ui_tutorial.py for tasks to queue
[2023-09-15T16:18:51.375+0800] {logging_mixin.py:151} INFO - [2023-09-15T16:18:51.375+0800] {dagbag.py:539} INFO - Filling up the DagBag from /opt/homebrew/lib/python3.11/site-packages/airflow/example_dags/example_params_ui_tutorial.py
[2023-09-15T16:18:51.438+0800] {processor.py:839} INFO - DAG(s) dict_keys(['example_params_ui_tutorial']) retrieved from /opt/homebrew/lib/python3.11/site-packages/airflow/example_dags/example_params_ui_tutorial.py
[2023-09-15T16:18:51.520+0800] {logging_mixin.py:151} INFO - [2023-09-15T16:18:51.520+0800] {dag.py:2915} INFO - Sync 1 DAGs
[2023-09-15T16:18:51.524+0800] {logging_mixin.py:151} INFO - [2023-09-15T16:18:51.524+0800] {dag.py:3696} INFO - Setting next_dagrun for example_params_ui_tutorial to None, run_after=None
[2023-09-15T16:18:51.535+0800] {processor.py:179} INFO - Processing /opt/homebrew/lib/python3.11/site-packages/airflow/example_dags/example_params_ui_tutorial.py took 0.161 seconds
[2023-09-15T16:20:38.152+0800] {processor.py:157} INFO - Started process (PID=78158) to work on /opt/homebrew/lib/python3.11/site-packages/airflow/example_dags/example_params_ui_tutorial.py
[2023-09-15T16:20:38.152+0800] {processor.py:829} INFO - Processing file /opt/homebrew/lib/python3.11/site-packages/airflow/example_dags/example_params_ui_tutorial.py for tasks to queue
[2023-09-15T16:20:38.153+0800] {logging_mixin.py:151} INFO - [2023-09-15T16:20:38.152+0800] {dagbag.py:539} INFO - Filling up the DagBag from /opt/homebrew/lib/python3.11/site-packages/airflow/example_dags/example_params_ui_tutorial.py
[2023-09-15T16:20:38.215+0800] {processor.py:839} INFO - DAG(s) dict_keys(['example_params_ui_tutorial']) retrieved from /opt/homebrew/lib/python3.11/site-packages/airflow/example_dags/example_params_ui_tutorial.py
[2023-09-15T16:20:38.297+0800] {logging_mixin.py:151} INFO - [2023-09-15T16:20:38.297+0800] {dag.py:2915} INFO - Sync 1 DAGs
[2023-09-15T16:20:38.302+0800] {logging_mixin.py:151} INFO - [2023-09-15T16:20:38.302+0800] {dag.py:3696} INFO - Setting next_dagrun for example_params_ui_tutorial to None, run_after=None
[2023-09-15T16:20:38.312+0800] {processor.py:179} INFO - Processing /opt/homebrew/lib/python3.11/site-packages/airflow/example_dags/example_params_ui_tutorial.py took 0.161 seconds
[2023-09-15T16:22:24.826+0800] {processor.py:157} INFO - Started process (PID=78349) to work on /opt/homebrew/lib/python3.11/site-packages/airflow/example_dags/example_params_ui_tutorial.py
[2023-09-15T16:22:24.826+0800] {processor.py:829} INFO - Processing file /opt/homebrew/lib/python3.11/site-packages/airflow/example_dags/example_params_ui_tutorial.py for tasks to queue
[2023-09-15T16:22:24.827+0800] {logging_mixin.py:151} INFO - [2023-09-15T16:22:24.826+0800] {dagbag.py:539} INFO - Filling up the DagBag from /opt/homebrew/lib/python3.11/site-packages/airflow/example_dags/example_params_ui_tutorial.py
[2023-09-15T16:22:24.889+0800] {processor.py:839} INFO - DAG(s) dict_keys(['example_params_ui_tutorial']) retrieved from /opt/homebrew/lib/python3.11/site-packages/airflow/example_dags/example_params_ui_tutorial.py
[2023-09-15T16:22:24.971+0800] {logging_mixin.py:151} INFO - [2023-09-15T16:22:24.971+0800] {dag.py:2915} INFO - Sync 1 DAGs
[2023-09-15T16:22:24.976+0800] {logging_mixin.py:151} INFO - [2023-09-15T16:22:24.976+0800] {dag.py:3696} INFO - Setting next_dagrun for example_params_ui_tutorial to None, run_after=None
[2023-09-15T16:22:24.986+0800] {processor.py:179} INFO - Processing /opt/homebrew/lib/python3.11/site-packages/airflow/example_dags/example_params_ui_tutorial.py took 0.161 seconds
[2023-09-15T16:24:07.803+0800] {processor.py:157} INFO - Started process (PID=78539) to work on /opt/homebrew/lib/python3.11/site-packages/airflow/example_dags/example_params_ui_tutorial.py
[2023-09-15T16:24:07.803+0800] {processor.py:829} INFO - Processing file /opt/homebrew/lib/python3.11/site-packages/airflow/example_dags/example_params_ui_tutorial.py for tasks to queue
[2023-09-15T16:24:07.804+0800] {logging_mixin.py:151} INFO - [2023-09-15T16:24:07.804+0800] {dagbag.py:539} INFO - Filling up the DagBag from /opt/homebrew/lib/python3.11/site-packages/airflow/example_dags/example_params_ui_tutorial.py
[2023-09-15T16:24:07.866+0800] {processor.py:839} INFO - DAG(s) dict_keys(['example_params_ui_tutorial']) retrieved from /opt/homebrew/lib/python3.11/site-packages/airflow/example_dags/example_params_ui_tutorial.py
[2023-09-15T16:24:07.948+0800] {logging_mixin.py:151} INFO - [2023-09-15T16:24:07.948+0800] {dag.py:2915} INFO - Sync 1 DAGs
[2023-09-15T16:24:07.953+0800] {logging_mixin.py:151} INFO - [2023-09-15T16:24:07.953+0800] {dag.py:3696} INFO - Setting next_dagrun for example_params_ui_tutorial to None, run_after=None
[2023-09-15T16:24:07.963+0800] {processor.py:179} INFO - Processing /opt/homebrew/lib/python3.11/site-packages/airflow/example_dags/example_params_ui_tutorial.py took 0.160 seconds
[2023-09-15T16:25:50.930+0800] {processor.py:157} INFO - Started process (PID=78722) to work on /opt/homebrew/lib/python3.11/site-packages/airflow/example_dags/example_params_ui_tutorial.py
[2023-09-15T16:25:50.930+0800] {processor.py:829} INFO - Processing file /opt/homebrew/lib/python3.11/site-packages/airflow/example_dags/example_params_ui_tutorial.py for tasks to queue
[2023-09-15T16:25:50.931+0800] {logging_mixin.py:151} INFO - [2023-09-15T16:25:50.931+0800] {dagbag.py:539} INFO - Filling up the DagBag from /opt/homebrew/lib/python3.11/site-packages/airflow/example_dags/example_params_ui_tutorial.py
[2023-09-15T16:25:50.993+0800] {processor.py:839} INFO - DAG(s) dict_keys(['example_params_ui_tutorial']) retrieved from /opt/homebrew/lib/python3.11/site-packages/airflow/example_dags/example_params_ui_tutorial.py
[2023-09-15T16:25:51.075+0800] {logging_mixin.py:151} INFO - [2023-09-15T16:25:51.075+0800] {dag.py:2915} INFO - Sync 1 DAGs
[2023-09-15T16:25:51.079+0800] {logging_mixin.py:151} INFO - [2023-09-15T16:25:51.079+0800] {dag.py:3696} INFO - Setting next_dagrun for example_params_ui_tutorial to None, run_after=None
[2023-09-15T16:25:51.089+0800] {processor.py:179} INFO - Processing /opt/homebrew/lib/python3.11/site-packages/airflow/example_dags/example_params_ui_tutorial.py took 0.160 seconds
[2023-09-15T16:27:33.502+0800] {processor.py:157} INFO - Started process (PID=78906) to work on /opt/homebrew/lib/python3.11/site-packages/airflow/example_dags/example_params_ui_tutorial.py
[2023-09-15T16:27:33.502+0800] {processor.py:829} INFO - Processing file /opt/homebrew/lib/python3.11/site-packages/airflow/example_dags/example_params_ui_tutorial.py for tasks to queue
[2023-09-15T16:27:33.503+0800] {logging_mixin.py:151} INFO - [2023-09-15T16:27:33.503+0800] {dagbag.py:539} INFO - Filling up the DagBag from /opt/homebrew/lib/python3.11/site-packages/airflow/example_dags/example_params_ui_tutorial.py
[2023-09-15T16:27:33.565+0800] {processor.py:839} INFO - DAG(s) dict_keys(['example_params_ui_tutorial']) retrieved from /opt/homebrew/lib/python3.11/site-packages/airflow/example_dags/example_params_ui_tutorial.py
[2023-09-15T16:27:33.648+0800] {logging_mixin.py:151} INFO - [2023-09-15T16:27:33.647+0800] {dag.py:2915} INFO - Sync 1 DAGs
[2023-09-15T16:27:33.652+0800] {logging_mixin.py:151} INFO - [2023-09-15T16:27:33.652+0800] {dag.py:3696} INFO - Setting next_dagrun for example_params_ui_tutorial to None, run_after=None
[2023-09-15T16:27:33.662+0800] {processor.py:179} INFO - Processing /opt/homebrew/lib/python3.11/site-packages/airflow/example_dags/example_params_ui_tutorial.py took 0.161 seconds
[2023-09-15T16:29:13.371+0800] {processor.py:157} INFO - Started process (PID=79083) to work on /opt/homebrew/lib/python3.11/site-packages/airflow/example_dags/example_params_ui_tutorial.py
[2023-09-15T16:29:13.371+0800] {processor.py:829} INFO - Processing file /opt/homebrew/lib/python3.11/site-packages/airflow/example_dags/example_params_ui_tutorial.py for tasks to queue
[2023-09-15T16:29:13.372+0800] {logging_mixin.py:151} INFO - [2023-09-15T16:29:13.372+0800] {dagbag.py:539} INFO - Filling up the DagBag from /opt/homebrew/lib/python3.11/site-packages/airflow/example_dags/example_params_ui_tutorial.py
[2023-09-15T16:29:13.434+0800] {processor.py:839} INFO - DAG(s) dict_keys(['example_params_ui_tutorial']) retrieved from /opt/homebrew/lib/python3.11/site-packages/airflow/example_dags/example_params_ui_tutorial.py
[2023-09-15T16:29:13.517+0800] {logging_mixin.py:151} INFO - [2023-09-15T16:29:13.517+0800] {dag.py:2915} INFO - Sync 1 DAGs
[2023-09-15T16:29:13.522+0800] {logging_mixin.py:151} INFO - [2023-09-15T16:29:13.521+0800] {dag.py:3696} INFO - Setting next_dagrun for example_params_ui_tutorial to None, run_after=None
[2023-09-15T16:29:13.532+0800] {processor.py:179} INFO - Processing /opt/homebrew/lib/python3.11/site-packages/airflow/example_dags/example_params_ui_tutorial.py took 0.161 seconds
