[2023-09-15T10:58:04.274+0800] {processor.py:157} INFO - Started process (PID=75910) to work on /opt/homebrew/lib/python3.11/site-packages/airflow/example_dags/example_branch_operator.py
[2023-09-15T10:58:04.274+0800] {processor.py:829} INFO - Processing file /opt/homebrew/lib/python3.11/site-packages/airflow/example_dags/example_branch_operator.py for tasks to queue
[2023-09-15T10:58:04.274+0800] {logging_mixin.py:151} INFO - [2023-09-15T10:58:04.274+0800] {dagbag.py:539} INFO - Filling up the DagBag from /opt/homebrew/lib/python3.11/site-packages/airflow/example_dags/example_branch_operator.py
[2023-09-15T10:58:04.299+0800] {processor.py:839} INFO - DAG(s) dict_keys(['example_branch_operator']) retrieved from /opt/homebrew/lib/python3.11/site-packages/airflow/example_dags/example_branch_operator.py
[2023-09-15T10:58:04.397+0800] {logging_mixin.py:151} INFO - [2023-09-15T10:58:04.397+0800] {dag.py:2915} INFO - Sync 1 DAGs
[2023-09-15T10:58:04.407+0800] {logging_mixin.py:151} INFO - [2023-09-15T10:58:04.407+0800] {dag.py:3696} INFO - Setting next_dagrun for example_branch_operator to 2023-09-14T00:00:00+00:00, run_after=2023-09-15T00:00:00+00:00
[2023-09-15T10:58:04.417+0800] {processor.py:179} INFO - Processing /opt/homebrew/lib/python3.11/site-packages/airflow/example_dags/example_branch_operator.py took 0.143 seconds
[2023-09-15T16:05:44.137+0800] {processor.py:157} INFO - Started process (PID=76472) to work on /opt/homebrew/lib/python3.11/site-packages/airflow/example_dags/example_branch_operator.py
[2023-09-15T16:05:44.139+0800] {processor.py:829} INFO - Processing file /opt/homebrew/lib/python3.11/site-packages/airflow/example_dags/example_branch_operator.py for tasks to queue
[2023-09-15T16:05:44.139+0800] {logging_mixin.py:151} INFO - [2023-09-15T16:05:44.139+0800] {dagbag.py:539} INFO - Filling up the DagBag from /opt/homebrew/lib/python3.11/site-packages/airflow/example_dags/example_branch_operator.py
[2023-09-15T16:05:44.163+0800] {processor.py:839} INFO - DAG(s) dict_keys(['example_branch_operator']) retrieved from /opt/homebrew/lib/python3.11/site-packages/airflow/example_dags/example_branch_operator.py
[2023-09-15T16:05:44.259+0800] {logging_mixin.py:151} INFO - [2023-09-15T16:05:44.259+0800] {dag.py:2915} INFO - Sync 1 DAGs
[2023-09-15T16:05:44.269+0800] {logging_mixin.py:151} INFO - [2023-09-15T16:05:44.269+0800] {dag.py:3696} INFO - Setting next_dagrun for example_branch_operator to 2023-09-14T00:00:00+00:00, run_after=2023-09-15T00:00:00+00:00
[2023-09-15T16:05:44.279+0800] {processor.py:179} INFO - Processing /opt/homebrew/lib/python3.11/site-packages/airflow/example_dags/example_branch_operator.py took 0.142 seconds
[2023-09-15T16:07:32.464+0800] {processor.py:157} INFO - Started process (PID=76691) to work on /opt/homebrew/lib/python3.11/site-packages/airflow/example_dags/example_branch_operator.py
[2023-09-15T16:07:32.465+0800] {processor.py:829} INFO - Processing file /opt/homebrew/lib/python3.11/site-packages/airflow/example_dags/example_branch_operator.py for tasks to queue
[2023-09-15T16:07:32.465+0800] {logging_mixin.py:151} INFO - [2023-09-15T16:07:32.465+0800] {dagbag.py:539} INFO - Filling up the DagBag from /opt/homebrew/lib/python3.11/site-packages/airflow/example_dags/example_branch_operator.py
[2023-09-15T16:07:32.490+0800] {processor.py:839} INFO - DAG(s) dict_keys(['example_branch_operator']) retrieved from /opt/homebrew/lib/python3.11/site-packages/airflow/example_dags/example_branch_operator.py
[2023-09-15T16:07:32.587+0800] {logging_mixin.py:151} INFO - [2023-09-15T16:07:32.587+0800] {dag.py:2915} INFO - Sync 1 DAGs
[2023-09-15T16:07:32.597+0800] {logging_mixin.py:151} INFO - [2023-09-15T16:07:32.597+0800] {dag.py:3696} INFO - Setting next_dagrun for example_branch_operator to 2023-09-14T00:00:00+00:00, run_after=2023-09-15T00:00:00+00:00
[2023-09-15T16:07:32.607+0800] {processor.py:179} INFO - Processing /opt/homebrew/lib/python3.11/site-packages/airflow/example_dags/example_branch_operator.py took 0.144 seconds
[2023-09-15T16:09:14.681+0800] {processor.py:157} INFO - Started process (PID=76910) to work on /opt/homebrew/lib/python3.11/site-packages/airflow/example_dags/example_branch_operator.py
[2023-09-15T16:09:14.681+0800] {processor.py:829} INFO - Processing file /opt/homebrew/lib/python3.11/site-packages/airflow/example_dags/example_branch_operator.py for tasks to queue
[2023-09-15T16:09:14.681+0800] {logging_mixin.py:151} INFO - [2023-09-15T16:09:14.681+0800] {dagbag.py:539} INFO - Filling up the DagBag from /opt/homebrew/lib/python3.11/site-packages/airflow/example_dags/example_branch_operator.py
[2023-09-15T16:09:14.706+0800] {processor.py:839} INFO - DAG(s) dict_keys(['example_branch_operator']) retrieved from /opt/homebrew/lib/python3.11/site-packages/airflow/example_dags/example_branch_operator.py
[2023-09-15T16:09:14.807+0800] {logging_mixin.py:151} INFO - [2023-09-15T16:09:14.806+0800] {dag.py:2915} INFO - Sync 1 DAGs
[2023-09-15T16:09:14.817+0800] {logging_mixin.py:151} INFO - [2023-09-15T16:09:14.817+0800] {dag.py:3696} INFO - Setting next_dagrun for example_branch_operator to 2023-09-14T00:00:00+00:00, run_after=2023-09-15T00:00:00+00:00
[2023-09-15T16:09:14.828+0800] {processor.py:179} INFO - Processing /opt/homebrew/lib/python3.11/site-packages/airflow/example_dags/example_branch_operator.py took 0.148 seconds
[2023-09-15T16:10:57.627+0800] {processor.py:157} INFO - Started process (PID=77095) to work on /opt/homebrew/lib/python3.11/site-packages/airflow/example_dags/example_branch_operator.py
[2023-09-15T16:10:57.628+0800] {processor.py:829} INFO - Processing file /opt/homebrew/lib/python3.11/site-packages/airflow/example_dags/example_branch_operator.py for tasks to queue
[2023-09-15T16:10:57.628+0800] {logging_mixin.py:151} INFO - [2023-09-15T16:10:57.628+0800] {dagbag.py:539} INFO - Filling up the DagBag from /opt/homebrew/lib/python3.11/site-packages/airflow/example_dags/example_branch_operator.py
[2023-09-15T16:10:57.652+0800] {processor.py:839} INFO - DAG(s) dict_keys(['example_branch_operator']) retrieved from /opt/homebrew/lib/python3.11/site-packages/airflow/example_dags/example_branch_operator.py
[2023-09-15T16:10:57.749+0800] {logging_mixin.py:151} INFO - [2023-09-15T16:10:57.749+0800] {dag.py:2915} INFO - Sync 1 DAGs
[2023-09-15T16:10:57.759+0800] {logging_mixin.py:151} INFO - [2023-09-15T16:10:57.759+0800] {dag.py:3696} INFO - Setting next_dagrun for example_branch_operator to 2023-09-14T00:00:00+00:00, run_after=2023-09-15T00:00:00+00:00
[2023-09-15T16:10:57.769+0800] {processor.py:179} INFO - Processing /opt/homebrew/lib/python3.11/site-packages/airflow/example_dags/example_branch_operator.py took 0.142 seconds
[2023-09-15T16:12:44.957+0800] {processor.py:157} INFO - Started process (PID=77298) to work on /opt/homebrew/lib/python3.11/site-packages/airflow/example_dags/example_branch_operator.py
[2023-09-15T16:12:44.957+0800] {processor.py:829} INFO - Processing file /opt/homebrew/lib/python3.11/site-packages/airflow/example_dags/example_branch_operator.py for tasks to queue
[2023-09-15T16:12:44.957+0800] {logging_mixin.py:151} INFO - [2023-09-15T16:12:44.957+0800] {dagbag.py:539} INFO - Filling up the DagBag from /opt/homebrew/lib/python3.11/site-packages/airflow/example_dags/example_branch_operator.py
[2023-09-15T16:12:44.982+0800] {processor.py:839} INFO - DAG(s) dict_keys(['example_branch_operator']) retrieved from /opt/homebrew/lib/python3.11/site-packages/airflow/example_dags/example_branch_operator.py
[2023-09-15T16:12:45.078+0800] {logging_mixin.py:151} INFO - [2023-09-15T16:12:45.078+0800] {dag.py:2915} INFO - Sync 1 DAGs
[2023-09-15T16:12:45.088+0800] {logging_mixin.py:151} INFO - [2023-09-15T16:12:45.088+0800] {dag.py:3696} INFO - Setting next_dagrun for example_branch_operator to 2023-09-14T00:00:00+00:00, run_after=2023-09-15T00:00:00+00:00
[2023-09-15T16:12:45.099+0800] {processor.py:179} INFO - Processing /opt/homebrew/lib/python3.11/site-packages/airflow/example_dags/example_branch_operator.py took 0.142 seconds
[2023-09-15T16:14:31.663+0800] {processor.py:157} INFO - Started process (PID=77491) to work on /opt/homebrew/lib/python3.11/site-packages/airflow/example_dags/example_branch_operator.py
[2023-09-15T16:14:31.663+0800] {processor.py:829} INFO - Processing file /opt/homebrew/lib/python3.11/site-packages/airflow/example_dags/example_branch_operator.py for tasks to queue
[2023-09-15T16:14:31.663+0800] {logging_mixin.py:151} INFO - [2023-09-15T16:14:31.663+0800] {dagbag.py:539} INFO - Filling up the DagBag from /opt/homebrew/lib/python3.11/site-packages/airflow/example_dags/example_branch_operator.py
[2023-09-15T16:14:31.687+0800] {processor.py:839} INFO - DAG(s) dict_keys(['example_branch_operator']) retrieved from /opt/homebrew/lib/python3.11/site-packages/airflow/example_dags/example_branch_operator.py
[2023-09-15T16:14:31.784+0800] {logging_mixin.py:151} INFO - [2023-09-15T16:14:31.783+0800] {dag.py:2915} INFO - Sync 1 DAGs
[2023-09-15T16:14:31.793+0800] {logging_mixin.py:151} INFO - [2023-09-15T16:14:31.793+0800] {dag.py:3696} INFO - Setting next_dagrun for example_branch_operator to 2023-09-14T00:00:00+00:00, run_after=2023-09-15T00:00:00+00:00
[2023-09-15T16:14:31.803+0800] {processor.py:179} INFO - Processing /opt/homebrew/lib/python3.11/site-packages/airflow/example_dags/example_branch_operator.py took 0.141 seconds
[2023-09-15T16:16:16.011+0800] {processor.py:157} INFO - Started process (PID=77686) to work on /opt/homebrew/lib/python3.11/site-packages/airflow/example_dags/example_branch_operator.py
[2023-09-15T16:16:16.012+0800] {processor.py:829} INFO - Processing file /opt/homebrew/lib/python3.11/site-packages/airflow/example_dags/example_branch_operator.py for tasks to queue
[2023-09-15T16:16:16.012+0800] {logging_mixin.py:151} INFO - [2023-09-15T16:16:16.012+0800] {dagbag.py:539} INFO - Filling up the DagBag from /opt/homebrew/lib/python3.11/site-packages/airflow/example_dags/example_branch_operator.py
[2023-09-15T16:16:16.036+0800] {processor.py:839} INFO - DAG(s) dict_keys(['example_branch_operator']) retrieved from /opt/homebrew/lib/python3.11/site-packages/airflow/example_dags/example_branch_operator.py
[2023-09-15T16:16:16.132+0800] {logging_mixin.py:151} INFO - [2023-09-15T16:16:16.132+0800] {dag.py:2915} INFO - Sync 1 DAGs
[2023-09-15T16:16:16.142+0800] {logging_mixin.py:151} INFO - [2023-09-15T16:16:16.141+0800] {dag.py:3696} INFO - Setting next_dagrun for example_branch_operator to 2023-09-14T00:00:00+00:00, run_after=2023-09-15T00:00:00+00:00
[2023-09-15T16:16:16.152+0800] {processor.py:179} INFO - Processing /opt/homebrew/lib/python3.11/site-packages/airflow/example_dags/example_branch_operator.py took 0.141 seconds
[2023-09-15T16:17:58.763+0800] {processor.py:157} INFO - Started process (PID=77872) to work on /opt/homebrew/lib/python3.11/site-packages/airflow/example_dags/example_branch_operator.py
[2023-09-15T16:17:58.763+0800] {processor.py:829} INFO - Processing file /opt/homebrew/lib/python3.11/site-packages/airflow/example_dags/example_branch_operator.py for tasks to queue
[2023-09-15T16:17:58.764+0800] {logging_mixin.py:151} INFO - [2023-09-15T16:17:58.764+0800] {dagbag.py:539} INFO - Filling up the DagBag from /opt/homebrew/lib/python3.11/site-packages/airflow/example_dags/example_branch_operator.py
[2023-09-15T16:17:58.788+0800] {processor.py:839} INFO - DAG(s) dict_keys(['example_branch_operator']) retrieved from /opt/homebrew/lib/python3.11/site-packages/airflow/example_dags/example_branch_operator.py
[2023-09-15T16:17:58.883+0800] {logging_mixin.py:151} INFO - [2023-09-15T16:17:58.883+0800] {dag.py:2915} INFO - Sync 1 DAGs
[2023-09-15T16:17:58.893+0800] {logging_mixin.py:151} INFO - [2023-09-15T16:17:58.893+0800] {dag.py:3696} INFO - Setting next_dagrun for example_branch_operator to 2023-09-14T00:00:00+00:00, run_after=2023-09-15T00:00:00+00:00
[2023-09-15T16:17:58.903+0800] {processor.py:179} INFO - Processing /opt/homebrew/lib/python3.11/site-packages/airflow/example_dags/example_branch_operator.py took 0.141 seconds
[2023-09-15T16:19:43.505+0800] {processor.py:157} INFO - Started process (PID=78059) to work on /opt/homebrew/lib/python3.11/site-packages/airflow/example_dags/example_branch_operator.py
[2023-09-15T16:19:43.506+0800] {processor.py:829} INFO - Processing file /opt/homebrew/lib/python3.11/site-packages/airflow/example_dags/example_branch_operator.py for tasks to queue
[2023-09-15T16:19:43.506+0800] {logging_mixin.py:151} INFO - [2023-09-15T16:19:43.506+0800] {dagbag.py:539} INFO - Filling up the DagBag from /opt/homebrew/lib/python3.11/site-packages/airflow/example_dags/example_branch_operator.py
[2023-09-15T16:19:43.530+0800] {processor.py:839} INFO - DAG(s) dict_keys(['example_branch_operator']) retrieved from /opt/homebrew/lib/python3.11/site-packages/airflow/example_dags/example_branch_operator.py
[2023-09-15T16:19:43.626+0800] {logging_mixin.py:151} INFO - [2023-09-15T16:19:43.626+0800] {dag.py:2915} INFO - Sync 1 DAGs
[2023-09-15T16:19:43.636+0800] {logging_mixin.py:151} INFO - [2023-09-15T16:19:43.636+0800] {dag.py:3696} INFO - Setting next_dagrun for example_branch_operator to 2023-09-14T00:00:00+00:00, run_after=2023-09-15T00:00:00+00:00
[2023-09-15T16:19:43.646+0800] {processor.py:179} INFO - Processing /opt/homebrew/lib/python3.11/site-packages/airflow/example_dags/example_branch_operator.py took 0.141 seconds
[2023-09-15T16:21:30.587+0800] {processor.py:157} INFO - Started process (PID=78249) to work on /opt/homebrew/lib/python3.11/site-packages/airflow/example_dags/example_branch_operator.py
[2023-09-15T16:21:30.587+0800] {processor.py:829} INFO - Processing file /opt/homebrew/lib/python3.11/site-packages/airflow/example_dags/example_branch_operator.py for tasks to queue
[2023-09-15T16:21:30.587+0800] {logging_mixin.py:151} INFO - [2023-09-15T16:21:30.587+0800] {dagbag.py:539} INFO - Filling up the DagBag from /opt/homebrew/lib/python3.11/site-packages/airflow/example_dags/example_branch_operator.py
[2023-09-15T16:21:30.611+0800] {processor.py:839} INFO - DAG(s) dict_keys(['example_branch_operator']) retrieved from /opt/homebrew/lib/python3.11/site-packages/airflow/example_dags/example_branch_operator.py
[2023-09-15T16:21:30.707+0800] {logging_mixin.py:151} INFO - [2023-09-15T16:21:30.707+0800] {dag.py:2915} INFO - Sync 1 DAGs
[2023-09-15T16:21:30.717+0800] {logging_mixin.py:151} INFO - [2023-09-15T16:21:30.717+0800] {dag.py:3696} INFO - Setting next_dagrun for example_branch_operator to 2023-09-14T00:00:00+00:00, run_after=2023-09-15T00:00:00+00:00
[2023-09-15T16:21:30.727+0800] {processor.py:179} INFO - Processing /opt/homebrew/lib/python3.11/site-packages/airflow/example_dags/example_branch_operator.py took 0.141 seconds
[2023-09-15T16:23:13.943+0800] {processor.py:157} INFO - Started process (PID=78435) to work on /opt/homebrew/lib/python3.11/site-packages/airflow/example_dags/example_branch_operator.py
[2023-09-15T16:23:13.944+0800] {processor.py:829} INFO - Processing file /opt/homebrew/lib/python3.11/site-packages/airflow/example_dags/example_branch_operator.py for tasks to queue
[2023-09-15T16:23:13.944+0800] {logging_mixin.py:151} INFO - [2023-09-15T16:23:13.944+0800] {dagbag.py:539} INFO - Filling up the DagBag from /opt/homebrew/lib/python3.11/site-packages/airflow/example_dags/example_branch_operator.py
[2023-09-15T16:23:13.968+0800] {processor.py:839} INFO - DAG(s) dict_keys(['example_branch_operator']) retrieved from /opt/homebrew/lib/python3.11/site-packages/airflow/example_dags/example_branch_operator.py
[2023-09-15T16:23:14.064+0800] {logging_mixin.py:151} INFO - [2023-09-15T16:23:14.064+0800] {dag.py:2915} INFO - Sync 1 DAGs
[2023-09-15T16:23:14.074+0800] {logging_mixin.py:151} INFO - [2023-09-15T16:23:14.074+0800] {dag.py:3696} INFO - Setting next_dagrun for example_branch_operator to 2023-09-14T00:00:00+00:00, run_after=2023-09-15T00:00:00+00:00
[2023-09-15T16:23:14.084+0800] {processor.py:179} INFO - Processing /opt/homebrew/lib/python3.11/site-packages/airflow/example_dags/example_branch_operator.py took 0.141 seconds
[2023-09-15T16:24:57.256+0800] {processor.py:157} INFO - Started process (PID=78628) to work on /opt/homebrew/lib/python3.11/site-packages/airflow/example_dags/example_branch_operator.py
[2023-09-15T16:24:57.257+0800] {processor.py:829} INFO - Processing file /opt/homebrew/lib/python3.11/site-packages/airflow/example_dags/example_branch_operator.py for tasks to queue
[2023-09-15T16:24:57.257+0800] {logging_mixin.py:151} INFO - [2023-09-15T16:24:57.257+0800] {dagbag.py:539} INFO - Filling up the DagBag from /opt/homebrew/lib/python3.11/site-packages/airflow/example_dags/example_branch_operator.py
[2023-09-15T16:24:57.281+0800] {processor.py:839} INFO - DAG(s) dict_keys(['example_branch_operator']) retrieved from /opt/homebrew/lib/python3.11/site-packages/airflow/example_dags/example_branch_operator.py
[2023-09-15T16:24:57.378+0800] {logging_mixin.py:151} INFO - [2023-09-15T16:24:57.378+0800] {dag.py:2915} INFO - Sync 1 DAGs
[2023-09-15T16:24:57.388+0800] {logging_mixin.py:151} INFO - [2023-09-15T16:24:57.388+0800] {dag.py:3696} INFO - Setting next_dagrun for example_branch_operator to 2023-09-14T00:00:00+00:00, run_after=2023-09-15T00:00:00+00:00
[2023-09-15T16:24:57.398+0800] {processor.py:179} INFO - Processing /opt/homebrew/lib/python3.11/site-packages/airflow/example_dags/example_branch_operator.py took 0.142 seconds
[2023-09-15T16:26:41.807+0800] {processor.py:157} INFO - Started process (PID=78812) to work on /opt/homebrew/lib/python3.11/site-packages/airflow/example_dags/example_branch_operator.py
[2023-09-15T16:26:41.808+0800] {processor.py:829} INFO - Processing file /opt/homebrew/lib/python3.11/site-packages/airflow/example_dags/example_branch_operator.py for tasks to queue
[2023-09-15T16:26:41.808+0800] {logging_mixin.py:151} INFO - [2023-09-15T16:26:41.808+0800] {dagbag.py:539} INFO - Filling up the DagBag from /opt/homebrew/lib/python3.11/site-packages/airflow/example_dags/example_branch_operator.py
[2023-09-15T16:26:41.832+0800] {processor.py:839} INFO - DAG(s) dict_keys(['example_branch_operator']) retrieved from /opt/homebrew/lib/python3.11/site-packages/airflow/example_dags/example_branch_operator.py
[2023-09-15T16:26:41.928+0800] {logging_mixin.py:151} INFO - [2023-09-15T16:26:41.928+0800] {dag.py:2915} INFO - Sync 1 DAGs
[2023-09-15T16:26:41.938+0800] {logging_mixin.py:151} INFO - [2023-09-15T16:26:41.938+0800] {dag.py:3696} INFO - Setting next_dagrun for example_branch_operator to 2023-09-14T00:00:00+00:00, run_after=2023-09-15T00:00:00+00:00
[2023-09-15T16:26:41.948+0800] {processor.py:179} INFO - Processing /opt/homebrew/lib/python3.11/site-packages/airflow/example_dags/example_branch_operator.py took 0.141 seconds
[2023-09-15T16:28:22.018+0800] {processor.py:157} INFO - Started process (PID=78990) to work on /opt/homebrew/lib/python3.11/site-packages/airflow/example_dags/example_branch_operator.py
[2023-09-15T16:28:22.018+0800] {processor.py:829} INFO - Processing file /opt/homebrew/lib/python3.11/site-packages/airflow/example_dags/example_branch_operator.py for tasks to queue
[2023-09-15T16:28:22.019+0800] {logging_mixin.py:151} INFO - [2023-09-15T16:28:22.018+0800] {dagbag.py:539} INFO - Filling up the DagBag from /opt/homebrew/lib/python3.11/site-packages/airflow/example_dags/example_branch_operator.py
[2023-09-15T16:28:22.043+0800] {processor.py:839} INFO - DAG(s) dict_keys(['example_branch_operator']) retrieved from /opt/homebrew/lib/python3.11/site-packages/airflow/example_dags/example_branch_operator.py
[2023-09-15T16:28:22.139+0800] {logging_mixin.py:151} INFO - [2023-09-15T16:28:22.139+0800] {dag.py:2915} INFO - Sync 1 DAGs
[2023-09-15T16:28:22.149+0800] {logging_mixin.py:151} INFO - [2023-09-15T16:28:22.149+0800] {dag.py:3696} INFO - Setting next_dagrun for example_branch_operator to 2023-09-14T00:00:00+00:00, run_after=2023-09-15T00:00:00+00:00
[2023-09-15T16:28:22.159+0800] {processor.py:179} INFO - Processing /opt/homebrew/lib/python3.11/site-packages/airflow/example_dags/example_branch_operator.py took 0.141 seconds
[2023-09-15T16:30:00.449+0800] {processor.py:157} INFO - Started process (PID=79194) to work on /opt/homebrew/lib/python3.11/site-packages/airflow/example_dags/example_branch_operator.py
[2023-09-15T16:30:00.450+0800] {processor.py:829} INFO - Processing file /opt/homebrew/lib/python3.11/site-packages/airflow/example_dags/example_branch_operator.py for tasks to queue
[2023-09-15T16:30:00.450+0800] {logging_mixin.py:151} INFO - [2023-09-15T16:30:00.450+0800] {dagbag.py:539} INFO - Filling up the DagBag from /opt/homebrew/lib/python3.11/site-packages/airflow/example_dags/example_branch_operator.py
[2023-09-15T16:30:00.474+0800] {processor.py:839} INFO - DAG(s) dict_keys(['example_branch_operator']) retrieved from /opt/homebrew/lib/python3.11/site-packages/airflow/example_dags/example_branch_operator.py
[2023-09-15T16:30:00.571+0800] {logging_mixin.py:151} INFO - [2023-09-15T16:30:00.571+0800] {dag.py:2915} INFO - Sync 1 DAGs
[2023-09-15T16:30:00.582+0800] {logging_mixin.py:151} INFO - [2023-09-15T16:30:00.582+0800] {dag.py:3696} INFO - Setting next_dagrun for example_branch_operator to 2023-09-14T00:00:00+00:00, run_after=2023-09-15T00:00:00+00:00
[2023-09-15T16:30:00.592+0800] {processor.py:179} INFO - Processing /opt/homebrew/lib/python3.11/site-packages/airflow/example_dags/example_branch_operator.py took 0.143 seconds
