[2023-09-15T08:39:32.106+0800] {processor.py:157} INFO - Started process (PID=75661) to work on /opt/homebrew/lib/python3.11/site-packages/airflow/example_dags/example_xcomargs.py
[2023-09-15T08:39:32.107+0800] {processor.py:829} INFO - Processing file /opt/homebrew/lib/python3.11/site-packages/airflow/example_dags/example_xcomargs.py for tasks to queue
[2023-09-15T08:39:32.107+0800] {logging_mixin.py:151} INFO - [2023-09-15T08:39:32.107+0800] {dagbag.py:539} INFO - Filling up the DagBag from /opt/homebrew/lib/python3.11/site-packages/airflow/example_dags/example_xcomargs.py
[2023-09-15T08:39:32.139+0800] {processor.py:839} INFO - DAG(s) dict_keys(['example_xcom_args', 'example_xcom_args_with_operators']) retrieved from /opt/homebrew/lib/python3.11/site-packages/airflow/example_dags/example_xcomargs.py
[2023-09-15T08:39:32.234+0800] {logging_mixin.py:151} INFO - [2023-09-15T08:39:32.234+0800] {dag.py:2915} INFO - Sync 2 DAGs
[2023-09-15T08:39:32.239+0800] {logging_mixin.py:151} INFO - [2023-09-15T08:39:32.239+0800] {dag.py:3696} INFO - Setting next_dagrun for example_xcom_args to None, run_after=None
[2023-09-15T08:39:32.240+0800] {logging_mixin.py:151} INFO - [2023-09-15T08:39:32.240+0800] {dag.py:3696} INFO - Setting next_dagrun for example_xcom_args_with_operators to None, run_after=None
[2023-09-15T08:39:32.249+0800] {processor.py:179} INFO - Processing /opt/homebrew/lib/python3.11/site-packages/airflow/example_dags/example_xcomargs.py took 0.144 seconds
[2023-09-15T11:45:21.879+0800] {processor.py:157} INFO - Started process (PID=75999) to work on /opt/homebrew/lib/python3.11/site-packages/airflow/example_dags/example_xcomargs.py
[2023-09-15T11:45:21.881+0800] {processor.py:829} INFO - Processing file /opt/homebrew/lib/python3.11/site-packages/airflow/example_dags/example_xcomargs.py for tasks to queue
[2023-09-15T11:45:21.881+0800] {logging_mixin.py:151} INFO - [2023-09-15T11:45:21.881+0800] {dagbag.py:539} INFO - Filling up the DagBag from /opt/homebrew/lib/python3.11/site-packages/airflow/example_dags/example_xcomargs.py
[2023-09-15T11:45:21.914+0800] {processor.py:839} INFO - DAG(s) dict_keys(['example_xcom_args_with_operators', 'example_xcom_args']) retrieved from /opt/homebrew/lib/python3.11/site-packages/airflow/example_dags/example_xcomargs.py
[2023-09-15T11:45:22.008+0800] {logging_mixin.py:151} INFO - [2023-09-15T11:45:22.008+0800] {dag.py:2915} INFO - Sync 2 DAGs
[2023-09-15T11:45:22.018+0800] {logging_mixin.py:151} INFO - [2023-09-15T11:45:22.018+0800] {dag.py:3696} INFO - Setting next_dagrun for example_xcom_args to None, run_after=None
[2023-09-15T11:45:22.021+0800] {logging_mixin.py:151} INFO - [2023-09-15T11:45:22.021+0800] {dag.py:3696} INFO - Setting next_dagrun for example_xcom_args_with_operators to None, run_after=None
[2023-09-15T11:45:22.030+0800] {processor.py:179} INFO - Processing /opt/homebrew/lib/python3.11/site-packages/airflow/example_dags/example_xcomargs.py took 0.151 seconds
[2023-09-15T14:50:40.762+0800] {processor.py:157} INFO - Started process (PID=76285) to work on /opt/homebrew/lib/python3.11/site-packages/airflow/example_dags/example_xcomargs.py
[2023-09-15T14:50:40.763+0800] {processor.py:829} INFO - Processing file /opt/homebrew/lib/python3.11/site-packages/airflow/example_dags/example_xcomargs.py for tasks to queue
[2023-09-15T14:50:40.763+0800] {logging_mixin.py:151} INFO - [2023-09-15T14:50:40.763+0800] {dagbag.py:539} INFO - Filling up the DagBag from /opt/homebrew/lib/python3.11/site-packages/airflow/example_dags/example_xcomargs.py
[2023-09-15T14:50:40.796+0800] {processor.py:839} INFO - DAG(s) dict_keys(['example_xcom_args_with_operators', 'example_xcom_args']) retrieved from /opt/homebrew/lib/python3.11/site-packages/airflow/example_dags/example_xcomargs.py
[2023-09-15T14:50:40.890+0800] {logging_mixin.py:151} INFO - [2023-09-15T14:50:40.890+0800] {dag.py:2915} INFO - Sync 2 DAGs
[2023-09-15T14:50:40.895+0800] {logging_mixin.py:151} INFO - [2023-09-15T14:50:40.895+0800] {dag.py:3696} INFO - Setting next_dagrun for example_xcom_args to None, run_after=None
[2023-09-15T14:50:40.897+0800] {logging_mixin.py:151} INFO - [2023-09-15T14:50:40.897+0800] {dag.py:3696} INFO - Setting next_dagrun for example_xcom_args_with_operators to None, run_after=None
[2023-09-15T14:50:40.906+0800] {processor.py:179} INFO - Processing /opt/homebrew/lib/python3.11/site-packages/airflow/example_dags/example_xcomargs.py took 0.144 seconds
[2023-09-15T16:06:07.374+0800] {processor.py:157} INFO - Started process (PID=76513) to work on /opt/homebrew/lib/python3.11/site-packages/airflow/example_dags/example_xcomargs.py
[2023-09-15T16:06:07.376+0800] {processor.py:829} INFO - Processing file /opt/homebrew/lib/python3.11/site-packages/airflow/example_dags/example_xcomargs.py for tasks to queue
[2023-09-15T16:06:07.376+0800] {logging_mixin.py:151} INFO - [2023-09-15T16:06:07.376+0800] {dagbag.py:539} INFO - Filling up the DagBag from /opt/homebrew/lib/python3.11/site-packages/airflow/example_dags/example_xcomargs.py
[2023-09-15T16:06:07.408+0800] {processor.py:839} INFO - DAG(s) dict_keys(['example_xcom_args', 'example_xcom_args_with_operators']) retrieved from /opt/homebrew/lib/python3.11/site-packages/airflow/example_dags/example_xcomargs.py
[2023-09-15T16:06:07.502+0800] {logging_mixin.py:151} INFO - [2023-09-15T16:06:07.502+0800] {dag.py:2915} INFO - Sync 2 DAGs
[2023-09-15T16:06:07.507+0800] {logging_mixin.py:151} INFO - [2023-09-15T16:06:07.507+0800] {dag.py:3696} INFO - Setting next_dagrun for example_xcom_args to None, run_after=None
[2023-09-15T16:06:07.508+0800] {logging_mixin.py:151} INFO - [2023-09-15T16:06:07.508+0800] {dag.py:3696} INFO - Setting next_dagrun for example_xcom_args_with_operators to None, run_after=None
[2023-09-15T16:06:07.517+0800] {processor.py:179} INFO - Processing /opt/homebrew/lib/python3.11/site-packages/airflow/example_dags/example_xcomargs.py took 0.144 seconds
[2023-09-15T16:07:03.710+0800] {processor.py:157} INFO - Started process (PID=76619) to work on /opt/homebrew/lib/python3.11/site-packages/airflow/example_dags/example_xcomargs.py
[2023-09-15T16:07:03.710+0800] {processor.py:829} INFO - Processing file /opt/homebrew/lib/python3.11/site-packages/airflow/example_dags/example_xcomargs.py for tasks to queue
[2023-09-15T16:07:03.710+0800] {logging_mixin.py:151} INFO - [2023-09-15T16:07:03.710+0800] {dagbag.py:539} INFO - Filling up the DagBag from /opt/homebrew/lib/python3.11/site-packages/airflow/example_dags/example_xcomargs.py
[2023-09-15T16:07:03.749+0800] {processor.py:839} INFO - DAG(s) dict_keys(['example_xcom_args_with_operators', 'example_xcom_args']) retrieved from /opt/homebrew/lib/python3.11/site-packages/airflow/example_dags/example_xcomargs.py
[2023-09-15T16:07:03.850+0800] {logging_mixin.py:151} INFO - [2023-09-15T16:07:03.850+0800] {dag.py:2915} INFO - Sync 2 DAGs
[2023-09-15T16:07:03.855+0800] {logging_mixin.py:151} INFO - [2023-09-15T16:07:03.855+0800] {dag.py:3696} INFO - Setting next_dagrun for example_xcom_args to None, run_after=None
[2023-09-15T16:07:03.857+0800] {logging_mixin.py:151} INFO - [2023-09-15T16:07:03.857+0800] {dag.py:3696} INFO - Setting next_dagrun for example_xcom_args_with_operators to None, run_after=None
[2023-09-15T16:07:03.866+0800] {processor.py:179} INFO - Processing /opt/homebrew/lib/python3.11/site-packages/airflow/example_dags/example_xcomargs.py took 0.157 seconds
[2023-09-15T16:07:56.374+0800] {processor.py:157} INFO - Started process (PID=76749) to work on /opt/homebrew/lib/python3.11/site-packages/airflow/example_dags/example_xcomargs.py
[2023-09-15T16:07:56.375+0800] {processor.py:829} INFO - Processing file /opt/homebrew/lib/python3.11/site-packages/airflow/example_dags/example_xcomargs.py for tasks to queue
[2023-09-15T16:07:56.375+0800] {logging_mixin.py:151} INFO - [2023-09-15T16:07:56.375+0800] {dagbag.py:539} INFO - Filling up the DagBag from /opt/homebrew/lib/python3.11/site-packages/airflow/example_dags/example_xcomargs.py
[2023-09-15T16:07:56.408+0800] {processor.py:839} INFO - DAG(s) dict_keys(['example_xcom_args', 'example_xcom_args_with_operators']) retrieved from /opt/homebrew/lib/python3.11/site-packages/airflow/example_dags/example_xcomargs.py
[2023-09-15T16:07:56.504+0800] {logging_mixin.py:151} INFO - [2023-09-15T16:07:56.503+0800] {dag.py:2915} INFO - Sync 2 DAGs
[2023-09-15T16:07:56.509+0800] {logging_mixin.py:151} INFO - [2023-09-15T16:07:56.509+0800] {dag.py:3696} INFO - Setting next_dagrun for example_xcom_args to None, run_after=None
[2023-09-15T16:07:56.510+0800] {logging_mixin.py:151} INFO - [2023-09-15T16:07:56.510+0800] {dag.py:3696} INFO - Setting next_dagrun for example_xcom_args_with_operators to None, run_after=None
[2023-09-15T16:07:56.519+0800] {processor.py:179} INFO - Processing /opt/homebrew/lib/python3.11/site-packages/airflow/example_dags/example_xcomargs.py took 0.146 seconds
[2023-09-15T16:08:44.080+0800] {processor.py:157} INFO - Started process (PID=76836) to work on /opt/homebrew/lib/python3.11/site-packages/airflow/example_dags/example_xcomargs.py
[2023-09-15T16:08:44.080+0800] {processor.py:829} INFO - Processing file /opt/homebrew/lib/python3.11/site-packages/airflow/example_dags/example_xcomargs.py for tasks to queue
[2023-09-15T16:08:44.081+0800] {logging_mixin.py:151} INFO - [2023-09-15T16:08:44.081+0800] {dagbag.py:539} INFO - Filling up the DagBag from /opt/homebrew/lib/python3.11/site-packages/airflow/example_dags/example_xcomargs.py
[2023-09-15T16:08:44.113+0800] {processor.py:839} INFO - DAG(s) dict_keys(['example_xcom_args', 'example_xcom_args_with_operators']) retrieved from /opt/homebrew/lib/python3.11/site-packages/airflow/example_dags/example_xcomargs.py
[2023-09-15T16:08:44.207+0800] {logging_mixin.py:151} INFO - [2023-09-15T16:08:44.207+0800] {dag.py:2915} INFO - Sync 2 DAGs
[2023-09-15T16:08:44.212+0800] {logging_mixin.py:151} INFO - [2023-09-15T16:08:44.212+0800] {dag.py:3696} INFO - Setting next_dagrun for example_xcom_args to None, run_after=None
[2023-09-15T16:08:44.213+0800] {logging_mixin.py:151} INFO - [2023-09-15T16:08:44.213+0800] {dag.py:3696} INFO - Setting next_dagrun for example_xcom_args_with_operators to None, run_after=None
[2023-09-15T16:08:44.222+0800] {processor.py:179} INFO - Processing /opt/homebrew/lib/python3.11/site-packages/airflow/example_dags/example_xcomargs.py took 0.143 seconds
[2023-09-15T16:09:38.764+0800] {processor.py:157} INFO - Started process (PID=76953) to work on /opt/homebrew/lib/python3.11/site-packages/airflow/example_dags/example_xcomargs.py
[2023-09-15T16:09:38.764+0800] {processor.py:829} INFO - Processing file /opt/homebrew/lib/python3.11/site-packages/airflow/example_dags/example_xcomargs.py for tasks to queue
[2023-09-15T16:09:38.765+0800] {logging_mixin.py:151} INFO - [2023-09-15T16:09:38.764+0800] {dagbag.py:539} INFO - Filling up the DagBag from /opt/homebrew/lib/python3.11/site-packages/airflow/example_dags/example_xcomargs.py
[2023-09-15T16:09:38.797+0800] {processor.py:839} INFO - DAG(s) dict_keys(['example_xcom_args_with_operators', 'example_xcom_args']) retrieved from /opt/homebrew/lib/python3.11/site-packages/airflow/example_dags/example_xcomargs.py
[2023-09-15T16:09:38.894+0800] {logging_mixin.py:151} INFO - [2023-09-15T16:09:38.894+0800] {dag.py:2915} INFO - Sync 2 DAGs
[2023-09-15T16:09:38.900+0800] {logging_mixin.py:151} INFO - [2023-09-15T16:09:38.900+0800] {dag.py:3696} INFO - Setting next_dagrun for example_xcom_args to None, run_after=None
[2023-09-15T16:09:38.901+0800] {logging_mixin.py:151} INFO - [2023-09-15T16:09:38.901+0800] {dag.py:3696} INFO - Setting next_dagrun for example_xcom_args_with_operators to None, run_after=None
[2023-09-15T16:09:38.911+0800] {processor.py:179} INFO - Processing /opt/homebrew/lib/python3.11/site-packages/airflow/example_dags/example_xcomargs.py took 0.147 seconds
[2023-09-15T16:10:31.994+0800] {processor.py:157} INFO - Started process (PID=77051) to work on /opt/homebrew/lib/python3.11/site-packages/airflow/example_dags/example_xcomargs.py
[2023-09-15T16:10:31.995+0800] {processor.py:829} INFO - Processing file /opt/homebrew/lib/python3.11/site-packages/airflow/example_dags/example_xcomargs.py for tasks to queue
[2023-09-15T16:10:31.995+0800] {logging_mixin.py:151} INFO - [2023-09-15T16:10:31.995+0800] {dagbag.py:539} INFO - Filling up the DagBag from /opt/homebrew/lib/python3.11/site-packages/airflow/example_dags/example_xcomargs.py
[2023-09-15T16:10:32.027+0800] {processor.py:839} INFO - DAG(s) dict_keys(['example_xcom_args', 'example_xcom_args_with_operators']) retrieved from /opt/homebrew/lib/python3.11/site-packages/airflow/example_dags/example_xcomargs.py
[2023-09-15T16:10:32.122+0800] {logging_mixin.py:151} INFO - [2023-09-15T16:10:32.121+0800] {dag.py:2915} INFO - Sync 2 DAGs
[2023-09-15T16:10:32.126+0800] {logging_mixin.py:151} INFO - [2023-09-15T16:10:32.126+0800] {dag.py:3696} INFO - Setting next_dagrun for example_xcom_args to None, run_after=None
[2023-09-15T16:10:32.128+0800] {logging_mixin.py:151} INFO - [2023-09-15T16:10:32.128+0800] {dag.py:3696} INFO - Setting next_dagrun for example_xcom_args_with_operators to None, run_after=None
[2023-09-15T16:10:32.137+0800] {processor.py:179} INFO - Processing /opt/homebrew/lib/python3.11/site-packages/airflow/example_dags/example_xcomargs.py took 0.143 seconds
[2023-09-15T16:11:23.597+0800] {processor.py:157} INFO - Started process (PID=77149) to work on /opt/homebrew/lib/python3.11/site-packages/airflow/example_dags/example_xcomargs.py
[2023-09-15T16:11:23.597+0800] {processor.py:829} INFO - Processing file /opt/homebrew/lib/python3.11/site-packages/airflow/example_dags/example_xcomargs.py for tasks to queue
[2023-09-15T16:11:23.598+0800] {logging_mixin.py:151} INFO - [2023-09-15T16:11:23.598+0800] {dagbag.py:539} INFO - Filling up the DagBag from /opt/homebrew/lib/python3.11/site-packages/airflow/example_dags/example_xcomargs.py
[2023-09-15T16:11:23.630+0800] {processor.py:839} INFO - DAG(s) dict_keys(['example_xcom_args', 'example_xcom_args_with_operators']) retrieved from /opt/homebrew/lib/python3.11/site-packages/airflow/example_dags/example_xcomargs.py
[2023-09-15T16:11:23.724+0800] {logging_mixin.py:151} INFO - [2023-09-15T16:11:23.724+0800] {dag.py:2915} INFO - Sync 2 DAGs
[2023-09-15T16:11:23.729+0800] {logging_mixin.py:151} INFO - [2023-09-15T16:11:23.729+0800] {dag.py:3696} INFO - Setting next_dagrun for example_xcom_args to None, run_after=None
[2023-09-15T16:11:23.731+0800] {logging_mixin.py:151} INFO - [2023-09-15T16:11:23.730+0800] {dag.py:3696} INFO - Setting next_dagrun for example_xcom_args_with_operators to None, run_after=None
[2023-09-15T16:11:23.740+0800] {processor.py:179} INFO - Processing /opt/homebrew/lib/python3.11/site-packages/airflow/example_dags/example_xcomargs.py took 0.143 seconds
[2023-09-15T16:12:16.289+0800] {processor.py:157} INFO - Started process (PID=77247) to work on /opt/homebrew/lib/python3.11/site-packages/airflow/example_dags/example_xcomargs.py
[2023-09-15T16:12:16.290+0800] {processor.py:829} INFO - Processing file /opt/homebrew/lib/python3.11/site-packages/airflow/example_dags/example_xcomargs.py for tasks to queue
[2023-09-15T16:12:16.290+0800] {logging_mixin.py:151} INFO - [2023-09-15T16:12:16.290+0800] {dagbag.py:539} INFO - Filling up the DagBag from /opt/homebrew/lib/python3.11/site-packages/airflow/example_dags/example_xcomargs.py
[2023-09-15T16:12:16.323+0800] {processor.py:839} INFO - DAG(s) dict_keys(['example_xcom_args', 'example_xcom_args_with_operators']) retrieved from /opt/homebrew/lib/python3.11/site-packages/airflow/example_dags/example_xcomargs.py
[2023-09-15T16:12:16.417+0800] {logging_mixin.py:151} INFO - [2023-09-15T16:12:16.417+0800] {dag.py:2915} INFO - Sync 2 DAGs
[2023-09-15T16:12:16.422+0800] {logging_mixin.py:151} INFO - [2023-09-15T16:12:16.422+0800] {dag.py:3696} INFO - Setting next_dagrun for example_xcom_args to None, run_after=None
[2023-09-15T16:12:16.423+0800] {logging_mixin.py:151} INFO - [2023-09-15T16:12:16.423+0800] {dag.py:3696} INFO - Setting next_dagrun for example_xcom_args_with_operators to None, run_after=None
[2023-09-15T16:12:16.433+0800] {processor.py:179} INFO - Processing /opt/homebrew/lib/python3.11/site-packages/airflow/example_dags/example_xcomargs.py took 0.144 seconds
[2023-09-15T16:13:09.904+0800] {processor.py:157} INFO - Started process (PID=77345) to work on /opt/homebrew/lib/python3.11/site-packages/airflow/example_dags/example_xcomargs.py
[2023-09-15T16:13:09.904+0800] {processor.py:829} INFO - Processing file /opt/homebrew/lib/python3.11/site-packages/airflow/example_dags/example_xcomargs.py for tasks to queue
[2023-09-15T16:13:09.904+0800] {logging_mixin.py:151} INFO - [2023-09-15T16:13:09.904+0800] {dagbag.py:539} INFO - Filling up the DagBag from /opt/homebrew/lib/python3.11/site-packages/airflow/example_dags/example_xcomargs.py
[2023-09-15T16:13:09.937+0800] {processor.py:839} INFO - DAG(s) dict_keys(['example_xcom_args', 'example_xcom_args_with_operators']) retrieved from /opt/homebrew/lib/python3.11/site-packages/airflow/example_dags/example_xcomargs.py
[2023-09-15T16:13:10.031+0800] {logging_mixin.py:151} INFO - [2023-09-15T16:13:10.031+0800] {dag.py:2915} INFO - Sync 2 DAGs
[2023-09-15T16:13:10.036+0800] {logging_mixin.py:151} INFO - [2023-09-15T16:13:10.036+0800] {dag.py:3696} INFO - Setting next_dagrun for example_xcom_args to None, run_after=None
[2023-09-15T16:13:10.038+0800] {logging_mixin.py:151} INFO - [2023-09-15T16:13:10.038+0800] {dag.py:3696} INFO - Setting next_dagrun for example_xcom_args_with_operators to None, run_after=None
[2023-09-15T16:13:10.047+0800] {processor.py:179} INFO - Processing /opt/homebrew/lib/python3.11/site-packages/airflow/example_dags/example_xcomargs.py took 0.144 seconds
[2023-09-15T16:14:03.596+0800] {processor.py:157} INFO - Started process (PID=77438) to work on /opt/homebrew/lib/python3.11/site-packages/airflow/example_dags/example_xcomargs.py
[2023-09-15T16:14:03.596+0800] {processor.py:829} INFO - Processing file /opt/homebrew/lib/python3.11/site-packages/airflow/example_dags/example_xcomargs.py for tasks to queue
[2023-09-15T16:14:03.597+0800] {logging_mixin.py:151} INFO - [2023-09-15T16:14:03.597+0800] {dagbag.py:539} INFO - Filling up the DagBag from /opt/homebrew/lib/python3.11/site-packages/airflow/example_dags/example_xcomargs.py
[2023-09-15T16:14:03.629+0800] {processor.py:839} INFO - DAG(s) dict_keys(['example_xcom_args_with_operators', 'example_xcom_args']) retrieved from /opt/homebrew/lib/python3.11/site-packages/airflow/example_dags/example_xcomargs.py
[2023-09-15T16:14:03.724+0800] {logging_mixin.py:151} INFO - [2023-09-15T16:14:03.724+0800] {dag.py:2915} INFO - Sync 2 DAGs
[2023-09-15T16:14:03.729+0800] {logging_mixin.py:151} INFO - [2023-09-15T16:14:03.729+0800] {dag.py:3696} INFO - Setting next_dagrun for example_xcom_args to None, run_after=None
[2023-09-15T16:14:03.730+0800] {logging_mixin.py:151} INFO - [2023-09-15T16:14:03.730+0800] {dag.py:3696} INFO - Setting next_dagrun for example_xcom_args_with_operators to None, run_after=None
[2023-09-15T16:14:03.739+0800] {processor.py:179} INFO - Processing /opt/homebrew/lib/python3.11/site-packages/airflow/example_dags/example_xcomargs.py took 0.144 seconds
[2023-09-15T16:14:54.929+0800] {processor.py:157} INFO - Started process (PID=77532) to work on /opt/homebrew/lib/python3.11/site-packages/airflow/example_dags/example_xcomargs.py
[2023-09-15T16:14:54.929+0800] {processor.py:829} INFO - Processing file /opt/homebrew/lib/python3.11/site-packages/airflow/example_dags/example_xcomargs.py for tasks to queue
[2023-09-15T16:14:54.930+0800] {logging_mixin.py:151} INFO - [2023-09-15T16:14:54.929+0800] {dagbag.py:539} INFO - Filling up the DagBag from /opt/homebrew/lib/python3.11/site-packages/airflow/example_dags/example_xcomargs.py
[2023-09-15T16:14:54.962+0800] {processor.py:839} INFO - DAG(s) dict_keys(['example_xcom_args_with_operators', 'example_xcom_args']) retrieved from /opt/homebrew/lib/python3.11/site-packages/airflow/example_dags/example_xcomargs.py
[2023-09-15T16:14:55.057+0800] {logging_mixin.py:151} INFO - [2023-09-15T16:14:55.056+0800] {dag.py:2915} INFO - Sync 2 DAGs
[2023-09-15T16:14:55.061+0800] {logging_mixin.py:151} INFO - [2023-09-15T16:14:55.061+0800] {dag.py:3696} INFO - Setting next_dagrun for example_xcom_args to None, run_after=None
[2023-09-15T16:14:55.063+0800] {logging_mixin.py:151} INFO - [2023-09-15T16:14:55.063+0800] {dag.py:3696} INFO - Setting next_dagrun for example_xcom_args_with_operators to None, run_after=None
[2023-09-15T16:14:55.072+0800] {processor.py:179} INFO - Processing /opt/homebrew/lib/python3.11/site-packages/airflow/example_dags/example_xcomargs.py took 0.144 seconds
[2023-09-15T16:15:48.011+0800] {processor.py:157} INFO - Started process (PID=77626) to work on /opt/homebrew/lib/python3.11/site-packages/airflow/example_dags/example_xcomargs.py
[2023-09-15T16:15:48.012+0800] {processor.py:829} INFO - Processing file /opt/homebrew/lib/python3.11/site-packages/airflow/example_dags/example_xcomargs.py for tasks to queue
[2023-09-15T16:15:48.012+0800] {logging_mixin.py:151} INFO - [2023-09-15T16:15:48.012+0800] {dagbag.py:539} INFO - Filling up the DagBag from /opt/homebrew/lib/python3.11/site-packages/airflow/example_dags/example_xcomargs.py
[2023-09-15T16:15:48.044+0800] {processor.py:839} INFO - DAG(s) dict_keys(['example_xcom_args_with_operators', 'example_xcom_args']) retrieved from /opt/homebrew/lib/python3.11/site-packages/airflow/example_dags/example_xcomargs.py
[2023-09-15T16:15:48.139+0800] {logging_mixin.py:151} INFO - [2023-09-15T16:15:48.138+0800] {dag.py:2915} INFO - Sync 2 DAGs
[2023-09-15T16:15:48.143+0800] {logging_mixin.py:151} INFO - [2023-09-15T16:15:48.143+0800] {dag.py:3696} INFO - Setting next_dagrun for example_xcom_args to None, run_after=None
[2023-09-15T16:15:48.145+0800] {logging_mixin.py:151} INFO - [2023-09-15T16:15:48.145+0800] {dag.py:3696} INFO - Setting next_dagrun for example_xcom_args_with_operators to None, run_after=None
[2023-09-15T16:15:48.154+0800] {processor.py:179} INFO - Processing /opt/homebrew/lib/python3.11/site-packages/airflow/example_dags/example_xcomargs.py took 0.143 seconds
[2023-09-15T16:16:38.551+0800] {processor.py:157} INFO - Started process (PID=77733) to work on /opt/homebrew/lib/python3.11/site-packages/airflow/example_dags/example_xcomargs.py
[2023-09-15T16:16:38.552+0800] {processor.py:829} INFO - Processing file /opt/homebrew/lib/python3.11/site-packages/airflow/example_dags/example_xcomargs.py for tasks to queue
[2023-09-15T16:16:38.552+0800] {logging_mixin.py:151} INFO - [2023-09-15T16:16:38.552+0800] {dagbag.py:539} INFO - Filling up the DagBag from /opt/homebrew/lib/python3.11/site-packages/airflow/example_dags/example_xcomargs.py
[2023-09-15T16:16:38.584+0800] {processor.py:839} INFO - DAG(s) dict_keys(['example_xcom_args', 'example_xcom_args_with_operators']) retrieved from /opt/homebrew/lib/python3.11/site-packages/airflow/example_dags/example_xcomargs.py
[2023-09-15T16:16:38.679+0800] {logging_mixin.py:151} INFO - [2023-09-15T16:16:38.678+0800] {dag.py:2915} INFO - Sync 2 DAGs
[2023-09-15T16:16:38.683+0800] {logging_mixin.py:151} INFO - [2023-09-15T16:16:38.683+0800] {dag.py:3696} INFO - Setting next_dagrun for example_xcom_args to None, run_after=None
[2023-09-15T16:16:38.685+0800] {logging_mixin.py:151} INFO - [2023-09-15T16:16:38.685+0800] {dag.py:3696} INFO - Setting next_dagrun for example_xcom_args_with_operators to None, run_after=None
[2023-09-15T16:16:38.694+0800] {processor.py:179} INFO - Processing /opt/homebrew/lib/python3.11/site-packages/airflow/example_dags/example_xcomargs.py took 0.143 seconds
[2023-09-15T16:17:30.442+0800] {processor.py:157} INFO - Started process (PID=77821) to work on /opt/homebrew/lib/python3.11/site-packages/airflow/example_dags/example_xcomargs.py
[2023-09-15T16:17:30.443+0800] {processor.py:829} INFO - Processing file /opt/homebrew/lib/python3.11/site-packages/airflow/example_dags/example_xcomargs.py for tasks to queue
[2023-09-15T16:17:30.443+0800] {logging_mixin.py:151} INFO - [2023-09-15T16:17:30.443+0800] {dagbag.py:539} INFO - Filling up the DagBag from /opt/homebrew/lib/python3.11/site-packages/airflow/example_dags/example_xcomargs.py
[2023-09-15T16:17:30.476+0800] {processor.py:839} INFO - DAG(s) dict_keys(['example_xcom_args', 'example_xcom_args_with_operators']) retrieved from /opt/homebrew/lib/python3.11/site-packages/airflow/example_dags/example_xcomargs.py
[2023-09-15T16:17:30.571+0800] {logging_mixin.py:151} INFO - [2023-09-15T16:17:30.571+0800] {dag.py:2915} INFO - Sync 2 DAGs
[2023-09-15T16:17:30.576+0800] {logging_mixin.py:151} INFO - [2023-09-15T16:17:30.576+0800] {dag.py:3696} INFO - Setting next_dagrun for example_xcom_args to None, run_after=None
[2023-09-15T16:17:30.577+0800] {logging_mixin.py:151} INFO - [2023-09-15T16:17:30.577+0800] {dag.py:3696} INFO - Setting next_dagrun for example_xcom_args_with_operators to None, run_after=None
[2023-09-15T16:17:30.587+0800] {processor.py:179} INFO - Processing /opt/homebrew/lib/python3.11/site-packages/airflow/example_dags/example_xcomargs.py took 0.145 seconds
[2023-09-15T16:18:23.278+0800] {processor.py:157} INFO - Started process (PID=77914) to work on /opt/homebrew/lib/python3.11/site-packages/airflow/example_dags/example_xcomargs.py
[2023-09-15T16:18:23.279+0800] {processor.py:829} INFO - Processing file /opt/homebrew/lib/python3.11/site-packages/airflow/example_dags/example_xcomargs.py for tasks to queue
[2023-09-15T16:18:23.279+0800] {logging_mixin.py:151} INFO - [2023-09-15T16:18:23.279+0800] {dagbag.py:539} INFO - Filling up the DagBag from /opt/homebrew/lib/python3.11/site-packages/airflow/example_dags/example_xcomargs.py
[2023-09-15T16:18:23.311+0800] {processor.py:839} INFO - DAG(s) dict_keys(['example_xcom_args', 'example_xcom_args_with_operators']) retrieved from /opt/homebrew/lib/python3.11/site-packages/airflow/example_dags/example_xcomargs.py
[2023-09-15T16:18:23.406+0800] {logging_mixin.py:151} INFO - [2023-09-15T16:18:23.406+0800] {dag.py:2915} INFO - Sync 2 DAGs
[2023-09-15T16:18:23.411+0800] {logging_mixin.py:151} INFO - [2023-09-15T16:18:23.411+0800] {dag.py:3696} INFO - Setting next_dagrun for example_xcom_args to None, run_after=None
[2023-09-15T16:18:23.412+0800] {logging_mixin.py:151} INFO - [2023-09-15T16:18:23.412+0800] {dag.py:3696} INFO - Setting next_dagrun for example_xcom_args_with_operators to None, run_after=None
[2023-09-15T16:18:23.421+0800] {processor.py:179} INFO - Processing /opt/homebrew/lib/python3.11/site-packages/airflow/example_dags/example_xcomargs.py took 0.143 seconds
[2023-09-15T16:19:14.170+0800] {processor.py:157} INFO - Started process (PID=78004) to work on /opt/homebrew/lib/python3.11/site-packages/airflow/example_dags/example_xcomargs.py
[2023-09-15T16:19:14.171+0800] {processor.py:829} INFO - Processing file /opt/homebrew/lib/python3.11/site-packages/airflow/example_dags/example_xcomargs.py for tasks to queue
[2023-09-15T16:19:14.171+0800] {logging_mixin.py:151} INFO - [2023-09-15T16:19:14.171+0800] {dagbag.py:539} INFO - Filling up the DagBag from /opt/homebrew/lib/python3.11/site-packages/airflow/example_dags/example_xcomargs.py
[2023-09-15T16:19:14.203+0800] {processor.py:839} INFO - DAG(s) dict_keys(['example_xcom_args_with_operators', 'example_xcom_args']) retrieved from /opt/homebrew/lib/python3.11/site-packages/airflow/example_dags/example_xcomargs.py
[2023-09-15T16:19:14.298+0800] {logging_mixin.py:151} INFO - [2023-09-15T16:19:14.298+0800] {dag.py:2915} INFO - Sync 2 DAGs
[2023-09-15T16:19:14.303+0800] {logging_mixin.py:151} INFO - [2023-09-15T16:19:14.303+0800] {dag.py:3696} INFO - Setting next_dagrun for example_xcom_args to None, run_after=None
[2023-09-15T16:19:14.304+0800] {logging_mixin.py:151} INFO - [2023-09-15T16:19:14.304+0800] {dag.py:3696} INFO - Setting next_dagrun for example_xcom_args_with_operators to None, run_after=None
[2023-09-15T16:19:14.313+0800] {processor.py:179} INFO - Processing /opt/homebrew/lib/python3.11/site-packages/airflow/example_dags/example_xcomargs.py took 0.143 seconds
[2023-09-15T16:20:07.948+0800] {processor.py:157} INFO - Started process (PID=78102) to work on /opt/homebrew/lib/python3.11/site-packages/airflow/example_dags/example_xcomargs.py
[2023-09-15T16:20:07.949+0800] {processor.py:829} INFO - Processing file /opt/homebrew/lib/python3.11/site-packages/airflow/example_dags/example_xcomargs.py for tasks to queue
[2023-09-15T16:20:07.949+0800] {logging_mixin.py:151} INFO - [2023-09-15T16:20:07.949+0800] {dagbag.py:539} INFO - Filling up the DagBag from /opt/homebrew/lib/python3.11/site-packages/airflow/example_dags/example_xcomargs.py
[2023-09-15T16:20:07.981+0800] {processor.py:839} INFO - DAG(s) dict_keys(['example_xcom_args', 'example_xcom_args_with_operators']) retrieved from /opt/homebrew/lib/python3.11/site-packages/airflow/example_dags/example_xcomargs.py
[2023-09-15T16:20:08.075+0800] {logging_mixin.py:151} INFO - [2023-09-15T16:20:08.075+0800] {dag.py:2915} INFO - Sync 2 DAGs
[2023-09-15T16:20:08.080+0800] {logging_mixin.py:151} INFO - [2023-09-15T16:20:08.080+0800] {dag.py:3696} INFO - Setting next_dagrun for example_xcom_args to None, run_after=None
[2023-09-15T16:20:08.082+0800] {logging_mixin.py:151} INFO - [2023-09-15T16:20:08.081+0800] {dag.py:3696} INFO - Setting next_dagrun for example_xcom_args_with_operators to None, run_after=None
[2023-09-15T16:20:08.091+0800] {processor.py:179} INFO - Processing /opt/homebrew/lib/python3.11/site-packages/airflow/example_dags/example_xcomargs.py took 0.143 seconds
[2023-09-15T16:21:01.262+0800] {processor.py:157} INFO - Started process (PID=78196) to work on /opt/homebrew/lib/python3.11/site-packages/airflow/example_dags/example_xcomargs.py
[2023-09-15T16:21:01.262+0800] {processor.py:829} INFO - Processing file /opt/homebrew/lib/python3.11/site-packages/airflow/example_dags/example_xcomargs.py for tasks to queue
[2023-09-15T16:21:01.263+0800] {logging_mixin.py:151} INFO - [2023-09-15T16:21:01.263+0800] {dagbag.py:539} INFO - Filling up the DagBag from /opt/homebrew/lib/python3.11/site-packages/airflow/example_dags/example_xcomargs.py
[2023-09-15T16:21:01.295+0800] {processor.py:839} INFO - DAG(s) dict_keys(['example_xcom_args_with_operators', 'example_xcom_args']) retrieved from /opt/homebrew/lib/python3.11/site-packages/airflow/example_dags/example_xcomargs.py
[2023-09-15T16:21:01.389+0800] {logging_mixin.py:151} INFO - [2023-09-15T16:21:01.389+0800] {dag.py:2915} INFO - Sync 2 DAGs
[2023-09-15T16:21:01.393+0800] {logging_mixin.py:151} INFO - [2023-09-15T16:21:01.393+0800] {dag.py:3696} INFO - Setting next_dagrun for example_xcom_args to None, run_after=None
[2023-09-15T16:21:01.395+0800] {logging_mixin.py:151} INFO - [2023-09-15T16:21:01.395+0800] {dag.py:3696} INFO - Setting next_dagrun for example_xcom_args_with_operators to None, run_after=None
[2023-09-15T16:21:01.404+0800] {processor.py:179} INFO - Processing /opt/homebrew/lib/python3.11/site-packages/airflow/example_dags/example_xcomargs.py took 0.142 seconds
[2023-09-15T16:21:54.823+0800] {processor.py:157} INFO - Started process (PID=78290) to work on /opt/homebrew/lib/python3.11/site-packages/airflow/example_dags/example_xcomargs.py
[2023-09-15T16:21:54.824+0800] {processor.py:829} INFO - Processing file /opt/homebrew/lib/python3.11/site-packages/airflow/example_dags/example_xcomargs.py for tasks to queue
[2023-09-15T16:21:54.824+0800] {logging_mixin.py:151} INFO - [2023-09-15T16:21:54.824+0800] {dagbag.py:539} INFO - Filling up the DagBag from /opt/homebrew/lib/python3.11/site-packages/airflow/example_dags/example_xcomargs.py
[2023-09-15T16:21:54.856+0800] {processor.py:839} INFO - DAG(s) dict_keys(['example_xcom_args', 'example_xcom_args_with_operators']) retrieved from /opt/homebrew/lib/python3.11/site-packages/airflow/example_dags/example_xcomargs.py
[2023-09-15T16:21:54.951+0800] {logging_mixin.py:151} INFO - [2023-09-15T16:21:54.951+0800] {dag.py:2915} INFO - Sync 2 DAGs
[2023-09-15T16:21:54.956+0800] {logging_mixin.py:151} INFO - [2023-09-15T16:21:54.956+0800] {dag.py:3696} INFO - Setting next_dagrun for example_xcom_args to None, run_after=None
[2023-09-15T16:21:54.957+0800] {logging_mixin.py:151} INFO - [2023-09-15T16:21:54.957+0800] {dag.py:3696} INFO - Setting next_dagrun for example_xcom_args_with_operators to None, run_after=None
[2023-09-15T16:21:54.966+0800] {processor.py:179} INFO - Processing /opt/homebrew/lib/python3.11/site-packages/airflow/example_dags/example_xcomargs.py took 0.144 seconds
[2023-09-15T16:22:45.447+0800] {processor.py:157} INFO - Started process (PID=78390) to work on /opt/homebrew/lib/python3.11/site-packages/airflow/example_dags/example_xcomargs.py
[2023-09-15T16:22:45.447+0800] {processor.py:829} INFO - Processing file /opt/homebrew/lib/python3.11/site-packages/airflow/example_dags/example_xcomargs.py for tasks to queue
[2023-09-15T16:22:45.448+0800] {logging_mixin.py:151} INFO - [2023-09-15T16:22:45.447+0800] {dagbag.py:539} INFO - Filling up the DagBag from /opt/homebrew/lib/python3.11/site-packages/airflow/example_dags/example_xcomargs.py
[2023-09-15T16:22:45.480+0800] {processor.py:839} INFO - DAG(s) dict_keys(['example_xcom_args_with_operators', 'example_xcom_args']) retrieved from /opt/homebrew/lib/python3.11/site-packages/airflow/example_dags/example_xcomargs.py
[2023-09-15T16:22:45.574+0800] {logging_mixin.py:151} INFO - [2023-09-15T16:22:45.574+0800] {dag.py:2915} INFO - Sync 2 DAGs
[2023-09-15T16:22:45.579+0800] {logging_mixin.py:151} INFO - [2023-09-15T16:22:45.578+0800] {dag.py:3696} INFO - Setting next_dagrun for example_xcom_args to None, run_after=None
[2023-09-15T16:22:45.580+0800] {logging_mixin.py:151} INFO - [2023-09-15T16:22:45.580+0800] {dag.py:3696} INFO - Setting next_dagrun for example_xcom_args_with_operators to None, run_after=None
[2023-09-15T16:22:45.589+0800] {processor.py:179} INFO - Processing /opt/homebrew/lib/python3.11/site-packages/airflow/example_dags/example_xcomargs.py took 0.143 seconds
[2023-09-15T16:23:37.486+0800] {processor.py:157} INFO - Started process (PID=78480) to work on /opt/homebrew/lib/python3.11/site-packages/airflow/example_dags/example_xcomargs.py
[2023-09-15T16:23:37.487+0800] {processor.py:829} INFO - Processing file /opt/homebrew/lib/python3.11/site-packages/airflow/example_dags/example_xcomargs.py for tasks to queue
[2023-09-15T16:23:37.487+0800] {logging_mixin.py:151} INFO - [2023-09-15T16:23:37.487+0800] {dagbag.py:539} INFO - Filling up the DagBag from /opt/homebrew/lib/python3.11/site-packages/airflow/example_dags/example_xcomargs.py
[2023-09-15T16:23:37.519+0800] {processor.py:839} INFO - DAG(s) dict_keys(['example_xcom_args_with_operators', 'example_xcom_args']) retrieved from /opt/homebrew/lib/python3.11/site-packages/airflow/example_dags/example_xcomargs.py
[2023-09-15T16:23:37.613+0800] {logging_mixin.py:151} INFO - [2023-09-15T16:23:37.613+0800] {dag.py:2915} INFO - Sync 2 DAGs
[2023-09-15T16:23:37.618+0800] {logging_mixin.py:151} INFO - [2023-09-15T16:23:37.618+0800] {dag.py:3696} INFO - Setting next_dagrun for example_xcom_args to None, run_after=None
[2023-09-15T16:23:37.619+0800] {logging_mixin.py:151} INFO - [2023-09-15T16:23:37.619+0800] {dag.py:3696} INFO - Setting next_dagrun for example_xcom_args_with_operators to None, run_after=None
[2023-09-15T16:23:37.628+0800] {processor.py:179} INFO - Processing /opt/homebrew/lib/python3.11/site-packages/airflow/example_dags/example_xcomargs.py took 0.143 seconds
[2023-09-15T16:24:30.775+0800] {processor.py:157} INFO - Started process (PID=78580) to work on /opt/homebrew/lib/python3.11/site-packages/airflow/example_dags/example_xcomargs.py
[2023-09-15T16:24:30.775+0800] {processor.py:829} INFO - Processing file /opt/homebrew/lib/python3.11/site-packages/airflow/example_dags/example_xcomargs.py for tasks to queue
[2023-09-15T16:24:30.776+0800] {logging_mixin.py:151} INFO - [2023-09-15T16:24:30.776+0800] {dagbag.py:539} INFO - Filling up the DagBag from /opt/homebrew/lib/python3.11/site-packages/airflow/example_dags/example_xcomargs.py
[2023-09-15T16:24:30.808+0800] {processor.py:839} INFO - DAG(s) dict_keys(['example_xcom_args_with_operators', 'example_xcom_args']) retrieved from /opt/homebrew/lib/python3.11/site-packages/airflow/example_dags/example_xcomargs.py
[2023-09-15T16:24:30.902+0800] {logging_mixin.py:151} INFO - [2023-09-15T16:24:30.902+0800] {dag.py:2915} INFO - Sync 2 DAGs
[2023-09-15T16:24:30.907+0800] {logging_mixin.py:151} INFO - [2023-09-15T16:24:30.907+0800] {dag.py:3696} INFO - Setting next_dagrun for example_xcom_args to None, run_after=None
[2023-09-15T16:24:30.908+0800] {logging_mixin.py:151} INFO - [2023-09-15T16:24:30.908+0800] {dag.py:3696} INFO - Setting next_dagrun for example_xcom_args_with_operators to None, run_after=None
[2023-09-15T16:24:30.918+0800] {processor.py:179} INFO - Processing /opt/homebrew/lib/python3.11/site-packages/airflow/example_dags/example_xcomargs.py took 0.143 seconds
[2023-09-15T16:25:21.636+0800] {processor.py:157} INFO - Started process (PID=78668) to work on /opt/homebrew/lib/python3.11/site-packages/airflow/example_dags/example_xcomargs.py
[2023-09-15T16:25:21.636+0800] {processor.py:829} INFO - Processing file /opt/homebrew/lib/python3.11/site-packages/airflow/example_dags/example_xcomargs.py for tasks to queue
[2023-09-15T16:25:21.637+0800] {logging_mixin.py:151} INFO - [2023-09-15T16:25:21.637+0800] {dagbag.py:539} INFO - Filling up the DagBag from /opt/homebrew/lib/python3.11/site-packages/airflow/example_dags/example_xcomargs.py
[2023-09-15T16:25:21.668+0800] {processor.py:839} INFO - DAG(s) dict_keys(['example_xcom_args_with_operators', 'example_xcom_args']) retrieved from /opt/homebrew/lib/python3.11/site-packages/airflow/example_dags/example_xcomargs.py
[2023-09-15T16:25:21.763+0800] {logging_mixin.py:151} INFO - [2023-09-15T16:25:21.763+0800] {dag.py:2915} INFO - Sync 2 DAGs
[2023-09-15T16:25:21.767+0800] {logging_mixin.py:151} INFO - [2023-09-15T16:25:21.767+0800] {dag.py:3696} INFO - Setting next_dagrun for example_xcom_args to None, run_after=None
[2023-09-15T16:25:21.769+0800] {logging_mixin.py:151} INFO - [2023-09-15T16:25:21.769+0800] {dag.py:3696} INFO - Setting next_dagrun for example_xcom_args_with_operators to None, run_after=None
[2023-09-15T16:25:21.778+0800] {processor.py:179} INFO - Processing /opt/homebrew/lib/python3.11/site-packages/airflow/example_dags/example_xcomargs.py took 0.143 seconds
[2023-09-15T16:26:13.878+0800] {processor.py:157} INFO - Started process (PID=78763) to work on /opt/homebrew/lib/python3.11/site-packages/airflow/example_dags/example_xcomargs.py
[2023-09-15T16:26:13.879+0800] {processor.py:829} INFO - Processing file /opt/homebrew/lib/python3.11/site-packages/airflow/example_dags/example_xcomargs.py for tasks to queue
[2023-09-15T16:26:13.879+0800] {logging_mixin.py:151} INFO - [2023-09-15T16:26:13.879+0800] {dagbag.py:539} INFO - Filling up the DagBag from /opt/homebrew/lib/python3.11/site-packages/airflow/example_dags/example_xcomargs.py
[2023-09-15T16:26:13.911+0800] {processor.py:839} INFO - DAG(s) dict_keys(['example_xcom_args_with_operators', 'example_xcom_args']) retrieved from /opt/homebrew/lib/python3.11/site-packages/airflow/example_dags/example_xcomargs.py
[2023-09-15T16:26:14.005+0800] {logging_mixin.py:151} INFO - [2023-09-15T16:26:14.005+0800] {dag.py:2915} INFO - Sync 2 DAGs
[2023-09-15T16:26:14.010+0800] {logging_mixin.py:151} INFO - [2023-09-15T16:26:14.010+0800] {dag.py:3696} INFO - Setting next_dagrun for example_xcom_args to None, run_after=None
[2023-09-15T16:26:14.012+0800] {logging_mixin.py:151} INFO - [2023-09-15T16:26:14.012+0800] {dag.py:3696} INFO - Setting next_dagrun for example_xcom_args_with_operators to None, run_after=None
[2023-09-15T16:26:14.021+0800] {processor.py:179} INFO - Processing /opt/homebrew/lib/python3.11/site-packages/airflow/example_dags/example_xcomargs.py took 0.143 seconds
[2023-09-15T16:27:06.404+0800] {processor.py:157} INFO - Started process (PID=78855) to work on /opt/homebrew/lib/python3.11/site-packages/airflow/example_dags/example_xcomargs.py
[2023-09-15T16:27:06.405+0800] {processor.py:829} INFO - Processing file /opt/homebrew/lib/python3.11/site-packages/airflow/example_dags/example_xcomargs.py for tasks to queue
[2023-09-15T16:27:06.405+0800] {logging_mixin.py:151} INFO - [2023-09-15T16:27:06.405+0800] {dagbag.py:539} INFO - Filling up the DagBag from /opt/homebrew/lib/python3.11/site-packages/airflow/example_dags/example_xcomargs.py
[2023-09-15T16:27:06.437+0800] {processor.py:839} INFO - DAG(s) dict_keys(['example_xcom_args_with_operators', 'example_xcom_args']) retrieved from /opt/homebrew/lib/python3.11/site-packages/airflow/example_dags/example_xcomargs.py
[2023-09-15T16:27:06.531+0800] {logging_mixin.py:151} INFO - [2023-09-15T16:27:06.531+0800] {dag.py:2915} INFO - Sync 2 DAGs
[2023-09-15T16:27:06.536+0800] {logging_mixin.py:151} INFO - [2023-09-15T16:27:06.536+0800] {dag.py:3696} INFO - Setting next_dagrun for example_xcom_args to None, run_after=None
[2023-09-15T16:27:06.537+0800] {logging_mixin.py:151} INFO - [2023-09-15T16:27:06.537+0800] {dag.py:3696} INFO - Setting next_dagrun for example_xcom_args_with_operators to None, run_after=None
[2023-09-15T16:27:06.547+0800] {processor.py:179} INFO - Processing /opt/homebrew/lib/python3.11/site-packages/airflow/example_dags/example_xcomargs.py took 0.143 seconds
[2023-09-15T16:27:55.144+0800] {processor.py:157} INFO - Started process (PID=78942) to work on /opt/homebrew/lib/python3.11/site-packages/airflow/example_dags/example_xcomargs.py
[2023-09-15T16:27:55.144+0800] {processor.py:829} INFO - Processing file /opt/homebrew/lib/python3.11/site-packages/airflow/example_dags/example_xcomargs.py for tasks to queue
[2023-09-15T16:27:55.145+0800] {logging_mixin.py:151} INFO - [2023-09-15T16:27:55.145+0800] {dagbag.py:539} INFO - Filling up the DagBag from /opt/homebrew/lib/python3.11/site-packages/airflow/example_dags/example_xcomargs.py
[2023-09-15T16:27:55.177+0800] {processor.py:839} INFO - DAG(s) dict_keys(['example_xcom_args_with_operators', 'example_xcom_args']) retrieved from /opt/homebrew/lib/python3.11/site-packages/airflow/example_dags/example_xcomargs.py
[2023-09-15T16:27:55.271+0800] {logging_mixin.py:151} INFO - [2023-09-15T16:27:55.271+0800] {dag.py:2915} INFO - Sync 2 DAGs
[2023-09-15T16:27:55.276+0800] {logging_mixin.py:151} INFO - [2023-09-15T16:27:55.276+0800] {dag.py:3696} INFO - Setting next_dagrun for example_xcom_args to None, run_after=None
[2023-09-15T16:27:55.277+0800] {logging_mixin.py:151} INFO - [2023-09-15T16:27:55.277+0800] {dag.py:3696} INFO - Setting next_dagrun for example_xcom_args_with_operators to None, run_after=None
[2023-09-15T16:27:55.287+0800] {processor.py:179} INFO - Processing /opt/homebrew/lib/python3.11/site-packages/airflow/example_dags/example_xcomargs.py took 0.143 seconds
[2023-09-15T16:28:44.311+0800] {processor.py:157} INFO - Started process (PID=79032) to work on /opt/homebrew/lib/python3.11/site-packages/airflow/example_dags/example_xcomargs.py
[2023-09-15T16:28:44.311+0800] {processor.py:829} INFO - Processing file /opt/homebrew/lib/python3.11/site-packages/airflow/example_dags/example_xcomargs.py for tasks to queue
[2023-09-15T16:28:44.311+0800] {logging_mixin.py:151} INFO - [2023-09-15T16:28:44.311+0800] {dagbag.py:539} INFO - Filling up the DagBag from /opt/homebrew/lib/python3.11/site-packages/airflow/example_dags/example_xcomargs.py
[2023-09-15T16:28:44.343+0800] {processor.py:839} INFO - DAG(s) dict_keys(['example_xcom_args_with_operators', 'example_xcom_args']) retrieved from /opt/homebrew/lib/python3.11/site-packages/airflow/example_dags/example_xcomargs.py
[2023-09-15T16:28:44.438+0800] {logging_mixin.py:151} INFO - [2023-09-15T16:28:44.438+0800] {dag.py:2915} INFO - Sync 2 DAGs
[2023-09-15T16:28:44.443+0800] {logging_mixin.py:151} INFO - [2023-09-15T16:28:44.442+0800] {dag.py:3696} INFO - Setting next_dagrun for example_xcom_args to None, run_after=None
[2023-09-15T16:28:44.444+0800] {logging_mixin.py:151} INFO - [2023-09-15T16:28:44.444+0800] {dag.py:3696} INFO - Setting next_dagrun for example_xcom_args_with_operators to None, run_after=None
[2023-09-15T16:28:44.453+0800] {processor.py:179} INFO - Processing /opt/homebrew/lib/python3.11/site-packages/airflow/example_dags/example_xcomargs.py took 0.143 seconds
[2023-09-15T16:29:33.760+0800] {processor.py:157} INFO - Started process (PID=79122) to work on /opt/homebrew/lib/python3.11/site-packages/airflow/example_dags/example_xcomargs.py
[2023-09-15T16:29:33.760+0800] {processor.py:829} INFO - Processing file /opt/homebrew/lib/python3.11/site-packages/airflow/example_dags/example_xcomargs.py for tasks to queue
[2023-09-15T16:29:33.760+0800] {logging_mixin.py:151} INFO - [2023-09-15T16:29:33.760+0800] {dagbag.py:539} INFO - Filling up the DagBag from /opt/homebrew/lib/python3.11/site-packages/airflow/example_dags/example_xcomargs.py
[2023-09-15T16:29:33.793+0800] {processor.py:839} INFO - DAG(s) dict_keys(['example_xcom_args_with_operators', 'example_xcom_args']) retrieved from /opt/homebrew/lib/python3.11/site-packages/airflow/example_dags/example_xcomargs.py
[2023-09-15T16:29:33.888+0800] {logging_mixin.py:151} INFO - [2023-09-15T16:29:33.888+0800] {dag.py:2915} INFO - Sync 2 DAGs
[2023-09-15T16:29:33.893+0800] {logging_mixin.py:151} INFO - [2023-09-15T16:29:33.893+0800] {dag.py:3696} INFO - Setting next_dagrun for example_xcom_args to None, run_after=None
[2023-09-15T16:29:33.894+0800] {logging_mixin.py:151} INFO - [2023-09-15T16:29:33.894+0800] {dag.py:3696} INFO - Setting next_dagrun for example_xcom_args_with_operators to None, run_after=None
[2023-09-15T16:29:33.904+0800] {processor.py:179} INFO - Processing /opt/homebrew/lib/python3.11/site-packages/airflow/example_dags/example_xcomargs.py took 0.145 seconds
[2023-09-15T16:30:24.495+0800] {processor.py:157} INFO - Started process (PID=79299) to work on /opt/homebrew/lib/python3.11/site-packages/airflow/example_dags/example_xcomargs.py
[2023-09-15T16:30:24.496+0800] {processor.py:829} INFO - Processing file /opt/homebrew/lib/python3.11/site-packages/airflow/example_dags/example_xcomargs.py for tasks to queue
[2023-09-15T16:30:24.496+0800] {logging_mixin.py:151} INFO - [2023-09-15T16:30:24.496+0800] {dagbag.py:539} INFO - Filling up the DagBag from /opt/homebrew/lib/python3.11/site-packages/airflow/example_dags/example_xcomargs.py
[2023-09-15T16:30:24.529+0800] {processor.py:839} INFO - DAG(s) dict_keys(['example_xcom_args', 'example_xcom_args_with_operators']) retrieved from /opt/homebrew/lib/python3.11/site-packages/airflow/example_dags/example_xcomargs.py
[2023-09-15T16:30:24.625+0800] {logging_mixin.py:151} INFO - [2023-09-15T16:30:24.625+0800] {dag.py:2915} INFO - Sync 2 DAGs
[2023-09-15T16:30:24.630+0800] {logging_mixin.py:151} INFO - [2023-09-15T16:30:24.630+0800] {dag.py:3696} INFO - Setting next_dagrun for example_xcom_args to None, run_after=None
[2023-09-15T16:30:24.632+0800] {logging_mixin.py:151} INFO - [2023-09-15T16:30:24.632+0800] {dag.py:3696} INFO - Setting next_dagrun for example_xcom_args_with_operators to None, run_after=None
[2023-09-15T16:30:24.641+0800] {processor.py:179} INFO - Processing /opt/homebrew/lib/python3.11/site-packages/airflow/example_dags/example_xcomargs.py took 0.147 seconds
[2023-09-15T16:31:17.284+0800] {processor.py:157} INFO - Started process (PID=79454) to work on /opt/homebrew/lib/python3.11/site-packages/airflow/example_dags/example_xcomargs.py
[2023-09-15T16:31:17.284+0800] {processor.py:829} INFO - Processing file /opt/homebrew/lib/python3.11/site-packages/airflow/example_dags/example_xcomargs.py for tasks to queue
[2023-09-15T16:31:17.284+0800] {logging_mixin.py:151} INFO - [2023-09-15T16:31:17.284+0800] {dagbag.py:539} INFO - Filling up the DagBag from /opt/homebrew/lib/python3.11/site-packages/airflow/example_dags/example_xcomargs.py
[2023-09-15T16:31:17.316+0800] {processor.py:839} INFO - DAG(s) dict_keys(['example_xcom_args', 'example_xcom_args_with_operators']) retrieved from /opt/homebrew/lib/python3.11/site-packages/airflow/example_dags/example_xcomargs.py
[2023-09-15T16:31:17.411+0800] {logging_mixin.py:151} INFO - [2023-09-15T16:31:17.411+0800] {dag.py:2915} INFO - Sync 2 DAGs
[2023-09-15T16:31:17.416+0800] {logging_mixin.py:151} INFO - [2023-09-15T16:31:17.416+0800] {dag.py:3696} INFO - Setting next_dagrun for example_xcom_args to None, run_after=None
[2023-09-15T16:31:17.417+0800] {logging_mixin.py:151} INFO - [2023-09-15T16:31:17.417+0800] {dag.py:3696} INFO - Setting next_dagrun for example_xcom_args_with_operators to None, run_after=None
[2023-09-15T16:31:17.427+0800] {processor.py:179} INFO - Processing /opt/homebrew/lib/python3.11/site-packages/airflow/example_dags/example_xcomargs.py took 0.143 seconds
[2023-09-15T16:32:11.458+0800] {processor.py:157} INFO - Started process (PID=79575) to work on /opt/homebrew/lib/python3.11/site-packages/airflow/example_dags/example_xcomargs.py
[2023-09-15T16:32:11.458+0800] {processor.py:829} INFO - Processing file /opt/homebrew/lib/python3.11/site-packages/airflow/example_dags/example_xcomargs.py for tasks to queue
[2023-09-15T16:32:11.459+0800] {logging_mixin.py:151} INFO - [2023-09-15T16:32:11.459+0800] {dagbag.py:539} INFO - Filling up the DagBag from /opt/homebrew/lib/python3.11/site-packages/airflow/example_dags/example_xcomargs.py
[2023-09-15T16:32:11.491+0800] {processor.py:839} INFO - DAG(s) dict_keys(['example_xcom_args', 'example_xcom_args_with_operators']) retrieved from /opt/homebrew/lib/python3.11/site-packages/airflow/example_dags/example_xcomargs.py
[2023-09-15T16:32:11.585+0800] {logging_mixin.py:151} INFO - [2023-09-15T16:32:11.585+0800] {dag.py:2915} INFO - Sync 2 DAGs
[2023-09-15T16:32:11.590+0800] {logging_mixin.py:151} INFO - [2023-09-15T16:32:11.590+0800] {dag.py:3696} INFO - Setting next_dagrun for example_xcom_args to None, run_after=None
[2023-09-15T16:32:11.591+0800] {logging_mixin.py:151} INFO - [2023-09-15T16:32:11.591+0800] {dag.py:3696} INFO - Setting next_dagrun for example_xcom_args_with_operators to None, run_after=None
[2023-09-15T16:32:11.601+0800] {processor.py:179} INFO - Processing /opt/homebrew/lib/python3.11/site-packages/airflow/example_dags/example_xcomargs.py took 0.144 seconds
[2023-09-15T16:33:04.805+0800] {processor.py:157} INFO - Started process (PID=79700) to work on /opt/homebrew/lib/python3.11/site-packages/airflow/example_dags/example_xcomargs.py
[2023-09-15T16:33:04.805+0800] {processor.py:829} INFO - Processing file /opt/homebrew/lib/python3.11/site-packages/airflow/example_dags/example_xcomargs.py for tasks to queue
[2023-09-15T16:33:04.806+0800] {logging_mixin.py:151} INFO - [2023-09-15T16:33:04.805+0800] {dagbag.py:539} INFO - Filling up the DagBag from /opt/homebrew/lib/python3.11/site-packages/airflow/example_dags/example_xcomargs.py
[2023-09-15T16:33:04.838+0800] {processor.py:839} INFO - DAG(s) dict_keys(['example_xcom_args_with_operators', 'example_xcom_args']) retrieved from /opt/homebrew/lib/python3.11/site-packages/airflow/example_dags/example_xcomargs.py
[2023-09-15T16:33:04.954+0800] {logging_mixin.py:151} INFO - [2023-09-15T16:33:04.954+0800] {dag.py:2915} INFO - Sync 2 DAGs
[2023-09-15T16:33:04.960+0800] {logging_mixin.py:151} INFO - [2023-09-15T16:33:04.960+0800] {dag.py:3696} INFO - Setting next_dagrun for example_xcom_args to None, run_after=None
[2023-09-15T16:33:04.962+0800] {logging_mixin.py:151} INFO - [2023-09-15T16:33:04.962+0800] {dag.py:3696} INFO - Setting next_dagrun for example_xcom_args_with_operators to None, run_after=None
[2023-09-15T16:33:04.973+0800] {processor.py:179} INFO - Processing /opt/homebrew/lib/python3.11/site-packages/airflow/example_dags/example_xcomargs.py took 0.169 seconds
[2023-09-15T16:33:57.016+0800] {processor.py:157} INFO - Started process (PID=79819) to work on /opt/homebrew/lib/python3.11/site-packages/airflow/example_dags/example_xcomargs.py
[2023-09-15T16:33:57.016+0800] {processor.py:829} INFO - Processing file /opt/homebrew/lib/python3.11/site-packages/airflow/example_dags/example_xcomargs.py for tasks to queue
[2023-09-15T16:33:57.017+0800] {logging_mixin.py:151} INFO - [2023-09-15T16:33:57.017+0800] {dagbag.py:539} INFO - Filling up the DagBag from /opt/homebrew/lib/python3.11/site-packages/airflow/example_dags/example_xcomargs.py
[2023-09-15T16:33:57.049+0800] {processor.py:839} INFO - DAG(s) dict_keys(['example_xcom_args', 'example_xcom_args_with_operators']) retrieved from /opt/homebrew/lib/python3.11/site-packages/airflow/example_dags/example_xcomargs.py
[2023-09-15T16:33:57.143+0800] {logging_mixin.py:151} INFO - [2023-09-15T16:33:57.143+0800] {dag.py:2915} INFO - Sync 2 DAGs
[2023-09-15T16:33:57.148+0800] {logging_mixin.py:151} INFO - [2023-09-15T16:33:57.148+0800] {dag.py:3696} INFO - Setting next_dagrun for example_xcom_args to None, run_after=None
[2023-09-15T16:33:57.149+0800] {logging_mixin.py:151} INFO - [2023-09-15T16:33:57.149+0800] {dag.py:3696} INFO - Setting next_dagrun for example_xcom_args_with_operators to None, run_after=None
[2023-09-15T16:33:57.159+0800] {processor.py:179} INFO - Processing /opt/homebrew/lib/python3.11/site-packages/airflow/example_dags/example_xcomargs.py took 0.143 seconds
[2023-09-15T16:34:50.335+0800] {processor.py:157} INFO - Started process (PID=79913) to work on /opt/homebrew/lib/python3.11/site-packages/airflow/example_dags/example_xcomargs.py
[2023-09-15T16:34:50.335+0800] {processor.py:829} INFO - Processing file /opt/homebrew/lib/python3.11/site-packages/airflow/example_dags/example_xcomargs.py for tasks to queue
[2023-09-15T16:34:50.335+0800] {logging_mixin.py:151} INFO - [2023-09-15T16:34:50.335+0800] {dagbag.py:539} INFO - Filling up the DagBag from /opt/homebrew/lib/python3.11/site-packages/airflow/example_dags/example_xcomargs.py
[2023-09-15T16:34:50.368+0800] {processor.py:839} INFO - DAG(s) dict_keys(['example_xcom_args', 'example_xcom_args_with_operators']) retrieved from /opt/homebrew/lib/python3.11/site-packages/airflow/example_dags/example_xcomargs.py
[2023-09-15T16:34:50.464+0800] {logging_mixin.py:151} INFO - [2023-09-15T16:34:50.464+0800] {dag.py:2915} INFO - Sync 2 DAGs
[2023-09-15T16:34:50.468+0800] {logging_mixin.py:151} INFO - [2023-09-15T16:34:50.468+0800] {dag.py:3696} INFO - Setting next_dagrun for example_xcom_args to None, run_after=None
[2023-09-15T16:34:50.470+0800] {logging_mixin.py:151} INFO - [2023-09-15T16:34:50.470+0800] {dag.py:3696} INFO - Setting next_dagrun for example_xcom_args_with_operators to None, run_after=None
[2023-09-15T16:34:50.479+0800] {processor.py:179} INFO - Processing /opt/homebrew/lib/python3.11/site-packages/airflow/example_dags/example_xcomargs.py took 0.145 seconds
[2023-09-15T16:35:44.531+0800] {processor.py:157} INFO - Started process (PID=80006) to work on /opt/homebrew/lib/python3.11/site-packages/airflow/example_dags/example_xcomargs.py
[2023-09-15T16:35:44.532+0800] {processor.py:829} INFO - Processing file /opt/homebrew/lib/python3.11/site-packages/airflow/example_dags/example_xcomargs.py for tasks to queue
[2023-09-15T16:35:44.532+0800] {logging_mixin.py:151} INFO - [2023-09-15T16:35:44.532+0800] {dagbag.py:539} INFO - Filling up the DagBag from /opt/homebrew/lib/python3.11/site-packages/airflow/example_dags/example_xcomargs.py
[2023-09-15T16:35:44.565+0800] {processor.py:839} INFO - DAG(s) dict_keys(['example_xcom_args', 'example_xcom_args_with_operators']) retrieved from /opt/homebrew/lib/python3.11/site-packages/airflow/example_dags/example_xcomargs.py
[2023-09-15T16:35:44.660+0800] {logging_mixin.py:151} INFO - [2023-09-15T16:35:44.660+0800] {dag.py:2915} INFO - Sync 2 DAGs
[2023-09-15T16:35:44.665+0800] {logging_mixin.py:151} INFO - [2023-09-15T16:35:44.665+0800] {dag.py:3696} INFO - Setting next_dagrun for example_xcom_args to None, run_after=None
[2023-09-15T16:35:44.666+0800] {logging_mixin.py:151} INFO - [2023-09-15T16:35:44.666+0800] {dag.py:3696} INFO - Setting next_dagrun for example_xcom_args_with_operators to None, run_after=None
[2023-09-15T16:35:44.676+0800] {processor.py:179} INFO - Processing /opt/homebrew/lib/python3.11/site-packages/airflow/example_dags/example_xcomargs.py took 0.145 seconds
[2023-09-15T16:36:38.028+0800] {processor.py:157} INFO - Started process (PID=80106) to work on /opt/homebrew/lib/python3.11/site-packages/airflow/example_dags/example_xcomargs.py
[2023-09-15T16:36:38.029+0800] {processor.py:829} INFO - Processing file /opt/homebrew/lib/python3.11/site-packages/airflow/example_dags/example_xcomargs.py for tasks to queue
[2023-09-15T16:36:38.029+0800] {logging_mixin.py:151} INFO - [2023-09-15T16:36:38.029+0800] {dagbag.py:539} INFO - Filling up the DagBag from /opt/homebrew/lib/python3.11/site-packages/airflow/example_dags/example_xcomargs.py
[2023-09-15T16:36:38.061+0800] {processor.py:839} INFO - DAG(s) dict_keys(['example_xcom_args_with_operators', 'example_xcom_args']) retrieved from /opt/homebrew/lib/python3.11/site-packages/airflow/example_dags/example_xcomargs.py
[2023-09-15T16:36:38.156+0800] {logging_mixin.py:151} INFO - [2023-09-15T16:36:38.156+0800] {dag.py:2915} INFO - Sync 2 DAGs
[2023-09-15T16:36:38.161+0800] {logging_mixin.py:151} INFO - [2023-09-15T16:36:38.160+0800] {dag.py:3696} INFO - Setting next_dagrun for example_xcom_args to None, run_after=None
[2023-09-15T16:36:38.162+0800] {logging_mixin.py:151} INFO - [2023-09-15T16:36:38.162+0800] {dag.py:3696} INFO - Setting next_dagrun for example_xcom_args_with_operators to None, run_after=None
[2023-09-15T16:36:38.171+0800] {processor.py:179} INFO - Processing /opt/homebrew/lib/python3.11/site-packages/airflow/example_dags/example_xcomargs.py took 0.143 seconds
[2023-09-15T16:37:32.042+0800] {processor.py:157} INFO - Started process (PID=80200) to work on /opt/homebrew/lib/python3.11/site-packages/airflow/example_dags/example_xcomargs.py
[2023-09-15T16:37:32.042+0800] {processor.py:829} INFO - Processing file /opt/homebrew/lib/python3.11/site-packages/airflow/example_dags/example_xcomargs.py for tasks to queue
[2023-09-15T16:37:32.042+0800] {logging_mixin.py:151} INFO - [2023-09-15T16:37:32.042+0800] {dagbag.py:539} INFO - Filling up the DagBag from /opt/homebrew/lib/python3.11/site-packages/airflow/example_dags/example_xcomargs.py
[2023-09-15T16:37:32.075+0800] {processor.py:839} INFO - DAG(s) dict_keys(['example_xcom_args_with_operators', 'example_xcom_args']) retrieved from /opt/homebrew/lib/python3.11/site-packages/airflow/example_dags/example_xcomargs.py
[2023-09-15T16:37:32.172+0800] {logging_mixin.py:151} INFO - [2023-09-15T16:37:32.172+0800] {dag.py:2915} INFO - Sync 2 DAGs
[2023-09-15T16:37:32.177+0800] {logging_mixin.py:151} INFO - [2023-09-15T16:37:32.177+0800] {dag.py:3696} INFO - Setting next_dagrun for example_xcom_args to None, run_after=None
[2023-09-15T16:37:32.179+0800] {logging_mixin.py:151} INFO - [2023-09-15T16:37:32.179+0800] {dag.py:3696} INFO - Setting next_dagrun for example_xcom_args_with_operators to None, run_after=None
[2023-09-15T16:37:32.188+0800] {processor.py:179} INFO - Processing /opt/homebrew/lib/python3.11/site-packages/airflow/example_dags/example_xcomargs.py took 0.147 seconds
[2023-09-15T16:38:24.281+0800] {processor.py:157} INFO - Started process (PID=80374) to work on /opt/homebrew/lib/python3.11/site-packages/airflow/example_dags/example_xcomargs.py
[2023-09-15T16:38:24.281+0800] {processor.py:829} INFO - Processing file /opt/homebrew/lib/python3.11/site-packages/airflow/example_dags/example_xcomargs.py for tasks to queue
[2023-09-15T16:38:24.281+0800] {logging_mixin.py:151} INFO - [2023-09-15T16:38:24.281+0800] {dagbag.py:539} INFO - Filling up the DagBag from /opt/homebrew/lib/python3.11/site-packages/airflow/example_dags/example_xcomargs.py
[2023-09-15T16:38:24.314+0800] {processor.py:839} INFO - DAG(s) dict_keys(['example_xcom_args_with_operators', 'example_xcom_args']) retrieved from /opt/homebrew/lib/python3.11/site-packages/airflow/example_dags/example_xcomargs.py
[2023-09-15T16:38:24.408+0800] {logging_mixin.py:151} INFO - [2023-09-15T16:38:24.408+0800] {dag.py:2915} INFO - Sync 2 DAGs
[2023-09-15T16:38:24.413+0800] {logging_mixin.py:151} INFO - [2023-09-15T16:38:24.413+0800] {dag.py:3696} INFO - Setting next_dagrun for example_xcom_args to None, run_after=None
[2023-09-15T16:38:24.415+0800] {logging_mixin.py:151} INFO - [2023-09-15T16:38:24.415+0800] {dag.py:3696} INFO - Setting next_dagrun for example_xcom_args_with_operators to None, run_after=None
[2023-09-15T16:38:24.424+0800] {processor.py:179} INFO - Processing /opt/homebrew/lib/python3.11/site-packages/airflow/example_dags/example_xcomargs.py took 0.144 seconds
[2023-09-15T16:39:17.350+0800] {processor.py:157} INFO - Started process (PID=80502) to work on /opt/homebrew/lib/python3.11/site-packages/airflow/example_dags/example_xcomargs.py
[2023-09-15T16:39:17.350+0800] {processor.py:829} INFO - Processing file /opt/homebrew/lib/python3.11/site-packages/airflow/example_dags/example_xcomargs.py for tasks to queue
[2023-09-15T16:39:17.351+0800] {logging_mixin.py:151} INFO - [2023-09-15T16:39:17.350+0800] {dagbag.py:539} INFO - Filling up the DagBag from /opt/homebrew/lib/python3.11/site-packages/airflow/example_dags/example_xcomargs.py
[2023-09-15T16:39:17.383+0800] {processor.py:839} INFO - DAG(s) dict_keys(['example_xcom_args_with_operators', 'example_xcom_args']) retrieved from /opt/homebrew/lib/python3.11/site-packages/airflow/example_dags/example_xcomargs.py
[2023-09-15T16:39:17.477+0800] {logging_mixin.py:151} INFO - [2023-09-15T16:39:17.477+0800] {dag.py:2915} INFO - Sync 2 DAGs
[2023-09-15T16:39:17.482+0800] {logging_mixin.py:151} INFO - [2023-09-15T16:39:17.482+0800] {dag.py:3696} INFO - Setting next_dagrun for example_xcom_args to None, run_after=None
[2023-09-15T16:39:17.484+0800] {logging_mixin.py:151} INFO - [2023-09-15T16:39:17.484+0800] {dag.py:3696} INFO - Setting next_dagrun for example_xcom_args_with_operators to None, run_after=None
[2023-09-15T16:39:17.493+0800] {processor.py:179} INFO - Processing /opt/homebrew/lib/python3.11/site-packages/airflow/example_dags/example_xcomargs.py took 0.143 seconds
[2023-09-15T16:40:12.477+0800] {processor.py:157} INFO - Started process (PID=80626) to work on /opt/homebrew/lib/python3.11/site-packages/airflow/example_dags/example_xcomargs.py
[2023-09-15T16:40:12.477+0800] {processor.py:829} INFO - Processing file /opt/homebrew/lib/python3.11/site-packages/airflow/example_dags/example_xcomargs.py for tasks to queue
[2023-09-15T16:40:12.478+0800] {logging_mixin.py:151} INFO - [2023-09-15T16:40:12.477+0800] {dagbag.py:539} INFO - Filling up the DagBag from /opt/homebrew/lib/python3.11/site-packages/airflow/example_dags/example_xcomargs.py
[2023-09-15T16:40:12.511+0800] {processor.py:839} INFO - DAG(s) dict_keys(['example_xcom_args_with_operators', 'example_xcom_args']) retrieved from /opt/homebrew/lib/python3.11/site-packages/airflow/example_dags/example_xcomargs.py
[2023-09-15T16:40:12.612+0800] {logging_mixin.py:151} INFO - [2023-09-15T16:40:12.612+0800] {dag.py:2915} INFO - Sync 2 DAGs
[2023-09-15T16:40:12.617+0800] {logging_mixin.py:151} INFO - [2023-09-15T16:40:12.617+0800] {dag.py:3696} INFO - Setting next_dagrun for example_xcom_args to None, run_after=None
[2023-09-15T16:40:12.618+0800] {logging_mixin.py:151} INFO - [2023-09-15T16:40:12.618+0800] {dag.py:3696} INFO - Setting next_dagrun for example_xcom_args_with_operators to None, run_after=None
[2023-09-15T16:40:12.628+0800] {processor.py:179} INFO - Processing /opt/homebrew/lib/python3.11/site-packages/airflow/example_dags/example_xcomargs.py took 0.152 seconds
[2023-09-15T16:41:06.599+0800] {processor.py:157} INFO - Started process (PID=80755) to work on /opt/homebrew/lib/python3.11/site-packages/airflow/example_dags/example_xcomargs.py
[2023-09-15T16:41:06.599+0800] {processor.py:829} INFO - Processing file /opt/homebrew/lib/python3.11/site-packages/airflow/example_dags/example_xcomargs.py for tasks to queue
[2023-09-15T16:41:06.600+0800] {logging_mixin.py:151} INFO - [2023-09-15T16:41:06.599+0800] {dagbag.py:539} INFO - Filling up the DagBag from /opt/homebrew/lib/python3.11/site-packages/airflow/example_dags/example_xcomargs.py
[2023-09-15T16:41:06.632+0800] {processor.py:839} INFO - DAG(s) dict_keys(['example_xcom_args', 'example_xcom_args_with_operators']) retrieved from /opt/homebrew/lib/python3.11/site-packages/airflow/example_dags/example_xcomargs.py
[2023-09-15T16:41:06.727+0800] {logging_mixin.py:151} INFO - [2023-09-15T16:41:06.726+0800] {dag.py:2915} INFO - Sync 2 DAGs
[2023-09-15T16:41:06.731+0800] {logging_mixin.py:151} INFO - [2023-09-15T16:41:06.731+0800] {dag.py:3696} INFO - Setting next_dagrun for example_xcom_args to None, run_after=None
[2023-09-15T16:41:06.733+0800] {logging_mixin.py:151} INFO - [2023-09-15T16:41:06.733+0800] {dag.py:3696} INFO - Setting next_dagrun for example_xcom_args_with_operators to None, run_after=None
[2023-09-15T16:41:06.742+0800] {processor.py:179} INFO - Processing /opt/homebrew/lib/python3.11/site-packages/airflow/example_dags/example_xcomargs.py took 0.144 seconds
[2023-09-15T16:42:02.679+0800] {processor.py:157} INFO - Started process (PID=80872) to work on /opt/homebrew/lib/python3.11/site-packages/airflow/example_dags/example_xcomargs.py
[2023-09-15T16:42:02.680+0800] {processor.py:829} INFO - Processing file /opt/homebrew/lib/python3.11/site-packages/airflow/example_dags/example_xcomargs.py for tasks to queue
[2023-09-15T16:42:02.680+0800] {logging_mixin.py:151} INFO - [2023-09-15T16:42:02.680+0800] {dagbag.py:539} INFO - Filling up the DagBag from /opt/homebrew/lib/python3.11/site-packages/airflow/example_dags/example_xcomargs.py
[2023-09-15T16:42:02.712+0800] {processor.py:839} INFO - DAG(s) dict_keys(['example_xcom_args', 'example_xcom_args_with_operators']) retrieved from /opt/homebrew/lib/python3.11/site-packages/airflow/example_dags/example_xcomargs.py
[2023-09-15T16:42:02.810+0800] {logging_mixin.py:151} INFO - [2023-09-15T16:42:02.810+0800] {dag.py:2915} INFO - Sync 2 DAGs
[2023-09-15T16:42:02.815+0800] {logging_mixin.py:151} INFO - [2023-09-15T16:42:02.815+0800] {dag.py:3696} INFO - Setting next_dagrun for example_xcom_args to None, run_after=None
[2023-09-15T16:42:02.817+0800] {logging_mixin.py:151} INFO - [2023-09-15T16:42:02.817+0800] {dag.py:3696} INFO - Setting next_dagrun for example_xcom_args_with_operators to None, run_after=None
[2023-09-15T16:42:02.827+0800] {processor.py:179} INFO - Processing /opt/homebrew/lib/python3.11/site-packages/airflow/example_dags/example_xcomargs.py took 0.148 seconds
[2023-09-15T16:42:55.988+0800] {processor.py:157} INFO - Started process (PID=80992) to work on /opt/homebrew/lib/python3.11/site-packages/airflow/example_dags/example_xcomargs.py
[2023-09-15T16:42:55.988+0800] {processor.py:829} INFO - Processing file /opt/homebrew/lib/python3.11/site-packages/airflow/example_dags/example_xcomargs.py for tasks to queue
[2023-09-15T16:42:55.989+0800] {logging_mixin.py:151} INFO - [2023-09-15T16:42:55.988+0800] {dagbag.py:539} INFO - Filling up the DagBag from /opt/homebrew/lib/python3.11/site-packages/airflow/example_dags/example_xcomargs.py
[2023-09-15T16:42:56.021+0800] {processor.py:839} INFO - DAG(s) dict_keys(['example_xcom_args_with_operators', 'example_xcom_args']) retrieved from /opt/homebrew/lib/python3.11/site-packages/airflow/example_dags/example_xcomargs.py
[2023-09-15T16:42:56.116+0800] {logging_mixin.py:151} INFO - [2023-09-15T16:42:56.116+0800] {dag.py:2915} INFO - Sync 2 DAGs
[2023-09-15T16:42:56.121+0800] {logging_mixin.py:151} INFO - [2023-09-15T16:42:56.121+0800] {dag.py:3696} INFO - Setting next_dagrun for example_xcom_args to None, run_after=None
[2023-09-15T16:42:56.123+0800] {logging_mixin.py:151} INFO - [2023-09-15T16:42:56.123+0800] {dag.py:3696} INFO - Setting next_dagrun for example_xcom_args_with_operators to None, run_after=None
[2023-09-15T16:42:56.133+0800] {processor.py:179} INFO - Processing /opt/homebrew/lib/python3.11/site-packages/airflow/example_dags/example_xcomargs.py took 0.145 seconds
[2023-09-15T16:43:47.439+0800] {processor.py:157} INFO - Started process (PID=81096) to work on /opt/homebrew/lib/python3.11/site-packages/airflow/example_dags/example_xcomargs.py
[2023-09-15T16:43:47.440+0800] {processor.py:829} INFO - Processing file /opt/homebrew/lib/python3.11/site-packages/airflow/example_dags/example_xcomargs.py for tasks to queue
[2023-09-15T16:43:47.440+0800] {logging_mixin.py:151} INFO - [2023-09-15T16:43:47.440+0800] {dagbag.py:539} INFO - Filling up the DagBag from /opt/homebrew/lib/python3.11/site-packages/airflow/example_dags/example_xcomargs.py
[2023-09-15T16:43:47.476+0800] {processor.py:839} INFO - DAG(s) dict_keys(['example_xcom_args', 'example_xcom_args_with_operators']) retrieved from /opt/homebrew/lib/python3.11/site-packages/airflow/example_dags/example_xcomargs.py
[2023-09-15T16:43:47.572+0800] {logging_mixin.py:151} INFO - [2023-09-15T16:43:47.572+0800] {dag.py:2915} INFO - Sync 2 DAGs
[2023-09-15T16:43:47.577+0800] {logging_mixin.py:151} INFO - [2023-09-15T16:43:47.577+0800] {dag.py:3696} INFO - Setting next_dagrun for example_xcom_args to None, run_after=None
[2023-09-15T16:43:47.578+0800] {logging_mixin.py:151} INFO - [2023-09-15T16:43:47.578+0800] {dag.py:3696} INFO - Setting next_dagrun for example_xcom_args_with_operators to None, run_after=None
[2023-09-15T16:43:47.588+0800] {processor.py:179} INFO - Processing /opt/homebrew/lib/python3.11/site-packages/airflow/example_dags/example_xcomargs.py took 0.149 seconds
[2023-09-15T16:44:35.932+0800] {processor.py:157} INFO - Started process (PID=81189) to work on /opt/homebrew/lib/python3.11/site-packages/airflow/example_dags/example_xcomargs.py
[2023-09-15T16:44:35.932+0800] {processor.py:829} INFO - Processing file /opt/homebrew/lib/python3.11/site-packages/airflow/example_dags/example_xcomargs.py for tasks to queue
[2023-09-15T16:44:35.932+0800] {logging_mixin.py:151} INFO - [2023-09-15T16:44:35.932+0800] {dagbag.py:539} INFO - Filling up the DagBag from /opt/homebrew/lib/python3.11/site-packages/airflow/example_dags/example_xcomargs.py
[2023-09-15T16:44:35.965+0800] {processor.py:839} INFO - DAG(s) dict_keys(['example_xcom_args', 'example_xcom_args_with_operators']) retrieved from /opt/homebrew/lib/python3.11/site-packages/airflow/example_dags/example_xcomargs.py
[2023-09-15T16:44:36.059+0800] {logging_mixin.py:151} INFO - [2023-09-15T16:44:36.059+0800] {dag.py:2915} INFO - Sync 2 DAGs
[2023-09-15T16:44:36.064+0800] {logging_mixin.py:151} INFO - [2023-09-15T16:44:36.064+0800] {dag.py:3696} INFO - Setting next_dagrun for example_xcom_args to None, run_after=None
[2023-09-15T16:44:36.066+0800] {logging_mixin.py:151} INFO - [2023-09-15T16:44:36.066+0800] {dag.py:3696} INFO - Setting next_dagrun for example_xcom_args_with_operators to None, run_after=None
[2023-09-15T16:44:36.075+0800] {processor.py:179} INFO - Processing /opt/homebrew/lib/python3.11/site-packages/airflow/example_dags/example_xcomargs.py took 0.144 seconds
[2023-09-15T16:45:29.051+0800] {processor.py:157} INFO - Started process (PID=81279) to work on /opt/homebrew/lib/python3.11/site-packages/airflow/example_dags/example_xcomargs.py
[2023-09-15T16:45:29.052+0800] {processor.py:829} INFO - Processing file /opt/homebrew/lib/python3.11/site-packages/airflow/example_dags/example_xcomargs.py for tasks to queue
[2023-09-15T16:45:29.052+0800] {logging_mixin.py:151} INFO - [2023-09-15T16:45:29.052+0800] {dagbag.py:539} INFO - Filling up the DagBag from /opt/homebrew/lib/python3.11/site-packages/airflow/example_dags/example_xcomargs.py
[2023-09-15T16:45:29.084+0800] {processor.py:839} INFO - DAG(s) dict_keys(['example_xcom_args_with_operators', 'example_xcom_args']) retrieved from /opt/homebrew/lib/python3.11/site-packages/airflow/example_dags/example_xcomargs.py
[2023-09-15T16:45:29.179+0800] {logging_mixin.py:151} INFO - [2023-09-15T16:45:29.178+0800] {dag.py:2915} INFO - Sync 2 DAGs
[2023-09-15T16:45:29.183+0800] {logging_mixin.py:151} INFO - [2023-09-15T16:45:29.183+0800] {dag.py:3696} INFO - Setting next_dagrun for example_xcom_args to None, run_after=None
[2023-09-15T16:45:29.185+0800] {logging_mixin.py:151} INFO - [2023-09-15T16:45:29.185+0800] {dag.py:3696} INFO - Setting next_dagrun for example_xcom_args_with_operators to None, run_after=None
[2023-09-15T16:45:29.194+0800] {processor.py:179} INFO - Processing /opt/homebrew/lib/python3.11/site-packages/airflow/example_dags/example_xcomargs.py took 0.143 seconds
[2023-09-15T16:46:21.868+0800] {processor.py:157} INFO - Started process (PID=81369) to work on /opt/homebrew/lib/python3.11/site-packages/airflow/example_dags/example_xcomargs.py
[2023-09-15T16:46:21.869+0800] {processor.py:829} INFO - Processing file /opt/homebrew/lib/python3.11/site-packages/airflow/example_dags/example_xcomargs.py for tasks to queue
[2023-09-15T16:46:21.869+0800] {logging_mixin.py:151} INFO - [2023-09-15T16:46:21.869+0800] {dagbag.py:539} INFO - Filling up the DagBag from /opt/homebrew/lib/python3.11/site-packages/airflow/example_dags/example_xcomargs.py
[2023-09-15T16:46:21.901+0800] {processor.py:839} INFO - DAG(s) dict_keys(['example_xcom_args_with_operators', 'example_xcom_args']) retrieved from /opt/homebrew/lib/python3.11/site-packages/airflow/example_dags/example_xcomargs.py
[2023-09-15T16:46:21.996+0800] {logging_mixin.py:151} INFO - [2023-09-15T16:46:21.996+0800] {dag.py:2915} INFO - Sync 2 DAGs
[2023-09-15T16:46:22.001+0800] {logging_mixin.py:151} INFO - [2023-09-15T16:46:22.001+0800] {dag.py:3696} INFO - Setting next_dagrun for example_xcom_args to None, run_after=None
[2023-09-15T16:46:22.002+0800] {logging_mixin.py:151} INFO - [2023-09-15T16:46:22.002+0800] {dag.py:3696} INFO - Setting next_dagrun for example_xcom_args_with_operators to None, run_after=None
[2023-09-15T16:46:22.012+0800] {processor.py:179} INFO - Processing /opt/homebrew/lib/python3.11/site-packages/airflow/example_dags/example_xcomargs.py took 0.144 seconds
[2023-09-15T16:47:15.377+0800] {processor.py:157} INFO - Started process (PID=81464) to work on /opt/homebrew/lib/python3.11/site-packages/airflow/example_dags/example_xcomargs.py
[2023-09-15T16:47:15.377+0800] {processor.py:829} INFO - Processing file /opt/homebrew/lib/python3.11/site-packages/airflow/example_dags/example_xcomargs.py for tasks to queue
[2023-09-15T16:47:15.377+0800] {logging_mixin.py:151} INFO - [2023-09-15T16:47:15.377+0800] {dagbag.py:539} INFO - Filling up the DagBag from /opt/homebrew/lib/python3.11/site-packages/airflow/example_dags/example_xcomargs.py
[2023-09-15T16:47:15.410+0800] {processor.py:839} INFO - DAG(s) dict_keys(['example_xcom_args_with_operators', 'example_xcom_args']) retrieved from /opt/homebrew/lib/python3.11/site-packages/airflow/example_dags/example_xcomargs.py
[2023-09-15T16:47:15.505+0800] {logging_mixin.py:151} INFO - [2023-09-15T16:47:15.505+0800] {dag.py:2915} INFO - Sync 2 DAGs
[2023-09-15T16:47:15.510+0800] {logging_mixin.py:151} INFO - [2023-09-15T16:47:15.510+0800] {dag.py:3696} INFO - Setting next_dagrun for example_xcom_args to None, run_after=None
[2023-09-15T16:47:15.511+0800] {logging_mixin.py:151} INFO - [2023-09-15T16:47:15.511+0800] {dag.py:3696} INFO - Setting next_dagrun for example_xcom_args_with_operators to None, run_after=None
[2023-09-15T16:47:15.521+0800] {processor.py:179} INFO - Processing /opt/homebrew/lib/python3.11/site-packages/airflow/example_dags/example_xcomargs.py took 0.145 seconds
[2023-09-15T16:48:07.761+0800] {processor.py:157} INFO - Started process (PID=81558) to work on /opt/homebrew/lib/python3.11/site-packages/airflow/example_dags/example_xcomargs.py
[2023-09-15T16:48:07.761+0800] {processor.py:829} INFO - Processing file /opt/homebrew/lib/python3.11/site-packages/airflow/example_dags/example_xcomargs.py for tasks to queue
[2023-09-15T16:48:07.762+0800] {logging_mixin.py:151} INFO - [2023-09-15T16:48:07.761+0800] {dagbag.py:539} INFO - Filling up the DagBag from /opt/homebrew/lib/python3.11/site-packages/airflow/example_dags/example_xcomargs.py
[2023-09-15T16:48:07.794+0800] {processor.py:839} INFO - DAG(s) dict_keys(['example_xcom_args_with_operators', 'example_xcom_args']) retrieved from /opt/homebrew/lib/python3.11/site-packages/airflow/example_dags/example_xcomargs.py
[2023-09-15T16:48:07.889+0800] {logging_mixin.py:151} INFO - [2023-09-15T16:48:07.889+0800] {dag.py:2915} INFO - Sync 2 DAGs
[2023-09-15T16:48:07.894+0800] {logging_mixin.py:151} INFO - [2023-09-15T16:48:07.894+0800] {dag.py:3696} INFO - Setting next_dagrun for example_xcom_args to None, run_after=None
[2023-09-15T16:48:07.896+0800] {logging_mixin.py:151} INFO - [2023-09-15T16:48:07.895+0800] {dag.py:3696} INFO - Setting next_dagrun for example_xcom_args_with_operators to None, run_after=None
[2023-09-15T16:48:07.905+0800] {processor.py:179} INFO - Processing /opt/homebrew/lib/python3.11/site-packages/airflow/example_dags/example_xcomargs.py took 0.144 seconds
[2023-09-15T16:49:01.021+0800] {processor.py:157} INFO - Started process (PID=81655) to work on /opt/homebrew/lib/python3.11/site-packages/airflow/example_dags/example_xcomargs.py
[2023-09-15T16:49:01.021+0800] {processor.py:829} INFO - Processing file /opt/homebrew/lib/python3.11/site-packages/airflow/example_dags/example_xcomargs.py for tasks to queue
[2023-09-15T16:49:01.022+0800] {logging_mixin.py:151} INFO - [2023-09-15T16:49:01.022+0800] {dagbag.py:539} INFO - Filling up the DagBag from /opt/homebrew/lib/python3.11/site-packages/airflow/example_dags/example_xcomargs.py
[2023-09-15T16:49:01.054+0800] {processor.py:839} INFO - DAG(s) dict_keys(['example_xcom_args_with_operators', 'example_xcom_args']) retrieved from /opt/homebrew/lib/python3.11/site-packages/airflow/example_dags/example_xcomargs.py
[2023-09-15T16:49:01.148+0800] {logging_mixin.py:151} INFO - [2023-09-15T16:49:01.148+0800] {dag.py:2915} INFO - Sync 2 DAGs
[2023-09-15T16:49:01.153+0800] {logging_mixin.py:151} INFO - [2023-09-15T16:49:01.152+0800] {dag.py:3696} INFO - Setting next_dagrun for example_xcom_args to None, run_after=None
[2023-09-15T16:49:01.154+0800] {logging_mixin.py:151} INFO - [2023-09-15T16:49:01.154+0800] {dag.py:3696} INFO - Setting next_dagrun for example_xcom_args_with_operators to None, run_after=None
[2023-09-15T16:49:01.163+0800] {processor.py:179} INFO - Processing /opt/homebrew/lib/python3.11/site-packages/airflow/example_dags/example_xcomargs.py took 0.143 seconds
[2023-09-15T16:49:53.127+0800] {processor.py:157} INFO - Started process (PID=81748) to work on /opt/homebrew/lib/python3.11/site-packages/airflow/example_dags/example_xcomargs.py
[2023-09-15T16:49:53.128+0800] {processor.py:829} INFO - Processing file /opt/homebrew/lib/python3.11/site-packages/airflow/example_dags/example_xcomargs.py for tasks to queue
[2023-09-15T16:49:53.128+0800] {logging_mixin.py:151} INFO - [2023-09-15T16:49:53.128+0800] {dagbag.py:539} INFO - Filling up the DagBag from /opt/homebrew/lib/python3.11/site-packages/airflow/example_dags/example_xcomargs.py
[2023-09-15T16:49:53.160+0800] {processor.py:839} INFO - DAG(s) dict_keys(['example_xcom_args_with_operators', 'example_xcom_args']) retrieved from /opt/homebrew/lib/python3.11/site-packages/airflow/example_dags/example_xcomargs.py
[2023-09-15T16:49:53.254+0800] {logging_mixin.py:151} INFO - [2023-09-15T16:49:53.254+0800] {dag.py:2915} INFO - Sync 2 DAGs
[2023-09-15T16:49:53.259+0800] {logging_mixin.py:151} INFO - [2023-09-15T16:49:53.259+0800] {dag.py:3696} INFO - Setting next_dagrun for example_xcom_args to None, run_after=None
[2023-09-15T16:49:53.261+0800] {logging_mixin.py:151} INFO - [2023-09-15T16:49:53.261+0800] {dag.py:3696} INFO - Setting next_dagrun for example_xcom_args_with_operators to None, run_after=None
[2023-09-15T16:49:53.270+0800] {processor.py:179} INFO - Processing /opt/homebrew/lib/python3.11/site-packages/airflow/example_dags/example_xcomargs.py took 0.143 seconds
[2023-09-15T16:50:45.477+0800] {processor.py:157} INFO - Started process (PID=81846) to work on /opt/homebrew/lib/python3.11/site-packages/airflow/example_dags/example_xcomargs.py
[2023-09-15T16:50:45.477+0800] {processor.py:829} INFO - Processing file /opt/homebrew/lib/python3.11/site-packages/airflow/example_dags/example_xcomargs.py for tasks to queue
[2023-09-15T16:50:45.477+0800] {logging_mixin.py:151} INFO - [2023-09-15T16:50:45.477+0800] {dagbag.py:539} INFO - Filling up the DagBag from /opt/homebrew/lib/python3.11/site-packages/airflow/example_dags/example_xcomargs.py
[2023-09-15T16:50:45.509+0800] {processor.py:839} INFO - DAG(s) dict_keys(['example_xcom_args', 'example_xcom_args_with_operators']) retrieved from /opt/homebrew/lib/python3.11/site-packages/airflow/example_dags/example_xcomargs.py
[2023-09-15T16:50:45.603+0800] {logging_mixin.py:151} INFO - [2023-09-15T16:50:45.603+0800] {dag.py:2915} INFO - Sync 2 DAGs
[2023-09-15T16:50:45.608+0800] {logging_mixin.py:151} INFO - [2023-09-15T16:50:45.608+0800] {dag.py:3696} INFO - Setting next_dagrun for example_xcom_args to None, run_after=None
[2023-09-15T16:50:45.610+0800] {logging_mixin.py:151} INFO - [2023-09-15T16:50:45.610+0800] {dag.py:3696} INFO - Setting next_dagrun for example_xcom_args_with_operators to None, run_after=None
[2023-09-15T16:50:45.619+0800] {processor.py:179} INFO - Processing /opt/homebrew/lib/python3.11/site-packages/airflow/example_dags/example_xcomargs.py took 0.143 seconds
[2023-09-15T16:51:37.381+0800] {processor.py:157} INFO - Started process (PID=81937) to work on /opt/homebrew/lib/python3.11/site-packages/airflow/example_dags/example_xcomargs.py
[2023-09-15T16:51:37.382+0800] {processor.py:829} INFO - Processing file /opt/homebrew/lib/python3.11/site-packages/airflow/example_dags/example_xcomargs.py for tasks to queue
[2023-09-15T16:51:37.382+0800] {logging_mixin.py:151} INFO - [2023-09-15T16:51:37.382+0800] {dagbag.py:539} INFO - Filling up the DagBag from /opt/homebrew/lib/python3.11/site-packages/airflow/example_dags/example_xcomargs.py
[2023-09-15T16:51:37.414+0800] {processor.py:839} INFO - DAG(s) dict_keys(['example_xcom_args', 'example_xcom_args_with_operators']) retrieved from /opt/homebrew/lib/python3.11/site-packages/airflow/example_dags/example_xcomargs.py
[2023-09-15T16:51:37.509+0800] {logging_mixin.py:151} INFO - [2023-09-15T16:51:37.509+0800] {dag.py:2915} INFO - Sync 2 DAGs
[2023-09-15T16:51:37.514+0800] {logging_mixin.py:151} INFO - [2023-09-15T16:51:37.514+0800] {dag.py:3696} INFO - Setting next_dagrun for example_xcom_args to None, run_after=None
[2023-09-15T16:51:37.515+0800] {logging_mixin.py:151} INFO - [2023-09-15T16:51:37.515+0800] {dag.py:3696} INFO - Setting next_dagrun for example_xcom_args_with_operators to None, run_after=None
[2023-09-15T16:51:37.524+0800] {processor.py:179} INFO - Processing /opt/homebrew/lib/python3.11/site-packages/airflow/example_dags/example_xcomargs.py took 0.143 seconds
[2023-09-15T16:52:28.885+0800] {processor.py:157} INFO - Started process (PID=82028) to work on /opt/homebrew/lib/python3.11/site-packages/airflow/example_dags/example_xcomargs.py
[2023-09-15T16:52:28.885+0800] {processor.py:829} INFO - Processing file /opt/homebrew/lib/python3.11/site-packages/airflow/example_dags/example_xcomargs.py for tasks to queue
[2023-09-15T16:52:28.886+0800] {logging_mixin.py:151} INFO - [2023-09-15T16:52:28.885+0800] {dagbag.py:539} INFO - Filling up the DagBag from /opt/homebrew/lib/python3.11/site-packages/airflow/example_dags/example_xcomargs.py
[2023-09-15T16:52:28.918+0800] {processor.py:839} INFO - DAG(s) dict_keys(['example_xcom_args', 'example_xcom_args_with_operators']) retrieved from /opt/homebrew/lib/python3.11/site-packages/airflow/example_dags/example_xcomargs.py
[2023-09-15T16:52:29.012+0800] {logging_mixin.py:151} INFO - [2023-09-15T16:52:29.012+0800] {dag.py:2915} INFO - Sync 2 DAGs
[2023-09-15T16:52:29.017+0800] {logging_mixin.py:151} INFO - [2023-09-15T16:52:29.017+0800] {dag.py:3696} INFO - Setting next_dagrun for example_xcom_args to None, run_after=None
[2023-09-15T16:52:29.018+0800] {logging_mixin.py:151} INFO - [2023-09-15T16:52:29.018+0800] {dag.py:3696} INFO - Setting next_dagrun for example_xcom_args_with_operators to None, run_after=None
[2023-09-15T16:52:29.027+0800] {processor.py:179} INFO - Processing /opt/homebrew/lib/python3.11/site-packages/airflow/example_dags/example_xcomargs.py took 0.143 seconds
[2023-09-15T16:53:21.126+0800] {processor.py:157} INFO - Started process (PID=82118) to work on /opt/homebrew/lib/python3.11/site-packages/airflow/example_dags/example_xcomargs.py
[2023-09-15T16:53:21.126+0800] {processor.py:829} INFO - Processing file /opt/homebrew/lib/python3.11/site-packages/airflow/example_dags/example_xcomargs.py for tasks to queue
[2023-09-15T16:53:21.127+0800] {logging_mixin.py:151} INFO - [2023-09-15T16:53:21.127+0800] {dagbag.py:539} INFO - Filling up the DagBag from /opt/homebrew/lib/python3.11/site-packages/airflow/example_dags/example_xcomargs.py
[2023-09-15T16:53:21.159+0800] {processor.py:839} INFO - DAG(s) dict_keys(['example_xcom_args_with_operators', 'example_xcom_args']) retrieved from /opt/homebrew/lib/python3.11/site-packages/airflow/example_dags/example_xcomargs.py
[2023-09-15T16:53:21.253+0800] {logging_mixin.py:151} INFO - [2023-09-15T16:53:21.253+0800] {dag.py:2915} INFO - Sync 2 DAGs
[2023-09-15T16:53:21.258+0800] {logging_mixin.py:151} INFO - [2023-09-15T16:53:21.258+0800] {dag.py:3696} INFO - Setting next_dagrun for example_xcom_args to None, run_after=None
[2023-09-15T16:53:21.260+0800] {logging_mixin.py:151} INFO - [2023-09-15T16:53:21.259+0800] {dag.py:3696} INFO - Setting next_dagrun for example_xcom_args_with_operators to None, run_after=None
[2023-09-15T16:53:21.269+0800] {processor.py:179} INFO - Processing /opt/homebrew/lib/python3.11/site-packages/airflow/example_dags/example_xcomargs.py took 0.143 seconds
[2023-09-15T16:54:15.617+0800] {processor.py:157} INFO - Started process (PID=82430) to work on /opt/homebrew/lib/python3.11/site-packages/airflow/example_dags/example_xcomargs.py
[2023-09-15T16:54:15.618+0800] {processor.py:829} INFO - Processing file /opt/homebrew/lib/python3.11/site-packages/airflow/example_dags/example_xcomargs.py for tasks to queue
[2023-09-15T16:54:15.618+0800] {logging_mixin.py:151} INFO - [2023-09-15T16:54:15.618+0800] {dagbag.py:539} INFO - Filling up the DagBag from /opt/homebrew/lib/python3.11/site-packages/airflow/example_dags/example_xcomargs.py
[2023-09-15T16:54:15.650+0800] {processor.py:839} INFO - DAG(s) dict_keys(['example_xcom_args_with_operators', 'example_xcom_args']) retrieved from /opt/homebrew/lib/python3.11/site-packages/airflow/example_dags/example_xcomargs.py
[2023-09-15T16:54:15.744+0800] {logging_mixin.py:151} INFO - [2023-09-15T16:54:15.743+0800] {dag.py:2915} INFO - Sync 2 DAGs
[2023-09-15T16:54:15.748+0800] {logging_mixin.py:151} INFO - [2023-09-15T16:54:15.748+0800] {dag.py:3696} INFO - Setting next_dagrun for example_xcom_args to None, run_after=None
[2023-09-15T16:54:15.750+0800] {logging_mixin.py:151} INFO - [2023-09-15T16:54:15.750+0800] {dag.py:3696} INFO - Setting next_dagrun for example_xcom_args_with_operators to None, run_after=None
[2023-09-15T16:54:15.759+0800] {processor.py:179} INFO - Processing /opt/homebrew/lib/python3.11/site-packages/airflow/example_dags/example_xcomargs.py took 0.143 seconds
[2023-09-15T16:55:09.786+0800] {processor.py:157} INFO - Started process (PID=82543) to work on /opt/homebrew/lib/python3.11/site-packages/airflow/example_dags/example_xcomargs.py
[2023-09-15T16:55:09.786+0800] {processor.py:829} INFO - Processing file /opt/homebrew/lib/python3.11/site-packages/airflow/example_dags/example_xcomargs.py for tasks to queue
[2023-09-15T16:55:09.786+0800] {logging_mixin.py:151} INFO - [2023-09-15T16:55:09.786+0800] {dagbag.py:539} INFO - Filling up the DagBag from /opt/homebrew/lib/python3.11/site-packages/airflow/example_dags/example_xcomargs.py
[2023-09-15T16:55:09.818+0800] {processor.py:839} INFO - DAG(s) dict_keys(['example_xcom_args_with_operators', 'example_xcom_args']) retrieved from /opt/homebrew/lib/python3.11/site-packages/airflow/example_dags/example_xcomargs.py
[2023-09-15T16:55:09.912+0800] {logging_mixin.py:151} INFO - [2023-09-15T16:55:09.912+0800] {dag.py:2915} INFO - Sync 2 DAGs
[2023-09-15T16:55:09.917+0800] {logging_mixin.py:151} INFO - [2023-09-15T16:55:09.917+0800] {dag.py:3696} INFO - Setting next_dagrun for example_xcom_args to None, run_after=None
[2023-09-15T16:55:09.919+0800] {logging_mixin.py:151} INFO - [2023-09-15T16:55:09.919+0800] {dag.py:3696} INFO - Setting next_dagrun for example_xcom_args_with_operators to None, run_after=None
[2023-09-15T16:55:09.927+0800] {processor.py:179} INFO - Processing /opt/homebrew/lib/python3.11/site-packages/airflow/example_dags/example_xcomargs.py took 0.142 seconds
[2023-09-15T17:47:55.876+0800] {processor.py:157} INFO - Started process (PID=82662) to work on /opt/homebrew/lib/python3.11/site-packages/airflow/example_dags/example_xcomargs.py
[2023-09-15T17:47:55.877+0800] {processor.py:829} INFO - Processing file /opt/homebrew/lib/python3.11/site-packages/airflow/example_dags/example_xcomargs.py for tasks to queue
[2023-09-15T17:47:55.877+0800] {logging_mixin.py:151} INFO - [2023-09-15T17:47:55.877+0800] {dagbag.py:539} INFO - Filling up the DagBag from /opt/homebrew/lib/python3.11/site-packages/airflow/example_dags/example_xcomargs.py
[2023-09-15T17:47:55.917+0800] {processor.py:839} INFO - DAG(s) dict_keys(['example_xcom_args_with_operators', 'example_xcom_args']) retrieved from /opt/homebrew/lib/python3.11/site-packages/airflow/example_dags/example_xcomargs.py
[2023-09-15T17:47:56.033+0800] {logging_mixin.py:151} INFO - [2023-09-15T17:47:56.033+0800] {dag.py:2915} INFO - Sync 2 DAGs
[2023-09-15T17:47:56.038+0800] {logging_mixin.py:151} INFO - [2023-09-15T17:47:56.038+0800] {dag.py:3696} INFO - Setting next_dagrun for example_xcom_args to None, run_after=None
[2023-09-15T17:47:56.040+0800] {logging_mixin.py:151} INFO - [2023-09-15T17:47:56.040+0800] {dag.py:3696} INFO - Setting next_dagrun for example_xcom_args_with_operators to None, run_after=None
[2023-09-15T17:47:56.051+0800] {processor.py:179} INFO - Processing /opt/homebrew/lib/python3.11/site-packages/airflow/example_dags/example_xcomargs.py took 0.175 seconds
[2023-09-15T20:01:58.024+0800] {processor.py:157} INFO - Started process (PID=82881) to work on /opt/homebrew/lib/python3.11/site-packages/airflow/example_dags/example_xcomargs.py
[2023-09-15T20:01:58.024+0800] {processor.py:829} INFO - Processing file /opt/homebrew/lib/python3.11/site-packages/airflow/example_dags/example_xcomargs.py for tasks to queue
[2023-09-15T20:01:58.024+0800] {logging_mixin.py:151} INFO - [2023-09-15T20:01:58.024+0800] {dagbag.py:539} INFO - Filling up the DagBag from /opt/homebrew/lib/python3.11/site-packages/airflow/example_dags/example_xcomargs.py
[2023-09-15T20:01:58.056+0800] {processor.py:839} INFO - DAG(s) dict_keys(['example_xcom_args_with_operators', 'example_xcom_args']) retrieved from /opt/homebrew/lib/python3.11/site-packages/airflow/example_dags/example_xcomargs.py
[2023-09-15T20:01:58.151+0800] {logging_mixin.py:151} INFO - [2023-09-15T20:01:58.151+0800] {dag.py:2915} INFO - Sync 2 DAGs
[2023-09-15T20:01:58.156+0800] {logging_mixin.py:151} INFO - [2023-09-15T20:01:58.156+0800] {dag.py:3696} INFO - Setting next_dagrun for example_xcom_args to None, run_after=None
[2023-09-15T20:01:58.158+0800] {logging_mixin.py:151} INFO - [2023-09-15T20:01:58.158+0800] {dag.py:3696} INFO - Setting next_dagrun for example_xcom_args_with_operators to None, run_after=None
[2023-09-15T20:01:58.167+0800] {processor.py:179} INFO - Processing /opt/homebrew/lib/python3.11/site-packages/airflow/example_dags/example_xcomargs.py took 0.144 seconds
[2023-09-15T23:09:04.663+0800] {processor.py:157} INFO - Started process (PID=83252) to work on /opt/homebrew/lib/python3.11/site-packages/airflow/example_dags/example_xcomargs.py
[2023-09-15T23:09:04.664+0800] {processor.py:829} INFO - Processing file /opt/homebrew/lib/python3.11/site-packages/airflow/example_dags/example_xcomargs.py for tasks to queue
[2023-09-15T23:09:04.664+0800] {logging_mixin.py:151} INFO - [2023-09-15T23:09:04.664+0800] {dagbag.py:539} INFO - Filling up the DagBag from /opt/homebrew/lib/python3.11/site-packages/airflow/example_dags/example_xcomargs.py
[2023-09-15T23:09:04.697+0800] {processor.py:839} INFO - DAG(s) dict_keys(['example_xcom_args_with_operators', 'example_xcom_args']) retrieved from /opt/homebrew/lib/python3.11/site-packages/airflow/example_dags/example_xcomargs.py
[2023-09-15T23:09:04.791+0800] {logging_mixin.py:151} INFO - [2023-09-15T23:09:04.791+0800] {dag.py:2915} INFO - Sync 2 DAGs
[2023-09-15T23:09:04.796+0800] {logging_mixin.py:151} INFO - [2023-09-15T23:09:04.796+0800] {dag.py:3696} INFO - Setting next_dagrun for example_xcom_args to None, run_after=None
[2023-09-15T23:09:04.797+0800] {logging_mixin.py:151} INFO - [2023-09-15T23:09:04.797+0800] {dag.py:3696} INFO - Setting next_dagrun for example_xcom_args_with_operators to None, run_after=None
[2023-09-15T23:09:04.807+0800] {processor.py:179} INFO - Processing /opt/homebrew/lib/python3.11/site-packages/airflow/example_dags/example_xcomargs.py took 0.144 seconds
[2023-09-16T02:47:01.308+0800] {processor.py:157} INFO - Started process (PID=83618) to work on /opt/homebrew/lib/python3.11/site-packages/airflow/example_dags/example_xcomargs.py
[2023-09-16T02:47:01.308+0800] {processor.py:829} INFO - Processing file /opt/homebrew/lib/python3.11/site-packages/airflow/example_dags/example_xcomargs.py for tasks to queue
[2023-09-16T02:47:01.309+0800] {logging_mixin.py:151} INFO - [2023-09-16T02:47:01.309+0800] {dagbag.py:539} INFO - Filling up the DagBag from /opt/homebrew/lib/python3.11/site-packages/airflow/example_dags/example_xcomargs.py
[2023-09-16T02:47:01.341+0800] {processor.py:839} INFO - DAG(s) dict_keys(['example_xcom_args', 'example_xcom_args_with_operators']) retrieved from /opt/homebrew/lib/python3.11/site-packages/airflow/example_dags/example_xcomargs.py
[2023-09-16T02:47:01.436+0800] {logging_mixin.py:151} INFO - [2023-09-16T02:47:01.436+0800] {dag.py:2915} INFO - Sync 2 DAGs
[2023-09-16T02:47:01.441+0800] {logging_mixin.py:151} INFO - [2023-09-16T02:47:01.441+0800] {dag.py:3696} INFO - Setting next_dagrun for example_xcom_args to None, run_after=None
[2023-09-16T02:47:01.442+0800] {logging_mixin.py:151} INFO - [2023-09-16T02:47:01.442+0800] {dag.py:3696} INFO - Setting next_dagrun for example_xcom_args_with_operators to None, run_after=None
[2023-09-16T02:47:01.452+0800] {processor.py:179} INFO - Processing /opt/homebrew/lib/python3.11/site-packages/airflow/example_dags/example_xcomargs.py took 0.144 seconds
[2023-09-16T06:04:49.534+0800] {processor.py:157} INFO - Started process (PID=83913) to work on /opt/homebrew/lib/python3.11/site-packages/airflow/example_dags/example_xcomargs.py
[2023-09-16T06:04:49.535+0800] {processor.py:829} INFO - Processing file /opt/homebrew/lib/python3.11/site-packages/airflow/example_dags/example_xcomargs.py for tasks to queue
[2023-09-16T06:04:49.535+0800] {logging_mixin.py:151} INFO - [2023-09-16T06:04:49.535+0800] {dagbag.py:539} INFO - Filling up the DagBag from /opt/homebrew/lib/python3.11/site-packages/airflow/example_dags/example_xcomargs.py
[2023-09-16T06:04:49.582+0800] {processor.py:839} INFO - DAG(s) dict_keys(['example_xcom_args_with_operators', 'example_xcom_args']) retrieved from /opt/homebrew/lib/python3.11/site-packages/airflow/example_dags/example_xcomargs.py
[2023-09-16T06:04:49.726+0800] {logging_mixin.py:151} INFO - [2023-09-16T06:04:49.726+0800] {dag.py:2915} INFO - Sync 2 DAGs
[2023-09-16T06:04:49.735+0800] {logging_mixin.py:151} INFO - [2023-09-16T06:04:49.735+0800] {dag.py:3696} INFO - Setting next_dagrun for example_xcom_args to None, run_after=None
[2023-09-16T06:04:49.738+0800] {logging_mixin.py:151} INFO - [2023-09-16T06:04:49.738+0800] {dag.py:3696} INFO - Setting next_dagrun for example_xcom_args_with_operators to None, run_after=None
[2023-09-16T06:04:49.752+0800] {processor.py:179} INFO - Processing /opt/homebrew/lib/python3.11/site-packages/airflow/example_dags/example_xcomargs.py took 0.219 seconds
