[2023-09-15T10:58:07.570+0800] {processor.py:157} INFO - Started process (PID=75928) to work on /opt/homebrew/lib/python3.11/site-packages/airflow/example_dags/example_bash_operator.py
[2023-09-15T10:58:07.570+0800] {processor.py:829} INFO - Processing file /opt/homebrew/lib/python3.11/site-packages/airflow/example_dags/example_bash_operator.py for tasks to queue
[2023-09-15T10:58:07.571+0800] {logging_mixin.py:151} INFO - [2023-09-15T10:58:07.571+0800] {dagbag.py:539} INFO - Filling up the DagBag from /opt/homebrew/lib/python3.11/site-packages/airflow/example_dags/example_bash_operator.py
[2023-09-15T10:58:07.612+0800] {processor.py:839} INFO - DAG(s) dict_keys(['example_bash_operator']) retrieved from /opt/homebrew/lib/python3.11/site-packages/airflow/example_dags/example_bash_operator.py
[2023-09-15T10:58:07.688+0800] {logging_mixin.py:151} INFO - [2023-09-15T10:58:07.688+0800] {dag.py:2915} INFO - Sync 1 DAGs
[2023-09-15T10:58:07.697+0800] {logging_mixin.py:151} INFO - [2023-09-15T10:58:07.697+0800] {dag.py:3696} INFO - Setting next_dagrun for example_bash_operator to 2023-09-14T00:00:00+00:00, run_after=2023-09-15T00:00:00+00:00
[2023-09-15T10:58:07.708+0800] {processor.py:179} INFO - Processing /opt/homebrew/lib/python3.11/site-packages/airflow/example_dags/example_bash_operator.py took 0.139 seconds
[2023-09-15T16:05:50.418+0800] {processor.py:157} INFO - Started process (PID=76483) to work on /opt/homebrew/lib/python3.11/site-packages/airflow/example_dags/example_bash_operator.py
[2023-09-15T16:05:50.419+0800] {processor.py:829} INFO - Processing file /opt/homebrew/lib/python3.11/site-packages/airflow/example_dags/example_bash_operator.py for tasks to queue
[2023-09-15T16:05:50.419+0800] {logging_mixin.py:151} INFO - [2023-09-15T16:05:50.419+0800] {dagbag.py:539} INFO - Filling up the DagBag from /opt/homebrew/lib/python3.11/site-packages/airflow/example_dags/example_bash_operator.py
[2023-09-15T16:05:50.461+0800] {processor.py:839} INFO - DAG(s) dict_keys(['example_bash_operator']) retrieved from /opt/homebrew/lib/python3.11/site-packages/airflow/example_dags/example_bash_operator.py
[2023-09-15T16:05:50.537+0800] {logging_mixin.py:151} INFO - [2023-09-15T16:05:50.537+0800] {dag.py:2915} INFO - Sync 1 DAGs
[2023-09-15T16:05:50.546+0800] {logging_mixin.py:151} INFO - [2023-09-15T16:05:50.546+0800] {dag.py:3696} INFO - Setting next_dagrun for example_bash_operator to 2023-09-14T00:00:00+00:00, run_after=2023-09-15T00:00:00+00:00
[2023-09-15T16:05:50.557+0800] {processor.py:179} INFO - Processing /opt/homebrew/lib/python3.11/site-packages/airflow/example_dags/example_bash_operator.py took 0.139 seconds
[2023-09-15T16:07:38.383+0800] {processor.py:157} INFO - Started process (PID=76716) to work on /opt/homebrew/lib/python3.11/site-packages/airflow/example_dags/example_bash_operator.py
[2023-09-15T16:07:38.384+0800] {processor.py:829} INFO - Processing file /opt/homebrew/lib/python3.11/site-packages/airflow/example_dags/example_bash_operator.py for tasks to queue
[2023-09-15T16:07:38.384+0800] {logging_mixin.py:151} INFO - [2023-09-15T16:07:38.384+0800] {dagbag.py:539} INFO - Filling up the DagBag from /opt/homebrew/lib/python3.11/site-packages/airflow/example_dags/example_bash_operator.py
[2023-09-15T16:07:38.425+0800] {processor.py:839} INFO - DAG(s) dict_keys(['example_bash_operator']) retrieved from /opt/homebrew/lib/python3.11/site-packages/airflow/example_dags/example_bash_operator.py
[2023-09-15T16:07:38.500+0800] {logging_mixin.py:151} INFO - [2023-09-15T16:07:38.500+0800] {dag.py:2915} INFO - Sync 1 DAGs
[2023-09-15T16:07:38.509+0800] {logging_mixin.py:151} INFO - [2023-09-15T16:07:38.509+0800] {dag.py:3696} INFO - Setting next_dagrun for example_bash_operator to 2023-09-14T00:00:00+00:00, run_after=2023-09-15T00:00:00+00:00
[2023-09-15T16:07:38.521+0800] {processor.py:179} INFO - Processing /opt/homebrew/lib/python3.11/site-packages/airflow/example_dags/example_bash_operator.py took 0.139 seconds
[2023-09-15T16:09:21.720+0800] {processor.py:157} INFO - Started process (PID=76922) to work on /opt/homebrew/lib/python3.11/site-packages/airflow/example_dags/example_bash_operator.py
[2023-09-15T16:09:21.721+0800] {processor.py:829} INFO - Processing file /opt/homebrew/lib/python3.11/site-packages/airflow/example_dags/example_bash_operator.py for tasks to queue
[2023-09-15T16:09:21.721+0800] {logging_mixin.py:151} INFO - [2023-09-15T16:09:21.721+0800] {dagbag.py:539} INFO - Filling up the DagBag from /opt/homebrew/lib/python3.11/site-packages/airflow/example_dags/example_bash_operator.py
[2023-09-15T16:09:21.762+0800] {processor.py:839} INFO - DAG(s) dict_keys(['example_bash_operator']) retrieved from /opt/homebrew/lib/python3.11/site-packages/airflow/example_dags/example_bash_operator.py
[2023-09-15T16:09:21.838+0800] {logging_mixin.py:151} INFO - [2023-09-15T16:09:21.838+0800] {dag.py:2915} INFO - Sync 1 DAGs
[2023-09-15T16:09:21.847+0800] {logging_mixin.py:151} INFO - [2023-09-15T16:09:21.847+0800] {dag.py:3696} INFO - Setting next_dagrun for example_bash_operator to 2023-09-14T00:00:00+00:00, run_after=2023-09-15T00:00:00+00:00
[2023-09-15T16:09:21.857+0800] {processor.py:179} INFO - Processing /opt/homebrew/lib/python3.11/site-packages/airflow/example_dags/example_bash_operator.py took 0.138 seconds
[2023-09-15T16:11:05.206+0800] {processor.py:157} INFO - Started process (PID=77110) to work on /opt/homebrew/lib/python3.11/site-packages/airflow/example_dags/example_bash_operator.py
[2023-09-15T16:11:05.207+0800] {processor.py:829} INFO - Processing file /opt/homebrew/lib/python3.11/site-packages/airflow/example_dags/example_bash_operator.py for tasks to queue
[2023-09-15T16:11:05.207+0800] {logging_mixin.py:151} INFO - [2023-09-15T16:11:05.207+0800] {dagbag.py:539} INFO - Filling up the DagBag from /opt/homebrew/lib/python3.11/site-packages/airflow/example_dags/example_bash_operator.py
[2023-09-15T16:11:05.248+0800] {processor.py:839} INFO - DAG(s) dict_keys(['example_bash_operator']) retrieved from /opt/homebrew/lib/python3.11/site-packages/airflow/example_dags/example_bash_operator.py
[2023-09-15T16:11:05.324+0800] {logging_mixin.py:151} INFO - [2023-09-15T16:11:05.324+0800] {dag.py:2915} INFO - Sync 1 DAGs
[2023-09-15T16:11:05.333+0800] {logging_mixin.py:151} INFO - [2023-09-15T16:11:05.333+0800] {dag.py:3696} INFO - Setting next_dagrun for example_bash_operator to 2023-09-14T00:00:00+00:00, run_after=2023-09-15T00:00:00+00:00
[2023-09-15T16:11:05.344+0800] {processor.py:179} INFO - Processing /opt/homebrew/lib/python3.11/site-packages/airflow/example_dags/example_bash_operator.py took 0.138 seconds
[2023-09-15T16:12:51.470+0800] {processor.py:157} INFO - Started process (PID=77310) to work on /opt/homebrew/lib/python3.11/site-packages/airflow/example_dags/example_bash_operator.py
[2023-09-15T16:12:51.471+0800] {processor.py:829} INFO - Processing file /opt/homebrew/lib/python3.11/site-packages/airflow/example_dags/example_bash_operator.py for tasks to queue
[2023-09-15T16:12:51.471+0800] {logging_mixin.py:151} INFO - [2023-09-15T16:12:51.471+0800] {dagbag.py:539} INFO - Filling up the DagBag from /opt/homebrew/lib/python3.11/site-packages/airflow/example_dags/example_bash_operator.py
[2023-09-15T16:12:51.512+0800] {processor.py:839} INFO - DAG(s) dict_keys(['example_bash_operator']) retrieved from /opt/homebrew/lib/python3.11/site-packages/airflow/example_dags/example_bash_operator.py
[2023-09-15T16:12:51.589+0800] {logging_mixin.py:151} INFO - [2023-09-15T16:12:51.589+0800] {dag.py:2915} INFO - Sync 1 DAGs
[2023-09-15T16:12:51.598+0800] {logging_mixin.py:151} INFO - [2023-09-15T16:12:51.598+0800] {dag.py:3696} INFO - Setting next_dagrun for example_bash_operator to 2023-09-14T00:00:00+00:00, run_after=2023-09-15T00:00:00+00:00
[2023-09-15T16:12:51.609+0800] {processor.py:179} INFO - Processing /opt/homebrew/lib/python3.11/site-packages/airflow/example_dags/example_bash_operator.py took 0.140 seconds
[2023-09-15T16:14:37.889+0800] {processor.py:157} INFO - Started process (PID=77501) to work on /opt/homebrew/lib/python3.11/site-packages/airflow/example_dags/example_bash_operator.py
[2023-09-15T16:14:37.889+0800] {processor.py:829} INFO - Processing file /opt/homebrew/lib/python3.11/site-packages/airflow/example_dags/example_bash_operator.py for tasks to queue
[2023-09-15T16:14:37.890+0800] {logging_mixin.py:151} INFO - [2023-09-15T16:14:37.890+0800] {dagbag.py:539} INFO - Filling up the DagBag from /opt/homebrew/lib/python3.11/site-packages/airflow/example_dags/example_bash_operator.py
[2023-09-15T16:14:37.930+0800] {processor.py:839} INFO - DAG(s) dict_keys(['example_bash_operator']) retrieved from /opt/homebrew/lib/python3.11/site-packages/airflow/example_dags/example_bash_operator.py
[2023-09-15T16:14:38.006+0800] {logging_mixin.py:151} INFO - [2023-09-15T16:14:38.005+0800] {dag.py:2915} INFO - Sync 1 DAGs
[2023-09-15T16:14:38.015+0800] {logging_mixin.py:151} INFO - [2023-09-15T16:14:38.014+0800] {dag.py:3696} INFO - Setting next_dagrun for example_bash_operator to 2023-09-14T00:00:00+00:00, run_after=2023-09-15T00:00:00+00:00
[2023-09-15T16:14:38.025+0800] {processor.py:179} INFO - Processing /opt/homebrew/lib/python3.11/site-packages/airflow/example_dags/example_bash_operator.py took 0.137 seconds
[2023-09-15T16:16:21.880+0800] {processor.py:157} INFO - Started process (PID=77701) to work on /opt/homebrew/lib/python3.11/site-packages/airflow/example_dags/example_bash_operator.py
[2023-09-15T16:16:21.880+0800] {processor.py:829} INFO - Processing file /opt/homebrew/lib/python3.11/site-packages/airflow/example_dags/example_bash_operator.py for tasks to queue
[2023-09-15T16:16:21.880+0800] {logging_mixin.py:151} INFO - [2023-09-15T16:16:21.880+0800] {dagbag.py:539} INFO - Filling up the DagBag from /opt/homebrew/lib/python3.11/site-packages/airflow/example_dags/example_bash_operator.py
[2023-09-15T16:16:21.921+0800] {processor.py:839} INFO - DAG(s) dict_keys(['example_bash_operator']) retrieved from /opt/homebrew/lib/python3.11/site-packages/airflow/example_dags/example_bash_operator.py
[2023-09-15T16:16:21.997+0800] {logging_mixin.py:151} INFO - [2023-09-15T16:16:21.997+0800] {dag.py:2915} INFO - Sync 1 DAGs
[2023-09-15T16:16:22.006+0800] {logging_mixin.py:151} INFO - [2023-09-15T16:16:22.006+0800] {dag.py:3696} INFO - Setting next_dagrun for example_bash_operator to 2023-09-14T00:00:00+00:00, run_after=2023-09-15T00:00:00+00:00
[2023-09-15T16:16:22.017+0800] {processor.py:179} INFO - Processing /opt/homebrew/lib/python3.11/site-packages/airflow/example_dags/example_bash_operator.py took 0.138 seconds
[2023-09-15T16:18:05.859+0800] {processor.py:157} INFO - Started process (PID=77884) to work on /opt/homebrew/lib/python3.11/site-packages/airflow/example_dags/example_bash_operator.py
[2023-09-15T16:18:05.859+0800] {processor.py:829} INFO - Processing file /opt/homebrew/lib/python3.11/site-packages/airflow/example_dags/example_bash_operator.py for tasks to queue
[2023-09-15T16:18:05.860+0800] {logging_mixin.py:151} INFO - [2023-09-15T16:18:05.860+0800] {dagbag.py:539} INFO - Filling up the DagBag from /opt/homebrew/lib/python3.11/site-packages/airflow/example_dags/example_bash_operator.py
[2023-09-15T16:18:05.901+0800] {processor.py:839} INFO - DAG(s) dict_keys(['example_bash_operator']) retrieved from /opt/homebrew/lib/python3.11/site-packages/airflow/example_dags/example_bash_operator.py
[2023-09-15T16:18:05.976+0800] {logging_mixin.py:151} INFO - [2023-09-15T16:18:05.976+0800] {dag.py:2915} INFO - Sync 1 DAGs
[2023-09-15T16:18:05.985+0800] {logging_mixin.py:151} INFO - [2023-09-15T16:18:05.985+0800] {dag.py:3696} INFO - Setting next_dagrun for example_bash_operator to 2023-09-14T00:00:00+00:00, run_after=2023-09-15T00:00:00+00:00
[2023-09-15T16:18:05.996+0800] {processor.py:179} INFO - Processing /opt/homebrew/lib/python3.11/site-packages/airflow/example_dags/example_bash_operator.py took 0.137 seconds
[2023-09-15T16:19:50.609+0800] {processor.py:157} INFO - Started process (PID=78072) to work on /opt/homebrew/lib/python3.11/site-packages/airflow/example_dags/example_bash_operator.py
[2023-09-15T16:19:50.609+0800] {processor.py:829} INFO - Processing file /opt/homebrew/lib/python3.11/site-packages/airflow/example_dags/example_bash_operator.py for tasks to queue
[2023-09-15T16:19:50.610+0800] {logging_mixin.py:151} INFO - [2023-09-15T16:19:50.610+0800] {dagbag.py:539} INFO - Filling up the DagBag from /opt/homebrew/lib/python3.11/site-packages/airflow/example_dags/example_bash_operator.py
[2023-09-15T16:19:50.650+0800] {processor.py:839} INFO - DAG(s) dict_keys(['example_bash_operator']) retrieved from /opt/homebrew/lib/python3.11/site-packages/airflow/example_dags/example_bash_operator.py
[2023-09-15T16:19:50.725+0800] {logging_mixin.py:151} INFO - [2023-09-15T16:19:50.725+0800] {dag.py:2915} INFO - Sync 1 DAGs
[2023-09-15T16:19:50.734+0800] {logging_mixin.py:151} INFO - [2023-09-15T16:19:50.734+0800] {dag.py:3696} INFO - Setting next_dagrun for example_bash_operator to 2023-09-14T00:00:00+00:00, run_after=2023-09-15T00:00:00+00:00
[2023-09-15T16:19:50.745+0800] {processor.py:179} INFO - Processing /opt/homebrew/lib/python3.11/site-packages/airflow/example_dags/example_bash_operator.py took 0.137 seconds
[2023-09-15T16:21:37.125+0800] {processor.py:157} INFO - Started process (PID=78260) to work on /opt/homebrew/lib/python3.11/site-packages/airflow/example_dags/example_bash_operator.py
[2023-09-15T16:21:37.125+0800] {processor.py:829} INFO - Processing file /opt/homebrew/lib/python3.11/site-packages/airflow/example_dags/example_bash_operator.py for tasks to queue
[2023-09-15T16:21:37.126+0800] {logging_mixin.py:151} INFO - [2023-09-15T16:21:37.126+0800] {dagbag.py:539} INFO - Filling up the DagBag from /opt/homebrew/lib/python3.11/site-packages/airflow/example_dags/example_bash_operator.py
[2023-09-15T16:21:37.167+0800] {processor.py:839} INFO - DAG(s) dict_keys(['example_bash_operator']) retrieved from /opt/homebrew/lib/python3.11/site-packages/airflow/example_dags/example_bash_operator.py
[2023-09-15T16:21:37.243+0800] {logging_mixin.py:151} INFO - [2023-09-15T16:21:37.243+0800] {dag.py:2915} INFO - Sync 1 DAGs
[2023-09-15T16:21:37.252+0800] {logging_mixin.py:151} INFO - [2023-09-15T16:21:37.252+0800] {dag.py:3696} INFO - Setting next_dagrun for example_bash_operator to 2023-09-14T00:00:00+00:00, run_after=2023-09-15T00:00:00+00:00
[2023-09-15T16:21:37.263+0800] {processor.py:179} INFO - Processing /opt/homebrew/lib/python3.11/site-packages/airflow/example_dags/example_bash_operator.py took 0.138 seconds
[2023-09-15T16:23:19.808+0800] {processor.py:157} INFO - Started process (PID=78448) to work on /opt/homebrew/lib/python3.11/site-packages/airflow/example_dags/example_bash_operator.py
[2023-09-15T16:23:19.809+0800] {processor.py:829} INFO - Processing file /opt/homebrew/lib/python3.11/site-packages/airflow/example_dags/example_bash_operator.py for tasks to queue
[2023-09-15T16:23:19.809+0800] {logging_mixin.py:151} INFO - [2023-09-15T16:23:19.809+0800] {dagbag.py:539} INFO - Filling up the DagBag from /opt/homebrew/lib/python3.11/site-packages/airflow/example_dags/example_bash_operator.py
[2023-09-15T16:23:19.850+0800] {processor.py:839} INFO - DAG(s) dict_keys(['example_bash_operator']) retrieved from /opt/homebrew/lib/python3.11/site-packages/airflow/example_dags/example_bash_operator.py
[2023-09-15T16:23:19.926+0800] {logging_mixin.py:151} INFO - [2023-09-15T16:23:19.926+0800] {dag.py:2915} INFO - Sync 1 DAGs
[2023-09-15T16:23:19.935+0800] {logging_mixin.py:151} INFO - [2023-09-15T16:23:19.935+0800] {dag.py:3696} INFO - Setting next_dagrun for example_bash_operator to 2023-09-14T00:00:00+00:00, run_after=2023-09-15T00:00:00+00:00
[2023-09-15T16:23:19.945+0800] {processor.py:179} INFO - Processing /opt/homebrew/lib/python3.11/site-packages/airflow/example_dags/example_bash_operator.py took 0.137 seconds
[2023-09-15T16:25:04.670+0800] {processor.py:157} INFO - Started process (PID=78639) to work on /opt/homebrew/lib/python3.11/site-packages/airflow/example_dags/example_bash_operator.py
[2023-09-15T16:25:04.670+0800] {processor.py:829} INFO - Processing file /opt/homebrew/lib/python3.11/site-packages/airflow/example_dags/example_bash_operator.py for tasks to queue
[2023-09-15T16:25:04.671+0800] {logging_mixin.py:151} INFO - [2023-09-15T16:25:04.670+0800] {dagbag.py:539} INFO - Filling up the DagBag from /opt/homebrew/lib/python3.11/site-packages/airflow/example_dags/example_bash_operator.py
[2023-09-15T16:25:04.711+0800] {processor.py:839} INFO - DAG(s) dict_keys(['example_bash_operator']) retrieved from /opt/homebrew/lib/python3.11/site-packages/airflow/example_dags/example_bash_operator.py
[2023-09-15T16:25:04.787+0800] {logging_mixin.py:151} INFO - [2023-09-15T16:25:04.787+0800] {dag.py:2915} INFO - Sync 1 DAGs
[2023-09-15T16:25:04.796+0800] {logging_mixin.py:151} INFO - [2023-09-15T16:25:04.796+0800] {dag.py:3696} INFO - Setting next_dagrun for example_bash_operator to 2023-09-14T00:00:00+00:00, run_after=2023-09-15T00:00:00+00:00
[2023-09-15T16:25:04.806+0800] {processor.py:179} INFO - Processing /opt/homebrew/lib/python3.11/site-packages/airflow/example_dags/example_bash_operator.py took 0.137 seconds
[2023-09-15T16:26:48.131+0800] {processor.py:157} INFO - Started process (PID=78824) to work on /opt/homebrew/lib/python3.11/site-packages/airflow/example_dags/example_bash_operator.py
[2023-09-15T16:26:48.131+0800] {processor.py:829} INFO - Processing file /opt/homebrew/lib/python3.11/site-packages/airflow/example_dags/example_bash_operator.py for tasks to queue
[2023-09-15T16:26:48.131+0800] {logging_mixin.py:151} INFO - [2023-09-15T16:26:48.131+0800] {dagbag.py:539} INFO - Filling up the DagBag from /opt/homebrew/lib/python3.11/site-packages/airflow/example_dags/example_bash_operator.py
[2023-09-15T16:26:48.172+0800] {processor.py:839} INFO - DAG(s) dict_keys(['example_bash_operator']) retrieved from /opt/homebrew/lib/python3.11/site-packages/airflow/example_dags/example_bash_operator.py
[2023-09-15T16:26:48.247+0800] {logging_mixin.py:151} INFO - [2023-09-15T16:26:48.247+0800] {dag.py:2915} INFO - Sync 1 DAGs
[2023-09-15T16:26:48.256+0800] {logging_mixin.py:151} INFO - [2023-09-15T16:26:48.256+0800] {dag.py:3696} INFO - Setting next_dagrun for example_bash_operator to 2023-09-14T00:00:00+00:00, run_after=2023-09-15T00:00:00+00:00
[2023-09-15T16:26:48.267+0800] {processor.py:179} INFO - Processing /opt/homebrew/lib/python3.11/site-packages/airflow/example_dags/example_bash_operator.py took 0.137 seconds
[2023-09-15T16:28:27.890+0800] {processor.py:157} INFO - Started process (PID=79001) to work on /opt/homebrew/lib/python3.11/site-packages/airflow/example_dags/example_bash_operator.py
[2023-09-15T16:28:27.890+0800] {processor.py:829} INFO - Processing file /opt/homebrew/lib/python3.11/site-packages/airflow/example_dags/example_bash_operator.py for tasks to queue
[2023-09-15T16:28:27.891+0800] {logging_mixin.py:151} INFO - [2023-09-15T16:28:27.891+0800] {dagbag.py:539} INFO - Filling up the DagBag from /opt/homebrew/lib/python3.11/site-packages/airflow/example_dags/example_bash_operator.py
[2023-09-15T16:28:27.932+0800] {processor.py:839} INFO - DAG(s) dict_keys(['example_bash_operator']) retrieved from /opt/homebrew/lib/python3.11/site-packages/airflow/example_dags/example_bash_operator.py
[2023-09-15T16:28:28.008+0800] {logging_mixin.py:151} INFO - [2023-09-15T16:28:28.007+0800] {dag.py:2915} INFO - Sync 1 DAGs
[2023-09-15T16:28:28.017+0800] {logging_mixin.py:151} INFO - [2023-09-15T16:28:28.017+0800] {dag.py:3696} INFO - Setting next_dagrun for example_bash_operator to 2023-09-14T00:00:00+00:00, run_after=2023-09-15T00:00:00+00:00
[2023-09-15T16:28:28.028+0800] {processor.py:179} INFO - Processing /opt/homebrew/lib/python3.11/site-packages/airflow/example_dags/example_bash_operator.py took 0.138 seconds
[2023-09-15T16:30:07.301+0800] {processor.py:157} INFO - Started process (PID=79209) to work on /opt/homebrew/lib/python3.11/site-packages/airflow/example_dags/example_bash_operator.py
[2023-09-15T16:30:07.301+0800] {processor.py:829} INFO - Processing file /opt/homebrew/lib/python3.11/site-packages/airflow/example_dags/example_bash_operator.py for tasks to queue
[2023-09-15T16:30:07.301+0800] {logging_mixin.py:151} INFO - [2023-09-15T16:30:07.301+0800] {dagbag.py:539} INFO - Filling up the DagBag from /opt/homebrew/lib/python3.11/site-packages/airflow/example_dags/example_bash_operator.py
[2023-09-15T16:30:07.343+0800] {processor.py:839} INFO - DAG(s) dict_keys(['example_bash_operator']) retrieved from /opt/homebrew/lib/python3.11/site-packages/airflow/example_dags/example_bash_operator.py
[2023-09-15T16:30:07.420+0800] {logging_mixin.py:151} INFO - [2023-09-15T16:30:07.420+0800] {dag.py:2915} INFO - Sync 1 DAGs
[2023-09-15T16:30:07.429+0800] {logging_mixin.py:151} INFO - [2023-09-15T16:30:07.429+0800] {dag.py:3696} INFO - Setting next_dagrun for example_bash_operator to 2023-09-14T00:00:00+00:00, run_after=2023-09-15T00:00:00+00:00
[2023-09-15T16:30:07.440+0800] {processor.py:179} INFO - Processing /opt/homebrew/lib/python3.11/site-packages/airflow/example_dags/example_bash_operator.py took 0.140 seconds
[2023-09-15T16:31:55.149+0800] {processor.py:157} INFO - Started process (PID=79538) to work on /opt/homebrew/lib/python3.11/site-packages/airflow/example_dags/example_bash_operator.py
[2023-09-15T16:31:55.149+0800] {processor.py:829} INFO - Processing file /opt/homebrew/lib/python3.11/site-packages/airflow/example_dags/example_bash_operator.py for tasks to queue
[2023-09-15T16:31:55.149+0800] {logging_mixin.py:151} INFO - [2023-09-15T16:31:55.149+0800] {dagbag.py:539} INFO - Filling up the DagBag from /opt/homebrew/lib/python3.11/site-packages/airflow/example_dags/example_bash_operator.py
[2023-09-15T16:31:55.190+0800] {processor.py:839} INFO - DAG(s) dict_keys(['example_bash_operator']) retrieved from /opt/homebrew/lib/python3.11/site-packages/airflow/example_dags/example_bash_operator.py
[2023-09-15T16:31:55.266+0800] {logging_mixin.py:151} INFO - [2023-09-15T16:31:55.265+0800] {dag.py:2915} INFO - Sync 1 DAGs
[2023-09-15T16:31:55.275+0800] {logging_mixin.py:151} INFO - [2023-09-15T16:31:55.275+0800] {dag.py:3696} INFO - Setting next_dagrun for example_bash_operator to 2023-09-14T00:00:00+00:00, run_after=2023-09-15T00:00:00+00:00
[2023-09-15T16:31:55.286+0800] {processor.py:179} INFO - Processing /opt/homebrew/lib/python3.11/site-packages/airflow/example_dags/example_bash_operator.py took 0.137 seconds
[2023-09-15T16:33:39.993+0800] {processor.py:157} INFO - Started process (PID=79789) to work on /opt/homebrew/lib/python3.11/site-packages/airflow/example_dags/example_bash_operator.py
[2023-09-15T16:33:39.994+0800] {processor.py:829} INFO - Processing file /opt/homebrew/lib/python3.11/site-packages/airflow/example_dags/example_bash_operator.py for tasks to queue
[2023-09-15T16:33:39.994+0800] {logging_mixin.py:151} INFO - [2023-09-15T16:33:39.994+0800] {dagbag.py:539} INFO - Filling up the DagBag from /opt/homebrew/lib/python3.11/site-packages/airflow/example_dags/example_bash_operator.py
[2023-09-15T16:33:40.036+0800] {processor.py:839} INFO - DAG(s) dict_keys(['example_bash_operator']) retrieved from /opt/homebrew/lib/python3.11/site-packages/airflow/example_dags/example_bash_operator.py
[2023-09-15T16:33:40.111+0800] {logging_mixin.py:151} INFO - [2023-09-15T16:33:40.111+0800] {dag.py:2915} INFO - Sync 1 DAGs
[2023-09-15T16:33:40.120+0800] {logging_mixin.py:151} INFO - [2023-09-15T16:33:40.120+0800] {dag.py:3696} INFO - Setting next_dagrun for example_bash_operator to 2023-09-14T00:00:00+00:00, run_after=2023-09-15T00:00:00+00:00
[2023-09-15T16:33:40.131+0800] {processor.py:179} INFO - Processing /opt/homebrew/lib/python3.11/site-packages/airflow/example_dags/example_bash_operator.py took 0.138 seconds
[2023-09-15T16:35:27.097+0800] {processor.py:157} INFO - Started process (PID=79973) to work on /opt/homebrew/lib/python3.11/site-packages/airflow/example_dags/example_bash_operator.py
[2023-09-15T16:35:27.098+0800] {processor.py:829} INFO - Processing file /opt/homebrew/lib/python3.11/site-packages/airflow/example_dags/example_bash_operator.py for tasks to queue
[2023-09-15T16:35:27.098+0800] {logging_mixin.py:151} INFO - [2023-09-15T16:35:27.098+0800] {dagbag.py:539} INFO - Filling up the DagBag from /opt/homebrew/lib/python3.11/site-packages/airflow/example_dags/example_bash_operator.py
[2023-09-15T16:35:27.139+0800] {processor.py:839} INFO - DAG(s) dict_keys(['example_bash_operator']) retrieved from /opt/homebrew/lib/python3.11/site-packages/airflow/example_dags/example_bash_operator.py
[2023-09-15T16:35:27.216+0800] {logging_mixin.py:151} INFO - [2023-09-15T16:35:27.216+0800] {dag.py:2915} INFO - Sync 1 DAGs
[2023-09-15T16:35:27.225+0800] {logging_mixin.py:151} INFO - [2023-09-15T16:35:27.225+0800] {dag.py:3696} INFO - Setting next_dagrun for example_bash_operator to 2023-09-14T00:00:00+00:00, run_after=2023-09-15T00:00:00+00:00
[2023-09-15T16:35:27.236+0800] {processor.py:179} INFO - Processing /opt/homebrew/lib/python3.11/site-packages/airflow/example_dags/example_bash_operator.py took 0.139 seconds
[2023-09-15T16:37:14.283+0800] {processor.py:157} INFO - Started process (PID=80167) to work on /opt/homebrew/lib/python3.11/site-packages/airflow/example_dags/example_bash_operator.py
[2023-09-15T16:37:14.284+0800] {processor.py:829} INFO - Processing file /opt/homebrew/lib/python3.11/site-packages/airflow/example_dags/example_bash_operator.py for tasks to queue
[2023-09-15T16:37:14.284+0800] {logging_mixin.py:151} INFO - [2023-09-15T16:37:14.284+0800] {dagbag.py:539} INFO - Filling up the DagBag from /opt/homebrew/lib/python3.11/site-packages/airflow/example_dags/example_bash_operator.py
[2023-09-15T16:37:14.326+0800] {processor.py:839} INFO - DAG(s) dict_keys(['example_bash_operator']) retrieved from /opt/homebrew/lib/python3.11/site-packages/airflow/example_dags/example_bash_operator.py
[2023-09-15T16:37:14.403+0800] {logging_mixin.py:151} INFO - [2023-09-15T16:37:14.403+0800] {dag.py:2915} INFO - Sync 1 DAGs
[2023-09-15T16:37:14.413+0800] {logging_mixin.py:151} INFO - [2023-09-15T16:37:14.413+0800] {dag.py:3696} INFO - Setting next_dagrun for example_bash_operator to 2023-09-14T00:00:00+00:00, run_after=2023-09-15T00:00:00+00:00
[2023-09-15T16:37:14.423+0800] {processor.py:179} INFO - Processing /opt/homebrew/lib/python3.11/site-packages/airflow/example_dags/example_bash_operator.py took 0.141 seconds
[2023-09-15T16:38:59.267+0800] {processor.py:157} INFO - Started process (PID=80457) to work on /opt/homebrew/lib/python3.11/site-packages/airflow/example_dags/example_bash_operator.py
[2023-09-15T16:38:59.268+0800] {processor.py:829} INFO - Processing file /opt/homebrew/lib/python3.11/site-packages/airflow/example_dags/example_bash_operator.py for tasks to queue
[2023-09-15T16:38:59.268+0800] {logging_mixin.py:151} INFO - [2023-09-15T16:38:59.268+0800] {dagbag.py:539} INFO - Filling up the DagBag from /opt/homebrew/lib/python3.11/site-packages/airflow/example_dags/example_bash_operator.py
[2023-09-15T16:38:59.310+0800] {processor.py:839} INFO - DAG(s) dict_keys(['example_bash_operator']) retrieved from /opt/homebrew/lib/python3.11/site-packages/airflow/example_dags/example_bash_operator.py
[2023-09-15T16:38:59.386+0800] {logging_mixin.py:151} INFO - [2023-09-15T16:38:59.386+0800] {dag.py:2915} INFO - Sync 1 DAGs
[2023-09-15T16:38:59.395+0800] {logging_mixin.py:151} INFO - [2023-09-15T16:38:59.395+0800] {dag.py:3696} INFO - Setting next_dagrun for example_bash_operator to 2023-09-14T00:00:00+00:00, run_after=2023-09-15T00:00:00+00:00
[2023-09-15T16:38:59.406+0800] {processor.py:179} INFO - Processing /opt/homebrew/lib/python3.11/site-packages/airflow/example_dags/example_bash_operator.py took 0.139 seconds
[2023-09-15T16:40:49.261+0800] {processor.py:157} INFO - Started process (PID=80711) to work on /opt/homebrew/lib/python3.11/site-packages/airflow/example_dags/example_bash_operator.py
[2023-09-15T16:40:49.261+0800] {processor.py:829} INFO - Processing file /opt/homebrew/lib/python3.11/site-packages/airflow/example_dags/example_bash_operator.py for tasks to queue
[2023-09-15T16:40:49.261+0800] {logging_mixin.py:151} INFO - [2023-09-15T16:40:49.261+0800] {dagbag.py:539} INFO - Filling up the DagBag from /opt/homebrew/lib/python3.11/site-packages/airflow/example_dags/example_bash_operator.py
[2023-09-15T16:40:49.303+0800] {processor.py:839} INFO - DAG(s) dict_keys(['example_bash_operator']) retrieved from /opt/homebrew/lib/python3.11/site-packages/airflow/example_dags/example_bash_operator.py
[2023-09-15T16:40:49.381+0800] {logging_mixin.py:151} INFO - [2023-09-15T16:40:49.381+0800] {dag.py:2915} INFO - Sync 1 DAGs
[2023-09-15T16:40:49.391+0800] {logging_mixin.py:151} INFO - [2023-09-15T16:40:49.391+0800] {dag.py:3696} INFO - Setting next_dagrun for example_bash_operator to 2023-09-14T00:00:00+00:00, run_after=2023-09-15T00:00:00+00:00
[2023-09-15T16:40:49.402+0800] {processor.py:179} INFO - Processing /opt/homebrew/lib/python3.11/site-packages/airflow/example_dags/example_bash_operator.py took 0.141 seconds
[2023-09-15T16:42:37.760+0800] {processor.py:157} INFO - Started process (PID=80951) to work on /opt/homebrew/lib/python3.11/site-packages/airflow/example_dags/example_bash_operator.py
[2023-09-15T16:42:37.761+0800] {processor.py:829} INFO - Processing file /opt/homebrew/lib/python3.11/site-packages/airflow/example_dags/example_bash_operator.py for tasks to queue
[2023-09-15T16:42:37.761+0800] {logging_mixin.py:151} INFO - [2023-09-15T16:42:37.761+0800] {dagbag.py:539} INFO - Filling up the DagBag from /opt/homebrew/lib/python3.11/site-packages/airflow/example_dags/example_bash_operator.py
[2023-09-15T16:42:37.802+0800] {processor.py:839} INFO - DAG(s) dict_keys(['example_bash_operator']) retrieved from /opt/homebrew/lib/python3.11/site-packages/airflow/example_dags/example_bash_operator.py
[2023-09-15T16:42:37.879+0800] {logging_mixin.py:151} INFO - [2023-09-15T16:42:37.879+0800] {dag.py:2915} INFO - Sync 1 DAGs
[2023-09-15T16:42:37.888+0800] {logging_mixin.py:151} INFO - [2023-09-15T16:42:37.888+0800] {dag.py:3696} INFO - Setting next_dagrun for example_bash_operator to 2023-09-14T00:00:00+00:00, run_after=2023-09-15T00:00:00+00:00
[2023-09-15T16:42:37.899+0800] {processor.py:179} INFO - Processing /opt/homebrew/lib/python3.11/site-packages/airflow/example_dags/example_bash_operator.py took 0.139 seconds
[2023-09-15T16:44:19.795+0800] {processor.py:157} INFO - Started process (PID=81155) to work on /opt/homebrew/lib/python3.11/site-packages/airflow/example_dags/example_bash_operator.py
[2023-09-15T16:44:19.795+0800] {processor.py:829} INFO - Processing file /opt/homebrew/lib/python3.11/site-packages/airflow/example_dags/example_bash_operator.py for tasks to queue
[2023-09-15T16:44:19.796+0800] {logging_mixin.py:151} INFO - [2023-09-15T16:44:19.795+0800] {dagbag.py:539} INFO - Filling up the DagBag from /opt/homebrew/lib/python3.11/site-packages/airflow/example_dags/example_bash_operator.py
[2023-09-15T16:44:19.838+0800] {processor.py:839} INFO - DAG(s) dict_keys(['example_bash_operator']) retrieved from /opt/homebrew/lib/python3.11/site-packages/airflow/example_dags/example_bash_operator.py
[2023-09-15T16:44:19.915+0800] {logging_mixin.py:151} INFO - [2023-09-15T16:44:19.915+0800] {dag.py:2915} INFO - Sync 1 DAGs
[2023-09-15T16:44:19.924+0800] {logging_mixin.py:151} INFO - [2023-09-15T16:44:19.924+0800] {dag.py:3696} INFO - Setting next_dagrun for example_bash_operator to 2023-09-14T00:00:00+00:00, run_after=2023-09-15T00:00:00+00:00
[2023-09-15T16:44:19.935+0800] {processor.py:179} INFO - Processing /opt/homebrew/lib/python3.11/site-packages/airflow/example_dags/example_bash_operator.py took 0.141 seconds
[2023-09-15T16:46:04.182+0800] {processor.py:157} INFO - Started process (PID=81339) to work on /opt/homebrew/lib/python3.11/site-packages/airflow/example_dags/example_bash_operator.py
[2023-09-15T16:46:04.182+0800] {processor.py:829} INFO - Processing file /opt/homebrew/lib/python3.11/site-packages/airflow/example_dags/example_bash_operator.py for tasks to queue
[2023-09-15T16:46:04.182+0800] {logging_mixin.py:151} INFO - [2023-09-15T16:46:04.182+0800] {dagbag.py:539} INFO - Filling up the DagBag from /opt/homebrew/lib/python3.11/site-packages/airflow/example_dags/example_bash_operator.py
[2023-09-15T16:46:04.223+0800] {processor.py:839} INFO - DAG(s) dict_keys(['example_bash_operator']) retrieved from /opt/homebrew/lib/python3.11/site-packages/airflow/example_dags/example_bash_operator.py
[2023-09-15T16:46:04.299+0800] {logging_mixin.py:151} INFO - [2023-09-15T16:46:04.299+0800] {dag.py:2915} INFO - Sync 1 DAGs
[2023-09-15T16:46:04.308+0800] {logging_mixin.py:151} INFO - [2023-09-15T16:46:04.308+0800] {dag.py:3696} INFO - Setting next_dagrun for example_bash_operator to 2023-09-14T00:00:00+00:00, run_after=2023-09-15T00:00:00+00:00
[2023-09-15T16:46:04.319+0800] {processor.py:179} INFO - Processing /opt/homebrew/lib/python3.11/site-packages/airflow/example_dags/example_bash_operator.py took 0.138 seconds
[2023-09-15T16:47:51.286+0800] {processor.py:157} INFO - Started process (PID=81529) to work on /opt/homebrew/lib/python3.11/site-packages/airflow/example_dags/example_bash_operator.py
[2023-09-15T16:47:51.286+0800] {processor.py:829} INFO - Processing file /opt/homebrew/lib/python3.11/site-packages/airflow/example_dags/example_bash_operator.py for tasks to queue
[2023-09-15T16:47:51.286+0800] {logging_mixin.py:151} INFO - [2023-09-15T16:47:51.286+0800] {dagbag.py:539} INFO - Filling up the DagBag from /opt/homebrew/lib/python3.11/site-packages/airflow/example_dags/example_bash_operator.py
[2023-09-15T16:47:51.327+0800] {processor.py:839} INFO - DAG(s) dict_keys(['example_bash_operator']) retrieved from /opt/homebrew/lib/python3.11/site-packages/airflow/example_dags/example_bash_operator.py
[2023-09-15T16:47:51.403+0800] {logging_mixin.py:151} INFO - [2023-09-15T16:47:51.403+0800] {dag.py:2915} INFO - Sync 1 DAGs
[2023-09-15T16:47:51.412+0800] {logging_mixin.py:151} INFO - [2023-09-15T16:47:51.412+0800] {dag.py:3696} INFO - Setting next_dagrun for example_bash_operator to 2023-09-14T00:00:00+00:00, run_after=2023-09-15T00:00:00+00:00
[2023-09-15T16:47:51.423+0800] {processor.py:179} INFO - Processing /opt/homebrew/lib/python3.11/site-packages/airflow/example_dags/example_bash_operator.py took 0.137 seconds
[2023-09-15T16:49:37.101+0800] {processor.py:157} INFO - Started process (PID=81719) to work on /opt/homebrew/lib/python3.11/site-packages/airflow/example_dags/example_bash_operator.py
[2023-09-15T16:49:37.102+0800] {processor.py:829} INFO - Processing file /opt/homebrew/lib/python3.11/site-packages/airflow/example_dags/example_bash_operator.py for tasks to queue
[2023-09-15T16:49:37.102+0800] {logging_mixin.py:151} INFO - [2023-09-15T16:49:37.102+0800] {dagbag.py:539} INFO - Filling up the DagBag from /opt/homebrew/lib/python3.11/site-packages/airflow/example_dags/example_bash_operator.py
[2023-09-15T16:49:37.143+0800] {processor.py:839} INFO - DAG(s) dict_keys(['example_bash_operator']) retrieved from /opt/homebrew/lib/python3.11/site-packages/airflow/example_dags/example_bash_operator.py
[2023-09-15T16:49:37.219+0800] {logging_mixin.py:151} INFO - [2023-09-15T16:49:37.218+0800] {dag.py:2915} INFO - Sync 1 DAGs
[2023-09-15T16:49:37.228+0800] {logging_mixin.py:151} INFO - [2023-09-15T16:49:37.228+0800] {dag.py:3696} INFO - Setting next_dagrun for example_bash_operator to 2023-09-14T00:00:00+00:00, run_after=2023-09-15T00:00:00+00:00
[2023-09-15T16:49:37.238+0800] {processor.py:179} INFO - Processing /opt/homebrew/lib/python3.11/site-packages/airflow/example_dags/example_bash_operator.py took 0.138 seconds
[2023-09-15T16:51:21.491+0800] {processor.py:157} INFO - Started process (PID=81906) to work on /opt/homebrew/lib/python3.11/site-packages/airflow/example_dags/example_bash_operator.py
[2023-09-15T16:51:21.491+0800] {processor.py:829} INFO - Processing file /opt/homebrew/lib/python3.11/site-packages/airflow/example_dags/example_bash_operator.py for tasks to queue
[2023-09-15T16:51:21.492+0800] {logging_mixin.py:151} INFO - [2023-09-15T16:51:21.492+0800] {dagbag.py:539} INFO - Filling up the DagBag from /opt/homebrew/lib/python3.11/site-packages/airflow/example_dags/example_bash_operator.py
[2023-09-15T16:51:21.532+0800] {processor.py:839} INFO - DAG(s) dict_keys(['example_bash_operator']) retrieved from /opt/homebrew/lib/python3.11/site-packages/airflow/example_dags/example_bash_operator.py
[2023-09-15T16:51:21.608+0800] {logging_mixin.py:151} INFO - [2023-09-15T16:51:21.607+0800] {dag.py:2915} INFO - Sync 1 DAGs
[2023-09-15T16:51:21.617+0800] {logging_mixin.py:151} INFO - [2023-09-15T16:51:21.617+0800] {dag.py:3696} INFO - Setting next_dagrun for example_bash_operator to 2023-09-14T00:00:00+00:00, run_after=2023-09-15T00:00:00+00:00
[2023-09-15T16:51:21.628+0800] {processor.py:179} INFO - Processing /opt/homebrew/lib/python3.11/site-packages/airflow/example_dags/example_bash_operator.py took 0.137 seconds
[2023-09-15T16:53:04.611+0800] {processor.py:157} INFO - Started process (PID=82088) to work on /opt/homebrew/lib/python3.11/site-packages/airflow/example_dags/example_bash_operator.py
[2023-09-15T16:53:04.611+0800] {processor.py:829} INFO - Processing file /opt/homebrew/lib/python3.11/site-packages/airflow/example_dags/example_bash_operator.py for tasks to queue
[2023-09-15T16:53:04.612+0800] {logging_mixin.py:151} INFO - [2023-09-15T16:53:04.611+0800] {dagbag.py:539} INFO - Filling up the DagBag from /opt/homebrew/lib/python3.11/site-packages/airflow/example_dags/example_bash_operator.py
[2023-09-15T16:53:04.652+0800] {processor.py:839} INFO - DAG(s) dict_keys(['example_bash_operator']) retrieved from /opt/homebrew/lib/python3.11/site-packages/airflow/example_dags/example_bash_operator.py
[2023-09-15T16:53:04.728+0800] {logging_mixin.py:151} INFO - [2023-09-15T16:53:04.728+0800] {dag.py:2915} INFO - Sync 1 DAGs
[2023-09-15T16:53:04.737+0800] {logging_mixin.py:151} INFO - [2023-09-15T16:53:04.737+0800] {dag.py:3696} INFO - Setting next_dagrun for example_bash_operator to 2023-09-14T00:00:00+00:00, run_after=2023-09-15T00:00:00+00:00
[2023-09-15T16:53:04.748+0800] {processor.py:179} INFO - Processing /opt/homebrew/lib/python3.11/site-packages/airflow/example_dags/example_bash_operator.py took 0.138 seconds
[2023-09-15T16:54:52.071+0800] {processor.py:157} INFO - Started process (PID=82512) to work on /opt/homebrew/lib/python3.11/site-packages/airflow/example_dags/example_bash_operator.py
[2023-09-15T16:54:52.072+0800] {processor.py:829} INFO - Processing file /opt/homebrew/lib/python3.11/site-packages/airflow/example_dags/example_bash_operator.py for tasks to queue
[2023-09-15T16:54:52.072+0800] {logging_mixin.py:151} INFO - [2023-09-15T16:54:52.072+0800] {dagbag.py:539} INFO - Filling up the DagBag from /opt/homebrew/lib/python3.11/site-packages/airflow/example_dags/example_bash_operator.py
[2023-09-15T16:54:52.113+0800] {processor.py:839} INFO - DAG(s) dict_keys(['example_bash_operator']) retrieved from /opt/homebrew/lib/python3.11/site-packages/airflow/example_dags/example_bash_operator.py
[2023-09-15T16:54:52.188+0800] {logging_mixin.py:151} INFO - [2023-09-15T16:54:52.188+0800] {dag.py:2915} INFO - Sync 1 DAGs
[2023-09-15T16:54:52.197+0800] {logging_mixin.py:151} INFO - [2023-09-15T16:54:52.197+0800] {dag.py:3696} INFO - Setting next_dagrun for example_bash_operator to 2023-09-14T00:00:00+00:00, run_after=2023-09-15T00:00:00+00:00
[2023-09-15T16:54:52.208+0800] {processor.py:179} INFO - Processing /opt/homebrew/lib/python3.11/site-packages/airflow/example_dags/example_bash_operator.py took 0.137 seconds
[2023-09-15T19:13:31.558+0800] {processor.py:157} INFO - Started process (PID=82812) to work on /opt/homebrew/lib/python3.11/site-packages/airflow/example_dags/example_bash_operator.py
[2023-09-15T19:13:31.558+0800] {processor.py:829} INFO - Processing file /opt/homebrew/lib/python3.11/site-packages/airflow/example_dags/example_bash_operator.py for tasks to queue
[2023-09-15T19:13:31.558+0800] {logging_mixin.py:151} INFO - [2023-09-15T19:13:31.558+0800] {dagbag.py:539} INFO - Filling up the DagBag from /opt/homebrew/lib/python3.11/site-packages/airflow/example_dags/example_bash_operator.py
[2023-09-15T19:13:31.599+0800] {processor.py:839} INFO - DAG(s) dict_keys(['example_bash_operator']) retrieved from /opt/homebrew/lib/python3.11/site-packages/airflow/example_dags/example_bash_operator.py
[2023-09-15T19:13:31.675+0800] {logging_mixin.py:151} INFO - [2023-09-15T19:13:31.675+0800] {dag.py:2915} INFO - Sync 1 DAGs
[2023-09-15T19:13:31.684+0800] {logging_mixin.py:151} INFO - [2023-09-15T19:13:31.684+0800] {dag.py:3696} INFO - Setting next_dagrun for example_bash_operator to 2023-09-14T00:00:00+00:00, run_after=2023-09-15T00:00:00+00:00
[2023-09-15T19:13:31.695+0800] {processor.py:179} INFO - Processing /opt/homebrew/lib/python3.11/site-packages/airflow/example_dags/example_bash_operator.py took 0.137 seconds
[2023-09-15T22:37:49.346+0800] {processor.py:157} INFO - Started process (PID=83194) to work on /opt/homebrew/lib/python3.11/site-packages/airflow/example_dags/example_bash_operator.py
[2023-09-15T22:37:49.346+0800] {processor.py:829} INFO - Processing file /opt/homebrew/lib/python3.11/site-packages/airflow/example_dags/example_bash_operator.py for tasks to queue
[2023-09-15T22:37:49.346+0800] {logging_mixin.py:151} INFO - [2023-09-15T22:37:49.346+0800] {dagbag.py:539} INFO - Filling up the DagBag from /opt/homebrew/lib/python3.11/site-packages/airflow/example_dags/example_bash_operator.py
[2023-09-15T22:37:49.388+0800] {processor.py:839} INFO - DAG(s) dict_keys(['example_bash_operator']) retrieved from /opt/homebrew/lib/python3.11/site-packages/airflow/example_dags/example_bash_operator.py
[2023-09-15T22:37:49.464+0800] {logging_mixin.py:151} INFO - [2023-09-15T22:37:49.464+0800] {dag.py:2915} INFO - Sync 1 DAGs
[2023-09-15T22:37:49.473+0800] {logging_mixin.py:151} INFO - [2023-09-15T22:37:49.473+0800] {dag.py:3696} INFO - Setting next_dagrun for example_bash_operator to 2023-09-14T00:00:00+00:00, run_after=2023-09-15T00:00:00+00:00
[2023-09-15T22:37:49.483+0800] {processor.py:179} INFO - Processing /opt/homebrew/lib/python3.11/site-packages/airflow/example_dags/example_bash_operator.py took 0.138 seconds
[2023-09-16T01:55:38.637+0800] {processor.py:157} INFO - Started process (PID=83534) to work on /opt/homebrew/lib/python3.11/site-packages/airflow/example_dags/example_bash_operator.py
[2023-09-16T01:55:38.637+0800] {processor.py:829} INFO - Processing file /opt/homebrew/lib/python3.11/site-packages/airflow/example_dags/example_bash_operator.py for tasks to queue
[2023-09-16T01:55:38.637+0800] {logging_mixin.py:151} INFO - [2023-09-16T01:55:38.637+0800] {dagbag.py:539} INFO - Filling up the DagBag from /opt/homebrew/lib/python3.11/site-packages/airflow/example_dags/example_bash_operator.py
[2023-09-16T01:55:38.678+0800] {processor.py:839} INFO - DAG(s) dict_keys(['example_bash_operator']) retrieved from /opt/homebrew/lib/python3.11/site-packages/airflow/example_dags/example_bash_operator.py
[2023-09-16T01:55:38.754+0800] {logging_mixin.py:151} INFO - [2023-09-16T01:55:38.754+0800] {dag.py:2915} INFO - Sync 1 DAGs
[2023-09-16T01:55:38.763+0800] {logging_mixin.py:151} INFO - [2023-09-16T01:55:38.763+0800] {dag.py:3696} INFO - Setting next_dagrun for example_bash_operator to 2023-09-14T00:00:00+00:00, run_after=2023-09-15T00:00:00+00:00
[2023-09-16T01:55:38.774+0800] {processor.py:179} INFO - Processing /opt/homebrew/lib/python3.11/site-packages/airflow/example_dags/example_bash_operator.py took 0.137 seconds
