[2023-09-15T08:56:08.007+0800] {processor.py:157} INFO - Started process (PID=75673) to work on /opt/homebrew/lib/python3.11/site-packages/airflow/example_dags/example_trigger_controller_dag.py
[2023-09-15T08:56:08.007+0800] {processor.py:829} INFO - Processing file /opt/homebrew/lib/python3.11/site-packages/airflow/example_dags/example_trigger_controller_dag.py for tasks to queue
[2023-09-15T08:56:08.007+0800] {logging_mixin.py:151} INFO - [2023-09-15T08:56:08.007+0800] {dagbag.py:539} INFO - Filling up the DagBag from /opt/homebrew/lib/python3.11/site-packages/airflow/example_dags/example_trigger_controller_dag.py
[2023-09-15T08:56:08.023+0800] {processor.py:839} INFO - DAG(s) dict_keys(['example_trigger_controller_dag']) retrieved from /opt/homebrew/lib/python3.11/site-packages/airflow/example_dags/example_trigger_controller_dag.py
[2023-09-15T08:56:08.121+0800] {logging_mixin.py:151} INFO - [2023-09-15T08:56:08.121+0800] {dag.py:2915} INFO - Sync 1 DAGs
[2023-09-15T08:56:08.132+0800] {logging_mixin.py:151} INFO - [2023-09-15T08:56:08.132+0800] {dag.py:3696} INFO - Setting next_dagrun for example_trigger_controller_dag to 2021-01-01T00:00:00+00:00, run_after=2021-01-01T00:00:00+00:00
[2023-09-15T08:56:08.142+0800] {processor.py:179} INFO - Processing /opt/homebrew/lib/python3.11/site-packages/airflow/example_dags/example_trigger_controller_dag.py took 0.136 seconds
[2023-09-15T11:45:27.083+0800] {processor.py:157} INFO - Started process (PID=76009) to work on /opt/homebrew/lib/python3.11/site-packages/airflow/example_dags/example_trigger_controller_dag.py
[2023-09-15T11:45:27.085+0800] {processor.py:829} INFO - Processing file /opt/homebrew/lib/python3.11/site-packages/airflow/example_dags/example_trigger_controller_dag.py for tasks to queue
[2023-09-15T11:45:27.085+0800] {logging_mixin.py:151} INFO - [2023-09-15T11:45:27.085+0800] {dagbag.py:539} INFO - Filling up the DagBag from /opt/homebrew/lib/python3.11/site-packages/airflow/example_dags/example_trigger_controller_dag.py
[2023-09-15T11:45:27.101+0800] {processor.py:839} INFO - DAG(s) dict_keys(['example_trigger_controller_dag']) retrieved from /opt/homebrew/lib/python3.11/site-packages/airflow/example_dags/example_trigger_controller_dag.py
[2023-09-15T11:45:27.193+0800] {logging_mixin.py:151} INFO - [2023-09-15T11:45:27.193+0800] {dag.py:2915} INFO - Sync 1 DAGs
[2023-09-15T11:45:27.201+0800] {logging_mixin.py:151} INFO - [2023-09-15T11:45:27.201+0800] {dag.py:3696} INFO - Setting next_dagrun for example_trigger_controller_dag to 2021-01-01T00:00:00+00:00, run_after=2021-01-01T00:00:00+00:00
[2023-09-15T11:45:27.211+0800] {processor.py:179} INFO - Processing /opt/homebrew/lib/python3.11/site-packages/airflow/example_dags/example_trigger_controller_dag.py took 0.128 seconds
[2023-09-15T14:55:56.486+0800] {processor.py:157} INFO - Started process (PID=76301) to work on /opt/homebrew/lib/python3.11/site-packages/airflow/example_dags/example_trigger_controller_dag.py
[2023-09-15T14:55:56.487+0800] {processor.py:829} INFO - Processing file /opt/homebrew/lib/python3.11/site-packages/airflow/example_dags/example_trigger_controller_dag.py for tasks to queue
[2023-09-15T14:55:56.487+0800] {logging_mixin.py:151} INFO - [2023-09-15T14:55:56.487+0800] {dagbag.py:539} INFO - Filling up the DagBag from /opt/homebrew/lib/python3.11/site-packages/airflow/example_dags/example_trigger_controller_dag.py
[2023-09-15T14:55:56.504+0800] {processor.py:839} INFO - DAG(s) dict_keys(['example_trigger_controller_dag']) retrieved from /opt/homebrew/lib/python3.11/site-packages/airflow/example_dags/example_trigger_controller_dag.py
[2023-09-15T14:55:56.598+0800] {logging_mixin.py:151} INFO - [2023-09-15T14:55:56.598+0800] {dag.py:2915} INFO - Sync 1 DAGs
[2023-09-15T14:55:56.606+0800] {logging_mixin.py:151} INFO - [2023-09-15T14:55:56.606+0800] {dag.py:3696} INFO - Setting next_dagrun for example_trigger_controller_dag to 2021-01-01T00:00:00+00:00, run_after=2021-01-01T00:00:00+00:00
[2023-09-15T14:55:56.616+0800] {processor.py:179} INFO - Processing /opt/homebrew/lib/python3.11/site-packages/airflow/example_dags/example_trigger_controller_dag.py took 0.130 seconds
[2023-09-15T16:06:13.057+0800] {processor.py:157} INFO - Started process (PID=76525) to work on /opt/homebrew/lib/python3.11/site-packages/airflow/example_dags/example_trigger_controller_dag.py
[2023-09-15T16:06:13.058+0800] {processor.py:829} INFO - Processing file /opt/homebrew/lib/python3.11/site-packages/airflow/example_dags/example_trigger_controller_dag.py for tasks to queue
[2023-09-15T16:06:13.058+0800] {logging_mixin.py:151} INFO - [2023-09-15T16:06:13.058+0800] {dagbag.py:539} INFO - Filling up the DagBag from /opt/homebrew/lib/python3.11/site-packages/airflow/example_dags/example_trigger_controller_dag.py
[2023-09-15T16:06:13.075+0800] {processor.py:839} INFO - DAG(s) dict_keys(['example_trigger_controller_dag']) retrieved from /opt/homebrew/lib/python3.11/site-packages/airflow/example_dags/example_trigger_controller_dag.py
[2023-09-15T16:06:13.167+0800] {logging_mixin.py:151} INFO - [2023-09-15T16:06:13.167+0800] {dag.py:2915} INFO - Sync 1 DAGs
[2023-09-15T16:06:13.175+0800] {logging_mixin.py:151} INFO - [2023-09-15T16:06:13.175+0800] {dag.py:3696} INFO - Setting next_dagrun for example_trigger_controller_dag to 2021-01-01T00:00:00+00:00, run_after=2021-01-01T00:00:00+00:00
[2023-09-15T16:06:13.185+0800] {processor.py:179} INFO - Processing /opt/homebrew/lib/python3.11/site-packages/airflow/example_dags/example_trigger_controller_dag.py took 0.129 seconds
[2023-09-15T16:07:09.428+0800] {processor.py:157} INFO - Started process (PID=76633) to work on /opt/homebrew/lib/python3.11/site-packages/airflow/example_dags/example_trigger_controller_dag.py
[2023-09-15T16:07:09.429+0800] {processor.py:829} INFO - Processing file /opt/homebrew/lib/python3.11/site-packages/airflow/example_dags/example_trigger_controller_dag.py for tasks to queue
[2023-09-15T16:07:09.429+0800] {logging_mixin.py:151} INFO - [2023-09-15T16:07:09.429+0800] {dagbag.py:539} INFO - Filling up the DagBag from /opt/homebrew/lib/python3.11/site-packages/airflow/example_dags/example_trigger_controller_dag.py
[2023-09-15T16:07:09.446+0800] {processor.py:839} INFO - DAG(s) dict_keys(['example_trigger_controller_dag']) retrieved from /opt/homebrew/lib/python3.11/site-packages/airflow/example_dags/example_trigger_controller_dag.py
[2023-09-15T16:07:09.539+0800] {logging_mixin.py:151} INFO - [2023-09-15T16:07:09.539+0800] {dag.py:2915} INFO - Sync 1 DAGs
[2023-09-15T16:07:09.547+0800] {logging_mixin.py:151} INFO - [2023-09-15T16:07:09.547+0800] {dag.py:3696} INFO - Setting next_dagrun for example_trigger_controller_dag to 2021-01-01T00:00:00+00:00, run_after=2021-01-01T00:00:00+00:00
[2023-09-15T16:07:09.557+0800] {processor.py:179} INFO - Processing /opt/homebrew/lib/python3.11/site-packages/airflow/example_dags/example_trigger_controller_dag.py took 0.129 seconds
[2023-09-15T16:08:47.851+0800] {processor.py:157} INFO - Started process (PID=76842) to work on /opt/homebrew/lib/python3.11/site-packages/airflow/example_dags/example_trigger_controller_dag.py
[2023-09-15T16:08:47.851+0800] {processor.py:829} INFO - Processing file /opt/homebrew/lib/python3.11/site-packages/airflow/example_dags/example_trigger_controller_dag.py for tasks to queue
[2023-09-15T16:08:47.852+0800] {logging_mixin.py:151} INFO - [2023-09-15T16:08:47.852+0800] {dagbag.py:539} INFO - Filling up the DagBag from /opt/homebrew/lib/python3.11/site-packages/airflow/example_dags/example_trigger_controller_dag.py
[2023-09-15T16:08:47.868+0800] {processor.py:839} INFO - DAG(s) dict_keys(['example_trigger_controller_dag']) retrieved from /opt/homebrew/lib/python3.11/site-packages/airflow/example_dags/example_trigger_controller_dag.py
[2023-09-15T16:08:47.960+0800] {logging_mixin.py:151} INFO - [2023-09-15T16:08:47.960+0800] {dag.py:2915} INFO - Sync 1 DAGs
[2023-09-15T16:08:47.968+0800] {logging_mixin.py:151} INFO - [2023-09-15T16:08:47.968+0800] {dag.py:3696} INFO - Setting next_dagrun for example_trigger_controller_dag to 2021-01-01T00:00:00+00:00, run_after=2021-01-01T00:00:00+00:00
[2023-09-15T16:08:47.978+0800] {processor.py:179} INFO - Processing /opt/homebrew/lib/python3.11/site-packages/airflow/example_dags/example_trigger_controller_dag.py took 0.128 seconds
[2023-09-15T16:09:44.463+0800] {processor.py:157} INFO - Started process (PID=76964) to work on /opt/homebrew/lib/python3.11/site-packages/airflow/example_dags/example_trigger_controller_dag.py
[2023-09-15T16:09:44.463+0800] {processor.py:829} INFO - Processing file /opt/homebrew/lib/python3.11/site-packages/airflow/example_dags/example_trigger_controller_dag.py for tasks to queue
[2023-09-15T16:09:44.464+0800] {logging_mixin.py:151} INFO - [2023-09-15T16:09:44.463+0800] {dagbag.py:539} INFO - Filling up the DagBag from /opt/homebrew/lib/python3.11/site-packages/airflow/example_dags/example_trigger_controller_dag.py
[2023-09-15T16:09:44.480+0800] {processor.py:839} INFO - DAG(s) dict_keys(['example_trigger_controller_dag']) retrieved from /opt/homebrew/lib/python3.11/site-packages/airflow/example_dags/example_trigger_controller_dag.py
[2023-09-15T16:09:44.573+0800] {logging_mixin.py:151} INFO - [2023-09-15T16:09:44.573+0800] {dag.py:2915} INFO - Sync 1 DAGs
[2023-09-15T16:09:44.581+0800] {logging_mixin.py:151} INFO - [2023-09-15T16:09:44.581+0800] {dag.py:3696} INFO - Setting next_dagrun for example_trigger_controller_dag to 2021-01-01T00:00:00+00:00, run_after=2021-01-01T00:00:00+00:00
[2023-09-15T16:09:44.591+0800] {processor.py:179} INFO - Processing /opt/homebrew/lib/python3.11/site-packages/airflow/example_dags/example_trigger_controller_dag.py took 0.129 seconds
[2023-09-15T16:10:37.014+0800] {processor.py:157} INFO - Started process (PID=77060) to work on /opt/homebrew/lib/python3.11/site-packages/airflow/example_dags/example_trigger_controller_dag.py
[2023-09-15T16:10:37.014+0800] {processor.py:829} INFO - Processing file /opt/homebrew/lib/python3.11/site-packages/airflow/example_dags/example_trigger_controller_dag.py for tasks to queue
[2023-09-15T16:10:37.014+0800] {logging_mixin.py:151} INFO - [2023-09-15T16:10:37.014+0800] {dagbag.py:539} INFO - Filling up the DagBag from /opt/homebrew/lib/python3.11/site-packages/airflow/example_dags/example_trigger_controller_dag.py
[2023-09-15T16:10:37.031+0800] {processor.py:839} INFO - DAG(s) dict_keys(['example_trigger_controller_dag']) retrieved from /opt/homebrew/lib/python3.11/site-packages/airflow/example_dags/example_trigger_controller_dag.py
[2023-09-15T16:10:37.125+0800] {logging_mixin.py:151} INFO - [2023-09-15T16:10:37.125+0800] {dag.py:2915} INFO - Sync 1 DAGs
[2023-09-15T16:10:37.133+0800] {logging_mixin.py:151} INFO - [2023-09-15T16:10:37.133+0800] {dag.py:3696} INFO - Setting next_dagrun for example_trigger_controller_dag to 2021-01-01T00:00:00+00:00, run_after=2021-01-01T00:00:00+00:00
[2023-09-15T16:10:37.143+0800] {processor.py:179} INFO - Processing /opt/homebrew/lib/python3.11/site-packages/airflow/example_dags/example_trigger_controller_dag.py took 0.130 seconds
[2023-09-15T16:12:21.949+0800] {processor.py:157} INFO - Started process (PID=77259) to work on /opt/homebrew/lib/python3.11/site-packages/airflow/example_dags/example_trigger_controller_dag.py
[2023-09-15T16:12:21.950+0800] {processor.py:829} INFO - Processing file /opt/homebrew/lib/python3.11/site-packages/airflow/example_dags/example_trigger_controller_dag.py for tasks to queue
[2023-09-15T16:12:21.950+0800] {logging_mixin.py:151} INFO - [2023-09-15T16:12:21.950+0800] {dagbag.py:539} INFO - Filling up the DagBag from /opt/homebrew/lib/python3.11/site-packages/airflow/example_dags/example_trigger_controller_dag.py
[2023-09-15T16:12:21.966+0800] {processor.py:839} INFO - DAG(s) dict_keys(['example_trigger_controller_dag']) retrieved from /opt/homebrew/lib/python3.11/site-packages/airflow/example_dags/example_trigger_controller_dag.py
[2023-09-15T16:12:22.058+0800] {logging_mixin.py:151} INFO - [2023-09-15T16:12:22.058+0800] {dag.py:2915} INFO - Sync 1 DAGs
[2023-09-15T16:12:22.066+0800] {logging_mixin.py:151} INFO - [2023-09-15T16:12:22.066+0800] {dag.py:3696} INFO - Setting next_dagrun for example_trigger_controller_dag to 2021-01-01T00:00:00+00:00, run_after=2021-01-01T00:00:00+00:00
[2023-09-15T16:12:22.076+0800] {processor.py:179} INFO - Processing /opt/homebrew/lib/python3.11/site-packages/airflow/example_dags/example_trigger_controller_dag.py took 0.127 seconds
[2023-09-15T16:13:15.148+0800] {processor.py:157} INFO - Started process (PID=77353) to work on /opt/homebrew/lib/python3.11/site-packages/airflow/example_dags/example_trigger_controller_dag.py
[2023-09-15T16:13:15.149+0800] {processor.py:829} INFO - Processing file /opt/homebrew/lib/python3.11/site-packages/airflow/example_dags/example_trigger_controller_dag.py for tasks to queue
[2023-09-15T16:13:15.149+0800] {logging_mixin.py:151} INFO - [2023-09-15T16:13:15.149+0800] {dagbag.py:539} INFO - Filling up the DagBag from /opt/homebrew/lib/python3.11/site-packages/airflow/example_dags/example_trigger_controller_dag.py
[2023-09-15T16:13:15.165+0800] {processor.py:839} INFO - DAG(s) dict_keys(['example_trigger_controller_dag']) retrieved from /opt/homebrew/lib/python3.11/site-packages/airflow/example_dags/example_trigger_controller_dag.py
[2023-09-15T16:13:15.258+0800] {logging_mixin.py:151} INFO - [2023-09-15T16:13:15.257+0800] {dag.py:2915} INFO - Sync 1 DAGs
[2023-09-15T16:13:15.266+0800] {logging_mixin.py:151} INFO - [2023-09-15T16:13:15.266+0800] {dag.py:3696} INFO - Setting next_dagrun for example_trigger_controller_dag to 2021-01-01T00:00:00+00:00, run_after=2021-01-01T00:00:00+00:00
[2023-09-15T16:13:15.276+0800] {processor.py:179} INFO - Processing /opt/homebrew/lib/python3.11/site-packages/airflow/example_dags/example_trigger_controller_dag.py took 0.128 seconds
[2023-09-15T16:14:08.351+0800] {processor.py:157} INFO - Started process (PID=77447) to work on /opt/homebrew/lib/python3.11/site-packages/airflow/example_dags/example_trigger_controller_dag.py
[2023-09-15T16:14:08.352+0800] {processor.py:829} INFO - Processing file /opt/homebrew/lib/python3.11/site-packages/airflow/example_dags/example_trigger_controller_dag.py for tasks to queue
[2023-09-15T16:14:08.352+0800] {logging_mixin.py:151} INFO - [2023-09-15T16:14:08.352+0800] {dagbag.py:539} INFO - Filling up the DagBag from /opt/homebrew/lib/python3.11/site-packages/airflow/example_dags/example_trigger_controller_dag.py
[2023-09-15T16:14:08.368+0800] {processor.py:839} INFO - DAG(s) dict_keys(['example_trigger_controller_dag']) retrieved from /opt/homebrew/lib/python3.11/site-packages/airflow/example_dags/example_trigger_controller_dag.py
[2023-09-15T16:14:08.460+0800] {logging_mixin.py:151} INFO - [2023-09-15T16:14:08.460+0800] {dag.py:2915} INFO - Sync 1 DAGs
[2023-09-15T16:14:08.469+0800] {logging_mixin.py:151} INFO - [2023-09-15T16:14:08.468+0800] {dag.py:3696} INFO - Setting next_dagrun for example_trigger_controller_dag to 2021-01-01T00:00:00+00:00, run_after=2021-01-01T00:00:00+00:00
[2023-09-15T16:14:08.478+0800] {processor.py:179} INFO - Processing /opt/homebrew/lib/python3.11/site-packages/airflow/example_dags/example_trigger_controller_dag.py took 0.128 seconds
[2023-09-15T16:15:00.612+0800] {processor.py:157} INFO - Started process (PID=77544) to work on /opt/homebrew/lib/python3.11/site-packages/airflow/example_dags/example_trigger_controller_dag.py
[2023-09-15T16:15:00.612+0800] {processor.py:829} INFO - Processing file /opt/homebrew/lib/python3.11/site-packages/airflow/example_dags/example_trigger_controller_dag.py for tasks to queue
[2023-09-15T16:15:00.613+0800] {logging_mixin.py:151} INFO - [2023-09-15T16:15:00.613+0800] {dagbag.py:539} INFO - Filling up the DagBag from /opt/homebrew/lib/python3.11/site-packages/airflow/example_dags/example_trigger_controller_dag.py
[2023-09-15T16:15:00.629+0800] {processor.py:839} INFO - DAG(s) dict_keys(['example_trigger_controller_dag']) retrieved from /opt/homebrew/lib/python3.11/site-packages/airflow/example_dags/example_trigger_controller_dag.py
[2023-09-15T16:15:00.721+0800] {logging_mixin.py:151} INFO - [2023-09-15T16:15:00.721+0800] {dag.py:2915} INFO - Sync 1 DAGs
[2023-09-15T16:15:00.729+0800] {logging_mixin.py:151} INFO - [2023-09-15T16:15:00.729+0800] {dag.py:3696} INFO - Setting next_dagrun for example_trigger_controller_dag to 2021-01-01T00:00:00+00:00, run_after=2021-01-01T00:00:00+00:00
[2023-09-15T16:15:00.739+0800] {processor.py:179} INFO - Processing /opt/homebrew/lib/python3.11/site-packages/airflow/example_dags/example_trigger_controller_dag.py took 0.128 seconds
[2023-09-15T16:15:53.548+0800] {processor.py:157} INFO - Started process (PID=77634) to work on /opt/homebrew/lib/python3.11/site-packages/airflow/example_dags/example_trigger_controller_dag.py
[2023-09-15T16:15:53.548+0800] {processor.py:829} INFO - Processing file /opt/homebrew/lib/python3.11/site-packages/airflow/example_dags/example_trigger_controller_dag.py for tasks to queue
[2023-09-15T16:15:53.548+0800] {logging_mixin.py:151} INFO - [2023-09-15T16:15:53.548+0800] {dagbag.py:539} INFO - Filling up the DagBag from /opt/homebrew/lib/python3.11/site-packages/airflow/example_dags/example_trigger_controller_dag.py
[2023-09-15T16:15:53.565+0800] {processor.py:839} INFO - DAG(s) dict_keys(['example_trigger_controller_dag']) retrieved from /opt/homebrew/lib/python3.11/site-packages/airflow/example_dags/example_trigger_controller_dag.py
[2023-09-15T16:15:53.658+0800] {logging_mixin.py:151} INFO - [2023-09-15T16:15:53.657+0800] {dag.py:2915} INFO - Sync 1 DAGs
[2023-09-15T16:15:53.666+0800] {logging_mixin.py:151} INFO - [2023-09-15T16:15:53.666+0800] {dag.py:3696} INFO - Setting next_dagrun for example_trigger_controller_dag to 2021-01-01T00:00:00+00:00, run_after=2021-01-01T00:00:00+00:00
[2023-09-15T16:15:53.676+0800] {processor.py:179} INFO - Processing /opt/homebrew/lib/python3.11/site-packages/airflow/example_dags/example_trigger_controller_dag.py took 0.128 seconds
[2023-09-15T16:17:35.142+0800] {processor.py:157} INFO - Started process (PID=77830) to work on /opt/homebrew/lib/python3.11/site-packages/airflow/example_dags/example_trigger_controller_dag.py
[2023-09-15T16:17:35.143+0800] {processor.py:829} INFO - Processing file /opt/homebrew/lib/python3.11/site-packages/airflow/example_dags/example_trigger_controller_dag.py for tasks to queue
[2023-09-15T16:17:35.143+0800] {logging_mixin.py:151} INFO - [2023-09-15T16:17:35.143+0800] {dagbag.py:539} INFO - Filling up the DagBag from /opt/homebrew/lib/python3.11/site-packages/airflow/example_dags/example_trigger_controller_dag.py
[2023-09-15T16:17:35.159+0800] {processor.py:839} INFO - DAG(s) dict_keys(['example_trigger_controller_dag']) retrieved from /opt/homebrew/lib/python3.11/site-packages/airflow/example_dags/example_trigger_controller_dag.py
[2023-09-15T16:17:35.251+0800] {logging_mixin.py:151} INFO - [2023-09-15T16:17:35.251+0800] {dag.py:2915} INFO - Sync 1 DAGs
[2023-09-15T16:17:35.259+0800] {logging_mixin.py:151} INFO - [2023-09-15T16:17:35.259+0800] {dag.py:3696} INFO - Setting next_dagrun for example_trigger_controller_dag to 2021-01-01T00:00:00+00:00, run_after=2021-01-01T00:00:00+00:00
[2023-09-15T16:17:35.269+0800] {processor.py:179} INFO - Processing /opt/homebrew/lib/python3.11/site-packages/airflow/example_dags/example_trigger_controller_dag.py took 0.128 seconds
[2023-09-15T16:18:28.978+0800] {processor.py:157} INFO - Started process (PID=77927) to work on /opt/homebrew/lib/python3.11/site-packages/airflow/example_dags/example_trigger_controller_dag.py
[2023-09-15T16:18:28.978+0800] {processor.py:829} INFO - Processing file /opt/homebrew/lib/python3.11/site-packages/airflow/example_dags/example_trigger_controller_dag.py for tasks to queue
[2023-09-15T16:18:28.979+0800] {logging_mixin.py:151} INFO - [2023-09-15T16:18:28.979+0800] {dagbag.py:539} INFO - Filling up the DagBag from /opt/homebrew/lib/python3.11/site-packages/airflow/example_dags/example_trigger_controller_dag.py
[2023-09-15T16:18:28.995+0800] {processor.py:839} INFO - DAG(s) dict_keys(['example_trigger_controller_dag']) retrieved from /opt/homebrew/lib/python3.11/site-packages/airflow/example_dags/example_trigger_controller_dag.py
[2023-09-15T16:18:29.087+0800] {logging_mixin.py:151} INFO - [2023-09-15T16:18:29.087+0800] {dag.py:2915} INFO - Sync 1 DAGs
[2023-09-15T16:18:29.096+0800] {logging_mixin.py:151} INFO - [2023-09-15T16:18:29.095+0800] {dag.py:3696} INFO - Setting next_dagrun for example_trigger_controller_dag to 2021-01-01T00:00:00+00:00, run_after=2021-01-01T00:00:00+00:00
[2023-09-15T16:18:29.106+0800] {processor.py:179} INFO - Processing /opt/homebrew/lib/python3.11/site-packages/airflow/example_dags/example_trigger_controller_dag.py took 0.128 seconds
[2023-09-15T16:20:13.407+0800] {processor.py:157} INFO - Started process (PID=78112) to work on /opt/homebrew/lib/python3.11/site-packages/airflow/example_dags/example_trigger_controller_dag.py
[2023-09-15T16:20:13.407+0800] {processor.py:829} INFO - Processing file /opt/homebrew/lib/python3.11/site-packages/airflow/example_dags/example_trigger_controller_dag.py for tasks to queue
[2023-09-15T16:20:13.408+0800] {logging_mixin.py:151} INFO - [2023-09-15T16:20:13.408+0800] {dagbag.py:539} INFO - Filling up the DagBag from /opt/homebrew/lib/python3.11/site-packages/airflow/example_dags/example_trigger_controller_dag.py
[2023-09-15T16:20:13.424+0800] {processor.py:839} INFO - DAG(s) dict_keys(['example_trigger_controller_dag']) retrieved from /opt/homebrew/lib/python3.11/site-packages/airflow/example_dags/example_trigger_controller_dag.py
[2023-09-15T16:20:13.517+0800] {logging_mixin.py:151} INFO - [2023-09-15T16:20:13.517+0800] {dag.py:2915} INFO - Sync 1 DAGs
[2023-09-15T16:20:13.525+0800] {logging_mixin.py:151} INFO - [2023-09-15T16:20:13.525+0800] {dag.py:3696} INFO - Setting next_dagrun for example_trigger_controller_dag to 2021-01-01T00:00:00+00:00, run_after=2021-01-01T00:00:00+00:00
[2023-09-15T16:20:13.535+0800] {processor.py:179} INFO - Processing /opt/homebrew/lib/python3.11/site-packages/airflow/example_dags/example_trigger_controller_dag.py took 0.128 seconds
[2023-09-15T16:21:06.933+0800] {processor.py:157} INFO - Started process (PID=78204) to work on /opt/homebrew/lib/python3.11/site-packages/airflow/example_dags/example_trigger_controller_dag.py
[2023-09-15T16:21:06.934+0800] {processor.py:829} INFO - Processing file /opt/homebrew/lib/python3.11/site-packages/airflow/example_dags/example_trigger_controller_dag.py for tasks to queue
[2023-09-15T16:21:06.934+0800] {logging_mixin.py:151} INFO - [2023-09-15T16:21:06.934+0800] {dagbag.py:539} INFO - Filling up the DagBag from /opt/homebrew/lib/python3.11/site-packages/airflow/example_dags/example_trigger_controller_dag.py
[2023-09-15T16:21:06.950+0800] {processor.py:839} INFO - DAG(s) dict_keys(['example_trigger_controller_dag']) retrieved from /opt/homebrew/lib/python3.11/site-packages/airflow/example_dags/example_trigger_controller_dag.py
[2023-09-15T16:21:07.043+0800] {logging_mixin.py:151} INFO - [2023-09-15T16:21:07.043+0800] {dag.py:2915} INFO - Sync 1 DAGs
[2023-09-15T16:21:07.052+0800] {logging_mixin.py:151} INFO - [2023-09-15T16:21:07.052+0800] {dag.py:3696} INFO - Setting next_dagrun for example_trigger_controller_dag to 2021-01-01T00:00:00+00:00, run_after=2021-01-01T00:00:00+00:00
[2023-09-15T16:21:07.062+0800] {processor.py:179} INFO - Processing /opt/homebrew/lib/python3.11/site-packages/airflow/example_dags/example_trigger_controller_dag.py took 0.129 seconds
[2023-09-15T16:21:59.767+0800] {processor.py:157} INFO - Started process (PID=78301) to work on /opt/homebrew/lib/python3.11/site-packages/airflow/example_dags/example_trigger_controller_dag.py
[2023-09-15T16:21:59.767+0800] {processor.py:829} INFO - Processing file /opt/homebrew/lib/python3.11/site-packages/airflow/example_dags/example_trigger_controller_dag.py for tasks to queue
[2023-09-15T16:21:59.767+0800] {logging_mixin.py:151} INFO - [2023-09-15T16:21:59.767+0800] {dagbag.py:539} INFO - Filling up the DagBag from /opt/homebrew/lib/python3.11/site-packages/airflow/example_dags/example_trigger_controller_dag.py
[2023-09-15T16:21:59.785+0800] {processor.py:839} INFO - DAG(s) dict_keys(['example_trigger_controller_dag']) retrieved from /opt/homebrew/lib/python3.11/site-packages/airflow/example_dags/example_trigger_controller_dag.py
[2023-09-15T16:21:59.880+0800] {logging_mixin.py:151} INFO - [2023-09-15T16:21:59.880+0800] {dag.py:2915} INFO - Sync 1 DAGs
[2023-09-15T16:21:59.888+0800] {logging_mixin.py:151} INFO - [2023-09-15T16:21:59.888+0800] {dag.py:3696} INFO - Setting next_dagrun for example_trigger_controller_dag to 2021-01-01T00:00:00+00:00, run_after=2021-01-01T00:00:00+00:00
[2023-09-15T16:21:59.898+0800] {processor.py:179} INFO - Processing /opt/homebrew/lib/python3.11/site-packages/airflow/example_dags/example_trigger_controller_dag.py took 0.132 seconds
[2023-09-15T16:22:50.309+0800] {processor.py:157} INFO - Started process (PID=78397) to work on /opt/homebrew/lib/python3.11/site-packages/airflow/example_dags/example_trigger_controller_dag.py
[2023-09-15T16:22:50.309+0800] {processor.py:829} INFO - Processing file /opt/homebrew/lib/python3.11/site-packages/airflow/example_dags/example_trigger_controller_dag.py for tasks to queue
[2023-09-15T16:22:50.309+0800] {logging_mixin.py:151} INFO - [2023-09-15T16:22:50.309+0800] {dagbag.py:539} INFO - Filling up the DagBag from /opt/homebrew/lib/python3.11/site-packages/airflow/example_dags/example_trigger_controller_dag.py
[2023-09-15T16:22:50.325+0800] {processor.py:839} INFO - DAG(s) dict_keys(['example_trigger_controller_dag']) retrieved from /opt/homebrew/lib/python3.11/site-packages/airflow/example_dags/example_trigger_controller_dag.py
[2023-09-15T16:22:50.418+0800] {logging_mixin.py:151} INFO - [2023-09-15T16:22:50.418+0800] {dag.py:2915} INFO - Sync 1 DAGs
[2023-09-15T16:22:50.426+0800] {logging_mixin.py:151} INFO - [2023-09-15T16:22:50.426+0800] {dag.py:3696} INFO - Setting next_dagrun for example_trigger_controller_dag to 2021-01-01T00:00:00+00:00, run_after=2021-01-01T00:00:00+00:00
[2023-09-15T16:22:50.436+0800] {processor.py:179} INFO - Processing /opt/homebrew/lib/python3.11/site-packages/airflow/example_dags/example_trigger_controller_dag.py took 0.128 seconds
[2023-09-15T16:23:42.599+0800] {processor.py:157} INFO - Started process (PID=78488) to work on /opt/homebrew/lib/python3.11/site-packages/airflow/example_dags/example_trigger_controller_dag.py
[2023-09-15T16:23:42.599+0800] {processor.py:829} INFO - Processing file /opt/homebrew/lib/python3.11/site-packages/airflow/example_dags/example_trigger_controller_dag.py for tasks to queue
[2023-09-15T16:23:42.600+0800] {logging_mixin.py:151} INFO - [2023-09-15T16:23:42.600+0800] {dagbag.py:539} INFO - Filling up the DagBag from /opt/homebrew/lib/python3.11/site-packages/airflow/example_dags/example_trigger_controller_dag.py
[2023-09-15T16:23:42.616+0800] {processor.py:839} INFO - DAG(s) dict_keys(['example_trigger_controller_dag']) retrieved from /opt/homebrew/lib/python3.11/site-packages/airflow/example_dags/example_trigger_controller_dag.py
[2023-09-15T16:23:42.708+0800] {logging_mixin.py:151} INFO - [2023-09-15T16:23:42.708+0800] {dag.py:2915} INFO - Sync 1 DAGs
[2023-09-15T16:23:42.716+0800] {logging_mixin.py:151} INFO - [2023-09-15T16:23:42.716+0800] {dag.py:3696} INFO - Setting next_dagrun for example_trigger_controller_dag to 2021-01-01T00:00:00+00:00, run_after=2021-01-01T00:00:00+00:00
[2023-09-15T16:23:42.726+0800] {processor.py:179} INFO - Processing /opt/homebrew/lib/python3.11/site-packages/airflow/example_dags/example_trigger_controller_dag.py took 0.128 seconds
[2023-09-15T16:24:35.705+0800] {processor.py:157} INFO - Started process (PID=78589) to work on /opt/homebrew/lib/python3.11/site-packages/airflow/example_dags/example_trigger_controller_dag.py
[2023-09-15T16:24:35.706+0800] {processor.py:829} INFO - Processing file /opt/homebrew/lib/python3.11/site-packages/airflow/example_dags/example_trigger_controller_dag.py for tasks to queue
[2023-09-15T16:24:35.706+0800] {logging_mixin.py:151} INFO - [2023-09-15T16:24:35.706+0800] {dagbag.py:539} INFO - Filling up the DagBag from /opt/homebrew/lib/python3.11/site-packages/airflow/example_dags/example_trigger_controller_dag.py
[2023-09-15T16:24:35.723+0800] {processor.py:839} INFO - DAG(s) dict_keys(['example_trigger_controller_dag']) retrieved from /opt/homebrew/lib/python3.11/site-packages/airflow/example_dags/example_trigger_controller_dag.py
[2023-09-15T16:24:35.818+0800] {logging_mixin.py:151} INFO - [2023-09-15T16:24:35.818+0800] {dag.py:2915} INFO - Sync 1 DAGs
[2023-09-15T16:24:35.827+0800] {logging_mixin.py:151} INFO - [2023-09-15T16:24:35.826+0800] {dag.py:3696} INFO - Setting next_dagrun for example_trigger_controller_dag to 2021-01-01T00:00:00+00:00, run_after=2021-01-01T00:00:00+00:00
[2023-09-15T16:24:35.837+0800] {processor.py:179} INFO - Processing /opt/homebrew/lib/python3.11/site-packages/airflow/example_dags/example_trigger_controller_dag.py took 0.132 seconds
[2023-09-15T16:25:27.033+0800] {processor.py:157} INFO - Started process (PID=78681) to work on /opt/homebrew/lib/python3.11/site-packages/airflow/example_dags/example_trigger_controller_dag.py
[2023-09-15T16:25:27.033+0800] {processor.py:829} INFO - Processing file /opt/homebrew/lib/python3.11/site-packages/airflow/example_dags/example_trigger_controller_dag.py for tasks to queue
[2023-09-15T16:25:27.034+0800] {logging_mixin.py:151} INFO - [2023-09-15T16:25:27.034+0800] {dagbag.py:539} INFO - Filling up the DagBag from /opt/homebrew/lib/python3.11/site-packages/airflow/example_dags/example_trigger_controller_dag.py
[2023-09-15T16:25:27.050+0800] {processor.py:839} INFO - DAG(s) dict_keys(['example_trigger_controller_dag']) retrieved from /opt/homebrew/lib/python3.11/site-packages/airflow/example_dags/example_trigger_controller_dag.py
[2023-09-15T16:25:27.142+0800] {logging_mixin.py:151} INFO - [2023-09-15T16:25:27.142+0800] {dag.py:2915} INFO - Sync 1 DAGs
[2023-09-15T16:25:27.150+0800] {logging_mixin.py:151} INFO - [2023-09-15T16:25:27.150+0800] {dag.py:3696} INFO - Setting next_dagrun for example_trigger_controller_dag to 2021-01-01T00:00:00+00:00, run_after=2021-01-01T00:00:00+00:00
[2023-09-15T16:25:27.160+0800] {processor.py:179} INFO - Processing /opt/homebrew/lib/python3.11/site-packages/airflow/example_dags/example_trigger_controller_dag.py took 0.128 seconds
[2023-09-15T16:26:19.546+0800] {processor.py:157} INFO - Started process (PID=78772) to work on /opt/homebrew/lib/python3.11/site-packages/airflow/example_dags/example_trigger_controller_dag.py
[2023-09-15T16:26:19.546+0800] {processor.py:829} INFO - Processing file /opt/homebrew/lib/python3.11/site-packages/airflow/example_dags/example_trigger_controller_dag.py for tasks to queue
[2023-09-15T16:26:19.546+0800] {logging_mixin.py:151} INFO - [2023-09-15T16:26:19.546+0800] {dagbag.py:539} INFO - Filling up the DagBag from /opt/homebrew/lib/python3.11/site-packages/airflow/example_dags/example_trigger_controller_dag.py
[2023-09-15T16:26:19.562+0800] {processor.py:839} INFO - DAG(s) dict_keys(['example_trigger_controller_dag']) retrieved from /opt/homebrew/lib/python3.11/site-packages/airflow/example_dags/example_trigger_controller_dag.py
[2023-09-15T16:26:19.654+0800] {logging_mixin.py:151} INFO - [2023-09-15T16:26:19.654+0800] {dag.py:2915} INFO - Sync 1 DAGs
[2023-09-15T16:26:19.663+0800] {logging_mixin.py:151} INFO - [2023-09-15T16:26:19.663+0800] {dag.py:3696} INFO - Setting next_dagrun for example_trigger_controller_dag to 2021-01-01T00:00:00+00:00, run_after=2021-01-01T00:00:00+00:00
[2023-09-15T16:26:19.673+0800] {processor.py:179} INFO - Processing /opt/homebrew/lib/python3.11/site-packages/airflow/example_dags/example_trigger_controller_dag.py took 0.127 seconds
[2023-09-15T16:27:58.327+0800] {processor.py:157} INFO - Started process (PID=78947) to work on /opt/homebrew/lib/python3.11/site-packages/airflow/example_dags/example_trigger_controller_dag.py
[2023-09-15T16:27:58.328+0800] {processor.py:829} INFO - Processing file /opt/homebrew/lib/python3.11/site-packages/airflow/example_dags/example_trigger_controller_dag.py for tasks to queue
[2023-09-15T16:27:58.328+0800] {logging_mixin.py:151} INFO - [2023-09-15T16:27:58.328+0800] {dagbag.py:539} INFO - Filling up the DagBag from /opt/homebrew/lib/python3.11/site-packages/airflow/example_dags/example_trigger_controller_dag.py
[2023-09-15T16:27:58.344+0800] {processor.py:839} INFO - DAG(s) dict_keys(['example_trigger_controller_dag']) retrieved from /opt/homebrew/lib/python3.11/site-packages/airflow/example_dags/example_trigger_controller_dag.py
[2023-09-15T16:27:58.436+0800] {logging_mixin.py:151} INFO - [2023-09-15T16:27:58.436+0800] {dag.py:2915} INFO - Sync 1 DAGs
[2023-09-15T16:27:58.445+0800] {logging_mixin.py:151} INFO - [2023-09-15T16:27:58.444+0800] {dag.py:3696} INFO - Setting next_dagrun for example_trigger_controller_dag to 2021-01-01T00:00:00+00:00, run_after=2021-01-01T00:00:00+00:00
[2023-09-15T16:27:58.455+0800] {processor.py:179} INFO - Processing /opt/homebrew/lib/python3.11/site-packages/airflow/example_dags/example_trigger_controller_dag.py took 0.128 seconds
[2023-09-15T16:28:49.962+0800] {processor.py:157} INFO - Started process (PID=79041) to work on /opt/homebrew/lib/python3.11/site-packages/airflow/example_dags/example_trigger_controller_dag.py
[2023-09-15T16:28:49.962+0800] {processor.py:829} INFO - Processing file /opt/homebrew/lib/python3.11/site-packages/airflow/example_dags/example_trigger_controller_dag.py for tasks to queue
[2023-09-15T16:28:49.962+0800] {logging_mixin.py:151} INFO - [2023-09-15T16:28:49.962+0800] {dagbag.py:539} INFO - Filling up the DagBag from /opt/homebrew/lib/python3.11/site-packages/airflow/example_dags/example_trigger_controller_dag.py
[2023-09-15T16:28:49.978+0800] {processor.py:839} INFO - DAG(s) dict_keys(['example_trigger_controller_dag']) retrieved from /opt/homebrew/lib/python3.11/site-packages/airflow/example_dags/example_trigger_controller_dag.py
[2023-09-15T16:28:50.071+0800] {logging_mixin.py:151} INFO - [2023-09-15T16:28:50.070+0800] {dag.py:2915} INFO - Sync 1 DAGs
[2023-09-15T16:28:50.079+0800] {logging_mixin.py:151} INFO - [2023-09-15T16:28:50.079+0800] {dag.py:3696} INFO - Setting next_dagrun for example_trigger_controller_dag to 2021-01-01T00:00:00+00:00, run_after=2021-01-01T00:00:00+00:00
[2023-09-15T16:28:50.089+0800] {processor.py:179} INFO - Processing /opt/homebrew/lib/python3.11/site-packages/airflow/example_dags/example_trigger_controller_dag.py took 0.128 seconds
