[2023-09-15T10:58:06.184+0800] {processor.py:157} INFO - Started process (PID=75924) to work on /opt/homebrew/lib/python3.11/site-packages/airflow/example_dags/example_branch_day_of_week_operator.py
[2023-09-15T10:58:06.184+0800] {processor.py:829} INFO - Processing file /opt/homebrew/lib/python3.11/site-packages/airflow/example_dags/example_branch_day_of_week_operator.py for tasks to queue
[2023-09-15T10:58:06.184+0800] {logging_mixin.py:151} INFO - [2023-09-15T10:58:06.184+0800] {dagbag.py:539} INFO - Filling up the DagBag from /opt/homebrew/lib/python3.11/site-packages/airflow/example_dags/example_branch_day_of_week_operator.py
[2023-09-15T10:58:06.202+0800] {processor.py:839} INFO - DAG(s) dict_keys(['example_weekday_branch_operator']) retrieved from /opt/homebrew/lib/python3.11/site-packages/airflow/example_dags/example_branch_day_of_week_operator.py
[2023-09-15T10:58:06.298+0800] {logging_mixin.py:151} INFO - [2023-09-15T10:58:06.298+0800] {dag.py:2915} INFO - Sync 1 DAGs
[2023-09-15T10:58:06.307+0800] {logging_mixin.py:151} INFO - [2023-09-15T10:58:06.307+0800] {dag.py:3696} INFO - Setting next_dagrun for example_weekday_branch_operator to 2023-09-14T00:00:00+00:00, run_after=2023-09-15T00:00:00+00:00
[2023-09-15T10:58:06.318+0800] {processor.py:179} INFO - Processing /opt/homebrew/lib/python3.11/site-packages/airflow/example_dags/example_branch_day_of_week_operator.py took 0.135 seconds
[2023-09-15T16:05:46.635+0800] {processor.py:157} INFO - Started process (PID=76477) to work on /opt/homebrew/lib/python3.11/site-packages/airflow/example_dags/example_branch_day_of_week_operator.py
[2023-09-15T16:05:46.636+0800] {processor.py:829} INFO - Processing file /opt/homebrew/lib/python3.11/site-packages/airflow/example_dags/example_branch_day_of_week_operator.py for tasks to queue
[2023-09-15T16:05:46.636+0800] {logging_mixin.py:151} INFO - [2023-09-15T16:05:46.636+0800] {dagbag.py:539} INFO - Filling up the DagBag from /opt/homebrew/lib/python3.11/site-packages/airflow/example_dags/example_branch_day_of_week_operator.py
[2023-09-15T16:05:46.653+0800] {processor.py:839} INFO - DAG(s) dict_keys(['example_weekday_branch_operator']) retrieved from /opt/homebrew/lib/python3.11/site-packages/airflow/example_dags/example_branch_day_of_week_operator.py
[2023-09-15T16:05:46.747+0800] {logging_mixin.py:151} INFO - [2023-09-15T16:05:46.747+0800] {dag.py:2915} INFO - Sync 1 DAGs
[2023-09-15T16:05:46.756+0800] {logging_mixin.py:151} INFO - [2023-09-15T16:05:46.756+0800] {dag.py:3696} INFO - Setting next_dagrun for example_weekday_branch_operator to 2023-09-14T00:00:00+00:00, run_after=2023-09-15T00:00:00+00:00
[2023-09-15T16:05:46.768+0800] {processor.py:179} INFO - Processing /opt/homebrew/lib/python3.11/site-packages/airflow/example_dags/example_branch_day_of_week_operator.py took 0.133 seconds
[2023-09-15T16:07:35.421+0800] {processor.py:157} INFO - Started process (PID=76711) to work on /opt/homebrew/lib/python3.11/site-packages/airflow/example_dags/example_branch_day_of_week_operator.py
[2023-09-15T16:07:35.422+0800] {processor.py:829} INFO - Processing file /opt/homebrew/lib/python3.11/site-packages/airflow/example_dags/example_branch_day_of_week_operator.py for tasks to queue
[2023-09-15T16:07:35.422+0800] {logging_mixin.py:151} INFO - [2023-09-15T16:07:35.422+0800] {dagbag.py:539} INFO - Filling up the DagBag from /opt/homebrew/lib/python3.11/site-packages/airflow/example_dags/example_branch_day_of_week_operator.py
[2023-09-15T16:07:35.440+0800] {processor.py:839} INFO - DAG(s) dict_keys(['example_weekday_branch_operator']) retrieved from /opt/homebrew/lib/python3.11/site-packages/airflow/example_dags/example_branch_day_of_week_operator.py
[2023-09-15T16:07:35.537+0800] {logging_mixin.py:151} INFO - [2023-09-15T16:07:35.537+0800] {dag.py:2915} INFO - Sync 1 DAGs
[2023-09-15T16:07:35.546+0800] {logging_mixin.py:151} INFO - [2023-09-15T16:07:35.546+0800] {dag.py:3696} INFO - Setting next_dagrun for example_weekday_branch_operator to 2023-09-14T00:00:00+00:00, run_after=2023-09-15T00:00:00+00:00
[2023-09-15T16:07:35.557+0800] {processor.py:179} INFO - Processing /opt/homebrew/lib/python3.11/site-packages/airflow/example_dags/example_branch_day_of_week_operator.py took 0.136 seconds
[2023-09-15T16:09:18.467+0800] {processor.py:157} INFO - Started process (PID=76916) to work on /opt/homebrew/lib/python3.11/site-packages/airflow/example_dags/example_branch_day_of_week_operator.py
[2023-09-15T16:09:18.468+0800] {processor.py:829} INFO - Processing file /opt/homebrew/lib/python3.11/site-packages/airflow/example_dags/example_branch_day_of_week_operator.py for tasks to queue
[2023-09-15T16:09:18.468+0800] {logging_mixin.py:151} INFO - [2023-09-15T16:09:18.468+0800] {dagbag.py:539} INFO - Filling up the DagBag from /opt/homebrew/lib/python3.11/site-packages/airflow/example_dags/example_branch_day_of_week_operator.py
[2023-09-15T16:09:18.485+0800] {processor.py:839} INFO - DAG(s) dict_keys(['example_weekday_branch_operator']) retrieved from /opt/homebrew/lib/python3.11/site-packages/airflow/example_dags/example_branch_day_of_week_operator.py
[2023-09-15T16:09:18.580+0800] {logging_mixin.py:151} INFO - [2023-09-15T16:09:18.580+0800] {dag.py:2915} INFO - Sync 1 DAGs
[2023-09-15T16:09:18.589+0800] {logging_mixin.py:151} INFO - [2023-09-15T16:09:18.589+0800] {dag.py:3696} INFO - Setting next_dagrun for example_weekday_branch_operator to 2023-09-14T00:00:00+00:00, run_after=2023-09-15T00:00:00+00:00
[2023-09-15T16:09:18.600+0800] {processor.py:179} INFO - Processing /opt/homebrew/lib/python3.11/site-packages/airflow/example_dags/example_branch_day_of_week_operator.py took 0.133 seconds
[2023-09-15T16:11:01.439+0800] {processor.py:157} INFO - Started process (PID=77104) to work on /opt/homebrew/lib/python3.11/site-packages/airflow/example_dags/example_branch_day_of_week_operator.py
[2023-09-15T16:11:01.440+0800] {processor.py:829} INFO - Processing file /opt/homebrew/lib/python3.11/site-packages/airflow/example_dags/example_branch_day_of_week_operator.py for tasks to queue
[2023-09-15T16:11:01.440+0800] {logging_mixin.py:151} INFO - [2023-09-15T16:11:01.440+0800] {dagbag.py:539} INFO - Filling up the DagBag from /opt/homebrew/lib/python3.11/site-packages/airflow/example_dags/example_branch_day_of_week_operator.py
[2023-09-15T16:11:01.456+0800] {processor.py:839} INFO - DAG(s) dict_keys(['example_weekday_branch_operator']) retrieved from /opt/homebrew/lib/python3.11/site-packages/airflow/example_dags/example_branch_day_of_week_operator.py
[2023-09-15T16:11:01.552+0800] {logging_mixin.py:151} INFO - [2023-09-15T16:11:01.552+0800] {dag.py:2915} INFO - Sync 1 DAGs
[2023-09-15T16:11:01.561+0800] {logging_mixin.py:151} INFO - [2023-09-15T16:11:01.561+0800] {dag.py:3696} INFO - Setting next_dagrun for example_weekday_branch_operator to 2023-09-14T00:00:00+00:00, run_after=2023-09-15T00:00:00+00:00
[2023-09-15T16:11:01.572+0800] {processor.py:179} INFO - Processing /opt/homebrew/lib/python3.11/site-packages/airflow/example_dags/example_branch_day_of_week_operator.py took 0.133 seconds
[2023-09-15T16:12:47.710+0800] {processor.py:157} INFO - Started process (PID=77303) to work on /opt/homebrew/lib/python3.11/site-packages/airflow/example_dags/example_branch_day_of_week_operator.py
[2023-09-15T16:12:47.711+0800] {processor.py:829} INFO - Processing file /opt/homebrew/lib/python3.11/site-packages/airflow/example_dags/example_branch_day_of_week_operator.py for tasks to queue
[2023-09-15T16:12:47.711+0800] {logging_mixin.py:151} INFO - [2023-09-15T16:12:47.711+0800] {dagbag.py:539} INFO - Filling up the DagBag from /opt/homebrew/lib/python3.11/site-packages/airflow/example_dags/example_branch_day_of_week_operator.py
[2023-09-15T16:12:47.727+0800] {processor.py:839} INFO - DAG(s) dict_keys(['example_weekday_branch_operator']) retrieved from /opt/homebrew/lib/python3.11/site-packages/airflow/example_dags/example_branch_day_of_week_operator.py
[2023-09-15T16:12:47.822+0800] {logging_mixin.py:151} INFO - [2023-09-15T16:12:47.822+0800] {dag.py:2915} INFO - Sync 1 DAGs
[2023-09-15T16:12:47.831+0800] {logging_mixin.py:151} INFO - [2023-09-15T16:12:47.831+0800] {dag.py:3696} INFO - Setting next_dagrun for example_weekday_branch_operator to 2023-09-14T00:00:00+00:00, run_after=2023-09-15T00:00:00+00:00
[2023-09-15T16:12:47.842+0800] {processor.py:179} INFO - Processing /opt/homebrew/lib/python3.11/site-packages/airflow/example_dags/example_branch_day_of_week_operator.py took 0.133 seconds
[2023-09-15T16:14:34.140+0800] {processor.py:157} INFO - Started process (PID=77496) to work on /opt/homebrew/lib/python3.11/site-packages/airflow/example_dags/example_branch_day_of_week_operator.py
[2023-09-15T16:14:34.141+0800] {processor.py:829} INFO - Processing file /opt/homebrew/lib/python3.11/site-packages/airflow/example_dags/example_branch_day_of_week_operator.py for tasks to queue
[2023-09-15T16:14:34.141+0800] {logging_mixin.py:151} INFO - [2023-09-15T16:14:34.141+0800] {dagbag.py:539} INFO - Filling up the DagBag from /opt/homebrew/lib/python3.11/site-packages/airflow/example_dags/example_branch_day_of_week_operator.py
[2023-09-15T16:14:34.157+0800] {processor.py:839} INFO - DAG(s) dict_keys(['example_weekday_branch_operator']) retrieved from /opt/homebrew/lib/python3.11/site-packages/airflow/example_dags/example_branch_day_of_week_operator.py
[2023-09-15T16:14:34.252+0800] {logging_mixin.py:151} INFO - [2023-09-15T16:14:34.252+0800] {dag.py:2915} INFO - Sync 1 DAGs
[2023-09-15T16:14:34.261+0800] {logging_mixin.py:151} INFO - [2023-09-15T16:14:34.261+0800] {dag.py:3696} INFO - Setting next_dagrun for example_weekday_branch_operator to 2023-09-14T00:00:00+00:00, run_after=2023-09-15T00:00:00+00:00
[2023-09-15T16:14:34.272+0800] {processor.py:179} INFO - Processing /opt/homebrew/lib/python3.11/site-packages/airflow/example_dags/example_branch_day_of_week_operator.py took 0.133 seconds
[2023-09-15T16:16:18.755+0800] {processor.py:157} INFO - Started process (PID=77691) to work on /opt/homebrew/lib/python3.11/site-packages/airflow/example_dags/example_branch_day_of_week_operator.py
[2023-09-15T16:16:18.755+0800] {processor.py:829} INFO - Processing file /opt/homebrew/lib/python3.11/site-packages/airflow/example_dags/example_branch_day_of_week_operator.py for tasks to queue
[2023-09-15T16:16:18.756+0800] {logging_mixin.py:151} INFO - [2023-09-15T16:16:18.756+0800] {dagbag.py:539} INFO - Filling up the DagBag from /opt/homebrew/lib/python3.11/site-packages/airflow/example_dags/example_branch_day_of_week_operator.py
[2023-09-15T16:16:18.772+0800] {processor.py:839} INFO - DAG(s) dict_keys(['example_weekday_branch_operator']) retrieved from /opt/homebrew/lib/python3.11/site-packages/airflow/example_dags/example_branch_day_of_week_operator.py
[2023-09-15T16:16:18.867+0800] {logging_mixin.py:151} INFO - [2023-09-15T16:16:18.867+0800] {dag.py:2915} INFO - Sync 1 DAGs
[2023-09-15T16:16:18.876+0800] {logging_mixin.py:151} INFO - [2023-09-15T16:16:18.876+0800] {dag.py:3696} INFO - Setting next_dagrun for example_weekday_branch_operator to 2023-09-14T00:00:00+00:00, run_after=2023-09-15T00:00:00+00:00
[2023-09-15T16:16:18.887+0800] {processor.py:179} INFO - Processing /opt/homebrew/lib/python3.11/site-packages/airflow/example_dags/example_branch_day_of_week_operator.py took 0.133 seconds
[2023-09-15T16:18:02.532+0800] {processor.py:157} INFO - Started process (PID=77879) to work on /opt/homebrew/lib/python3.11/site-packages/airflow/example_dags/example_branch_day_of_week_operator.py
[2023-09-15T16:18:02.532+0800] {processor.py:829} INFO - Processing file /opt/homebrew/lib/python3.11/site-packages/airflow/example_dags/example_branch_day_of_week_operator.py for tasks to queue
[2023-09-15T16:18:02.533+0800] {logging_mixin.py:151} INFO - [2023-09-15T16:18:02.532+0800] {dagbag.py:539} INFO - Filling up the DagBag from /opt/homebrew/lib/python3.11/site-packages/airflow/example_dags/example_branch_day_of_week_operator.py
[2023-09-15T16:18:02.549+0800] {processor.py:839} INFO - DAG(s) dict_keys(['example_weekday_branch_operator']) retrieved from /opt/homebrew/lib/python3.11/site-packages/airflow/example_dags/example_branch_day_of_week_operator.py
[2023-09-15T16:18:02.645+0800] {logging_mixin.py:151} INFO - [2023-09-15T16:18:02.644+0800] {dag.py:2915} INFO - Sync 1 DAGs
[2023-09-15T16:18:02.654+0800] {logging_mixin.py:151} INFO - [2023-09-15T16:18:02.654+0800] {dag.py:3696} INFO - Setting next_dagrun for example_weekday_branch_operator to 2023-09-14T00:00:00+00:00, run_after=2023-09-15T00:00:00+00:00
[2023-09-15T16:18:02.665+0800] {processor.py:179} INFO - Processing /opt/homebrew/lib/python3.11/site-packages/airflow/example_dags/example_branch_day_of_week_operator.py took 0.133 seconds
[2023-09-15T16:19:47.281+0800] {processor.py:157} INFO - Started process (PID=78064) to work on /opt/homebrew/lib/python3.11/site-packages/airflow/example_dags/example_branch_day_of_week_operator.py
[2023-09-15T16:19:47.282+0800] {processor.py:829} INFO - Processing file /opt/homebrew/lib/python3.11/site-packages/airflow/example_dags/example_branch_day_of_week_operator.py for tasks to queue
[2023-09-15T16:19:47.282+0800] {logging_mixin.py:151} INFO - [2023-09-15T16:19:47.282+0800] {dagbag.py:539} INFO - Filling up the DagBag from /opt/homebrew/lib/python3.11/site-packages/airflow/example_dags/example_branch_day_of_week_operator.py
[2023-09-15T16:19:47.301+0800] {processor.py:839} INFO - DAG(s) dict_keys(['example_weekday_branch_operator']) retrieved from /opt/homebrew/lib/python3.11/site-packages/airflow/example_dags/example_branch_day_of_week_operator.py
[2023-09-15T16:19:47.406+0800] {logging_mixin.py:151} INFO - [2023-09-15T16:19:47.405+0800] {dag.py:2915} INFO - Sync 1 DAGs
[2023-09-15T16:19:47.415+0800] {logging_mixin.py:151} INFO - [2023-09-15T16:19:47.415+0800] {dag.py:3696} INFO - Setting next_dagrun for example_weekday_branch_operator to 2023-09-14T00:00:00+00:00, run_after=2023-09-15T00:00:00+00:00
[2023-09-15T16:19:47.426+0800] {processor.py:179} INFO - Processing /opt/homebrew/lib/python3.11/site-packages/airflow/example_dags/example_branch_day_of_week_operator.py took 0.145 seconds
[2023-09-15T16:21:34.345+0800] {processor.py:157} INFO - Started process (PID=78256) to work on /opt/homebrew/lib/python3.11/site-packages/airflow/example_dags/example_branch_day_of_week_operator.py
[2023-09-15T16:21:34.345+0800] {processor.py:829} INFO - Processing file /opt/homebrew/lib/python3.11/site-packages/airflow/example_dags/example_branch_day_of_week_operator.py for tasks to queue
[2023-09-15T16:21:34.345+0800] {logging_mixin.py:151} INFO - [2023-09-15T16:21:34.345+0800] {dagbag.py:539} INFO - Filling up the DagBag from /opt/homebrew/lib/python3.11/site-packages/airflow/example_dags/example_branch_day_of_week_operator.py
[2023-09-15T16:21:34.362+0800] {processor.py:839} INFO - DAG(s) dict_keys(['example_weekday_branch_operator']) retrieved from /opt/homebrew/lib/python3.11/site-packages/airflow/example_dags/example_branch_day_of_week_operator.py
[2023-09-15T16:21:34.457+0800] {logging_mixin.py:151} INFO - [2023-09-15T16:21:34.456+0800] {dag.py:2915} INFO - Sync 1 DAGs
[2023-09-15T16:21:34.466+0800] {logging_mixin.py:151} INFO - [2023-09-15T16:21:34.465+0800] {dag.py:3696} INFO - Setting next_dagrun for example_weekday_branch_operator to 2023-09-14T00:00:00+00:00, run_after=2023-09-15T00:00:00+00:00
[2023-09-15T16:21:34.476+0800] {processor.py:179} INFO - Processing /opt/homebrew/lib/python3.11/site-packages/airflow/example_dags/example_branch_day_of_week_operator.py took 0.132 seconds
[2023-09-15T16:23:17.059+0800] {processor.py:157} INFO - Started process (PID=78443) to work on /opt/homebrew/lib/python3.11/site-packages/airflow/example_dags/example_branch_day_of_week_operator.py
[2023-09-15T16:23:17.059+0800] {processor.py:829} INFO - Processing file /opt/homebrew/lib/python3.11/site-packages/airflow/example_dags/example_branch_day_of_week_operator.py for tasks to queue
[2023-09-15T16:23:17.060+0800] {logging_mixin.py:151} INFO - [2023-09-15T16:23:17.060+0800] {dagbag.py:539} INFO - Filling up the DagBag from /opt/homebrew/lib/python3.11/site-packages/airflow/example_dags/example_branch_day_of_week_operator.py
[2023-09-15T16:23:17.076+0800] {processor.py:839} INFO - DAG(s) dict_keys(['example_weekday_branch_operator']) retrieved from /opt/homebrew/lib/python3.11/site-packages/airflow/example_dags/example_branch_day_of_week_operator.py
[2023-09-15T16:23:17.172+0800] {logging_mixin.py:151} INFO - [2023-09-15T16:23:17.172+0800] {dag.py:2915} INFO - Sync 1 DAGs
[2023-09-15T16:23:17.181+0800] {logging_mixin.py:151} INFO - [2023-09-15T16:23:17.181+0800] {dag.py:3696} INFO - Setting next_dagrun for example_weekday_branch_operator to 2023-09-14T00:00:00+00:00, run_after=2023-09-15T00:00:00+00:00
[2023-09-15T16:23:17.192+0800] {processor.py:179} INFO - Processing /opt/homebrew/lib/python3.11/site-packages/airflow/example_dags/example_branch_day_of_week_operator.py took 0.133 seconds
[2023-09-15T16:25:00.930+0800] {processor.py:157} INFO - Started process (PID=78634) to work on /opt/homebrew/lib/python3.11/site-packages/airflow/example_dags/example_branch_day_of_week_operator.py
[2023-09-15T16:25:00.930+0800] {processor.py:829} INFO - Processing file /opt/homebrew/lib/python3.11/site-packages/airflow/example_dags/example_branch_day_of_week_operator.py for tasks to queue
[2023-09-15T16:25:00.930+0800] {logging_mixin.py:151} INFO - [2023-09-15T16:25:00.930+0800] {dagbag.py:539} INFO - Filling up the DagBag from /opt/homebrew/lib/python3.11/site-packages/airflow/example_dags/example_branch_day_of_week_operator.py
[2023-09-15T16:25:00.947+0800] {processor.py:839} INFO - DAG(s) dict_keys(['example_weekday_branch_operator']) retrieved from /opt/homebrew/lib/python3.11/site-packages/airflow/example_dags/example_branch_day_of_week_operator.py
[2023-09-15T16:25:01.042+0800] {logging_mixin.py:151} INFO - [2023-09-15T16:25:01.042+0800] {dag.py:2915} INFO - Sync 1 DAGs
[2023-09-15T16:25:01.051+0800] {logging_mixin.py:151} INFO - [2023-09-15T16:25:01.051+0800] {dag.py:3696} INFO - Setting next_dagrun for example_weekday_branch_operator to 2023-09-14T00:00:00+00:00, run_after=2023-09-15T00:00:00+00:00
[2023-09-15T16:25:01.062+0800] {processor.py:179} INFO - Processing /opt/homebrew/lib/python3.11/site-packages/airflow/example_dags/example_branch_day_of_week_operator.py took 0.133 seconds
[2023-09-15T16:26:44.721+0800] {processor.py:157} INFO - Started process (PID=78819) to work on /opt/homebrew/lib/python3.11/site-packages/airflow/example_dags/example_branch_day_of_week_operator.py
[2023-09-15T16:26:44.721+0800] {processor.py:829} INFO - Processing file /opt/homebrew/lib/python3.11/site-packages/airflow/example_dags/example_branch_day_of_week_operator.py for tasks to queue
[2023-09-15T16:26:44.721+0800] {logging_mixin.py:151} INFO - [2023-09-15T16:26:44.721+0800] {dagbag.py:539} INFO - Filling up the DagBag from /opt/homebrew/lib/python3.11/site-packages/airflow/example_dags/example_branch_day_of_week_operator.py
[2023-09-15T16:26:44.738+0800] {processor.py:839} INFO - DAG(s) dict_keys(['example_weekday_branch_operator']) retrieved from /opt/homebrew/lib/python3.11/site-packages/airflow/example_dags/example_branch_day_of_week_operator.py
[2023-09-15T16:26:44.833+0800] {logging_mixin.py:151} INFO - [2023-09-15T16:26:44.833+0800] {dag.py:2915} INFO - Sync 1 DAGs
[2023-09-15T16:26:44.842+0800] {logging_mixin.py:151} INFO - [2023-09-15T16:26:44.842+0800] {dag.py:3696} INFO - Setting next_dagrun for example_weekday_branch_operator to 2023-09-14T00:00:00+00:00, run_after=2023-09-15T00:00:00+00:00
[2023-09-15T16:26:44.853+0800] {processor.py:179} INFO - Processing /opt/homebrew/lib/python3.11/site-packages/airflow/example_dags/example_branch_day_of_week_operator.py took 0.133 seconds
[2023-09-15T16:28:24.113+0800] {processor.py:157} INFO - Started process (PID=78994) to work on /opt/homebrew/lib/python3.11/site-packages/airflow/example_dags/example_branch_day_of_week_operator.py
[2023-09-15T16:28:24.114+0800] {processor.py:829} INFO - Processing file /opt/homebrew/lib/python3.11/site-packages/airflow/example_dags/example_branch_day_of_week_operator.py for tasks to queue
[2023-09-15T16:28:24.114+0800] {logging_mixin.py:151} INFO - [2023-09-15T16:28:24.114+0800] {dagbag.py:539} INFO - Filling up the DagBag from /opt/homebrew/lib/python3.11/site-packages/airflow/example_dags/example_branch_day_of_week_operator.py
[2023-09-15T16:28:24.131+0800] {processor.py:839} INFO - DAG(s) dict_keys(['example_weekday_branch_operator']) retrieved from /opt/homebrew/lib/python3.11/site-packages/airflow/example_dags/example_branch_day_of_week_operator.py
[2023-09-15T16:28:24.226+0800] {logging_mixin.py:151} INFO - [2023-09-15T16:28:24.226+0800] {dag.py:2915} INFO - Sync 1 DAGs
[2023-09-15T16:28:24.235+0800] {logging_mixin.py:151} INFO - [2023-09-15T16:28:24.235+0800] {dag.py:3696} INFO - Setting next_dagrun for example_weekday_branch_operator to 2023-09-14T00:00:00+00:00, run_after=2023-09-15T00:00:00+00:00
[2023-09-15T16:28:24.246+0800] {processor.py:179} INFO - Processing /opt/homebrew/lib/python3.11/site-packages/airflow/example_dags/example_branch_day_of_week_operator.py took 0.133 seconds
[2023-09-15T16:30:04.189+0800] {processor.py:157} INFO - Started process (PID=79203) to work on /opt/homebrew/lib/python3.11/site-packages/airflow/example_dags/example_branch_day_of_week_operator.py
[2023-09-15T16:30:04.190+0800] {processor.py:829} INFO - Processing file /opt/homebrew/lib/python3.11/site-packages/airflow/example_dags/example_branch_day_of_week_operator.py for tasks to queue
[2023-09-15T16:30:04.190+0800] {logging_mixin.py:151} INFO - [2023-09-15T16:30:04.190+0800] {dagbag.py:539} INFO - Filling up the DagBag from /opt/homebrew/lib/python3.11/site-packages/airflow/example_dags/example_branch_day_of_week_operator.py
[2023-09-15T16:30:04.206+0800] {processor.py:839} INFO - DAG(s) dict_keys(['example_weekday_branch_operator']) retrieved from /opt/homebrew/lib/python3.11/site-packages/airflow/example_dags/example_branch_day_of_week_operator.py
[2023-09-15T16:30:04.301+0800] {logging_mixin.py:151} INFO - [2023-09-15T16:30:04.301+0800] {dag.py:2915} INFO - Sync 1 DAGs
[2023-09-15T16:30:04.310+0800] {logging_mixin.py:151} INFO - [2023-09-15T16:30:04.310+0800] {dag.py:3696} INFO - Setting next_dagrun for example_weekday_branch_operator to 2023-09-14T00:00:00+00:00, run_after=2023-09-15T00:00:00+00:00
[2023-09-15T16:30:04.321+0800] {processor.py:179} INFO - Processing /opt/homebrew/lib/python3.11/site-packages/airflow/example_dags/example_branch_day_of_week_operator.py took 0.132 seconds
