[2023-09-15T08:22:23.035+0800] {processor.py:157} INFO - Started process (PID=75647) to work on /opt/homebrew/lib/python3.11/site-packages/airflow/example_dags/tutorial.py
[2023-09-15T08:22:23.035+0800] {processor.py:829} INFO - Processing file /opt/homebrew/lib/python3.11/site-packages/airflow/example_dags/tutorial.py for tasks to queue
[2023-09-15T08:22:23.035+0800] {logging_mixin.py:151} INFO - [2023-09-15T08:22:23.035+0800] {dagbag.py:539} INFO - Filling up the DagBag from /opt/homebrew/lib/python3.11/site-packages/airflow/example_dags/tutorial.py
[2023-09-15T08:22:23.051+0800] {processor.py:839} INFO - DAG(s) dict_keys(['tutorial']) retrieved from /opt/homebrew/lib/python3.11/site-packages/airflow/example_dags/tutorial.py
[2023-09-15T08:22:23.147+0800] {logging_mixin.py:151} INFO - [2023-09-15T08:22:23.147+0800] {dag.py:2915} INFO - Sync 1 DAGs
[2023-09-15T08:22:23.156+0800] {logging_mixin.py:151} INFO - [2023-09-15T08:22:23.156+0800] {dag.py:3696} INFO - Setting next_dagrun for tutorial to 2023-09-14T00:22:23.156039+00:00, run_after=2023-09-15T00:22:23.156039+00:00
[2023-09-15T08:22:23.168+0800] {processor.py:179} INFO - Processing /opt/homebrew/lib/python3.11/site-packages/airflow/example_dags/tutorial.py took 0.134 seconds
[2023-09-15T11:45:20.272+0800] {processor.py:157} INFO - Started process (PID=75986) to work on /opt/homebrew/lib/python3.11/site-packages/airflow/example_dags/tutorial.py
[2023-09-15T11:45:20.273+0800] {processor.py:829} INFO - Processing file /opt/homebrew/lib/python3.11/site-packages/airflow/example_dags/tutorial.py for tasks to queue
[2023-09-15T11:45:20.273+0800] {logging_mixin.py:151} INFO - [2023-09-15T11:45:20.273+0800] {dagbag.py:539} INFO - Filling up the DagBag from /opt/homebrew/lib/python3.11/site-packages/airflow/example_dags/tutorial.py
[2023-09-15T11:45:20.289+0800] {processor.py:839} INFO - DAG(s) dict_keys(['tutorial']) retrieved from /opt/homebrew/lib/python3.11/site-packages/airflow/example_dags/tutorial.py
[2023-09-15T11:45:20.834+0800] {logging_mixin.py:151} INFO - [2023-09-15T11:45:20.834+0800] {security.py:708} INFO - Not syncing DAG-level permissions for DAG 'DAG:tutorial' as access control is unset.
[2023-09-15T11:45:20.834+0800] {logging_mixin.py:151} INFO - [2023-09-15T11:45:20.834+0800] {dag.py:2915} INFO - Sync 1 DAGs
[2023-09-15T11:45:20.842+0800] {logging_mixin.py:151} INFO - [2023-09-15T11:45:20.842+0800] {dag.py:3696} INFO - Setting next_dagrun for tutorial to 2023-09-14T03:45:20.842655+00:00, run_after=2023-09-15T03:45:20.842655+00:00
[2023-09-15T11:45:20.853+0800] {processor.py:179} INFO - Processing /opt/homebrew/lib/python3.11/site-packages/airflow/example_dags/tutorial.py took 0.580 seconds
[2023-09-15T14:50:39.555+0800] {processor.py:157} INFO - Started process (PID=76272) to work on /opt/homebrew/lib/python3.11/site-packages/airflow/example_dags/tutorial.py
[2023-09-15T14:50:39.556+0800] {processor.py:829} INFO - Processing file /opt/homebrew/lib/python3.11/site-packages/airflow/example_dags/tutorial.py for tasks to queue
[2023-09-15T14:50:39.556+0800] {logging_mixin.py:151} INFO - [2023-09-15T14:50:39.556+0800] {dagbag.py:539} INFO - Filling up the DagBag from /opt/homebrew/lib/python3.11/site-packages/airflow/example_dags/tutorial.py
[2023-09-15T14:50:39.572+0800] {processor.py:839} INFO - DAG(s) dict_keys(['tutorial']) retrieved from /opt/homebrew/lib/python3.11/site-packages/airflow/example_dags/tutorial.py
[2023-09-15T14:50:39.667+0800] {logging_mixin.py:151} INFO - [2023-09-15T14:50:39.667+0800] {dag.py:2915} INFO - Sync 1 DAGs
[2023-09-15T14:50:39.676+0800] {logging_mixin.py:151} INFO - [2023-09-15T14:50:39.676+0800] {dag.py:3696} INFO - Setting next_dagrun for tutorial to 2023-09-14T06:50:39.676075+00:00, run_after=2023-09-15T06:50:39.676075+00:00
[2023-09-15T14:50:39.687+0800] {processor.py:179} INFO - Processing /opt/homebrew/lib/python3.11/site-packages/airflow/example_dags/tutorial.py took 0.132 seconds
[2023-09-15T16:06:05.520+0800] {processor.py:157} INFO - Started process (PID=76510) to work on /opt/homebrew/lib/python3.11/site-packages/airflow/example_dags/tutorial.py
[2023-09-15T16:06:05.521+0800] {processor.py:829} INFO - Processing file /opt/homebrew/lib/python3.11/site-packages/airflow/example_dags/tutorial.py for tasks to queue
[2023-09-15T16:06:05.521+0800] {logging_mixin.py:151} INFO - [2023-09-15T16:06:05.521+0800] {dagbag.py:539} INFO - Filling up the DagBag from /opt/homebrew/lib/python3.11/site-packages/airflow/example_dags/tutorial.py
[2023-09-15T16:06:05.537+0800] {processor.py:839} INFO - DAG(s) dict_keys(['tutorial']) retrieved from /opt/homebrew/lib/python3.11/site-packages/airflow/example_dags/tutorial.py
[2023-09-15T16:06:05.631+0800] {logging_mixin.py:151} INFO - [2023-09-15T16:06:05.631+0800] {dag.py:2915} INFO - Sync 1 DAGs
[2023-09-15T16:06:05.640+0800] {logging_mixin.py:151} INFO - [2023-09-15T16:06:05.639+0800] {dag.py:3696} INFO - Setting next_dagrun for tutorial to 2023-09-14T08:06:05.639907+00:00, run_after=2023-09-15T08:06:05.639907+00:00
[2023-09-15T16:06:05.650+0800] {processor.py:179} INFO - Processing /opt/homebrew/lib/python3.11/site-packages/airflow/example_dags/tutorial.py took 0.131 seconds
[2023-09-15T16:07:01.819+0800] {processor.py:157} INFO - Started process (PID=76616) to work on /opt/homebrew/lib/python3.11/site-packages/airflow/example_dags/tutorial.py
[2023-09-15T16:07:01.820+0800] {processor.py:829} INFO - Processing file /opt/homebrew/lib/python3.11/site-packages/airflow/example_dags/tutorial.py for tasks to queue
[2023-09-15T16:07:01.820+0800] {logging_mixin.py:151} INFO - [2023-09-15T16:07:01.820+0800] {dagbag.py:539} INFO - Filling up the DagBag from /opt/homebrew/lib/python3.11/site-packages/airflow/example_dags/tutorial.py
[2023-09-15T16:07:01.836+0800] {processor.py:839} INFO - DAG(s) dict_keys(['tutorial']) retrieved from /opt/homebrew/lib/python3.11/site-packages/airflow/example_dags/tutorial.py
[2023-09-15T16:07:01.932+0800] {logging_mixin.py:151} INFO - [2023-09-15T16:07:01.932+0800] {dag.py:2915} INFO - Sync 1 DAGs
[2023-09-15T16:07:01.940+0800] {logging_mixin.py:151} INFO - [2023-09-15T16:07:01.940+0800] {dag.py:3696} INFO - Setting next_dagrun for tutorial to 2023-09-14T08:07:01.940511+00:00, run_after=2023-09-15T08:07:01.940511+00:00
[2023-09-15T16:07:01.951+0800] {processor.py:179} INFO - Processing /opt/homebrew/lib/python3.11/site-packages/airflow/example_dags/tutorial.py took 0.133 seconds
[2023-09-15T16:07:54.503+0800] {processor.py:157} INFO - Started process (PID=76746) to work on /opt/homebrew/lib/python3.11/site-packages/airflow/example_dags/tutorial.py
[2023-09-15T16:07:54.503+0800] {processor.py:829} INFO - Processing file /opt/homebrew/lib/python3.11/site-packages/airflow/example_dags/tutorial.py for tasks to queue
[2023-09-15T16:07:54.503+0800] {logging_mixin.py:151} INFO - [2023-09-15T16:07:54.503+0800] {dagbag.py:539} INFO - Filling up the DagBag from /opt/homebrew/lib/python3.11/site-packages/airflow/example_dags/tutorial.py
[2023-09-15T16:07:54.519+0800] {processor.py:839} INFO - DAG(s) dict_keys(['tutorial']) retrieved from /opt/homebrew/lib/python3.11/site-packages/airflow/example_dags/tutorial.py
[2023-09-15T16:07:54.614+0800] {logging_mixin.py:151} INFO - [2023-09-15T16:07:54.614+0800] {dag.py:2915} INFO - Sync 1 DAGs
[2023-09-15T16:07:54.622+0800] {logging_mixin.py:151} INFO - [2023-09-15T16:07:54.622+0800] {dag.py:3696} INFO - Setting next_dagrun for tutorial to 2023-09-14T08:07:54.622311+00:00, run_after=2023-09-15T08:07:54.622311+00:00
[2023-09-15T16:07:54.633+0800] {processor.py:179} INFO - Processing /opt/homebrew/lib/python3.11/site-packages/airflow/example_dags/tutorial.py took 0.131 seconds
[2023-09-15T16:08:42.192+0800] {processor.py:157} INFO - Started process (PID=76831) to work on /opt/homebrew/lib/python3.11/site-packages/airflow/example_dags/tutorial.py
[2023-09-15T16:08:42.192+0800] {processor.py:829} INFO - Processing file /opt/homebrew/lib/python3.11/site-packages/airflow/example_dags/tutorial.py for tasks to queue
[2023-09-15T16:08:42.193+0800] {logging_mixin.py:151} INFO - [2023-09-15T16:08:42.192+0800] {dagbag.py:539} INFO - Filling up the DagBag from /opt/homebrew/lib/python3.11/site-packages/airflow/example_dags/tutorial.py
[2023-09-15T16:08:42.208+0800] {processor.py:839} INFO - DAG(s) dict_keys(['tutorial']) retrieved from /opt/homebrew/lib/python3.11/site-packages/airflow/example_dags/tutorial.py
[2023-09-15T16:08:42.304+0800] {logging_mixin.py:151} INFO - [2023-09-15T16:08:42.304+0800] {dag.py:2915} INFO - Sync 1 DAGs
[2023-09-15T16:08:42.313+0800] {logging_mixin.py:151} INFO - [2023-09-15T16:08:42.313+0800] {dag.py:3696} INFO - Setting next_dagrun for tutorial to 2023-09-14T08:08:42.313327+00:00, run_after=2023-09-15T08:08:42.313327+00:00
[2023-09-15T16:08:42.324+0800] {processor.py:179} INFO - Processing /opt/homebrew/lib/python3.11/site-packages/airflow/example_dags/tutorial.py took 0.133 seconds
[2023-09-15T16:09:37.550+0800] {processor.py:157} INFO - Started process (PID=76951) to work on /opt/homebrew/lib/python3.11/site-packages/airflow/example_dags/tutorial.py
[2023-09-15T16:09:37.550+0800] {processor.py:829} INFO - Processing file /opt/homebrew/lib/python3.11/site-packages/airflow/example_dags/tutorial.py for tasks to queue
[2023-09-15T16:09:37.551+0800] {logging_mixin.py:151} INFO - [2023-09-15T16:09:37.551+0800] {dagbag.py:539} INFO - Filling up the DagBag from /opt/homebrew/lib/python3.11/site-packages/airflow/example_dags/tutorial.py
[2023-09-15T16:09:37.566+0800] {processor.py:839} INFO - DAG(s) dict_keys(['tutorial']) retrieved from /opt/homebrew/lib/python3.11/site-packages/airflow/example_dags/tutorial.py
[2023-09-15T16:09:37.662+0800] {logging_mixin.py:151} INFO - [2023-09-15T16:09:37.662+0800] {dag.py:2915} INFO - Sync 1 DAGs
[2023-09-15T16:09:37.670+0800] {logging_mixin.py:151} INFO - [2023-09-15T16:09:37.670+0800] {dag.py:3696} INFO - Setting next_dagrun for tutorial to 2023-09-14T08:09:37.670427+00:00, run_after=2023-09-15T08:09:37.670427+00:00
[2023-09-15T16:09:37.681+0800] {processor.py:179} INFO - Processing /opt/homebrew/lib/python3.11/site-packages/airflow/example_dags/tutorial.py took 0.132 seconds
[2023-09-15T16:10:30.107+0800] {processor.py:157} INFO - Started process (PID=77048) to work on /opt/homebrew/lib/python3.11/site-packages/airflow/example_dags/tutorial.py
[2023-09-15T16:10:30.108+0800] {processor.py:829} INFO - Processing file /opt/homebrew/lib/python3.11/site-packages/airflow/example_dags/tutorial.py for tasks to queue
[2023-09-15T16:10:30.108+0800] {logging_mixin.py:151} INFO - [2023-09-15T16:10:30.108+0800] {dagbag.py:539} INFO - Filling up the DagBag from /opt/homebrew/lib/python3.11/site-packages/airflow/example_dags/tutorial.py
[2023-09-15T16:10:30.123+0800] {processor.py:839} INFO - DAG(s) dict_keys(['tutorial']) retrieved from /opt/homebrew/lib/python3.11/site-packages/airflow/example_dags/tutorial.py
[2023-09-15T16:10:30.218+0800] {logging_mixin.py:151} INFO - [2023-09-15T16:10:30.218+0800] {dag.py:2915} INFO - Sync 1 DAGs
[2023-09-15T16:10:30.226+0800] {logging_mixin.py:151} INFO - [2023-09-15T16:10:30.226+0800] {dag.py:3696} INFO - Setting next_dagrun for tutorial to 2023-09-14T08:10:30.226637+00:00, run_after=2023-09-15T08:10:30.226637+00:00
[2023-09-15T16:10:30.237+0800] {processor.py:179} INFO - Processing /opt/homebrew/lib/python3.11/site-packages/airflow/example_dags/tutorial.py took 0.130 seconds
[2023-09-15T16:11:21.714+0800] {processor.py:157} INFO - Started process (PID=77138) to work on /opt/homebrew/lib/python3.11/site-packages/airflow/example_dags/tutorial.py
[2023-09-15T16:11:21.715+0800] {processor.py:829} INFO - Processing file /opt/homebrew/lib/python3.11/site-packages/airflow/example_dags/tutorial.py for tasks to queue
[2023-09-15T16:11:21.715+0800] {logging_mixin.py:151} INFO - [2023-09-15T16:11:21.715+0800] {dagbag.py:539} INFO - Filling up the DagBag from /opt/homebrew/lib/python3.11/site-packages/airflow/example_dags/tutorial.py
[2023-09-15T16:11:21.730+0800] {processor.py:839} INFO - DAG(s) dict_keys(['tutorial']) retrieved from /opt/homebrew/lib/python3.11/site-packages/airflow/example_dags/tutorial.py
[2023-09-15T16:11:21.825+0800] {logging_mixin.py:151} INFO - [2023-09-15T16:11:21.825+0800] {dag.py:2915} INFO - Sync 1 DAGs
[2023-09-15T16:11:21.834+0800] {logging_mixin.py:151} INFO - [2023-09-15T16:11:21.833+0800] {dag.py:3696} INFO - Setting next_dagrun for tutorial to 2023-09-14T08:11:21.833903+00:00, run_after=2023-09-15T08:11:21.833903+00:00
[2023-09-15T16:11:21.844+0800] {processor.py:179} INFO - Processing /opt/homebrew/lib/python3.11/site-packages/airflow/example_dags/tutorial.py took 0.130 seconds
[2023-09-15T16:12:15.059+0800] {processor.py:157} INFO - Started process (PID=77245) to work on /opt/homebrew/lib/python3.11/site-packages/airflow/example_dags/tutorial.py
[2023-09-15T16:12:15.059+0800] {processor.py:829} INFO - Processing file /opt/homebrew/lib/python3.11/site-packages/airflow/example_dags/tutorial.py for tasks to queue
[2023-09-15T16:12:15.060+0800] {logging_mixin.py:151} INFO - [2023-09-15T16:12:15.059+0800] {dagbag.py:539} INFO - Filling up the DagBag from /opt/homebrew/lib/python3.11/site-packages/airflow/example_dags/tutorial.py
[2023-09-15T16:12:15.075+0800] {processor.py:839} INFO - DAG(s) dict_keys(['tutorial']) retrieved from /opt/homebrew/lib/python3.11/site-packages/airflow/example_dags/tutorial.py
[2023-09-15T16:12:15.170+0800] {logging_mixin.py:151} INFO - [2023-09-15T16:12:15.170+0800] {dag.py:2915} INFO - Sync 1 DAGs
[2023-09-15T16:12:15.178+0800] {logging_mixin.py:151} INFO - [2023-09-15T16:12:15.178+0800] {dag.py:3696} INFO - Setting next_dagrun for tutorial to 2023-09-14T08:12:15.178415+00:00, run_after=2023-09-15T08:12:15.178415+00:00
[2023-09-15T16:12:15.189+0800] {processor.py:179} INFO - Processing /opt/homebrew/lib/python3.11/site-packages/airflow/example_dags/tutorial.py took 0.131 seconds
[2023-09-15T16:13:08.028+0800] {processor.py:157} INFO - Started process (PID=77342) to work on /opt/homebrew/lib/python3.11/site-packages/airflow/example_dags/tutorial.py
[2023-09-15T16:13:08.029+0800] {processor.py:829} INFO - Processing file /opt/homebrew/lib/python3.11/site-packages/airflow/example_dags/tutorial.py for tasks to queue
[2023-09-15T16:13:08.029+0800] {logging_mixin.py:151} INFO - [2023-09-15T16:13:08.029+0800] {dagbag.py:539} INFO - Filling up the DagBag from /opt/homebrew/lib/python3.11/site-packages/airflow/example_dags/tutorial.py
[2023-09-15T16:13:08.044+0800] {processor.py:839} INFO - DAG(s) dict_keys(['tutorial']) retrieved from /opt/homebrew/lib/python3.11/site-packages/airflow/example_dags/tutorial.py
[2023-09-15T16:13:08.139+0800] {logging_mixin.py:151} INFO - [2023-09-15T16:13:08.139+0800] {dag.py:2915} INFO - Sync 1 DAGs
[2023-09-15T16:13:08.147+0800] {logging_mixin.py:151} INFO - [2023-09-15T16:13:08.147+0800] {dag.py:3696} INFO - Setting next_dagrun for tutorial to 2023-09-14T08:13:08.147741+00:00, run_after=2023-09-15T08:13:08.147741+00:00
[2023-09-15T16:13:08.158+0800] {processor.py:179} INFO - Processing /opt/homebrew/lib/python3.11/site-packages/airflow/example_dags/tutorial.py took 0.130 seconds
[2023-09-15T16:14:01.713+0800] {processor.py:157} INFO - Started process (PID=77435) to work on /opt/homebrew/lib/python3.11/site-packages/airflow/example_dags/tutorial.py
[2023-09-15T16:14:01.713+0800] {processor.py:829} INFO - Processing file /opt/homebrew/lib/python3.11/site-packages/airflow/example_dags/tutorial.py for tasks to queue
[2023-09-15T16:14:01.713+0800] {logging_mixin.py:151} INFO - [2023-09-15T16:14:01.713+0800] {dagbag.py:539} INFO - Filling up the DagBag from /opt/homebrew/lib/python3.11/site-packages/airflow/example_dags/tutorial.py
[2023-09-15T16:14:01.729+0800] {processor.py:839} INFO - DAG(s) dict_keys(['tutorial']) retrieved from /opt/homebrew/lib/python3.11/site-packages/airflow/example_dags/tutorial.py
[2023-09-15T16:14:01.824+0800] {logging_mixin.py:151} INFO - [2023-09-15T16:14:01.824+0800] {dag.py:2915} INFO - Sync 1 DAGs
[2023-09-15T16:14:01.833+0800] {logging_mixin.py:151} INFO - [2023-09-15T16:14:01.833+0800] {dag.py:3696} INFO - Setting next_dagrun for tutorial to 2023-09-14T08:14:01.833350+00:00, run_after=2023-09-15T08:14:01.833350+00:00
[2023-09-15T16:14:01.844+0800] {processor.py:179} INFO - Processing /opt/homebrew/lib/python3.11/site-packages/airflow/example_dags/tutorial.py took 0.132 seconds
[2023-09-15T16:14:53.050+0800] {processor.py:157} INFO - Started process (PID=77530) to work on /opt/homebrew/lib/python3.11/site-packages/airflow/example_dags/tutorial.py
[2023-09-15T16:14:53.051+0800] {processor.py:829} INFO - Processing file /opt/homebrew/lib/python3.11/site-packages/airflow/example_dags/tutorial.py for tasks to queue
[2023-09-15T16:14:53.051+0800] {logging_mixin.py:151} INFO - [2023-09-15T16:14:53.051+0800] {dagbag.py:539} INFO - Filling up the DagBag from /opt/homebrew/lib/python3.11/site-packages/airflow/example_dags/tutorial.py
[2023-09-15T16:14:53.066+0800] {processor.py:839} INFO - DAG(s) dict_keys(['tutorial']) retrieved from /opt/homebrew/lib/python3.11/site-packages/airflow/example_dags/tutorial.py
[2023-09-15T16:14:53.161+0800] {logging_mixin.py:151} INFO - [2023-09-15T16:14:53.161+0800] {dag.py:2915} INFO - Sync 1 DAGs
[2023-09-15T16:14:53.169+0800] {logging_mixin.py:151} INFO - [2023-09-15T16:14:53.169+0800] {dag.py:3696} INFO - Setting next_dagrun for tutorial to 2023-09-14T08:14:53.169784+00:00, run_after=2023-09-15T08:14:53.169784+00:00
[2023-09-15T16:14:53.180+0800] {processor.py:179} INFO - Processing /opt/homebrew/lib/python3.11/site-packages/airflow/example_dags/tutorial.py took 0.130 seconds
[2023-09-15T16:15:46.135+0800] {processor.py:157} INFO - Started process (PID=77620) to work on /opt/homebrew/lib/python3.11/site-packages/airflow/example_dags/tutorial.py
[2023-09-15T16:15:46.136+0800] {processor.py:829} INFO - Processing file /opt/homebrew/lib/python3.11/site-packages/airflow/example_dags/tutorial.py for tasks to queue
[2023-09-15T16:15:46.136+0800] {logging_mixin.py:151} INFO - [2023-09-15T16:15:46.136+0800] {dagbag.py:539} INFO - Filling up the DagBag from /opt/homebrew/lib/python3.11/site-packages/airflow/example_dags/tutorial.py
[2023-09-15T16:15:46.151+0800] {processor.py:839} INFO - DAG(s) dict_keys(['tutorial']) retrieved from /opt/homebrew/lib/python3.11/site-packages/airflow/example_dags/tutorial.py
[2023-09-15T16:15:46.247+0800] {logging_mixin.py:151} INFO - [2023-09-15T16:15:46.247+0800] {dag.py:2915} INFO - Sync 1 DAGs
[2023-09-15T16:15:46.255+0800] {logging_mixin.py:151} INFO - [2023-09-15T16:15:46.255+0800] {dag.py:3696} INFO - Setting next_dagrun for tutorial to 2023-09-14T08:15:46.255626+00:00, run_after=2023-09-15T08:15:46.255626+00:00
[2023-09-15T16:15:46.266+0800] {processor.py:179} INFO - Processing /opt/homebrew/lib/python3.11/site-packages/airflow/example_dags/tutorial.py took 0.132 seconds
[2023-09-15T16:16:37.156+0800] {processor.py:157} INFO - Started process (PID=77730) to work on /opt/homebrew/lib/python3.11/site-packages/airflow/example_dags/tutorial.py
[2023-09-15T16:16:37.156+0800] {processor.py:829} INFO - Processing file /opt/homebrew/lib/python3.11/site-packages/airflow/example_dags/tutorial.py for tasks to queue
[2023-09-15T16:16:37.156+0800] {logging_mixin.py:151} INFO - [2023-09-15T16:16:37.156+0800] {dagbag.py:539} INFO - Filling up the DagBag from /opt/homebrew/lib/python3.11/site-packages/airflow/example_dags/tutorial.py
[2023-09-15T16:16:37.172+0800] {processor.py:839} INFO - DAG(s) dict_keys(['tutorial']) retrieved from /opt/homebrew/lib/python3.11/site-packages/airflow/example_dags/tutorial.py
[2023-09-15T16:16:37.266+0800] {logging_mixin.py:151} INFO - [2023-09-15T16:16:37.266+0800] {dag.py:2915} INFO - Sync 1 DAGs
[2023-09-15T16:16:37.274+0800] {logging_mixin.py:151} INFO - [2023-09-15T16:16:37.274+0800] {dag.py:3696} INFO - Setting next_dagrun for tutorial to 2023-09-14T08:16:37.274699+00:00, run_after=2023-09-15T08:16:37.274699+00:00
[2023-09-15T16:16:37.285+0800] {processor.py:179} INFO - Processing /opt/homebrew/lib/python3.11/site-packages/airflow/example_dags/tutorial.py took 0.130 seconds
[2023-09-15T16:17:28.627+0800] {processor.py:157} INFO - Started process (PID=77819) to work on /opt/homebrew/lib/python3.11/site-packages/airflow/example_dags/tutorial.py
[2023-09-15T16:17:28.628+0800] {processor.py:829} INFO - Processing file /opt/homebrew/lib/python3.11/site-packages/airflow/example_dags/tutorial.py for tasks to queue
[2023-09-15T16:17:28.628+0800] {logging_mixin.py:151} INFO - [2023-09-15T16:17:28.628+0800] {dagbag.py:539} INFO - Filling up the DagBag from /opt/homebrew/lib/python3.11/site-packages/airflow/example_dags/tutorial.py
[2023-09-15T16:17:28.643+0800] {processor.py:839} INFO - DAG(s) dict_keys(['tutorial']) retrieved from /opt/homebrew/lib/python3.11/site-packages/airflow/example_dags/tutorial.py
[2023-09-15T16:17:28.738+0800] {logging_mixin.py:151} INFO - [2023-09-15T16:17:28.738+0800] {dag.py:2915} INFO - Sync 1 DAGs
[2023-09-15T16:17:28.746+0800] {logging_mixin.py:151} INFO - [2023-09-15T16:17:28.746+0800] {dag.py:3696} INFO - Setting next_dagrun for tutorial to 2023-09-14T08:17:28.746297+00:00, run_after=2023-09-15T08:17:28.746297+00:00
[2023-09-15T16:17:28.757+0800] {processor.py:179} INFO - Processing /opt/homebrew/lib/python3.11/site-packages/airflow/example_dags/tutorial.py took 0.130 seconds
[2023-09-15T16:18:21.409+0800] {processor.py:157} INFO - Started process (PID=77911) to work on /opt/homebrew/lib/python3.11/site-packages/airflow/example_dags/tutorial.py
[2023-09-15T16:18:21.409+0800] {processor.py:829} INFO - Processing file /opt/homebrew/lib/python3.11/site-packages/airflow/example_dags/tutorial.py for tasks to queue
[2023-09-15T16:18:21.409+0800] {logging_mixin.py:151} INFO - [2023-09-15T16:18:21.409+0800] {dagbag.py:539} INFO - Filling up the DagBag from /opt/homebrew/lib/python3.11/site-packages/airflow/example_dags/tutorial.py
[2023-09-15T16:18:21.425+0800] {processor.py:839} INFO - DAG(s) dict_keys(['tutorial']) retrieved from /opt/homebrew/lib/python3.11/site-packages/airflow/example_dags/tutorial.py
[2023-09-15T16:18:21.520+0800] {logging_mixin.py:151} INFO - [2023-09-15T16:18:21.519+0800] {dag.py:2915} INFO - Sync 1 DAGs
[2023-09-15T16:18:21.528+0800] {logging_mixin.py:151} INFO - [2023-09-15T16:18:21.528+0800] {dag.py:3696} INFO - Setting next_dagrun for tutorial to 2023-09-14T08:18:21.528218+00:00, run_after=2023-09-15T08:18:21.528218+00:00
[2023-09-15T16:18:21.539+0800] {processor.py:179} INFO - Processing /opt/homebrew/lib/python3.11/site-packages/airflow/example_dags/tutorial.py took 0.130 seconds
[2023-09-15T16:19:12.291+0800] {processor.py:157} INFO - Started process (PID=78001) to work on /opt/homebrew/lib/python3.11/site-packages/airflow/example_dags/tutorial.py
[2023-09-15T16:19:12.292+0800] {processor.py:829} INFO - Processing file /opt/homebrew/lib/python3.11/site-packages/airflow/example_dags/tutorial.py for tasks to queue
[2023-09-15T16:19:12.292+0800] {logging_mixin.py:151} INFO - [2023-09-15T16:19:12.292+0800] {dagbag.py:539} INFO - Filling up the DagBag from /opt/homebrew/lib/python3.11/site-packages/airflow/example_dags/tutorial.py
[2023-09-15T16:19:12.307+0800] {processor.py:839} INFO - DAG(s) dict_keys(['tutorial']) retrieved from /opt/homebrew/lib/python3.11/site-packages/airflow/example_dags/tutorial.py
[2023-09-15T16:19:12.402+0800] {logging_mixin.py:151} INFO - [2023-09-15T16:19:12.402+0800] {dag.py:2915} INFO - Sync 1 DAGs
[2023-09-15T16:19:12.410+0800] {logging_mixin.py:151} INFO - [2023-09-15T16:19:12.410+0800] {dag.py:3696} INFO - Setting next_dagrun for tutorial to 2023-09-14T08:19:12.410314+00:00, run_after=2023-09-15T08:19:12.410314+00:00
[2023-09-15T16:19:12.421+0800] {processor.py:179} INFO - Processing /opt/homebrew/lib/python3.11/site-packages/airflow/example_dags/tutorial.py took 0.130 seconds
[2023-09-15T16:20:06.286+0800] {processor.py:157} INFO - Started process (PID=78100) to work on /opt/homebrew/lib/python3.11/site-packages/airflow/example_dags/tutorial.py
[2023-09-15T16:20:06.286+0800] {processor.py:829} INFO - Processing file /opt/homebrew/lib/python3.11/site-packages/airflow/example_dags/tutorial.py for tasks to queue
[2023-09-15T16:20:06.287+0800] {logging_mixin.py:151} INFO - [2023-09-15T16:20:06.287+0800] {dagbag.py:539} INFO - Filling up the DagBag from /opt/homebrew/lib/python3.11/site-packages/airflow/example_dags/tutorial.py
[2023-09-15T16:20:06.302+0800] {processor.py:839} INFO - DAG(s) dict_keys(['tutorial']) retrieved from /opt/homebrew/lib/python3.11/site-packages/airflow/example_dags/tutorial.py
[2023-09-15T16:20:06.396+0800] {logging_mixin.py:151} INFO - [2023-09-15T16:20:06.396+0800] {dag.py:2915} INFO - Sync 1 DAGs
[2023-09-15T16:20:06.404+0800] {logging_mixin.py:151} INFO - [2023-09-15T16:20:06.404+0800] {dag.py:3696} INFO - Setting next_dagrun for tutorial to 2023-09-14T08:20:06.404573+00:00, run_after=2023-09-15T08:20:06.404573+00:00
[2023-09-15T16:20:06.415+0800] {processor.py:179} INFO - Processing /opt/homebrew/lib/python3.11/site-packages/airflow/example_dags/tutorial.py took 0.130 seconds
[2023-09-15T16:20:59.390+0800] {processor.py:157} INFO - Started process (PID=78193) to work on /opt/homebrew/lib/python3.11/site-packages/airflow/example_dags/tutorial.py
[2023-09-15T16:20:59.391+0800] {processor.py:829} INFO - Processing file /opt/homebrew/lib/python3.11/site-packages/airflow/example_dags/tutorial.py for tasks to queue
[2023-09-15T16:20:59.391+0800] {logging_mixin.py:151} INFO - [2023-09-15T16:20:59.391+0800] {dagbag.py:539} INFO - Filling up the DagBag from /opt/homebrew/lib/python3.11/site-packages/airflow/example_dags/tutorial.py
[2023-09-15T16:20:59.406+0800] {processor.py:839} INFO - DAG(s) dict_keys(['tutorial']) retrieved from /opt/homebrew/lib/python3.11/site-packages/airflow/example_dags/tutorial.py
[2023-09-15T16:20:59.501+0800] {logging_mixin.py:151} INFO - [2023-09-15T16:20:59.501+0800] {dag.py:2915} INFO - Sync 1 DAGs
[2023-09-15T16:20:59.510+0800] {logging_mixin.py:151} INFO - [2023-09-15T16:20:59.509+0800] {dag.py:3696} INFO - Setting next_dagrun for tutorial to 2023-09-14T08:20:59.509853+00:00, run_after=2023-09-15T08:20:59.509853+00:00
[2023-09-15T16:20:59.520+0800] {processor.py:179} INFO - Processing /opt/homebrew/lib/python3.11/site-packages/airflow/example_dags/tutorial.py took 0.131 seconds
[2023-09-15T16:21:52.949+0800] {processor.py:157} INFO - Started process (PID=78287) to work on /opt/homebrew/lib/python3.11/site-packages/airflow/example_dags/tutorial.py
[2023-09-15T16:21:52.949+0800] {processor.py:829} INFO - Processing file /opt/homebrew/lib/python3.11/site-packages/airflow/example_dags/tutorial.py for tasks to queue
[2023-09-15T16:21:52.950+0800] {logging_mixin.py:151} INFO - [2023-09-15T16:21:52.949+0800] {dagbag.py:539} INFO - Filling up the DagBag from /opt/homebrew/lib/python3.11/site-packages/airflow/example_dags/tutorial.py
[2023-09-15T16:21:52.965+0800] {processor.py:839} INFO - DAG(s) dict_keys(['tutorial']) retrieved from /opt/homebrew/lib/python3.11/site-packages/airflow/example_dags/tutorial.py
[2023-09-15T16:21:53.060+0800] {logging_mixin.py:151} INFO - [2023-09-15T16:21:53.059+0800] {dag.py:2915} INFO - Sync 1 DAGs
[2023-09-15T16:21:53.068+0800] {logging_mixin.py:151} INFO - [2023-09-15T16:21:53.068+0800] {dag.py:3696} INFO - Setting next_dagrun for tutorial to 2023-09-14T08:21:53.068212+00:00, run_after=2023-09-15T08:21:53.068212+00:00
[2023-09-15T16:21:53.078+0800] {processor.py:179} INFO - Processing /opt/homebrew/lib/python3.11/site-packages/airflow/example_dags/tutorial.py took 0.130 seconds
[2023-09-15T16:22:44.391+0800] {processor.py:157} INFO - Started process (PID=78388) to work on /opt/homebrew/lib/python3.11/site-packages/airflow/example_dags/tutorial.py
[2023-09-15T16:22:44.391+0800] {processor.py:829} INFO - Processing file /opt/homebrew/lib/python3.11/site-packages/airflow/example_dags/tutorial.py for tasks to queue
[2023-09-15T16:22:44.392+0800] {logging_mixin.py:151} INFO - [2023-09-15T16:22:44.391+0800] {dagbag.py:539} INFO - Filling up the DagBag from /opt/homebrew/lib/python3.11/site-packages/airflow/example_dags/tutorial.py
[2023-09-15T16:22:44.407+0800] {processor.py:839} INFO - DAG(s) dict_keys(['tutorial']) retrieved from /opt/homebrew/lib/python3.11/site-packages/airflow/example_dags/tutorial.py
[2023-09-15T16:22:44.502+0800] {logging_mixin.py:151} INFO - [2023-09-15T16:22:44.502+0800] {dag.py:2915} INFO - Sync 1 DAGs
[2023-09-15T16:22:44.511+0800] {logging_mixin.py:151} INFO - [2023-09-15T16:22:44.511+0800] {dag.py:3696} INFO - Setting next_dagrun for tutorial to 2023-09-14T08:22:44.510952+00:00, run_after=2023-09-15T08:22:44.510952+00:00
[2023-09-15T16:22:44.521+0800] {processor.py:179} INFO - Processing /opt/homebrew/lib/python3.11/site-packages/airflow/example_dags/tutorial.py took 0.131 seconds
[2023-09-15T16:23:35.615+0800] {processor.py:157} INFO - Started process (PID=78478) to work on /opt/homebrew/lib/python3.11/site-packages/airflow/example_dags/tutorial.py
[2023-09-15T16:23:35.615+0800] {processor.py:829} INFO - Processing file /opt/homebrew/lib/python3.11/site-packages/airflow/example_dags/tutorial.py for tasks to queue
[2023-09-15T16:23:35.616+0800] {logging_mixin.py:151} INFO - [2023-09-15T16:23:35.616+0800] {dagbag.py:539} INFO - Filling up the DagBag from /opt/homebrew/lib/python3.11/site-packages/airflow/example_dags/tutorial.py
[2023-09-15T16:23:35.631+0800] {processor.py:839} INFO - DAG(s) dict_keys(['tutorial']) retrieved from /opt/homebrew/lib/python3.11/site-packages/airflow/example_dags/tutorial.py
[2023-09-15T16:23:35.726+0800] {logging_mixin.py:151} INFO - [2023-09-15T16:23:35.726+0800] {dag.py:2915} INFO - Sync 1 DAGs
[2023-09-15T16:23:35.734+0800] {logging_mixin.py:151} INFO - [2023-09-15T16:23:35.734+0800] {dag.py:3696} INFO - Setting next_dagrun for tutorial to 2023-09-14T08:23:35.734361+00:00, run_after=2023-09-15T08:23:35.734361+00:00
[2023-09-15T16:23:35.745+0800] {processor.py:179} INFO - Processing /opt/homebrew/lib/python3.11/site-packages/airflow/example_dags/tutorial.py took 0.130 seconds
[2023-09-15T16:24:28.898+0800] {processor.py:157} INFO - Started process (PID=78578) to work on /opt/homebrew/lib/python3.11/site-packages/airflow/example_dags/tutorial.py
[2023-09-15T16:24:28.898+0800] {processor.py:829} INFO - Processing file /opt/homebrew/lib/python3.11/site-packages/airflow/example_dags/tutorial.py for tasks to queue
[2023-09-15T16:24:28.898+0800] {logging_mixin.py:151} INFO - [2023-09-15T16:24:28.898+0800] {dagbag.py:539} INFO - Filling up the DagBag from /opt/homebrew/lib/python3.11/site-packages/airflow/example_dags/tutorial.py
[2023-09-15T16:24:28.914+0800] {processor.py:839} INFO - DAG(s) dict_keys(['tutorial']) retrieved from /opt/homebrew/lib/python3.11/site-packages/airflow/example_dags/tutorial.py
[2023-09-15T16:24:29.008+0800] {logging_mixin.py:151} INFO - [2023-09-15T16:24:29.008+0800] {dag.py:2915} INFO - Sync 1 DAGs
[2023-09-15T16:24:29.017+0800] {logging_mixin.py:151} INFO - [2023-09-15T16:24:29.017+0800] {dag.py:3696} INFO - Setting next_dagrun for tutorial to 2023-09-14T08:24:29.016926+00:00, run_after=2023-09-15T08:24:29.016926+00:00
[2023-09-15T16:24:29.027+0800] {processor.py:179} INFO - Processing /opt/homebrew/lib/python3.11/site-packages/airflow/example_dags/tutorial.py took 0.130 seconds
[2023-09-15T16:25:19.758+0800] {processor.py:157} INFO - Started process (PID=78665) to work on /opt/homebrew/lib/python3.11/site-packages/airflow/example_dags/tutorial.py
[2023-09-15T16:25:19.759+0800] {processor.py:829} INFO - Processing file /opt/homebrew/lib/python3.11/site-packages/airflow/example_dags/tutorial.py for tasks to queue
[2023-09-15T16:25:19.759+0800] {logging_mixin.py:151} INFO - [2023-09-15T16:25:19.759+0800] {dagbag.py:539} INFO - Filling up the DagBag from /opt/homebrew/lib/python3.11/site-packages/airflow/example_dags/tutorial.py
[2023-09-15T16:25:19.774+0800] {processor.py:839} INFO - DAG(s) dict_keys(['tutorial']) retrieved from /opt/homebrew/lib/python3.11/site-packages/airflow/example_dags/tutorial.py
[2023-09-15T16:25:19.869+0800] {logging_mixin.py:151} INFO - [2023-09-15T16:25:19.869+0800] {dag.py:2915} INFO - Sync 1 DAGs
[2023-09-15T16:25:19.878+0800] {logging_mixin.py:151} INFO - [2023-09-15T16:25:19.878+0800] {dag.py:3696} INFO - Setting next_dagrun for tutorial to 2023-09-14T08:25:19.878063+00:00, run_after=2023-09-15T08:25:19.878063+00:00
[2023-09-15T16:25:19.889+0800] {processor.py:179} INFO - Processing /opt/homebrew/lib/python3.11/site-packages/airflow/example_dags/tutorial.py took 0.131 seconds
[2023-09-15T16:26:12.009+0800] {processor.py:157} INFO - Started process (PID=78761) to work on /opt/homebrew/lib/python3.11/site-packages/airflow/example_dags/tutorial.py
[2023-09-15T16:26:12.010+0800] {processor.py:829} INFO - Processing file /opt/homebrew/lib/python3.11/site-packages/airflow/example_dags/tutorial.py for tasks to queue
[2023-09-15T16:26:12.010+0800] {logging_mixin.py:151} INFO - [2023-09-15T16:26:12.010+0800] {dagbag.py:539} INFO - Filling up the DagBag from /opt/homebrew/lib/python3.11/site-packages/airflow/example_dags/tutorial.py
[2023-09-15T16:26:12.025+0800] {processor.py:839} INFO - DAG(s) dict_keys(['tutorial']) retrieved from /opt/homebrew/lib/python3.11/site-packages/airflow/example_dags/tutorial.py
[2023-09-15T16:26:12.120+0800] {logging_mixin.py:151} INFO - [2023-09-15T16:26:12.120+0800] {dag.py:2915} INFO - Sync 1 DAGs
[2023-09-15T16:26:12.128+0800] {logging_mixin.py:151} INFO - [2023-09-15T16:26:12.128+0800] {dag.py:3696} INFO - Setting next_dagrun for tutorial to 2023-09-14T08:26:12.128623+00:00, run_after=2023-09-15T08:26:12.128623+00:00
[2023-09-15T16:26:12.139+0800] {processor.py:179} INFO - Processing /opt/homebrew/lib/python3.11/site-packages/airflow/example_dags/tutorial.py took 0.130 seconds
[2023-09-15T16:27:04.530+0800] {processor.py:157} INFO - Started process (PID=78852) to work on /opt/homebrew/lib/python3.11/site-packages/airflow/example_dags/tutorial.py
[2023-09-15T16:27:04.530+0800] {processor.py:829} INFO - Processing file /opt/homebrew/lib/python3.11/site-packages/airflow/example_dags/tutorial.py for tasks to queue
[2023-09-15T16:27:04.531+0800] {logging_mixin.py:151} INFO - [2023-09-15T16:27:04.531+0800] {dagbag.py:539} INFO - Filling up the DagBag from /opt/homebrew/lib/python3.11/site-packages/airflow/example_dags/tutorial.py
[2023-09-15T16:27:04.546+0800] {processor.py:839} INFO - DAG(s) dict_keys(['tutorial']) retrieved from /opt/homebrew/lib/python3.11/site-packages/airflow/example_dags/tutorial.py
[2023-09-15T16:27:04.641+0800] {logging_mixin.py:151} INFO - [2023-09-15T16:27:04.641+0800] {dag.py:2915} INFO - Sync 1 DAGs
[2023-09-15T16:27:04.650+0800] {logging_mixin.py:151} INFO - [2023-09-15T16:27:04.650+0800] {dag.py:3696} INFO - Setting next_dagrun for tutorial to 2023-09-14T08:27:04.649972+00:00, run_after=2023-09-15T08:27:04.649972+00:00
[2023-09-15T16:27:04.661+0800] {processor.py:179} INFO - Processing /opt/homebrew/lib/python3.11/site-packages/airflow/example_dags/tutorial.py took 0.131 seconds
[2023-09-15T16:27:53.349+0800] {processor.py:157} INFO - Started process (PID=78940) to work on /opt/homebrew/lib/python3.11/site-packages/airflow/example_dags/tutorial.py
[2023-09-15T16:27:53.349+0800] {processor.py:829} INFO - Processing file /opt/homebrew/lib/python3.11/site-packages/airflow/example_dags/tutorial.py for tasks to queue
[2023-09-15T16:27:53.349+0800] {logging_mixin.py:151} INFO - [2023-09-15T16:27:53.349+0800] {dagbag.py:539} INFO - Filling up the DagBag from /opt/homebrew/lib/python3.11/site-packages/airflow/example_dags/tutorial.py
[2023-09-15T16:27:53.365+0800] {processor.py:839} INFO - DAG(s) dict_keys(['tutorial']) retrieved from /opt/homebrew/lib/python3.11/site-packages/airflow/example_dags/tutorial.py
[2023-09-15T16:27:53.459+0800] {logging_mixin.py:151} INFO - [2023-09-15T16:27:53.459+0800] {dag.py:2915} INFO - Sync 1 DAGs
[2023-09-15T16:27:53.468+0800] {logging_mixin.py:151} INFO - [2023-09-15T16:27:53.468+0800] {dag.py:3696} INFO - Setting next_dagrun for tutorial to 2023-09-14T08:27:53.468085+00:00, run_after=2023-09-15T08:27:53.468085+00:00
[2023-09-15T16:27:53.479+0800] {processor.py:179} INFO - Processing /opt/homebrew/lib/python3.11/site-packages/airflow/example_dags/tutorial.py took 0.130 seconds
[2023-09-15T16:28:42.434+0800] {processor.py:157} INFO - Started process (PID=79029) to work on /opt/homebrew/lib/python3.11/site-packages/airflow/example_dags/tutorial.py
[2023-09-15T16:28:42.434+0800] {processor.py:829} INFO - Processing file /opt/homebrew/lib/python3.11/site-packages/airflow/example_dags/tutorial.py for tasks to queue
[2023-09-15T16:28:42.435+0800] {logging_mixin.py:151} INFO - [2023-09-15T16:28:42.435+0800] {dagbag.py:539} INFO - Filling up the DagBag from /opt/homebrew/lib/python3.11/site-packages/airflow/example_dags/tutorial.py
[2023-09-15T16:28:42.450+0800] {processor.py:839} INFO - DAG(s) dict_keys(['tutorial']) retrieved from /opt/homebrew/lib/python3.11/site-packages/airflow/example_dags/tutorial.py
[2023-09-15T16:28:42.545+0800] {logging_mixin.py:151} INFO - [2023-09-15T16:28:42.545+0800] {dag.py:2915} INFO - Sync 1 DAGs
[2023-09-15T16:28:42.553+0800] {logging_mixin.py:151} INFO - [2023-09-15T16:28:42.553+0800] {dag.py:3696} INFO - Setting next_dagrun for tutorial to 2023-09-14T08:28:42.553790+00:00, run_after=2023-09-15T08:28:42.553790+00:00
[2023-09-15T16:28:42.564+0800] {processor.py:179} INFO - Processing /opt/homebrew/lib/python3.11/site-packages/airflow/example_dags/tutorial.py took 0.131 seconds
[2023-09-15T16:29:32.847+0800] {processor.py:157} INFO - Started process (PID=79120) to work on /opt/homebrew/lib/python3.11/site-packages/airflow/example_dags/tutorial.py
[2023-09-15T16:29:32.848+0800] {processor.py:829} INFO - Processing file /opt/homebrew/lib/python3.11/site-packages/airflow/example_dags/tutorial.py for tasks to queue
[2023-09-15T16:29:32.848+0800] {logging_mixin.py:151} INFO - [2023-09-15T16:29:32.848+0800] {dagbag.py:539} INFO - Filling up the DagBag from /opt/homebrew/lib/python3.11/site-packages/airflow/example_dags/tutorial.py
[2023-09-15T16:29:32.863+0800] {processor.py:839} INFO - DAG(s) dict_keys(['tutorial']) retrieved from /opt/homebrew/lib/python3.11/site-packages/airflow/example_dags/tutorial.py
[2023-09-15T16:29:32.958+0800] {logging_mixin.py:151} INFO - [2023-09-15T16:29:32.958+0800] {dag.py:2915} INFO - Sync 1 DAGs
[2023-09-15T16:29:32.967+0800] {logging_mixin.py:151} INFO - [2023-09-15T16:29:32.966+0800] {dag.py:3696} INFO - Setting next_dagrun for tutorial to 2023-09-14T08:29:32.966855+00:00, run_after=2023-09-15T08:29:32.966855+00:00
[2023-09-15T16:29:32.978+0800] {processor.py:179} INFO - Processing /opt/homebrew/lib/python3.11/site-packages/airflow/example_dags/tutorial.py took 0.131 seconds
