[2023-09-22T08:00:59.510+0800] {processor.py:157} INFO - Started process (PID=63945) to work on /opt/homebrew/lib/python3.11/site-packages/airflow/example_dags/example_dynamic_task_mapping.py
[2023-09-22T08:00:59.511+0800] {processor.py:829} INFO - Processing file /opt/homebrew/lib/python3.11/site-packages/airflow/example_dags/example_dynamic_task_mapping.py for tasks to queue
[2023-09-22T08:00:59.511+0800] {logging_mixin.py:151} INFO - [2023-09-22T08:00:59.511+0800] {dagbag.py:539} INFO - Filling up the DagBag from /opt/homebrew/lib/python3.11/site-packages/airflow/example_dags/example_dynamic_task_mapping.py
[2023-09-22T08:00:59.541+0800] {processor.py:839} INFO - DAG(s) dict_keys(['example_dynamic_task_mapping']) retrieved from /opt/homebrew/lib/python3.11/site-packages/airflow/example_dags/example_dynamic_task_mapping.py
[2023-09-22T08:00:59.634+0800] {logging_mixin.py:151} INFO - [2023-09-22T08:00:59.633+0800] {dag.py:2915} INFO - Sync 1 DAGs
[2023-09-22T08:00:59.642+0800] {logging_mixin.py:151} INFO - [2023-09-22T08:00:59.642+0800] {dag.py:3696} INFO - Setting next_dagrun for example_dynamic_task_mapping to 2022-03-04T00:00:00+00:00, run_after=2022-03-05T00:00:00+00:00
[2023-09-22T08:00:59.652+0800] {processor.py:179} INFO - Processing /opt/homebrew/lib/python3.11/site-packages/airflow/example_dags/example_dynamic_task_mapping.py took 0.142 seconds
[2023-09-22T08:02:48.734+0800] {processor.py:157} INFO - Started process (PID=64136) to work on /opt/homebrew/lib/python3.11/site-packages/airflow/example_dags/example_dynamic_task_mapping.py
[2023-09-22T08:02:48.734+0800] {processor.py:829} INFO - Processing file /opt/homebrew/lib/python3.11/site-packages/airflow/example_dags/example_dynamic_task_mapping.py for tasks to queue
[2023-09-22T08:02:48.734+0800] {logging_mixin.py:151} INFO - [2023-09-22T08:02:48.734+0800] {dagbag.py:539} INFO - Filling up the DagBag from /opt/homebrew/lib/python3.11/site-packages/airflow/example_dags/example_dynamic_task_mapping.py
[2023-09-22T08:02:48.765+0800] {processor.py:839} INFO - DAG(s) dict_keys(['example_dynamic_task_mapping']) retrieved from /opt/homebrew/lib/python3.11/site-packages/airflow/example_dags/example_dynamic_task_mapping.py
[2023-09-22T08:02:48.857+0800] {logging_mixin.py:151} INFO - [2023-09-22T08:02:48.857+0800] {dag.py:2915} INFO - Sync 1 DAGs
[2023-09-22T08:02:48.865+0800] {logging_mixin.py:151} INFO - [2023-09-22T08:02:48.865+0800] {dag.py:3696} INFO - Setting next_dagrun for example_dynamic_task_mapping to 2022-03-04T00:00:00+00:00, run_after=2022-03-05T00:00:00+00:00
[2023-09-22T08:02:48.874+0800] {processor.py:179} INFO - Processing /opt/homebrew/lib/python3.11/site-packages/airflow/example_dags/example_dynamic_task_mapping.py took 0.141 seconds
[2023-09-22T08:04:31.693+0800] {processor.py:157} INFO - Started process (PID=64397) to work on /opt/homebrew/lib/python3.11/site-packages/airflow/example_dags/example_dynamic_task_mapping.py
[2023-09-22T08:04:31.693+0800] {processor.py:829} INFO - Processing file /opt/homebrew/lib/python3.11/site-packages/airflow/example_dags/example_dynamic_task_mapping.py for tasks to queue
[2023-09-22T08:04:31.693+0800] {logging_mixin.py:151} INFO - [2023-09-22T08:04:31.693+0800] {dagbag.py:539} INFO - Filling up the DagBag from /opt/homebrew/lib/python3.11/site-packages/airflow/example_dags/example_dynamic_task_mapping.py
[2023-09-22T08:04:31.724+0800] {processor.py:839} INFO - DAG(s) dict_keys(['example_dynamic_task_mapping']) retrieved from /opt/homebrew/lib/python3.11/site-packages/airflow/example_dags/example_dynamic_task_mapping.py
[2023-09-22T08:04:31.816+0800] {logging_mixin.py:151} INFO - [2023-09-22T08:04:31.815+0800] {dag.py:2915} INFO - Sync 1 DAGs
[2023-09-22T08:04:31.824+0800] {logging_mixin.py:151} INFO - [2023-09-22T08:04:31.824+0800] {dag.py:3696} INFO - Setting next_dagrun for example_dynamic_task_mapping to 2022-03-04T00:00:00+00:00, run_after=2022-03-05T00:00:00+00:00
[2023-09-22T08:04:31.834+0800] {processor.py:179} INFO - Processing /opt/homebrew/lib/python3.11/site-packages/airflow/example_dags/example_dynamic_task_mapping.py took 0.141 seconds
[2023-09-22T08:06:15.510+0800] {processor.py:157} INFO - Started process (PID=64596) to work on /opt/homebrew/lib/python3.11/site-packages/airflow/example_dags/example_dynamic_task_mapping.py
[2023-09-22T08:06:15.510+0800] {processor.py:829} INFO - Processing file /opt/homebrew/lib/python3.11/site-packages/airflow/example_dags/example_dynamic_task_mapping.py for tasks to queue
[2023-09-22T08:06:15.510+0800] {logging_mixin.py:151} INFO - [2023-09-22T08:06:15.510+0800] {dagbag.py:539} INFO - Filling up the DagBag from /opt/homebrew/lib/python3.11/site-packages/airflow/example_dags/example_dynamic_task_mapping.py
[2023-09-22T08:06:15.540+0800] {processor.py:839} INFO - DAG(s) dict_keys(['example_dynamic_task_mapping']) retrieved from /opt/homebrew/lib/python3.11/site-packages/airflow/example_dags/example_dynamic_task_mapping.py
[2023-09-22T08:06:15.632+0800] {logging_mixin.py:151} INFO - [2023-09-22T08:06:15.632+0800] {dag.py:2915} INFO - Sync 1 DAGs
[2023-09-22T08:06:15.641+0800] {logging_mixin.py:151} INFO - [2023-09-22T08:06:15.641+0800] {dag.py:3696} INFO - Setting next_dagrun for example_dynamic_task_mapping to 2022-03-04T00:00:00+00:00, run_after=2022-03-05T00:00:00+00:00
[2023-09-22T08:06:15.650+0800] {processor.py:179} INFO - Processing /opt/homebrew/lib/python3.11/site-packages/airflow/example_dags/example_dynamic_task_mapping.py took 0.141 seconds
[2023-09-22T08:08:00.010+0800] {processor.py:157} INFO - Started process (PID=64782) to work on /opt/homebrew/lib/python3.11/site-packages/airflow/example_dags/example_dynamic_task_mapping.py
[2023-09-22T08:08:00.011+0800] {processor.py:829} INFO - Processing file /opt/homebrew/lib/python3.11/site-packages/airflow/example_dags/example_dynamic_task_mapping.py for tasks to queue
[2023-09-22T08:08:00.011+0800] {logging_mixin.py:151} INFO - [2023-09-22T08:08:00.011+0800] {dagbag.py:539} INFO - Filling up the DagBag from /opt/homebrew/lib/python3.11/site-packages/airflow/example_dags/example_dynamic_task_mapping.py
[2023-09-22T08:08:00.041+0800] {processor.py:839} INFO - DAG(s) dict_keys(['example_dynamic_task_mapping']) retrieved from /opt/homebrew/lib/python3.11/site-packages/airflow/example_dags/example_dynamic_task_mapping.py
[2023-09-22T08:08:00.133+0800] {logging_mixin.py:151} INFO - [2023-09-22T08:08:00.133+0800] {dag.py:2915} INFO - Sync 1 DAGs
[2023-09-22T08:08:00.142+0800] {logging_mixin.py:151} INFO - [2023-09-22T08:08:00.142+0800] {dag.py:3696} INFO - Setting next_dagrun for example_dynamic_task_mapping to 2022-03-04T00:00:00+00:00, run_after=2022-03-05T00:00:00+00:00
[2023-09-22T08:08:00.151+0800] {processor.py:179} INFO - Processing /opt/homebrew/lib/python3.11/site-packages/airflow/example_dags/example_dynamic_task_mapping.py took 0.141 seconds
[2023-09-22T08:09:50.388+0800] {processor.py:157} INFO - Started process (PID=64976) to work on /opt/homebrew/lib/python3.11/site-packages/airflow/example_dags/example_dynamic_task_mapping.py
[2023-09-22T08:09:50.389+0800] {processor.py:829} INFO - Processing file /opt/homebrew/lib/python3.11/site-packages/airflow/example_dags/example_dynamic_task_mapping.py for tasks to queue
[2023-09-22T08:09:50.389+0800] {logging_mixin.py:151} INFO - [2023-09-22T08:09:50.389+0800] {dagbag.py:539} INFO - Filling up the DagBag from /opt/homebrew/lib/python3.11/site-packages/airflow/example_dags/example_dynamic_task_mapping.py
[2023-09-22T08:09:50.419+0800] {processor.py:839} INFO - DAG(s) dict_keys(['example_dynamic_task_mapping']) retrieved from /opt/homebrew/lib/python3.11/site-packages/airflow/example_dags/example_dynamic_task_mapping.py
[2023-09-22T08:09:50.512+0800] {logging_mixin.py:151} INFO - [2023-09-22T08:09:50.511+0800] {dag.py:2915} INFO - Sync 1 DAGs
[2023-09-22T08:09:50.520+0800] {logging_mixin.py:151} INFO - [2023-09-22T08:09:50.520+0800] {dag.py:3696} INFO - Setting next_dagrun for example_dynamic_task_mapping to 2022-03-04T00:00:00+00:00, run_after=2022-03-05T00:00:00+00:00
[2023-09-22T08:09:50.530+0800] {processor.py:179} INFO - Processing /opt/homebrew/lib/python3.11/site-packages/airflow/example_dags/example_dynamic_task_mapping.py took 0.142 seconds
[2023-09-22T08:11:36.451+0800] {processor.py:157} INFO - Started process (PID=65169) to work on /opt/homebrew/lib/python3.11/site-packages/airflow/example_dags/example_dynamic_task_mapping.py
[2023-09-22T08:11:36.452+0800] {processor.py:829} INFO - Processing file /opt/homebrew/lib/python3.11/site-packages/airflow/example_dags/example_dynamic_task_mapping.py for tasks to queue
[2023-09-22T08:11:36.452+0800] {logging_mixin.py:151} INFO - [2023-09-22T08:11:36.452+0800] {dagbag.py:539} INFO - Filling up the DagBag from /opt/homebrew/lib/python3.11/site-packages/airflow/example_dags/example_dynamic_task_mapping.py
[2023-09-22T08:11:36.482+0800] {processor.py:839} INFO - DAG(s) dict_keys(['example_dynamic_task_mapping']) retrieved from /opt/homebrew/lib/python3.11/site-packages/airflow/example_dags/example_dynamic_task_mapping.py
[2023-09-22T08:11:36.575+0800] {logging_mixin.py:151} INFO - [2023-09-22T08:11:36.575+0800] {dag.py:2915} INFO - Sync 1 DAGs
[2023-09-22T08:11:36.583+0800] {logging_mixin.py:151} INFO - [2023-09-22T08:11:36.583+0800] {dag.py:3696} INFO - Setting next_dagrun for example_dynamic_task_mapping to 2022-03-04T00:00:00+00:00, run_after=2022-03-05T00:00:00+00:00
[2023-09-22T08:11:36.593+0800] {processor.py:179} INFO - Processing /opt/homebrew/lib/python3.11/site-packages/airflow/example_dags/example_dynamic_task_mapping.py took 0.142 seconds
[2023-09-22T08:13:22.186+0800] {processor.py:157} INFO - Started process (PID=65356) to work on /opt/homebrew/lib/python3.11/site-packages/airflow/example_dags/example_dynamic_task_mapping.py
[2023-09-22T08:13:22.186+0800] {processor.py:829} INFO - Processing file /opt/homebrew/lib/python3.11/site-packages/airflow/example_dags/example_dynamic_task_mapping.py for tasks to queue
[2023-09-22T08:13:22.186+0800] {logging_mixin.py:151} INFO - [2023-09-22T08:13:22.186+0800] {dagbag.py:539} INFO - Filling up the DagBag from /opt/homebrew/lib/python3.11/site-packages/airflow/example_dags/example_dynamic_task_mapping.py
[2023-09-22T08:13:22.216+0800] {processor.py:839} INFO - DAG(s) dict_keys(['example_dynamic_task_mapping']) retrieved from /opt/homebrew/lib/python3.11/site-packages/airflow/example_dags/example_dynamic_task_mapping.py
[2023-09-22T08:13:22.308+0800] {logging_mixin.py:151} INFO - [2023-09-22T08:13:22.308+0800] {dag.py:2915} INFO - Sync 1 DAGs
[2023-09-22T08:13:22.317+0800] {logging_mixin.py:151} INFO - [2023-09-22T08:13:22.317+0800] {dag.py:3696} INFO - Setting next_dagrun for example_dynamic_task_mapping to 2022-03-04T00:00:00+00:00, run_after=2022-03-05T00:00:00+00:00
[2023-09-22T08:13:22.326+0800] {processor.py:179} INFO - Processing /opt/homebrew/lib/python3.11/site-packages/airflow/example_dags/example_dynamic_task_mapping.py took 0.141 seconds
[2023-09-22T08:15:08.098+0800] {processor.py:157} INFO - Started process (PID=65550) to work on /opt/homebrew/lib/python3.11/site-packages/airflow/example_dags/example_dynamic_task_mapping.py
[2023-09-22T08:15:08.098+0800] {processor.py:829} INFO - Processing file /opt/homebrew/lib/python3.11/site-packages/airflow/example_dags/example_dynamic_task_mapping.py for tasks to queue
[2023-09-22T08:15:08.099+0800] {logging_mixin.py:151} INFO - [2023-09-22T08:15:08.099+0800] {dagbag.py:539} INFO - Filling up the DagBag from /opt/homebrew/lib/python3.11/site-packages/airflow/example_dags/example_dynamic_task_mapping.py
[2023-09-22T08:15:08.129+0800] {processor.py:839} INFO - DAG(s) dict_keys(['example_dynamic_task_mapping']) retrieved from /opt/homebrew/lib/python3.11/site-packages/airflow/example_dags/example_dynamic_task_mapping.py
[2023-09-22T08:15:08.220+0800] {logging_mixin.py:151} INFO - [2023-09-22T08:15:08.220+0800] {dag.py:2915} INFO - Sync 1 DAGs
[2023-09-22T08:15:08.229+0800] {logging_mixin.py:151} INFO - [2023-09-22T08:15:08.229+0800] {dag.py:3696} INFO - Setting next_dagrun for example_dynamic_task_mapping to 2022-03-04T00:00:00+00:00, run_after=2022-03-05T00:00:00+00:00
[2023-09-22T08:15:08.238+0800] {processor.py:179} INFO - Processing /opt/homebrew/lib/python3.11/site-packages/airflow/example_dags/example_dynamic_task_mapping.py took 0.141 seconds
[2023-09-22T08:16:53.650+0800] {processor.py:157} INFO - Started process (PID=65736) to work on /opt/homebrew/lib/python3.11/site-packages/airflow/example_dags/example_dynamic_task_mapping.py
[2023-09-22T08:16:53.651+0800] {processor.py:829} INFO - Processing file /opt/homebrew/lib/python3.11/site-packages/airflow/example_dags/example_dynamic_task_mapping.py for tasks to queue
[2023-09-22T08:16:53.651+0800] {logging_mixin.py:151} INFO - [2023-09-22T08:16:53.651+0800] {dagbag.py:539} INFO - Filling up the DagBag from /opt/homebrew/lib/python3.11/site-packages/airflow/example_dags/example_dynamic_task_mapping.py
[2023-09-22T08:16:53.681+0800] {processor.py:839} INFO - DAG(s) dict_keys(['example_dynamic_task_mapping']) retrieved from /opt/homebrew/lib/python3.11/site-packages/airflow/example_dags/example_dynamic_task_mapping.py
[2023-09-22T08:16:53.773+0800] {logging_mixin.py:151} INFO - [2023-09-22T08:16:53.773+0800] {dag.py:2915} INFO - Sync 1 DAGs
[2023-09-22T08:16:53.782+0800] {logging_mixin.py:151} INFO - [2023-09-22T08:16:53.781+0800] {dag.py:3696} INFO - Setting next_dagrun for example_dynamic_task_mapping to 2022-03-04T00:00:00+00:00, run_after=2022-03-05T00:00:00+00:00
[2023-09-22T08:16:53.791+0800] {processor.py:179} INFO - Processing /opt/homebrew/lib/python3.11/site-packages/airflow/example_dags/example_dynamic_task_mapping.py took 0.142 seconds
[2023-09-22T08:18:38.733+0800] {processor.py:157} INFO - Started process (PID=65920) to work on /opt/homebrew/lib/python3.11/site-packages/airflow/example_dags/example_dynamic_task_mapping.py
[2023-09-22T08:18:38.734+0800] {processor.py:829} INFO - Processing file /opt/homebrew/lib/python3.11/site-packages/airflow/example_dags/example_dynamic_task_mapping.py for tasks to queue
[2023-09-22T08:18:38.734+0800] {logging_mixin.py:151} INFO - [2023-09-22T08:18:38.734+0800] {dagbag.py:539} INFO - Filling up the DagBag from /opt/homebrew/lib/python3.11/site-packages/airflow/example_dags/example_dynamic_task_mapping.py
[2023-09-22T08:18:38.764+0800] {processor.py:839} INFO - DAG(s) dict_keys(['example_dynamic_task_mapping']) retrieved from /opt/homebrew/lib/python3.11/site-packages/airflow/example_dags/example_dynamic_task_mapping.py
[2023-09-22T08:18:38.856+0800] {logging_mixin.py:151} INFO - [2023-09-22T08:18:38.856+0800] {dag.py:2915} INFO - Sync 1 DAGs
[2023-09-22T08:18:38.865+0800] {logging_mixin.py:151} INFO - [2023-09-22T08:18:38.865+0800] {dag.py:3696} INFO - Setting next_dagrun for example_dynamic_task_mapping to 2022-03-04T00:00:00+00:00, run_after=2022-03-05T00:00:00+00:00
[2023-09-22T08:18:38.875+0800] {processor.py:179} INFO - Processing /opt/homebrew/lib/python3.11/site-packages/airflow/example_dags/example_dynamic_task_mapping.py took 0.142 seconds
[2023-09-22T08:20:27.152+0800] {processor.py:157} INFO - Started process (PID=66114) to work on /opt/homebrew/lib/python3.11/site-packages/airflow/example_dags/example_dynamic_task_mapping.py
[2023-09-22T08:20:27.153+0800] {processor.py:829} INFO - Processing file /opt/homebrew/lib/python3.11/site-packages/airflow/example_dags/example_dynamic_task_mapping.py for tasks to queue
[2023-09-22T08:20:27.153+0800] {logging_mixin.py:151} INFO - [2023-09-22T08:20:27.153+0800] {dagbag.py:539} INFO - Filling up the DagBag from /opt/homebrew/lib/python3.11/site-packages/airflow/example_dags/example_dynamic_task_mapping.py
[2023-09-22T08:20:27.183+0800] {processor.py:839} INFO - DAG(s) dict_keys(['example_dynamic_task_mapping']) retrieved from /opt/homebrew/lib/python3.11/site-packages/airflow/example_dags/example_dynamic_task_mapping.py
[2023-09-22T08:20:27.276+0800] {logging_mixin.py:151} INFO - [2023-09-22T08:20:27.275+0800] {dag.py:2915} INFO - Sync 1 DAGs
[2023-09-22T08:20:27.284+0800] {logging_mixin.py:151} INFO - [2023-09-22T08:20:27.284+0800] {dag.py:3696} INFO - Setting next_dagrun for example_dynamic_task_mapping to 2022-03-04T00:00:00+00:00, run_after=2022-03-05T00:00:00+00:00
[2023-09-22T08:20:27.293+0800] {processor.py:179} INFO - Processing /opt/homebrew/lib/python3.11/site-packages/airflow/example_dags/example_dynamic_task_mapping.py took 0.142 seconds
[2023-09-22T08:22:12.174+0800] {processor.py:157} INFO - Started process (PID=66298) to work on /opt/homebrew/lib/python3.11/site-packages/airflow/example_dags/example_dynamic_task_mapping.py
[2023-09-22T08:22:12.175+0800] {processor.py:829} INFO - Processing file /opt/homebrew/lib/python3.11/site-packages/airflow/example_dags/example_dynamic_task_mapping.py for tasks to queue
[2023-09-22T08:22:12.175+0800] {logging_mixin.py:151} INFO - [2023-09-22T08:22:12.175+0800] {dagbag.py:539} INFO - Filling up the DagBag from /opt/homebrew/lib/python3.11/site-packages/airflow/example_dags/example_dynamic_task_mapping.py
[2023-09-22T08:22:12.205+0800] {processor.py:839} INFO - DAG(s) dict_keys(['example_dynamic_task_mapping']) retrieved from /opt/homebrew/lib/python3.11/site-packages/airflow/example_dags/example_dynamic_task_mapping.py
[2023-09-22T08:22:12.297+0800] {logging_mixin.py:151} INFO - [2023-09-22T08:22:12.297+0800] {dag.py:2915} INFO - Sync 1 DAGs
[2023-09-22T08:22:12.306+0800] {logging_mixin.py:151} INFO - [2023-09-22T08:22:12.306+0800] {dag.py:3696} INFO - Setting next_dagrun for example_dynamic_task_mapping to 2022-03-04T00:00:00+00:00, run_after=2022-03-05T00:00:00+00:00
[2023-09-22T08:22:12.316+0800] {processor.py:179} INFO - Processing /opt/homebrew/lib/python3.11/site-packages/airflow/example_dags/example_dynamic_task_mapping.py took 0.142 seconds
[2023-09-22T08:23:55.227+0800] {processor.py:157} INFO - Started process (PID=66485) to work on /opt/homebrew/lib/python3.11/site-packages/airflow/example_dags/example_dynamic_task_mapping.py
[2023-09-22T08:23:55.227+0800] {processor.py:829} INFO - Processing file /opt/homebrew/lib/python3.11/site-packages/airflow/example_dags/example_dynamic_task_mapping.py for tasks to queue
[2023-09-22T08:23:55.228+0800] {logging_mixin.py:151} INFO - [2023-09-22T08:23:55.228+0800] {dagbag.py:539} INFO - Filling up the DagBag from /opt/homebrew/lib/python3.11/site-packages/airflow/example_dags/example_dynamic_task_mapping.py
[2023-09-22T08:23:55.258+0800] {processor.py:839} INFO - DAG(s) dict_keys(['example_dynamic_task_mapping']) retrieved from /opt/homebrew/lib/python3.11/site-packages/airflow/example_dags/example_dynamic_task_mapping.py
[2023-09-22T08:23:55.350+0800] {logging_mixin.py:151} INFO - [2023-09-22T08:23:55.350+0800] {dag.py:2915} INFO - Sync 1 DAGs
[2023-09-22T08:23:55.358+0800] {logging_mixin.py:151} INFO - [2023-09-22T08:23:55.358+0800] {dag.py:3696} INFO - Setting next_dagrun for example_dynamic_task_mapping to 2022-03-04T00:00:00+00:00, run_after=2022-03-05T00:00:00+00:00
[2023-09-22T08:23:55.368+0800] {processor.py:179} INFO - Processing /opt/homebrew/lib/python3.11/site-packages/airflow/example_dags/example_dynamic_task_mapping.py took 0.141 seconds
[2023-09-22T08:25:40.898+0800] {processor.py:157} INFO - Started process (PID=66690) to work on /opt/homebrew/lib/python3.11/site-packages/airflow/example_dags/example_dynamic_task_mapping.py
[2023-09-22T08:25:40.898+0800] {processor.py:829} INFO - Processing file /opt/homebrew/lib/python3.11/site-packages/airflow/example_dags/example_dynamic_task_mapping.py for tasks to queue
[2023-09-22T08:25:40.899+0800] {logging_mixin.py:151} INFO - [2023-09-22T08:25:40.898+0800] {dagbag.py:539} INFO - Filling up the DagBag from /opt/homebrew/lib/python3.11/site-packages/airflow/example_dags/example_dynamic_task_mapping.py
[2023-09-22T08:25:40.929+0800] {processor.py:839} INFO - DAG(s) dict_keys(['example_dynamic_task_mapping']) retrieved from /opt/homebrew/lib/python3.11/site-packages/airflow/example_dags/example_dynamic_task_mapping.py
[2023-09-22T08:25:41.022+0800] {logging_mixin.py:151} INFO - [2023-09-22T08:25:41.022+0800] {dag.py:2915} INFO - Sync 1 DAGs
[2023-09-22T08:25:41.030+0800] {logging_mixin.py:151} INFO - [2023-09-22T08:25:41.030+0800] {dag.py:3696} INFO - Setting next_dagrun for example_dynamic_task_mapping to 2022-03-04T00:00:00+00:00, run_after=2022-03-05T00:00:00+00:00
[2023-09-22T08:25:41.040+0800] {processor.py:179} INFO - Processing /opt/homebrew/lib/python3.11/site-packages/airflow/example_dags/example_dynamic_task_mapping.py took 0.143 seconds
[2023-09-22T08:27:23.402+0800] {processor.py:157} INFO - Started process (PID=66874) to work on /opt/homebrew/lib/python3.11/site-packages/airflow/example_dags/example_dynamic_task_mapping.py
[2023-09-22T08:27:23.403+0800] {processor.py:829} INFO - Processing file /opt/homebrew/lib/python3.11/site-packages/airflow/example_dags/example_dynamic_task_mapping.py for tasks to queue
[2023-09-22T08:27:23.403+0800] {logging_mixin.py:151} INFO - [2023-09-22T08:27:23.403+0800] {dagbag.py:539} INFO - Filling up the DagBag from /opt/homebrew/lib/python3.11/site-packages/airflow/example_dags/example_dynamic_task_mapping.py
[2023-09-22T08:27:23.433+0800] {processor.py:839} INFO - DAG(s) dict_keys(['example_dynamic_task_mapping']) retrieved from /opt/homebrew/lib/python3.11/site-packages/airflow/example_dags/example_dynamic_task_mapping.py
[2023-09-22T08:27:23.526+0800] {logging_mixin.py:151} INFO - [2023-09-22T08:27:23.525+0800] {dag.py:2915} INFO - Sync 1 DAGs
[2023-09-22T08:27:23.534+0800] {logging_mixin.py:151} INFO - [2023-09-22T08:27:23.534+0800] {dag.py:3696} INFO - Setting next_dagrun for example_dynamic_task_mapping to 2022-03-04T00:00:00+00:00, run_after=2022-03-05T00:00:00+00:00
[2023-09-22T08:27:23.544+0800] {processor.py:179} INFO - Processing /opt/homebrew/lib/python3.11/site-packages/airflow/example_dags/example_dynamic_task_mapping.py took 0.142 seconds
[2023-09-22T08:29:01.738+0800] {processor.py:157} INFO - Started process (PID=67050) to work on /opt/homebrew/lib/python3.11/site-packages/airflow/example_dags/example_dynamic_task_mapping.py
[2023-09-22T08:29:01.739+0800] {processor.py:829} INFO - Processing file /opt/homebrew/lib/python3.11/site-packages/airflow/example_dags/example_dynamic_task_mapping.py for tasks to queue
[2023-09-22T08:29:01.739+0800] {logging_mixin.py:151} INFO - [2023-09-22T08:29:01.739+0800] {dagbag.py:539} INFO - Filling up the DagBag from /opt/homebrew/lib/python3.11/site-packages/airflow/example_dags/example_dynamic_task_mapping.py
[2023-09-22T08:29:01.769+0800] {processor.py:839} INFO - DAG(s) dict_keys(['example_dynamic_task_mapping']) retrieved from /opt/homebrew/lib/python3.11/site-packages/airflow/example_dags/example_dynamic_task_mapping.py
[2023-09-22T08:29:01.861+0800] {logging_mixin.py:151} INFO - [2023-09-22T08:29:01.861+0800] {dag.py:2915} INFO - Sync 1 DAGs
[2023-09-22T08:29:01.870+0800] {logging_mixin.py:151} INFO - [2023-09-22T08:29:01.870+0800] {dag.py:3696} INFO - Setting next_dagrun for example_dynamic_task_mapping to 2022-03-04T00:00:00+00:00, run_after=2022-03-05T00:00:00+00:00
[2023-09-22T08:29:01.880+0800] {processor.py:179} INFO - Processing /opt/homebrew/lib/python3.11/site-packages/airflow/example_dags/example_dynamic_task_mapping.py took 0.142 seconds
[2023-09-22T08:30:49.811+0800] {processor.py:157} INFO - Started process (PID=67238) to work on /opt/homebrew/lib/python3.11/site-packages/airflow/example_dags/example_dynamic_task_mapping.py
[2023-09-22T08:30:49.812+0800] {processor.py:829} INFO - Processing file /opt/homebrew/lib/python3.11/site-packages/airflow/example_dags/example_dynamic_task_mapping.py for tasks to queue
[2023-09-22T08:30:49.812+0800] {logging_mixin.py:151} INFO - [2023-09-22T08:30:49.812+0800] {dagbag.py:539} INFO - Filling up the DagBag from /opt/homebrew/lib/python3.11/site-packages/airflow/example_dags/example_dynamic_task_mapping.py
[2023-09-22T08:30:49.842+0800] {processor.py:839} INFO - DAG(s) dict_keys(['example_dynamic_task_mapping']) retrieved from /opt/homebrew/lib/python3.11/site-packages/airflow/example_dags/example_dynamic_task_mapping.py
[2023-09-22T08:30:49.934+0800] {logging_mixin.py:151} INFO - [2023-09-22T08:30:49.934+0800] {dag.py:2915} INFO - Sync 1 DAGs
[2023-09-22T08:30:49.943+0800] {logging_mixin.py:151} INFO - [2023-09-22T08:30:49.943+0800] {dag.py:3696} INFO - Setting next_dagrun for example_dynamic_task_mapping to 2022-03-04T00:00:00+00:00, run_after=2022-03-05T00:00:00+00:00
[2023-09-22T08:30:49.953+0800] {processor.py:179} INFO - Processing /opt/homebrew/lib/python3.11/site-packages/airflow/example_dags/example_dynamic_task_mapping.py took 0.142 seconds
[2023-09-22T08:32:36.745+0800] {processor.py:157} INFO - Started process (PID=67425) to work on /opt/homebrew/lib/python3.11/site-packages/airflow/example_dags/example_dynamic_task_mapping.py
[2023-09-22T08:32:36.745+0800] {processor.py:829} INFO - Processing file /opt/homebrew/lib/python3.11/site-packages/airflow/example_dags/example_dynamic_task_mapping.py for tasks to queue
[2023-09-22T08:32:36.745+0800] {logging_mixin.py:151} INFO - [2023-09-22T08:32:36.745+0800] {dagbag.py:539} INFO - Filling up the DagBag from /opt/homebrew/lib/python3.11/site-packages/airflow/example_dags/example_dynamic_task_mapping.py
[2023-09-22T08:32:36.776+0800] {processor.py:839} INFO - DAG(s) dict_keys(['example_dynamic_task_mapping']) retrieved from /opt/homebrew/lib/python3.11/site-packages/airflow/example_dags/example_dynamic_task_mapping.py
[2023-09-22T08:32:36.870+0800] {logging_mixin.py:151} INFO - [2023-09-22T08:32:36.870+0800] {dag.py:2915} INFO - Sync 1 DAGs
[2023-09-22T08:32:36.879+0800] {logging_mixin.py:151} INFO - [2023-09-22T08:32:36.879+0800] {dag.py:3696} INFO - Setting next_dagrun for example_dynamic_task_mapping to 2022-03-04T00:00:00+00:00, run_after=2022-03-05T00:00:00+00:00
[2023-09-22T08:32:36.889+0800] {processor.py:179} INFO - Processing /opt/homebrew/lib/python3.11/site-packages/airflow/example_dags/example_dynamic_task_mapping.py took 0.145 seconds
[2023-09-22T08:34:21.581+0800] {processor.py:157} INFO - Started process (PID=67658) to work on /opt/homebrew/lib/python3.11/site-packages/airflow/example_dags/example_dynamic_task_mapping.py
[2023-09-22T08:34:21.582+0800] {processor.py:829} INFO - Processing file /opt/homebrew/lib/python3.11/site-packages/airflow/example_dags/example_dynamic_task_mapping.py for tasks to queue
[2023-09-22T08:34:21.582+0800] {logging_mixin.py:151} INFO - [2023-09-22T08:34:21.582+0800] {dagbag.py:539} INFO - Filling up the DagBag from /opt/homebrew/lib/python3.11/site-packages/airflow/example_dags/example_dynamic_task_mapping.py
[2023-09-22T08:34:21.612+0800] {processor.py:839} INFO - DAG(s) dict_keys(['example_dynamic_task_mapping']) retrieved from /opt/homebrew/lib/python3.11/site-packages/airflow/example_dags/example_dynamic_task_mapping.py
[2023-09-22T08:34:21.705+0800] {logging_mixin.py:151} INFO - [2023-09-22T08:34:21.704+0800] {dag.py:2915} INFO - Sync 1 DAGs
[2023-09-22T08:34:21.713+0800] {logging_mixin.py:151} INFO - [2023-09-22T08:34:21.713+0800] {dag.py:3696} INFO - Setting next_dagrun for example_dynamic_task_mapping to 2022-03-04T00:00:00+00:00, run_after=2022-03-05T00:00:00+00:00
[2023-09-22T08:34:21.723+0800] {processor.py:179} INFO - Processing /opt/homebrew/lib/python3.11/site-packages/airflow/example_dags/example_dynamic_task_mapping.py took 0.142 seconds
[2023-09-22T08:36:06.167+0800] {processor.py:157} INFO - Started process (PID=67895) to work on /opt/homebrew/lib/python3.11/site-packages/airflow/example_dags/example_dynamic_task_mapping.py
[2023-09-22T08:36:06.168+0800] {processor.py:829} INFO - Processing file /opt/homebrew/lib/python3.11/site-packages/airflow/example_dags/example_dynamic_task_mapping.py for tasks to queue
[2023-09-22T08:36:06.168+0800] {logging_mixin.py:151} INFO - [2023-09-22T08:36:06.168+0800] {dagbag.py:539} INFO - Filling up the DagBag from /opt/homebrew/lib/python3.11/site-packages/airflow/example_dags/example_dynamic_task_mapping.py
[2023-09-22T08:36:06.198+0800] {processor.py:839} INFO - DAG(s) dict_keys(['example_dynamic_task_mapping']) retrieved from /opt/homebrew/lib/python3.11/site-packages/airflow/example_dags/example_dynamic_task_mapping.py
[2023-09-22T08:36:06.290+0800] {logging_mixin.py:151} INFO - [2023-09-22T08:36:06.290+0800] {dag.py:2915} INFO - Sync 1 DAGs
[2023-09-22T08:36:06.298+0800] {logging_mixin.py:151} INFO - [2023-09-22T08:36:06.298+0800] {dag.py:3696} INFO - Setting next_dagrun for example_dynamic_task_mapping to 2022-03-04T00:00:00+00:00, run_after=2022-03-05T00:00:00+00:00
[2023-09-22T08:36:06.308+0800] {processor.py:179} INFO - Processing /opt/homebrew/lib/python3.11/site-packages/airflow/example_dags/example_dynamic_task_mapping.py took 0.142 seconds
[2023-09-22T08:37:48.522+0800] {processor.py:157} INFO - Started process (PID=68073) to work on /opt/homebrew/lib/python3.11/site-packages/airflow/example_dags/example_dynamic_task_mapping.py
[2023-09-22T08:37:48.522+0800] {processor.py:829} INFO - Processing file /opt/homebrew/lib/python3.11/site-packages/airflow/example_dags/example_dynamic_task_mapping.py for tasks to queue
[2023-09-22T08:37:48.522+0800] {logging_mixin.py:151} INFO - [2023-09-22T08:37:48.522+0800] {dagbag.py:539} INFO - Filling up the DagBag from /opt/homebrew/lib/python3.11/site-packages/airflow/example_dags/example_dynamic_task_mapping.py
[2023-09-22T08:37:48.553+0800] {processor.py:839} INFO - DAG(s) dict_keys(['example_dynamic_task_mapping']) retrieved from /opt/homebrew/lib/python3.11/site-packages/airflow/example_dags/example_dynamic_task_mapping.py
[2023-09-22T08:37:48.645+0800] {logging_mixin.py:151} INFO - [2023-09-22T08:37:48.645+0800] {dag.py:2915} INFO - Sync 1 DAGs
[2023-09-22T08:37:48.654+0800] {logging_mixin.py:151} INFO - [2023-09-22T08:37:48.654+0800] {dag.py:3696} INFO - Setting next_dagrun for example_dynamic_task_mapping to 2022-03-04T00:00:00+00:00, run_after=2022-03-05T00:00:00+00:00
[2023-09-22T08:37:48.664+0800] {processor.py:179} INFO - Processing /opt/homebrew/lib/python3.11/site-packages/airflow/example_dags/example_dynamic_task_mapping.py took 0.142 seconds
[2023-09-22T08:39:34.018+0800] {processor.py:157} INFO - Started process (PID=68267) to work on /opt/homebrew/lib/python3.11/site-packages/airflow/example_dags/example_dynamic_task_mapping.py
[2023-09-22T08:39:34.019+0800] {processor.py:829} INFO - Processing file /opt/homebrew/lib/python3.11/site-packages/airflow/example_dags/example_dynamic_task_mapping.py for tasks to queue
[2023-09-22T08:39:34.019+0800] {logging_mixin.py:151} INFO - [2023-09-22T08:39:34.019+0800] {dagbag.py:539} INFO - Filling up the DagBag from /opt/homebrew/lib/python3.11/site-packages/airflow/example_dags/example_dynamic_task_mapping.py
[2023-09-22T08:39:34.049+0800] {processor.py:839} INFO - DAG(s) dict_keys(['example_dynamic_task_mapping']) retrieved from /opt/homebrew/lib/python3.11/site-packages/airflow/example_dags/example_dynamic_task_mapping.py
[2023-09-22T08:39:34.142+0800] {logging_mixin.py:151} INFO - [2023-09-22T08:39:34.141+0800] {dag.py:2915} INFO - Sync 1 DAGs
[2023-09-22T08:39:34.150+0800] {logging_mixin.py:151} INFO - [2023-09-22T08:39:34.150+0800] {dag.py:3696} INFO - Setting next_dagrun for example_dynamic_task_mapping to 2022-03-04T00:00:00+00:00, run_after=2022-03-05T00:00:00+00:00
[2023-09-22T08:39:34.160+0800] {processor.py:179} INFO - Processing /opt/homebrew/lib/python3.11/site-packages/airflow/example_dags/example_dynamic_task_mapping.py took 0.142 seconds
[2023-09-22T08:41:18.573+0800] {processor.py:157} INFO - Started process (PID=68448) to work on /opt/homebrew/lib/python3.11/site-packages/airflow/example_dags/example_dynamic_task_mapping.py
[2023-09-22T08:41:18.573+0800] {processor.py:829} INFO - Processing file /opt/homebrew/lib/python3.11/site-packages/airflow/example_dags/example_dynamic_task_mapping.py for tasks to queue
[2023-09-22T08:41:18.573+0800] {logging_mixin.py:151} INFO - [2023-09-22T08:41:18.573+0800] {dagbag.py:539} INFO - Filling up the DagBag from /opt/homebrew/lib/python3.11/site-packages/airflow/example_dags/example_dynamic_task_mapping.py
[2023-09-22T08:41:18.604+0800] {processor.py:839} INFO - DAG(s) dict_keys(['example_dynamic_task_mapping']) retrieved from /opt/homebrew/lib/python3.11/site-packages/airflow/example_dags/example_dynamic_task_mapping.py
[2023-09-22T08:41:18.696+0800] {logging_mixin.py:151} INFO - [2023-09-22T08:41:18.695+0800] {dag.py:2915} INFO - Sync 1 DAGs
[2023-09-22T08:41:18.704+0800] {logging_mixin.py:151} INFO - [2023-09-22T08:41:18.704+0800] {dag.py:3696} INFO - Setting next_dagrun for example_dynamic_task_mapping to 2022-03-04T00:00:00+00:00, run_after=2022-03-05T00:00:00+00:00
[2023-09-22T08:41:18.714+0800] {processor.py:179} INFO - Processing /opt/homebrew/lib/python3.11/site-packages/airflow/example_dags/example_dynamic_task_mapping.py took 0.142 seconds
[2023-09-22T08:43:04.876+0800] {processor.py:157} INFO - Started process (PID=68637) to work on /opt/homebrew/lib/python3.11/site-packages/airflow/example_dags/example_dynamic_task_mapping.py
[2023-09-22T08:43:04.876+0800] {processor.py:829} INFO - Processing file /opt/homebrew/lib/python3.11/site-packages/airflow/example_dags/example_dynamic_task_mapping.py for tasks to queue
[2023-09-22T08:43:04.876+0800] {logging_mixin.py:151} INFO - [2023-09-22T08:43:04.876+0800] {dagbag.py:539} INFO - Filling up the DagBag from /opt/homebrew/lib/python3.11/site-packages/airflow/example_dags/example_dynamic_task_mapping.py
[2023-09-22T08:43:04.907+0800] {processor.py:839} INFO - DAG(s) dict_keys(['example_dynamic_task_mapping']) retrieved from /opt/homebrew/lib/python3.11/site-packages/airflow/example_dags/example_dynamic_task_mapping.py
[2023-09-22T08:43:04.999+0800] {logging_mixin.py:151} INFO - [2023-09-22T08:43:04.999+0800] {dag.py:2915} INFO - Sync 1 DAGs
[2023-09-22T08:43:05.007+0800] {logging_mixin.py:151} INFO - [2023-09-22T08:43:05.007+0800] {dag.py:3696} INFO - Setting next_dagrun for example_dynamic_task_mapping to 2022-03-04T00:00:00+00:00, run_after=2022-03-05T00:00:00+00:00
[2023-09-22T08:43:05.017+0800] {processor.py:179} INFO - Processing /opt/homebrew/lib/python3.11/site-packages/airflow/example_dags/example_dynamic_task_mapping.py took 0.142 seconds
[2023-09-22T08:44:45.410+0800] {processor.py:157} INFO - Started process (PID=68819) to work on /opt/homebrew/lib/python3.11/site-packages/airflow/example_dags/example_dynamic_task_mapping.py
[2023-09-22T08:44:45.410+0800] {processor.py:829} INFO - Processing file /opt/homebrew/lib/python3.11/site-packages/airflow/example_dags/example_dynamic_task_mapping.py for tasks to queue
[2023-09-22T08:44:45.410+0800] {logging_mixin.py:151} INFO - [2023-09-22T08:44:45.410+0800] {dagbag.py:539} INFO - Filling up the DagBag from /opt/homebrew/lib/python3.11/site-packages/airflow/example_dags/example_dynamic_task_mapping.py
[2023-09-22T08:44:45.441+0800] {processor.py:839} INFO - DAG(s) dict_keys(['example_dynamic_task_mapping']) retrieved from /opt/homebrew/lib/python3.11/site-packages/airflow/example_dags/example_dynamic_task_mapping.py
[2023-09-22T08:44:45.533+0800] {logging_mixin.py:151} INFO - [2023-09-22T08:44:45.532+0800] {dag.py:2915} INFO - Sync 1 DAGs
[2023-09-22T08:44:45.541+0800] {logging_mixin.py:151} INFO - [2023-09-22T08:44:45.541+0800] {dag.py:3696} INFO - Setting next_dagrun for example_dynamic_task_mapping to 2022-03-04T00:00:00+00:00, run_after=2022-03-05T00:00:00+00:00
[2023-09-22T08:44:45.551+0800] {processor.py:179} INFO - Processing /opt/homebrew/lib/python3.11/site-packages/airflow/example_dags/example_dynamic_task_mapping.py took 0.141 seconds
[2023-09-22T08:46:32.042+0800] {processor.py:157} INFO - Started process (PID=69006) to work on /opt/homebrew/lib/python3.11/site-packages/airflow/example_dags/example_dynamic_task_mapping.py
[2023-09-22T08:46:32.042+0800] {processor.py:829} INFO - Processing file /opt/homebrew/lib/python3.11/site-packages/airflow/example_dags/example_dynamic_task_mapping.py for tasks to queue
[2023-09-22T08:46:32.042+0800] {logging_mixin.py:151} INFO - [2023-09-22T08:46:32.042+0800] {dagbag.py:539} INFO - Filling up the DagBag from /opt/homebrew/lib/python3.11/site-packages/airflow/example_dags/example_dynamic_task_mapping.py
[2023-09-22T08:46:32.072+0800] {processor.py:839} INFO - DAG(s) dict_keys(['example_dynamic_task_mapping']) retrieved from /opt/homebrew/lib/python3.11/site-packages/airflow/example_dags/example_dynamic_task_mapping.py
[2023-09-22T08:46:32.165+0800] {logging_mixin.py:151} INFO - [2023-09-22T08:46:32.164+0800] {dag.py:2915} INFO - Sync 1 DAGs
[2023-09-22T08:46:32.173+0800] {logging_mixin.py:151} INFO - [2023-09-22T08:46:32.173+0800] {dag.py:3696} INFO - Setting next_dagrun for example_dynamic_task_mapping to 2022-03-04T00:00:00+00:00, run_after=2022-03-05T00:00:00+00:00
[2023-09-22T08:46:32.182+0800] {processor.py:179} INFO - Processing /opt/homebrew/lib/python3.11/site-packages/airflow/example_dags/example_dynamic_task_mapping.py took 0.141 seconds
[2023-09-22T08:48:17.112+0800] {processor.py:157} INFO - Started process (PID=69194) to work on /opt/homebrew/lib/python3.11/site-packages/airflow/example_dags/example_dynamic_task_mapping.py
[2023-09-22T08:48:17.113+0800] {processor.py:829} INFO - Processing file /opt/homebrew/lib/python3.11/site-packages/airflow/example_dags/example_dynamic_task_mapping.py for tasks to queue
[2023-09-22T08:48:17.113+0800] {logging_mixin.py:151} INFO - [2023-09-22T08:48:17.113+0800] {dagbag.py:539} INFO - Filling up the DagBag from /opt/homebrew/lib/python3.11/site-packages/airflow/example_dags/example_dynamic_task_mapping.py
[2023-09-22T08:48:17.143+0800] {processor.py:839} INFO - DAG(s) dict_keys(['example_dynamic_task_mapping']) retrieved from /opt/homebrew/lib/python3.11/site-packages/airflow/example_dags/example_dynamic_task_mapping.py
[2023-09-22T08:48:17.235+0800] {logging_mixin.py:151} INFO - [2023-09-22T08:48:17.235+0800] {dag.py:2915} INFO - Sync 1 DAGs
[2023-09-22T08:48:17.244+0800] {logging_mixin.py:151} INFO - [2023-09-22T08:48:17.244+0800] {dag.py:3696} INFO - Setting next_dagrun for example_dynamic_task_mapping to 2022-03-04T00:00:00+00:00, run_after=2022-03-05T00:00:00+00:00
[2023-09-22T08:48:17.253+0800] {processor.py:179} INFO - Processing /opt/homebrew/lib/python3.11/site-packages/airflow/example_dags/example_dynamic_task_mapping.py took 0.142 seconds
[2023-09-22T08:50:01.848+0800] {processor.py:157} INFO - Started process (PID=69387) to work on /opt/homebrew/lib/python3.11/site-packages/airflow/example_dags/example_dynamic_task_mapping.py
[2023-09-22T08:50:01.849+0800] {processor.py:829} INFO - Processing file /opt/homebrew/lib/python3.11/site-packages/airflow/example_dags/example_dynamic_task_mapping.py for tasks to queue
[2023-09-22T08:50:01.849+0800] {logging_mixin.py:151} INFO - [2023-09-22T08:50:01.849+0800] {dagbag.py:539} INFO - Filling up the DagBag from /opt/homebrew/lib/python3.11/site-packages/airflow/example_dags/example_dynamic_task_mapping.py
[2023-09-22T08:50:01.880+0800] {processor.py:839} INFO - DAG(s) dict_keys(['example_dynamic_task_mapping']) retrieved from /opt/homebrew/lib/python3.11/site-packages/airflow/example_dags/example_dynamic_task_mapping.py
[2023-09-22T08:50:01.972+0800] {logging_mixin.py:151} INFO - [2023-09-22T08:50:01.972+0800] {dag.py:2915} INFO - Sync 1 DAGs
[2023-09-22T08:50:01.981+0800] {logging_mixin.py:151} INFO - [2023-09-22T08:50:01.981+0800] {dag.py:3696} INFO - Setting next_dagrun for example_dynamic_task_mapping to 2022-03-04T00:00:00+00:00, run_after=2022-03-05T00:00:00+00:00
[2023-09-22T08:50:01.991+0800] {processor.py:179} INFO - Processing /opt/homebrew/lib/python3.11/site-packages/airflow/example_dags/example_dynamic_task_mapping.py took 0.143 seconds
[2023-09-22T08:51:43.948+0800] {processor.py:157} INFO - Started process (PID=69566) to work on /opt/homebrew/lib/python3.11/site-packages/airflow/example_dags/example_dynamic_task_mapping.py
[2023-09-22T08:51:43.948+0800] {processor.py:829} INFO - Processing file /opt/homebrew/lib/python3.11/site-packages/airflow/example_dags/example_dynamic_task_mapping.py for tasks to queue
[2023-09-22T08:51:43.948+0800] {logging_mixin.py:151} INFO - [2023-09-22T08:51:43.948+0800] {dagbag.py:539} INFO - Filling up the DagBag from /opt/homebrew/lib/python3.11/site-packages/airflow/example_dags/example_dynamic_task_mapping.py
[2023-09-22T08:51:43.978+0800] {processor.py:839} INFO - DAG(s) dict_keys(['example_dynamic_task_mapping']) retrieved from /opt/homebrew/lib/python3.11/site-packages/airflow/example_dags/example_dynamic_task_mapping.py
[2023-09-22T08:51:44.071+0800] {logging_mixin.py:151} INFO - [2023-09-22T08:51:44.070+0800] {dag.py:2915} INFO - Sync 1 DAGs
[2023-09-22T08:51:44.079+0800] {logging_mixin.py:151} INFO - [2023-09-22T08:51:44.079+0800] {dag.py:3696} INFO - Setting next_dagrun for example_dynamic_task_mapping to 2022-03-04T00:00:00+00:00, run_after=2022-03-05T00:00:00+00:00
[2023-09-22T08:51:44.089+0800] {processor.py:179} INFO - Processing /opt/homebrew/lib/python3.11/site-packages/airflow/example_dags/example_dynamic_task_mapping.py took 0.142 seconds
[2023-09-22T08:53:28.667+0800] {processor.py:157} INFO - Started process (PID=69751) to work on /opt/homebrew/lib/python3.11/site-packages/airflow/example_dags/example_dynamic_task_mapping.py
[2023-09-22T08:53:28.668+0800] {processor.py:829} INFO - Processing file /opt/homebrew/lib/python3.11/site-packages/airflow/example_dags/example_dynamic_task_mapping.py for tasks to queue
[2023-09-22T08:53:28.668+0800] {logging_mixin.py:151} INFO - [2023-09-22T08:53:28.668+0800] {dagbag.py:539} INFO - Filling up the DagBag from /opt/homebrew/lib/python3.11/site-packages/airflow/example_dags/example_dynamic_task_mapping.py
[2023-09-22T08:53:28.698+0800] {processor.py:839} INFO - DAG(s) dict_keys(['example_dynamic_task_mapping']) retrieved from /opt/homebrew/lib/python3.11/site-packages/airflow/example_dags/example_dynamic_task_mapping.py
[2023-09-22T08:53:28.790+0800] {logging_mixin.py:151} INFO - [2023-09-22T08:53:28.790+0800] {dag.py:2915} INFO - Sync 1 DAGs
[2023-09-22T08:53:28.799+0800] {logging_mixin.py:151} INFO - [2023-09-22T08:53:28.799+0800] {dag.py:3696} INFO - Setting next_dagrun for example_dynamic_task_mapping to 2022-03-04T00:00:00+00:00, run_after=2022-03-05T00:00:00+00:00
[2023-09-22T08:53:28.809+0800] {processor.py:179} INFO - Processing /opt/homebrew/lib/python3.11/site-packages/airflow/example_dags/example_dynamic_task_mapping.py took 0.142 seconds
[2023-09-22T08:55:12.184+0800] {processor.py:157} INFO - Started process (PID=69932) to work on /opt/homebrew/lib/python3.11/site-packages/airflow/example_dags/example_dynamic_task_mapping.py
[2023-09-22T08:55:12.184+0800] {processor.py:829} INFO - Processing file /opt/homebrew/lib/python3.11/site-packages/airflow/example_dags/example_dynamic_task_mapping.py for tasks to queue
[2023-09-22T08:55:12.185+0800] {logging_mixin.py:151} INFO - [2023-09-22T08:55:12.185+0800] {dagbag.py:539} INFO - Filling up the DagBag from /opt/homebrew/lib/python3.11/site-packages/airflow/example_dags/example_dynamic_task_mapping.py
[2023-09-22T08:55:12.215+0800] {processor.py:839} INFO - DAG(s) dict_keys(['example_dynamic_task_mapping']) retrieved from /opt/homebrew/lib/python3.11/site-packages/airflow/example_dags/example_dynamic_task_mapping.py
[2023-09-22T08:55:12.307+0800] {logging_mixin.py:151} INFO - [2023-09-22T08:55:12.307+0800] {dag.py:2915} INFO - Sync 1 DAGs
[2023-09-22T08:55:12.315+0800] {logging_mixin.py:151} INFO - [2023-09-22T08:55:12.315+0800] {dag.py:3696} INFO - Setting next_dagrun for example_dynamic_task_mapping to 2022-03-04T00:00:00+00:00, run_after=2022-03-05T00:00:00+00:00
[2023-09-22T08:55:12.325+0800] {processor.py:179} INFO - Processing /opt/homebrew/lib/python3.11/site-packages/airflow/example_dags/example_dynamic_task_mapping.py took 0.142 seconds
[2023-09-22T08:56:57.911+0800] {processor.py:157} INFO - Started process (PID=70144) to work on /opt/homebrew/lib/python3.11/site-packages/airflow/example_dags/example_dynamic_task_mapping.py
[2023-09-22T08:56:57.911+0800] {processor.py:829} INFO - Processing file /opt/homebrew/lib/python3.11/site-packages/airflow/example_dags/example_dynamic_task_mapping.py for tasks to queue
[2023-09-22T08:56:57.912+0800] {logging_mixin.py:151} INFO - [2023-09-22T08:56:57.912+0800] {dagbag.py:539} INFO - Filling up the DagBag from /opt/homebrew/lib/python3.11/site-packages/airflow/example_dags/example_dynamic_task_mapping.py
[2023-09-22T08:56:57.942+0800] {processor.py:839} INFO - DAG(s) dict_keys(['example_dynamic_task_mapping']) retrieved from /opt/homebrew/lib/python3.11/site-packages/airflow/example_dags/example_dynamic_task_mapping.py
[2023-09-22T08:56:58.034+0800] {logging_mixin.py:151} INFO - [2023-09-22T08:56:58.034+0800] {dag.py:2915} INFO - Sync 1 DAGs
[2023-09-22T08:56:58.043+0800] {logging_mixin.py:151} INFO - [2023-09-22T08:56:58.042+0800] {dag.py:3696} INFO - Setting next_dagrun for example_dynamic_task_mapping to 2022-03-04T00:00:00+00:00, run_after=2022-03-05T00:00:00+00:00
[2023-09-22T08:56:58.052+0800] {processor.py:179} INFO - Processing /opt/homebrew/lib/python3.11/site-packages/airflow/example_dags/example_dynamic_task_mapping.py took 0.142 seconds
[2023-09-22T08:58:42.774+0800] {processor.py:157} INFO - Started process (PID=70327) to work on /opt/homebrew/lib/python3.11/site-packages/airflow/example_dags/example_dynamic_task_mapping.py
[2023-09-22T08:58:42.775+0800] {processor.py:829} INFO - Processing file /opt/homebrew/lib/python3.11/site-packages/airflow/example_dags/example_dynamic_task_mapping.py for tasks to queue
[2023-09-22T08:58:42.775+0800] {logging_mixin.py:151} INFO - [2023-09-22T08:58:42.775+0800] {dagbag.py:539} INFO - Filling up the DagBag from /opt/homebrew/lib/python3.11/site-packages/airflow/example_dags/example_dynamic_task_mapping.py
[2023-09-22T08:58:42.806+0800] {processor.py:839} INFO - DAG(s) dict_keys(['example_dynamic_task_mapping']) retrieved from /opt/homebrew/lib/python3.11/site-packages/airflow/example_dags/example_dynamic_task_mapping.py
[2023-09-22T08:58:42.898+0800] {logging_mixin.py:151} INFO - [2023-09-22T08:58:42.898+0800] {dag.py:2915} INFO - Sync 1 DAGs
[2023-09-22T08:58:42.906+0800] {logging_mixin.py:151} INFO - [2023-09-22T08:58:42.906+0800] {dag.py:3696} INFO - Setting next_dagrun for example_dynamic_task_mapping to 2022-03-04T00:00:00+00:00, run_after=2022-03-05T00:00:00+00:00
[2023-09-22T08:58:42.916+0800] {processor.py:179} INFO - Processing /opt/homebrew/lib/python3.11/site-packages/airflow/example_dags/example_dynamic_task_mapping.py took 0.142 seconds
[2023-09-22T09:00:27.332+0800] {processor.py:157} INFO - Started process (PID=70519) to work on /opt/homebrew/lib/python3.11/site-packages/airflow/example_dags/example_dynamic_task_mapping.py
[2023-09-22T09:00:27.333+0800] {processor.py:829} INFO - Processing file /opt/homebrew/lib/python3.11/site-packages/airflow/example_dags/example_dynamic_task_mapping.py for tasks to queue
[2023-09-22T09:00:27.333+0800] {logging_mixin.py:151} INFO - [2023-09-22T09:00:27.333+0800] {dagbag.py:539} INFO - Filling up the DagBag from /opt/homebrew/lib/python3.11/site-packages/airflow/example_dags/example_dynamic_task_mapping.py
[2023-09-22T09:00:27.363+0800] {processor.py:839} INFO - DAG(s) dict_keys(['example_dynamic_task_mapping']) retrieved from /opt/homebrew/lib/python3.11/site-packages/airflow/example_dags/example_dynamic_task_mapping.py
[2023-09-22T09:00:27.456+0800] {logging_mixin.py:151} INFO - [2023-09-22T09:00:27.455+0800] {dag.py:2915} INFO - Sync 1 DAGs
[2023-09-22T09:00:27.464+0800] {logging_mixin.py:151} INFO - [2023-09-22T09:00:27.464+0800] {dag.py:3696} INFO - Setting next_dagrun for example_dynamic_task_mapping to 2022-03-04T00:00:00+00:00, run_after=2022-03-05T00:00:00+00:00
[2023-09-22T09:00:27.474+0800] {processor.py:179} INFO - Processing /opt/homebrew/lib/python3.11/site-packages/airflow/example_dags/example_dynamic_task_mapping.py took 0.142 seconds
[2023-09-22T09:02:12.167+0800] {processor.py:157} INFO - Started process (PID=70704) to work on /opt/homebrew/lib/python3.11/site-packages/airflow/example_dags/example_dynamic_task_mapping.py
[2023-09-22T09:02:12.168+0800] {processor.py:829} INFO - Processing file /opt/homebrew/lib/python3.11/site-packages/airflow/example_dags/example_dynamic_task_mapping.py for tasks to queue
[2023-09-22T09:02:12.168+0800] {logging_mixin.py:151} INFO - [2023-09-22T09:02:12.168+0800] {dagbag.py:539} INFO - Filling up the DagBag from /opt/homebrew/lib/python3.11/site-packages/airflow/example_dags/example_dynamic_task_mapping.py
[2023-09-22T09:02:12.198+0800] {processor.py:839} INFO - DAG(s) dict_keys(['example_dynamic_task_mapping']) retrieved from /opt/homebrew/lib/python3.11/site-packages/airflow/example_dags/example_dynamic_task_mapping.py
[2023-09-22T09:02:12.291+0800] {logging_mixin.py:151} INFO - [2023-09-22T09:02:12.290+0800] {dag.py:2915} INFO - Sync 1 DAGs
[2023-09-22T09:02:12.299+0800] {logging_mixin.py:151} INFO - [2023-09-22T09:02:12.299+0800] {dag.py:3696} INFO - Setting next_dagrun for example_dynamic_task_mapping to 2022-03-04T00:00:00+00:00, run_after=2022-03-05T00:00:00+00:00
[2023-09-22T09:02:12.309+0800] {processor.py:179} INFO - Processing /opt/homebrew/lib/python3.11/site-packages/airflow/example_dags/example_dynamic_task_mapping.py took 0.142 seconds
[2023-09-22T09:03:58.123+0800] {processor.py:157} INFO - Started process (PID=70904) to work on /opt/homebrew/lib/python3.11/site-packages/airflow/example_dags/example_dynamic_task_mapping.py
[2023-09-22T09:03:58.124+0800] {processor.py:829} INFO - Processing file /opt/homebrew/lib/python3.11/site-packages/airflow/example_dags/example_dynamic_task_mapping.py for tasks to queue
[2023-09-22T09:03:58.124+0800] {logging_mixin.py:151} INFO - [2023-09-22T09:03:58.124+0800] {dagbag.py:539} INFO - Filling up the DagBag from /opt/homebrew/lib/python3.11/site-packages/airflow/example_dags/example_dynamic_task_mapping.py
[2023-09-22T09:03:58.154+0800] {processor.py:839} INFO - DAG(s) dict_keys(['example_dynamic_task_mapping']) retrieved from /opt/homebrew/lib/python3.11/site-packages/airflow/example_dags/example_dynamic_task_mapping.py
[2023-09-22T09:03:58.246+0800] {logging_mixin.py:151} INFO - [2023-09-22T09:03:58.246+0800] {dag.py:2915} INFO - Sync 1 DAGs
[2023-09-22T09:03:58.254+0800] {logging_mixin.py:151} INFO - [2023-09-22T09:03:58.254+0800] {dag.py:3696} INFO - Setting next_dagrun for example_dynamic_task_mapping to 2022-03-04T00:00:00+00:00, run_after=2022-03-05T00:00:00+00:00
[2023-09-22T09:03:58.264+0800] {processor.py:179} INFO - Processing /opt/homebrew/lib/python3.11/site-packages/airflow/example_dags/example_dynamic_task_mapping.py took 0.142 seconds
[2023-09-22T09:05:41.135+0800] {processor.py:157} INFO - Started process (PID=71148) to work on /opt/homebrew/lib/python3.11/site-packages/airflow/example_dags/example_dynamic_task_mapping.py
[2023-09-22T09:05:41.135+0800] {processor.py:829} INFO - Processing file /opt/homebrew/lib/python3.11/site-packages/airflow/example_dags/example_dynamic_task_mapping.py for tasks to queue
[2023-09-22T09:05:41.136+0800] {logging_mixin.py:151} INFO - [2023-09-22T09:05:41.136+0800] {dagbag.py:539} INFO - Filling up the DagBag from /opt/homebrew/lib/python3.11/site-packages/airflow/example_dags/example_dynamic_task_mapping.py
[2023-09-22T09:05:41.166+0800] {processor.py:839} INFO - DAG(s) dict_keys(['example_dynamic_task_mapping']) retrieved from /opt/homebrew/lib/python3.11/site-packages/airflow/example_dags/example_dynamic_task_mapping.py
[2023-09-22T09:05:41.261+0800] {logging_mixin.py:151} INFO - [2023-09-22T09:05:41.261+0800] {dag.py:2915} INFO - Sync 1 DAGs
[2023-09-22T09:05:41.270+0800] {logging_mixin.py:151} INFO - [2023-09-22T09:05:41.270+0800] {dag.py:3696} INFO - Setting next_dagrun for example_dynamic_task_mapping to 2022-03-04T00:00:00+00:00, run_after=2022-03-05T00:00:00+00:00
[2023-09-22T09:05:41.281+0800] {processor.py:179} INFO - Processing /opt/homebrew/lib/python3.11/site-packages/airflow/example_dags/example_dynamic_task_mapping.py took 0.146 seconds
[2023-09-22T09:07:25.787+0800] {processor.py:157} INFO - Started process (PID=71346) to work on /opt/homebrew/lib/python3.11/site-packages/airflow/example_dags/example_dynamic_task_mapping.py
[2023-09-22T09:07:25.787+0800] {processor.py:829} INFO - Processing file /opt/homebrew/lib/python3.11/site-packages/airflow/example_dags/example_dynamic_task_mapping.py for tasks to queue
[2023-09-22T09:07:25.788+0800] {logging_mixin.py:151} INFO - [2023-09-22T09:07:25.788+0800] {dagbag.py:539} INFO - Filling up the DagBag from /opt/homebrew/lib/python3.11/site-packages/airflow/example_dags/example_dynamic_task_mapping.py
[2023-09-22T09:07:25.818+0800] {processor.py:839} INFO - DAG(s) dict_keys(['example_dynamic_task_mapping']) retrieved from /opt/homebrew/lib/python3.11/site-packages/airflow/example_dags/example_dynamic_task_mapping.py
[2023-09-22T09:07:25.910+0800] {logging_mixin.py:151} INFO - [2023-09-22T09:07:25.910+0800] {dag.py:2915} INFO - Sync 1 DAGs
[2023-09-22T09:07:25.918+0800] {logging_mixin.py:151} INFO - [2023-09-22T09:07:25.918+0800] {dag.py:3696} INFO - Setting next_dagrun for example_dynamic_task_mapping to 2022-03-04T00:00:00+00:00, run_after=2022-03-05T00:00:00+00:00
[2023-09-22T09:07:25.928+0800] {processor.py:179} INFO - Processing /opt/homebrew/lib/python3.11/site-packages/airflow/example_dags/example_dynamic_task_mapping.py took 0.142 seconds
[2023-09-22T09:09:09.586+0800] {processor.py:157} INFO - Started process (PID=71536) to work on /opt/homebrew/lib/python3.11/site-packages/airflow/example_dags/example_dynamic_task_mapping.py
[2023-09-22T09:09:09.586+0800] {processor.py:829} INFO - Processing file /opt/homebrew/lib/python3.11/site-packages/airflow/example_dags/example_dynamic_task_mapping.py for tasks to queue
[2023-09-22T09:09:09.586+0800] {logging_mixin.py:151} INFO - [2023-09-22T09:09:09.586+0800] {dagbag.py:539} INFO - Filling up the DagBag from /opt/homebrew/lib/python3.11/site-packages/airflow/example_dags/example_dynamic_task_mapping.py
[2023-09-22T09:09:09.617+0800] {processor.py:839} INFO - DAG(s) dict_keys(['example_dynamic_task_mapping']) retrieved from /opt/homebrew/lib/python3.11/site-packages/airflow/example_dags/example_dynamic_task_mapping.py
[2023-09-22T09:09:09.709+0800] {logging_mixin.py:151} INFO - [2023-09-22T09:09:09.709+0800] {dag.py:2915} INFO - Sync 1 DAGs
[2023-09-22T09:09:09.717+0800] {logging_mixin.py:151} INFO - [2023-09-22T09:09:09.717+0800] {dag.py:3696} INFO - Setting next_dagrun for example_dynamic_task_mapping to 2022-03-04T00:00:00+00:00, run_after=2022-03-05T00:00:00+00:00
[2023-09-22T09:09:09.727+0800] {processor.py:179} INFO - Processing /opt/homebrew/lib/python3.11/site-packages/airflow/example_dags/example_dynamic_task_mapping.py took 0.142 seconds
[2023-09-22T09:10:57.589+0800] {processor.py:157} INFO - Started process (PID=71733) to work on /opt/homebrew/lib/python3.11/site-packages/airflow/example_dags/example_dynamic_task_mapping.py
[2023-09-22T09:10:57.590+0800] {processor.py:829} INFO - Processing file /opt/homebrew/lib/python3.11/site-packages/airflow/example_dags/example_dynamic_task_mapping.py for tasks to queue
[2023-09-22T09:10:57.590+0800] {logging_mixin.py:151} INFO - [2023-09-22T09:10:57.590+0800] {dagbag.py:539} INFO - Filling up the DagBag from /opt/homebrew/lib/python3.11/site-packages/airflow/example_dags/example_dynamic_task_mapping.py
[2023-09-22T09:10:57.621+0800] {processor.py:839} INFO - DAG(s) dict_keys(['example_dynamic_task_mapping']) retrieved from /opt/homebrew/lib/python3.11/site-packages/airflow/example_dags/example_dynamic_task_mapping.py
[2023-09-22T09:10:57.713+0800] {logging_mixin.py:151} INFO - [2023-09-22T09:10:57.713+0800] {dag.py:2915} INFO - Sync 1 DAGs
[2023-09-22T09:10:57.722+0800] {logging_mixin.py:151} INFO - [2023-09-22T09:10:57.722+0800] {dag.py:3696} INFO - Setting next_dagrun for example_dynamic_task_mapping to 2022-03-04T00:00:00+00:00, run_after=2022-03-05T00:00:00+00:00
[2023-09-22T09:10:57.731+0800] {processor.py:179} INFO - Processing /opt/homebrew/lib/python3.11/site-packages/airflow/example_dags/example_dynamic_task_mapping.py took 0.143 seconds
[2023-09-22T09:12:42.313+0800] {processor.py:157} INFO - Started process (PID=71924) to work on /opt/homebrew/lib/python3.11/site-packages/airflow/example_dags/example_dynamic_task_mapping.py
[2023-09-22T09:12:42.313+0800] {processor.py:829} INFO - Processing file /opt/homebrew/lib/python3.11/site-packages/airflow/example_dags/example_dynamic_task_mapping.py for tasks to queue
[2023-09-22T09:12:42.313+0800] {logging_mixin.py:151} INFO - [2023-09-22T09:12:42.313+0800] {dagbag.py:539} INFO - Filling up the DagBag from /opt/homebrew/lib/python3.11/site-packages/airflow/example_dags/example_dynamic_task_mapping.py
[2023-09-22T09:12:42.345+0800] {processor.py:839} INFO - DAG(s) dict_keys(['example_dynamic_task_mapping']) retrieved from /opt/homebrew/lib/python3.11/site-packages/airflow/example_dags/example_dynamic_task_mapping.py
[2023-09-22T09:12:42.437+0800] {logging_mixin.py:151} INFO - [2023-09-22T09:12:42.437+0800] {dag.py:2915} INFO - Sync 1 DAGs
[2023-09-22T09:12:42.445+0800] {logging_mixin.py:151} INFO - [2023-09-22T09:12:42.445+0800] {dag.py:3696} INFO - Setting next_dagrun for example_dynamic_task_mapping to 2022-03-04T00:00:00+00:00, run_after=2022-03-05T00:00:00+00:00
[2023-09-22T09:12:42.455+0800] {processor.py:179} INFO - Processing /opt/homebrew/lib/python3.11/site-packages/airflow/example_dags/example_dynamic_task_mapping.py took 0.143 seconds
[2023-09-22T09:14:23.212+0800] {processor.py:157} INFO - Started process (PID=72123) to work on /opt/homebrew/lib/python3.11/site-packages/airflow/example_dags/example_dynamic_task_mapping.py
[2023-09-22T09:14:23.213+0800] {processor.py:829} INFO - Processing file /opt/homebrew/lib/python3.11/site-packages/airflow/example_dags/example_dynamic_task_mapping.py for tasks to queue
[2023-09-22T09:14:23.213+0800] {logging_mixin.py:151} INFO - [2023-09-22T09:14:23.213+0800] {dagbag.py:539} INFO - Filling up the DagBag from /opt/homebrew/lib/python3.11/site-packages/airflow/example_dags/example_dynamic_task_mapping.py
[2023-09-22T09:14:23.243+0800] {processor.py:839} INFO - DAG(s) dict_keys(['example_dynamic_task_mapping']) retrieved from /opt/homebrew/lib/python3.11/site-packages/airflow/example_dags/example_dynamic_task_mapping.py
[2023-09-22T09:14:23.336+0800] {logging_mixin.py:151} INFO - [2023-09-22T09:14:23.335+0800] {dag.py:2915} INFO - Sync 1 DAGs
[2023-09-22T09:14:23.344+0800] {logging_mixin.py:151} INFO - [2023-09-22T09:14:23.344+0800] {dag.py:3696} INFO - Setting next_dagrun for example_dynamic_task_mapping to 2022-03-04T00:00:00+00:00, run_after=2022-03-05T00:00:00+00:00
[2023-09-22T09:14:23.354+0800] {processor.py:179} INFO - Processing /opt/homebrew/lib/python3.11/site-packages/airflow/example_dags/example_dynamic_task_mapping.py took 0.142 seconds
[2023-09-22T09:16:07.611+0800] {processor.py:157} INFO - Started process (PID=72308) to work on /opt/homebrew/lib/python3.11/site-packages/airflow/example_dags/example_dynamic_task_mapping.py
[2023-09-22T09:16:07.612+0800] {processor.py:829} INFO - Processing file /opt/homebrew/lib/python3.11/site-packages/airflow/example_dags/example_dynamic_task_mapping.py for tasks to queue
[2023-09-22T09:16:07.612+0800] {logging_mixin.py:151} INFO - [2023-09-22T09:16:07.612+0800] {dagbag.py:539} INFO - Filling up the DagBag from /opt/homebrew/lib/python3.11/site-packages/airflow/example_dags/example_dynamic_task_mapping.py
[2023-09-22T09:16:07.642+0800] {processor.py:839} INFO - DAG(s) dict_keys(['example_dynamic_task_mapping']) retrieved from /opt/homebrew/lib/python3.11/site-packages/airflow/example_dags/example_dynamic_task_mapping.py
[2023-09-22T09:16:07.735+0800] {logging_mixin.py:151} INFO - [2023-09-22T09:16:07.735+0800] {dag.py:2915} INFO - Sync 1 DAGs
[2023-09-22T09:16:07.743+0800] {logging_mixin.py:151} INFO - [2023-09-22T09:16:07.743+0800] {dag.py:3696} INFO - Setting next_dagrun for example_dynamic_task_mapping to 2022-03-04T00:00:00+00:00, run_after=2022-03-05T00:00:00+00:00
[2023-09-22T09:16:07.753+0800] {processor.py:179} INFO - Processing /opt/homebrew/lib/python3.11/site-packages/airflow/example_dags/example_dynamic_task_mapping.py took 0.142 seconds
[2023-09-22T09:17:50.516+0800] {processor.py:157} INFO - Started process (PID=72486) to work on /opt/homebrew/lib/python3.11/site-packages/airflow/example_dags/example_dynamic_task_mapping.py
[2023-09-22T09:17:50.517+0800] {processor.py:829} INFO - Processing file /opt/homebrew/lib/python3.11/site-packages/airflow/example_dags/example_dynamic_task_mapping.py for tasks to queue
[2023-09-22T09:17:50.517+0800] {logging_mixin.py:151} INFO - [2023-09-22T09:17:50.517+0800] {dagbag.py:539} INFO - Filling up the DagBag from /opt/homebrew/lib/python3.11/site-packages/airflow/example_dags/example_dynamic_task_mapping.py
[2023-09-22T09:17:50.547+0800] {processor.py:839} INFO - DAG(s) dict_keys(['example_dynamic_task_mapping']) retrieved from /opt/homebrew/lib/python3.11/site-packages/airflow/example_dags/example_dynamic_task_mapping.py
[2023-09-22T09:17:50.639+0800] {logging_mixin.py:151} INFO - [2023-09-22T09:17:50.639+0800] {dag.py:2915} INFO - Sync 1 DAGs
[2023-09-22T09:17:50.648+0800] {logging_mixin.py:151} INFO - [2023-09-22T09:17:50.647+0800] {dag.py:3696} INFO - Setting next_dagrun for example_dynamic_task_mapping to 2022-03-04T00:00:00+00:00, run_after=2022-03-05T00:00:00+00:00
[2023-09-22T09:17:50.657+0800] {processor.py:179} INFO - Processing /opt/homebrew/lib/python3.11/site-packages/airflow/example_dags/example_dynamic_task_mapping.py took 0.141 seconds
[2023-09-22T09:19:35.477+0800] {processor.py:157} INFO - Started process (PID=72675) to work on /opt/homebrew/lib/python3.11/site-packages/airflow/example_dags/example_dynamic_task_mapping.py
[2023-09-22T09:19:35.477+0800] {processor.py:829} INFO - Processing file /opt/homebrew/lib/python3.11/site-packages/airflow/example_dags/example_dynamic_task_mapping.py for tasks to queue
[2023-09-22T09:19:35.478+0800] {logging_mixin.py:151} INFO - [2023-09-22T09:19:35.478+0800] {dagbag.py:539} INFO - Filling up the DagBag from /opt/homebrew/lib/python3.11/site-packages/airflow/example_dags/example_dynamic_task_mapping.py
[2023-09-22T09:19:35.508+0800] {processor.py:839} INFO - DAG(s) dict_keys(['example_dynamic_task_mapping']) retrieved from /opt/homebrew/lib/python3.11/site-packages/airflow/example_dags/example_dynamic_task_mapping.py
[2023-09-22T09:19:35.600+0800] {logging_mixin.py:151} INFO - [2023-09-22T09:19:35.600+0800] {dag.py:2915} INFO - Sync 1 DAGs
[2023-09-22T09:19:35.608+0800] {logging_mixin.py:151} INFO - [2023-09-22T09:19:35.608+0800] {dag.py:3696} INFO - Setting next_dagrun for example_dynamic_task_mapping to 2022-03-04T00:00:00+00:00, run_after=2022-03-05T00:00:00+00:00
[2023-09-22T09:19:35.619+0800] {processor.py:179} INFO - Processing /opt/homebrew/lib/python3.11/site-packages/airflow/example_dags/example_dynamic_task_mapping.py took 0.142 seconds
[2023-09-22T09:21:22.323+0800] {processor.py:157} INFO - Started process (PID=72859) to work on /opt/homebrew/lib/python3.11/site-packages/airflow/example_dags/example_dynamic_task_mapping.py
[2023-09-22T09:21:22.323+0800] {processor.py:829} INFO - Processing file /opt/homebrew/lib/python3.11/site-packages/airflow/example_dags/example_dynamic_task_mapping.py for tasks to queue
[2023-09-22T09:21:22.323+0800] {logging_mixin.py:151} INFO - [2023-09-22T09:21:22.323+0800] {dagbag.py:539} INFO - Filling up the DagBag from /opt/homebrew/lib/python3.11/site-packages/airflow/example_dags/example_dynamic_task_mapping.py
[2023-09-22T09:21:22.354+0800] {processor.py:839} INFO - DAG(s) dict_keys(['example_dynamic_task_mapping']) retrieved from /opt/homebrew/lib/python3.11/site-packages/airflow/example_dags/example_dynamic_task_mapping.py
[2023-09-22T09:21:22.447+0800] {logging_mixin.py:151} INFO - [2023-09-22T09:21:22.447+0800] {dag.py:2915} INFO - Sync 1 DAGs
[2023-09-22T09:21:22.455+0800] {logging_mixin.py:151} INFO - [2023-09-22T09:21:22.455+0800] {dag.py:3696} INFO - Setting next_dagrun for example_dynamic_task_mapping to 2022-03-04T00:00:00+00:00, run_after=2022-03-05T00:00:00+00:00
[2023-09-22T09:21:22.465+0800] {processor.py:179} INFO - Processing /opt/homebrew/lib/python3.11/site-packages/airflow/example_dags/example_dynamic_task_mapping.py took 0.143 seconds
[2023-09-22T09:23:09.243+0800] {processor.py:157} INFO - Started process (PID=73047) to work on /opt/homebrew/lib/python3.11/site-packages/airflow/example_dags/example_dynamic_task_mapping.py
[2023-09-22T09:23:09.243+0800] {processor.py:829} INFO - Processing file /opt/homebrew/lib/python3.11/site-packages/airflow/example_dags/example_dynamic_task_mapping.py for tasks to queue
[2023-09-22T09:23:09.244+0800] {logging_mixin.py:151} INFO - [2023-09-22T09:23:09.244+0800] {dagbag.py:539} INFO - Filling up the DagBag from /opt/homebrew/lib/python3.11/site-packages/airflow/example_dags/example_dynamic_task_mapping.py
[2023-09-22T09:23:09.274+0800] {processor.py:839} INFO - DAG(s) dict_keys(['example_dynamic_task_mapping']) retrieved from /opt/homebrew/lib/python3.11/site-packages/airflow/example_dags/example_dynamic_task_mapping.py
[2023-09-22T09:23:09.366+0800] {logging_mixin.py:151} INFO - [2023-09-22T09:23:09.365+0800] {dag.py:2915} INFO - Sync 1 DAGs
[2023-09-22T09:23:09.374+0800] {logging_mixin.py:151} INFO - [2023-09-22T09:23:09.374+0800] {dag.py:3696} INFO - Setting next_dagrun for example_dynamic_task_mapping to 2022-03-04T00:00:00+00:00, run_after=2022-03-05T00:00:00+00:00
[2023-09-22T09:23:09.384+0800] {processor.py:179} INFO - Processing /opt/homebrew/lib/python3.11/site-packages/airflow/example_dags/example_dynamic_task_mapping.py took 0.141 seconds
[2023-09-22T09:24:47.046+0800] {processor.py:157} INFO - Started process (PID=73225) to work on /opt/homebrew/lib/python3.11/site-packages/airflow/example_dags/example_dynamic_task_mapping.py
[2023-09-22T09:24:47.046+0800] {processor.py:829} INFO - Processing file /opt/homebrew/lib/python3.11/site-packages/airflow/example_dags/example_dynamic_task_mapping.py for tasks to queue
[2023-09-22T09:24:47.047+0800] {logging_mixin.py:151} INFO - [2023-09-22T09:24:47.047+0800] {dagbag.py:539} INFO - Filling up the DagBag from /opt/homebrew/lib/python3.11/site-packages/airflow/example_dags/example_dynamic_task_mapping.py
[2023-09-22T09:24:47.077+0800] {processor.py:839} INFO - DAG(s) dict_keys(['example_dynamic_task_mapping']) retrieved from /opt/homebrew/lib/python3.11/site-packages/airflow/example_dags/example_dynamic_task_mapping.py
[2023-09-22T09:24:47.169+0800] {logging_mixin.py:151} INFO - [2023-09-22T09:24:47.169+0800] {dag.py:2915} INFO - Sync 1 DAGs
[2023-09-22T09:24:47.177+0800] {logging_mixin.py:151} INFO - [2023-09-22T09:24:47.177+0800] {dag.py:3696} INFO - Setting next_dagrun for example_dynamic_task_mapping to 2022-03-04T00:00:00+00:00, run_after=2022-03-05T00:00:00+00:00
[2023-09-22T09:24:47.187+0800] {processor.py:179} INFO - Processing /opt/homebrew/lib/python3.11/site-packages/airflow/example_dags/example_dynamic_task_mapping.py took 0.142 seconds
[2023-09-22T09:26:31.738+0800] {processor.py:157} INFO - Started process (PID=73410) to work on /opt/homebrew/lib/python3.11/site-packages/airflow/example_dags/example_dynamic_task_mapping.py
[2023-09-22T09:26:31.738+0800] {processor.py:829} INFO - Processing file /opt/homebrew/lib/python3.11/site-packages/airflow/example_dags/example_dynamic_task_mapping.py for tasks to queue
[2023-09-22T09:26:31.738+0800] {logging_mixin.py:151} INFO - [2023-09-22T09:26:31.738+0800] {dagbag.py:539} INFO - Filling up the DagBag from /opt/homebrew/lib/python3.11/site-packages/airflow/example_dags/example_dynamic_task_mapping.py
[2023-09-22T09:26:31.769+0800] {processor.py:839} INFO - DAG(s) dict_keys(['example_dynamic_task_mapping']) retrieved from /opt/homebrew/lib/python3.11/site-packages/airflow/example_dags/example_dynamic_task_mapping.py
[2023-09-22T09:26:31.861+0800] {logging_mixin.py:151} INFO - [2023-09-22T09:26:31.861+0800] {dag.py:2915} INFO - Sync 1 DAGs
[2023-09-22T09:26:31.869+0800] {logging_mixin.py:151} INFO - [2023-09-22T09:26:31.869+0800] {dag.py:3696} INFO - Setting next_dagrun for example_dynamic_task_mapping to 2022-03-04T00:00:00+00:00, run_after=2022-03-05T00:00:00+00:00
[2023-09-22T09:26:31.879+0800] {processor.py:179} INFO - Processing /opt/homebrew/lib/python3.11/site-packages/airflow/example_dags/example_dynamic_task_mapping.py took 0.142 seconds
[2023-09-22T09:28:20.826+0800] {processor.py:157} INFO - Started process (PID=73597) to work on /opt/homebrew/lib/python3.11/site-packages/airflow/example_dags/example_dynamic_task_mapping.py
[2023-09-22T09:28:20.826+0800] {processor.py:829} INFO - Processing file /opt/homebrew/lib/python3.11/site-packages/airflow/example_dags/example_dynamic_task_mapping.py for tasks to queue
[2023-09-22T09:28:20.826+0800] {logging_mixin.py:151} INFO - [2023-09-22T09:28:20.826+0800] {dagbag.py:539} INFO - Filling up the DagBag from /opt/homebrew/lib/python3.11/site-packages/airflow/example_dags/example_dynamic_task_mapping.py
[2023-09-22T09:28:20.857+0800] {processor.py:839} INFO - DAG(s) dict_keys(['example_dynamic_task_mapping']) retrieved from /opt/homebrew/lib/python3.11/site-packages/airflow/example_dags/example_dynamic_task_mapping.py
[2023-09-22T09:28:20.953+0800] {logging_mixin.py:151} INFO - [2023-09-22T09:28:20.953+0800] {dag.py:2915} INFO - Sync 1 DAGs
[2023-09-22T09:28:20.962+0800] {logging_mixin.py:151} INFO - [2023-09-22T09:28:20.962+0800] {dag.py:3696} INFO - Setting next_dagrun for example_dynamic_task_mapping to 2022-03-04T00:00:00+00:00, run_after=2022-03-05T00:00:00+00:00
[2023-09-22T09:28:20.972+0800] {processor.py:179} INFO - Processing /opt/homebrew/lib/python3.11/site-packages/airflow/example_dags/example_dynamic_task_mapping.py took 0.147 seconds
[2023-09-22T09:30:03.064+0800] {processor.py:157} INFO - Started process (PID=73817) to work on /opt/homebrew/lib/python3.11/site-packages/airflow/example_dags/example_dynamic_task_mapping.py
[2023-09-22T09:30:03.064+0800] {processor.py:829} INFO - Processing file /opt/homebrew/lib/python3.11/site-packages/airflow/example_dags/example_dynamic_task_mapping.py for tasks to queue
[2023-09-22T09:30:03.065+0800] {logging_mixin.py:151} INFO - [2023-09-22T09:30:03.065+0800] {dagbag.py:539} INFO - Filling up the DagBag from /opt/homebrew/lib/python3.11/site-packages/airflow/example_dags/example_dynamic_task_mapping.py
[2023-09-22T09:30:03.095+0800] {processor.py:839} INFO - DAG(s) dict_keys(['example_dynamic_task_mapping']) retrieved from /opt/homebrew/lib/python3.11/site-packages/airflow/example_dags/example_dynamic_task_mapping.py
[2023-09-22T09:30:03.187+0800] {logging_mixin.py:151} INFO - [2023-09-22T09:30:03.187+0800] {dag.py:2915} INFO - Sync 1 DAGs
[2023-09-22T09:30:03.195+0800] {logging_mixin.py:151} INFO - [2023-09-22T09:30:03.195+0800] {dag.py:3696} INFO - Setting next_dagrun for example_dynamic_task_mapping to 2022-03-04T00:00:00+00:00, run_after=2022-03-05T00:00:00+00:00
[2023-09-22T09:30:03.205+0800] {processor.py:179} INFO - Processing /opt/homebrew/lib/python3.11/site-packages/airflow/example_dags/example_dynamic_task_mapping.py took 0.142 seconds
[2023-09-22T09:31:48.306+0800] {processor.py:157} INFO - Started process (PID=74001) to work on /opt/homebrew/lib/python3.11/site-packages/airflow/example_dags/example_dynamic_task_mapping.py
[2023-09-22T09:31:48.306+0800] {processor.py:829} INFO - Processing file /opt/homebrew/lib/python3.11/site-packages/airflow/example_dags/example_dynamic_task_mapping.py for tasks to queue
[2023-09-22T09:31:48.307+0800] {logging_mixin.py:151} INFO - [2023-09-22T09:31:48.307+0800] {dagbag.py:539} INFO - Filling up the DagBag from /opt/homebrew/lib/python3.11/site-packages/airflow/example_dags/example_dynamic_task_mapping.py
[2023-09-22T09:31:48.337+0800] {processor.py:839} INFO - DAG(s) dict_keys(['example_dynamic_task_mapping']) retrieved from /opt/homebrew/lib/python3.11/site-packages/airflow/example_dags/example_dynamic_task_mapping.py
[2023-09-22T09:31:48.429+0800] {logging_mixin.py:151} INFO - [2023-09-22T09:31:48.429+0800] {dag.py:2915} INFO - Sync 1 DAGs
[2023-09-22T09:31:48.437+0800] {logging_mixin.py:151} INFO - [2023-09-22T09:31:48.437+0800] {dag.py:3696} INFO - Setting next_dagrun for example_dynamic_task_mapping to 2022-03-04T00:00:00+00:00, run_after=2022-03-05T00:00:00+00:00
[2023-09-22T09:31:48.447+0800] {processor.py:179} INFO - Processing /opt/homebrew/lib/python3.11/site-packages/airflow/example_dags/example_dynamic_task_mapping.py took 0.142 seconds
[2023-09-22T09:33:33.961+0800] {processor.py:157} INFO - Started process (PID=74201) to work on /opt/homebrew/lib/python3.11/site-packages/airflow/example_dags/example_dynamic_task_mapping.py
[2023-09-22T09:33:33.961+0800] {processor.py:829} INFO - Processing file /opt/homebrew/lib/python3.11/site-packages/airflow/example_dags/example_dynamic_task_mapping.py for tasks to queue
[2023-09-22T09:33:33.961+0800] {logging_mixin.py:151} INFO - [2023-09-22T09:33:33.961+0800] {dagbag.py:539} INFO - Filling up the DagBag from /opt/homebrew/lib/python3.11/site-packages/airflow/example_dags/example_dynamic_task_mapping.py
[2023-09-22T09:33:33.992+0800] {processor.py:839} INFO - DAG(s) dict_keys(['example_dynamic_task_mapping']) retrieved from /opt/homebrew/lib/python3.11/site-packages/airflow/example_dags/example_dynamic_task_mapping.py
[2023-09-22T09:33:34.085+0800] {logging_mixin.py:151} INFO - [2023-09-22T09:33:34.084+0800] {dag.py:2915} INFO - Sync 1 DAGs
[2023-09-22T09:33:34.093+0800] {logging_mixin.py:151} INFO - [2023-09-22T09:33:34.093+0800] {dag.py:3696} INFO - Setting next_dagrun for example_dynamic_task_mapping to 2022-03-04T00:00:00+00:00, run_after=2022-03-05T00:00:00+00:00
[2023-09-22T09:33:34.103+0800] {processor.py:179} INFO - Processing /opt/homebrew/lib/python3.11/site-packages/airflow/example_dags/example_dynamic_task_mapping.py took 0.142 seconds
[2023-09-22T09:35:20.174+0800] {processor.py:157} INFO - Started process (PID=74444) to work on /opt/homebrew/lib/python3.11/site-packages/airflow/example_dags/example_dynamic_task_mapping.py
[2023-09-22T09:35:20.174+0800] {processor.py:829} INFO - Processing file /opt/homebrew/lib/python3.11/site-packages/airflow/example_dags/example_dynamic_task_mapping.py for tasks to queue
[2023-09-22T09:35:20.174+0800] {logging_mixin.py:151} INFO - [2023-09-22T09:35:20.174+0800] {dagbag.py:539} INFO - Filling up the DagBag from /opt/homebrew/lib/python3.11/site-packages/airflow/example_dags/example_dynamic_task_mapping.py
[2023-09-22T09:35:20.204+0800] {processor.py:839} INFO - DAG(s) dict_keys(['example_dynamic_task_mapping']) retrieved from /opt/homebrew/lib/python3.11/site-packages/airflow/example_dags/example_dynamic_task_mapping.py
[2023-09-22T09:35:20.297+0800] {logging_mixin.py:151} INFO - [2023-09-22T09:35:20.296+0800] {dag.py:2915} INFO - Sync 1 DAGs
[2023-09-22T09:35:20.305+0800] {logging_mixin.py:151} INFO - [2023-09-22T09:35:20.305+0800] {dag.py:3696} INFO - Setting next_dagrun for example_dynamic_task_mapping to 2022-03-04T00:00:00+00:00, run_after=2022-03-05T00:00:00+00:00
[2023-09-22T09:35:20.315+0800] {processor.py:179} INFO - Processing /opt/homebrew/lib/python3.11/site-packages/airflow/example_dags/example_dynamic_task_mapping.py took 0.142 seconds
[2023-09-22T09:37:05.554+0800] {processor.py:157} INFO - Started process (PID=74644) to work on /opt/homebrew/lib/python3.11/site-packages/airflow/example_dags/example_dynamic_task_mapping.py
[2023-09-22T09:37:05.555+0800] {processor.py:829} INFO - Processing file /opt/homebrew/lib/python3.11/site-packages/airflow/example_dags/example_dynamic_task_mapping.py for tasks to queue
[2023-09-22T09:37:05.555+0800] {logging_mixin.py:151} INFO - [2023-09-22T09:37:05.555+0800] {dagbag.py:539} INFO - Filling up the DagBag from /opt/homebrew/lib/python3.11/site-packages/airflow/example_dags/example_dynamic_task_mapping.py
[2023-09-22T09:37:05.585+0800] {processor.py:839} INFO - DAG(s) dict_keys(['example_dynamic_task_mapping']) retrieved from /opt/homebrew/lib/python3.11/site-packages/airflow/example_dags/example_dynamic_task_mapping.py
[2023-09-22T09:37:05.678+0800] {logging_mixin.py:151} INFO - [2023-09-22T09:37:05.677+0800] {dag.py:2915} INFO - Sync 1 DAGs
[2023-09-22T09:37:05.686+0800] {logging_mixin.py:151} INFO - [2023-09-22T09:37:05.686+0800] {dag.py:3696} INFO - Setting next_dagrun for example_dynamic_task_mapping to 2022-03-04T00:00:00+00:00, run_after=2022-03-05T00:00:00+00:00
[2023-09-22T09:37:05.696+0800] {processor.py:179} INFO - Processing /opt/homebrew/lib/python3.11/site-packages/airflow/example_dags/example_dynamic_task_mapping.py took 0.142 seconds
[2023-09-22T09:38:48.570+0800] {processor.py:157} INFO - Started process (PID=74840) to work on /opt/homebrew/lib/python3.11/site-packages/airflow/example_dags/example_dynamic_task_mapping.py
[2023-09-22T09:38:48.570+0800] {processor.py:829} INFO - Processing file /opt/homebrew/lib/python3.11/site-packages/airflow/example_dags/example_dynamic_task_mapping.py for tasks to queue
[2023-09-22T09:38:48.571+0800] {logging_mixin.py:151} INFO - [2023-09-22T09:38:48.571+0800] {dagbag.py:539} INFO - Filling up the DagBag from /opt/homebrew/lib/python3.11/site-packages/airflow/example_dags/example_dynamic_task_mapping.py
[2023-09-22T09:38:48.601+0800] {processor.py:839} INFO - DAG(s) dict_keys(['example_dynamic_task_mapping']) retrieved from /opt/homebrew/lib/python3.11/site-packages/airflow/example_dags/example_dynamic_task_mapping.py
[2023-09-22T09:38:48.693+0800] {logging_mixin.py:151} INFO - [2023-09-22T09:38:48.693+0800] {dag.py:2915} INFO - Sync 1 DAGs
[2023-09-22T09:38:48.701+0800] {logging_mixin.py:151} INFO - [2023-09-22T09:38:48.701+0800] {dag.py:3696} INFO - Setting next_dagrun for example_dynamic_task_mapping to 2022-03-04T00:00:00+00:00, run_after=2022-03-05T00:00:00+00:00
[2023-09-22T09:38:48.711+0800] {processor.py:179} INFO - Processing /opt/homebrew/lib/python3.11/site-packages/airflow/example_dags/example_dynamic_task_mapping.py took 0.142 seconds
[2023-09-22T09:40:34.071+0800] {processor.py:157} INFO - Started process (PID=75022) to work on /opt/homebrew/lib/python3.11/site-packages/airflow/example_dags/example_dynamic_task_mapping.py
[2023-09-22T09:40:34.071+0800] {processor.py:829} INFO - Processing file /opt/homebrew/lib/python3.11/site-packages/airflow/example_dags/example_dynamic_task_mapping.py for tasks to queue
[2023-09-22T09:40:34.072+0800] {logging_mixin.py:151} INFO - [2023-09-22T09:40:34.071+0800] {dagbag.py:539} INFO - Filling up the DagBag from /opt/homebrew/lib/python3.11/site-packages/airflow/example_dags/example_dynamic_task_mapping.py
[2023-09-22T09:40:34.102+0800] {processor.py:839} INFO - DAG(s) dict_keys(['example_dynamic_task_mapping']) retrieved from /opt/homebrew/lib/python3.11/site-packages/airflow/example_dags/example_dynamic_task_mapping.py
[2023-09-22T09:40:34.194+0800] {logging_mixin.py:151} INFO - [2023-09-22T09:40:34.193+0800] {dag.py:2915} INFO - Sync 1 DAGs
[2023-09-22T09:40:34.202+0800] {logging_mixin.py:151} INFO - [2023-09-22T09:40:34.202+0800] {dag.py:3696} INFO - Setting next_dagrun for example_dynamic_task_mapping to 2022-03-04T00:00:00+00:00, run_after=2022-03-05T00:00:00+00:00
[2023-09-22T09:40:34.212+0800] {processor.py:179} INFO - Processing /opt/homebrew/lib/python3.11/site-packages/airflow/example_dags/example_dynamic_task_mapping.py took 0.141 seconds
[2023-09-22T09:42:23.761+0800] {processor.py:157} INFO - Started process (PID=75217) to work on /opt/homebrew/lib/python3.11/site-packages/airflow/example_dags/example_dynamic_task_mapping.py
[2023-09-22T09:42:23.762+0800] {processor.py:829} INFO - Processing file /opt/homebrew/lib/python3.11/site-packages/airflow/example_dags/example_dynamic_task_mapping.py for tasks to queue
[2023-09-22T09:42:23.762+0800] {logging_mixin.py:151} INFO - [2023-09-22T09:42:23.762+0800] {dagbag.py:539} INFO - Filling up the DagBag from /opt/homebrew/lib/python3.11/site-packages/airflow/example_dags/example_dynamic_task_mapping.py
[2023-09-22T09:42:23.792+0800] {processor.py:839} INFO - DAG(s) dict_keys(['example_dynamic_task_mapping']) retrieved from /opt/homebrew/lib/python3.11/site-packages/airflow/example_dags/example_dynamic_task_mapping.py
[2023-09-22T09:42:23.885+0800] {logging_mixin.py:151} INFO - [2023-09-22T09:42:23.885+0800] {dag.py:2915} INFO - Sync 1 DAGs
[2023-09-22T09:42:23.894+0800] {logging_mixin.py:151} INFO - [2023-09-22T09:42:23.894+0800] {dag.py:3696} INFO - Setting next_dagrun for example_dynamic_task_mapping to 2022-03-04T00:00:00+00:00, run_after=2022-03-05T00:00:00+00:00
[2023-09-22T09:42:23.903+0800] {processor.py:179} INFO - Processing /opt/homebrew/lib/python3.11/site-packages/airflow/example_dags/example_dynamic_task_mapping.py took 0.143 seconds
[2023-09-22T14:09:22.598+0800] {processor.py:157} INFO - Started process (PID=75691) to work on /opt/homebrew/lib/python3.11/site-packages/airflow/example_dags/example_dynamic_task_mapping.py
[2023-09-22T14:09:22.599+0800] {processor.py:829} INFO - Processing file /opt/homebrew/lib/python3.11/site-packages/airflow/example_dags/example_dynamic_task_mapping.py for tasks to queue
[2023-09-22T14:09:22.599+0800] {logging_mixin.py:151} INFO - [2023-09-22T14:09:22.599+0800] {dagbag.py:539} INFO - Filling up the DagBag from /opt/homebrew/lib/python3.11/site-packages/airflow/example_dags/example_dynamic_task_mapping.py
[2023-09-22T14:09:22.630+0800] {processor.py:839} INFO - DAG(s) dict_keys(['example_dynamic_task_mapping']) retrieved from /opt/homebrew/lib/python3.11/site-packages/airflow/example_dags/example_dynamic_task_mapping.py
[2023-09-22T14:09:22.723+0800] {logging_mixin.py:151} INFO - [2023-09-22T14:09:22.723+0800] {dag.py:2915} INFO - Sync 1 DAGs
[2023-09-22T14:09:22.732+0800] {logging_mixin.py:151} INFO - [2023-09-22T14:09:22.732+0800] {dag.py:3696} INFO - Setting next_dagrun for example_dynamic_task_mapping to 2022-03-04T00:00:00+00:00, run_after=2022-03-05T00:00:00+00:00
[2023-09-22T14:09:22.742+0800] {processor.py:179} INFO - Processing /opt/homebrew/lib/python3.11/site-packages/airflow/example_dags/example_dynamic_task_mapping.py took 0.144 seconds
[2023-09-22T17:14:33.657+0800] {processor.py:157} INFO - Started process (PID=76024) to work on /opt/homebrew/lib/python3.11/site-packages/airflow/example_dags/example_dynamic_task_mapping.py
[2023-09-22T17:14:33.659+0800] {processor.py:829} INFO - Processing file /opt/homebrew/lib/python3.11/site-packages/airflow/example_dags/example_dynamic_task_mapping.py for tasks to queue
[2023-09-22T17:14:33.659+0800] {logging_mixin.py:151} INFO - [2023-09-22T17:14:33.659+0800] {dagbag.py:539} INFO - Filling up the DagBag from /opt/homebrew/lib/python3.11/site-packages/airflow/example_dags/example_dynamic_task_mapping.py
[2023-09-22T17:14:33.689+0800] {processor.py:839} INFO - DAG(s) dict_keys(['example_dynamic_task_mapping']) retrieved from /opt/homebrew/lib/python3.11/site-packages/airflow/example_dags/example_dynamic_task_mapping.py
[2023-09-22T17:14:33.782+0800] {logging_mixin.py:151} INFO - [2023-09-22T17:14:33.781+0800] {dag.py:2915} INFO - Sync 1 DAGs
[2023-09-22T17:14:33.790+0800] {logging_mixin.py:151} INFO - [2023-09-22T17:14:33.790+0800] {dag.py:3696} INFO - Setting next_dagrun for example_dynamic_task_mapping to 2022-03-04T00:00:00+00:00, run_after=2022-03-05T00:00:00+00:00
[2023-09-22T17:14:33.800+0800] {processor.py:179} INFO - Processing /opt/homebrew/lib/python3.11/site-packages/airflow/example_dags/example_dynamic_task_mapping.py took 0.142 seconds
[2023-09-22T19:59:33.660+0800] {processor.py:157} INFO - Started process (PID=76340) to work on /opt/homebrew/lib/python3.11/site-packages/airflow/example_dags/example_dynamic_task_mapping.py
[2023-09-22T19:59:33.661+0800] {processor.py:829} INFO - Processing file /opt/homebrew/lib/python3.11/site-packages/airflow/example_dags/example_dynamic_task_mapping.py for tasks to queue
[2023-09-22T19:59:33.661+0800] {logging_mixin.py:151} INFO - [2023-09-22T19:59:33.661+0800] {dagbag.py:539} INFO - Filling up the DagBag from /opt/homebrew/lib/python3.11/site-packages/airflow/example_dags/example_dynamic_task_mapping.py
[2023-09-22T19:59:33.694+0800] {processor.py:839} INFO - DAG(s) dict_keys(['example_dynamic_task_mapping']) retrieved from /opt/homebrew/lib/python3.11/site-packages/airflow/example_dags/example_dynamic_task_mapping.py
[2023-09-22T20:14:41.016+0800] {logging_mixin.py:151} INFO - [2023-09-22T20:14:41.016+0800] {dag.py:2915} INFO - Sync 1 DAGs
[2023-09-22T20:14:41.032+0800] {logging_mixin.py:151} INFO - [2023-09-22T20:14:41.032+0800] {dag.py:3696} INFO - Setting next_dagrun for example_dynamic_task_mapping to 2022-03-04T00:00:00+00:00, run_after=2022-03-05T00:00:00+00:00
[2023-09-22T20:14:41.047+0800] {processor.py:179} INFO - Processing /opt/homebrew/lib/python3.11/site-packages/airflow/example_dags/example_dynamic_task_mapping.py took 0.417 seconds
[2023-09-22T23:17:41.073+0800] {processor.py:157} INFO - Started process (PID=76640) to work on /opt/homebrew/lib/python3.11/site-packages/airflow/example_dags/example_dynamic_task_mapping.py
[2023-09-22T23:17:41.074+0800] {processor.py:829} INFO - Processing file /opt/homebrew/lib/python3.11/site-packages/airflow/example_dags/example_dynamic_task_mapping.py for tasks to queue
[2023-09-22T23:17:41.075+0800] {logging_mixin.py:151} INFO - [2023-09-22T23:17:41.075+0800] {dagbag.py:539} INFO - Filling up the DagBag from /opt/homebrew/lib/python3.11/site-packages/airflow/example_dags/example_dynamic_task_mapping.py
[2023-09-22T23:17:41.106+0800] {processor.py:839} INFO - DAG(s) dict_keys(['example_dynamic_task_mapping']) retrieved from /opt/homebrew/lib/python3.11/site-packages/airflow/example_dags/example_dynamic_task_mapping.py
[2023-09-22T23:17:41.199+0800] {logging_mixin.py:151} INFO - [2023-09-22T23:17:41.199+0800] {dag.py:2915} INFO - Sync 1 DAGs
[2023-09-22T23:17:41.208+0800] {logging_mixin.py:151} INFO - [2023-09-22T23:17:41.207+0800] {dag.py:3696} INFO - Setting next_dagrun for example_dynamic_task_mapping to 2022-03-04T00:00:00+00:00, run_after=2022-03-05T00:00:00+00:00
[2023-09-22T23:17:41.218+0800] {processor.py:179} INFO - Processing /opt/homebrew/lib/python3.11/site-packages/airflow/example_dags/example_dynamic_task_mapping.py took 0.145 seconds
[2023-09-23T02:48:50.019+0800] {processor.py:157} INFO - Started process (PID=77023) to work on /opt/homebrew/lib/python3.11/site-packages/airflow/example_dags/example_dynamic_task_mapping.py
[2023-09-23T02:48:50.020+0800] {processor.py:829} INFO - Processing file /opt/homebrew/lib/python3.11/site-packages/airflow/example_dags/example_dynamic_task_mapping.py for tasks to queue
[2023-09-23T02:48:50.021+0800] {logging_mixin.py:151} INFO - [2023-09-23T02:48:50.020+0800] {dagbag.py:539} INFO - Filling up the DagBag from /opt/homebrew/lib/python3.11/site-packages/airflow/example_dags/example_dynamic_task_mapping.py
[2023-09-23T02:48:50.057+0800] {processor.py:839} INFO - DAG(s) dict_keys(['example_dynamic_task_mapping']) retrieved from /opt/homebrew/lib/python3.11/site-packages/airflow/example_dags/example_dynamic_task_mapping.py
[2023-09-23T02:48:50.161+0800] {logging_mixin.py:151} INFO - [2023-09-23T02:48:50.161+0800] {dag.py:2915} INFO - Sync 1 DAGs
[2023-09-23T02:48:50.169+0800] {logging_mixin.py:151} INFO - [2023-09-23T02:48:50.169+0800] {dag.py:3696} INFO - Setting next_dagrun for example_dynamic_task_mapping to 2022-03-04T00:00:00+00:00, run_after=2022-03-05T00:00:00+00:00
[2023-09-23T02:48:50.179+0800] {processor.py:179} INFO - Processing /opt/homebrew/lib/python3.11/site-packages/airflow/example_dags/example_dynamic_task_mapping.py took 0.160 seconds
[2023-09-23T06:09:34.912+0800] {processor.py:157} INFO - Started process (PID=77395) to work on /opt/homebrew/lib/python3.11/site-packages/airflow/example_dags/example_dynamic_task_mapping.py
[2023-09-23T06:09:34.913+0800] {processor.py:829} INFO - Processing file /opt/homebrew/lib/python3.11/site-packages/airflow/example_dags/example_dynamic_task_mapping.py for tasks to queue
[2023-09-23T06:09:34.913+0800] {logging_mixin.py:151} INFO - [2023-09-23T06:09:34.913+0800] {dagbag.py:539} INFO - Filling up the DagBag from /opt/homebrew/lib/python3.11/site-packages/airflow/example_dags/example_dynamic_task_mapping.py
[2023-09-23T06:09:34.944+0800] {processor.py:839} INFO - DAG(s) dict_keys(['example_dynamic_task_mapping']) retrieved from /opt/homebrew/lib/python3.11/site-packages/airflow/example_dags/example_dynamic_task_mapping.py
[2023-09-23T06:09:35.047+0800] {logging_mixin.py:151} INFO - [2023-09-23T06:09:35.047+0800] {dag.py:2915} INFO - Sync 1 DAGs
[2023-09-23T06:09:35.056+0800] {logging_mixin.py:151} INFO - [2023-09-23T06:09:35.056+0800] {dag.py:3696} INFO - Setting next_dagrun for example_dynamic_task_mapping to 2022-03-04T00:00:00+00:00, run_after=2022-03-05T00:00:00+00:00
[2023-09-23T06:09:35.066+0800] {processor.py:179} INFO - Processing /opt/homebrew/lib/python3.11/site-packages/airflow/example_dags/example_dynamic_task_mapping.py took 0.154 seconds
