[2023-09-22T08:01:32.224+0800] {processor.py:157} INFO - Started process (PID=64004) to work on /opt/homebrew/lib/python3.11/site-packages/airflow/example_dags/example_skip_dag.py
[2023-09-22T08:01:32.224+0800] {processor.py:829} INFO - Processing file /opt/homebrew/lib/python3.11/site-packages/airflow/example_dags/example_skip_dag.py for tasks to queue
[2023-09-22T08:01:32.225+0800] {logging_mixin.py:151} INFO - [2023-09-22T08:01:32.225+0800] {dagbag.py:539} INFO - Filling up the DagBag from /opt/homebrew/lib/python3.11/site-packages/airflow/example_dags/example_skip_dag.py
[2023-09-22T08:01:32.240+0800] {processor.py:839} INFO - DAG(s) dict_keys(['example_skip_dag']) retrieved from /opt/homebrew/lib/python3.11/site-packages/airflow/example_dags/example_skip_dag.py
[2023-09-22T08:01:32.335+0800] {logging_mixin.py:151} INFO - [2023-09-22T08:01:32.335+0800] {dag.py:2915} INFO - Sync 1 DAGs
[2023-09-22T08:01:32.344+0800] {logging_mixin.py:151} INFO - [2023-09-22T08:01:32.344+0800] {dag.py:3696} INFO - Setting next_dagrun for example_skip_dag to 2023-09-21T00:01:32.344018+00:00, run_after=2023-09-22T00:01:32.344018+00:00
[2023-09-22T08:01:32.354+0800] {processor.py:179} INFO - Processing /opt/homebrew/lib/python3.11/site-packages/airflow/example_dags/example_skip_dag.py took 0.131 seconds
[2023-09-22T08:03:20.863+0800] {processor.py:157} INFO - Started process (PID=64201) to work on /opt/homebrew/lib/python3.11/site-packages/airflow/example_dags/example_skip_dag.py
[2023-09-22T08:03:20.863+0800] {processor.py:829} INFO - Processing file /opt/homebrew/lib/python3.11/site-packages/airflow/example_dags/example_skip_dag.py for tasks to queue
[2023-09-22T08:03:20.864+0800] {logging_mixin.py:151} INFO - [2023-09-22T08:03:20.864+0800] {dagbag.py:539} INFO - Filling up the DagBag from /opt/homebrew/lib/python3.11/site-packages/airflow/example_dags/example_skip_dag.py
[2023-09-22T08:03:20.879+0800] {processor.py:839} INFO - DAG(s) dict_keys(['example_skip_dag']) retrieved from /opt/homebrew/lib/python3.11/site-packages/airflow/example_dags/example_skip_dag.py
[2023-09-22T08:03:20.974+0800] {logging_mixin.py:151} INFO - [2023-09-22T08:03:20.974+0800] {dag.py:2915} INFO - Sync 1 DAGs
[2023-09-22T08:03:20.983+0800] {logging_mixin.py:151} INFO - [2023-09-22T08:03:20.983+0800] {dag.py:3696} INFO - Setting next_dagrun for example_skip_dag to 2023-09-21T00:03:20.983066+00:00, run_after=2023-09-22T00:03:20.983066+00:00
[2023-09-22T08:03:20.994+0800] {processor.py:179} INFO - Processing /opt/homebrew/lib/python3.11/site-packages/airflow/example_dags/example_skip_dag.py took 0.131 seconds
[2023-09-22T08:05:02.493+0800] {processor.py:157} INFO - Started process (PID=64467) to work on /opt/homebrew/lib/python3.11/site-packages/airflow/example_dags/example_skip_dag.py
[2023-09-22T08:05:02.493+0800] {processor.py:829} INFO - Processing file /opt/homebrew/lib/python3.11/site-packages/airflow/example_dags/example_skip_dag.py for tasks to queue
[2023-09-22T08:05:02.493+0800] {logging_mixin.py:151} INFO - [2023-09-22T08:05:02.493+0800] {dagbag.py:539} INFO - Filling up the DagBag from /opt/homebrew/lib/python3.11/site-packages/airflow/example_dags/example_skip_dag.py
[2023-09-22T08:05:02.509+0800] {processor.py:839} INFO - DAG(s) dict_keys(['example_skip_dag']) retrieved from /opt/homebrew/lib/python3.11/site-packages/airflow/example_dags/example_skip_dag.py
[2023-09-22T08:05:02.604+0800] {logging_mixin.py:151} INFO - [2023-09-22T08:05:02.604+0800] {dag.py:2915} INFO - Sync 1 DAGs
[2023-09-22T08:05:02.612+0800] {logging_mixin.py:151} INFO - [2023-09-22T08:05:02.612+0800] {dag.py:3696} INFO - Setting next_dagrun for example_skip_dag to 2023-09-21T00:05:02.612386+00:00, run_after=2023-09-22T00:05:02.612386+00:00
[2023-09-22T08:05:02.623+0800] {processor.py:179} INFO - Processing /opt/homebrew/lib/python3.11/site-packages/airflow/example_dags/example_skip_dag.py took 0.131 seconds
[2023-09-22T08:06:48.784+0800] {processor.py:157} INFO - Started process (PID=64656) to work on /opt/homebrew/lib/python3.11/site-packages/airflow/example_dags/example_skip_dag.py
[2023-09-22T08:06:48.784+0800] {processor.py:829} INFO - Processing file /opt/homebrew/lib/python3.11/site-packages/airflow/example_dags/example_skip_dag.py for tasks to queue
[2023-09-22T08:06:48.785+0800] {logging_mixin.py:151} INFO - [2023-09-22T08:06:48.785+0800] {dagbag.py:539} INFO - Filling up the DagBag from /opt/homebrew/lib/python3.11/site-packages/airflow/example_dags/example_skip_dag.py
[2023-09-22T08:06:48.800+0800] {processor.py:839} INFO - DAG(s) dict_keys(['example_skip_dag']) retrieved from /opt/homebrew/lib/python3.11/site-packages/airflow/example_dags/example_skip_dag.py
[2023-09-22T08:06:48.895+0800] {logging_mixin.py:151} INFO - [2023-09-22T08:06:48.895+0800] {dag.py:2915} INFO - Sync 1 DAGs
[2023-09-22T08:06:48.903+0800] {logging_mixin.py:151} INFO - [2023-09-22T08:06:48.903+0800] {dag.py:3696} INFO - Setting next_dagrun for example_skip_dag to 2023-09-21T00:06:48.903696+00:00, run_after=2023-09-22T00:06:48.903696+00:00
[2023-09-22T08:06:48.915+0800] {processor.py:179} INFO - Processing /opt/homebrew/lib/python3.11/site-packages/airflow/example_dags/example_skip_dag.py took 0.131 seconds
[2023-09-22T08:08:34.166+0800] {processor.py:157} INFO - Started process (PID=64846) to work on /opt/homebrew/lib/python3.11/site-packages/airflow/example_dags/example_skip_dag.py
[2023-09-22T08:08:34.167+0800] {processor.py:829} INFO - Processing file /opt/homebrew/lib/python3.11/site-packages/airflow/example_dags/example_skip_dag.py for tasks to queue
[2023-09-22T08:08:34.167+0800] {logging_mixin.py:151} INFO - [2023-09-22T08:08:34.167+0800] {dagbag.py:539} INFO - Filling up the DagBag from /opt/homebrew/lib/python3.11/site-packages/airflow/example_dags/example_skip_dag.py
[2023-09-22T08:08:34.182+0800] {processor.py:839} INFO - DAG(s) dict_keys(['example_skip_dag']) retrieved from /opt/homebrew/lib/python3.11/site-packages/airflow/example_dags/example_skip_dag.py
[2023-09-22T08:08:34.277+0800] {logging_mixin.py:151} INFO - [2023-09-22T08:08:34.277+0800] {dag.py:2915} INFO - Sync 1 DAGs
[2023-09-22T08:08:34.286+0800] {logging_mixin.py:151} INFO - [2023-09-22T08:08:34.285+0800] {dag.py:3696} INFO - Setting next_dagrun for example_skip_dag to 2023-09-21T00:08:34.285862+00:00, run_after=2023-09-22T00:08:34.285862+00:00
[2023-09-22T08:08:34.296+0800] {processor.py:179} INFO - Processing /opt/homebrew/lib/python3.11/site-packages/airflow/example_dags/example_skip_dag.py took 0.131 seconds
[2023-09-22T08:10:24.045+0800] {processor.py:157} INFO - Started process (PID=65034) to work on /opt/homebrew/lib/python3.11/site-packages/airflow/example_dags/example_skip_dag.py
[2023-09-22T08:10:24.046+0800] {processor.py:829} INFO - Processing file /opt/homebrew/lib/python3.11/site-packages/airflow/example_dags/example_skip_dag.py for tasks to queue
[2023-09-22T08:10:24.046+0800] {logging_mixin.py:151} INFO - [2023-09-22T08:10:24.046+0800] {dagbag.py:539} INFO - Filling up the DagBag from /opt/homebrew/lib/python3.11/site-packages/airflow/example_dags/example_skip_dag.py
[2023-09-22T08:10:24.061+0800] {processor.py:839} INFO - DAG(s) dict_keys(['example_skip_dag']) retrieved from /opt/homebrew/lib/python3.11/site-packages/airflow/example_dags/example_skip_dag.py
[2023-09-22T08:10:24.156+0800] {logging_mixin.py:151} INFO - [2023-09-22T08:10:24.156+0800] {dag.py:2915} INFO - Sync 1 DAGs
[2023-09-22T08:10:24.164+0800] {logging_mixin.py:151} INFO - [2023-09-22T08:10:24.164+0800] {dag.py:3696} INFO - Setting next_dagrun for example_skip_dag to 2023-09-21T00:10:24.164522+00:00, run_after=2023-09-22T00:10:24.164522+00:00
[2023-09-22T08:10:24.175+0800] {processor.py:179} INFO - Processing /opt/homebrew/lib/python3.11/site-packages/airflow/example_dags/example_skip_dag.py took 0.130 seconds
[2023-09-22T08:12:09.543+0800] {processor.py:157} INFO - Started process (PID=65228) to work on /opt/homebrew/lib/python3.11/site-packages/airflow/example_dags/example_skip_dag.py
[2023-09-22T08:12:09.543+0800] {processor.py:829} INFO - Processing file /opt/homebrew/lib/python3.11/site-packages/airflow/example_dags/example_skip_dag.py for tasks to queue
[2023-09-22T08:12:09.543+0800] {logging_mixin.py:151} INFO - [2023-09-22T08:12:09.543+0800] {dagbag.py:539} INFO - Filling up the DagBag from /opt/homebrew/lib/python3.11/site-packages/airflow/example_dags/example_skip_dag.py
[2023-09-22T08:12:09.559+0800] {processor.py:839} INFO - DAG(s) dict_keys(['example_skip_dag']) retrieved from /opt/homebrew/lib/python3.11/site-packages/airflow/example_dags/example_skip_dag.py
[2023-09-22T08:12:09.654+0800] {logging_mixin.py:151} INFO - [2023-09-22T08:12:09.653+0800] {dag.py:2915} INFO - Sync 1 DAGs
[2023-09-22T08:12:09.662+0800] {logging_mixin.py:151} INFO - [2023-09-22T08:12:09.662+0800] {dag.py:3696} INFO - Setting next_dagrun for example_skip_dag to 2023-09-21T00:12:09.662187+00:00, run_after=2023-09-22T00:12:09.662187+00:00
[2023-09-22T08:12:09.673+0800] {processor.py:179} INFO - Processing /opt/homebrew/lib/python3.11/site-packages/airflow/example_dags/example_skip_dag.py took 0.131 seconds
[2023-09-22T08:13:55.763+0800] {processor.py:157} INFO - Started process (PID=65421) to work on /opt/homebrew/lib/python3.11/site-packages/airflow/example_dags/example_skip_dag.py
[2023-09-22T08:13:55.763+0800] {processor.py:829} INFO - Processing file /opt/homebrew/lib/python3.11/site-packages/airflow/example_dags/example_skip_dag.py for tasks to queue
[2023-09-22T08:13:55.764+0800] {logging_mixin.py:151} INFO - [2023-09-22T08:13:55.764+0800] {dagbag.py:539} INFO - Filling up the DagBag from /opt/homebrew/lib/python3.11/site-packages/airflow/example_dags/example_skip_dag.py
[2023-09-22T08:13:55.779+0800] {processor.py:839} INFO - DAG(s) dict_keys(['example_skip_dag']) retrieved from /opt/homebrew/lib/python3.11/site-packages/airflow/example_dags/example_skip_dag.py
[2023-09-22T08:13:55.874+0800] {logging_mixin.py:151} INFO - [2023-09-22T08:13:55.874+0800] {dag.py:2915} INFO - Sync 1 DAGs
[2023-09-22T08:13:55.882+0800] {logging_mixin.py:151} INFO - [2023-09-22T08:13:55.882+0800] {dag.py:3696} INFO - Setting next_dagrun for example_skip_dag to 2023-09-21T00:13:55.882708+00:00, run_after=2023-09-22T00:13:55.882708+00:00
[2023-09-22T08:13:55.893+0800] {processor.py:179} INFO - Processing /opt/homebrew/lib/python3.11/site-packages/airflow/example_dags/example_skip_dag.py took 0.131 seconds
[2023-09-22T08:15:41.127+0800] {processor.py:157} INFO - Started process (PID=65608) to work on /opt/homebrew/lib/python3.11/site-packages/airflow/example_dags/example_skip_dag.py
[2023-09-22T08:15:41.127+0800] {processor.py:829} INFO - Processing file /opt/homebrew/lib/python3.11/site-packages/airflow/example_dags/example_skip_dag.py for tasks to queue
[2023-09-22T08:15:41.128+0800] {logging_mixin.py:151} INFO - [2023-09-22T08:15:41.127+0800] {dagbag.py:539} INFO - Filling up the DagBag from /opt/homebrew/lib/python3.11/site-packages/airflow/example_dags/example_skip_dag.py
[2023-09-22T08:15:41.143+0800] {processor.py:839} INFO - DAG(s) dict_keys(['example_skip_dag']) retrieved from /opt/homebrew/lib/python3.11/site-packages/airflow/example_dags/example_skip_dag.py
[2023-09-22T08:15:41.238+0800] {logging_mixin.py:151} INFO - [2023-09-22T08:15:41.238+0800] {dag.py:2915} INFO - Sync 1 DAGs
[2023-09-22T08:15:41.246+0800] {logging_mixin.py:151} INFO - [2023-09-22T08:15:41.246+0800] {dag.py:3696} INFO - Setting next_dagrun for example_skip_dag to 2023-09-21T00:15:41.246368+00:00, run_after=2023-09-22T00:15:41.246368+00:00
[2023-09-22T08:15:41.257+0800] {processor.py:179} INFO - Processing /opt/homebrew/lib/python3.11/site-packages/airflow/example_dags/example_skip_dag.py took 0.130 seconds
[2023-09-22T08:17:26.074+0800] {processor.py:157} INFO - Started process (PID=65791) to work on /opt/homebrew/lib/python3.11/site-packages/airflow/example_dags/example_skip_dag.py
[2023-09-22T08:17:26.074+0800] {processor.py:829} INFO - Processing file /opt/homebrew/lib/python3.11/site-packages/airflow/example_dags/example_skip_dag.py for tasks to queue
[2023-09-22T08:17:26.074+0800] {logging_mixin.py:151} INFO - [2023-09-22T08:17:26.074+0800] {dagbag.py:539} INFO - Filling up the DagBag from /opt/homebrew/lib/python3.11/site-packages/airflow/example_dags/example_skip_dag.py
[2023-09-22T08:17:26.090+0800] {processor.py:839} INFO - DAG(s) dict_keys(['example_skip_dag']) retrieved from /opt/homebrew/lib/python3.11/site-packages/airflow/example_dags/example_skip_dag.py
[2023-09-22T08:17:26.185+0800] {logging_mixin.py:151} INFO - [2023-09-22T08:17:26.185+0800] {dag.py:2915} INFO - Sync 1 DAGs
[2023-09-22T08:17:26.193+0800] {logging_mixin.py:151} INFO - [2023-09-22T08:17:26.193+0800] {dag.py:3696} INFO - Setting next_dagrun for example_skip_dag to 2023-09-21T00:17:26.193537+00:00, run_after=2023-09-22T00:17:26.193537+00:00
[2023-09-22T08:17:26.204+0800] {processor.py:179} INFO - Processing /opt/homebrew/lib/python3.11/site-packages/airflow/example_dags/example_skip_dag.py took 0.131 seconds
[2023-09-22T08:19:10.915+0800] {processor.py:157} INFO - Started process (PID=65982) to work on /opt/homebrew/lib/python3.11/site-packages/airflow/example_dags/example_skip_dag.py
[2023-09-22T08:19:10.915+0800] {processor.py:829} INFO - Processing file /opt/homebrew/lib/python3.11/site-packages/airflow/example_dags/example_skip_dag.py for tasks to queue
[2023-09-22T08:19:10.916+0800] {logging_mixin.py:151} INFO - [2023-09-22T08:19:10.916+0800] {dagbag.py:539} INFO - Filling up the DagBag from /opt/homebrew/lib/python3.11/site-packages/airflow/example_dags/example_skip_dag.py
[2023-09-22T08:19:10.931+0800] {processor.py:839} INFO - DAG(s) dict_keys(['example_skip_dag']) retrieved from /opt/homebrew/lib/python3.11/site-packages/airflow/example_dags/example_skip_dag.py
[2023-09-22T08:19:11.027+0800] {logging_mixin.py:151} INFO - [2023-09-22T08:19:11.027+0800] {dag.py:2915} INFO - Sync 1 DAGs
[2023-09-22T08:19:11.035+0800] {logging_mixin.py:151} INFO - [2023-09-22T08:19:11.035+0800] {dag.py:3696} INFO - Setting next_dagrun for example_skip_dag to 2023-09-21T00:19:11.035274+00:00, run_after=2023-09-22T00:19:11.035274+00:00
[2023-09-22T08:19:11.046+0800] {processor.py:179} INFO - Processing /opt/homebrew/lib/python3.11/site-packages/airflow/example_dags/example_skip_dag.py took 0.131 seconds
[2023-09-22T08:21:00.773+0800] {processor.py:157} INFO - Started process (PID=66175) to work on /opt/homebrew/lib/python3.11/site-packages/airflow/example_dags/example_skip_dag.py
[2023-09-22T08:21:00.773+0800] {processor.py:829} INFO - Processing file /opt/homebrew/lib/python3.11/site-packages/airflow/example_dags/example_skip_dag.py for tasks to queue
[2023-09-22T08:21:00.774+0800] {logging_mixin.py:151} INFO - [2023-09-22T08:21:00.774+0800] {dagbag.py:539} INFO - Filling up the DagBag from /opt/homebrew/lib/python3.11/site-packages/airflow/example_dags/example_skip_dag.py
[2023-09-22T08:21:00.789+0800] {processor.py:839} INFO - DAG(s) dict_keys(['example_skip_dag']) retrieved from /opt/homebrew/lib/python3.11/site-packages/airflow/example_dags/example_skip_dag.py
[2023-09-22T08:21:00.884+0800] {logging_mixin.py:151} INFO - [2023-09-22T08:21:00.884+0800] {dag.py:2915} INFO - Sync 1 DAGs
[2023-09-22T08:21:00.893+0800] {logging_mixin.py:151} INFO - [2023-09-22T08:21:00.893+0800] {dag.py:3696} INFO - Setting next_dagrun for example_skip_dag to 2023-09-21T00:21:00.892984+00:00, run_after=2023-09-22T00:21:00.892984+00:00
[2023-09-22T08:21:00.903+0800] {processor.py:179} INFO - Processing /opt/homebrew/lib/python3.11/site-packages/airflow/example_dags/example_skip_dag.py took 0.131 seconds
[2023-09-22T08:22:43.525+0800] {processor.py:157} INFO - Started process (PID=66354) to work on /opt/homebrew/lib/python3.11/site-packages/airflow/example_dags/example_skip_dag.py
[2023-09-22T08:22:43.526+0800] {processor.py:829} INFO - Processing file /opt/homebrew/lib/python3.11/site-packages/airflow/example_dags/example_skip_dag.py for tasks to queue
[2023-09-22T08:22:43.526+0800] {logging_mixin.py:151} INFO - [2023-09-22T08:22:43.526+0800] {dagbag.py:539} INFO - Filling up the DagBag from /opt/homebrew/lib/python3.11/site-packages/airflow/example_dags/example_skip_dag.py
[2023-09-22T08:22:43.542+0800] {processor.py:839} INFO - DAG(s) dict_keys(['example_skip_dag']) retrieved from /opt/homebrew/lib/python3.11/site-packages/airflow/example_dags/example_skip_dag.py
[2023-09-22T08:22:43.637+0800] {logging_mixin.py:151} INFO - [2023-09-22T08:22:43.637+0800] {dag.py:2915} INFO - Sync 1 DAGs
[2023-09-22T08:22:43.646+0800] {logging_mixin.py:151} INFO - [2023-09-22T08:22:43.646+0800] {dag.py:3696} INFO - Setting next_dagrun for example_skip_dag to 2023-09-21T00:22:43.646054+00:00, run_after=2023-09-22T00:22:43.646054+00:00
[2023-09-22T08:22:43.657+0800] {processor.py:179} INFO - Processing /opt/homebrew/lib/python3.11/site-packages/airflow/example_dags/example_skip_dag.py took 0.132 seconds
[2023-09-22T08:24:27.820+0800] {processor.py:157} INFO - Started process (PID=66565) to work on /opt/homebrew/lib/python3.11/site-packages/airflow/example_dags/example_skip_dag.py
[2023-09-22T08:24:27.820+0800] {processor.py:829} INFO - Processing file /opt/homebrew/lib/python3.11/site-packages/airflow/example_dags/example_skip_dag.py for tasks to queue
[2023-09-22T08:24:27.820+0800] {logging_mixin.py:151} INFO - [2023-09-22T08:24:27.820+0800] {dagbag.py:539} INFO - Filling up the DagBag from /opt/homebrew/lib/python3.11/site-packages/airflow/example_dags/example_skip_dag.py
[2023-09-22T08:24:27.836+0800] {processor.py:839} INFO - DAG(s) dict_keys(['example_skip_dag']) retrieved from /opt/homebrew/lib/python3.11/site-packages/airflow/example_dags/example_skip_dag.py
[2023-09-22T08:24:27.931+0800] {logging_mixin.py:151} INFO - [2023-09-22T08:24:27.931+0800] {dag.py:2915} INFO - Sync 1 DAGs
[2023-09-22T08:24:27.939+0800] {logging_mixin.py:151} INFO - [2023-09-22T08:24:27.939+0800] {dag.py:3696} INFO - Setting next_dagrun for example_skip_dag to 2023-09-21T00:24:27.939362+00:00, run_after=2023-09-22T00:24:27.939362+00:00
[2023-09-22T08:24:27.950+0800] {processor.py:179} INFO - Processing /opt/homebrew/lib/python3.11/site-packages/airflow/example_dags/example_skip_dag.py took 0.131 seconds
[2023-09-22T08:26:12.585+0800] {processor.py:157} INFO - Started process (PID=66746) to work on /opt/homebrew/lib/python3.11/site-packages/airflow/example_dags/example_skip_dag.py
[2023-09-22T08:26:12.585+0800] {processor.py:829} INFO - Processing file /opt/homebrew/lib/python3.11/site-packages/airflow/example_dags/example_skip_dag.py for tasks to queue
[2023-09-22T08:26:12.585+0800] {logging_mixin.py:151} INFO - [2023-09-22T08:26:12.585+0800] {dagbag.py:539} INFO - Filling up the DagBag from /opt/homebrew/lib/python3.11/site-packages/airflow/example_dags/example_skip_dag.py
[2023-09-22T08:26:12.601+0800] {processor.py:839} INFO - DAG(s) dict_keys(['example_skip_dag']) retrieved from /opt/homebrew/lib/python3.11/site-packages/airflow/example_dags/example_skip_dag.py
[2023-09-22T08:26:12.697+0800] {logging_mixin.py:151} INFO - [2023-09-22T08:26:12.697+0800] {dag.py:2915} INFO - Sync 1 DAGs
[2023-09-22T08:26:12.706+0800] {logging_mixin.py:151} INFO - [2023-09-22T08:26:12.706+0800] {dag.py:3696} INFO - Setting next_dagrun for example_skip_dag to 2023-09-21T00:26:12.706363+00:00, run_after=2023-09-22T00:26:12.706363+00:00
[2023-09-22T08:26:12.717+0800] {processor.py:179} INFO - Processing /opt/homebrew/lib/python3.11/site-packages/airflow/example_dags/example_skip_dag.py took 0.133 seconds
[2023-09-22T08:27:53.649+0800] {processor.py:157} INFO - Started process (PID=66928) to work on /opt/homebrew/lib/python3.11/site-packages/airflow/example_dags/example_skip_dag.py
[2023-09-22T08:27:53.650+0800] {processor.py:829} INFO - Processing file /opt/homebrew/lib/python3.11/site-packages/airflow/example_dags/example_skip_dag.py for tasks to queue
[2023-09-22T08:27:53.650+0800] {logging_mixin.py:151} INFO - [2023-09-22T08:27:53.650+0800] {dagbag.py:539} INFO - Filling up the DagBag from /opt/homebrew/lib/python3.11/site-packages/airflow/example_dags/example_skip_dag.py
[2023-09-22T08:27:53.665+0800] {processor.py:839} INFO - DAG(s) dict_keys(['example_skip_dag']) retrieved from /opt/homebrew/lib/python3.11/site-packages/airflow/example_dags/example_skip_dag.py
[2023-09-22T08:27:53.760+0800] {logging_mixin.py:151} INFO - [2023-09-22T08:27:53.760+0800] {dag.py:2915} INFO - Sync 1 DAGs
[2023-09-22T08:27:53.769+0800] {logging_mixin.py:151} INFO - [2023-09-22T08:27:53.769+0800] {dag.py:3696} INFO - Setting next_dagrun for example_skip_dag to 2023-09-21T00:27:53.768935+00:00, run_after=2023-09-22T00:27:53.768935+00:00
[2023-09-22T08:27:53.780+0800] {processor.py:179} INFO - Processing /opt/homebrew/lib/python3.11/site-packages/airflow/example_dags/example_skip_dag.py took 0.131 seconds
[2023-09-22T08:29:34.558+0800] {processor.py:157} INFO - Started process (PID=67107) to work on /opt/homebrew/lib/python3.11/site-packages/airflow/example_dags/example_skip_dag.py
[2023-09-22T08:29:34.559+0800] {processor.py:829} INFO - Processing file /opt/homebrew/lib/python3.11/site-packages/airflow/example_dags/example_skip_dag.py for tasks to queue
[2023-09-22T08:29:34.559+0800] {logging_mixin.py:151} INFO - [2023-09-22T08:29:34.559+0800] {dagbag.py:539} INFO - Filling up the DagBag from /opt/homebrew/lib/python3.11/site-packages/airflow/example_dags/example_skip_dag.py
[2023-09-22T08:29:34.574+0800] {processor.py:839} INFO - DAG(s) dict_keys(['example_skip_dag']) retrieved from /opt/homebrew/lib/python3.11/site-packages/airflow/example_dags/example_skip_dag.py
[2023-09-22T08:29:34.670+0800] {logging_mixin.py:151} INFO - [2023-09-22T08:29:34.669+0800] {dag.py:2915} INFO - Sync 1 DAGs
[2023-09-22T08:29:34.678+0800] {logging_mixin.py:151} INFO - [2023-09-22T08:29:34.678+0800] {dag.py:3696} INFO - Setting next_dagrun for example_skip_dag to 2023-09-21T00:29:34.678218+00:00, run_after=2023-09-22T00:29:34.678218+00:00
[2023-09-22T08:29:34.689+0800] {processor.py:179} INFO - Processing /opt/homebrew/lib/python3.11/site-packages/airflow/example_dags/example_skip_dag.py took 0.131 seconds
[2023-09-22T08:31:23.434+0800] {processor.py:157} INFO - Started process (PID=67296) to work on /opt/homebrew/lib/python3.11/site-packages/airflow/example_dags/example_skip_dag.py
[2023-09-22T08:31:23.435+0800] {processor.py:829} INFO - Processing file /opt/homebrew/lib/python3.11/site-packages/airflow/example_dags/example_skip_dag.py for tasks to queue
[2023-09-22T08:31:23.435+0800] {logging_mixin.py:151} INFO - [2023-09-22T08:31:23.435+0800] {dagbag.py:539} INFO - Filling up the DagBag from /opt/homebrew/lib/python3.11/site-packages/airflow/example_dags/example_skip_dag.py
[2023-09-22T08:31:23.450+0800] {processor.py:839} INFO - DAG(s) dict_keys(['example_skip_dag']) retrieved from /opt/homebrew/lib/python3.11/site-packages/airflow/example_dags/example_skip_dag.py
[2023-09-22T08:31:23.545+0800] {logging_mixin.py:151} INFO - [2023-09-22T08:31:23.545+0800] {dag.py:2915} INFO - Sync 1 DAGs
[2023-09-22T08:31:23.553+0800] {logging_mixin.py:151} INFO - [2023-09-22T08:31:23.553+0800] {dag.py:3696} INFO - Setting next_dagrun for example_skip_dag to 2023-09-21T00:31:23.553815+00:00, run_after=2023-09-22T00:31:23.553815+00:00
[2023-09-22T08:31:23.564+0800] {processor.py:179} INFO - Processing /opt/homebrew/lib/python3.11/site-packages/airflow/example_dags/example_skip_dag.py took 0.131 seconds
[2023-09-22T08:33:07.768+0800] {processor.py:157} INFO - Started process (PID=67483) to work on /opt/homebrew/lib/python3.11/site-packages/airflow/example_dags/example_skip_dag.py
[2023-09-22T08:33:07.768+0800] {processor.py:829} INFO - Processing file /opt/homebrew/lib/python3.11/site-packages/airflow/example_dags/example_skip_dag.py for tasks to queue
[2023-09-22T08:33:07.768+0800] {logging_mixin.py:151} INFO - [2023-09-22T08:33:07.768+0800] {dagbag.py:539} INFO - Filling up the DagBag from /opt/homebrew/lib/python3.11/site-packages/airflow/example_dags/example_skip_dag.py
[2023-09-22T08:33:07.784+0800] {processor.py:839} INFO - DAG(s) dict_keys(['example_skip_dag']) retrieved from /opt/homebrew/lib/python3.11/site-packages/airflow/example_dags/example_skip_dag.py
[2023-09-22T08:33:07.879+0800] {logging_mixin.py:151} INFO - [2023-09-22T08:33:07.878+0800] {dag.py:2915} INFO - Sync 1 DAGs
[2023-09-22T08:33:07.887+0800] {logging_mixin.py:151} INFO - [2023-09-22T08:33:07.887+0800] {dag.py:3696} INFO - Setting next_dagrun for example_skip_dag to 2023-09-21T00:33:07.887150+00:00, run_after=2023-09-22T00:33:07.887150+00:00
[2023-09-22T08:33:07.898+0800] {processor.py:179} INFO - Processing /opt/homebrew/lib/python3.11/site-packages/airflow/example_dags/example_skip_dag.py took 0.131 seconds
[2023-09-22T08:34:54.012+0800] {processor.py:157} INFO - Started process (PID=67747) to work on /opt/homebrew/lib/python3.11/site-packages/airflow/example_dags/example_skip_dag.py
[2023-09-22T08:34:54.013+0800] {processor.py:829} INFO - Processing file /opt/homebrew/lib/python3.11/site-packages/airflow/example_dags/example_skip_dag.py for tasks to queue
[2023-09-22T08:34:54.013+0800] {logging_mixin.py:151} INFO - [2023-09-22T08:34:54.013+0800] {dagbag.py:539} INFO - Filling up the DagBag from /opt/homebrew/lib/python3.11/site-packages/airflow/example_dags/example_skip_dag.py
[2023-09-22T08:34:54.029+0800] {processor.py:839} INFO - DAG(s) dict_keys(['example_skip_dag']) retrieved from /opt/homebrew/lib/python3.11/site-packages/airflow/example_dags/example_skip_dag.py
[2023-09-22T08:34:54.124+0800] {logging_mixin.py:151} INFO - [2023-09-22T08:34:54.124+0800] {dag.py:2915} INFO - Sync 1 DAGs
[2023-09-22T08:34:54.133+0800] {logging_mixin.py:151} INFO - [2023-09-22T08:34:54.133+0800] {dag.py:3696} INFO - Setting next_dagrun for example_skip_dag to 2023-09-21T00:34:54.133000+00:00, run_after=2023-09-22T00:34:54.133000+00:00
[2023-09-22T08:34:54.144+0800] {processor.py:179} INFO - Processing /opt/homebrew/lib/python3.11/site-packages/airflow/example_dags/example_skip_dag.py took 0.132 seconds
[2023-09-22T08:36:37.018+0800] {processor.py:157} INFO - Started process (PID=67948) to work on /opt/homebrew/lib/python3.11/site-packages/airflow/example_dags/example_skip_dag.py
[2023-09-22T08:36:37.019+0800] {processor.py:829} INFO - Processing file /opt/homebrew/lib/python3.11/site-packages/airflow/example_dags/example_skip_dag.py for tasks to queue
[2023-09-22T08:36:37.019+0800] {logging_mixin.py:151} INFO - [2023-09-22T08:36:37.019+0800] {dagbag.py:539} INFO - Filling up the DagBag from /opt/homebrew/lib/python3.11/site-packages/airflow/example_dags/example_skip_dag.py
[2023-09-22T08:36:37.034+0800] {processor.py:839} INFO - DAG(s) dict_keys(['example_skip_dag']) retrieved from /opt/homebrew/lib/python3.11/site-packages/airflow/example_dags/example_skip_dag.py
[2023-09-22T08:36:37.131+0800] {logging_mixin.py:151} INFO - [2023-09-22T08:36:37.130+0800] {dag.py:2915} INFO - Sync 1 DAGs
[2023-09-22T08:36:37.139+0800] {logging_mixin.py:151} INFO - [2023-09-22T08:36:37.139+0800] {dag.py:3696} INFO - Setting next_dagrun for example_skip_dag to 2023-09-21T00:36:37.139467+00:00, run_after=2023-09-22T00:36:37.139467+00:00
[2023-09-22T08:36:37.150+0800] {processor.py:179} INFO - Processing /opt/homebrew/lib/python3.11/site-packages/airflow/example_dags/example_skip_dag.py took 0.133 seconds
[2023-09-22T08:38:22.218+0800] {processor.py:157} INFO - Started process (PID=68139) to work on /opt/homebrew/lib/python3.11/site-packages/airflow/example_dags/example_skip_dag.py
[2023-09-22T08:38:22.219+0800] {processor.py:829} INFO - Processing file /opt/homebrew/lib/python3.11/site-packages/airflow/example_dags/example_skip_dag.py for tasks to queue
[2023-09-22T08:38:22.219+0800] {logging_mixin.py:151} INFO - [2023-09-22T08:38:22.219+0800] {dagbag.py:539} INFO - Filling up the DagBag from /opt/homebrew/lib/python3.11/site-packages/airflow/example_dags/example_skip_dag.py
[2023-09-22T08:38:22.234+0800] {processor.py:839} INFO - DAG(s) dict_keys(['example_skip_dag']) retrieved from /opt/homebrew/lib/python3.11/site-packages/airflow/example_dags/example_skip_dag.py
[2023-09-22T08:38:22.329+0800] {logging_mixin.py:151} INFO - [2023-09-22T08:38:22.329+0800] {dag.py:2915} INFO - Sync 1 DAGs
[2023-09-22T08:38:22.337+0800] {logging_mixin.py:151} INFO - [2023-09-22T08:38:22.337+0800] {dag.py:3696} INFO - Setting next_dagrun for example_skip_dag to 2023-09-21T00:38:22.337419+00:00, run_after=2023-09-22T00:38:22.337419+00:00
[2023-09-22T08:38:22.348+0800] {processor.py:179} INFO - Processing /opt/homebrew/lib/python3.11/site-packages/airflow/example_dags/example_skip_dag.py took 0.130 seconds
[2023-09-22T08:40:05.766+0800] {processor.py:157} INFO - Started process (PID=68324) to work on /opt/homebrew/lib/python3.11/site-packages/airflow/example_dags/example_skip_dag.py
[2023-09-22T08:40:05.767+0800] {processor.py:829} INFO - Processing file /opt/homebrew/lib/python3.11/site-packages/airflow/example_dags/example_skip_dag.py for tasks to queue
[2023-09-22T08:40:05.767+0800] {logging_mixin.py:151} INFO - [2023-09-22T08:40:05.767+0800] {dagbag.py:539} INFO - Filling up the DagBag from /opt/homebrew/lib/python3.11/site-packages/airflow/example_dags/example_skip_dag.py
[2023-09-22T08:40:05.782+0800] {processor.py:839} INFO - DAG(s) dict_keys(['example_skip_dag']) retrieved from /opt/homebrew/lib/python3.11/site-packages/airflow/example_dags/example_skip_dag.py
[2023-09-22T08:40:05.878+0800] {logging_mixin.py:151} INFO - [2023-09-22T08:40:05.878+0800] {dag.py:2915} INFO - Sync 1 DAGs
[2023-09-22T08:40:05.886+0800] {logging_mixin.py:151} INFO - [2023-09-22T08:40:05.886+0800] {dag.py:3696} INFO - Setting next_dagrun for example_skip_dag to 2023-09-21T00:40:05.886611+00:00, run_after=2023-09-22T00:40:05.886611+00:00
[2023-09-22T08:40:05.897+0800] {processor.py:179} INFO - Processing /opt/homebrew/lib/python3.11/site-packages/airflow/example_dags/example_skip_dag.py took 0.131 seconds
[2023-09-22T08:41:49.721+0800] {processor.py:157} INFO - Started process (PID=68504) to work on /opt/homebrew/lib/python3.11/site-packages/airflow/example_dags/example_skip_dag.py
[2023-09-22T08:41:49.721+0800] {processor.py:829} INFO - Processing file /opt/homebrew/lib/python3.11/site-packages/airflow/example_dags/example_skip_dag.py for tasks to queue
[2023-09-22T08:41:49.721+0800] {logging_mixin.py:151} INFO - [2023-09-22T08:41:49.721+0800] {dagbag.py:539} INFO - Filling up the DagBag from /opt/homebrew/lib/python3.11/site-packages/airflow/example_dags/example_skip_dag.py
[2023-09-22T08:41:49.736+0800] {processor.py:839} INFO - DAG(s) dict_keys(['example_skip_dag']) retrieved from /opt/homebrew/lib/python3.11/site-packages/airflow/example_dags/example_skip_dag.py
[2023-09-22T08:41:49.832+0800] {logging_mixin.py:151} INFO - [2023-09-22T08:41:49.832+0800] {dag.py:2915} INFO - Sync 1 DAGs
[2023-09-22T08:41:49.840+0800] {logging_mixin.py:151} INFO - [2023-09-22T08:41:49.840+0800] {dag.py:3696} INFO - Setting next_dagrun for example_skip_dag to 2023-09-21T00:41:49.840332+00:00, run_after=2023-09-22T00:41:49.840332+00:00
[2023-09-22T08:41:49.851+0800] {processor.py:179} INFO - Processing /opt/homebrew/lib/python3.11/site-packages/airflow/example_dags/example_skip_dag.py took 0.131 seconds
[2023-09-22T08:43:35.739+0800] {processor.py:157} INFO - Started process (PID=68692) to work on /opt/homebrew/lib/python3.11/site-packages/airflow/example_dags/example_skip_dag.py
[2023-09-22T08:43:35.739+0800] {processor.py:829} INFO - Processing file /opt/homebrew/lib/python3.11/site-packages/airflow/example_dags/example_skip_dag.py for tasks to queue
[2023-09-22T08:43:35.740+0800] {logging_mixin.py:151} INFO - [2023-09-22T08:43:35.739+0800] {dagbag.py:539} INFO - Filling up the DagBag from /opt/homebrew/lib/python3.11/site-packages/airflow/example_dags/example_skip_dag.py
[2023-09-22T08:43:35.755+0800] {processor.py:839} INFO - DAG(s) dict_keys(['example_skip_dag']) retrieved from /opt/homebrew/lib/python3.11/site-packages/airflow/example_dags/example_skip_dag.py
[2023-09-22T08:43:35.850+0800] {logging_mixin.py:151} INFO - [2023-09-22T08:43:35.850+0800] {dag.py:2915} INFO - Sync 1 DAGs
[2023-09-22T08:43:35.858+0800] {logging_mixin.py:151} INFO - [2023-09-22T08:43:35.858+0800] {dag.py:3696} INFO - Setting next_dagrun for example_skip_dag to 2023-09-21T00:43:35.858659+00:00, run_after=2023-09-22T00:43:35.858659+00:00
[2023-09-22T08:43:35.869+0800] {processor.py:179} INFO - Processing /opt/homebrew/lib/python3.11/site-packages/airflow/example_dags/example_skip_dag.py took 0.131 seconds
[2023-09-22T08:45:18.340+0800] {processor.py:157} INFO - Started process (PID=68878) to work on /opt/homebrew/lib/python3.11/site-packages/airflow/example_dags/example_skip_dag.py
[2023-09-22T08:45:18.341+0800] {processor.py:829} INFO - Processing file /opt/homebrew/lib/python3.11/site-packages/airflow/example_dags/example_skip_dag.py for tasks to queue
[2023-09-22T08:45:18.341+0800] {logging_mixin.py:151} INFO - [2023-09-22T08:45:18.341+0800] {dagbag.py:539} INFO - Filling up the DagBag from /opt/homebrew/lib/python3.11/site-packages/airflow/example_dags/example_skip_dag.py
[2023-09-22T08:45:18.356+0800] {processor.py:839} INFO - DAG(s) dict_keys(['example_skip_dag']) retrieved from /opt/homebrew/lib/python3.11/site-packages/airflow/example_dags/example_skip_dag.py
[2023-09-22T08:45:18.451+0800] {logging_mixin.py:151} INFO - [2023-09-22T08:45:18.451+0800] {dag.py:2915} INFO - Sync 1 DAGs
[2023-09-22T08:45:18.460+0800] {logging_mixin.py:151} INFO - [2023-09-22T08:45:18.459+0800] {dag.py:3696} INFO - Setting next_dagrun for example_skip_dag to 2023-09-21T00:45:18.459843+00:00, run_after=2023-09-22T00:45:18.459843+00:00
[2023-09-22T08:45:18.470+0800] {processor.py:179} INFO - Processing /opt/homebrew/lib/python3.11/site-packages/airflow/example_dags/example_skip_dag.py took 0.130 seconds
[2023-09-22T08:47:05.650+0800] {processor.py:157} INFO - Started process (PID=69066) to work on /opt/homebrew/lib/python3.11/site-packages/airflow/example_dags/example_skip_dag.py
[2023-09-22T08:47:05.650+0800] {processor.py:829} INFO - Processing file /opt/homebrew/lib/python3.11/site-packages/airflow/example_dags/example_skip_dag.py for tasks to queue
[2023-09-22T08:47:05.651+0800] {logging_mixin.py:151} INFO - [2023-09-22T08:47:05.651+0800] {dagbag.py:539} INFO - Filling up the DagBag from /opt/homebrew/lib/python3.11/site-packages/airflow/example_dags/example_skip_dag.py
[2023-09-22T08:47:05.666+0800] {processor.py:839} INFO - DAG(s) dict_keys(['example_skip_dag']) retrieved from /opt/homebrew/lib/python3.11/site-packages/airflow/example_dags/example_skip_dag.py
[2023-09-22T08:47:05.761+0800] {logging_mixin.py:151} INFO - [2023-09-22T08:47:05.761+0800] {dag.py:2915} INFO - Sync 1 DAGs
[2023-09-22T08:47:05.769+0800] {logging_mixin.py:151} INFO - [2023-09-22T08:47:05.769+0800] {dag.py:3696} INFO - Setting next_dagrun for example_skip_dag to 2023-09-21T00:47:05.769710+00:00, run_after=2023-09-22T00:47:05.769710+00:00
[2023-09-22T08:47:05.780+0800] {processor.py:179} INFO - Processing /opt/homebrew/lib/python3.11/site-packages/airflow/example_dags/example_skip_dag.py took 0.131 seconds
[2023-09-22T08:48:50.975+0800] {processor.py:157} INFO - Started process (PID=69254) to work on /opt/homebrew/lib/python3.11/site-packages/airflow/example_dags/example_skip_dag.py
[2023-09-22T08:48:50.975+0800] {processor.py:829} INFO - Processing file /opt/homebrew/lib/python3.11/site-packages/airflow/example_dags/example_skip_dag.py for tasks to queue
[2023-09-22T08:48:50.976+0800] {logging_mixin.py:151} INFO - [2023-09-22T08:48:50.976+0800] {dagbag.py:539} INFO - Filling up the DagBag from /opt/homebrew/lib/python3.11/site-packages/airflow/example_dags/example_skip_dag.py
[2023-09-22T08:48:50.991+0800] {processor.py:839} INFO - DAG(s) dict_keys(['example_skip_dag']) retrieved from /opt/homebrew/lib/python3.11/site-packages/airflow/example_dags/example_skip_dag.py
[2023-09-22T08:48:51.086+0800] {logging_mixin.py:151} INFO - [2023-09-22T08:48:51.086+0800] {dag.py:2915} INFO - Sync 1 DAGs
[2023-09-22T08:48:51.094+0800] {logging_mixin.py:151} INFO - [2023-09-22T08:48:51.094+0800] {dag.py:3696} INFO - Setting next_dagrun for example_skip_dag to 2023-09-21T00:48:51.094492+00:00, run_after=2023-09-22T00:48:51.094492+00:00
[2023-09-22T08:48:51.105+0800] {processor.py:179} INFO - Processing /opt/homebrew/lib/python3.11/site-packages/airflow/example_dags/example_skip_dag.py took 0.131 seconds
[2023-09-22T08:50:34.953+0800] {processor.py:157} INFO - Started process (PID=69442) to work on /opt/homebrew/lib/python3.11/site-packages/airflow/example_dags/example_skip_dag.py
[2023-09-22T08:50:34.953+0800] {processor.py:829} INFO - Processing file /opt/homebrew/lib/python3.11/site-packages/airflow/example_dags/example_skip_dag.py for tasks to queue
[2023-09-22T08:50:34.954+0800] {logging_mixin.py:151} INFO - [2023-09-22T08:50:34.953+0800] {dagbag.py:539} INFO - Filling up the DagBag from /opt/homebrew/lib/python3.11/site-packages/airflow/example_dags/example_skip_dag.py
[2023-09-22T08:50:34.969+0800] {processor.py:839} INFO - DAG(s) dict_keys(['example_skip_dag']) retrieved from /opt/homebrew/lib/python3.11/site-packages/airflow/example_dags/example_skip_dag.py
[2023-09-22T08:50:35.064+0800] {logging_mixin.py:151} INFO - [2023-09-22T08:50:35.064+0800] {dag.py:2915} INFO - Sync 1 DAGs
[2023-09-22T08:50:35.072+0800] {logging_mixin.py:151} INFO - [2023-09-22T08:50:35.072+0800] {dag.py:3696} INFO - Setting next_dagrun for example_skip_dag to 2023-09-21T00:50:35.072749+00:00, run_after=2023-09-22T00:50:35.072749+00:00
[2023-09-22T08:50:35.083+0800] {processor.py:179} INFO - Processing /opt/homebrew/lib/python3.11/site-packages/airflow/example_dags/example_skip_dag.py took 0.131 seconds
[2023-09-22T08:52:18.773+0800] {processor.py:157} INFO - Started process (PID=69623) to work on /opt/homebrew/lib/python3.11/site-packages/airflow/example_dags/example_skip_dag.py
[2023-09-22T08:52:18.773+0800] {processor.py:829} INFO - Processing file /opt/homebrew/lib/python3.11/site-packages/airflow/example_dags/example_skip_dag.py for tasks to queue
[2023-09-22T08:52:18.774+0800] {logging_mixin.py:151} INFO - [2023-09-22T08:52:18.773+0800] {dagbag.py:539} INFO - Filling up the DagBag from /opt/homebrew/lib/python3.11/site-packages/airflow/example_dags/example_skip_dag.py
[2023-09-22T08:52:18.789+0800] {processor.py:839} INFO - DAG(s) dict_keys(['example_skip_dag']) retrieved from /opt/homebrew/lib/python3.11/site-packages/airflow/example_dags/example_skip_dag.py
[2023-09-22T08:52:18.884+0800] {logging_mixin.py:151} INFO - [2023-09-22T08:52:18.884+0800] {dag.py:2915} INFO - Sync 1 DAGs
[2023-09-22T08:52:18.892+0800] {logging_mixin.py:151} INFO - [2023-09-22T08:52:18.892+0800] {dag.py:3696} INFO - Setting next_dagrun for example_skip_dag to 2023-09-21T00:52:18.892549+00:00, run_after=2023-09-22T00:52:18.892549+00:00
[2023-09-22T08:52:18.903+0800] {processor.py:179} INFO - Processing /opt/homebrew/lib/python3.11/site-packages/airflow/example_dags/example_skip_dag.py took 0.131 seconds
[2023-09-22T08:53:59.394+0800] {processor.py:157} INFO - Started process (PID=69807) to work on /opt/homebrew/lib/python3.11/site-packages/airflow/example_dags/example_skip_dag.py
[2023-09-22T08:53:59.395+0800] {processor.py:829} INFO - Processing file /opt/homebrew/lib/python3.11/site-packages/airflow/example_dags/example_skip_dag.py for tasks to queue
[2023-09-22T08:53:59.395+0800] {logging_mixin.py:151} INFO - [2023-09-22T08:53:59.395+0800] {dagbag.py:539} INFO - Filling up the DagBag from /opt/homebrew/lib/python3.11/site-packages/airflow/example_dags/example_skip_dag.py
[2023-09-22T08:53:59.411+0800] {processor.py:839} INFO - DAG(s) dict_keys(['example_skip_dag']) retrieved from /opt/homebrew/lib/python3.11/site-packages/airflow/example_dags/example_skip_dag.py
[2023-09-22T08:53:59.506+0800] {logging_mixin.py:151} INFO - [2023-09-22T08:53:59.506+0800] {dag.py:2915} INFO - Sync 1 DAGs
[2023-09-22T08:53:59.514+0800] {logging_mixin.py:151} INFO - [2023-09-22T08:53:59.514+0800] {dag.py:3696} INFO - Setting next_dagrun for example_skip_dag to 2023-09-21T00:53:59.514700+00:00, run_after=2023-09-22T00:53:59.514700+00:00
[2023-09-22T08:53:59.525+0800] {processor.py:179} INFO - Processing /opt/homebrew/lib/python3.11/site-packages/airflow/example_dags/example_skip_dag.py took 0.131 seconds
[2023-09-22T08:55:46.557+0800] {processor.py:157} INFO - Started process (PID=69991) to work on /opt/homebrew/lib/python3.11/site-packages/airflow/example_dags/example_skip_dag.py
[2023-09-22T08:55:46.558+0800] {processor.py:829} INFO - Processing file /opt/homebrew/lib/python3.11/site-packages/airflow/example_dags/example_skip_dag.py for tasks to queue
[2023-09-22T08:55:46.558+0800] {logging_mixin.py:151} INFO - [2023-09-22T08:55:46.558+0800] {dagbag.py:539} INFO - Filling up the DagBag from /opt/homebrew/lib/python3.11/site-packages/airflow/example_dags/example_skip_dag.py
[2023-09-22T08:55:46.574+0800] {processor.py:839} INFO - DAG(s) dict_keys(['example_skip_dag']) retrieved from /opt/homebrew/lib/python3.11/site-packages/airflow/example_dags/example_skip_dag.py
[2023-09-22T08:55:46.669+0800] {logging_mixin.py:151} INFO - [2023-09-22T08:55:46.669+0800] {dag.py:2915} INFO - Sync 1 DAGs
[2023-09-22T08:55:46.677+0800] {logging_mixin.py:151} INFO - [2023-09-22T08:55:46.677+0800] {dag.py:3696} INFO - Setting next_dagrun for example_skip_dag to 2023-09-21T00:55:46.677371+00:00, run_after=2023-09-22T00:55:46.677371+00:00
[2023-09-22T08:55:46.688+0800] {processor.py:179} INFO - Processing /opt/homebrew/lib/python3.11/site-packages/airflow/example_dags/example_skip_dag.py took 0.131 seconds
[2023-09-22T08:57:28.711+0800] {processor.py:157} INFO - Started process (PID=70199) to work on /opt/homebrew/lib/python3.11/site-packages/airflow/example_dags/example_skip_dag.py
[2023-09-22T08:57:28.712+0800] {processor.py:829} INFO - Processing file /opt/homebrew/lib/python3.11/site-packages/airflow/example_dags/example_skip_dag.py for tasks to queue
[2023-09-22T08:57:28.712+0800] {logging_mixin.py:151} INFO - [2023-09-22T08:57:28.712+0800] {dagbag.py:539} INFO - Filling up the DagBag from /opt/homebrew/lib/python3.11/site-packages/airflow/example_dags/example_skip_dag.py
[2023-09-22T08:57:28.727+0800] {processor.py:839} INFO - DAG(s) dict_keys(['example_skip_dag']) retrieved from /opt/homebrew/lib/python3.11/site-packages/airflow/example_dags/example_skip_dag.py
[2023-09-22T08:57:28.822+0800] {logging_mixin.py:151} INFO - [2023-09-22T08:57:28.822+0800] {dag.py:2915} INFO - Sync 1 DAGs
[2023-09-22T08:57:28.830+0800] {logging_mixin.py:151} INFO - [2023-09-22T08:57:28.830+0800] {dag.py:3696} INFO - Setting next_dagrun for example_skip_dag to 2023-09-21T00:57:28.830393+00:00, run_after=2023-09-22T00:57:28.830393+00:00
[2023-09-22T08:57:28.841+0800] {processor.py:179} INFO - Processing /opt/homebrew/lib/python3.11/site-packages/airflow/example_dags/example_skip_dag.py took 0.130 seconds
[2023-09-22T08:59:18.258+0800] {processor.py:157} INFO - Started process (PID=70389) to work on /opt/homebrew/lib/python3.11/site-packages/airflow/example_dags/example_skip_dag.py
[2023-09-22T08:59:18.259+0800] {processor.py:829} INFO - Processing file /opt/homebrew/lib/python3.11/site-packages/airflow/example_dags/example_skip_dag.py for tasks to queue
[2023-09-22T08:59:18.259+0800] {logging_mixin.py:151} INFO - [2023-09-22T08:59:18.259+0800] {dagbag.py:539} INFO - Filling up the DagBag from /opt/homebrew/lib/python3.11/site-packages/airflow/example_dags/example_skip_dag.py
[2023-09-22T08:59:18.274+0800] {processor.py:839} INFO - DAG(s) dict_keys(['example_skip_dag']) retrieved from /opt/homebrew/lib/python3.11/site-packages/airflow/example_dags/example_skip_dag.py
[2023-09-22T08:59:18.369+0800] {logging_mixin.py:151} INFO - [2023-09-22T08:59:18.369+0800] {dag.py:2915} INFO - Sync 1 DAGs
[2023-09-22T08:59:18.377+0800] {logging_mixin.py:151} INFO - [2023-09-22T08:59:18.377+0800] {dag.py:3696} INFO - Setting next_dagrun for example_skip_dag to 2023-09-21T00:59:18.377816+00:00, run_after=2023-09-22T00:59:18.377816+00:00
[2023-09-22T08:59:18.389+0800] {processor.py:179} INFO - Processing /opt/homebrew/lib/python3.11/site-packages/airflow/example_dags/example_skip_dag.py took 0.131 seconds
[2023-09-22T09:00:59.873+0800] {processor.py:157} INFO - Started process (PID=70577) to work on /opt/homebrew/lib/python3.11/site-packages/airflow/example_dags/example_skip_dag.py
[2023-09-22T09:00:59.873+0800] {processor.py:829} INFO - Processing file /opt/homebrew/lib/python3.11/site-packages/airflow/example_dags/example_skip_dag.py for tasks to queue
[2023-09-22T09:00:59.874+0800] {logging_mixin.py:151} INFO - [2023-09-22T09:00:59.874+0800] {dagbag.py:539} INFO - Filling up the DagBag from /opt/homebrew/lib/python3.11/site-packages/airflow/example_dags/example_skip_dag.py
[2023-09-22T09:00:59.889+0800] {processor.py:839} INFO - DAG(s) dict_keys(['example_skip_dag']) retrieved from /opt/homebrew/lib/python3.11/site-packages/airflow/example_dags/example_skip_dag.py
[2023-09-22T09:00:59.984+0800] {logging_mixin.py:151} INFO - [2023-09-22T09:00:59.984+0800] {dag.py:2915} INFO - Sync 1 DAGs
[2023-09-22T09:00:59.992+0800] {logging_mixin.py:151} INFO - [2023-09-22T09:00:59.992+0800] {dag.py:3696} INFO - Setting next_dagrun for example_skip_dag to 2023-09-21T01:00:59.992551+00:00, run_after=2023-09-22T01:00:59.992551+00:00
[2023-09-22T09:01:00.003+0800] {processor.py:179} INFO - Processing /opt/homebrew/lib/python3.11/site-packages/airflow/example_dags/example_skip_dag.py took 0.131 seconds
[2023-09-22T09:02:44.619+0800] {processor.py:157} INFO - Started process (PID=70761) to work on /opt/homebrew/lib/python3.11/site-packages/airflow/example_dags/example_skip_dag.py
[2023-09-22T09:02:44.619+0800] {processor.py:829} INFO - Processing file /opt/homebrew/lib/python3.11/site-packages/airflow/example_dags/example_skip_dag.py for tasks to queue
[2023-09-22T09:02:44.619+0800] {logging_mixin.py:151} INFO - [2023-09-22T09:02:44.619+0800] {dagbag.py:539} INFO - Filling up the DagBag from /opt/homebrew/lib/python3.11/site-packages/airflow/example_dags/example_skip_dag.py
[2023-09-22T09:02:44.635+0800] {processor.py:839} INFO - DAG(s) dict_keys(['example_skip_dag']) retrieved from /opt/homebrew/lib/python3.11/site-packages/airflow/example_dags/example_skip_dag.py
[2023-09-22T09:02:44.732+0800] {logging_mixin.py:151} INFO - [2023-09-22T09:02:44.732+0800] {dag.py:2915} INFO - Sync 1 DAGs
[2023-09-22T09:02:44.740+0800] {logging_mixin.py:151} INFO - [2023-09-22T09:02:44.740+0800] {dag.py:3696} INFO - Setting next_dagrun for example_skip_dag to 2023-09-21T01:02:44.740474+00:00, run_after=2023-09-22T01:02:44.740474+00:00
[2023-09-22T09:02:44.751+0800] {processor.py:179} INFO - Processing /opt/homebrew/lib/python3.11/site-packages/airflow/example_dags/example_skip_dag.py took 0.133 seconds
[2023-09-22T09:04:32.157+0800] {processor.py:157} INFO - Started process (PID=71014) to work on /opt/homebrew/lib/python3.11/site-packages/airflow/example_dags/example_skip_dag.py
[2023-09-22T09:04:32.158+0800] {processor.py:829} INFO - Processing file /opt/homebrew/lib/python3.11/site-packages/airflow/example_dags/example_skip_dag.py for tasks to queue
[2023-09-22T09:04:32.158+0800] {logging_mixin.py:151} INFO - [2023-09-22T09:04:32.158+0800] {dagbag.py:539} INFO - Filling up the DagBag from /opt/homebrew/lib/python3.11/site-packages/airflow/example_dags/example_skip_dag.py
[2023-09-22T09:04:32.173+0800] {processor.py:839} INFO - DAG(s) dict_keys(['example_skip_dag']) retrieved from /opt/homebrew/lib/python3.11/site-packages/airflow/example_dags/example_skip_dag.py
[2023-09-22T09:04:32.269+0800] {logging_mixin.py:151} INFO - [2023-09-22T09:04:32.268+0800] {dag.py:2915} INFO - Sync 1 DAGs
[2023-09-22T09:04:32.277+0800] {logging_mixin.py:151} INFO - [2023-09-22T09:04:32.277+0800] {dag.py:3696} INFO - Setting next_dagrun for example_skip_dag to 2023-09-21T01:04:32.277158+00:00, run_after=2023-09-22T01:04:32.277158+00:00
[2023-09-22T09:04:32.288+0800] {processor.py:179} INFO - Processing /opt/homebrew/lib/python3.11/site-packages/airflow/example_dags/example_skip_dag.py took 0.131 seconds
[2023-09-22T09:06:15.698+0800] {processor.py:157} INFO - Started process (PID=71208) to work on /opt/homebrew/lib/python3.11/site-packages/airflow/example_dags/example_skip_dag.py
[2023-09-22T09:06:15.698+0800] {processor.py:829} INFO - Processing file /opt/homebrew/lib/python3.11/site-packages/airflow/example_dags/example_skip_dag.py for tasks to queue
[2023-09-22T09:06:15.699+0800] {logging_mixin.py:151} INFO - [2023-09-22T09:06:15.699+0800] {dagbag.py:539} INFO - Filling up the DagBag from /opt/homebrew/lib/python3.11/site-packages/airflow/example_dags/example_skip_dag.py
[2023-09-22T09:06:15.714+0800] {processor.py:839} INFO - DAG(s) dict_keys(['example_skip_dag']) retrieved from /opt/homebrew/lib/python3.11/site-packages/airflow/example_dags/example_skip_dag.py
[2023-09-22T09:06:15.809+0800] {logging_mixin.py:151} INFO - [2023-09-22T09:06:15.809+0800] {dag.py:2915} INFO - Sync 1 DAGs
[2023-09-22T09:06:15.817+0800] {logging_mixin.py:151} INFO - [2023-09-22T09:06:15.817+0800] {dag.py:3696} INFO - Setting next_dagrun for example_skip_dag to 2023-09-21T01:06:15.817626+00:00, run_after=2023-09-22T01:06:15.817626+00:00
[2023-09-22T09:06:15.828+0800] {processor.py:179} INFO - Processing /opt/homebrew/lib/python3.11/site-packages/airflow/example_dags/example_skip_dag.py took 0.130 seconds
[2023-09-22T09:07:58.247+0800] {processor.py:157} INFO - Started process (PID=71405) to work on /opt/homebrew/lib/python3.11/site-packages/airflow/example_dags/example_skip_dag.py
[2023-09-22T09:07:58.247+0800] {processor.py:829} INFO - Processing file /opt/homebrew/lib/python3.11/site-packages/airflow/example_dags/example_skip_dag.py for tasks to queue
[2023-09-22T09:07:58.248+0800] {logging_mixin.py:151} INFO - [2023-09-22T09:07:58.248+0800] {dagbag.py:539} INFO - Filling up the DagBag from /opt/homebrew/lib/python3.11/site-packages/airflow/example_dags/example_skip_dag.py
[2023-09-22T09:07:58.263+0800] {processor.py:839} INFO - DAG(s) dict_keys(['example_skip_dag']) retrieved from /opt/homebrew/lib/python3.11/site-packages/airflow/example_dags/example_skip_dag.py
[2023-09-22T09:07:58.358+0800] {logging_mixin.py:151} INFO - [2023-09-22T09:07:58.358+0800] {dag.py:2915} INFO - Sync 1 DAGs
[2023-09-22T09:07:58.366+0800] {logging_mixin.py:151} INFO - [2023-09-22T09:07:58.366+0800] {dag.py:3696} INFO - Setting next_dagrun for example_skip_dag to 2023-09-21T01:07:58.366720+00:00, run_after=2023-09-22T01:07:58.366720+00:00
[2023-09-22T09:07:58.378+0800] {processor.py:179} INFO - Processing /opt/homebrew/lib/python3.11/site-packages/airflow/example_dags/example_skip_dag.py took 0.131 seconds
[2023-09-22T09:09:42.323+0800] {processor.py:157} INFO - Started process (PID=71598) to work on /opt/homebrew/lib/python3.11/site-packages/airflow/example_dags/example_skip_dag.py
[2023-09-22T09:09:42.323+0800] {processor.py:829} INFO - Processing file /opt/homebrew/lib/python3.11/site-packages/airflow/example_dags/example_skip_dag.py for tasks to queue
[2023-09-22T09:09:42.323+0800] {logging_mixin.py:151} INFO - [2023-09-22T09:09:42.323+0800] {dagbag.py:539} INFO - Filling up the DagBag from /opt/homebrew/lib/python3.11/site-packages/airflow/example_dags/example_skip_dag.py
[2023-09-22T09:09:42.339+0800] {processor.py:839} INFO - DAG(s) dict_keys(['example_skip_dag']) retrieved from /opt/homebrew/lib/python3.11/site-packages/airflow/example_dags/example_skip_dag.py
[2023-09-22T09:09:42.434+0800] {logging_mixin.py:151} INFO - [2023-09-22T09:09:42.433+0800] {dag.py:2915} INFO - Sync 1 DAGs
[2023-09-22T09:09:42.442+0800] {logging_mixin.py:151} INFO - [2023-09-22T09:09:42.442+0800] {dag.py:3696} INFO - Setting next_dagrun for example_skip_dag to 2023-09-21T01:09:42.442256+00:00, run_after=2023-09-22T01:09:42.442256+00:00
[2023-09-22T09:09:42.453+0800] {processor.py:179} INFO - Processing /opt/homebrew/lib/python3.11/site-packages/airflow/example_dags/example_skip_dag.py took 0.131 seconds
[2023-09-22T09:11:31.377+0800] {processor.py:157} INFO - Started process (PID=71792) to work on /opt/homebrew/lib/python3.11/site-packages/airflow/example_dags/example_skip_dag.py
[2023-09-22T09:11:31.377+0800] {processor.py:829} INFO - Processing file /opt/homebrew/lib/python3.11/site-packages/airflow/example_dags/example_skip_dag.py for tasks to queue
[2023-09-22T09:11:31.377+0800] {logging_mixin.py:151} INFO - [2023-09-22T09:11:31.377+0800] {dagbag.py:539} INFO - Filling up the DagBag from /opt/homebrew/lib/python3.11/site-packages/airflow/example_dags/example_skip_dag.py
[2023-09-22T09:11:31.393+0800] {processor.py:839} INFO - DAG(s) dict_keys(['example_skip_dag']) retrieved from /opt/homebrew/lib/python3.11/site-packages/airflow/example_dags/example_skip_dag.py
[2023-09-22T09:11:31.488+0800] {logging_mixin.py:151} INFO - [2023-09-22T09:11:31.487+0800] {dag.py:2915} INFO - Sync 1 DAGs
[2023-09-22T09:11:31.496+0800] {logging_mixin.py:151} INFO - [2023-09-22T09:11:31.496+0800] {dag.py:3696} INFO - Setting next_dagrun for example_skip_dag to 2023-09-21T01:11:31.496227+00:00, run_after=2023-09-22T01:11:31.496227+00:00
[2023-09-22T09:11:31.507+0800] {processor.py:179} INFO - Processing /opt/homebrew/lib/python3.11/site-packages/airflow/example_dags/example_skip_dag.py took 0.130 seconds
[2023-09-22T09:13:13.146+0800] {processor.py:157} INFO - Started process (PID=71994) to work on /opt/homebrew/lib/python3.11/site-packages/airflow/example_dags/example_skip_dag.py
[2023-09-22T09:13:13.146+0800] {processor.py:829} INFO - Processing file /opt/homebrew/lib/python3.11/site-packages/airflow/example_dags/example_skip_dag.py for tasks to queue
[2023-09-22T09:13:13.146+0800] {logging_mixin.py:151} INFO - [2023-09-22T09:13:13.146+0800] {dagbag.py:539} INFO - Filling up the DagBag from /opt/homebrew/lib/python3.11/site-packages/airflow/example_dags/example_skip_dag.py
[2023-09-22T09:13:13.162+0800] {processor.py:839} INFO - DAG(s) dict_keys(['example_skip_dag']) retrieved from /opt/homebrew/lib/python3.11/site-packages/airflow/example_dags/example_skip_dag.py
[2023-09-22T09:13:13.257+0800] {logging_mixin.py:151} INFO - [2023-09-22T09:13:13.257+0800] {dag.py:2915} INFO - Sync 1 DAGs
[2023-09-22T09:13:13.265+0800] {logging_mixin.py:151} INFO - [2023-09-22T09:13:13.265+0800] {dag.py:3696} INFO - Setting next_dagrun for example_skip_dag to 2023-09-21T01:13:13.265392+00:00, run_after=2023-09-22T01:13:13.265392+00:00
[2023-09-22T09:13:13.276+0800] {processor.py:179} INFO - Processing /opt/homebrew/lib/python3.11/site-packages/airflow/example_dags/example_skip_dag.py took 0.131 seconds
[2023-09-22T09:14:53.499+0800] {processor.py:157} INFO - Started process (PID=72178) to work on /opt/homebrew/lib/python3.11/site-packages/airflow/example_dags/example_skip_dag.py
[2023-09-22T09:14:53.499+0800] {processor.py:829} INFO - Processing file /opt/homebrew/lib/python3.11/site-packages/airflow/example_dags/example_skip_dag.py for tasks to queue
[2023-09-22T09:14:53.500+0800] {logging_mixin.py:151} INFO - [2023-09-22T09:14:53.500+0800] {dagbag.py:539} INFO - Filling up the DagBag from /opt/homebrew/lib/python3.11/site-packages/airflow/example_dags/example_skip_dag.py
[2023-09-22T09:14:53.515+0800] {processor.py:839} INFO - DAG(s) dict_keys(['example_skip_dag']) retrieved from /opt/homebrew/lib/python3.11/site-packages/airflow/example_dags/example_skip_dag.py
[2023-09-22T09:14:53.610+0800] {logging_mixin.py:151} INFO - [2023-09-22T09:14:53.609+0800] {dag.py:2915} INFO - Sync 1 DAGs
[2023-09-22T09:14:53.618+0800] {logging_mixin.py:151} INFO - [2023-09-22T09:14:53.618+0800] {dag.py:3696} INFO - Setting next_dagrun for example_skip_dag to 2023-09-21T01:14:53.618152+00:00, run_after=2023-09-22T01:14:53.618152+00:00
[2023-09-22T09:14:53.629+0800] {processor.py:179} INFO - Processing /opt/homebrew/lib/python3.11/site-packages/airflow/example_dags/example_skip_dag.py took 0.130 seconds
[2023-09-22T09:16:40.218+0800] {processor.py:157} INFO - Started process (PID=72365) to work on /opt/homebrew/lib/python3.11/site-packages/airflow/example_dags/example_skip_dag.py
[2023-09-22T09:16:40.219+0800] {processor.py:829} INFO - Processing file /opt/homebrew/lib/python3.11/site-packages/airflow/example_dags/example_skip_dag.py for tasks to queue
[2023-09-22T09:16:40.219+0800] {logging_mixin.py:151} INFO - [2023-09-22T09:16:40.219+0800] {dagbag.py:539} INFO - Filling up the DagBag from /opt/homebrew/lib/python3.11/site-packages/airflow/example_dags/example_skip_dag.py
[2023-09-22T09:16:40.234+0800] {processor.py:839} INFO - DAG(s) dict_keys(['example_skip_dag']) retrieved from /opt/homebrew/lib/python3.11/site-packages/airflow/example_dags/example_skip_dag.py
[2023-09-22T09:16:40.329+0800] {logging_mixin.py:151} INFO - [2023-09-22T09:16:40.329+0800] {dag.py:2915} INFO - Sync 1 DAGs
[2023-09-22T09:16:40.337+0800] {logging_mixin.py:151} INFO - [2023-09-22T09:16:40.337+0800] {dag.py:3696} INFO - Setting next_dagrun for example_skip_dag to 2023-09-21T01:16:40.337727+00:00, run_after=2023-09-22T01:16:40.337727+00:00
[2023-09-22T09:16:40.348+0800] {processor.py:179} INFO - Processing /opt/homebrew/lib/python3.11/site-packages/airflow/example_dags/example_skip_dag.py took 0.130 seconds
[2023-09-22T09:18:25.041+0800] {processor.py:157} INFO - Started process (PID=72545) to work on /opt/homebrew/lib/python3.11/site-packages/airflow/example_dags/example_skip_dag.py
[2023-09-22T09:18:25.041+0800] {processor.py:829} INFO - Processing file /opt/homebrew/lib/python3.11/site-packages/airflow/example_dags/example_skip_dag.py for tasks to queue
[2023-09-22T09:18:25.041+0800] {logging_mixin.py:151} INFO - [2023-09-22T09:18:25.041+0800] {dagbag.py:539} INFO - Filling up the DagBag from /opt/homebrew/lib/python3.11/site-packages/airflow/example_dags/example_skip_dag.py
[2023-09-22T09:18:25.057+0800] {processor.py:839} INFO - DAG(s) dict_keys(['example_skip_dag']) retrieved from /opt/homebrew/lib/python3.11/site-packages/airflow/example_dags/example_skip_dag.py
[2023-09-22T09:18:25.152+0800] {logging_mixin.py:151} INFO - [2023-09-22T09:18:25.152+0800] {dag.py:2915} INFO - Sync 1 DAGs
[2023-09-22T09:18:25.161+0800] {logging_mixin.py:151} INFO - [2023-09-22T09:18:25.161+0800] {dag.py:3696} INFO - Setting next_dagrun for example_skip_dag to 2023-09-21T01:18:25.161073+00:00, run_after=2023-09-22T01:18:25.161073+00:00
[2023-09-22T09:18:25.172+0800] {processor.py:179} INFO - Processing /opt/homebrew/lib/python3.11/site-packages/airflow/example_dags/example_skip_dag.py took 0.131 seconds
[2023-09-22T09:20:08.416+0800] {processor.py:157} INFO - Started process (PID=72734) to work on /opt/homebrew/lib/python3.11/site-packages/airflow/example_dags/example_skip_dag.py
[2023-09-22T09:20:08.416+0800] {processor.py:829} INFO - Processing file /opt/homebrew/lib/python3.11/site-packages/airflow/example_dags/example_skip_dag.py for tasks to queue
[2023-09-22T09:20:08.417+0800] {logging_mixin.py:151} INFO - [2023-09-22T09:20:08.416+0800] {dagbag.py:539} INFO - Filling up the DagBag from /opt/homebrew/lib/python3.11/site-packages/airflow/example_dags/example_skip_dag.py
[2023-09-22T09:20:08.432+0800] {processor.py:839} INFO - DAG(s) dict_keys(['example_skip_dag']) retrieved from /opt/homebrew/lib/python3.11/site-packages/airflow/example_dags/example_skip_dag.py
[2023-09-22T09:20:08.528+0800] {logging_mixin.py:151} INFO - [2023-09-22T09:20:08.527+0800] {dag.py:2915} INFO - Sync 1 DAGs
[2023-09-22T09:20:08.536+0800] {logging_mixin.py:151} INFO - [2023-09-22T09:20:08.536+0800] {dag.py:3696} INFO - Setting next_dagrun for example_skip_dag to 2023-09-21T01:20:08.536308+00:00, run_after=2023-09-22T01:20:08.536308+00:00
[2023-09-22T09:20:08.547+0800] {processor.py:179} INFO - Processing /opt/homebrew/lib/python3.11/site-packages/airflow/example_dags/example_skip_dag.py took 0.131 seconds
[2023-09-22T09:21:56.831+0800] {processor.py:157} INFO - Started process (PID=72918) to work on /opt/homebrew/lib/python3.11/site-packages/airflow/example_dags/example_skip_dag.py
[2023-09-22T09:21:56.831+0800] {processor.py:829} INFO - Processing file /opt/homebrew/lib/python3.11/site-packages/airflow/example_dags/example_skip_dag.py for tasks to queue
[2023-09-22T09:21:56.832+0800] {logging_mixin.py:151} INFO - [2023-09-22T09:21:56.832+0800] {dagbag.py:539} INFO - Filling up the DagBag from /opt/homebrew/lib/python3.11/site-packages/airflow/example_dags/example_skip_dag.py
[2023-09-22T09:21:56.847+0800] {processor.py:839} INFO - DAG(s) dict_keys(['example_skip_dag']) retrieved from /opt/homebrew/lib/python3.11/site-packages/airflow/example_dags/example_skip_dag.py
[2023-09-22T09:21:56.947+0800] {logging_mixin.py:151} INFO - [2023-09-22T09:21:56.947+0800] {dag.py:2915} INFO - Sync 1 DAGs
[2023-09-22T09:21:56.956+0800] {logging_mixin.py:151} INFO - [2023-09-22T09:21:56.956+0800] {dag.py:3696} INFO - Setting next_dagrun for example_skip_dag to 2023-09-21T01:21:56.955917+00:00, run_after=2023-09-22T01:21:56.955917+00:00
[2023-09-22T09:21:56.967+0800] {processor.py:179} INFO - Processing /opt/homebrew/lib/python3.11/site-packages/airflow/example_dags/example_skip_dag.py took 0.136 seconds
[2023-09-22T09:23:42.347+0800] {processor.py:157} INFO - Started process (PID=73108) to work on /opt/homebrew/lib/python3.11/site-packages/airflow/example_dags/example_skip_dag.py
[2023-09-22T09:23:42.347+0800] {processor.py:829} INFO - Processing file /opt/homebrew/lib/python3.11/site-packages/airflow/example_dags/example_skip_dag.py for tasks to queue
[2023-09-22T09:23:42.347+0800] {logging_mixin.py:151} INFO - [2023-09-22T09:23:42.347+0800] {dagbag.py:539} INFO - Filling up the DagBag from /opt/homebrew/lib/python3.11/site-packages/airflow/example_dags/example_skip_dag.py
[2023-09-22T09:23:42.363+0800] {processor.py:839} INFO - DAG(s) dict_keys(['example_skip_dag']) retrieved from /opt/homebrew/lib/python3.11/site-packages/airflow/example_dags/example_skip_dag.py
[2023-09-22T09:23:42.458+0800] {logging_mixin.py:151} INFO - [2023-09-22T09:23:42.457+0800] {dag.py:2915} INFO - Sync 1 DAGs
[2023-09-22T09:23:42.466+0800] {logging_mixin.py:151} INFO - [2023-09-22T09:23:42.466+0800] {dag.py:3696} INFO - Setting next_dagrun for example_skip_dag to 2023-09-21T01:23:42.466188+00:00, run_after=2023-09-22T01:23:42.466188+00:00
[2023-09-22T09:23:42.477+0800] {processor.py:179} INFO - Processing /opt/homebrew/lib/python3.11/site-packages/airflow/example_dags/example_skip_dag.py took 0.131 seconds
[2023-09-22T09:25:17.759+0800] {processor.py:157} INFO - Started process (PID=73280) to work on /opt/homebrew/lib/python3.11/site-packages/airflow/example_dags/example_skip_dag.py
[2023-09-22T09:25:17.759+0800] {processor.py:829} INFO - Processing file /opt/homebrew/lib/python3.11/site-packages/airflow/example_dags/example_skip_dag.py for tasks to queue
[2023-09-22T09:25:17.760+0800] {logging_mixin.py:151} INFO - [2023-09-22T09:25:17.760+0800] {dagbag.py:539} INFO - Filling up the DagBag from /opt/homebrew/lib/python3.11/site-packages/airflow/example_dags/example_skip_dag.py
[2023-09-22T09:25:17.775+0800] {processor.py:839} INFO - DAG(s) dict_keys(['example_skip_dag']) retrieved from /opt/homebrew/lib/python3.11/site-packages/airflow/example_dags/example_skip_dag.py
[2023-09-22T09:25:17.870+0800] {logging_mixin.py:151} INFO - [2023-09-22T09:25:17.870+0800] {dag.py:2915} INFO - Sync 1 DAGs
[2023-09-22T09:25:17.878+0800] {logging_mixin.py:151} INFO - [2023-09-22T09:25:17.878+0800] {dag.py:3696} INFO - Setting next_dagrun for example_skip_dag to 2023-09-21T01:25:17.878639+00:00, run_after=2023-09-22T01:25:17.878639+00:00
[2023-09-22T09:25:17.889+0800] {processor.py:179} INFO - Processing /opt/homebrew/lib/python3.11/site-packages/airflow/example_dags/example_skip_dag.py took 0.131 seconds
[2023-09-22T09:27:07.480+0800] {processor.py:157} INFO - Started process (PID=73471) to work on /opt/homebrew/lib/python3.11/site-packages/airflow/example_dags/example_skip_dag.py
[2023-09-22T09:27:07.480+0800] {processor.py:829} INFO - Processing file /opt/homebrew/lib/python3.11/site-packages/airflow/example_dags/example_skip_dag.py for tasks to queue
[2023-09-22T09:27:07.480+0800] {logging_mixin.py:151} INFO - [2023-09-22T09:27:07.480+0800] {dagbag.py:539} INFO - Filling up the DagBag from /opt/homebrew/lib/python3.11/site-packages/airflow/example_dags/example_skip_dag.py
[2023-09-22T09:27:07.496+0800] {processor.py:839} INFO - DAG(s) dict_keys(['example_skip_dag']) retrieved from /opt/homebrew/lib/python3.11/site-packages/airflow/example_dags/example_skip_dag.py
[2023-09-22T09:27:07.591+0800] {logging_mixin.py:151} INFO - [2023-09-22T09:27:07.591+0800] {dag.py:2915} INFO - Sync 1 DAGs
[2023-09-22T09:27:07.599+0800] {logging_mixin.py:151} INFO - [2023-09-22T09:27:07.599+0800] {dag.py:3696} INFO - Setting next_dagrun for example_skip_dag to 2023-09-21T01:27:07.599413+00:00, run_after=2023-09-22T01:27:07.599413+00:00
[2023-09-22T09:27:07.610+0800] {processor.py:179} INFO - Processing /opt/homebrew/lib/python3.11/site-packages/airflow/example_dags/example_skip_dag.py took 0.131 seconds
[2023-09-22T09:28:56.326+0800] {processor.py:157} INFO - Started process (PID=73697) to work on /opt/homebrew/lib/python3.11/site-packages/airflow/example_dags/example_skip_dag.py
[2023-09-22T09:28:56.326+0800] {processor.py:829} INFO - Processing file /opt/homebrew/lib/python3.11/site-packages/airflow/example_dags/example_skip_dag.py for tasks to queue
[2023-09-22T09:28:56.327+0800] {logging_mixin.py:151} INFO - [2023-09-22T09:28:56.327+0800] {dagbag.py:539} INFO - Filling up the DagBag from /opt/homebrew/lib/python3.11/site-packages/airflow/example_dags/example_skip_dag.py
[2023-09-22T09:28:56.342+0800] {processor.py:839} INFO - DAG(s) dict_keys(['example_skip_dag']) retrieved from /opt/homebrew/lib/python3.11/site-packages/airflow/example_dags/example_skip_dag.py
[2023-09-22T09:28:56.437+0800] {logging_mixin.py:151} INFO - [2023-09-22T09:28:56.437+0800] {dag.py:2915} INFO - Sync 1 DAGs
[2023-09-22T09:28:56.445+0800] {logging_mixin.py:151} INFO - [2023-09-22T09:28:56.445+0800] {dag.py:3696} INFO - Setting next_dagrun for example_skip_dag to 2023-09-21T01:28:56.445275+00:00, run_after=2023-09-22T01:28:56.445275+00:00
[2023-09-22T09:28:56.456+0800] {processor.py:179} INFO - Processing /opt/homebrew/lib/python3.11/site-packages/airflow/example_dags/example_skip_dag.py took 0.130 seconds
[2023-09-22T09:30:37.166+0800] {processor.py:157} INFO - Started process (PID=73876) to work on /opt/homebrew/lib/python3.11/site-packages/airflow/example_dags/example_skip_dag.py
[2023-09-22T09:30:37.167+0800] {processor.py:829} INFO - Processing file /opt/homebrew/lib/python3.11/site-packages/airflow/example_dags/example_skip_dag.py for tasks to queue
[2023-09-22T09:30:37.167+0800] {logging_mixin.py:151} INFO - [2023-09-22T09:30:37.167+0800] {dagbag.py:539} INFO - Filling up the DagBag from /opt/homebrew/lib/python3.11/site-packages/airflow/example_dags/example_skip_dag.py
[2023-09-22T09:30:37.182+0800] {processor.py:839} INFO - DAG(s) dict_keys(['example_skip_dag']) retrieved from /opt/homebrew/lib/python3.11/site-packages/airflow/example_dags/example_skip_dag.py
[2023-09-22T09:30:37.277+0800] {logging_mixin.py:151} INFO - [2023-09-22T09:30:37.277+0800] {dag.py:2915} INFO - Sync 1 DAGs
[2023-09-22T09:30:37.286+0800] {logging_mixin.py:151} INFO - [2023-09-22T09:30:37.286+0800] {dag.py:3696} INFO - Setting next_dagrun for example_skip_dag to 2023-09-21T01:30:37.286025+00:00, run_after=2023-09-22T01:30:37.286025+00:00
[2023-09-22T09:30:37.297+0800] {processor.py:179} INFO - Processing /opt/homebrew/lib/python3.11/site-packages/airflow/example_dags/example_skip_dag.py took 0.131 seconds
[2023-09-22T09:32:20.610+0800] {processor.py:157} INFO - Started process (PID=74058) to work on /opt/homebrew/lib/python3.11/site-packages/airflow/example_dags/example_skip_dag.py
[2023-09-22T09:32:20.610+0800] {processor.py:829} INFO - Processing file /opt/homebrew/lib/python3.11/site-packages/airflow/example_dags/example_skip_dag.py for tasks to queue
[2023-09-22T09:32:20.610+0800] {logging_mixin.py:151} INFO - [2023-09-22T09:32:20.610+0800] {dagbag.py:539} INFO - Filling up the DagBag from /opt/homebrew/lib/python3.11/site-packages/airflow/example_dags/example_skip_dag.py
[2023-09-22T09:32:20.626+0800] {processor.py:839} INFO - DAG(s) dict_keys(['example_skip_dag']) retrieved from /opt/homebrew/lib/python3.11/site-packages/airflow/example_dags/example_skip_dag.py
[2023-09-22T09:32:20.722+0800] {logging_mixin.py:151} INFO - [2023-09-22T09:32:20.722+0800] {dag.py:2915} INFO - Sync 1 DAGs
[2023-09-22T09:32:20.731+0800] {logging_mixin.py:151} INFO - [2023-09-22T09:32:20.730+0800] {dag.py:3696} INFO - Setting next_dagrun for example_skip_dag to 2023-09-21T01:32:20.730876+00:00, run_after=2023-09-22T01:32:20.730876+00:00
[2023-09-22T09:32:20.742+0800] {processor.py:179} INFO - Processing /opt/homebrew/lib/python3.11/site-packages/airflow/example_dags/example_skip_dag.py took 0.133 seconds
[2023-09-22T09:34:04.452+0800] {processor.py:157} INFO - Started process (PID=74259) to work on /opt/homebrew/lib/python3.11/site-packages/airflow/example_dags/example_skip_dag.py
[2023-09-22T09:34:04.453+0800] {processor.py:829} INFO - Processing file /opt/homebrew/lib/python3.11/site-packages/airflow/example_dags/example_skip_dag.py for tasks to queue
[2023-09-22T09:34:04.453+0800] {logging_mixin.py:151} INFO - [2023-09-22T09:34:04.453+0800] {dagbag.py:539} INFO - Filling up the DagBag from /opt/homebrew/lib/python3.11/site-packages/airflow/example_dags/example_skip_dag.py
[2023-09-22T09:34:04.468+0800] {processor.py:839} INFO - DAG(s) dict_keys(['example_skip_dag']) retrieved from /opt/homebrew/lib/python3.11/site-packages/airflow/example_dags/example_skip_dag.py
[2023-09-22T09:34:04.564+0800] {logging_mixin.py:151} INFO - [2023-09-22T09:34:04.564+0800] {dag.py:2915} INFO - Sync 1 DAGs
[2023-09-22T09:34:04.572+0800] {logging_mixin.py:151} INFO - [2023-09-22T09:34:04.572+0800] {dag.py:3696} INFO - Setting next_dagrun for example_skip_dag to 2023-09-21T01:34:04.572408+00:00, run_after=2023-09-22T01:34:04.572408+00:00
[2023-09-22T09:34:04.586+0800] {processor.py:179} INFO - Processing /opt/homebrew/lib/python3.11/site-packages/airflow/example_dags/example_skip_dag.py took 0.134 seconds
[2023-09-22T09:35:53.423+0800] {processor.py:157} INFO - Started process (PID=74507) to work on /opt/homebrew/lib/python3.11/site-packages/airflow/example_dags/example_skip_dag.py
[2023-09-22T09:35:53.424+0800] {processor.py:829} INFO - Processing file /opt/homebrew/lib/python3.11/site-packages/airflow/example_dags/example_skip_dag.py for tasks to queue
[2023-09-22T09:35:53.424+0800] {logging_mixin.py:151} INFO - [2023-09-22T09:35:53.424+0800] {dagbag.py:539} INFO - Filling up the DagBag from /opt/homebrew/lib/python3.11/site-packages/airflow/example_dags/example_skip_dag.py
[2023-09-22T09:35:53.439+0800] {processor.py:839} INFO - DAG(s) dict_keys(['example_skip_dag']) retrieved from /opt/homebrew/lib/python3.11/site-packages/airflow/example_dags/example_skip_dag.py
[2023-09-22T09:35:53.534+0800] {logging_mixin.py:151} INFO - [2023-09-22T09:35:53.534+0800] {dag.py:2915} INFO - Sync 1 DAGs
[2023-09-22T09:35:53.542+0800] {logging_mixin.py:151} INFO - [2023-09-22T09:35:53.542+0800] {dag.py:3696} INFO - Setting next_dagrun for example_skip_dag to 2023-09-21T01:35:53.542671+00:00, run_after=2023-09-22T01:35:53.542671+00:00
[2023-09-22T09:35:53.553+0800] {processor.py:179} INFO - Processing /opt/homebrew/lib/python3.11/site-packages/airflow/example_dags/example_skip_dag.py took 0.130 seconds
[2023-09-22T09:37:36.745+0800] {processor.py:157} INFO - Started process (PID=74698) to work on /opt/homebrew/lib/python3.11/site-packages/airflow/example_dags/example_skip_dag.py
[2023-09-22T09:37:36.746+0800] {processor.py:829} INFO - Processing file /opt/homebrew/lib/python3.11/site-packages/airflow/example_dags/example_skip_dag.py for tasks to queue
[2023-09-22T09:37:36.746+0800] {logging_mixin.py:151} INFO - [2023-09-22T09:37:36.746+0800] {dagbag.py:539} INFO - Filling up the DagBag from /opt/homebrew/lib/python3.11/site-packages/airflow/example_dags/example_skip_dag.py
[2023-09-22T09:37:36.761+0800] {processor.py:839} INFO - DAG(s) dict_keys(['example_skip_dag']) retrieved from /opt/homebrew/lib/python3.11/site-packages/airflow/example_dags/example_skip_dag.py
[2023-09-22T09:37:36.856+0800] {logging_mixin.py:151} INFO - [2023-09-22T09:37:36.856+0800] {dag.py:2915} INFO - Sync 1 DAGs
[2023-09-22T09:37:36.864+0800] {logging_mixin.py:151} INFO - [2023-09-22T09:37:36.864+0800] {dag.py:3696} INFO - Setting next_dagrun for example_skip_dag to 2023-09-21T01:37:36.864814+00:00, run_after=2023-09-22T01:37:36.864814+00:00
[2023-09-22T09:37:36.875+0800] {processor.py:179} INFO - Processing /opt/homebrew/lib/python3.11/site-packages/airflow/example_dags/example_skip_dag.py took 0.130 seconds
[2023-09-22T09:39:21.423+0800] {processor.py:157} INFO - Started process (PID=74895) to work on /opt/homebrew/lib/python3.11/site-packages/airflow/example_dags/example_skip_dag.py
[2023-09-22T09:39:21.423+0800] {processor.py:829} INFO - Processing file /opt/homebrew/lib/python3.11/site-packages/airflow/example_dags/example_skip_dag.py for tasks to queue
[2023-09-22T09:39:21.424+0800] {logging_mixin.py:151} INFO - [2023-09-22T09:39:21.424+0800] {dagbag.py:539} INFO - Filling up the DagBag from /opt/homebrew/lib/python3.11/site-packages/airflow/example_dags/example_skip_dag.py
[2023-09-22T09:39:21.439+0800] {processor.py:839} INFO - DAG(s) dict_keys(['example_skip_dag']) retrieved from /opt/homebrew/lib/python3.11/site-packages/airflow/example_dags/example_skip_dag.py
[2023-09-22T09:39:21.534+0800] {logging_mixin.py:151} INFO - [2023-09-22T09:39:21.534+0800] {dag.py:2915} INFO - Sync 1 DAGs
[2023-09-22T09:39:21.542+0800] {logging_mixin.py:151} INFO - [2023-09-22T09:39:21.542+0800] {dag.py:3696} INFO - Setting next_dagrun for example_skip_dag to 2023-09-21T01:39:21.542624+00:00, run_after=2023-09-22T01:39:21.542624+00:00
[2023-09-22T09:39:21.553+0800] {processor.py:179} INFO - Processing /opt/homebrew/lib/python3.11/site-packages/airflow/example_dags/example_skip_dag.py took 0.131 seconds
[2023-09-22T09:41:08.621+0800] {processor.py:157} INFO - Started process (PID=75085) to work on /opt/homebrew/lib/python3.11/site-packages/airflow/example_dags/example_skip_dag.py
[2023-09-22T09:41:08.621+0800] {processor.py:829} INFO - Processing file /opt/homebrew/lib/python3.11/site-packages/airflow/example_dags/example_skip_dag.py for tasks to queue
[2023-09-22T09:41:08.621+0800] {logging_mixin.py:151} INFO - [2023-09-22T09:41:08.621+0800] {dagbag.py:539} INFO - Filling up the DagBag from /opt/homebrew/lib/python3.11/site-packages/airflow/example_dags/example_skip_dag.py
[2023-09-22T09:41:08.637+0800] {processor.py:839} INFO - DAG(s) dict_keys(['example_skip_dag']) retrieved from /opt/homebrew/lib/python3.11/site-packages/airflow/example_dags/example_skip_dag.py
[2023-09-22T09:41:08.733+0800] {logging_mixin.py:151} INFO - [2023-09-22T09:41:08.733+0800] {dag.py:2915} INFO - Sync 1 DAGs
[2023-09-22T09:41:08.742+0800] {logging_mixin.py:151} INFO - [2023-09-22T09:41:08.742+0800] {dag.py:3696} INFO - Setting next_dagrun for example_skip_dag to 2023-09-21T01:41:08.741945+00:00, run_after=2023-09-22T01:41:08.741945+00:00
[2023-09-22T09:41:08.753+0800] {processor.py:179} INFO - Processing /opt/homebrew/lib/python3.11/site-packages/airflow/example_dags/example_skip_dag.py took 0.133 seconds
[2023-09-22T10:48:37.006+0800] {processor.py:157} INFO - Started process (PID=75349) to work on /opt/homebrew/lib/python3.11/site-packages/airflow/example_dags/example_skip_dag.py
[2023-09-22T10:48:37.008+0800] {processor.py:829} INFO - Processing file /opt/homebrew/lib/python3.11/site-packages/airflow/example_dags/example_skip_dag.py for tasks to queue
[2023-09-22T10:48:37.008+0800] {logging_mixin.py:151} INFO - [2023-09-22T10:48:37.008+0800] {dagbag.py:539} INFO - Filling up the DagBag from /opt/homebrew/lib/python3.11/site-packages/airflow/example_dags/example_skip_dag.py
[2023-09-22T10:48:37.026+0800] {processor.py:839} INFO - DAG(s) dict_keys(['example_skip_dag']) retrieved from /opt/homebrew/lib/python3.11/site-packages/airflow/example_dags/example_skip_dag.py
[2023-09-22T10:48:37.125+0800] {logging_mixin.py:151} INFO - [2023-09-22T10:48:37.125+0800] {dag.py:2915} INFO - Sync 1 DAGs
[2023-09-22T10:48:37.134+0800] {logging_mixin.py:151} INFO - [2023-09-22T10:48:37.134+0800] {dag.py:3696} INFO - Setting next_dagrun for example_skip_dag to 2023-09-21T02:48:37.133940+00:00, run_after=2023-09-22T02:48:37.133940+00:00
[2023-09-22T10:48:37.145+0800] {processor.py:179} INFO - Processing /opt/homebrew/lib/python3.11/site-packages/airflow/example_dags/example_skip_dag.py took 0.139 seconds
[2023-09-22T12:46:14.652+0800] {processor.py:157} INFO - Started process (PID=75569) to work on /opt/homebrew/lib/python3.11/site-packages/airflow/example_dags/example_skip_dag.py
[2023-09-22T12:46:14.653+0800] {processor.py:829} INFO - Processing file /opt/homebrew/lib/python3.11/site-packages/airflow/example_dags/example_skip_dag.py for tasks to queue
[2023-09-22T12:46:14.653+0800] {logging_mixin.py:151} INFO - [2023-09-22T12:46:14.653+0800] {dagbag.py:539} INFO - Filling up the DagBag from /opt/homebrew/lib/python3.11/site-packages/airflow/example_dags/example_skip_dag.py
[2023-09-22T12:46:14.668+0800] {processor.py:839} INFO - DAG(s) dict_keys(['example_skip_dag']) retrieved from /opt/homebrew/lib/python3.11/site-packages/airflow/example_dags/example_skip_dag.py
[2023-09-22T12:46:14.764+0800] {logging_mixin.py:151} INFO - [2023-09-22T12:46:14.764+0800] {dag.py:2915} INFO - Sync 1 DAGs
[2023-09-22T12:46:14.773+0800] {logging_mixin.py:151} INFO - [2023-09-22T12:46:14.773+0800] {dag.py:3696} INFO - Setting next_dagrun for example_skip_dag to 2023-09-21T04:46:14.772924+00:00, run_after=2023-09-22T04:46:14.772924+00:00
[2023-09-22T12:46:14.784+0800] {processor.py:179} INFO - Processing /opt/homebrew/lib/python3.11/site-packages/airflow/example_dags/example_skip_dag.py took 0.133 seconds
[2023-09-22T16:05:31.194+0800] {processor.py:157} INFO - Started process (PID=75885) to work on /opt/homebrew/lib/python3.11/site-packages/airflow/example_dags/example_skip_dag.py
[2023-09-22T16:05:31.195+0800] {processor.py:829} INFO - Processing file /opt/homebrew/lib/python3.11/site-packages/airflow/example_dags/example_skip_dag.py for tasks to queue
[2023-09-22T16:05:31.195+0800] {logging_mixin.py:151} INFO - [2023-09-22T16:05:31.195+0800] {dagbag.py:539} INFO - Filling up the DagBag from /opt/homebrew/lib/python3.11/site-packages/airflow/example_dags/example_skip_dag.py
[2023-09-22T16:05:31.211+0800] {processor.py:839} INFO - DAG(s) dict_keys(['example_skip_dag']) retrieved from /opt/homebrew/lib/python3.11/site-packages/airflow/example_dags/example_skip_dag.py
[2023-09-22T16:05:31.691+0800] {logging_mixin.py:151} INFO - [2023-09-22T16:05:31.691+0800] {security.py:708} INFO - Not syncing DAG-level permissions for DAG 'DAG:example_skip_dag' as access control is unset.
[2023-09-22T16:05:31.691+0800] {logging_mixin.py:151} INFO - [2023-09-22T16:05:31.691+0800] {dag.py:2915} INFO - Sync 1 DAGs
[2023-09-22T16:05:31.699+0800] {logging_mixin.py:151} INFO - [2023-09-22T16:05:31.699+0800] {dag.py:3696} INFO - Setting next_dagrun for example_skip_dag to 2023-09-21T08:05:31.699566+00:00, run_after=2023-09-22T08:05:31.699566+00:00
[2023-09-22T16:05:31.711+0800] {processor.py:179} INFO - Processing /opt/homebrew/lib/python3.11/site-packages/airflow/example_dags/example_skip_dag.py took 0.517 seconds
[2023-09-22T18:54:18.010+0800] {processor.py:157} INFO - Started process (PID=76229) to work on /opt/homebrew/lib/python3.11/site-packages/airflow/example_dags/example_skip_dag.py
[2023-09-22T18:54:18.011+0800] {processor.py:829} INFO - Processing file /opt/homebrew/lib/python3.11/site-packages/airflow/example_dags/example_skip_dag.py for tasks to queue
[2023-09-22T18:54:18.012+0800] {logging_mixin.py:151} INFO - [2023-09-22T18:54:18.012+0800] {dagbag.py:539} INFO - Filling up the DagBag from /opt/homebrew/lib/python3.11/site-packages/airflow/example_dags/example_skip_dag.py
[2023-09-22T18:54:18.027+0800] {processor.py:839} INFO - DAG(s) dict_keys(['example_skip_dag']) retrieved from /opt/homebrew/lib/python3.11/site-packages/airflow/example_dags/example_skip_dag.py
[2023-09-22T18:54:18.536+0800] {logging_mixin.py:151} INFO - [2023-09-22T18:54:18.536+0800] {security.py:708} INFO - Not syncing DAG-level permissions for DAG 'DAG:example_skip_dag' as access control is unset.
[2023-09-22T18:54:18.536+0800] {logging_mixin.py:151} INFO - [2023-09-22T18:54:18.536+0800] {dag.py:2915} INFO - Sync 1 DAGs
[2023-09-22T18:54:18.544+0800] {logging_mixin.py:151} INFO - [2023-09-22T18:54:18.544+0800] {dag.py:3696} INFO - Setting next_dagrun for example_skip_dag to 2023-09-21T10:54:18.544385+00:00, run_after=2023-09-22T10:54:18.544385+00:00
[2023-09-22T18:54:18.555+0800] {processor.py:179} INFO - Processing /opt/homebrew/lib/python3.11/site-packages/airflow/example_dags/example_skip_dag.py took 0.544 seconds
[2023-09-22T22:11:18.231+0800] {processor.py:157} INFO - Started process (PID=76527) to work on /opt/homebrew/lib/python3.11/site-packages/airflow/example_dags/example_skip_dag.py
[2023-09-22T22:11:18.232+0800] {processor.py:829} INFO - Processing file /opt/homebrew/lib/python3.11/site-packages/airflow/example_dags/example_skip_dag.py for tasks to queue
[2023-09-22T22:11:18.232+0800] {logging_mixin.py:151} INFO - [2023-09-22T22:11:18.232+0800] {dagbag.py:539} INFO - Filling up the DagBag from /opt/homebrew/lib/python3.11/site-packages/airflow/example_dags/example_skip_dag.py
[2023-09-22T22:11:18.248+0800] {processor.py:839} INFO - DAG(s) dict_keys(['example_skip_dag']) retrieved from /opt/homebrew/lib/python3.11/site-packages/airflow/example_dags/example_skip_dag.py
[2023-09-22T22:11:18.348+0800] {logging_mixin.py:151} INFO - [2023-09-22T22:11:18.348+0800] {dag.py:2915} INFO - Sync 1 DAGs
[2023-09-22T22:11:18.357+0800] {logging_mixin.py:151} INFO - [2023-09-22T22:11:18.357+0800] {dag.py:3696} INFO - Setting next_dagrun for example_skip_dag to 2023-09-21T14:11:18.357082+00:00, run_after=2023-09-22T14:11:18.357082+00:00
[2023-09-22T22:11:18.371+0800] {processor.py:179} INFO - Processing /opt/homebrew/lib/python3.11/site-packages/airflow/example_dags/example_skip_dag.py took 0.140 seconds
[2023-09-23T01:31:54.402+0800] {processor.py:157} INFO - Started process (PID=76895) to work on /opt/homebrew/lib/python3.11/site-packages/airflow/example_dags/example_skip_dag.py
[2023-09-23T01:31:54.403+0800] {processor.py:829} INFO - Processing file /opt/homebrew/lib/python3.11/site-packages/airflow/example_dags/example_skip_dag.py for tasks to queue
[2023-09-23T01:31:54.403+0800] {logging_mixin.py:151} INFO - [2023-09-23T01:31:54.403+0800] {dagbag.py:539} INFO - Filling up the DagBag from /opt/homebrew/lib/python3.11/site-packages/airflow/example_dags/example_skip_dag.py
[2023-09-23T01:31:54.418+0800] {processor.py:839} INFO - DAG(s) dict_keys(['example_skip_dag']) retrieved from /opt/homebrew/lib/python3.11/site-packages/airflow/example_dags/example_skip_dag.py
[2023-09-23T01:31:54.514+0800] {logging_mixin.py:151} INFO - [2023-09-23T01:31:54.514+0800] {dag.py:2915} INFO - Sync 1 DAGs
[2023-09-23T01:31:54.523+0800] {logging_mixin.py:151} INFO - [2023-09-23T01:31:54.522+0800] {dag.py:3696} INFO - Setting next_dagrun for example_skip_dag to 2023-09-21T17:31:54.522823+00:00, run_after=2023-09-22T17:31:54.522823+00:00
[2023-09-23T01:31:54.533+0800] {processor.py:179} INFO - Processing /opt/homebrew/lib/python3.11/site-packages/airflow/example_dags/example_skip_dag.py took 0.132 seconds
[2023-09-23T04:46:47.678+0800] {processor.py:157} INFO - Started process (PID=77264) to work on /opt/homebrew/lib/python3.11/site-packages/airflow/example_dags/example_skip_dag.py
[2023-09-23T04:46:47.679+0800] {processor.py:829} INFO - Processing file /opt/homebrew/lib/python3.11/site-packages/airflow/example_dags/example_skip_dag.py for tasks to queue
[2023-09-23T04:46:47.679+0800] {logging_mixin.py:151} INFO - [2023-09-23T04:46:47.679+0800] {dagbag.py:539} INFO - Filling up the DagBag from /opt/homebrew/lib/python3.11/site-packages/airflow/example_dags/example_skip_dag.py
[2023-09-23T04:46:47.694+0800] {processor.py:839} INFO - DAG(s) dict_keys(['example_skip_dag']) retrieved from /opt/homebrew/lib/python3.11/site-packages/airflow/example_dags/example_skip_dag.py
[2023-09-23T04:46:47.790+0800] {logging_mixin.py:151} INFO - [2023-09-23T04:46:47.790+0800] {dag.py:2915} INFO - Sync 1 DAGs
[2023-09-23T04:46:47.798+0800] {logging_mixin.py:151} INFO - [2023-09-23T04:46:47.798+0800] {dag.py:3696} INFO - Setting next_dagrun for example_skip_dag to 2023-09-21T20:46:47.798255+00:00, run_after=2023-09-22T20:46:47.798255+00:00
[2023-09-23T04:46:47.808+0800] {processor.py:179} INFO - Processing /opt/homebrew/lib/python3.11/site-packages/airflow/example_dags/example_skip_dag.py took 0.131 seconds
[2023-09-23T07:17:32.539+0800] {processor.py:157} INFO - Started process (PID=77529) to work on /opt/homebrew/lib/python3.11/site-packages/airflow/example_dags/example_skip_dag.py
[2023-09-23T07:17:32.540+0800] {processor.py:829} INFO - Processing file /opt/homebrew/lib/python3.11/site-packages/airflow/example_dags/example_skip_dag.py for tasks to queue
[2023-09-23T07:17:32.540+0800] {logging_mixin.py:151} INFO - [2023-09-23T07:17:32.540+0800] {dagbag.py:539} INFO - Filling up the DagBag from /opt/homebrew/lib/python3.11/site-packages/airflow/example_dags/example_skip_dag.py
[2023-09-23T07:17:32.556+0800] {processor.py:839} INFO - DAG(s) dict_keys(['example_skip_dag']) retrieved from /opt/homebrew/lib/python3.11/site-packages/airflow/example_dags/example_skip_dag.py
[2023-09-23T07:17:32.651+0800] {logging_mixin.py:151} INFO - [2023-09-23T07:17:32.651+0800] {dag.py:2915} INFO - Sync 1 DAGs
[2023-09-23T07:17:32.659+0800] {logging_mixin.py:151} INFO - [2023-09-23T07:17:32.659+0800] {dag.py:3696} INFO - Setting next_dagrun for example_skip_dag to 2023-09-21T23:17:32.659697+00:00, run_after=2023-09-22T23:17:32.659697+00:00
[2023-09-23T07:17:32.671+0800] {processor.py:179} INFO - Processing /opt/homebrew/lib/python3.11/site-packages/airflow/example_dags/example_skip_dag.py took 0.132 seconds
