[2023-09-22T08:01:34.107+0800] {processor.py:157} INFO - Started process (PID=64007) to work on /opt/homebrew/lib/python3.11/site-packages/airflow/example_dags/example_short_circuit_operator.py
[2023-09-22T08:01:34.108+0800] {processor.py:829} INFO - Processing file /opt/homebrew/lib/python3.11/site-packages/airflow/example_dags/example_short_circuit_operator.py for tasks to queue
[2023-09-22T08:01:34.108+0800] {logging_mixin.py:151} INFO - [2023-09-22T08:01:34.108+0800] {dagbag.py:539} INFO - Filling up the DagBag from /opt/homebrew/lib/python3.11/site-packages/airflow/example_dags/example_short_circuit_operator.py
[2023-09-22T08:01:34.131+0800] {processor.py:839} INFO - DAG(s) dict_keys(['example_short_circuit_operator']) retrieved from /opt/homebrew/lib/python3.11/site-packages/airflow/example_dags/example_short_circuit_operator.py
[2023-09-22T08:01:34.228+0800] {logging_mixin.py:151} INFO - [2023-09-22T08:01:34.228+0800] {dag.py:2915} INFO - Sync 1 DAGs
[2023-09-22T08:01:34.237+0800] {logging_mixin.py:151} INFO - [2023-09-22T08:01:34.237+0800] {dag.py:3696} INFO - Setting next_dagrun for example_short_circuit_operator to 2023-09-21T00:01:34.237606+00:00, run_after=2023-09-22T00:01:34.237606+00:00
[2023-09-22T08:01:34.247+0800] {processor.py:179} INFO - Processing /opt/homebrew/lib/python3.11/site-packages/airflow/example_dags/example_short_circuit_operator.py took 0.140 seconds
[2023-09-22T08:03:22.751+0800] {processor.py:157} INFO - Started process (PID=64205) to work on /opt/homebrew/lib/python3.11/site-packages/airflow/example_dags/example_short_circuit_operator.py
[2023-09-22T08:03:22.752+0800] {processor.py:829} INFO - Processing file /opt/homebrew/lib/python3.11/site-packages/airflow/example_dags/example_short_circuit_operator.py for tasks to queue
[2023-09-22T08:03:22.752+0800] {logging_mixin.py:151} INFO - [2023-09-22T08:03:22.752+0800] {dagbag.py:539} INFO - Filling up the DagBag from /opt/homebrew/lib/python3.11/site-packages/airflow/example_dags/example_short_circuit_operator.py
[2023-09-22T08:03:22.775+0800] {processor.py:839} INFO - DAG(s) dict_keys(['example_short_circuit_operator']) retrieved from /opt/homebrew/lib/python3.11/site-packages/airflow/example_dags/example_short_circuit_operator.py
[2023-09-22T08:03:22.871+0800] {logging_mixin.py:151} INFO - [2023-09-22T08:03:22.871+0800] {dag.py:2915} INFO - Sync 1 DAGs
[2023-09-22T08:03:22.880+0800] {logging_mixin.py:151} INFO - [2023-09-22T08:03:22.880+0800] {dag.py:3696} INFO - Setting next_dagrun for example_short_circuit_operator to 2023-09-21T00:03:22.880650+00:00, run_after=2023-09-22T00:03:22.880650+00:00
[2023-09-22T08:03:22.890+0800] {processor.py:179} INFO - Processing /opt/homebrew/lib/python3.11/site-packages/airflow/example_dags/example_short_circuit_operator.py took 0.140 seconds
[2023-09-22T08:05:04.354+0800] {processor.py:157} INFO - Started process (PID=64470) to work on /opt/homebrew/lib/python3.11/site-packages/airflow/example_dags/example_short_circuit_operator.py
[2023-09-22T08:05:04.354+0800] {processor.py:829} INFO - Processing file /opt/homebrew/lib/python3.11/site-packages/airflow/example_dags/example_short_circuit_operator.py for tasks to queue
[2023-09-22T08:05:04.355+0800] {logging_mixin.py:151} INFO - [2023-09-22T08:05:04.355+0800] {dagbag.py:539} INFO - Filling up the DagBag from /opt/homebrew/lib/python3.11/site-packages/airflow/example_dags/example_short_circuit_operator.py
[2023-09-22T08:05:04.378+0800] {processor.py:839} INFO - DAG(s) dict_keys(['example_short_circuit_operator']) retrieved from /opt/homebrew/lib/python3.11/site-packages/airflow/example_dags/example_short_circuit_operator.py
[2023-09-22T08:05:04.474+0800] {logging_mixin.py:151} INFO - [2023-09-22T08:05:04.474+0800] {dag.py:2915} INFO - Sync 1 DAGs
[2023-09-22T08:05:04.483+0800] {logging_mixin.py:151} INFO - [2023-09-22T08:05:04.483+0800] {dag.py:3696} INFO - Setting next_dagrun for example_short_circuit_operator to 2023-09-21T00:05:04.483569+00:00, run_after=2023-09-22T00:05:04.483569+00:00
[2023-09-22T08:05:04.494+0800] {processor.py:179} INFO - Processing /opt/homebrew/lib/python3.11/site-packages/airflow/example_dags/example_short_circuit_operator.py took 0.140 seconds
[2023-09-22T08:06:50.469+0800] {processor.py:157} INFO - Started process (PID=64659) to work on /opt/homebrew/lib/python3.11/site-packages/airflow/example_dags/example_short_circuit_operator.py
[2023-09-22T08:06:50.469+0800] {processor.py:829} INFO - Processing file /opt/homebrew/lib/python3.11/site-packages/airflow/example_dags/example_short_circuit_operator.py for tasks to queue
[2023-09-22T08:06:50.469+0800] {logging_mixin.py:151} INFO - [2023-09-22T08:06:50.469+0800] {dagbag.py:539} INFO - Filling up the DagBag from /opt/homebrew/lib/python3.11/site-packages/airflow/example_dags/example_short_circuit_operator.py
[2023-09-22T08:06:50.492+0800] {processor.py:839} INFO - DAG(s) dict_keys(['example_short_circuit_operator']) retrieved from /opt/homebrew/lib/python3.11/site-packages/airflow/example_dags/example_short_circuit_operator.py
[2023-09-22T08:06:50.589+0800] {logging_mixin.py:151} INFO - [2023-09-22T08:06:50.589+0800] {dag.py:2915} INFO - Sync 1 DAGs
[2023-09-22T08:06:50.598+0800] {logging_mixin.py:151} INFO - [2023-09-22T08:06:50.598+0800] {dag.py:3696} INFO - Setting next_dagrun for example_short_circuit_operator to 2023-09-21T00:06:50.598193+00:00, run_after=2023-09-22T00:06:50.598193+00:00
[2023-09-22T08:06:50.608+0800] {processor.py:179} INFO - Processing /opt/homebrew/lib/python3.11/site-packages/airflow/example_dags/example_short_circuit_operator.py took 0.140 seconds
[2023-09-22T08:08:36.042+0800] {processor.py:157} INFO - Started process (PID=64849) to work on /opt/homebrew/lib/python3.11/site-packages/airflow/example_dags/example_short_circuit_operator.py
[2023-09-22T08:08:36.043+0800] {processor.py:829} INFO - Processing file /opt/homebrew/lib/python3.11/site-packages/airflow/example_dags/example_short_circuit_operator.py for tasks to queue
[2023-09-22T08:08:36.043+0800] {logging_mixin.py:151} INFO - [2023-09-22T08:08:36.043+0800] {dagbag.py:539} INFO - Filling up the DagBag from /opt/homebrew/lib/python3.11/site-packages/airflow/example_dags/example_short_circuit_operator.py
[2023-09-22T08:08:36.066+0800] {processor.py:839} INFO - DAG(s) dict_keys(['example_short_circuit_operator']) retrieved from /opt/homebrew/lib/python3.11/site-packages/airflow/example_dags/example_short_circuit_operator.py
[2023-09-22T08:08:36.163+0800] {logging_mixin.py:151} INFO - [2023-09-22T08:08:36.162+0800] {dag.py:2915} INFO - Sync 1 DAGs
[2023-09-22T08:08:36.172+0800] {logging_mixin.py:151} INFO - [2023-09-22T08:08:36.171+0800] {dag.py:3696} INFO - Setting next_dagrun for example_short_circuit_operator to 2023-09-21T00:08:36.171866+00:00, run_after=2023-09-22T00:08:36.171866+00:00
[2023-09-22T08:08:36.182+0800] {processor.py:179} INFO - Processing /opt/homebrew/lib/python3.11/site-packages/airflow/example_dags/example_short_circuit_operator.py took 0.140 seconds
[2023-09-22T08:10:25.923+0800] {processor.py:157} INFO - Started process (PID=65037) to work on /opt/homebrew/lib/python3.11/site-packages/airflow/example_dags/example_short_circuit_operator.py
[2023-09-22T08:10:25.924+0800] {processor.py:829} INFO - Processing file /opt/homebrew/lib/python3.11/site-packages/airflow/example_dags/example_short_circuit_operator.py for tasks to queue
[2023-09-22T08:10:25.924+0800] {logging_mixin.py:151} INFO - [2023-09-22T08:10:25.924+0800] {dagbag.py:539} INFO - Filling up the DagBag from /opt/homebrew/lib/python3.11/site-packages/airflow/example_dags/example_short_circuit_operator.py
[2023-09-22T08:10:25.947+0800] {processor.py:839} INFO - DAG(s) dict_keys(['example_short_circuit_operator']) retrieved from /opt/homebrew/lib/python3.11/site-packages/airflow/example_dags/example_short_circuit_operator.py
[2023-09-22T08:10:26.044+0800] {logging_mixin.py:151} INFO - [2023-09-22T08:10:26.044+0800] {dag.py:2915} INFO - Sync 1 DAGs
[2023-09-22T08:10:26.053+0800] {logging_mixin.py:151} INFO - [2023-09-22T08:10:26.053+0800] {dag.py:3696} INFO - Setting next_dagrun for example_short_circuit_operator to 2023-09-21T00:10:26.053231+00:00, run_after=2023-09-22T00:10:26.053231+00:00
[2023-09-22T08:10:26.063+0800] {processor.py:179} INFO - Processing /opt/homebrew/lib/python3.11/site-packages/airflow/example_dags/example_short_circuit_operator.py took 0.140 seconds
[2023-09-22T08:12:11.429+0800] {processor.py:157} INFO - Started process (PID=65230) to work on /opt/homebrew/lib/python3.11/site-packages/airflow/example_dags/example_short_circuit_operator.py
[2023-09-22T08:12:11.429+0800] {processor.py:829} INFO - Processing file /opt/homebrew/lib/python3.11/site-packages/airflow/example_dags/example_short_circuit_operator.py for tasks to queue
[2023-09-22T08:12:11.429+0800] {logging_mixin.py:151} INFO - [2023-09-22T08:12:11.429+0800] {dagbag.py:539} INFO - Filling up the DagBag from /opt/homebrew/lib/python3.11/site-packages/airflow/example_dags/example_short_circuit_operator.py
[2023-09-22T08:12:11.453+0800] {processor.py:839} INFO - DAG(s) dict_keys(['example_short_circuit_operator']) retrieved from /opt/homebrew/lib/python3.11/site-packages/airflow/example_dags/example_short_circuit_operator.py
[2023-09-22T08:12:11.549+0800] {logging_mixin.py:151} INFO - [2023-09-22T08:12:11.549+0800] {dag.py:2915} INFO - Sync 1 DAGs
[2023-09-22T08:12:11.558+0800] {logging_mixin.py:151} INFO - [2023-09-22T08:12:11.558+0800] {dag.py:3696} INFO - Setting next_dagrun for example_short_circuit_operator to 2023-09-21T00:12:11.558560+00:00, run_after=2023-09-22T00:12:11.558560+00:00
[2023-09-22T08:12:11.568+0800] {processor.py:179} INFO - Processing /opt/homebrew/lib/python3.11/site-packages/airflow/example_dags/example_short_circuit_operator.py took 0.140 seconds
[2023-09-22T08:13:57.642+0800] {processor.py:157} INFO - Started process (PID=65427) to work on /opt/homebrew/lib/python3.11/site-packages/airflow/example_dags/example_short_circuit_operator.py
[2023-09-22T08:13:57.642+0800] {processor.py:829} INFO - Processing file /opt/homebrew/lib/python3.11/site-packages/airflow/example_dags/example_short_circuit_operator.py for tasks to queue
[2023-09-22T08:13:57.642+0800] {logging_mixin.py:151} INFO - [2023-09-22T08:13:57.642+0800] {dagbag.py:539} INFO - Filling up the DagBag from /opt/homebrew/lib/python3.11/site-packages/airflow/example_dags/example_short_circuit_operator.py
[2023-09-22T08:13:57.666+0800] {processor.py:839} INFO - DAG(s) dict_keys(['example_short_circuit_operator']) retrieved from /opt/homebrew/lib/python3.11/site-packages/airflow/example_dags/example_short_circuit_operator.py
[2023-09-22T08:13:57.762+0800] {logging_mixin.py:151} INFO - [2023-09-22T08:13:57.762+0800] {dag.py:2915} INFO - Sync 1 DAGs
[2023-09-22T08:13:57.771+0800] {logging_mixin.py:151} INFO - [2023-09-22T08:13:57.771+0800] {dag.py:3696} INFO - Setting next_dagrun for example_short_circuit_operator to 2023-09-21T00:13:57.771181+00:00, run_after=2023-09-22T00:13:57.771181+00:00
[2023-09-22T08:13:57.781+0800] {processor.py:179} INFO - Processing /opt/homebrew/lib/python3.11/site-packages/airflow/example_dags/example_short_circuit_operator.py took 0.140 seconds
[2023-09-22T08:15:43.007+0800] {processor.py:157} INFO - Started process (PID=65611) to work on /opt/homebrew/lib/python3.11/site-packages/airflow/example_dags/example_short_circuit_operator.py
[2023-09-22T08:15:43.007+0800] {processor.py:829} INFO - Processing file /opt/homebrew/lib/python3.11/site-packages/airflow/example_dags/example_short_circuit_operator.py for tasks to queue
[2023-09-22T08:15:43.008+0800] {logging_mixin.py:151} INFO - [2023-09-22T08:15:43.008+0800] {dagbag.py:539} INFO - Filling up the DagBag from /opt/homebrew/lib/python3.11/site-packages/airflow/example_dags/example_short_circuit_operator.py
[2023-09-22T08:15:43.031+0800] {processor.py:839} INFO - DAG(s) dict_keys(['example_short_circuit_operator']) retrieved from /opt/homebrew/lib/python3.11/site-packages/airflow/example_dags/example_short_circuit_operator.py
[2023-09-22T08:15:43.127+0800] {logging_mixin.py:151} INFO - [2023-09-22T08:15:43.127+0800] {dag.py:2915} INFO - Sync 1 DAGs
[2023-09-22T08:15:43.136+0800] {logging_mixin.py:151} INFO - [2023-09-22T08:15:43.136+0800] {dag.py:3696} INFO - Setting next_dagrun for example_short_circuit_operator to 2023-09-21T00:15:43.136570+00:00, run_after=2023-09-22T00:15:43.136570+00:00
[2023-09-22T08:15:43.146+0800] {processor.py:179} INFO - Processing /opt/homebrew/lib/python3.11/site-packages/airflow/example_dags/example_short_circuit_operator.py took 0.140 seconds
[2023-09-22T08:17:27.945+0800] {processor.py:157} INFO - Started process (PID=65794) to work on /opt/homebrew/lib/python3.11/site-packages/airflow/example_dags/example_short_circuit_operator.py
[2023-09-22T08:17:27.946+0800] {processor.py:829} INFO - Processing file /opt/homebrew/lib/python3.11/site-packages/airflow/example_dags/example_short_circuit_operator.py for tasks to queue
[2023-09-22T08:17:27.946+0800] {logging_mixin.py:151} INFO - [2023-09-22T08:17:27.946+0800] {dagbag.py:539} INFO - Filling up the DagBag from /opt/homebrew/lib/python3.11/site-packages/airflow/example_dags/example_short_circuit_operator.py
[2023-09-22T08:17:27.969+0800] {processor.py:839} INFO - DAG(s) dict_keys(['example_short_circuit_operator']) retrieved from /opt/homebrew/lib/python3.11/site-packages/airflow/example_dags/example_short_circuit_operator.py
[2023-09-22T08:17:28.065+0800] {logging_mixin.py:151} INFO - [2023-09-22T08:17:28.065+0800] {dag.py:2915} INFO - Sync 1 DAGs
[2023-09-22T08:17:28.074+0800] {logging_mixin.py:151} INFO - [2023-09-22T08:17:28.074+0800] {dag.py:3696} INFO - Setting next_dagrun for example_short_circuit_operator to 2023-09-21T00:17:28.074524+00:00, run_after=2023-09-22T00:17:28.074524+00:00
[2023-09-22T08:17:28.084+0800] {processor.py:179} INFO - Processing /opt/homebrew/lib/python3.11/site-packages/airflow/example_dags/example_short_circuit_operator.py took 0.140 seconds
[2023-09-22T08:19:12.798+0800] {processor.py:157} INFO - Started process (PID=65985) to work on /opt/homebrew/lib/python3.11/site-packages/airflow/example_dags/example_short_circuit_operator.py
[2023-09-22T08:19:12.799+0800] {processor.py:829} INFO - Processing file /opt/homebrew/lib/python3.11/site-packages/airflow/example_dags/example_short_circuit_operator.py for tasks to queue
[2023-09-22T08:19:12.799+0800] {logging_mixin.py:151} INFO - [2023-09-22T08:19:12.799+0800] {dagbag.py:539} INFO - Filling up the DagBag from /opt/homebrew/lib/python3.11/site-packages/airflow/example_dags/example_short_circuit_operator.py
[2023-09-22T08:19:12.822+0800] {processor.py:839} INFO - DAG(s) dict_keys(['example_short_circuit_operator']) retrieved from /opt/homebrew/lib/python3.11/site-packages/airflow/example_dags/example_short_circuit_operator.py
[2023-09-22T08:19:12.919+0800] {logging_mixin.py:151} INFO - [2023-09-22T08:19:12.918+0800] {dag.py:2915} INFO - Sync 1 DAGs
[2023-09-22T08:19:12.928+0800] {logging_mixin.py:151} INFO - [2023-09-22T08:19:12.927+0800] {dag.py:3696} INFO - Setting next_dagrun for example_short_circuit_operator to 2023-09-21T00:19:12.927835+00:00, run_after=2023-09-22T00:19:12.927835+00:00
[2023-09-22T08:19:12.938+0800] {processor.py:179} INFO - Processing /opt/homebrew/lib/python3.11/site-packages/airflow/example_dags/example_short_circuit_operator.py took 0.140 seconds
[2023-09-22T08:21:02.464+0800] {processor.py:157} INFO - Started process (PID=66177) to work on /opt/homebrew/lib/python3.11/site-packages/airflow/example_dags/example_short_circuit_operator.py
[2023-09-22T08:21:02.464+0800] {processor.py:829} INFO - Processing file /opt/homebrew/lib/python3.11/site-packages/airflow/example_dags/example_short_circuit_operator.py for tasks to queue
[2023-09-22T08:21:02.464+0800] {logging_mixin.py:151} INFO - [2023-09-22T08:21:02.464+0800] {dagbag.py:539} INFO - Filling up the DagBag from /opt/homebrew/lib/python3.11/site-packages/airflow/example_dags/example_short_circuit_operator.py
[2023-09-22T08:21:02.487+0800] {processor.py:839} INFO - DAG(s) dict_keys(['example_short_circuit_operator']) retrieved from /opt/homebrew/lib/python3.11/site-packages/airflow/example_dags/example_short_circuit_operator.py
[2023-09-22T08:21:02.584+0800] {logging_mixin.py:151} INFO - [2023-09-22T08:21:02.584+0800] {dag.py:2915} INFO - Sync 1 DAGs
[2023-09-22T08:21:02.593+0800] {logging_mixin.py:151} INFO - [2023-09-22T08:21:02.593+0800] {dag.py:3696} INFO - Setting next_dagrun for example_short_circuit_operator to 2023-09-21T00:21:02.592993+00:00, run_after=2023-09-22T00:21:02.592993+00:00
[2023-09-22T08:21:02.603+0800] {processor.py:179} INFO - Processing /opt/homebrew/lib/python3.11/site-packages/airflow/example_dags/example_short_circuit_operator.py took 0.140 seconds
[2023-09-22T08:22:45.407+0800] {processor.py:157} INFO - Started process (PID=66358) to work on /opt/homebrew/lib/python3.11/site-packages/airflow/example_dags/example_short_circuit_operator.py
[2023-09-22T08:22:45.408+0800] {processor.py:829} INFO - Processing file /opt/homebrew/lib/python3.11/site-packages/airflow/example_dags/example_short_circuit_operator.py for tasks to queue
[2023-09-22T08:22:45.408+0800] {logging_mixin.py:151} INFO - [2023-09-22T08:22:45.408+0800] {dagbag.py:539} INFO - Filling up the DagBag from /opt/homebrew/lib/python3.11/site-packages/airflow/example_dags/example_short_circuit_operator.py
[2023-09-22T08:22:45.431+0800] {processor.py:839} INFO - DAG(s) dict_keys(['example_short_circuit_operator']) retrieved from /opt/homebrew/lib/python3.11/site-packages/airflow/example_dags/example_short_circuit_operator.py
[2023-09-22T08:22:45.528+0800] {logging_mixin.py:151} INFO - [2023-09-22T08:22:45.528+0800] {dag.py:2915} INFO - Sync 1 DAGs
[2023-09-22T08:22:45.537+0800] {logging_mixin.py:151} INFO - [2023-09-22T08:22:45.537+0800] {dag.py:3696} INFO - Setting next_dagrun for example_short_circuit_operator to 2023-09-21T00:22:45.536968+00:00, run_after=2023-09-22T00:22:45.536968+00:00
[2023-09-22T08:22:45.547+0800] {processor.py:179} INFO - Processing /opt/homebrew/lib/python3.11/site-packages/airflow/example_dags/example_short_circuit_operator.py took 0.140 seconds
[2023-09-22T08:24:29.227+0800] {processor.py:157} INFO - Started process (PID=66567) to work on /opt/homebrew/lib/python3.11/site-packages/airflow/example_dags/example_short_circuit_operator.py
[2023-09-22T08:24:29.228+0800] {processor.py:829} INFO - Processing file /opt/homebrew/lib/python3.11/site-packages/airflow/example_dags/example_short_circuit_operator.py for tasks to queue
[2023-09-22T08:24:29.228+0800] {logging_mixin.py:151} INFO - [2023-09-22T08:24:29.228+0800] {dagbag.py:539} INFO - Filling up the DagBag from /opt/homebrew/lib/python3.11/site-packages/airflow/example_dags/example_short_circuit_operator.py
[2023-09-22T08:24:29.251+0800] {processor.py:839} INFO - DAG(s) dict_keys(['example_short_circuit_operator']) retrieved from /opt/homebrew/lib/python3.11/site-packages/airflow/example_dags/example_short_circuit_operator.py
[2023-09-22T08:24:29.348+0800] {logging_mixin.py:151} INFO - [2023-09-22T08:24:29.347+0800] {dag.py:2915} INFO - Sync 1 DAGs
[2023-09-22T08:24:29.357+0800] {logging_mixin.py:151} INFO - [2023-09-22T08:24:29.356+0800] {dag.py:3696} INFO - Setting next_dagrun for example_short_circuit_operator to 2023-09-21T00:24:29.356874+00:00, run_after=2023-09-22T00:24:29.356874+00:00
[2023-09-22T08:24:29.367+0800] {processor.py:179} INFO - Processing /opt/homebrew/lib/python3.11/site-packages/airflow/example_dags/example_short_circuit_operator.py took 0.140 seconds
[2023-09-22T08:26:14.480+0800] {processor.py:157} INFO - Started process (PID=66752) to work on /opt/homebrew/lib/python3.11/site-packages/airflow/example_dags/example_short_circuit_operator.py
[2023-09-22T08:26:14.481+0800] {processor.py:829} INFO - Processing file /opt/homebrew/lib/python3.11/site-packages/airflow/example_dags/example_short_circuit_operator.py for tasks to queue
[2023-09-22T08:26:14.481+0800] {logging_mixin.py:151} INFO - [2023-09-22T08:26:14.481+0800] {dagbag.py:539} INFO - Filling up the DagBag from /opt/homebrew/lib/python3.11/site-packages/airflow/example_dags/example_short_circuit_operator.py
[2023-09-22T08:26:14.504+0800] {processor.py:839} INFO - DAG(s) dict_keys(['example_short_circuit_operator']) retrieved from /opt/homebrew/lib/python3.11/site-packages/airflow/example_dags/example_short_circuit_operator.py
[2023-09-22T08:26:14.600+0800] {logging_mixin.py:151} INFO - [2023-09-22T08:26:14.600+0800] {dag.py:2915} INFO - Sync 1 DAGs
[2023-09-22T08:26:14.609+0800] {logging_mixin.py:151} INFO - [2023-09-22T08:26:14.609+0800] {dag.py:3696} INFO - Setting next_dagrun for example_short_circuit_operator to 2023-09-21T00:26:14.609641+00:00, run_after=2023-09-22T00:26:14.609641+00:00
[2023-09-22T08:26:14.619+0800] {processor.py:179} INFO - Processing /opt/homebrew/lib/python3.11/site-packages/airflow/example_dags/example_short_circuit_operator.py took 0.140 seconds
[2023-09-22T08:27:54.648+0800] {processor.py:157} INFO - Started process (PID=66930) to work on /opt/homebrew/lib/python3.11/site-packages/airflow/example_dags/example_short_circuit_operator.py
[2023-09-22T08:27:54.649+0800] {processor.py:829} INFO - Processing file /opt/homebrew/lib/python3.11/site-packages/airflow/example_dags/example_short_circuit_operator.py for tasks to queue
[2023-09-22T08:27:54.649+0800] {logging_mixin.py:151} INFO - [2023-09-22T08:27:54.649+0800] {dagbag.py:539} INFO - Filling up the DagBag from /opt/homebrew/lib/python3.11/site-packages/airflow/example_dags/example_short_circuit_operator.py
[2023-09-22T08:27:54.672+0800] {processor.py:839} INFO - DAG(s) dict_keys(['example_short_circuit_operator']) retrieved from /opt/homebrew/lib/python3.11/site-packages/airflow/example_dags/example_short_circuit_operator.py
[2023-09-22T08:27:54.769+0800] {logging_mixin.py:151} INFO - [2023-09-22T08:27:54.769+0800] {dag.py:2915} INFO - Sync 1 DAGs
[2023-09-22T08:27:54.778+0800] {logging_mixin.py:151} INFO - [2023-09-22T08:27:54.778+0800] {dag.py:3696} INFO - Setting next_dagrun for example_short_circuit_operator to 2023-09-21T00:27:54.778059+00:00, run_after=2023-09-22T00:27:54.778059+00:00
[2023-09-22T08:27:54.788+0800] {processor.py:179} INFO - Processing /opt/homebrew/lib/python3.11/site-packages/airflow/example_dags/example_short_circuit_operator.py took 0.140 seconds
[2023-09-22T08:29:36.448+0800] {processor.py:157} INFO - Started process (PID=67110) to work on /opt/homebrew/lib/python3.11/site-packages/airflow/example_dags/example_short_circuit_operator.py
[2023-09-22T08:29:36.448+0800] {processor.py:829} INFO - Processing file /opt/homebrew/lib/python3.11/site-packages/airflow/example_dags/example_short_circuit_operator.py for tasks to queue
[2023-09-22T08:29:36.448+0800] {logging_mixin.py:151} INFO - [2023-09-22T08:29:36.448+0800] {dagbag.py:539} INFO - Filling up the DagBag from /opt/homebrew/lib/python3.11/site-packages/airflow/example_dags/example_short_circuit_operator.py
[2023-09-22T08:29:36.472+0800] {processor.py:839} INFO - DAG(s) dict_keys(['example_short_circuit_operator']) retrieved from /opt/homebrew/lib/python3.11/site-packages/airflow/example_dags/example_short_circuit_operator.py
[2023-09-22T08:29:36.568+0800] {logging_mixin.py:151} INFO - [2023-09-22T08:29:36.568+0800] {dag.py:2915} INFO - Sync 1 DAGs
[2023-09-22T08:29:36.577+0800] {logging_mixin.py:151} INFO - [2023-09-22T08:29:36.577+0800] {dag.py:3696} INFO - Setting next_dagrun for example_short_circuit_operator to 2023-09-21T00:29:36.577588+00:00, run_after=2023-09-22T00:29:36.577588+00:00
[2023-09-22T08:29:36.587+0800] {processor.py:179} INFO - Processing /opt/homebrew/lib/python3.11/site-packages/airflow/example_dags/example_short_circuit_operator.py took 0.140 seconds
[2023-09-22T08:31:25.313+0800] {processor.py:157} INFO - Started process (PID=67299) to work on /opt/homebrew/lib/python3.11/site-packages/airflow/example_dags/example_short_circuit_operator.py
[2023-09-22T08:31:25.313+0800] {processor.py:829} INFO - Processing file /opt/homebrew/lib/python3.11/site-packages/airflow/example_dags/example_short_circuit_operator.py for tasks to queue
[2023-09-22T08:31:25.313+0800] {logging_mixin.py:151} INFO - [2023-09-22T08:31:25.313+0800] {dagbag.py:539} INFO - Filling up the DagBag from /opt/homebrew/lib/python3.11/site-packages/airflow/example_dags/example_short_circuit_operator.py
[2023-09-22T08:31:25.336+0800] {processor.py:839} INFO - DAG(s) dict_keys(['example_short_circuit_operator']) retrieved from /opt/homebrew/lib/python3.11/site-packages/airflow/example_dags/example_short_circuit_operator.py
[2023-09-22T08:31:25.433+0800] {logging_mixin.py:151} INFO - [2023-09-22T08:31:25.433+0800] {dag.py:2915} INFO - Sync 1 DAGs
[2023-09-22T08:31:25.442+0800] {logging_mixin.py:151} INFO - [2023-09-22T08:31:25.442+0800] {dag.py:3696} INFO - Setting next_dagrun for example_short_circuit_operator to 2023-09-21T00:31:25.442129+00:00, run_after=2023-09-22T00:31:25.442129+00:00
[2023-09-22T08:31:25.452+0800] {processor.py:179} INFO - Processing /opt/homebrew/lib/python3.11/site-packages/airflow/example_dags/example_short_circuit_operator.py took 0.140 seconds
[2023-09-22T08:33:09.651+0800] {processor.py:157} INFO - Started process (PID=67489) to work on /opt/homebrew/lib/python3.11/site-packages/airflow/example_dags/example_short_circuit_operator.py
[2023-09-22T08:33:09.652+0800] {processor.py:829} INFO - Processing file /opt/homebrew/lib/python3.11/site-packages/airflow/example_dags/example_short_circuit_operator.py for tasks to queue
[2023-09-22T08:33:09.652+0800] {logging_mixin.py:151} INFO - [2023-09-22T08:33:09.652+0800] {dagbag.py:539} INFO - Filling up the DagBag from /opt/homebrew/lib/python3.11/site-packages/airflow/example_dags/example_short_circuit_operator.py
[2023-09-22T08:33:09.675+0800] {processor.py:839} INFO - DAG(s) dict_keys(['example_short_circuit_operator']) retrieved from /opt/homebrew/lib/python3.11/site-packages/airflow/example_dags/example_short_circuit_operator.py
[2023-09-22T08:33:09.772+0800] {logging_mixin.py:151} INFO - [2023-09-22T08:33:09.771+0800] {dag.py:2915} INFO - Sync 1 DAGs
[2023-09-22T08:33:09.780+0800] {logging_mixin.py:151} INFO - [2023-09-22T08:33:09.780+0800] {dag.py:3696} INFO - Setting next_dagrun for example_short_circuit_operator to 2023-09-21T00:33:09.780819+00:00, run_after=2023-09-22T00:33:09.780819+00:00
[2023-09-22T08:33:09.791+0800] {processor.py:179} INFO - Processing /opt/homebrew/lib/python3.11/site-packages/airflow/example_dags/example_short_circuit_operator.py took 0.140 seconds
[2023-09-22T08:34:55.905+0800] {processor.py:157} INFO - Started process (PID=67756) to work on /opt/homebrew/lib/python3.11/site-packages/airflow/example_dags/example_short_circuit_operator.py
[2023-09-22T08:34:55.905+0800] {processor.py:829} INFO - Processing file /opt/homebrew/lib/python3.11/site-packages/airflow/example_dags/example_short_circuit_operator.py for tasks to queue
[2023-09-22T08:34:55.906+0800] {logging_mixin.py:151} INFO - [2023-09-22T08:34:55.906+0800] {dagbag.py:539} INFO - Filling up the DagBag from /opt/homebrew/lib/python3.11/site-packages/airflow/example_dags/example_short_circuit_operator.py
[2023-09-22T08:34:55.929+0800] {processor.py:839} INFO - DAG(s) dict_keys(['example_short_circuit_operator']) retrieved from /opt/homebrew/lib/python3.11/site-packages/airflow/example_dags/example_short_circuit_operator.py
[2023-09-22T08:34:56.026+0800] {logging_mixin.py:151} INFO - [2023-09-22T08:34:56.025+0800] {dag.py:2915} INFO - Sync 1 DAGs
[2023-09-22T08:34:56.035+0800] {logging_mixin.py:151} INFO - [2023-09-22T08:34:56.034+0800] {dag.py:3696} INFO - Setting next_dagrun for example_short_circuit_operator to 2023-09-21T00:34:56.034888+00:00, run_after=2023-09-22T00:34:56.034888+00:00
[2023-09-22T08:34:56.045+0800] {processor.py:179} INFO - Processing /opt/homebrew/lib/python3.11/site-packages/airflow/example_dags/example_short_circuit_operator.py took 0.140 seconds
[2023-09-22T08:36:38.925+0800] {processor.py:157} INFO - Started process (PID=67953) to work on /opt/homebrew/lib/python3.11/site-packages/airflow/example_dags/example_short_circuit_operator.py
[2023-09-22T08:36:38.926+0800] {processor.py:829} INFO - Processing file /opt/homebrew/lib/python3.11/site-packages/airflow/example_dags/example_short_circuit_operator.py for tasks to queue
[2023-09-22T08:36:38.926+0800] {logging_mixin.py:151} INFO - [2023-09-22T08:36:38.926+0800] {dagbag.py:539} INFO - Filling up the DagBag from /opt/homebrew/lib/python3.11/site-packages/airflow/example_dags/example_short_circuit_operator.py
[2023-09-22T08:36:38.949+0800] {processor.py:839} INFO - DAG(s) dict_keys(['example_short_circuit_operator']) retrieved from /opt/homebrew/lib/python3.11/site-packages/airflow/example_dags/example_short_circuit_operator.py
[2023-09-22T08:36:39.046+0800] {logging_mixin.py:151} INFO - [2023-09-22T08:36:39.046+0800] {dag.py:2915} INFO - Sync 1 DAGs
[2023-09-22T08:36:39.055+0800] {logging_mixin.py:151} INFO - [2023-09-22T08:36:39.055+0800] {dag.py:3696} INFO - Setting next_dagrun for example_short_circuit_operator to 2023-09-21T00:36:39.055056+00:00, run_after=2023-09-22T00:36:39.055056+00:00
[2023-09-22T08:36:39.065+0800] {processor.py:179} INFO - Processing /opt/homebrew/lib/python3.11/site-packages/airflow/example_dags/example_short_circuit_operator.py took 0.140 seconds
[2023-09-22T08:38:24.106+0800] {processor.py:157} INFO - Started process (PID=68142) to work on /opt/homebrew/lib/python3.11/site-packages/airflow/example_dags/example_short_circuit_operator.py
[2023-09-22T08:38:24.106+0800] {processor.py:829} INFO - Processing file /opt/homebrew/lib/python3.11/site-packages/airflow/example_dags/example_short_circuit_operator.py for tasks to queue
[2023-09-22T08:38:24.106+0800] {logging_mixin.py:151} INFO - [2023-09-22T08:38:24.106+0800] {dagbag.py:539} INFO - Filling up the DagBag from /opt/homebrew/lib/python3.11/site-packages/airflow/example_dags/example_short_circuit_operator.py
[2023-09-22T08:38:24.129+0800] {processor.py:839} INFO - DAG(s) dict_keys(['example_short_circuit_operator']) retrieved from /opt/homebrew/lib/python3.11/site-packages/airflow/example_dags/example_short_circuit_operator.py
[2023-09-22T08:38:24.226+0800] {logging_mixin.py:151} INFO - [2023-09-22T08:38:24.226+0800] {dag.py:2915} INFO - Sync 1 DAGs
[2023-09-22T08:38:24.235+0800] {logging_mixin.py:151} INFO - [2023-09-22T08:38:24.235+0800] {dag.py:3696} INFO - Setting next_dagrun for example_short_circuit_operator to 2023-09-21T00:38:24.235161+00:00, run_after=2023-09-22T00:38:24.235161+00:00
[2023-09-22T08:38:24.245+0800] {processor.py:179} INFO - Processing /opt/homebrew/lib/python3.11/site-packages/airflow/example_dags/example_short_circuit_operator.py took 0.139 seconds
[2023-09-22T08:40:07.654+0800] {processor.py:157} INFO - Started process (PID=68327) to work on /opt/homebrew/lib/python3.11/site-packages/airflow/example_dags/example_short_circuit_operator.py
[2023-09-22T08:40:07.654+0800] {processor.py:829} INFO - Processing file /opt/homebrew/lib/python3.11/site-packages/airflow/example_dags/example_short_circuit_operator.py for tasks to queue
[2023-09-22T08:40:07.655+0800] {logging_mixin.py:151} INFO - [2023-09-22T08:40:07.654+0800] {dagbag.py:539} INFO - Filling up the DagBag from /opt/homebrew/lib/python3.11/site-packages/airflow/example_dags/example_short_circuit_operator.py
[2023-09-22T08:40:07.678+0800] {processor.py:839} INFO - DAG(s) dict_keys(['example_short_circuit_operator']) retrieved from /opt/homebrew/lib/python3.11/site-packages/airflow/example_dags/example_short_circuit_operator.py
[2023-09-22T08:40:07.775+0800] {logging_mixin.py:151} INFO - [2023-09-22T08:40:07.775+0800] {dag.py:2915} INFO - Sync 1 DAGs
[2023-09-22T08:40:07.784+0800] {logging_mixin.py:151} INFO - [2023-09-22T08:40:07.784+0800] {dag.py:3696} INFO - Setting next_dagrun for example_short_circuit_operator to 2023-09-21T00:40:07.783933+00:00, run_after=2023-09-22T00:40:07.783933+00:00
[2023-09-22T08:40:07.794+0800] {processor.py:179} INFO - Processing /opt/homebrew/lib/python3.11/site-packages/airflow/example_dags/example_short_circuit_operator.py took 0.140 seconds
[2023-09-22T08:41:51.604+0800] {processor.py:157} INFO - Started process (PID=68507) to work on /opt/homebrew/lib/python3.11/site-packages/airflow/example_dags/example_short_circuit_operator.py
[2023-09-22T08:41:51.604+0800] {processor.py:829} INFO - Processing file /opt/homebrew/lib/python3.11/site-packages/airflow/example_dags/example_short_circuit_operator.py for tasks to queue
[2023-09-22T08:41:51.605+0800] {logging_mixin.py:151} INFO - [2023-09-22T08:41:51.605+0800] {dagbag.py:539} INFO - Filling up the DagBag from /opt/homebrew/lib/python3.11/site-packages/airflow/example_dags/example_short_circuit_operator.py
[2023-09-22T08:41:51.628+0800] {processor.py:839} INFO - DAG(s) dict_keys(['example_short_circuit_operator']) retrieved from /opt/homebrew/lib/python3.11/site-packages/airflow/example_dags/example_short_circuit_operator.py
[2023-09-22T08:41:51.725+0800] {logging_mixin.py:151} INFO - [2023-09-22T08:41:51.725+0800] {dag.py:2915} INFO - Sync 1 DAGs
[2023-09-22T08:41:51.734+0800] {logging_mixin.py:151} INFO - [2023-09-22T08:41:51.734+0800] {dag.py:3696} INFO - Setting next_dagrun for example_short_circuit_operator to 2023-09-21T00:41:51.734473+00:00, run_after=2023-09-22T00:41:51.734473+00:00
[2023-09-22T08:41:51.744+0800] {processor.py:179} INFO - Processing /opt/homebrew/lib/python3.11/site-packages/airflow/example_dags/example_short_circuit_operator.py took 0.141 seconds
[2023-09-22T08:43:36.981+0800] {processor.py:157} INFO - Started process (PID=68696) to work on /opt/homebrew/lib/python3.11/site-packages/airflow/example_dags/example_short_circuit_operator.py
[2023-09-22T08:43:36.982+0800] {processor.py:829} INFO - Processing file /opt/homebrew/lib/python3.11/site-packages/airflow/example_dags/example_short_circuit_operator.py for tasks to queue
[2023-09-22T08:43:36.982+0800] {logging_mixin.py:151} INFO - [2023-09-22T08:43:36.982+0800] {dagbag.py:539} INFO - Filling up the DagBag from /opt/homebrew/lib/python3.11/site-packages/airflow/example_dags/example_short_circuit_operator.py
[2023-09-22T08:43:37.005+0800] {processor.py:839} INFO - DAG(s) dict_keys(['example_short_circuit_operator']) retrieved from /opt/homebrew/lib/python3.11/site-packages/airflow/example_dags/example_short_circuit_operator.py
[2023-09-22T08:43:37.102+0800] {logging_mixin.py:151} INFO - [2023-09-22T08:43:37.102+0800] {dag.py:2915} INFO - Sync 1 DAGs
[2023-09-22T08:43:37.111+0800] {logging_mixin.py:151} INFO - [2023-09-22T08:43:37.111+0800] {dag.py:3696} INFO - Setting next_dagrun for example_short_circuit_operator to 2023-09-21T00:43:37.111252+00:00, run_after=2023-09-22T00:43:37.111252+00:00
[2023-09-22T08:43:37.121+0800] {processor.py:179} INFO - Processing /opt/homebrew/lib/python3.11/site-packages/airflow/example_dags/example_short_circuit_operator.py took 0.140 seconds
[2023-09-22T08:45:19.454+0800] {processor.py:157} INFO - Started process (PID=68880) to work on /opt/homebrew/lib/python3.11/site-packages/airflow/example_dags/example_short_circuit_operator.py
[2023-09-22T08:45:19.455+0800] {processor.py:829} INFO - Processing file /opt/homebrew/lib/python3.11/site-packages/airflow/example_dags/example_short_circuit_operator.py for tasks to queue
[2023-09-22T08:45:19.455+0800] {logging_mixin.py:151} INFO - [2023-09-22T08:45:19.455+0800] {dagbag.py:539} INFO - Filling up the DagBag from /opt/homebrew/lib/python3.11/site-packages/airflow/example_dags/example_short_circuit_operator.py
[2023-09-22T08:45:19.478+0800] {processor.py:839} INFO - DAG(s) dict_keys(['example_short_circuit_operator']) retrieved from /opt/homebrew/lib/python3.11/site-packages/airflow/example_dags/example_short_circuit_operator.py
[2023-09-22T08:45:19.575+0800] {logging_mixin.py:151} INFO - [2023-09-22T08:45:19.575+0800] {dag.py:2915} INFO - Sync 1 DAGs
[2023-09-22T08:45:19.584+0800] {logging_mixin.py:151} INFO - [2023-09-22T08:45:19.584+0800] {dag.py:3696} INFO - Setting next_dagrun for example_short_circuit_operator to 2023-09-21T00:45:19.584177+00:00, run_after=2023-09-22T00:45:19.584177+00:00
[2023-09-22T08:45:19.594+0800] {processor.py:179} INFO - Processing /opt/homebrew/lib/python3.11/site-packages/airflow/example_dags/example_short_circuit_operator.py took 0.140 seconds
[2023-09-22T08:47:07.531+0800] {processor.py:157} INFO - Started process (PID=69069) to work on /opt/homebrew/lib/python3.11/site-packages/airflow/example_dags/example_short_circuit_operator.py
[2023-09-22T08:47:07.532+0800] {processor.py:829} INFO - Processing file /opt/homebrew/lib/python3.11/site-packages/airflow/example_dags/example_short_circuit_operator.py for tasks to queue
[2023-09-22T08:47:07.532+0800] {logging_mixin.py:151} INFO - [2023-09-22T08:47:07.532+0800] {dagbag.py:539} INFO - Filling up the DagBag from /opt/homebrew/lib/python3.11/site-packages/airflow/example_dags/example_short_circuit_operator.py
[2023-09-22T08:47:07.555+0800] {processor.py:839} INFO - DAG(s) dict_keys(['example_short_circuit_operator']) retrieved from /opt/homebrew/lib/python3.11/site-packages/airflow/example_dags/example_short_circuit_operator.py
[2023-09-22T08:47:07.652+0800] {logging_mixin.py:151} INFO - [2023-09-22T08:47:07.652+0800] {dag.py:2915} INFO - Sync 1 DAGs
[2023-09-22T08:47:07.661+0800] {logging_mixin.py:151} INFO - [2023-09-22T08:47:07.661+0800] {dag.py:3696} INFO - Setting next_dagrun for example_short_circuit_operator to 2023-09-21T00:47:07.661224+00:00, run_after=2023-09-22T00:47:07.661224+00:00
[2023-09-22T08:47:07.671+0800] {processor.py:179} INFO - Processing /opt/homebrew/lib/python3.11/site-packages/airflow/example_dags/example_short_circuit_operator.py took 0.140 seconds
[2023-09-22T08:48:52.859+0800] {processor.py:157} INFO - Started process (PID=69257) to work on /opt/homebrew/lib/python3.11/site-packages/airflow/example_dags/example_short_circuit_operator.py
[2023-09-22T08:48:52.859+0800] {processor.py:829} INFO - Processing file /opt/homebrew/lib/python3.11/site-packages/airflow/example_dags/example_short_circuit_operator.py for tasks to queue
[2023-09-22T08:48:52.860+0800] {logging_mixin.py:151} INFO - [2023-09-22T08:48:52.860+0800] {dagbag.py:539} INFO - Filling up the DagBag from /opt/homebrew/lib/python3.11/site-packages/airflow/example_dags/example_short_circuit_operator.py
[2023-09-22T08:48:52.883+0800] {processor.py:839} INFO - DAG(s) dict_keys(['example_short_circuit_operator']) retrieved from /opt/homebrew/lib/python3.11/site-packages/airflow/example_dags/example_short_circuit_operator.py
[2023-09-22T08:48:52.981+0800] {logging_mixin.py:151} INFO - [2023-09-22T08:48:52.981+0800] {dag.py:2915} INFO - Sync 1 DAGs
[2023-09-22T08:48:52.990+0800] {logging_mixin.py:151} INFO - [2023-09-22T08:48:52.990+0800] {dag.py:3696} INFO - Setting next_dagrun for example_short_circuit_operator to 2023-09-21T00:48:52.990061+00:00, run_after=2023-09-22T00:48:52.990061+00:00
[2023-09-22T08:48:53.000+0800] {processor.py:179} INFO - Processing /opt/homebrew/lib/python3.11/site-packages/airflow/example_dags/example_short_circuit_operator.py took 0.142 seconds
[2023-09-22T08:50:36.125+0800] {processor.py:157} INFO - Started process (PID=69446) to work on /opt/homebrew/lib/python3.11/site-packages/airflow/example_dags/example_short_circuit_operator.py
[2023-09-22T08:50:36.126+0800] {processor.py:829} INFO - Processing file /opt/homebrew/lib/python3.11/site-packages/airflow/example_dags/example_short_circuit_operator.py for tasks to queue
[2023-09-22T08:50:36.126+0800] {logging_mixin.py:151} INFO - [2023-09-22T08:50:36.126+0800] {dagbag.py:539} INFO - Filling up the DagBag from /opt/homebrew/lib/python3.11/site-packages/airflow/example_dags/example_short_circuit_operator.py
[2023-09-22T08:50:36.149+0800] {processor.py:839} INFO - DAG(s) dict_keys(['example_short_circuit_operator']) retrieved from /opt/homebrew/lib/python3.11/site-packages/airflow/example_dags/example_short_circuit_operator.py
[2023-09-22T08:50:36.246+0800] {logging_mixin.py:151} INFO - [2023-09-22T08:50:36.246+0800] {dag.py:2915} INFO - Sync 1 DAGs
[2023-09-22T08:50:36.255+0800] {logging_mixin.py:151} INFO - [2023-09-22T08:50:36.255+0800] {dag.py:3696} INFO - Setting next_dagrun for example_short_circuit_operator to 2023-09-21T00:50:36.255716+00:00, run_after=2023-09-22T00:50:36.255716+00:00
[2023-09-22T08:50:36.266+0800] {processor.py:179} INFO - Processing /opt/homebrew/lib/python3.11/site-packages/airflow/example_dags/example_short_circuit_operator.py took 0.141 seconds
[2023-09-22T08:52:20.654+0800] {processor.py:157} INFO - Started process (PID=69626) to work on /opt/homebrew/lib/python3.11/site-packages/airflow/example_dags/example_short_circuit_operator.py
[2023-09-22T08:52:20.654+0800] {processor.py:829} INFO - Processing file /opt/homebrew/lib/python3.11/site-packages/airflow/example_dags/example_short_circuit_operator.py for tasks to queue
[2023-09-22T08:52:20.655+0800] {logging_mixin.py:151} INFO - [2023-09-22T08:52:20.654+0800] {dagbag.py:539} INFO - Filling up the DagBag from /opt/homebrew/lib/python3.11/site-packages/airflow/example_dags/example_short_circuit_operator.py
[2023-09-22T08:52:20.678+0800] {processor.py:839} INFO - DAG(s) dict_keys(['example_short_circuit_operator']) retrieved from /opt/homebrew/lib/python3.11/site-packages/airflow/example_dags/example_short_circuit_operator.py
[2023-09-22T08:52:20.776+0800] {logging_mixin.py:151} INFO - [2023-09-22T08:52:20.776+0800] {dag.py:2915} INFO - Sync 1 DAGs
[2023-09-22T08:52:20.785+0800] {logging_mixin.py:151} INFO - [2023-09-22T08:52:20.785+0800] {dag.py:3696} INFO - Setting next_dagrun for example_short_circuit_operator to 2023-09-21T00:52:20.785468+00:00, run_after=2023-09-22T00:52:20.785468+00:00
[2023-09-22T08:52:20.795+0800] {processor.py:179} INFO - Processing /opt/homebrew/lib/python3.11/site-packages/airflow/example_dags/example_short_circuit_operator.py took 0.142 seconds
[2023-09-22T08:54:00.444+0800] {processor.py:157} INFO - Started process (PID=69809) to work on /opt/homebrew/lib/python3.11/site-packages/airflow/example_dags/example_short_circuit_operator.py
[2023-09-22T08:54:00.444+0800] {processor.py:829} INFO - Processing file /opt/homebrew/lib/python3.11/site-packages/airflow/example_dags/example_short_circuit_operator.py for tasks to queue
[2023-09-22T08:54:00.444+0800] {logging_mixin.py:151} INFO - [2023-09-22T08:54:00.444+0800] {dagbag.py:539} INFO - Filling up the DagBag from /opt/homebrew/lib/python3.11/site-packages/airflow/example_dags/example_short_circuit_operator.py
[2023-09-22T08:54:00.468+0800] {processor.py:839} INFO - DAG(s) dict_keys(['example_short_circuit_operator']) retrieved from /opt/homebrew/lib/python3.11/site-packages/airflow/example_dags/example_short_circuit_operator.py
[2023-09-22T08:54:00.564+0800] {logging_mixin.py:151} INFO - [2023-09-22T08:54:00.564+0800] {dag.py:2915} INFO - Sync 1 DAGs
[2023-09-22T08:54:00.573+0800] {logging_mixin.py:151} INFO - [2023-09-22T08:54:00.573+0800] {dag.py:3696} INFO - Setting next_dagrun for example_short_circuit_operator to 2023-09-21T00:54:00.573327+00:00, run_after=2023-09-22T00:54:00.573327+00:00
[2023-09-22T08:54:00.583+0800] {processor.py:179} INFO - Processing /opt/homebrew/lib/python3.11/site-packages/airflow/example_dags/example_short_circuit_operator.py took 0.140 seconds
[2023-09-22T08:55:47.984+0800] {processor.py:157} INFO - Started process (PID=69993) to work on /opt/homebrew/lib/python3.11/site-packages/airflow/example_dags/example_short_circuit_operator.py
[2023-09-22T08:55:47.984+0800] {processor.py:829} INFO - Processing file /opt/homebrew/lib/python3.11/site-packages/airflow/example_dags/example_short_circuit_operator.py for tasks to queue
[2023-09-22T08:55:47.985+0800] {logging_mixin.py:151} INFO - [2023-09-22T08:55:47.985+0800] {dagbag.py:539} INFO - Filling up the DagBag from /opt/homebrew/lib/python3.11/site-packages/airflow/example_dags/example_short_circuit_operator.py
[2023-09-22T08:55:48.008+0800] {processor.py:839} INFO - DAG(s) dict_keys(['example_short_circuit_operator']) retrieved from /opt/homebrew/lib/python3.11/site-packages/airflow/example_dags/example_short_circuit_operator.py
[2023-09-22T08:55:48.104+0800] {logging_mixin.py:151} INFO - [2023-09-22T08:55:48.104+0800] {dag.py:2915} INFO - Sync 1 DAGs
[2023-09-22T08:55:48.113+0800] {logging_mixin.py:151} INFO - [2023-09-22T08:55:48.113+0800] {dag.py:3696} INFO - Setting next_dagrun for example_short_circuit_operator to 2023-09-21T00:55:48.113604+00:00, run_after=2023-09-22T00:55:48.113604+00:00
[2023-09-22T08:55:48.123+0800] {processor.py:179} INFO - Processing /opt/homebrew/lib/python3.11/site-packages/airflow/example_dags/example_short_circuit_operator.py took 0.140 seconds
[2023-09-22T08:57:30.602+0800] {processor.py:157} INFO - Started process (PID=70202) to work on /opt/homebrew/lib/python3.11/site-packages/airflow/example_dags/example_short_circuit_operator.py
[2023-09-22T08:57:30.603+0800] {processor.py:829} INFO - Processing file /opt/homebrew/lib/python3.11/site-packages/airflow/example_dags/example_short_circuit_operator.py for tasks to queue
[2023-09-22T08:57:30.603+0800] {logging_mixin.py:151} INFO - [2023-09-22T08:57:30.603+0800] {dagbag.py:539} INFO - Filling up the DagBag from /opt/homebrew/lib/python3.11/site-packages/airflow/example_dags/example_short_circuit_operator.py
[2023-09-22T08:57:30.626+0800] {processor.py:839} INFO - DAG(s) dict_keys(['example_short_circuit_operator']) retrieved from /opt/homebrew/lib/python3.11/site-packages/airflow/example_dags/example_short_circuit_operator.py
[2023-09-22T08:57:30.722+0800] {logging_mixin.py:151} INFO - [2023-09-22T08:57:30.722+0800] {dag.py:2915} INFO - Sync 1 DAGs
[2023-09-22T08:57:30.731+0800] {logging_mixin.py:151} INFO - [2023-09-22T08:57:30.731+0800] {dag.py:3696} INFO - Setting next_dagrun for example_short_circuit_operator to 2023-09-21T00:57:30.731569+00:00, run_after=2023-09-22T00:57:30.731569+00:00
[2023-09-22T08:57:30.742+0800] {processor.py:179} INFO - Processing /opt/homebrew/lib/python3.11/site-packages/airflow/example_dags/example_short_circuit_operator.py took 0.140 seconds
[2023-09-22T08:59:19.115+0800] {processor.py:157} INFO - Started process (PID=70391) to work on /opt/homebrew/lib/python3.11/site-packages/airflow/example_dags/example_short_circuit_operator.py
[2023-09-22T08:59:19.116+0800] {processor.py:829} INFO - Processing file /opt/homebrew/lib/python3.11/site-packages/airflow/example_dags/example_short_circuit_operator.py for tasks to queue
[2023-09-22T08:59:19.116+0800] {logging_mixin.py:151} INFO - [2023-09-22T08:59:19.116+0800] {dagbag.py:539} INFO - Filling up the DagBag from /opt/homebrew/lib/python3.11/site-packages/airflow/example_dags/example_short_circuit_operator.py
[2023-09-22T08:59:19.139+0800] {processor.py:839} INFO - DAG(s) dict_keys(['example_short_circuit_operator']) retrieved from /opt/homebrew/lib/python3.11/site-packages/airflow/example_dags/example_short_circuit_operator.py
[2023-09-22T08:59:19.235+0800] {logging_mixin.py:151} INFO - [2023-09-22T08:59:19.235+0800] {dag.py:2915} INFO - Sync 1 DAGs
[2023-09-22T08:59:19.244+0800] {logging_mixin.py:151} INFO - [2023-09-22T08:59:19.244+0800] {dag.py:3696} INFO - Setting next_dagrun for example_short_circuit_operator to 2023-09-21T00:59:19.244458+00:00, run_after=2023-09-22T00:59:19.244458+00:00
[2023-09-22T08:59:19.254+0800] {processor.py:179} INFO - Processing /opt/homebrew/lib/python3.11/site-packages/airflow/example_dags/example_short_circuit_operator.py took 0.140 seconds
[2023-09-22T09:01:01.761+0800] {processor.py:157} INFO - Started process (PID=70580) to work on /opt/homebrew/lib/python3.11/site-packages/airflow/example_dags/example_short_circuit_operator.py
[2023-09-22T09:01:01.761+0800] {processor.py:829} INFO - Processing file /opt/homebrew/lib/python3.11/site-packages/airflow/example_dags/example_short_circuit_operator.py for tasks to queue
[2023-09-22T09:01:01.762+0800] {logging_mixin.py:151} INFO - [2023-09-22T09:01:01.762+0800] {dagbag.py:539} INFO - Filling up the DagBag from /opt/homebrew/lib/python3.11/site-packages/airflow/example_dags/example_short_circuit_operator.py
[2023-09-22T09:01:01.785+0800] {processor.py:839} INFO - DAG(s) dict_keys(['example_short_circuit_operator']) retrieved from /opt/homebrew/lib/python3.11/site-packages/airflow/example_dags/example_short_circuit_operator.py
[2023-09-22T09:01:01.882+0800] {logging_mixin.py:151} INFO - [2023-09-22T09:01:01.882+0800] {dag.py:2915} INFO - Sync 1 DAGs
[2023-09-22T09:01:01.891+0800] {logging_mixin.py:151} INFO - [2023-09-22T09:01:01.891+0800] {dag.py:3696} INFO - Setting next_dagrun for example_short_circuit_operator to 2023-09-21T01:01:01.891125+00:00, run_after=2023-09-22T01:01:01.891125+00:00
[2023-09-22T09:01:01.901+0800] {processor.py:179} INFO - Processing /opt/homebrew/lib/python3.11/site-packages/airflow/example_dags/example_short_circuit_operator.py took 0.140 seconds
[2023-09-22T09:02:46.521+0800] {processor.py:157} INFO - Started process (PID=70767) to work on /opt/homebrew/lib/python3.11/site-packages/airflow/example_dags/example_short_circuit_operator.py
[2023-09-22T09:02:46.522+0800] {processor.py:829} INFO - Processing file /opt/homebrew/lib/python3.11/site-packages/airflow/example_dags/example_short_circuit_operator.py for tasks to queue
[2023-09-22T09:02:46.522+0800] {logging_mixin.py:151} INFO - [2023-09-22T09:02:46.522+0800] {dagbag.py:539} INFO - Filling up the DagBag from /opt/homebrew/lib/python3.11/site-packages/airflow/example_dags/example_short_circuit_operator.py
[2023-09-22T09:02:46.545+0800] {processor.py:839} INFO - DAG(s) dict_keys(['example_short_circuit_operator']) retrieved from /opt/homebrew/lib/python3.11/site-packages/airflow/example_dags/example_short_circuit_operator.py
[2023-09-22T09:02:46.643+0800] {logging_mixin.py:151} INFO - [2023-09-22T09:02:46.643+0800] {dag.py:2915} INFO - Sync 1 DAGs
[2023-09-22T09:02:46.652+0800] {logging_mixin.py:151} INFO - [2023-09-22T09:02:46.652+0800] {dag.py:3696} INFO - Setting next_dagrun for example_short_circuit_operator to 2023-09-21T01:02:46.652088+00:00, run_after=2023-09-22T01:02:46.652088+00:00
[2023-09-22T09:02:46.662+0800] {processor.py:179} INFO - Processing /opt/homebrew/lib/python3.11/site-packages/airflow/example_dags/example_short_circuit_operator.py took 0.141 seconds
[2023-09-22T09:04:33.055+0800] {processor.py:157} INFO - Started process (PID=71016) to work on /opt/homebrew/lib/python3.11/site-packages/airflow/example_dags/example_short_circuit_operator.py
[2023-09-22T09:04:33.055+0800] {processor.py:829} INFO - Processing file /opt/homebrew/lib/python3.11/site-packages/airflow/example_dags/example_short_circuit_operator.py for tasks to queue
[2023-09-22T09:04:33.056+0800] {logging_mixin.py:151} INFO - [2023-09-22T09:04:33.056+0800] {dagbag.py:539} INFO - Filling up the DagBag from /opt/homebrew/lib/python3.11/site-packages/airflow/example_dags/example_short_circuit_operator.py
[2023-09-22T09:04:33.079+0800] {processor.py:839} INFO - DAG(s) dict_keys(['example_short_circuit_operator']) retrieved from /opt/homebrew/lib/python3.11/site-packages/airflow/example_dags/example_short_circuit_operator.py
[2023-09-22T09:04:33.175+0800] {logging_mixin.py:151} INFO - [2023-09-22T09:04:33.175+0800] {dag.py:2915} INFO - Sync 1 DAGs
[2023-09-22T09:04:33.184+0800] {logging_mixin.py:151} INFO - [2023-09-22T09:04:33.184+0800] {dag.py:3696} INFO - Setting next_dagrun for example_short_circuit_operator to 2023-09-21T01:04:33.184687+00:00, run_after=2023-09-22T01:04:33.184687+00:00
[2023-09-22T09:04:33.195+0800] {processor.py:179} INFO - Processing /opt/homebrew/lib/python3.11/site-packages/airflow/example_dags/example_short_circuit_operator.py took 0.140 seconds
[2023-09-22T09:06:17.576+0800] {processor.py:157} INFO - Started process (PID=71211) to work on /opt/homebrew/lib/python3.11/site-packages/airflow/example_dags/example_short_circuit_operator.py
[2023-09-22T09:06:17.577+0800] {processor.py:829} INFO - Processing file /opt/homebrew/lib/python3.11/site-packages/airflow/example_dags/example_short_circuit_operator.py for tasks to queue
[2023-09-22T09:06:17.577+0800] {logging_mixin.py:151} INFO - [2023-09-22T09:06:17.577+0800] {dagbag.py:539} INFO - Filling up the DagBag from /opt/homebrew/lib/python3.11/site-packages/airflow/example_dags/example_short_circuit_operator.py
[2023-09-22T09:06:17.600+0800] {processor.py:839} INFO - DAG(s) dict_keys(['example_short_circuit_operator']) retrieved from /opt/homebrew/lib/python3.11/site-packages/airflow/example_dags/example_short_circuit_operator.py
[2023-09-22T09:06:17.697+0800] {logging_mixin.py:151} INFO - [2023-09-22T09:06:17.697+0800] {dag.py:2915} INFO - Sync 1 DAGs
[2023-09-22T09:06:17.706+0800] {logging_mixin.py:151} INFO - [2023-09-22T09:06:17.706+0800] {dag.py:3696} INFO - Setting next_dagrun for example_short_circuit_operator to 2023-09-21T01:06:17.706092+00:00, run_after=2023-09-22T01:06:17.706092+00:00
[2023-09-22T09:06:17.716+0800] {processor.py:179} INFO - Processing /opt/homebrew/lib/python3.11/site-packages/airflow/example_dags/example_short_circuit_operator.py took 0.140 seconds
[2023-09-22T09:08:00.139+0800] {processor.py:157} INFO - Started process (PID=71408) to work on /opt/homebrew/lib/python3.11/site-packages/airflow/example_dags/example_short_circuit_operator.py
[2023-09-22T09:08:00.139+0800] {processor.py:829} INFO - Processing file /opt/homebrew/lib/python3.11/site-packages/airflow/example_dags/example_short_circuit_operator.py for tasks to queue
[2023-09-22T09:08:00.139+0800] {logging_mixin.py:151} INFO - [2023-09-22T09:08:00.139+0800] {dagbag.py:539} INFO - Filling up the DagBag from /opt/homebrew/lib/python3.11/site-packages/airflow/example_dags/example_short_circuit_operator.py
[2023-09-22T09:08:00.162+0800] {processor.py:839} INFO - DAG(s) dict_keys(['example_short_circuit_operator']) retrieved from /opt/homebrew/lib/python3.11/site-packages/airflow/example_dags/example_short_circuit_operator.py
[2023-09-22T09:08:00.259+0800] {logging_mixin.py:151} INFO - [2023-09-22T09:08:00.259+0800] {dag.py:2915} INFO - Sync 1 DAGs
[2023-09-22T09:08:00.268+0800] {logging_mixin.py:151} INFO - [2023-09-22T09:08:00.268+0800] {dag.py:3696} INFO - Setting next_dagrun for example_short_circuit_operator to 2023-09-21T01:08:00.268494+00:00, run_after=2023-09-22T01:08:00.268494+00:00
[2023-09-22T09:08:00.278+0800] {processor.py:179} INFO - Processing /opt/homebrew/lib/python3.11/site-packages/airflow/example_dags/example_short_circuit_operator.py took 0.140 seconds
[2023-09-22T09:09:44.201+0800] {processor.py:157} INFO - Started process (PID=71603) to work on /opt/homebrew/lib/python3.11/site-packages/airflow/example_dags/example_short_circuit_operator.py
[2023-09-22T09:09:44.201+0800] {processor.py:829} INFO - Processing file /opt/homebrew/lib/python3.11/site-packages/airflow/example_dags/example_short_circuit_operator.py for tasks to queue
[2023-09-22T09:09:44.201+0800] {logging_mixin.py:151} INFO - [2023-09-22T09:09:44.201+0800] {dagbag.py:539} INFO - Filling up the DagBag from /opt/homebrew/lib/python3.11/site-packages/airflow/example_dags/example_short_circuit_operator.py
[2023-09-22T09:09:44.225+0800] {processor.py:839} INFO - DAG(s) dict_keys(['example_short_circuit_operator']) retrieved from /opt/homebrew/lib/python3.11/site-packages/airflow/example_dags/example_short_circuit_operator.py
[2023-09-22T09:09:44.322+0800] {logging_mixin.py:151} INFO - [2023-09-22T09:09:44.322+0800] {dag.py:2915} INFO - Sync 1 DAGs
[2023-09-22T09:09:44.331+0800] {logging_mixin.py:151} INFO - [2023-09-22T09:09:44.331+0800] {dag.py:3696} INFO - Setting next_dagrun for example_short_circuit_operator to 2023-09-21T01:09:44.330979+00:00, run_after=2023-09-22T01:09:44.330979+00:00
[2023-09-22T09:09:44.341+0800] {processor.py:179} INFO - Processing /opt/homebrew/lib/python3.11/site-packages/airflow/example_dags/example_short_circuit_operator.py took 0.141 seconds
[2023-09-22T09:11:33.258+0800] {processor.py:157} INFO - Started process (PID=71795) to work on /opt/homebrew/lib/python3.11/site-packages/airflow/example_dags/example_short_circuit_operator.py
[2023-09-22T09:11:33.259+0800] {processor.py:829} INFO - Processing file /opt/homebrew/lib/python3.11/site-packages/airflow/example_dags/example_short_circuit_operator.py for tasks to queue
[2023-09-22T09:11:33.259+0800] {logging_mixin.py:151} INFO - [2023-09-22T09:11:33.259+0800] {dagbag.py:539} INFO - Filling up the DagBag from /opt/homebrew/lib/python3.11/site-packages/airflow/example_dags/example_short_circuit_operator.py
[2023-09-22T09:11:33.284+0800] {processor.py:839} INFO - DAG(s) dict_keys(['example_short_circuit_operator']) retrieved from /opt/homebrew/lib/python3.11/site-packages/airflow/example_dags/example_short_circuit_operator.py
[2023-09-22T09:11:33.385+0800] {logging_mixin.py:151} INFO - [2023-09-22T09:11:33.384+0800] {dag.py:2915} INFO - Sync 1 DAGs
[2023-09-22T09:11:33.394+0800] {logging_mixin.py:151} INFO - [2023-09-22T09:11:33.393+0800] {dag.py:3696} INFO - Setting next_dagrun for example_short_circuit_operator to 2023-09-21T01:11:33.393836+00:00, run_after=2023-09-22T01:11:33.393836+00:00
[2023-09-22T09:11:33.404+0800] {processor.py:179} INFO - Processing /opt/homebrew/lib/python3.11/site-packages/airflow/example_dags/example_short_circuit_operator.py took 0.146 seconds
[2023-09-22T09:13:15.024+0800] {processor.py:157} INFO - Started process (PID=71997) to work on /opt/homebrew/lib/python3.11/site-packages/airflow/example_dags/example_short_circuit_operator.py
[2023-09-22T09:13:15.025+0800] {processor.py:829} INFO - Processing file /opt/homebrew/lib/python3.11/site-packages/airflow/example_dags/example_short_circuit_operator.py for tasks to queue
[2023-09-22T09:13:15.025+0800] {logging_mixin.py:151} INFO - [2023-09-22T09:13:15.025+0800] {dagbag.py:539} INFO - Filling up the DagBag from /opt/homebrew/lib/python3.11/site-packages/airflow/example_dags/example_short_circuit_operator.py
[2023-09-22T09:13:15.048+0800] {processor.py:839} INFO - DAG(s) dict_keys(['example_short_circuit_operator']) retrieved from /opt/homebrew/lib/python3.11/site-packages/airflow/example_dags/example_short_circuit_operator.py
[2023-09-22T09:13:15.144+0800] {logging_mixin.py:151} INFO - [2023-09-22T09:13:15.144+0800] {dag.py:2915} INFO - Sync 1 DAGs
[2023-09-22T09:13:15.153+0800] {logging_mixin.py:151} INFO - [2023-09-22T09:13:15.153+0800] {dag.py:3696} INFO - Setting next_dagrun for example_short_circuit_operator to 2023-09-21T01:13:15.153790+00:00, run_after=2023-09-22T01:13:15.153790+00:00
[2023-09-22T09:13:15.164+0800] {processor.py:179} INFO - Processing /opt/homebrew/lib/python3.11/site-packages/airflow/example_dags/example_short_circuit_operator.py took 0.140 seconds
[2023-09-22T09:14:55.391+0800] {processor.py:157} INFO - Started process (PID=72181) to work on /opt/homebrew/lib/python3.11/site-packages/airflow/example_dags/example_short_circuit_operator.py
[2023-09-22T09:14:55.392+0800] {processor.py:829} INFO - Processing file /opt/homebrew/lib/python3.11/site-packages/airflow/example_dags/example_short_circuit_operator.py for tasks to queue
[2023-09-22T09:14:55.392+0800] {logging_mixin.py:151} INFO - [2023-09-22T09:14:55.392+0800] {dagbag.py:539} INFO - Filling up the DagBag from /opt/homebrew/lib/python3.11/site-packages/airflow/example_dags/example_short_circuit_operator.py
[2023-09-22T09:14:55.415+0800] {processor.py:839} INFO - DAG(s) dict_keys(['example_short_circuit_operator']) retrieved from /opt/homebrew/lib/python3.11/site-packages/airflow/example_dags/example_short_circuit_operator.py
[2023-09-22T09:14:55.511+0800] {logging_mixin.py:151} INFO - [2023-09-22T09:14:55.511+0800] {dag.py:2915} INFO - Sync 1 DAGs
[2023-09-22T09:14:55.520+0800] {logging_mixin.py:151} INFO - [2023-09-22T09:14:55.520+0800] {dag.py:3696} INFO - Setting next_dagrun for example_short_circuit_operator to 2023-09-21T01:14:55.520591+00:00, run_after=2023-09-22T01:14:55.520591+00:00
[2023-09-22T09:14:55.531+0800] {processor.py:179} INFO - Processing /opt/homebrew/lib/python3.11/site-packages/airflow/example_dags/example_short_circuit_operator.py took 0.140 seconds
[2023-09-22T09:16:42.106+0800] {processor.py:157} INFO - Started process (PID=72369) to work on /opt/homebrew/lib/python3.11/site-packages/airflow/example_dags/example_short_circuit_operator.py
[2023-09-22T09:16:42.107+0800] {processor.py:829} INFO - Processing file /opt/homebrew/lib/python3.11/site-packages/airflow/example_dags/example_short_circuit_operator.py for tasks to queue
[2023-09-22T09:16:42.107+0800] {logging_mixin.py:151} INFO - [2023-09-22T09:16:42.107+0800] {dagbag.py:539} INFO - Filling up the DagBag from /opt/homebrew/lib/python3.11/site-packages/airflow/example_dags/example_short_circuit_operator.py
[2023-09-22T09:16:42.130+0800] {processor.py:839} INFO - DAG(s) dict_keys(['example_short_circuit_operator']) retrieved from /opt/homebrew/lib/python3.11/site-packages/airflow/example_dags/example_short_circuit_operator.py
[2023-09-22T09:16:42.227+0800] {logging_mixin.py:151} INFO - [2023-09-22T09:16:42.227+0800] {dag.py:2915} INFO - Sync 1 DAGs
[2023-09-22T09:16:42.236+0800] {logging_mixin.py:151} INFO - [2023-09-22T09:16:42.236+0800] {dag.py:3696} INFO - Setting next_dagrun for example_short_circuit_operator to 2023-09-21T01:16:42.236485+00:00, run_after=2023-09-22T01:16:42.236485+00:00
[2023-09-22T09:16:42.246+0800] {processor.py:179} INFO - Processing /opt/homebrew/lib/python3.11/site-packages/airflow/example_dags/example_short_circuit_operator.py took 0.140 seconds
[2023-09-22T09:18:26.006+0800] {processor.py:157} INFO - Started process (PID=72547) to work on /opt/homebrew/lib/python3.11/site-packages/airflow/example_dags/example_short_circuit_operator.py
[2023-09-22T09:18:26.007+0800] {processor.py:829} INFO - Processing file /opt/homebrew/lib/python3.11/site-packages/airflow/example_dags/example_short_circuit_operator.py for tasks to queue
[2023-09-22T09:18:26.007+0800] {logging_mixin.py:151} INFO - [2023-09-22T09:18:26.007+0800] {dagbag.py:539} INFO - Filling up the DagBag from /opt/homebrew/lib/python3.11/site-packages/airflow/example_dags/example_short_circuit_operator.py
[2023-09-22T09:18:26.031+0800] {processor.py:839} INFO - DAG(s) dict_keys(['example_short_circuit_operator']) retrieved from /opt/homebrew/lib/python3.11/site-packages/airflow/example_dags/example_short_circuit_operator.py
[2023-09-22T09:18:26.132+0800] {logging_mixin.py:151} INFO - [2023-09-22T09:18:26.132+0800] {dag.py:2915} INFO - Sync 1 DAGs
[2023-09-22T09:18:26.141+0800] {logging_mixin.py:151} INFO - [2023-09-22T09:18:26.141+0800] {dag.py:3696} INFO - Setting next_dagrun for example_short_circuit_operator to 2023-09-21T01:18:26.141588+00:00, run_after=2023-09-22T01:18:26.141588+00:00
[2023-09-22T09:18:26.151+0800] {processor.py:179} INFO - Processing /opt/homebrew/lib/python3.11/site-packages/airflow/example_dags/example_short_circuit_operator.py took 0.145 seconds
[2023-09-22T09:20:10.303+0800] {processor.py:157} INFO - Started process (PID=72736) to work on /opt/homebrew/lib/python3.11/site-packages/airflow/example_dags/example_short_circuit_operator.py
[2023-09-22T09:20:10.303+0800] {processor.py:829} INFO - Processing file /opt/homebrew/lib/python3.11/site-packages/airflow/example_dags/example_short_circuit_operator.py for tasks to queue
[2023-09-22T09:20:10.303+0800] {logging_mixin.py:151} INFO - [2023-09-22T09:20:10.303+0800] {dagbag.py:539} INFO - Filling up the DagBag from /opt/homebrew/lib/python3.11/site-packages/airflow/example_dags/example_short_circuit_operator.py
[2023-09-22T09:20:10.327+0800] {processor.py:839} INFO - DAG(s) dict_keys(['example_short_circuit_operator']) retrieved from /opt/homebrew/lib/python3.11/site-packages/airflow/example_dags/example_short_circuit_operator.py
[2023-09-22T09:20:10.423+0800] {logging_mixin.py:151} INFO - [2023-09-22T09:20:10.423+0800] {dag.py:2915} INFO - Sync 1 DAGs
[2023-09-22T09:20:10.432+0800] {logging_mixin.py:151} INFO - [2023-09-22T09:20:10.432+0800] {dag.py:3696} INFO - Setting next_dagrun for example_short_circuit_operator to 2023-09-21T01:20:10.432352+00:00, run_after=2023-09-22T01:20:10.432352+00:00
[2023-09-22T09:20:10.442+0800] {processor.py:179} INFO - Processing /opt/homebrew/lib/python3.11/site-packages/airflow/example_dags/example_short_circuit_operator.py took 0.140 seconds
[2023-09-22T09:21:58.729+0800] {processor.py:157} INFO - Started process (PID=72924) to work on /opt/homebrew/lib/python3.11/site-packages/airflow/example_dags/example_short_circuit_operator.py
[2023-09-22T09:21:58.730+0800] {processor.py:829} INFO - Processing file /opt/homebrew/lib/python3.11/site-packages/airflow/example_dags/example_short_circuit_operator.py for tasks to queue
[2023-09-22T09:21:58.730+0800] {logging_mixin.py:151} INFO - [2023-09-22T09:21:58.730+0800] {dagbag.py:539} INFO - Filling up the DagBag from /opt/homebrew/lib/python3.11/site-packages/airflow/example_dags/example_short_circuit_operator.py
[2023-09-22T09:21:58.753+0800] {processor.py:839} INFO - DAG(s) dict_keys(['example_short_circuit_operator']) retrieved from /opt/homebrew/lib/python3.11/site-packages/airflow/example_dags/example_short_circuit_operator.py
[2023-09-22T09:21:58.850+0800] {logging_mixin.py:151} INFO - [2023-09-22T09:21:58.850+0800] {dag.py:2915} INFO - Sync 1 DAGs
[2023-09-22T09:21:58.859+0800] {logging_mixin.py:151} INFO - [2023-09-22T09:21:58.859+0800] {dag.py:3696} INFO - Setting next_dagrun for example_short_circuit_operator to 2023-09-21T01:21:58.859216+00:00, run_after=2023-09-22T01:21:58.859216+00:00
[2023-09-22T09:21:58.869+0800] {processor.py:179} INFO - Processing /opt/homebrew/lib/python3.11/site-packages/airflow/example_dags/example_short_circuit_operator.py took 0.140 seconds
[2023-09-22T09:23:43.339+0800] {processor.py:157} INFO - Started process (PID=73110) to work on /opt/homebrew/lib/python3.11/site-packages/airflow/example_dags/example_short_circuit_operator.py
[2023-09-22T09:23:43.339+0800] {processor.py:829} INFO - Processing file /opt/homebrew/lib/python3.11/site-packages/airflow/example_dags/example_short_circuit_operator.py for tasks to queue
[2023-09-22T09:23:43.340+0800] {logging_mixin.py:151} INFO - [2023-09-22T09:23:43.340+0800] {dagbag.py:539} INFO - Filling up the DagBag from /opt/homebrew/lib/python3.11/site-packages/airflow/example_dags/example_short_circuit_operator.py
[2023-09-22T09:23:43.363+0800] {processor.py:839} INFO - DAG(s) dict_keys(['example_short_circuit_operator']) retrieved from /opt/homebrew/lib/python3.11/site-packages/airflow/example_dags/example_short_circuit_operator.py
[2023-09-22T09:23:43.460+0800] {logging_mixin.py:151} INFO - [2023-09-22T09:23:43.459+0800] {dag.py:2915} INFO - Sync 1 DAGs
[2023-09-22T09:23:43.469+0800] {logging_mixin.py:151} INFO - [2023-09-22T09:23:43.468+0800] {dag.py:3696} INFO - Setting next_dagrun for example_short_circuit_operator to 2023-09-21T01:23:43.468873+00:00, run_after=2023-09-22T01:23:43.468873+00:00
[2023-09-22T09:23:43.479+0800] {processor.py:179} INFO - Processing /opt/homebrew/lib/python3.11/site-packages/airflow/example_dags/example_short_circuit_operator.py took 0.140 seconds
[2023-09-22T09:25:19.646+0800] {processor.py:157} INFO - Started process (PID=73282) to work on /opt/homebrew/lib/python3.11/site-packages/airflow/example_dags/example_short_circuit_operator.py
[2023-09-22T09:25:19.647+0800] {processor.py:829} INFO - Processing file /opt/homebrew/lib/python3.11/site-packages/airflow/example_dags/example_short_circuit_operator.py for tasks to queue
[2023-09-22T09:25:19.647+0800] {logging_mixin.py:151} INFO - [2023-09-22T09:25:19.647+0800] {dagbag.py:539} INFO - Filling up the DagBag from /opt/homebrew/lib/python3.11/site-packages/airflow/example_dags/example_short_circuit_operator.py
[2023-09-22T09:25:19.670+0800] {processor.py:839} INFO - DAG(s) dict_keys(['example_short_circuit_operator']) retrieved from /opt/homebrew/lib/python3.11/site-packages/airflow/example_dags/example_short_circuit_operator.py
[2023-09-22T09:25:19.767+0800] {logging_mixin.py:151} INFO - [2023-09-22T09:25:19.767+0800] {dag.py:2915} INFO - Sync 1 DAGs
[2023-09-22T09:25:19.776+0800] {logging_mixin.py:151} INFO - [2023-09-22T09:25:19.776+0800] {dag.py:3696} INFO - Setting next_dagrun for example_short_circuit_operator to 2023-09-21T01:25:19.776399+00:00, run_after=2023-09-22T01:25:19.776399+00:00
[2023-09-22T09:25:19.786+0800] {processor.py:179} INFO - Processing /opt/homebrew/lib/python3.11/site-packages/airflow/example_dags/example_short_circuit_operator.py took 0.140 seconds
[2023-09-22T09:27:09.371+0800] {processor.py:157} INFO - Started process (PID=73474) to work on /opt/homebrew/lib/python3.11/site-packages/airflow/example_dags/example_short_circuit_operator.py
[2023-09-22T09:27:09.372+0800] {processor.py:829} INFO - Processing file /opt/homebrew/lib/python3.11/site-packages/airflow/example_dags/example_short_circuit_operator.py for tasks to queue
[2023-09-22T09:27:09.372+0800] {logging_mixin.py:151} INFO - [2023-09-22T09:27:09.372+0800] {dagbag.py:539} INFO - Filling up the DagBag from /opt/homebrew/lib/python3.11/site-packages/airflow/example_dags/example_short_circuit_operator.py
[2023-09-22T09:27:09.395+0800] {processor.py:839} INFO - DAG(s) dict_keys(['example_short_circuit_operator']) retrieved from /opt/homebrew/lib/python3.11/site-packages/airflow/example_dags/example_short_circuit_operator.py
[2023-09-22T09:27:09.492+0800] {logging_mixin.py:151} INFO - [2023-09-22T09:27:09.491+0800] {dag.py:2915} INFO - Sync 1 DAGs
[2023-09-22T09:27:09.500+0800] {logging_mixin.py:151} INFO - [2023-09-22T09:27:09.500+0800] {dag.py:3696} INFO - Setting next_dagrun for example_short_circuit_operator to 2023-09-21T01:27:09.500776+00:00, run_after=2023-09-22T01:27:09.500776+00:00
[2023-09-22T09:27:09.511+0800] {processor.py:179} INFO - Processing /opt/homebrew/lib/python3.11/site-packages/airflow/example_dags/example_short_circuit_operator.py took 0.140 seconds
[2023-09-22T09:28:57.263+0800] {processor.py:157} INFO - Started process (PID=73698) to work on /opt/homebrew/lib/python3.11/site-packages/airflow/example_dags/example_short_circuit_operator.py
[2023-09-22T09:28:57.264+0800] {processor.py:829} INFO - Processing file /opt/homebrew/lib/python3.11/site-packages/airflow/example_dags/example_short_circuit_operator.py for tasks to queue
[2023-09-22T09:28:57.264+0800] {logging_mixin.py:151} INFO - [2023-09-22T09:28:57.264+0800] {dagbag.py:539} INFO - Filling up the DagBag from /opt/homebrew/lib/python3.11/site-packages/airflow/example_dags/example_short_circuit_operator.py
[2023-09-22T09:28:57.287+0800] {processor.py:839} INFO - DAG(s) dict_keys(['example_short_circuit_operator']) retrieved from /opt/homebrew/lib/python3.11/site-packages/airflow/example_dags/example_short_circuit_operator.py
[2023-09-22T09:28:57.384+0800] {logging_mixin.py:151} INFO - [2023-09-22T09:28:57.384+0800] {dag.py:2915} INFO - Sync 1 DAGs
[2023-09-22T09:28:57.393+0800] {logging_mixin.py:151} INFO - [2023-09-22T09:28:57.393+0800] {dag.py:3696} INFO - Setting next_dagrun for example_short_circuit_operator to 2023-09-21T01:28:57.393181+00:00, run_after=2023-09-22T01:28:57.393181+00:00
[2023-09-22T09:28:57.403+0800] {processor.py:179} INFO - Processing /opt/homebrew/lib/python3.11/site-packages/airflow/example_dags/example_short_circuit_operator.py took 0.140 seconds
[2023-09-22T09:30:38.756+0800] {processor.py:157} INFO - Started process (PID=73879) to work on /opt/homebrew/lib/python3.11/site-packages/airflow/example_dags/example_short_circuit_operator.py
[2023-09-22T09:30:38.756+0800] {processor.py:829} INFO - Processing file /opt/homebrew/lib/python3.11/site-packages/airflow/example_dags/example_short_circuit_operator.py for tasks to queue
[2023-09-22T09:30:38.756+0800] {logging_mixin.py:151} INFO - [2023-09-22T09:30:38.756+0800] {dagbag.py:539} INFO - Filling up the DagBag from /opt/homebrew/lib/python3.11/site-packages/airflow/example_dags/example_short_circuit_operator.py
[2023-09-22T09:30:38.780+0800] {processor.py:839} INFO - DAG(s) dict_keys(['example_short_circuit_operator']) retrieved from /opt/homebrew/lib/python3.11/site-packages/airflow/example_dags/example_short_circuit_operator.py
[2023-09-22T09:30:38.876+0800] {logging_mixin.py:151} INFO - [2023-09-22T09:30:38.876+0800] {dag.py:2915} INFO - Sync 1 DAGs
[2023-09-22T09:30:38.885+0800] {logging_mixin.py:151} INFO - [2023-09-22T09:30:38.885+0800] {dag.py:3696} INFO - Setting next_dagrun for example_short_circuit_operator to 2023-09-21T01:30:38.885294+00:00, run_after=2023-09-22T01:30:38.885294+00:00
[2023-09-22T09:30:38.895+0800] {processor.py:179} INFO - Processing /opt/homebrew/lib/python3.11/site-packages/airflow/example_dags/example_short_circuit_operator.py took 0.140 seconds
[2023-09-22T09:32:22.510+0800] {processor.py:157} INFO - Started process (PID=74064) to work on /opt/homebrew/lib/python3.11/site-packages/airflow/example_dags/example_short_circuit_operator.py
[2023-09-22T09:32:22.510+0800] {processor.py:829} INFO - Processing file /opt/homebrew/lib/python3.11/site-packages/airflow/example_dags/example_short_circuit_operator.py for tasks to queue
[2023-09-22T09:32:22.511+0800] {logging_mixin.py:151} INFO - [2023-09-22T09:32:22.510+0800] {dagbag.py:539} INFO - Filling up the DagBag from /opt/homebrew/lib/python3.11/site-packages/airflow/example_dags/example_short_circuit_operator.py
[2023-09-22T09:32:22.534+0800] {processor.py:839} INFO - DAG(s) dict_keys(['example_short_circuit_operator']) retrieved from /opt/homebrew/lib/python3.11/site-packages/airflow/example_dags/example_short_circuit_operator.py
[2023-09-22T09:32:22.630+0800] {logging_mixin.py:151} INFO - [2023-09-22T09:32:22.630+0800] {dag.py:2915} INFO - Sync 1 DAGs
[2023-09-22T09:32:22.639+0800] {logging_mixin.py:151} INFO - [2023-09-22T09:32:22.639+0800] {dag.py:3696} INFO - Setting next_dagrun for example_short_circuit_operator to 2023-09-21T01:32:22.639473+00:00, run_after=2023-09-22T01:32:22.639473+00:00
[2023-09-22T09:32:22.649+0800] {processor.py:179} INFO - Processing /opt/homebrew/lib/python3.11/site-packages/airflow/example_dags/example_short_circuit_operator.py took 0.140 seconds
[2023-09-22T09:34:06.342+0800] {processor.py:157} INFO - Started process (PID=74262) to work on /opt/homebrew/lib/python3.11/site-packages/airflow/example_dags/example_short_circuit_operator.py
[2023-09-22T09:34:06.343+0800] {processor.py:829} INFO - Processing file /opt/homebrew/lib/python3.11/site-packages/airflow/example_dags/example_short_circuit_operator.py for tasks to queue
[2023-09-22T09:34:06.343+0800] {logging_mixin.py:151} INFO - [2023-09-22T09:34:06.343+0800] {dagbag.py:539} INFO - Filling up the DagBag from /opt/homebrew/lib/python3.11/site-packages/airflow/example_dags/example_short_circuit_operator.py
[2023-09-22T09:34:06.366+0800] {processor.py:839} INFO - DAG(s) dict_keys(['example_short_circuit_operator']) retrieved from /opt/homebrew/lib/python3.11/site-packages/airflow/example_dags/example_short_circuit_operator.py
[2023-09-22T09:34:06.463+0800] {logging_mixin.py:151} INFO - [2023-09-22T09:34:06.463+0800] {dag.py:2915} INFO - Sync 1 DAGs
[2023-09-22T09:34:06.472+0800] {logging_mixin.py:151} INFO - [2023-09-22T09:34:06.472+0800] {dag.py:3696} INFO - Setting next_dagrun for example_short_circuit_operator to 2023-09-21T01:34:06.472587+00:00, run_after=2023-09-22T01:34:06.472587+00:00
[2023-09-22T09:34:06.483+0800] {processor.py:179} INFO - Processing /opt/homebrew/lib/python3.11/site-packages/airflow/example_dags/example_short_circuit_operator.py took 0.140 seconds
[2023-09-22T09:35:55.303+0800] {processor.py:157} INFO - Started process (PID=74510) to work on /opt/homebrew/lib/python3.11/site-packages/airflow/example_dags/example_short_circuit_operator.py
[2023-09-22T09:35:55.303+0800] {processor.py:829} INFO - Processing file /opt/homebrew/lib/python3.11/site-packages/airflow/example_dags/example_short_circuit_operator.py for tasks to queue
[2023-09-22T09:35:55.303+0800] {logging_mixin.py:151} INFO - [2023-09-22T09:35:55.303+0800] {dagbag.py:539} INFO - Filling up the DagBag from /opt/homebrew/lib/python3.11/site-packages/airflow/example_dags/example_short_circuit_operator.py
[2023-09-22T09:35:55.326+0800] {processor.py:839} INFO - DAG(s) dict_keys(['example_short_circuit_operator']) retrieved from /opt/homebrew/lib/python3.11/site-packages/airflow/example_dags/example_short_circuit_operator.py
[2023-09-22T09:35:55.423+0800] {logging_mixin.py:151} INFO - [2023-09-22T09:35:55.423+0800] {dag.py:2915} INFO - Sync 1 DAGs
[2023-09-22T09:35:55.432+0800] {logging_mixin.py:151} INFO - [2023-09-22T09:35:55.432+0800] {dag.py:3696} INFO - Setting next_dagrun for example_short_circuit_operator to 2023-09-21T01:35:55.432295+00:00, run_after=2023-09-22T01:35:55.432295+00:00
[2023-09-22T09:35:55.442+0800] {processor.py:179} INFO - Processing /opt/homebrew/lib/python3.11/site-packages/airflow/example_dags/example_short_circuit_operator.py took 0.140 seconds
[2023-09-22T09:37:38.182+0800] {processor.py:157} INFO - Started process (PID=74701) to work on /opt/homebrew/lib/python3.11/site-packages/airflow/example_dags/example_short_circuit_operator.py
[2023-09-22T09:37:38.183+0800] {processor.py:829} INFO - Processing file /opt/homebrew/lib/python3.11/site-packages/airflow/example_dags/example_short_circuit_operator.py for tasks to queue
[2023-09-22T09:37:38.183+0800] {logging_mixin.py:151} INFO - [2023-09-22T09:37:38.183+0800] {dagbag.py:539} INFO - Filling up the DagBag from /opt/homebrew/lib/python3.11/site-packages/airflow/example_dags/example_short_circuit_operator.py
[2023-09-22T09:37:38.206+0800] {processor.py:839} INFO - DAG(s) dict_keys(['example_short_circuit_operator']) retrieved from /opt/homebrew/lib/python3.11/site-packages/airflow/example_dags/example_short_circuit_operator.py
[2023-09-22T09:37:38.303+0800] {logging_mixin.py:151} INFO - [2023-09-22T09:37:38.302+0800] {dag.py:2915} INFO - Sync 1 DAGs
[2023-09-22T09:37:38.312+0800] {logging_mixin.py:151} INFO - [2023-09-22T09:37:38.311+0800] {dag.py:3696} INFO - Setting next_dagrun for example_short_circuit_operator to 2023-09-21T01:37:38.311827+00:00, run_after=2023-09-22T01:37:38.311827+00:00
[2023-09-22T09:37:38.321+0800] {processor.py:179} INFO - Processing /opt/homebrew/lib/python3.11/site-packages/airflow/example_dags/example_short_circuit_operator.py took 0.140 seconds
[2023-09-22T09:39:23.305+0800] {processor.py:157} INFO - Started process (PID=74897) to work on /opt/homebrew/lib/python3.11/site-packages/airflow/example_dags/example_short_circuit_operator.py
[2023-09-22T09:39:23.305+0800] {processor.py:829} INFO - Processing file /opt/homebrew/lib/python3.11/site-packages/airflow/example_dags/example_short_circuit_operator.py for tasks to queue
[2023-09-22T09:39:23.305+0800] {logging_mixin.py:151} INFO - [2023-09-22T09:39:23.305+0800] {dagbag.py:539} INFO - Filling up the DagBag from /opt/homebrew/lib/python3.11/site-packages/airflow/example_dags/example_short_circuit_operator.py
[2023-09-22T09:39:23.329+0800] {processor.py:839} INFO - DAG(s) dict_keys(['example_short_circuit_operator']) retrieved from /opt/homebrew/lib/python3.11/site-packages/airflow/example_dags/example_short_circuit_operator.py
[2023-09-22T09:39:23.425+0800] {logging_mixin.py:151} INFO - [2023-09-22T09:39:23.425+0800] {dag.py:2915} INFO - Sync 1 DAGs
[2023-09-22T09:39:23.434+0800] {logging_mixin.py:151} INFO - [2023-09-22T09:39:23.434+0800] {dag.py:3696} INFO - Setting next_dagrun for example_short_circuit_operator to 2023-09-21T01:39:23.434402+00:00, run_after=2023-09-22T01:39:23.434402+00:00
[2023-09-22T09:39:23.444+0800] {processor.py:179} INFO - Processing /opt/homebrew/lib/python3.11/site-packages/airflow/example_dags/example_short_circuit_operator.py took 0.140 seconds
[2023-09-22T09:41:10.514+0800] {processor.py:157} INFO - Started process (PID=75091) to work on /opt/homebrew/lib/python3.11/site-packages/airflow/example_dags/example_short_circuit_operator.py
[2023-09-22T09:41:10.514+0800] {processor.py:829} INFO - Processing file /opt/homebrew/lib/python3.11/site-packages/airflow/example_dags/example_short_circuit_operator.py for tasks to queue
[2023-09-22T09:41:10.515+0800] {logging_mixin.py:151} INFO - [2023-09-22T09:41:10.515+0800] {dagbag.py:539} INFO - Filling up the DagBag from /opt/homebrew/lib/python3.11/site-packages/airflow/example_dags/example_short_circuit_operator.py
[2023-09-22T09:41:10.538+0800] {processor.py:839} INFO - DAG(s) dict_keys(['example_short_circuit_operator']) retrieved from /opt/homebrew/lib/python3.11/site-packages/airflow/example_dags/example_short_circuit_operator.py
[2023-09-22T09:41:10.634+0800] {logging_mixin.py:151} INFO - [2023-09-22T09:41:10.634+0800] {dag.py:2915} INFO - Sync 1 DAGs
[2023-09-22T09:41:10.643+0800] {logging_mixin.py:151} INFO - [2023-09-22T09:41:10.643+0800] {dag.py:3696} INFO - Setting next_dagrun for example_short_circuit_operator to 2023-09-21T01:41:10.643707+00:00, run_after=2023-09-22T01:41:10.643707+00:00
[2023-09-22T09:41:10.653+0800] {processor.py:179} INFO - Processing /opt/homebrew/lib/python3.11/site-packages/airflow/example_dags/example_short_circuit_operator.py took 0.140 seconds
[2023-09-22T10:48:38.899+0800] {processor.py:157} INFO - Started process (PID=75363) to work on /opt/homebrew/lib/python3.11/site-packages/airflow/example_dags/example_short_circuit_operator.py
[2023-09-22T10:48:38.900+0800] {processor.py:829} INFO - Processing file /opt/homebrew/lib/python3.11/site-packages/airflow/example_dags/example_short_circuit_operator.py for tasks to queue
[2023-09-22T10:48:38.901+0800] {logging_mixin.py:151} INFO - [2023-09-22T10:48:38.901+0800] {dagbag.py:539} INFO - Filling up the DagBag from /opt/homebrew/lib/python3.11/site-packages/airflow/example_dags/example_short_circuit_operator.py
[2023-09-22T10:48:38.924+0800] {processor.py:839} INFO - DAG(s) dict_keys(['example_short_circuit_operator']) retrieved from /opt/homebrew/lib/python3.11/site-packages/airflow/example_dags/example_short_circuit_operator.py
[2023-09-22T10:48:39.021+0800] {logging_mixin.py:151} INFO - [2023-09-22T10:48:39.021+0800] {dag.py:2915} INFO - Sync 1 DAGs
[2023-09-22T10:48:39.030+0800] {logging_mixin.py:151} INFO - [2023-09-22T10:48:39.030+0800] {dag.py:3696} INFO - Setting next_dagrun for example_short_circuit_operator to 2023-09-21T02:48:39.030419+00:00, run_after=2023-09-22T02:48:39.030419+00:00
[2023-09-22T10:48:39.040+0800] {processor.py:179} INFO - Processing /opt/homebrew/lib/python3.11/site-packages/airflow/example_dags/example_short_circuit_operator.py took 0.142 seconds
[2023-09-22T13:01:19.982+0800] {processor.py:157} INFO - Started process (PID=75586) to work on /opt/homebrew/lib/python3.11/site-packages/airflow/example_dags/example_short_circuit_operator.py
[2023-09-22T13:01:19.984+0800] {processor.py:829} INFO - Processing file /opt/homebrew/lib/python3.11/site-packages/airflow/example_dags/example_short_circuit_operator.py for tasks to queue
[2023-09-22T13:01:19.984+0800] {logging_mixin.py:151} INFO - [2023-09-22T13:01:19.984+0800] {dagbag.py:539} INFO - Filling up the DagBag from /opt/homebrew/lib/python3.11/site-packages/airflow/example_dags/example_short_circuit_operator.py
[2023-09-22T13:01:20.008+0800] {processor.py:839} INFO - DAG(s) dict_keys(['example_short_circuit_operator']) retrieved from /opt/homebrew/lib/python3.11/site-packages/airflow/example_dags/example_short_circuit_operator.py
[2023-09-22T13:01:20.105+0800] {logging_mixin.py:151} INFO - [2023-09-22T13:01:20.105+0800] {dag.py:2915} INFO - Sync 1 DAGs
[2023-09-22T13:01:20.114+0800] {logging_mixin.py:151} INFO - [2023-09-22T13:01:20.113+0800] {dag.py:3696} INFO - Setting next_dagrun for example_short_circuit_operator to 2023-09-21T05:01:20.113900+00:00, run_after=2023-09-22T05:01:20.113900+00:00
[2023-09-22T13:01:20.124+0800] {processor.py:179} INFO - Processing /opt/homebrew/lib/python3.11/site-packages/airflow/example_dags/example_short_circuit_operator.py took 0.142 seconds
[2023-09-22T16:20:56.580+0800] {processor.py:157} INFO - Started process (PID=75893) to work on /opt/homebrew/lib/python3.11/site-packages/airflow/example_dags/example_short_circuit_operator.py
[2023-09-22T16:20:56.581+0800] {processor.py:829} INFO - Processing file /opt/homebrew/lib/python3.11/site-packages/airflow/example_dags/example_short_circuit_operator.py for tasks to queue
[2023-09-22T16:20:56.582+0800] {logging_mixin.py:151} INFO - [2023-09-22T16:20:56.582+0800] {dagbag.py:539} INFO - Filling up the DagBag from /opt/homebrew/lib/python3.11/site-packages/airflow/example_dags/example_short_circuit_operator.py
[2023-09-22T16:20:56.605+0800] {processor.py:839} INFO - DAG(s) dict_keys(['example_short_circuit_operator']) retrieved from /opt/homebrew/lib/python3.11/site-packages/airflow/example_dags/example_short_circuit_operator.py
[2023-09-22T16:20:56.702+0800] {logging_mixin.py:151} INFO - [2023-09-22T16:20:56.702+0800] {dag.py:2915} INFO - Sync 1 DAGs
[2023-09-22T16:20:56.711+0800] {logging_mixin.py:151} INFO - [2023-09-22T16:20:56.711+0800] {dag.py:3696} INFO - Setting next_dagrun for example_short_circuit_operator to 2023-09-21T08:20:56.711399+00:00, run_after=2023-09-22T08:20:56.711399+00:00
[2023-09-22T16:20:56.721+0800] {processor.py:179} INFO - Processing /opt/homebrew/lib/python3.11/site-packages/airflow/example_dags/example_short_circuit_operator.py took 0.141 seconds
[2023-09-22T18:54:19.587+0800] {processor.py:157} INFO - Started process (PID=76231) to work on /opt/homebrew/lib/python3.11/site-packages/airflow/example_dags/example_short_circuit_operator.py
[2023-09-22T18:54:19.588+0800] {processor.py:829} INFO - Processing file /opt/homebrew/lib/python3.11/site-packages/airflow/example_dags/example_short_circuit_operator.py for tasks to queue
[2023-09-22T18:54:19.588+0800] {logging_mixin.py:151} INFO - [2023-09-22T18:54:19.588+0800] {dagbag.py:539} INFO - Filling up the DagBag from /opt/homebrew/lib/python3.11/site-packages/airflow/example_dags/example_short_circuit_operator.py
[2023-09-22T18:54:19.611+0800] {processor.py:839} INFO - DAG(s) dict_keys(['example_short_circuit_operator']) retrieved from /opt/homebrew/lib/python3.11/site-packages/airflow/example_dags/example_short_circuit_operator.py
[2023-09-22T18:54:19.708+0800] {logging_mixin.py:151} INFO - [2023-09-22T18:54:19.708+0800] {dag.py:2915} INFO - Sync 1 DAGs
[2023-09-22T18:54:19.717+0800] {logging_mixin.py:151} INFO - [2023-09-22T18:54:19.717+0800] {dag.py:3696} INFO - Setting next_dagrun for example_short_circuit_operator to 2023-09-21T10:54:19.717719+00:00, run_after=2023-09-22T10:54:19.717719+00:00
[2023-09-22T18:54:19.728+0800] {processor.py:179} INFO - Processing /opt/homebrew/lib/python3.11/site-packages/airflow/example_dags/example_short_circuit_operator.py took 0.141 seconds
[2023-09-22T22:11:20.134+0800] {processor.py:157} INFO - Started process (PID=76538) to work on /opt/homebrew/lib/python3.11/site-packages/airflow/example_dags/example_short_circuit_operator.py
[2023-09-22T22:11:20.135+0800] {processor.py:829} INFO - Processing file /opt/homebrew/lib/python3.11/site-packages/airflow/example_dags/example_short_circuit_operator.py for tasks to queue
[2023-09-22T22:11:20.135+0800] {logging_mixin.py:151} INFO - [2023-09-22T22:11:20.135+0800] {dagbag.py:539} INFO - Filling up the DagBag from /opt/homebrew/lib/python3.11/site-packages/airflow/example_dags/example_short_circuit_operator.py
[2023-09-22T22:11:20.159+0800] {processor.py:839} INFO - DAG(s) dict_keys(['example_short_circuit_operator']) retrieved from /opt/homebrew/lib/python3.11/site-packages/airflow/example_dags/example_short_circuit_operator.py
[2023-09-22T22:11:20.256+0800] {logging_mixin.py:151} INFO - [2023-09-22T22:11:20.256+0800] {dag.py:2915} INFO - Sync 1 DAGs
[2023-09-22T22:11:20.265+0800] {logging_mixin.py:151} INFO - [2023-09-22T22:11:20.265+0800] {dag.py:3696} INFO - Setting next_dagrun for example_short_circuit_operator to 2023-09-21T14:11:20.265533+00:00, run_after=2023-09-22T14:11:20.265533+00:00
[2023-09-22T22:11:20.276+0800] {processor.py:179} INFO - Processing /opt/homebrew/lib/python3.11/site-packages/airflow/example_dags/example_short_circuit_operator.py took 0.142 seconds
[2023-09-23T01:31:55.870+0800] {processor.py:157} INFO - Started process (PID=76897) to work on /opt/homebrew/lib/python3.11/site-packages/airflow/example_dags/example_short_circuit_operator.py
[2023-09-23T01:31:55.871+0800] {processor.py:829} INFO - Processing file /opt/homebrew/lib/python3.11/site-packages/airflow/example_dags/example_short_circuit_operator.py for tasks to queue
[2023-09-23T01:31:55.871+0800] {logging_mixin.py:151} INFO - [2023-09-23T01:31:55.871+0800] {dagbag.py:539} INFO - Filling up the DagBag from /opt/homebrew/lib/python3.11/site-packages/airflow/example_dags/example_short_circuit_operator.py
[2023-09-23T01:31:55.894+0800] {processor.py:839} INFO - DAG(s) dict_keys(['example_short_circuit_operator']) retrieved from /opt/homebrew/lib/python3.11/site-packages/airflow/example_dags/example_short_circuit_operator.py
[2023-09-23T01:31:55.992+0800] {logging_mixin.py:151} INFO - [2023-09-23T01:31:55.991+0800] {dag.py:2915} INFO - Sync 1 DAGs
[2023-09-23T01:31:56.000+0800] {logging_mixin.py:151} INFO - [2023-09-23T01:31:56.000+0800] {dag.py:3696} INFO - Setting next_dagrun for example_short_circuit_operator to 2023-09-21T17:31:56.000743+00:00, run_after=2023-09-22T17:31:56.000743+00:00
[2023-09-23T01:31:56.010+0800] {processor.py:179} INFO - Processing /opt/homebrew/lib/python3.11/site-packages/airflow/example_dags/example_short_circuit_operator.py took 0.141 seconds
[2023-09-23T05:03:53.202+0800] {processor.py:157} INFO - Started process (PID=77272) to work on /opt/homebrew/lib/python3.11/site-packages/airflow/example_dags/example_short_circuit_operator.py
[2023-09-23T05:03:53.203+0800] {processor.py:829} INFO - Processing file /opt/homebrew/lib/python3.11/site-packages/airflow/example_dags/example_short_circuit_operator.py for tasks to queue
[2023-09-23T05:03:53.203+0800] {logging_mixin.py:151} INFO - [2023-09-23T05:03:53.203+0800] {dagbag.py:539} INFO - Filling up the DagBag from /opt/homebrew/lib/python3.11/site-packages/airflow/example_dags/example_short_circuit_operator.py
[2023-09-23T05:03:53.226+0800] {processor.py:839} INFO - DAG(s) dict_keys(['example_short_circuit_operator']) retrieved from /opt/homebrew/lib/python3.11/site-packages/airflow/example_dags/example_short_circuit_operator.py
[2023-09-23T05:03:53.323+0800] {logging_mixin.py:151} INFO - [2023-09-23T05:03:53.323+0800] {dag.py:2915} INFO - Sync 1 DAGs
[2023-09-23T05:03:53.332+0800] {logging_mixin.py:151} INFO - [2023-09-23T05:03:53.332+0800] {dag.py:3696} INFO - Setting next_dagrun for example_short_circuit_operator to 2023-09-21T21:03:53.332193+00:00, run_after=2023-09-22T21:03:53.332193+00:00
[2023-09-23T05:03:53.342+0800] {processor.py:179} INFO - Processing /opt/homebrew/lib/python3.11/site-packages/airflow/example_dags/example_short_circuit_operator.py took 0.141 seconds
[2023-09-23T07:34:24.670+0800] {processor.py:157} INFO - Started process (PID=77535) to work on /opt/homebrew/lib/python3.11/site-packages/airflow/example_dags/example_short_circuit_operator.py
[2023-09-23T07:34:24.671+0800] {processor.py:829} INFO - Processing file /opt/homebrew/lib/python3.11/site-packages/airflow/example_dags/example_short_circuit_operator.py for tasks to queue
[2023-09-23T07:34:24.671+0800] {logging_mixin.py:151} INFO - [2023-09-23T07:34:24.671+0800] {dagbag.py:539} INFO - Filling up the DagBag from /opt/homebrew/lib/python3.11/site-packages/airflow/example_dags/example_short_circuit_operator.py
[2023-09-23T07:34:24.710+0800] {processor.py:839} INFO - DAG(s) dict_keys(['example_short_circuit_operator']) retrieved from /opt/homebrew/lib/python3.11/site-packages/airflow/example_dags/example_short_circuit_operator.py
[2023-09-23T07:34:24.846+0800] {logging_mixin.py:151} INFO - [2023-09-23T07:34:24.846+0800] {dag.py:2915} INFO - Sync 1 DAGs
[2023-09-23T07:34:24.857+0800] {logging_mixin.py:151} INFO - [2023-09-23T07:34:24.857+0800] {dag.py:3696} INFO - Setting next_dagrun for example_short_circuit_operator to 2023-09-21T23:34:24.857516+00:00, run_after=2023-09-22T23:34:24.857516+00:00
[2023-09-23T07:34:24.870+0800] {processor.py:179} INFO - Processing /opt/homebrew/lib/python3.11/site-packages/airflow/example_dags/example_short_circuit_operator.py took 0.200 seconds
