[2023-09-22T08:00:40.398+0800] {processor.py:157} INFO - Started process (PID=63914) to work on /opt/homebrew/lib/python3.11/site-packages/airflow/example_dags/example_python_operator.py
[2023-09-22T08:00:40.399+0800] {processor.py:829} INFO - Processing file /opt/homebrew/lib/python3.11/site-packages/airflow/example_dags/example_python_operator.py for tasks to queue
[2023-09-22T08:00:40.399+0800] {logging_mixin.py:151} INFO - [2023-09-22T08:00:40.399+0800] {dagbag.py:539} INFO - Filling up the DagBag from /opt/homebrew/lib/python3.11/site-packages/airflow/example_dags/example_python_operator.py
[2023-09-22T08:00:40.428+0800] {logging_mixin.py:151} INFO - [2023-09-22T08:00:40.428+0800] {example_python_operator.py:89} WARNING - The virtalenv_python example task requires virtualenv, please install it.
[2023-09-22T08:00:40.432+0800] {processor.py:839} INFO - DAG(s) dict_keys(['example_python_operator']) retrieved from /opt/homebrew/lib/python3.11/site-packages/airflow/example_dags/example_python_operator.py
[2023-09-22T08:00:40.525+0800] {logging_mixin.py:151} INFO - [2023-09-22T08:00:40.524+0800] {dag.py:2915} INFO - Sync 1 DAGs
[2023-09-22T08:00:40.529+0800] {logging_mixin.py:151} INFO - [2023-09-22T08:00:40.529+0800] {dag.py:3696} INFO - Setting next_dagrun for example_python_operator to None, run_after=None
[2023-09-22T08:00:40.539+0800] {processor.py:179} INFO - Processing /opt/homebrew/lib/python3.11/site-packages/airflow/example_dags/example_python_operator.py took 0.141 seconds
[2023-09-22T08:02:28.293+0800] {processor.py:157} INFO - Started process (PID=64098) to work on /opt/homebrew/lib/python3.11/site-packages/airflow/example_dags/example_python_operator.py
[2023-09-22T08:02:28.294+0800] {processor.py:829} INFO - Processing file /opt/homebrew/lib/python3.11/site-packages/airflow/example_dags/example_python_operator.py for tasks to queue
[2023-09-22T08:02:28.294+0800] {logging_mixin.py:151} INFO - [2023-09-22T08:02:28.294+0800] {dagbag.py:539} INFO - Filling up the DagBag from /opt/homebrew/lib/python3.11/site-packages/airflow/example_dags/example_python_operator.py
[2023-09-22T08:02:28.323+0800] {logging_mixin.py:151} INFO - [2023-09-22T08:02:28.323+0800] {example_python_operator.py:89} WARNING - The virtalenv_python example task requires virtualenv, please install it.
[2023-09-22T08:02:28.326+0800] {processor.py:839} INFO - DAG(s) dict_keys(['example_python_operator']) retrieved from /opt/homebrew/lib/python3.11/site-packages/airflow/example_dags/example_python_operator.py
[2023-09-22T08:02:28.420+0800] {logging_mixin.py:151} INFO - [2023-09-22T08:02:28.419+0800] {dag.py:2915} INFO - Sync 1 DAGs
[2023-09-22T08:02:28.424+0800] {logging_mixin.py:151} INFO - [2023-09-22T08:02:28.424+0800] {dag.py:3696} INFO - Setting next_dagrun for example_python_operator to None, run_after=None
[2023-09-22T08:02:28.434+0800] {processor.py:179} INFO - Processing /opt/homebrew/lib/python3.11/site-packages/airflow/example_dags/example_python_operator.py took 0.141 seconds
[2023-09-22T08:04:11.693+0800] {processor.py:157} INFO - Started process (PID=64359) to work on /opt/homebrew/lib/python3.11/site-packages/airflow/example_dags/example_python_operator.py
[2023-09-22T08:04:11.693+0800] {processor.py:829} INFO - Processing file /opt/homebrew/lib/python3.11/site-packages/airflow/example_dags/example_python_operator.py for tasks to queue
[2023-09-22T08:04:11.693+0800] {logging_mixin.py:151} INFO - [2023-09-22T08:04:11.693+0800] {dagbag.py:539} INFO - Filling up the DagBag from /opt/homebrew/lib/python3.11/site-packages/airflow/example_dags/example_python_operator.py
[2023-09-22T08:04:11.722+0800] {logging_mixin.py:151} INFO - [2023-09-22T08:04:11.722+0800] {example_python_operator.py:89} WARNING - The virtalenv_python example task requires virtualenv, please install it.
[2023-09-22T08:04:11.726+0800] {processor.py:839} INFO - DAG(s) dict_keys(['example_python_operator']) retrieved from /opt/homebrew/lib/python3.11/site-packages/airflow/example_dags/example_python_operator.py
[2023-09-22T08:04:11.820+0800] {logging_mixin.py:151} INFO - [2023-09-22T08:04:11.820+0800] {dag.py:2915} INFO - Sync 1 DAGs
[2023-09-22T08:04:11.825+0800] {logging_mixin.py:151} INFO - [2023-09-22T08:04:11.824+0800] {dag.py:3696} INFO - Setting next_dagrun for example_python_operator to None, run_after=None
[2023-09-22T08:04:11.835+0800] {processor.py:179} INFO - Processing /opt/homebrew/lib/python3.11/site-packages/airflow/example_dags/example_python_operator.py took 0.143 seconds
[2023-09-22T08:05:55.605+0800] {processor.py:157} INFO - Started process (PID=64558) to work on /opt/homebrew/lib/python3.11/site-packages/airflow/example_dags/example_python_operator.py
[2023-09-22T08:05:55.606+0800] {processor.py:829} INFO - Processing file /opt/homebrew/lib/python3.11/site-packages/airflow/example_dags/example_python_operator.py for tasks to queue
[2023-09-22T08:05:55.606+0800] {logging_mixin.py:151} INFO - [2023-09-22T08:05:55.606+0800] {dagbag.py:539} INFO - Filling up the DagBag from /opt/homebrew/lib/python3.11/site-packages/airflow/example_dags/example_python_operator.py
[2023-09-22T08:05:55.635+0800] {logging_mixin.py:151} INFO - [2023-09-22T08:05:55.635+0800] {example_python_operator.py:89} WARNING - The virtalenv_python example task requires virtualenv, please install it.
[2023-09-22T08:05:55.638+0800] {processor.py:839} INFO - DAG(s) dict_keys(['example_python_operator']) retrieved from /opt/homebrew/lib/python3.11/site-packages/airflow/example_dags/example_python_operator.py
[2023-09-22T08:05:55.731+0800] {logging_mixin.py:151} INFO - [2023-09-22T08:05:55.731+0800] {dag.py:2915} INFO - Sync 1 DAGs
[2023-09-22T08:05:55.736+0800] {logging_mixin.py:151} INFO - [2023-09-22T08:05:55.736+0800] {dag.py:3696} INFO - Setting next_dagrun for example_python_operator to None, run_after=None
[2023-09-22T08:05:55.746+0800] {processor.py:179} INFO - Processing /opt/homebrew/lib/python3.11/site-packages/airflow/example_dags/example_python_operator.py took 0.141 seconds
[2023-09-22T08:07:40.869+0800] {processor.py:157} INFO - Started process (PID=64749) to work on /opt/homebrew/lib/python3.11/site-packages/airflow/example_dags/example_python_operator.py
[2023-09-22T08:07:40.869+0800] {processor.py:829} INFO - Processing file /opt/homebrew/lib/python3.11/site-packages/airflow/example_dags/example_python_operator.py for tasks to queue
[2023-09-22T08:07:40.869+0800] {logging_mixin.py:151} INFO - [2023-09-22T08:07:40.869+0800] {dagbag.py:539} INFO - Filling up the DagBag from /opt/homebrew/lib/python3.11/site-packages/airflow/example_dags/example_python_operator.py
[2023-09-22T08:07:40.898+0800] {logging_mixin.py:151} INFO - [2023-09-22T08:07:40.898+0800] {example_python_operator.py:89} WARNING - The virtalenv_python example task requires virtualenv, please install it.
[2023-09-22T08:07:40.901+0800] {processor.py:839} INFO - DAG(s) dict_keys(['example_python_operator']) retrieved from /opt/homebrew/lib/python3.11/site-packages/airflow/example_dags/example_python_operator.py
[2023-09-22T08:07:40.994+0800] {logging_mixin.py:151} INFO - [2023-09-22T08:07:40.994+0800] {dag.py:2915} INFO - Sync 1 DAGs
[2023-09-22T08:07:40.999+0800] {logging_mixin.py:151} INFO - [2023-09-22T08:07:40.999+0800] {dag.py:3696} INFO - Setting next_dagrun for example_python_operator to None, run_after=None
[2023-09-22T08:07:41.009+0800] {processor.py:179} INFO - Processing /opt/homebrew/lib/python3.11/site-packages/airflow/example_dags/example_python_operator.py took 0.141 seconds
[2023-09-22T08:09:30.729+0800] {processor.py:157} INFO - Started process (PID=64942) to work on /opt/homebrew/lib/python3.11/site-packages/airflow/example_dags/example_python_operator.py
[2023-09-22T08:09:30.730+0800] {processor.py:829} INFO - Processing file /opt/homebrew/lib/python3.11/site-packages/airflow/example_dags/example_python_operator.py for tasks to queue
[2023-09-22T08:09:30.730+0800] {logging_mixin.py:151} INFO - [2023-09-22T08:09:30.730+0800] {dagbag.py:539} INFO - Filling up the DagBag from /opt/homebrew/lib/python3.11/site-packages/airflow/example_dags/example_python_operator.py
[2023-09-22T08:09:30.759+0800] {logging_mixin.py:151} INFO - [2023-09-22T08:09:30.759+0800] {example_python_operator.py:89} WARNING - The virtalenv_python example task requires virtualenv, please install it.
[2023-09-22T08:09:30.762+0800] {processor.py:839} INFO - DAG(s) dict_keys(['example_python_operator']) retrieved from /opt/homebrew/lib/python3.11/site-packages/airflow/example_dags/example_python_operator.py
[2023-09-22T08:09:30.856+0800] {logging_mixin.py:151} INFO - [2023-09-22T08:09:30.856+0800] {dag.py:2915} INFO - Sync 1 DAGs
[2023-09-22T08:09:30.861+0800] {logging_mixin.py:151} INFO - [2023-09-22T08:09:30.861+0800] {dag.py:3696} INFO - Setting next_dagrun for example_python_operator to None, run_after=None
[2023-09-22T08:09:30.871+0800] {processor.py:179} INFO - Processing /opt/homebrew/lib/python3.11/site-packages/airflow/example_dags/example_python_operator.py took 0.142 seconds
[2023-09-22T08:11:17.937+0800] {processor.py:157} INFO - Started process (PID=65135) to work on /opt/homebrew/lib/python3.11/site-packages/airflow/example_dags/example_python_operator.py
[2023-09-22T08:11:17.937+0800] {processor.py:829} INFO - Processing file /opt/homebrew/lib/python3.11/site-packages/airflow/example_dags/example_python_operator.py for tasks to queue
[2023-09-22T08:11:17.937+0800] {logging_mixin.py:151} INFO - [2023-09-22T08:11:17.937+0800] {dagbag.py:539} INFO - Filling up the DagBag from /opt/homebrew/lib/python3.11/site-packages/airflow/example_dags/example_python_operator.py
[2023-09-22T08:11:17.966+0800] {logging_mixin.py:151} INFO - [2023-09-22T08:11:17.966+0800] {example_python_operator.py:89} WARNING - The virtalenv_python example task requires virtualenv, please install it.
[2023-09-22T08:11:17.969+0800] {processor.py:839} INFO - DAG(s) dict_keys(['example_python_operator']) retrieved from /opt/homebrew/lib/python3.11/site-packages/airflow/example_dags/example_python_operator.py
[2023-09-22T08:11:18.062+0800] {logging_mixin.py:151} INFO - [2023-09-22T08:11:18.062+0800] {dag.py:2915} INFO - Sync 1 DAGs
[2023-09-22T08:11:18.067+0800] {logging_mixin.py:151} INFO - [2023-09-22T08:11:18.067+0800] {dag.py:3696} INFO - Setting next_dagrun for example_python_operator to None, run_after=None
[2023-09-22T08:11:18.077+0800] {processor.py:179} INFO - Processing /opt/homebrew/lib/python3.11/site-packages/airflow/example_dags/example_python_operator.py took 0.141 seconds
[2023-09-22T08:13:01.891+0800] {processor.py:157} INFO - Started process (PID=65323) to work on /opt/homebrew/lib/python3.11/site-packages/airflow/example_dags/example_python_operator.py
[2023-09-22T08:13:01.891+0800] {processor.py:829} INFO - Processing file /opt/homebrew/lib/python3.11/site-packages/airflow/example_dags/example_python_operator.py for tasks to queue
[2023-09-22T08:13:01.891+0800] {logging_mixin.py:151} INFO - [2023-09-22T08:13:01.891+0800] {dagbag.py:539} INFO - Filling up the DagBag from /opt/homebrew/lib/python3.11/site-packages/airflow/example_dags/example_python_operator.py
[2023-09-22T08:13:01.921+0800] {logging_mixin.py:151} INFO - [2023-09-22T08:13:01.921+0800] {example_python_operator.py:89} WARNING - The virtalenv_python example task requires virtualenv, please install it.
[2023-09-22T08:13:01.924+0800] {processor.py:839} INFO - DAG(s) dict_keys(['example_python_operator']) retrieved from /opt/homebrew/lib/python3.11/site-packages/airflow/example_dags/example_python_operator.py
[2023-09-22T08:13:02.017+0800] {logging_mixin.py:151} INFO - [2023-09-22T08:13:02.017+0800] {dag.py:2915} INFO - Sync 1 DAGs
[2023-09-22T08:13:02.021+0800] {logging_mixin.py:151} INFO - [2023-09-22T08:13:02.021+0800] {dag.py:3696} INFO - Setting next_dagrun for example_python_operator to None, run_after=None
[2023-09-22T08:13:02.032+0800] {processor.py:179} INFO - Processing /opt/homebrew/lib/python3.11/site-packages/airflow/example_dags/example_python_operator.py took 0.141 seconds
[2023-09-22T08:14:49.238+0800] {processor.py:157} INFO - Started process (PID=65518) to work on /opt/homebrew/lib/python3.11/site-packages/airflow/example_dags/example_python_operator.py
[2023-09-22T08:14:49.239+0800] {processor.py:829} INFO - Processing file /opt/homebrew/lib/python3.11/site-packages/airflow/example_dags/example_python_operator.py for tasks to queue
[2023-09-22T08:14:49.239+0800] {logging_mixin.py:151} INFO - [2023-09-22T08:14:49.239+0800] {dagbag.py:539} INFO - Filling up the DagBag from /opt/homebrew/lib/python3.11/site-packages/airflow/example_dags/example_python_operator.py
[2023-09-22T08:14:49.268+0800] {logging_mixin.py:151} INFO - [2023-09-22T08:14:49.268+0800] {example_python_operator.py:89} WARNING - The virtalenv_python example task requires virtualenv, please install it.
[2023-09-22T08:14:49.271+0800] {processor.py:839} INFO - DAG(s) dict_keys(['example_python_operator']) retrieved from /opt/homebrew/lib/python3.11/site-packages/airflow/example_dags/example_python_operator.py
[2023-09-22T08:14:49.364+0800] {logging_mixin.py:151} INFO - [2023-09-22T08:14:49.364+0800] {dag.py:2915} INFO - Sync 1 DAGs
[2023-09-22T08:14:49.369+0800] {logging_mixin.py:151} INFO - [2023-09-22T08:14:49.369+0800] {dag.py:3696} INFO - Setting next_dagrun for example_python_operator to None, run_after=None
[2023-09-22T08:14:49.379+0800] {processor.py:179} INFO - Processing /opt/homebrew/lib/python3.11/site-packages/airflow/example_dags/example_python_operator.py took 0.141 seconds
[2023-09-22T08:16:34.952+0800] {processor.py:157} INFO - Started process (PID=65702) to work on /opt/homebrew/lib/python3.11/site-packages/airflow/example_dags/example_python_operator.py
[2023-09-22T08:16:34.952+0800] {processor.py:829} INFO - Processing file /opt/homebrew/lib/python3.11/site-packages/airflow/example_dags/example_python_operator.py for tasks to queue
[2023-09-22T08:16:34.953+0800] {logging_mixin.py:151} INFO - [2023-09-22T08:16:34.952+0800] {dagbag.py:539} INFO - Filling up the DagBag from /opt/homebrew/lib/python3.11/site-packages/airflow/example_dags/example_python_operator.py
[2023-09-22T08:16:34.982+0800] {logging_mixin.py:151} INFO - [2023-09-22T08:16:34.981+0800] {example_python_operator.py:89} WARNING - The virtalenv_python example task requires virtualenv, please install it.
[2023-09-22T08:16:34.985+0800] {processor.py:839} INFO - DAG(s) dict_keys(['example_python_operator']) retrieved from /opt/homebrew/lib/python3.11/site-packages/airflow/example_dags/example_python_operator.py
[2023-09-22T08:16:35.078+0800] {logging_mixin.py:151} INFO - [2023-09-22T08:16:35.078+0800] {dag.py:2915} INFO - Sync 1 DAGs
[2023-09-22T08:16:35.083+0800] {logging_mixin.py:151} INFO - [2023-09-22T08:16:35.082+0800] {dag.py:3696} INFO - Setting next_dagrun for example_python_operator to None, run_after=None
[2023-09-22T08:16:35.093+0800] {processor.py:179} INFO - Processing /opt/homebrew/lib/python3.11/site-packages/airflow/example_dags/example_python_operator.py took 0.141 seconds
[2023-09-22T08:18:19.727+0800] {processor.py:157} INFO - Started process (PID=65884) to work on /opt/homebrew/lib/python3.11/site-packages/airflow/example_dags/example_python_operator.py
[2023-09-22T08:18:19.728+0800] {processor.py:829} INFO - Processing file /opt/homebrew/lib/python3.11/site-packages/airflow/example_dags/example_python_operator.py for tasks to queue
[2023-09-22T08:18:19.728+0800] {logging_mixin.py:151} INFO - [2023-09-22T08:18:19.728+0800] {dagbag.py:539} INFO - Filling up the DagBag from /opt/homebrew/lib/python3.11/site-packages/airflow/example_dags/example_python_operator.py
[2023-09-22T08:18:19.757+0800] {logging_mixin.py:151} INFO - [2023-09-22T08:18:19.757+0800] {example_python_operator.py:89} WARNING - The virtalenv_python example task requires virtualenv, please install it.
[2023-09-22T08:18:19.760+0800] {processor.py:839} INFO - DAG(s) dict_keys(['example_python_operator']) retrieved from /opt/homebrew/lib/python3.11/site-packages/airflow/example_dags/example_python_operator.py
[2023-09-22T08:18:19.853+0800] {logging_mixin.py:151} INFO - [2023-09-22T08:18:19.853+0800] {dag.py:2915} INFO - Sync 1 DAGs
[2023-09-22T08:18:19.858+0800] {logging_mixin.py:151} INFO - [2023-09-22T08:18:19.858+0800] {dag.py:3696} INFO - Setting next_dagrun for example_python_operator to None, run_after=None
[2023-09-22T08:18:19.868+0800] {processor.py:179} INFO - Processing /opt/homebrew/lib/python3.11/site-packages/airflow/example_dags/example_python_operator.py took 0.142 seconds
[2023-09-22T08:20:07.253+0800] {processor.py:157} INFO - Started process (PID=66082) to work on /opt/homebrew/lib/python3.11/site-packages/airflow/example_dags/example_python_operator.py
[2023-09-22T08:20:07.253+0800] {processor.py:829} INFO - Processing file /opt/homebrew/lib/python3.11/site-packages/airflow/example_dags/example_python_operator.py for tasks to queue
[2023-09-22T08:20:07.253+0800] {logging_mixin.py:151} INFO - [2023-09-22T08:20:07.253+0800] {dagbag.py:539} INFO - Filling up the DagBag from /opt/homebrew/lib/python3.11/site-packages/airflow/example_dags/example_python_operator.py
[2023-09-22T08:20:07.282+0800] {logging_mixin.py:151} INFO - [2023-09-22T08:20:07.282+0800] {example_python_operator.py:89} WARNING - The virtalenv_python example task requires virtualenv, please install it.
[2023-09-22T08:20:07.285+0800] {processor.py:839} INFO - DAG(s) dict_keys(['example_python_operator']) retrieved from /opt/homebrew/lib/python3.11/site-packages/airflow/example_dags/example_python_operator.py
[2023-09-22T08:20:07.379+0800] {logging_mixin.py:151} INFO - [2023-09-22T08:20:07.378+0800] {dag.py:2915} INFO - Sync 1 DAGs
[2023-09-22T08:20:07.383+0800] {logging_mixin.py:151} INFO - [2023-09-22T08:20:07.383+0800] {dag.py:3696} INFO - Setting next_dagrun for example_python_operator to None, run_after=None
[2023-09-22T08:20:07.393+0800] {processor.py:179} INFO - Processing /opt/homebrew/lib/python3.11/site-packages/airflow/example_dags/example_python_operator.py took 0.141 seconds
[2023-09-22T08:21:54.863+0800] {processor.py:157} INFO - Started process (PID=66267) to work on /opt/homebrew/lib/python3.11/site-packages/airflow/example_dags/example_python_operator.py
[2023-09-22T08:21:54.864+0800] {processor.py:829} INFO - Processing file /opt/homebrew/lib/python3.11/site-packages/airflow/example_dags/example_python_operator.py for tasks to queue
[2023-09-22T08:21:54.864+0800] {logging_mixin.py:151} INFO - [2023-09-22T08:21:54.864+0800] {dagbag.py:539} INFO - Filling up the DagBag from /opt/homebrew/lib/python3.11/site-packages/airflow/example_dags/example_python_operator.py
[2023-09-22T08:21:54.893+0800] {logging_mixin.py:151} INFO - [2023-09-22T08:21:54.893+0800] {example_python_operator.py:89} WARNING - The virtalenv_python example task requires virtualenv, please install it.
[2023-09-22T08:21:54.896+0800] {processor.py:839} INFO - DAG(s) dict_keys(['example_python_operator']) retrieved from /opt/homebrew/lib/python3.11/site-packages/airflow/example_dags/example_python_operator.py
[2023-09-22T08:21:54.989+0800] {logging_mixin.py:151} INFO - [2023-09-22T08:21:54.989+0800] {dag.py:2915} INFO - Sync 1 DAGs
[2023-09-22T08:21:54.994+0800] {logging_mixin.py:151} INFO - [2023-09-22T08:21:54.994+0800] {dag.py:3696} INFO - Setting next_dagrun for example_python_operator to None, run_after=None
[2023-09-22T08:21:55.004+0800] {processor.py:179} INFO - Processing /opt/homebrew/lib/python3.11/site-packages/airflow/example_dags/example_python_operator.py took 0.141 seconds
[2023-09-22T08:23:36.875+0800] {processor.py:157} INFO - Started process (PID=66453) to work on /opt/homebrew/lib/python3.11/site-packages/airflow/example_dags/example_python_operator.py
[2023-09-22T08:23:36.875+0800] {processor.py:829} INFO - Processing file /opt/homebrew/lib/python3.11/site-packages/airflow/example_dags/example_python_operator.py for tasks to queue
[2023-09-22T08:23:36.876+0800] {logging_mixin.py:151} INFO - [2023-09-22T08:23:36.876+0800] {dagbag.py:539} INFO - Filling up the DagBag from /opt/homebrew/lib/python3.11/site-packages/airflow/example_dags/example_python_operator.py
[2023-09-22T08:23:36.905+0800] {logging_mixin.py:151} INFO - [2023-09-22T08:23:36.905+0800] {example_python_operator.py:89} WARNING - The virtalenv_python example task requires virtualenv, please install it.
[2023-09-22T08:23:36.908+0800] {processor.py:839} INFO - DAG(s) dict_keys(['example_python_operator']) retrieved from /opt/homebrew/lib/python3.11/site-packages/airflow/example_dags/example_python_operator.py
[2023-09-22T08:23:37.001+0800] {logging_mixin.py:151} INFO - [2023-09-22T08:23:37.001+0800] {dag.py:2915} INFO - Sync 1 DAGs
[2023-09-22T08:23:37.005+0800] {logging_mixin.py:151} INFO - [2023-09-22T08:23:37.005+0800] {dag.py:3696} INFO - Setting next_dagrun for example_python_operator to None, run_after=None
[2023-09-22T08:23:37.017+0800] {processor.py:179} INFO - Processing /opt/homebrew/lib/python3.11/site-packages/airflow/example_dags/example_python_operator.py took 0.143 seconds
[2023-09-22T08:25:20.630+0800] {processor.py:157} INFO - Started process (PID=66655) to work on /opt/homebrew/lib/python3.11/site-packages/airflow/example_dags/example_python_operator.py
[2023-09-22T08:25:20.630+0800] {processor.py:829} INFO - Processing file /opt/homebrew/lib/python3.11/site-packages/airflow/example_dags/example_python_operator.py for tasks to queue
[2023-09-22T08:25:20.630+0800] {logging_mixin.py:151} INFO - [2023-09-22T08:25:20.630+0800] {dagbag.py:539} INFO - Filling up the DagBag from /opt/homebrew/lib/python3.11/site-packages/airflow/example_dags/example_python_operator.py
[2023-09-22T08:25:20.659+0800] {logging_mixin.py:151} INFO - [2023-09-22T08:25:20.659+0800] {example_python_operator.py:89} WARNING - The virtalenv_python example task requires virtualenv, please install it.
[2023-09-22T08:25:20.663+0800] {processor.py:839} INFO - DAG(s) dict_keys(['example_python_operator']) retrieved from /opt/homebrew/lib/python3.11/site-packages/airflow/example_dags/example_python_operator.py
[2023-09-22T08:25:20.756+0800] {logging_mixin.py:151} INFO - [2023-09-22T08:25:20.756+0800] {dag.py:2915} INFO - Sync 1 DAGs
[2023-09-22T08:25:20.760+0800] {logging_mixin.py:151} INFO - [2023-09-22T08:25:20.760+0800] {dag.py:3696} INFO - Setting next_dagrun for example_python_operator to None, run_after=None
[2023-09-22T08:25:20.771+0800] {processor.py:179} INFO - Processing /opt/homebrew/lib/python3.11/site-packages/airflow/example_dags/example_python_operator.py took 0.141 seconds
[2023-09-22T08:27:05.665+0800] {processor.py:157} INFO - Started process (PID=66842) to work on /opt/homebrew/lib/python3.11/site-packages/airflow/example_dags/example_python_operator.py
[2023-09-22T08:27:05.665+0800] {processor.py:829} INFO - Processing file /opt/homebrew/lib/python3.11/site-packages/airflow/example_dags/example_python_operator.py for tasks to queue
[2023-09-22T08:27:05.666+0800] {logging_mixin.py:151} INFO - [2023-09-22T08:27:05.666+0800] {dagbag.py:539} INFO - Filling up the DagBag from /opt/homebrew/lib/python3.11/site-packages/airflow/example_dags/example_python_operator.py
[2023-09-22T08:27:05.695+0800] {logging_mixin.py:151} INFO - [2023-09-22T08:27:05.695+0800] {example_python_operator.py:89} WARNING - The virtalenv_python example task requires virtualenv, please install it.
[2023-09-22T08:27:05.698+0800] {processor.py:839} INFO - DAG(s) dict_keys(['example_python_operator']) retrieved from /opt/homebrew/lib/python3.11/site-packages/airflow/example_dags/example_python_operator.py
[2023-09-22T08:27:05.791+0800] {logging_mixin.py:151} INFO - [2023-09-22T08:27:05.791+0800] {dag.py:2915} INFO - Sync 1 DAGs
[2023-09-22T08:27:05.796+0800] {logging_mixin.py:151} INFO - [2023-09-22T08:27:05.796+0800] {dag.py:3696} INFO - Setting next_dagrun for example_python_operator to None, run_after=None
[2023-09-22T08:27:05.806+0800] {processor.py:179} INFO - Processing /opt/homebrew/lib/python3.11/site-packages/airflow/example_dags/example_python_operator.py took 0.141 seconds
[2023-09-22T08:28:42.636+0800] {processor.py:157} INFO - Started process (PID=67017) to work on /opt/homebrew/lib/python3.11/site-packages/airflow/example_dags/example_python_operator.py
[2023-09-22T08:28:42.636+0800] {processor.py:829} INFO - Processing file /opt/homebrew/lib/python3.11/site-packages/airflow/example_dags/example_python_operator.py for tasks to queue
[2023-09-22T08:28:42.636+0800] {logging_mixin.py:151} INFO - [2023-09-22T08:28:42.636+0800] {dagbag.py:539} INFO - Filling up the DagBag from /opt/homebrew/lib/python3.11/site-packages/airflow/example_dags/example_python_operator.py
[2023-09-22T08:28:42.666+0800] {logging_mixin.py:151} INFO - [2023-09-22T08:28:42.666+0800] {example_python_operator.py:89} WARNING - The virtalenv_python example task requires virtualenv, please install it.
[2023-09-22T08:28:42.670+0800] {processor.py:839} INFO - DAG(s) dict_keys(['example_python_operator']) retrieved from /opt/homebrew/lib/python3.11/site-packages/airflow/example_dags/example_python_operator.py
[2023-09-22T08:28:42.763+0800] {logging_mixin.py:151} INFO - [2023-09-22T08:28:42.763+0800] {dag.py:2915} INFO - Sync 1 DAGs
[2023-09-22T08:28:42.767+0800] {logging_mixin.py:151} INFO - [2023-09-22T08:28:42.767+0800] {dag.py:3696} INFO - Setting next_dagrun for example_python_operator to None, run_after=None
[2023-09-22T08:28:42.778+0800] {processor.py:179} INFO - Processing /opt/homebrew/lib/python3.11/site-packages/airflow/example_dags/example_python_operator.py took 0.142 seconds
[2023-09-22T08:30:31.018+0800] {processor.py:157} INFO - Started process (PID=67204) to work on /opt/homebrew/lib/python3.11/site-packages/airflow/example_dags/example_python_operator.py
[2023-09-22T08:30:31.019+0800] {processor.py:829} INFO - Processing file /opt/homebrew/lib/python3.11/site-packages/airflow/example_dags/example_python_operator.py for tasks to queue
[2023-09-22T08:30:31.019+0800] {logging_mixin.py:151} INFO - [2023-09-22T08:30:31.019+0800] {dagbag.py:539} INFO - Filling up the DagBag from /opt/homebrew/lib/python3.11/site-packages/airflow/example_dags/example_python_operator.py
[2023-09-22T08:30:31.048+0800] {logging_mixin.py:151} INFO - [2023-09-22T08:30:31.048+0800] {example_python_operator.py:89} WARNING - The virtalenv_python example task requires virtualenv, please install it.
[2023-09-22T08:30:31.051+0800] {processor.py:839} INFO - DAG(s) dict_keys(['example_python_operator']) retrieved from /opt/homebrew/lib/python3.11/site-packages/airflow/example_dags/example_python_operator.py
[2023-09-22T08:30:31.144+0800] {logging_mixin.py:151} INFO - [2023-09-22T08:30:31.144+0800] {dag.py:2915} INFO - Sync 1 DAGs
[2023-09-22T08:30:31.149+0800] {logging_mixin.py:151} INFO - [2023-09-22T08:30:31.149+0800] {dag.py:3696} INFO - Setting next_dagrun for example_python_operator to None, run_after=None
[2023-09-22T08:30:31.159+0800] {processor.py:179} INFO - Processing /opt/homebrew/lib/python3.11/site-packages/airflow/example_dags/example_python_operator.py took 0.141 seconds
[2023-09-22T08:32:17.065+0800] {processor.py:157} INFO - Started process (PID=67391) to work on /opt/homebrew/lib/python3.11/site-packages/airflow/example_dags/example_python_operator.py
[2023-09-22T08:32:17.065+0800] {processor.py:829} INFO - Processing file /opt/homebrew/lib/python3.11/site-packages/airflow/example_dags/example_python_operator.py for tasks to queue
[2023-09-22T08:32:17.066+0800] {logging_mixin.py:151} INFO - [2023-09-22T08:32:17.066+0800] {dagbag.py:539} INFO - Filling up the DagBag from /opt/homebrew/lib/python3.11/site-packages/airflow/example_dags/example_python_operator.py
[2023-09-22T08:32:17.094+0800] {logging_mixin.py:151} INFO - [2023-09-22T08:32:17.094+0800] {example_python_operator.py:89} WARNING - The virtalenv_python example task requires virtualenv, please install it.
[2023-09-22T08:32:17.098+0800] {processor.py:839} INFO - DAG(s) dict_keys(['example_python_operator']) retrieved from /opt/homebrew/lib/python3.11/site-packages/airflow/example_dags/example_python_operator.py
[2023-09-22T08:32:17.191+0800] {logging_mixin.py:151} INFO - [2023-09-22T08:32:17.191+0800] {dag.py:2915} INFO - Sync 1 DAGs
[2023-09-22T08:32:17.196+0800] {logging_mixin.py:151} INFO - [2023-09-22T08:32:17.195+0800] {dag.py:3696} INFO - Setting next_dagrun for example_python_operator to None, run_after=None
[2023-09-22T08:32:17.206+0800] {processor.py:179} INFO - Processing /opt/homebrew/lib/python3.11/site-packages/airflow/example_dags/example_python_operator.py took 0.141 seconds
[2023-09-22T08:34:01.898+0800] {processor.py:157} INFO - Started process (PID=67604) to work on /opt/homebrew/lib/python3.11/site-packages/airflow/example_dags/example_python_operator.py
[2023-09-22T08:34:01.899+0800] {processor.py:829} INFO - Processing file /opt/homebrew/lib/python3.11/site-packages/airflow/example_dags/example_python_operator.py for tasks to queue
[2023-09-22T08:34:01.899+0800] {logging_mixin.py:151} INFO - [2023-09-22T08:34:01.899+0800] {dagbag.py:539} INFO - Filling up the DagBag from /opt/homebrew/lib/python3.11/site-packages/airflow/example_dags/example_python_operator.py
[2023-09-22T08:34:01.928+0800] {logging_mixin.py:151} INFO - [2023-09-22T08:34:01.928+0800] {example_python_operator.py:89} WARNING - The virtalenv_python example task requires virtualenv, please install it.
[2023-09-22T08:34:01.931+0800] {processor.py:839} INFO - DAG(s) dict_keys(['example_python_operator']) retrieved from /opt/homebrew/lib/python3.11/site-packages/airflow/example_dags/example_python_operator.py
[2023-09-22T08:34:02.025+0800] {logging_mixin.py:151} INFO - [2023-09-22T08:34:02.025+0800] {dag.py:2915} INFO - Sync 1 DAGs
[2023-09-22T08:34:02.030+0800] {logging_mixin.py:151} INFO - [2023-09-22T08:34:02.030+0800] {dag.py:3696} INFO - Setting next_dagrun for example_python_operator to None, run_after=None
[2023-09-22T08:34:02.040+0800] {processor.py:179} INFO - Processing /opt/homebrew/lib/python3.11/site-packages/airflow/example_dags/example_python_operator.py took 0.142 seconds
[2023-09-22T08:35:45.872+0800] {processor.py:157} INFO - Started process (PID=67844) to work on /opt/homebrew/lib/python3.11/site-packages/airflow/example_dags/example_python_operator.py
[2023-09-22T08:35:45.873+0800] {processor.py:829} INFO - Processing file /opt/homebrew/lib/python3.11/site-packages/airflow/example_dags/example_python_operator.py for tasks to queue
[2023-09-22T08:35:45.873+0800] {logging_mixin.py:151} INFO - [2023-09-22T08:35:45.873+0800] {dagbag.py:539} INFO - Filling up the DagBag from /opt/homebrew/lib/python3.11/site-packages/airflow/example_dags/example_python_operator.py
[2023-09-22T08:35:45.902+0800] {logging_mixin.py:151} INFO - [2023-09-22T08:35:45.902+0800] {example_python_operator.py:89} WARNING - The virtalenv_python example task requires virtualenv, please install it.
[2023-09-22T08:35:45.905+0800] {processor.py:839} INFO - DAG(s) dict_keys(['example_python_operator']) retrieved from /opt/homebrew/lib/python3.11/site-packages/airflow/example_dags/example_python_operator.py
[2023-09-22T08:35:45.998+0800] {logging_mixin.py:151} INFO - [2023-09-22T08:35:45.998+0800] {dag.py:2915} INFO - Sync 1 DAGs
[2023-09-22T08:35:46.003+0800] {logging_mixin.py:151} INFO - [2023-09-22T08:35:46.003+0800] {dag.py:3696} INFO - Setting next_dagrun for example_python_operator to None, run_after=None
[2023-09-22T08:35:46.013+0800] {processor.py:179} INFO - Processing /opt/homebrew/lib/python3.11/site-packages/airflow/example_dags/example_python_operator.py took 0.141 seconds
[2023-09-22T08:37:29.518+0800] {processor.py:157} INFO - Started process (PID=68040) to work on /opt/homebrew/lib/python3.11/site-packages/airflow/example_dags/example_python_operator.py
[2023-09-22T08:37:29.518+0800] {processor.py:829} INFO - Processing file /opt/homebrew/lib/python3.11/site-packages/airflow/example_dags/example_python_operator.py for tasks to queue
[2023-09-22T08:37:29.518+0800] {logging_mixin.py:151} INFO - [2023-09-22T08:37:29.518+0800] {dagbag.py:539} INFO - Filling up the DagBag from /opt/homebrew/lib/python3.11/site-packages/airflow/example_dags/example_python_operator.py
[2023-09-22T08:37:29.547+0800] {logging_mixin.py:151} INFO - [2023-09-22T08:37:29.547+0800] {example_python_operator.py:89} WARNING - The virtalenv_python example task requires virtualenv, please install it.
[2023-09-22T08:37:29.551+0800] {processor.py:839} INFO - DAG(s) dict_keys(['example_python_operator']) retrieved from /opt/homebrew/lib/python3.11/site-packages/airflow/example_dags/example_python_operator.py
[2023-09-22T08:37:29.644+0800] {logging_mixin.py:151} INFO - [2023-09-22T08:37:29.643+0800] {dag.py:2915} INFO - Sync 1 DAGs
[2023-09-22T08:37:29.648+0800] {logging_mixin.py:151} INFO - [2023-09-22T08:37:29.648+0800] {dag.py:3696} INFO - Setting next_dagrun for example_python_operator to None, run_after=None
[2023-09-22T08:37:29.658+0800] {processor.py:179} INFO - Processing /opt/homebrew/lib/python3.11/site-packages/airflow/example_dags/example_python_operator.py took 0.141 seconds
[2023-09-22T08:39:14.152+0800] {processor.py:157} INFO - Started process (PID=68232) to work on /opt/homebrew/lib/python3.11/site-packages/airflow/example_dags/example_python_operator.py
[2023-09-22T08:39:14.153+0800] {processor.py:829} INFO - Processing file /opt/homebrew/lib/python3.11/site-packages/airflow/example_dags/example_python_operator.py for tasks to queue
[2023-09-22T08:39:14.153+0800] {logging_mixin.py:151} INFO - [2023-09-22T08:39:14.153+0800] {dagbag.py:539} INFO - Filling up the DagBag from /opt/homebrew/lib/python3.11/site-packages/airflow/example_dags/example_python_operator.py
[2023-09-22T08:39:14.182+0800] {logging_mixin.py:151} INFO - [2023-09-22T08:39:14.182+0800] {example_python_operator.py:89} WARNING - The virtalenv_python example task requires virtualenv, please install it.
[2023-09-22T08:39:14.185+0800] {processor.py:839} INFO - DAG(s) dict_keys(['example_python_operator']) retrieved from /opt/homebrew/lib/python3.11/site-packages/airflow/example_dags/example_python_operator.py
[2023-09-22T08:39:14.278+0800] {logging_mixin.py:151} INFO - [2023-09-22T08:39:14.278+0800] {dag.py:2915} INFO - Sync 1 DAGs
[2023-09-22T08:39:14.283+0800] {logging_mixin.py:151} INFO - [2023-09-22T08:39:14.283+0800] {dag.py:3696} INFO - Setting next_dagrun for example_python_operator to None, run_after=None
[2023-09-22T08:39:14.293+0800] {processor.py:179} INFO - Processing /opt/homebrew/lib/python3.11/site-packages/airflow/example_dags/example_python_operator.py took 0.141 seconds
[2023-09-22T08:40:58.277+0800] {processor.py:157} INFO - Started process (PID=68414) to work on /opt/homebrew/lib/python3.11/site-packages/airflow/example_dags/example_python_operator.py
[2023-09-22T08:40:58.277+0800] {processor.py:829} INFO - Processing file /opt/homebrew/lib/python3.11/site-packages/airflow/example_dags/example_python_operator.py for tasks to queue
[2023-09-22T08:40:58.278+0800] {logging_mixin.py:151} INFO - [2023-09-22T08:40:58.278+0800] {dagbag.py:539} INFO - Filling up the DagBag from /opt/homebrew/lib/python3.11/site-packages/airflow/example_dags/example_python_operator.py
[2023-09-22T08:40:58.307+0800] {logging_mixin.py:151} INFO - [2023-09-22T08:40:58.306+0800] {example_python_operator.py:89} WARNING - The virtalenv_python example task requires virtualenv, please install it.
[2023-09-22T08:40:58.310+0800] {processor.py:839} INFO - DAG(s) dict_keys(['example_python_operator']) retrieved from /opt/homebrew/lib/python3.11/site-packages/airflow/example_dags/example_python_operator.py
[2023-09-22T08:40:58.403+0800] {logging_mixin.py:151} INFO - [2023-09-22T08:40:58.403+0800] {dag.py:2915} INFO - Sync 1 DAGs
[2023-09-22T08:40:58.408+0800] {logging_mixin.py:151} INFO - [2023-09-22T08:40:58.407+0800] {dag.py:3696} INFO - Setting next_dagrun for example_python_operator to None, run_after=None
[2023-09-22T08:40:58.418+0800] {processor.py:179} INFO - Processing /opt/homebrew/lib/python3.11/site-packages/airflow/example_dags/example_python_operator.py took 0.141 seconds
[2023-09-22T08:42:45.406+0800] {processor.py:157} INFO - Started process (PID=68602) to work on /opt/homebrew/lib/python3.11/site-packages/airflow/example_dags/example_python_operator.py
[2023-09-22T08:42:45.407+0800] {processor.py:829} INFO - Processing file /opt/homebrew/lib/python3.11/site-packages/airflow/example_dags/example_python_operator.py for tasks to queue
[2023-09-22T08:42:45.407+0800] {logging_mixin.py:151} INFO - [2023-09-22T08:42:45.407+0800] {dagbag.py:539} INFO - Filling up the DagBag from /opt/homebrew/lib/python3.11/site-packages/airflow/example_dags/example_python_operator.py
[2023-09-22T08:42:45.436+0800] {logging_mixin.py:151} INFO - [2023-09-22T08:42:45.436+0800] {example_python_operator.py:89} WARNING - The virtalenv_python example task requires virtualenv, please install it.
[2023-09-22T08:42:45.439+0800] {processor.py:839} INFO - DAG(s) dict_keys(['example_python_operator']) retrieved from /opt/homebrew/lib/python3.11/site-packages/airflow/example_dags/example_python_operator.py
[2023-09-22T08:42:45.532+0800] {logging_mixin.py:151} INFO - [2023-09-22T08:42:45.532+0800] {dag.py:2915} INFO - Sync 1 DAGs
[2023-09-22T08:42:45.537+0800] {logging_mixin.py:151} INFO - [2023-09-22T08:42:45.537+0800] {dag.py:3696} INFO - Setting next_dagrun for example_python_operator to None, run_after=None
[2023-09-22T08:42:45.547+0800] {processor.py:179} INFO - Processing /opt/homebrew/lib/python3.11/site-packages/airflow/example_dags/example_python_operator.py took 0.141 seconds
[2023-09-22T08:44:27.387+0800] {processor.py:157} INFO - Started process (PID=68785) to work on /opt/homebrew/lib/python3.11/site-packages/airflow/example_dags/example_python_operator.py
[2023-09-22T08:44:27.388+0800] {processor.py:829} INFO - Processing file /opt/homebrew/lib/python3.11/site-packages/airflow/example_dags/example_python_operator.py for tasks to queue
[2023-09-22T08:44:27.388+0800] {logging_mixin.py:151} INFO - [2023-09-22T08:44:27.388+0800] {dagbag.py:539} INFO - Filling up the DagBag from /opt/homebrew/lib/python3.11/site-packages/airflow/example_dags/example_python_operator.py
[2023-09-22T08:44:27.417+0800] {logging_mixin.py:151} INFO - [2023-09-22T08:44:27.417+0800] {example_python_operator.py:89} WARNING - The virtalenv_python example task requires virtualenv, please install it.
[2023-09-22T08:44:27.420+0800] {processor.py:839} INFO - DAG(s) dict_keys(['example_python_operator']) retrieved from /opt/homebrew/lib/python3.11/site-packages/airflow/example_dags/example_python_operator.py
[2023-09-22T08:44:27.514+0800] {logging_mixin.py:151} INFO - [2023-09-22T08:44:27.514+0800] {dag.py:2915} INFO - Sync 1 DAGs
[2023-09-22T08:44:27.518+0800] {logging_mixin.py:151} INFO - [2023-09-22T08:44:27.518+0800] {dag.py:3696} INFO - Setting next_dagrun for example_python_operator to None, run_after=None
[2023-09-22T08:44:27.528+0800] {processor.py:179} INFO - Processing /opt/homebrew/lib/python3.11/site-packages/airflow/example_dags/example_python_operator.py took 0.141 seconds
[2023-09-22T08:46:11.665+0800] {processor.py:157} INFO - Started process (PID=68970) to work on /opt/homebrew/lib/python3.11/site-packages/airflow/example_dags/example_python_operator.py
[2023-09-22T08:46:11.665+0800] {processor.py:829} INFO - Processing file /opt/homebrew/lib/python3.11/site-packages/airflow/example_dags/example_python_operator.py for tasks to queue
[2023-09-22T08:46:11.665+0800] {logging_mixin.py:151} INFO - [2023-09-22T08:46:11.665+0800] {dagbag.py:539} INFO - Filling up the DagBag from /opt/homebrew/lib/python3.11/site-packages/airflow/example_dags/example_python_operator.py
[2023-09-22T08:46:11.694+0800] {logging_mixin.py:151} INFO - [2023-09-22T08:46:11.694+0800] {example_python_operator.py:89} WARNING - The virtalenv_python example task requires virtualenv, please install it.
[2023-09-22T08:46:11.698+0800] {processor.py:839} INFO - DAG(s) dict_keys(['example_python_operator']) retrieved from /opt/homebrew/lib/python3.11/site-packages/airflow/example_dags/example_python_operator.py
[2023-09-22T08:46:11.791+0800] {logging_mixin.py:151} INFO - [2023-09-22T08:46:11.791+0800] {dag.py:2915} INFO - Sync 1 DAGs
[2023-09-22T08:46:11.796+0800] {logging_mixin.py:151} INFO - [2023-09-22T08:46:11.796+0800] {dag.py:3696} INFO - Setting next_dagrun for example_python_operator to None, run_after=None
[2023-09-22T08:46:11.806+0800] {processor.py:179} INFO - Processing /opt/homebrew/lib/python3.11/site-packages/airflow/example_dags/example_python_operator.py took 0.141 seconds
[2023-09-22T08:47:57.479+0800] {processor.py:157} INFO - Started process (PID=69161) to work on /opt/homebrew/lib/python3.11/site-packages/airflow/example_dags/example_python_operator.py
[2023-09-22T08:47:57.480+0800] {processor.py:829} INFO - Processing file /opt/homebrew/lib/python3.11/site-packages/airflow/example_dags/example_python_operator.py for tasks to queue
[2023-09-22T08:47:57.480+0800] {logging_mixin.py:151} INFO - [2023-09-22T08:47:57.480+0800] {dagbag.py:539} INFO - Filling up the DagBag from /opt/homebrew/lib/python3.11/site-packages/airflow/example_dags/example_python_operator.py
[2023-09-22T08:47:57.509+0800] {logging_mixin.py:151} INFO - [2023-09-22T08:47:57.509+0800] {example_python_operator.py:89} WARNING - The virtalenv_python example task requires virtualenv, please install it.
[2023-09-22T08:47:57.512+0800] {processor.py:839} INFO - DAG(s) dict_keys(['example_python_operator']) retrieved from /opt/homebrew/lib/python3.11/site-packages/airflow/example_dags/example_python_operator.py
[2023-09-22T08:47:57.605+0800] {logging_mixin.py:151} INFO - [2023-09-22T08:47:57.605+0800] {dag.py:2915} INFO - Sync 1 DAGs
[2023-09-22T08:47:57.610+0800] {logging_mixin.py:151} INFO - [2023-09-22T08:47:57.610+0800] {dag.py:3696} INFO - Setting next_dagrun for example_python_operator to None, run_after=None
[2023-09-22T08:47:57.620+0800] {processor.py:179} INFO - Processing /opt/homebrew/lib/python3.11/site-packages/airflow/example_dags/example_python_operator.py took 0.141 seconds
[2023-09-22T08:49:44.499+0800] {processor.py:157} INFO - Started process (PID=69354) to work on /opt/homebrew/lib/python3.11/site-packages/airflow/example_dags/example_python_operator.py
[2023-09-22T08:49:44.499+0800] {processor.py:829} INFO - Processing file /opt/homebrew/lib/python3.11/site-packages/airflow/example_dags/example_python_operator.py for tasks to queue
[2023-09-22T08:49:44.499+0800] {logging_mixin.py:151} INFO - [2023-09-22T08:49:44.499+0800] {dagbag.py:539} INFO - Filling up the DagBag from /opt/homebrew/lib/python3.11/site-packages/airflow/example_dags/example_python_operator.py
[2023-09-22T08:49:44.528+0800] {logging_mixin.py:151} INFO - [2023-09-22T08:49:44.528+0800] {example_python_operator.py:89} WARNING - The virtalenv_python example task requires virtualenv, please install it.
[2023-09-22T08:49:44.532+0800] {processor.py:839} INFO - DAG(s) dict_keys(['example_python_operator']) retrieved from /opt/homebrew/lib/python3.11/site-packages/airflow/example_dags/example_python_operator.py
[2023-09-22T08:49:44.624+0800] {logging_mixin.py:151} INFO - [2023-09-22T08:49:44.624+0800] {dag.py:2915} INFO - Sync 1 DAGs
[2023-09-22T08:49:44.629+0800] {logging_mixin.py:151} INFO - [2023-09-22T08:49:44.629+0800] {dag.py:3696} INFO - Setting next_dagrun for example_python_operator to None, run_after=None
[2023-09-22T08:49:44.639+0800] {processor.py:179} INFO - Processing /opt/homebrew/lib/python3.11/site-packages/airflow/example_dags/example_python_operator.py took 0.141 seconds
[2023-09-22T08:51:24.966+0800] {processor.py:157} INFO - Started process (PID=69531) to work on /opt/homebrew/lib/python3.11/site-packages/airflow/example_dags/example_python_operator.py
[2023-09-22T08:51:24.966+0800] {processor.py:829} INFO - Processing file /opt/homebrew/lib/python3.11/site-packages/airflow/example_dags/example_python_operator.py for tasks to queue
[2023-09-22T08:51:24.966+0800] {logging_mixin.py:151} INFO - [2023-09-22T08:51:24.966+0800] {dagbag.py:539} INFO - Filling up the DagBag from /opt/homebrew/lib/python3.11/site-packages/airflow/example_dags/example_python_operator.py
[2023-09-22T08:51:24.995+0800] {logging_mixin.py:151} INFO - [2023-09-22T08:51:24.995+0800] {example_python_operator.py:89} WARNING - The virtalenv_python example task requires virtualenv, please install it.
[2023-09-22T08:51:24.998+0800] {processor.py:839} INFO - DAG(s) dict_keys(['example_python_operator']) retrieved from /opt/homebrew/lib/python3.11/site-packages/airflow/example_dags/example_python_operator.py
[2023-09-22T08:51:25.092+0800] {logging_mixin.py:151} INFO - [2023-09-22T08:51:25.092+0800] {dag.py:2915} INFO - Sync 1 DAGs
[2023-09-22T08:51:25.097+0800] {logging_mixin.py:151} INFO - [2023-09-22T08:51:25.097+0800] {dag.py:3696} INFO - Setting next_dagrun for example_python_operator to None, run_after=None
[2023-09-22T08:51:25.107+0800] {processor.py:179} INFO - Processing /opt/homebrew/lib/python3.11/site-packages/airflow/example_dags/example_python_operator.py took 0.142 seconds
[2023-09-22T08:53:10.862+0800] {processor.py:157} INFO - Started process (PID=69720) to work on /opt/homebrew/lib/python3.11/site-packages/airflow/example_dags/example_python_operator.py
[2023-09-22T08:53:10.863+0800] {processor.py:829} INFO - Processing file /opt/homebrew/lib/python3.11/site-packages/airflow/example_dags/example_python_operator.py for tasks to queue
[2023-09-22T08:53:10.863+0800] {logging_mixin.py:151} INFO - [2023-09-22T08:53:10.863+0800] {dagbag.py:539} INFO - Filling up the DagBag from /opt/homebrew/lib/python3.11/site-packages/airflow/example_dags/example_python_operator.py
[2023-09-22T08:53:10.892+0800] {logging_mixin.py:151} INFO - [2023-09-22T08:53:10.892+0800] {example_python_operator.py:89} WARNING - The virtalenv_python example task requires virtualenv, please install it.
[2023-09-22T08:53:10.895+0800] {processor.py:839} INFO - DAG(s) dict_keys(['example_python_operator']) retrieved from /opt/homebrew/lib/python3.11/site-packages/airflow/example_dags/example_python_operator.py
[2023-09-22T08:53:10.988+0800] {logging_mixin.py:151} INFO - [2023-09-22T08:53:10.988+0800] {dag.py:2915} INFO - Sync 1 DAGs
[2023-09-22T08:53:10.993+0800] {logging_mixin.py:151} INFO - [2023-09-22T08:53:10.993+0800] {dag.py:3696} INFO - Setting next_dagrun for example_python_operator to None, run_after=None
[2023-09-22T08:53:11.003+0800] {processor.py:179} INFO - Processing /opt/homebrew/lib/python3.11/site-packages/airflow/example_dags/example_python_operator.py took 0.142 seconds
[2023-09-22T08:54:51.888+0800] {processor.py:157} INFO - Started process (PID=69898) to work on /opt/homebrew/lib/python3.11/site-packages/airflow/example_dags/example_python_operator.py
[2023-09-22T08:54:51.888+0800] {processor.py:829} INFO - Processing file /opt/homebrew/lib/python3.11/site-packages/airflow/example_dags/example_python_operator.py for tasks to queue
[2023-09-22T08:54:51.888+0800] {logging_mixin.py:151} INFO - [2023-09-22T08:54:51.888+0800] {dagbag.py:539} INFO - Filling up the DagBag from /opt/homebrew/lib/python3.11/site-packages/airflow/example_dags/example_python_operator.py
[2023-09-22T08:54:51.917+0800] {logging_mixin.py:151} INFO - [2023-09-22T08:54:51.917+0800] {example_python_operator.py:89} WARNING - The virtalenv_python example task requires virtualenv, please install it.
[2023-09-22T08:54:51.920+0800] {processor.py:839} INFO - DAG(s) dict_keys(['example_python_operator']) retrieved from /opt/homebrew/lib/python3.11/site-packages/airflow/example_dags/example_python_operator.py
[2023-09-22T08:54:52.014+0800] {logging_mixin.py:151} INFO - [2023-09-22T08:54:52.013+0800] {dag.py:2915} INFO - Sync 1 DAGs
[2023-09-22T08:54:52.018+0800] {logging_mixin.py:151} INFO - [2023-09-22T08:54:52.018+0800] {dag.py:3696} INFO - Setting next_dagrun for example_python_operator to None, run_after=None
[2023-09-22T08:54:52.028+0800] {processor.py:179} INFO - Processing /opt/homebrew/lib/python3.11/site-packages/airflow/example_dags/example_python_operator.py took 0.141 seconds
[2023-09-22T08:56:38.232+0800] {processor.py:157} INFO - Started process (PID=70092) to work on /opt/homebrew/lib/python3.11/site-packages/airflow/example_dags/example_python_operator.py
[2023-09-22T08:56:38.232+0800] {processor.py:829} INFO - Processing file /opt/homebrew/lib/python3.11/site-packages/airflow/example_dags/example_python_operator.py for tasks to queue
[2023-09-22T08:56:38.233+0800] {logging_mixin.py:151} INFO - [2023-09-22T08:56:38.233+0800] {dagbag.py:539} INFO - Filling up the DagBag from /opt/homebrew/lib/python3.11/site-packages/airflow/example_dags/example_python_operator.py
[2023-09-22T08:56:38.262+0800] {logging_mixin.py:151} INFO - [2023-09-22T08:56:38.262+0800] {example_python_operator.py:89} WARNING - The virtalenv_python example task requires virtualenv, please install it.
[2023-09-22T08:56:38.265+0800] {processor.py:839} INFO - DAG(s) dict_keys(['example_python_operator']) retrieved from /opt/homebrew/lib/python3.11/site-packages/airflow/example_dags/example_python_operator.py
[2023-09-22T08:56:38.359+0800] {logging_mixin.py:151} INFO - [2023-09-22T08:56:38.359+0800] {dag.py:2915} INFO - Sync 1 DAGs
[2023-09-22T08:56:38.364+0800] {logging_mixin.py:151} INFO - [2023-09-22T08:56:38.364+0800] {dag.py:3696} INFO - Setting next_dagrun for example_python_operator to None, run_after=None
[2023-09-22T08:56:38.374+0800] {processor.py:179} INFO - Processing /opt/homebrew/lib/python3.11/site-packages/airflow/example_dags/example_python_operator.py took 0.142 seconds
[2023-09-22T08:58:22.896+0800] {processor.py:157} INFO - Started process (PID=70291) to work on /opt/homebrew/lib/python3.11/site-packages/airflow/example_dags/example_python_operator.py
[2023-09-22T08:58:22.897+0800] {processor.py:829} INFO - Processing file /opt/homebrew/lib/python3.11/site-packages/airflow/example_dags/example_python_operator.py for tasks to queue
[2023-09-22T08:58:22.897+0800] {logging_mixin.py:151} INFO - [2023-09-22T08:58:22.897+0800] {dagbag.py:539} INFO - Filling up the DagBag from /opt/homebrew/lib/python3.11/site-packages/airflow/example_dags/example_python_operator.py
[2023-09-22T08:58:22.926+0800] {logging_mixin.py:151} INFO - [2023-09-22T08:58:22.926+0800] {example_python_operator.py:89} WARNING - The virtalenv_python example task requires virtualenv, please install it.
[2023-09-22T08:58:22.929+0800] {processor.py:839} INFO - DAG(s) dict_keys(['example_python_operator']) retrieved from /opt/homebrew/lib/python3.11/site-packages/airflow/example_dags/example_python_operator.py
[2023-09-22T08:58:23.022+0800] {logging_mixin.py:151} INFO - [2023-09-22T08:58:23.022+0800] {dag.py:2915} INFO - Sync 1 DAGs
[2023-09-22T08:58:23.027+0800] {logging_mixin.py:151} INFO - [2023-09-22T08:58:23.027+0800] {dag.py:3696} INFO - Setting next_dagrun for example_python_operator to None, run_after=None
[2023-09-22T08:58:23.037+0800] {processor.py:179} INFO - Processing /opt/homebrew/lib/python3.11/site-packages/airflow/example_dags/example_python_operator.py took 0.141 seconds
[2023-09-22T09:00:07.726+0800] {processor.py:157} INFO - Started process (PID=70487) to work on /opt/homebrew/lib/python3.11/site-packages/airflow/example_dags/example_python_operator.py
[2023-09-22T09:00:07.726+0800] {processor.py:829} INFO - Processing file /opt/homebrew/lib/python3.11/site-packages/airflow/example_dags/example_python_operator.py for tasks to queue
[2023-09-22T09:00:07.726+0800] {logging_mixin.py:151} INFO - [2023-09-22T09:00:07.726+0800] {dagbag.py:539} INFO - Filling up the DagBag from /opt/homebrew/lib/python3.11/site-packages/airflow/example_dags/example_python_operator.py
[2023-09-22T09:00:07.755+0800] {logging_mixin.py:151} INFO - [2023-09-22T09:00:07.755+0800] {example_python_operator.py:89} WARNING - The virtalenv_python example task requires virtualenv, please install it.
[2023-09-22T09:00:07.759+0800] {processor.py:839} INFO - DAG(s) dict_keys(['example_python_operator']) retrieved from /opt/homebrew/lib/python3.11/site-packages/airflow/example_dags/example_python_operator.py
[2023-09-22T09:00:07.852+0800] {logging_mixin.py:151} INFO - [2023-09-22T09:00:07.852+0800] {dag.py:2915} INFO - Sync 1 DAGs
[2023-09-22T09:00:07.857+0800] {logging_mixin.py:151} INFO - [2023-09-22T09:00:07.857+0800] {dag.py:3696} INFO - Setting next_dagrun for example_python_operator to None, run_after=None
[2023-09-22T09:00:07.867+0800] {processor.py:179} INFO - Processing /opt/homebrew/lib/python3.11/site-packages/airflow/example_dags/example_python_operator.py took 0.142 seconds
[2023-09-22T09:01:53.521+0800] {processor.py:157} INFO - Started process (PID=70670) to work on /opt/homebrew/lib/python3.11/site-packages/airflow/example_dags/example_python_operator.py
[2023-09-22T09:01:53.522+0800] {processor.py:829} INFO - Processing file /opt/homebrew/lib/python3.11/site-packages/airflow/example_dags/example_python_operator.py for tasks to queue
[2023-09-22T09:01:53.522+0800] {logging_mixin.py:151} INFO - [2023-09-22T09:01:53.522+0800] {dagbag.py:539} INFO - Filling up the DagBag from /opt/homebrew/lib/python3.11/site-packages/airflow/example_dags/example_python_operator.py
[2023-09-22T09:01:53.551+0800] {logging_mixin.py:151} INFO - [2023-09-22T09:01:53.551+0800] {example_python_operator.py:89} WARNING - The virtalenv_python example task requires virtualenv, please install it.
[2023-09-22T09:01:53.554+0800] {processor.py:839} INFO - DAG(s) dict_keys(['example_python_operator']) retrieved from /opt/homebrew/lib/python3.11/site-packages/airflow/example_dags/example_python_operator.py
[2023-09-22T09:01:53.647+0800] {logging_mixin.py:151} INFO - [2023-09-22T09:01:53.647+0800] {dag.py:2915} INFO - Sync 1 DAGs
[2023-09-22T09:01:53.652+0800] {logging_mixin.py:151} INFO - [2023-09-22T09:01:53.652+0800] {dag.py:3696} INFO - Setting next_dagrun for example_python_operator to None, run_after=None
[2023-09-22T09:01:53.662+0800] {processor.py:179} INFO - Processing /opt/homebrew/lib/python3.11/site-packages/airflow/example_dags/example_python_operator.py took 0.141 seconds
[2023-09-22T09:03:37.912+0800] {processor.py:157} INFO - Started process (PID=70868) to work on /opt/homebrew/lib/python3.11/site-packages/airflow/example_dags/example_python_operator.py
[2023-09-22T09:03:37.912+0800] {processor.py:829} INFO - Processing file /opt/homebrew/lib/python3.11/site-packages/airflow/example_dags/example_python_operator.py for tasks to queue
[2023-09-22T09:03:37.912+0800] {logging_mixin.py:151} INFO - [2023-09-22T09:03:37.912+0800] {dagbag.py:539} INFO - Filling up the DagBag from /opt/homebrew/lib/python3.11/site-packages/airflow/example_dags/example_python_operator.py
[2023-09-22T09:03:37.941+0800] {logging_mixin.py:151} INFO - [2023-09-22T09:03:37.941+0800] {example_python_operator.py:89} WARNING - The virtalenv_python example task requires virtualenv, please install it.
[2023-09-22T09:03:37.945+0800] {processor.py:839} INFO - DAG(s) dict_keys(['example_python_operator']) retrieved from /opt/homebrew/lib/python3.11/site-packages/airflow/example_dags/example_python_operator.py
[2023-09-22T09:03:38.038+0800] {logging_mixin.py:151} INFO - [2023-09-22T09:03:38.037+0800] {dag.py:2915} INFO - Sync 1 DAGs
[2023-09-22T09:03:38.042+0800] {logging_mixin.py:151} INFO - [2023-09-22T09:03:38.042+0800] {dag.py:3696} INFO - Setting next_dagrun for example_python_operator to None, run_after=None
[2023-09-22T09:03:38.052+0800] {processor.py:179} INFO - Processing /opt/homebrew/lib/python3.11/site-packages/airflow/example_dags/example_python_operator.py took 0.141 seconds
[2023-09-22T09:05:20.724+0800] {processor.py:157} INFO - Started process (PID=71112) to work on /opt/homebrew/lib/python3.11/site-packages/airflow/example_dags/example_python_operator.py
[2023-09-22T09:05:20.724+0800] {processor.py:829} INFO - Processing file /opt/homebrew/lib/python3.11/site-packages/airflow/example_dags/example_python_operator.py for tasks to queue
[2023-09-22T09:05:20.724+0800] {logging_mixin.py:151} INFO - [2023-09-22T09:05:20.724+0800] {dagbag.py:539} INFO - Filling up the DagBag from /opt/homebrew/lib/python3.11/site-packages/airflow/example_dags/example_python_operator.py
[2023-09-22T09:05:20.754+0800] {logging_mixin.py:151} INFO - [2023-09-22T09:05:20.754+0800] {example_python_operator.py:89} WARNING - The virtalenv_python example task requires virtualenv, please install it.
[2023-09-22T09:05:20.757+0800] {processor.py:839} INFO - DAG(s) dict_keys(['example_python_operator']) retrieved from /opt/homebrew/lib/python3.11/site-packages/airflow/example_dags/example_python_operator.py
[2023-09-22T09:05:20.850+0800] {logging_mixin.py:151} INFO - [2023-09-22T09:05:20.850+0800] {dag.py:2915} INFO - Sync 1 DAGs
[2023-09-22T09:05:20.855+0800] {logging_mixin.py:151} INFO - [2023-09-22T09:05:20.855+0800] {dag.py:3696} INFO - Setting next_dagrun for example_python_operator to None, run_after=None
[2023-09-22T09:05:20.865+0800] {processor.py:179} INFO - Processing /opt/homebrew/lib/python3.11/site-packages/airflow/example_dags/example_python_operator.py took 0.142 seconds
[2023-09-22T09:07:07.892+0800] {processor.py:157} INFO - Started process (PID=71315) to work on /opt/homebrew/lib/python3.11/site-packages/airflow/example_dags/example_python_operator.py
[2023-09-22T09:07:07.892+0800] {processor.py:829} INFO - Processing file /opt/homebrew/lib/python3.11/site-packages/airflow/example_dags/example_python_operator.py for tasks to queue
[2023-09-22T09:07:07.893+0800] {logging_mixin.py:151} INFO - [2023-09-22T09:07:07.892+0800] {dagbag.py:539} INFO - Filling up the DagBag from /opt/homebrew/lib/python3.11/site-packages/airflow/example_dags/example_python_operator.py
[2023-09-22T09:07:07.922+0800] {logging_mixin.py:151} INFO - [2023-09-22T09:07:07.921+0800] {example_python_operator.py:89} WARNING - The virtalenv_python example task requires virtualenv, please install it.
[2023-09-22T09:07:07.925+0800] {processor.py:839} INFO - DAG(s) dict_keys(['example_python_operator']) retrieved from /opt/homebrew/lib/python3.11/site-packages/airflow/example_dags/example_python_operator.py
[2023-09-22T09:07:08.018+0800] {logging_mixin.py:151} INFO - [2023-09-22T09:07:08.017+0800] {dag.py:2915} INFO - Sync 1 DAGs
[2023-09-22T09:07:08.022+0800] {logging_mixin.py:151} INFO - [2023-09-22T09:07:08.022+0800] {dag.py:3696} INFO - Setting next_dagrun for example_python_operator to None, run_after=None
[2023-09-22T09:07:08.032+0800] {processor.py:179} INFO - Processing /opt/homebrew/lib/python3.11/site-packages/airflow/example_dags/example_python_operator.py took 0.141 seconds
[2023-09-22T09:08:49.310+0800] {processor.py:157} INFO - Started process (PID=71500) to work on /opt/homebrew/lib/python3.11/site-packages/airflow/example_dags/example_python_operator.py
[2023-09-22T09:08:49.310+0800] {processor.py:829} INFO - Processing file /opt/homebrew/lib/python3.11/site-packages/airflow/example_dags/example_python_operator.py for tasks to queue
[2023-09-22T09:08:49.310+0800] {logging_mixin.py:151} INFO - [2023-09-22T09:08:49.310+0800] {dagbag.py:539} INFO - Filling up the DagBag from /opt/homebrew/lib/python3.11/site-packages/airflow/example_dags/example_python_operator.py
[2023-09-22T09:08:49.339+0800] {logging_mixin.py:151} INFO - [2023-09-22T09:08:49.339+0800] {example_python_operator.py:89} WARNING - The virtalenv_python example task requires virtualenv, please install it.
[2023-09-22T09:08:49.342+0800] {processor.py:839} INFO - DAG(s) dict_keys(['example_python_operator']) retrieved from /opt/homebrew/lib/python3.11/site-packages/airflow/example_dags/example_python_operator.py
[2023-09-22T09:08:49.436+0800] {logging_mixin.py:151} INFO - [2023-09-22T09:08:49.435+0800] {dag.py:2915} INFO - Sync 1 DAGs
[2023-09-22T09:08:49.440+0800] {logging_mixin.py:151} INFO - [2023-09-22T09:08:49.440+0800] {dag.py:3696} INFO - Setting next_dagrun for example_python_operator to None, run_after=None
[2023-09-22T09:08:49.450+0800] {processor.py:179} INFO - Processing /opt/homebrew/lib/python3.11/site-packages/airflow/example_dags/example_python_operator.py took 0.141 seconds
[2023-09-22T09:10:38.414+0800] {processor.py:157} INFO - Started process (PID=71697) to work on /opt/homebrew/lib/python3.11/site-packages/airflow/example_dags/example_python_operator.py
[2023-09-22T09:10:38.414+0800] {processor.py:829} INFO - Processing file /opt/homebrew/lib/python3.11/site-packages/airflow/example_dags/example_python_operator.py for tasks to queue
[2023-09-22T09:10:38.415+0800] {logging_mixin.py:151} INFO - [2023-09-22T09:10:38.414+0800] {dagbag.py:539} INFO - Filling up the DagBag from /opt/homebrew/lib/python3.11/site-packages/airflow/example_dags/example_python_operator.py
[2023-09-22T09:10:38.444+0800] {logging_mixin.py:151} INFO - [2023-09-22T09:10:38.444+0800] {example_python_operator.py:89} WARNING - The virtalenv_python example task requires virtualenv, please install it.
[2023-09-22T09:10:38.447+0800] {processor.py:839} INFO - DAG(s) dict_keys(['example_python_operator']) retrieved from /opt/homebrew/lib/python3.11/site-packages/airflow/example_dags/example_python_operator.py
[2023-09-22T09:10:38.540+0800] {logging_mixin.py:151} INFO - [2023-09-22T09:10:38.540+0800] {dag.py:2915} INFO - Sync 1 DAGs
[2023-09-22T09:10:38.545+0800] {logging_mixin.py:151} INFO - [2023-09-22T09:10:38.545+0800] {dag.py:3696} INFO - Setting next_dagrun for example_python_operator to None, run_after=None
[2023-09-22T09:10:38.555+0800] {processor.py:179} INFO - Processing /opt/homebrew/lib/python3.11/site-packages/airflow/example_dags/example_python_operator.py took 0.141 seconds
[2023-09-22T09:12:24.525+0800] {processor.py:157} INFO - Started process (PID=71886) to work on /opt/homebrew/lib/python3.11/site-packages/airflow/example_dags/example_python_operator.py
[2023-09-22T09:12:24.525+0800] {processor.py:829} INFO - Processing file /opt/homebrew/lib/python3.11/site-packages/airflow/example_dags/example_python_operator.py for tasks to queue
[2023-09-22T09:12:24.526+0800] {logging_mixin.py:151} INFO - [2023-09-22T09:12:24.525+0800] {dagbag.py:539} INFO - Filling up the DagBag from /opt/homebrew/lib/python3.11/site-packages/airflow/example_dags/example_python_operator.py
[2023-09-22T09:12:24.555+0800] {logging_mixin.py:151} INFO - [2023-09-22T09:12:24.555+0800] {example_python_operator.py:89} WARNING - The virtalenv_python example task requires virtualenv, please install it.
[2023-09-22T09:12:24.558+0800] {processor.py:839} INFO - DAG(s) dict_keys(['example_python_operator']) retrieved from /opt/homebrew/lib/python3.11/site-packages/airflow/example_dags/example_python_operator.py
[2023-09-22T09:12:24.651+0800] {logging_mixin.py:151} INFO - [2023-09-22T09:12:24.651+0800] {dag.py:2915} INFO - Sync 1 DAGs
[2023-09-22T09:12:24.656+0800] {logging_mixin.py:151} INFO - [2023-09-22T09:12:24.656+0800] {dag.py:3696} INFO - Setting next_dagrun for example_python_operator to None, run_after=None
[2023-09-22T09:12:24.666+0800] {processor.py:179} INFO - Processing /opt/homebrew/lib/python3.11/site-packages/airflow/example_dags/example_python_operator.py took 0.142 seconds
[2023-09-22T09:14:05.222+0800] {processor.py:157} INFO - Started process (PID=72092) to work on /opt/homebrew/lib/python3.11/site-packages/airflow/example_dags/example_python_operator.py
[2023-09-22T09:14:05.222+0800] {processor.py:829} INFO - Processing file /opt/homebrew/lib/python3.11/site-packages/airflow/example_dags/example_python_operator.py for tasks to queue
[2023-09-22T09:14:05.223+0800] {logging_mixin.py:151} INFO - [2023-09-22T09:14:05.223+0800] {dagbag.py:539} INFO - Filling up the DagBag from /opt/homebrew/lib/python3.11/site-packages/airflow/example_dags/example_python_operator.py
[2023-09-22T09:14:05.252+0800] {logging_mixin.py:151} INFO - [2023-09-22T09:14:05.252+0800] {example_python_operator.py:89} WARNING - The virtalenv_python example task requires virtualenv, please install it.
[2023-09-22T09:14:05.255+0800] {processor.py:839} INFO - DAG(s) dict_keys(['example_python_operator']) retrieved from /opt/homebrew/lib/python3.11/site-packages/airflow/example_dags/example_python_operator.py
[2023-09-22T09:14:05.348+0800] {logging_mixin.py:151} INFO - [2023-09-22T09:14:05.348+0800] {dag.py:2915} INFO - Sync 1 DAGs
[2023-09-22T09:14:05.353+0800] {logging_mixin.py:151} INFO - [2023-09-22T09:14:05.353+0800] {dag.py:3696} INFO - Setting next_dagrun for example_python_operator to None, run_after=None
[2023-09-22T09:14:05.363+0800] {processor.py:179} INFO - Processing /opt/homebrew/lib/python3.11/site-packages/airflow/example_dags/example_python_operator.py took 0.141 seconds
[2023-09-22T09:15:49.207+0800] {processor.py:157} INFO - Started process (PID=72274) to work on /opt/homebrew/lib/python3.11/site-packages/airflow/example_dags/example_python_operator.py
[2023-09-22T09:15:49.208+0800] {processor.py:829} INFO - Processing file /opt/homebrew/lib/python3.11/site-packages/airflow/example_dags/example_python_operator.py for tasks to queue
[2023-09-22T09:15:49.208+0800] {logging_mixin.py:151} INFO - [2023-09-22T09:15:49.208+0800] {dagbag.py:539} INFO - Filling up the DagBag from /opt/homebrew/lib/python3.11/site-packages/airflow/example_dags/example_python_operator.py
[2023-09-22T09:15:49.237+0800] {logging_mixin.py:151} INFO - [2023-09-22T09:15:49.237+0800] {example_python_operator.py:89} WARNING - The virtalenv_python example task requires virtualenv, please install it.
[2023-09-22T09:15:49.240+0800] {processor.py:839} INFO - DAG(s) dict_keys(['example_python_operator']) retrieved from /opt/homebrew/lib/python3.11/site-packages/airflow/example_dags/example_python_operator.py
[2023-09-22T09:15:49.338+0800] {logging_mixin.py:151} INFO - [2023-09-22T09:15:49.338+0800] {dag.py:2915} INFO - Sync 1 DAGs
[2023-09-22T09:15:49.343+0800] {logging_mixin.py:151} INFO - [2023-09-22T09:15:49.343+0800] {dag.py:3696} INFO - Setting next_dagrun for example_python_operator to None, run_after=None
[2023-09-22T09:15:49.354+0800] {processor.py:179} INFO - Processing /opt/homebrew/lib/python3.11/site-packages/airflow/example_dags/example_python_operator.py took 0.148 seconds
[2023-09-22T09:17:32.627+0800] {processor.py:157} INFO - Started process (PID=72453) to work on /opt/homebrew/lib/python3.11/site-packages/airflow/example_dags/example_python_operator.py
[2023-09-22T09:17:32.628+0800] {processor.py:829} INFO - Processing file /opt/homebrew/lib/python3.11/site-packages/airflow/example_dags/example_python_operator.py for tasks to queue
[2023-09-22T09:17:32.628+0800] {logging_mixin.py:151} INFO - [2023-09-22T09:17:32.628+0800] {dagbag.py:539} INFO - Filling up the DagBag from /opt/homebrew/lib/python3.11/site-packages/airflow/example_dags/example_python_operator.py
[2023-09-22T09:17:32.657+0800] {logging_mixin.py:151} INFO - [2023-09-22T09:17:32.657+0800] {example_python_operator.py:89} WARNING - The virtalenv_python example task requires virtualenv, please install it.
[2023-09-22T09:17:32.660+0800] {processor.py:839} INFO - DAG(s) dict_keys(['example_python_operator']) retrieved from /opt/homebrew/lib/python3.11/site-packages/airflow/example_dags/example_python_operator.py
[2023-09-22T09:17:32.753+0800] {logging_mixin.py:151} INFO - [2023-09-22T09:17:32.753+0800] {dag.py:2915} INFO - Sync 1 DAGs
[2023-09-22T09:17:32.758+0800] {logging_mixin.py:151} INFO - [2023-09-22T09:17:32.758+0800] {dag.py:3696} INFO - Setting next_dagrun for example_python_operator to None, run_after=None
[2023-09-22T09:17:32.768+0800] {processor.py:179} INFO - Processing /opt/homebrew/lib/python3.11/site-packages/airflow/example_dags/example_python_operator.py took 0.141 seconds
[2023-09-22T09:19:17.005+0800] {processor.py:157} INFO - Started process (PID=72640) to work on /opt/homebrew/lib/python3.11/site-packages/airflow/example_dags/example_python_operator.py
[2023-09-22T09:19:17.005+0800] {processor.py:829} INFO - Processing file /opt/homebrew/lib/python3.11/site-packages/airflow/example_dags/example_python_operator.py for tasks to queue
[2023-09-22T09:19:17.006+0800] {logging_mixin.py:151} INFO - [2023-09-22T09:19:17.006+0800] {dagbag.py:539} INFO - Filling up the DagBag from /opt/homebrew/lib/python3.11/site-packages/airflow/example_dags/example_python_operator.py
[2023-09-22T09:19:17.035+0800] {logging_mixin.py:151} INFO - [2023-09-22T09:19:17.035+0800] {example_python_operator.py:89} WARNING - The virtalenv_python example task requires virtualenv, please install it.
[2023-09-22T09:19:17.038+0800] {processor.py:839} INFO - DAG(s) dict_keys(['example_python_operator']) retrieved from /opt/homebrew/lib/python3.11/site-packages/airflow/example_dags/example_python_operator.py
[2023-09-22T09:19:17.132+0800] {logging_mixin.py:151} INFO - [2023-09-22T09:19:17.132+0800] {dag.py:2915} INFO - Sync 1 DAGs
[2023-09-22T09:19:17.137+0800] {logging_mixin.py:151} INFO - [2023-09-22T09:19:17.136+0800] {dag.py:3696} INFO - Setting next_dagrun for example_python_operator to None, run_after=None
[2023-09-22T09:19:17.147+0800] {processor.py:179} INFO - Processing /opt/homebrew/lib/python3.11/site-packages/airflow/example_dags/example_python_operator.py took 0.142 seconds
[2023-09-22T09:21:02.810+0800] {processor.py:157} INFO - Started process (PID=72827) to work on /opt/homebrew/lib/python3.11/site-packages/airflow/example_dags/example_python_operator.py
[2023-09-22T09:21:02.811+0800] {processor.py:829} INFO - Processing file /opt/homebrew/lib/python3.11/site-packages/airflow/example_dags/example_python_operator.py for tasks to queue
[2023-09-22T09:21:02.811+0800] {logging_mixin.py:151} INFO - [2023-09-22T09:21:02.811+0800] {dagbag.py:539} INFO - Filling up the DagBag from /opt/homebrew/lib/python3.11/site-packages/airflow/example_dags/example_python_operator.py
[2023-09-22T09:21:02.840+0800] {logging_mixin.py:151} INFO - [2023-09-22T09:21:02.840+0800] {example_python_operator.py:89} WARNING - The virtalenv_python example task requires virtualenv, please install it.
[2023-09-22T09:21:02.843+0800] {processor.py:839} INFO - DAG(s) dict_keys(['example_python_operator']) retrieved from /opt/homebrew/lib/python3.11/site-packages/airflow/example_dags/example_python_operator.py
[2023-09-22T09:21:02.936+0800] {logging_mixin.py:151} INFO - [2023-09-22T09:21:02.936+0800] {dag.py:2915} INFO - Sync 1 DAGs
[2023-09-22T09:21:02.941+0800] {logging_mixin.py:151} INFO - [2023-09-22T09:21:02.941+0800] {dag.py:3696} INFO - Setting next_dagrun for example_python_operator to None, run_after=None
[2023-09-22T09:21:02.951+0800] {processor.py:179} INFO - Processing /opt/homebrew/lib/python3.11/site-packages/airflow/example_dags/example_python_operator.py took 0.142 seconds
[2023-09-22T09:22:49.588+0800] {processor.py:157} INFO - Started process (PID=73014) to work on /opt/homebrew/lib/python3.11/site-packages/airflow/example_dags/example_python_operator.py
[2023-09-22T09:22:49.589+0800] {processor.py:829} INFO - Processing file /opt/homebrew/lib/python3.11/site-packages/airflow/example_dags/example_python_operator.py for tasks to queue
[2023-09-22T09:22:49.589+0800] {logging_mixin.py:151} INFO - [2023-09-22T09:22:49.589+0800] {dagbag.py:539} INFO - Filling up the DagBag from /opt/homebrew/lib/python3.11/site-packages/airflow/example_dags/example_python_operator.py
[2023-09-22T09:22:49.618+0800] {logging_mixin.py:151} INFO - [2023-09-22T09:22:49.618+0800] {example_python_operator.py:89} WARNING - The virtalenv_python example task requires virtualenv, please install it.
[2023-09-22T09:22:49.621+0800] {processor.py:839} INFO - DAG(s) dict_keys(['example_python_operator']) retrieved from /opt/homebrew/lib/python3.11/site-packages/airflow/example_dags/example_python_operator.py
[2023-09-22T09:22:49.714+0800] {logging_mixin.py:151} INFO - [2023-09-22T09:22:49.714+0800] {dag.py:2915} INFO - Sync 1 DAGs
[2023-09-22T09:22:49.719+0800] {logging_mixin.py:151} INFO - [2023-09-22T09:22:49.719+0800] {dag.py:3696} INFO - Setting next_dagrun for example_python_operator to None, run_after=None
[2023-09-22T09:22:49.729+0800] {processor.py:179} INFO - Processing /opt/homebrew/lib/python3.11/site-packages/airflow/example_dags/example_python_operator.py took 0.141 seconds
[2023-09-22T09:24:28.555+0800] {processor.py:157} INFO - Started process (PID=73190) to work on /opt/homebrew/lib/python3.11/site-packages/airflow/example_dags/example_python_operator.py
[2023-09-22T09:24:28.556+0800] {processor.py:829} INFO - Processing file /opt/homebrew/lib/python3.11/site-packages/airflow/example_dags/example_python_operator.py for tasks to queue
[2023-09-22T09:24:28.556+0800] {logging_mixin.py:151} INFO - [2023-09-22T09:24:28.556+0800] {dagbag.py:539} INFO - Filling up the DagBag from /opt/homebrew/lib/python3.11/site-packages/airflow/example_dags/example_python_operator.py
[2023-09-22T09:24:28.585+0800] {logging_mixin.py:151} INFO - [2023-09-22T09:24:28.585+0800] {example_python_operator.py:89} WARNING - The virtalenv_python example task requires virtualenv, please install it.
[2023-09-22T09:24:28.588+0800] {processor.py:839} INFO - DAG(s) dict_keys(['example_python_operator']) retrieved from /opt/homebrew/lib/python3.11/site-packages/airflow/example_dags/example_python_operator.py
[2023-09-22T09:24:28.681+0800] {logging_mixin.py:151} INFO - [2023-09-22T09:24:28.681+0800] {dag.py:2915} INFO - Sync 1 DAGs
[2023-09-22T09:24:28.686+0800] {logging_mixin.py:151} INFO - [2023-09-22T09:24:28.686+0800] {dag.py:3696} INFO - Setting next_dagrun for example_python_operator to None, run_after=None
[2023-09-22T09:24:28.696+0800] {processor.py:179} INFO - Processing /opt/homebrew/lib/python3.11/site-packages/airflow/example_dags/example_python_operator.py took 0.141 seconds
[2023-09-22T09:26:11.474+0800] {processor.py:157} INFO - Started process (PID=73374) to work on /opt/homebrew/lib/python3.11/site-packages/airflow/example_dags/example_python_operator.py
[2023-09-22T09:26:11.475+0800] {processor.py:829} INFO - Processing file /opt/homebrew/lib/python3.11/site-packages/airflow/example_dags/example_python_operator.py for tasks to queue
[2023-09-22T09:26:11.475+0800] {logging_mixin.py:151} INFO - [2023-09-22T09:26:11.475+0800] {dagbag.py:539} INFO - Filling up the DagBag from /opt/homebrew/lib/python3.11/site-packages/airflow/example_dags/example_python_operator.py
[2023-09-22T09:26:11.504+0800] {logging_mixin.py:151} INFO - [2023-09-22T09:26:11.504+0800] {example_python_operator.py:89} WARNING - The virtalenv_python example task requires virtualenv, please install it.
[2023-09-22T09:26:11.507+0800] {processor.py:839} INFO - DAG(s) dict_keys(['example_python_operator']) retrieved from /opt/homebrew/lib/python3.11/site-packages/airflow/example_dags/example_python_operator.py
[2023-09-22T09:26:11.600+0800] {logging_mixin.py:151} INFO - [2023-09-22T09:26:11.600+0800] {dag.py:2915} INFO - Sync 1 DAGs
[2023-09-22T09:26:11.605+0800] {logging_mixin.py:151} INFO - [2023-09-22T09:26:11.605+0800] {dag.py:3696} INFO - Setting next_dagrun for example_python_operator to None, run_after=None
[2023-09-22T09:26:11.615+0800] {processor.py:179} INFO - Processing /opt/homebrew/lib/python3.11/site-packages/airflow/example_dags/example_python_operator.py took 0.141 seconds
[2023-09-22T09:28:01.000+0800] {processor.py:157} INFO - Started process (PID=73565) to work on /opt/homebrew/lib/python3.11/site-packages/airflow/example_dags/example_python_operator.py
[2023-09-22T09:28:01.001+0800] {processor.py:829} INFO - Processing file /opt/homebrew/lib/python3.11/site-packages/airflow/example_dags/example_python_operator.py for tasks to queue
[2023-09-22T09:28:01.001+0800] {logging_mixin.py:151} INFO - [2023-09-22T09:28:01.001+0800] {dagbag.py:539} INFO - Filling up the DagBag from /opt/homebrew/lib/python3.11/site-packages/airflow/example_dags/example_python_operator.py
[2023-09-22T09:28:01.030+0800] {logging_mixin.py:151} INFO - [2023-09-22T09:28:01.030+0800] {example_python_operator.py:89} WARNING - The virtalenv_python example task requires virtualenv, please install it.
[2023-09-22T09:28:01.033+0800] {processor.py:839} INFO - DAG(s) dict_keys(['example_python_operator']) retrieved from /opt/homebrew/lib/python3.11/site-packages/airflow/example_dags/example_python_operator.py
[2023-09-22T09:28:01.126+0800] {logging_mixin.py:151} INFO - [2023-09-22T09:28:01.126+0800] {dag.py:2915} INFO - Sync 1 DAGs
[2023-09-22T09:28:01.131+0800] {logging_mixin.py:151} INFO - [2023-09-22T09:28:01.131+0800] {dag.py:3696} INFO - Setting next_dagrun for example_python_operator to None, run_after=None
[2023-09-22T09:28:01.141+0800] {processor.py:179} INFO - Processing /opt/homebrew/lib/python3.11/site-packages/airflow/example_dags/example_python_operator.py took 0.141 seconds
[2023-09-22T09:29:43.930+0800] {processor.py:157} INFO - Started process (PID=73784) to work on /opt/homebrew/lib/python3.11/site-packages/airflow/example_dags/example_python_operator.py
[2023-09-22T09:29:43.931+0800] {processor.py:829} INFO - Processing file /opt/homebrew/lib/python3.11/site-packages/airflow/example_dags/example_python_operator.py for tasks to queue
[2023-09-22T09:29:43.931+0800] {logging_mixin.py:151} INFO - [2023-09-22T09:29:43.931+0800] {dagbag.py:539} INFO - Filling up the DagBag from /opt/homebrew/lib/python3.11/site-packages/airflow/example_dags/example_python_operator.py
[2023-09-22T09:29:43.960+0800] {logging_mixin.py:151} INFO - [2023-09-22T09:29:43.960+0800] {example_python_operator.py:89} WARNING - The virtalenv_python example task requires virtualenv, please install it.
[2023-09-22T09:29:43.963+0800] {processor.py:839} INFO - DAG(s) dict_keys(['example_python_operator']) retrieved from /opt/homebrew/lib/python3.11/site-packages/airflow/example_dags/example_python_operator.py
[2023-09-22T09:29:44.057+0800] {logging_mixin.py:151} INFO - [2023-09-22T09:29:44.056+0800] {dag.py:2915} INFO - Sync 1 DAGs
[2023-09-22T09:29:44.061+0800] {logging_mixin.py:151} INFO - [2023-09-22T09:29:44.061+0800] {dag.py:3696} INFO - Setting next_dagrun for example_python_operator to None, run_after=None
[2023-09-22T09:29:44.071+0800] {processor.py:179} INFO - Processing /opt/homebrew/lib/python3.11/site-packages/airflow/example_dags/example_python_operator.py took 0.142 seconds
[2023-09-22T09:31:29.265+0800] {processor.py:157} INFO - Started process (PID=73967) to work on /opt/homebrew/lib/python3.11/site-packages/airflow/example_dags/example_python_operator.py
[2023-09-22T09:31:29.265+0800] {processor.py:829} INFO - Processing file /opt/homebrew/lib/python3.11/site-packages/airflow/example_dags/example_python_operator.py for tasks to queue
[2023-09-22T09:31:29.266+0800] {logging_mixin.py:151} INFO - [2023-09-22T09:31:29.266+0800] {dagbag.py:539} INFO - Filling up the DagBag from /opt/homebrew/lib/python3.11/site-packages/airflow/example_dags/example_python_operator.py
[2023-09-22T09:31:29.295+0800] {logging_mixin.py:151} INFO - [2023-09-22T09:31:29.294+0800] {example_python_operator.py:89} WARNING - The virtalenv_python example task requires virtualenv, please install it.
[2023-09-22T09:31:29.298+0800] {processor.py:839} INFO - DAG(s) dict_keys(['example_python_operator']) retrieved from /opt/homebrew/lib/python3.11/site-packages/airflow/example_dags/example_python_operator.py
[2023-09-22T09:31:29.391+0800] {logging_mixin.py:151} INFO - [2023-09-22T09:31:29.391+0800] {dag.py:2915} INFO - Sync 1 DAGs
[2023-09-22T09:31:29.396+0800] {logging_mixin.py:151} INFO - [2023-09-22T09:31:29.396+0800] {dag.py:3696} INFO - Setting next_dagrun for example_python_operator to None, run_after=None
[2023-09-22T09:31:29.406+0800] {processor.py:179} INFO - Processing /opt/homebrew/lib/python3.11/site-packages/airflow/example_dags/example_python_operator.py took 0.142 seconds
[2023-09-22T09:33:13.858+0800] {processor.py:157} INFO - Started process (PID=74154) to work on /opt/homebrew/lib/python3.11/site-packages/airflow/example_dags/example_python_operator.py
[2023-09-22T09:33:13.859+0800] {processor.py:829} INFO - Processing file /opt/homebrew/lib/python3.11/site-packages/airflow/example_dags/example_python_operator.py for tasks to queue
[2023-09-22T09:33:13.859+0800] {logging_mixin.py:151} INFO - [2023-09-22T09:33:13.859+0800] {dagbag.py:539} INFO - Filling up the DagBag from /opt/homebrew/lib/python3.11/site-packages/airflow/example_dags/example_python_operator.py
[2023-09-22T09:33:13.888+0800] {logging_mixin.py:151} INFO - [2023-09-22T09:33:13.888+0800] {example_python_operator.py:89} WARNING - The virtalenv_python example task requires virtualenv, please install it.
[2023-09-22T09:33:13.891+0800] {processor.py:839} INFO - DAG(s) dict_keys(['example_python_operator']) retrieved from /opt/homebrew/lib/python3.11/site-packages/airflow/example_dags/example_python_operator.py
[2023-09-22T09:33:13.984+0800] {logging_mixin.py:151} INFO - [2023-09-22T09:33:13.984+0800] {dag.py:2915} INFO - Sync 1 DAGs
[2023-09-22T09:33:13.989+0800] {logging_mixin.py:151} INFO - [2023-09-22T09:33:13.989+0800] {dag.py:3696} INFO - Setting next_dagrun for example_python_operator to None, run_after=None
[2023-09-22T09:33:13.999+0800] {processor.py:179} INFO - Processing /opt/homebrew/lib/python3.11/site-packages/airflow/example_dags/example_python_operator.py took 0.141 seconds
[2023-09-22T09:35:00.316+0800] {processor.py:157} INFO - Started process (PID=74407) to work on /opt/homebrew/lib/python3.11/site-packages/airflow/example_dags/example_python_operator.py
[2023-09-22T09:35:00.317+0800] {processor.py:829} INFO - Processing file /opt/homebrew/lib/python3.11/site-packages/airflow/example_dags/example_python_operator.py for tasks to queue
[2023-09-22T09:35:00.317+0800] {logging_mixin.py:151} INFO - [2023-09-22T09:35:00.317+0800] {dagbag.py:539} INFO - Filling up the DagBag from /opt/homebrew/lib/python3.11/site-packages/airflow/example_dags/example_python_operator.py
[2023-09-22T09:35:00.346+0800] {logging_mixin.py:151} INFO - [2023-09-22T09:35:00.346+0800] {example_python_operator.py:89} WARNING - The virtalenv_python example task requires virtualenv, please install it.
[2023-09-22T09:35:00.349+0800] {processor.py:839} INFO - DAG(s) dict_keys(['example_python_operator']) retrieved from /opt/homebrew/lib/python3.11/site-packages/airflow/example_dags/example_python_operator.py
[2023-09-22T09:35:00.442+0800] {logging_mixin.py:151} INFO - [2023-09-22T09:35:00.442+0800] {dag.py:2915} INFO - Sync 1 DAGs
[2023-09-22T09:35:00.447+0800] {logging_mixin.py:151} INFO - [2023-09-22T09:35:00.447+0800] {dag.py:3696} INFO - Setting next_dagrun for example_python_operator to None, run_after=None
[2023-09-22T09:35:00.457+0800] {processor.py:179} INFO - Processing /opt/homebrew/lib/python3.11/site-packages/airflow/example_dags/example_python_operator.py took 0.141 seconds
[2023-09-22T09:36:47.778+0800] {processor.py:157} INFO - Started process (PID=74612) to work on /opt/homebrew/lib/python3.11/site-packages/airflow/example_dags/example_python_operator.py
[2023-09-22T09:36:47.779+0800] {processor.py:829} INFO - Processing file /opt/homebrew/lib/python3.11/site-packages/airflow/example_dags/example_python_operator.py for tasks to queue
[2023-09-22T09:36:47.779+0800] {logging_mixin.py:151} INFO - [2023-09-22T09:36:47.779+0800] {dagbag.py:539} INFO - Filling up the DagBag from /opt/homebrew/lib/python3.11/site-packages/airflow/example_dags/example_python_operator.py
[2023-09-22T09:36:47.808+0800] {logging_mixin.py:151} INFO - [2023-09-22T09:36:47.808+0800] {example_python_operator.py:89} WARNING - The virtalenv_python example task requires virtualenv, please install it.
[2023-09-22T09:36:47.811+0800] {processor.py:839} INFO - DAG(s) dict_keys(['example_python_operator']) retrieved from /opt/homebrew/lib/python3.11/site-packages/airflow/example_dags/example_python_operator.py
[2023-09-22T09:36:47.905+0800] {logging_mixin.py:151} INFO - [2023-09-22T09:36:47.905+0800] {dag.py:2915} INFO - Sync 1 DAGs
[2023-09-22T09:36:47.910+0800] {logging_mixin.py:151} INFO - [2023-09-22T09:36:47.910+0800] {dag.py:3696} INFO - Setting next_dagrun for example_python_operator to None, run_after=None
[2023-09-22T09:36:47.920+0800] {processor.py:179} INFO - Processing /opt/homebrew/lib/python3.11/site-packages/airflow/example_dags/example_python_operator.py took 0.142 seconds
[2023-09-22T09:38:31.095+0800] {processor.py:157} INFO - Started process (PID=74803) to work on /opt/homebrew/lib/python3.11/site-packages/airflow/example_dags/example_python_operator.py
[2023-09-22T09:38:31.096+0800] {processor.py:829} INFO - Processing file /opt/homebrew/lib/python3.11/site-packages/airflow/example_dags/example_python_operator.py for tasks to queue
[2023-09-22T09:38:31.096+0800] {logging_mixin.py:151} INFO - [2023-09-22T09:38:31.096+0800] {dagbag.py:539} INFO - Filling up the DagBag from /opt/homebrew/lib/python3.11/site-packages/airflow/example_dags/example_python_operator.py
[2023-09-22T09:38:31.126+0800] {logging_mixin.py:151} INFO - [2023-09-22T09:38:31.126+0800] {example_python_operator.py:89} WARNING - The virtalenv_python example task requires virtualenv, please install it.
[2023-09-22T09:38:31.129+0800] {processor.py:839} INFO - DAG(s) dict_keys(['example_python_operator']) retrieved from /opt/homebrew/lib/python3.11/site-packages/airflow/example_dags/example_python_operator.py
[2023-09-22T09:38:31.222+0800] {logging_mixin.py:151} INFO - [2023-09-22T09:38:31.222+0800] {dag.py:2915} INFO - Sync 1 DAGs
[2023-09-22T09:38:31.227+0800] {logging_mixin.py:151} INFO - [2023-09-22T09:38:31.227+0800] {dag.py:3696} INFO - Setting next_dagrun for example_python_operator to None, run_after=None
[2023-09-22T09:38:31.237+0800] {processor.py:179} INFO - Processing /opt/homebrew/lib/python3.11/site-packages/airflow/example_dags/example_python_operator.py took 0.142 seconds
[2023-09-22T09:40:13.757+0800] {processor.py:157} INFO - Started process (PID=74989) to work on /opt/homebrew/lib/python3.11/site-packages/airflow/example_dags/example_python_operator.py
[2023-09-22T09:40:13.757+0800] {processor.py:829} INFO - Processing file /opt/homebrew/lib/python3.11/site-packages/airflow/example_dags/example_python_operator.py for tasks to queue
[2023-09-22T09:40:13.758+0800] {logging_mixin.py:151} INFO - [2023-09-22T09:40:13.757+0800] {dagbag.py:539} INFO - Filling up the DagBag from /opt/homebrew/lib/python3.11/site-packages/airflow/example_dags/example_python_operator.py
[2023-09-22T09:40:13.787+0800] {logging_mixin.py:151} INFO - [2023-09-22T09:40:13.786+0800] {example_python_operator.py:89} WARNING - The virtalenv_python example task requires virtualenv, please install it.
[2023-09-22T09:40:13.790+0800] {processor.py:839} INFO - DAG(s) dict_keys(['example_python_operator']) retrieved from /opt/homebrew/lib/python3.11/site-packages/airflow/example_dags/example_python_operator.py
[2023-09-22T09:40:13.883+0800] {logging_mixin.py:151} INFO - [2023-09-22T09:40:13.883+0800] {dag.py:2915} INFO - Sync 1 DAGs
[2023-09-22T09:40:13.887+0800] {logging_mixin.py:151} INFO - [2023-09-22T09:40:13.887+0800] {dag.py:3696} INFO - Setting next_dagrun for example_python_operator to None, run_after=None
[2023-09-22T09:40:13.898+0800] {processor.py:179} INFO - Processing /opt/homebrew/lib/python3.11/site-packages/airflow/example_dags/example_python_operator.py took 0.141 seconds
[2023-09-22T09:42:05.121+0800] {processor.py:157} INFO - Started process (PID=75184) to work on /opt/homebrew/lib/python3.11/site-packages/airflow/example_dags/example_python_operator.py
[2023-09-22T09:42:05.122+0800] {processor.py:829} INFO - Processing file /opt/homebrew/lib/python3.11/site-packages/airflow/example_dags/example_python_operator.py for tasks to queue
[2023-09-22T09:42:05.122+0800] {logging_mixin.py:151} INFO - [2023-09-22T09:42:05.122+0800] {dagbag.py:539} INFO - Filling up the DagBag from /opt/homebrew/lib/python3.11/site-packages/airflow/example_dags/example_python_operator.py
[2023-09-22T09:42:05.151+0800] {logging_mixin.py:151} INFO - [2023-09-22T09:42:05.151+0800] {example_python_operator.py:89} WARNING - The virtalenv_python example task requires virtualenv, please install it.
[2023-09-22T09:42:05.154+0800] {processor.py:839} INFO - DAG(s) dict_keys(['example_python_operator']) retrieved from /opt/homebrew/lib/python3.11/site-packages/airflow/example_dags/example_python_operator.py
[2023-09-22T09:42:05.248+0800] {logging_mixin.py:151} INFO - [2023-09-22T09:42:05.247+0800] {dag.py:2915} INFO - Sync 1 DAGs
[2023-09-22T09:42:05.252+0800] {logging_mixin.py:151} INFO - [2023-09-22T09:42:05.252+0800] {dag.py:3696} INFO - Setting next_dagrun for example_python_operator to None, run_after=None
[2023-09-22T09:42:05.262+0800] {processor.py:179} INFO - Processing /opt/homebrew/lib/python3.11/site-packages/airflow/example_dags/example_python_operator.py took 0.142 seconds
[2023-09-22T13:17:35.288+0800] {processor.py:157} INFO - Started process (PID=75618) to work on /opt/homebrew/lib/python3.11/site-packages/airflow/example_dags/example_python_operator.py
[2023-09-22T13:17:35.289+0800] {processor.py:829} INFO - Processing file /opt/homebrew/lib/python3.11/site-packages/airflow/example_dags/example_python_operator.py for tasks to queue
[2023-09-22T13:17:35.290+0800] {logging_mixin.py:151} INFO - [2023-09-22T13:17:35.290+0800] {dagbag.py:539} INFO - Filling up the DagBag from /opt/homebrew/lib/python3.11/site-packages/airflow/example_dags/example_python_operator.py
[2023-09-22T13:17:35.319+0800] {logging_mixin.py:151} INFO - [2023-09-22T13:17:35.318+0800] {example_python_operator.py:89} WARNING - The virtalenv_python example task requires virtualenv, please install it.
[2023-09-22T13:17:35.322+0800] {processor.py:839} INFO - DAG(s) dict_keys(['example_python_operator']) retrieved from /opt/homebrew/lib/python3.11/site-packages/airflow/example_dags/example_python_operator.py
[2023-09-22T13:17:35.415+0800] {logging_mixin.py:151} INFO - [2023-09-22T13:17:35.415+0800] {dag.py:2915} INFO - Sync 1 DAGs
[2023-09-22T13:17:35.420+0800] {logging_mixin.py:151} INFO - [2023-09-22T13:17:35.420+0800] {dag.py:3696} INFO - Setting next_dagrun for example_python_operator to None, run_after=None
[2023-09-22T13:17:35.431+0800] {processor.py:179} INFO - Processing /opt/homebrew/lib/python3.11/site-packages/airflow/example_dags/example_python_operator.py took 0.143 seconds
[2023-09-22T16:36:54.426+0800] {processor.py:157} INFO - Started process (PID=75947) to work on /opt/homebrew/lib/python3.11/site-packages/airflow/example_dags/example_python_operator.py
[2023-09-22T16:36:54.427+0800] {processor.py:829} INFO - Processing file /opt/homebrew/lib/python3.11/site-packages/airflow/example_dags/example_python_operator.py for tasks to queue
[2023-09-22T16:36:54.427+0800] {logging_mixin.py:151} INFO - [2023-09-22T16:36:54.427+0800] {dagbag.py:539} INFO - Filling up the DagBag from /opt/homebrew/lib/python3.11/site-packages/airflow/example_dags/example_python_operator.py
[2023-09-22T16:36:54.456+0800] {logging_mixin.py:151} INFO - [2023-09-22T16:36:54.456+0800] {example_python_operator.py:89} WARNING - The virtalenv_python example task requires virtualenv, please install it.
[2023-09-22T16:36:54.459+0800] {processor.py:839} INFO - DAG(s) dict_keys(['example_python_operator']) retrieved from /opt/homebrew/lib/python3.11/site-packages/airflow/example_dags/example_python_operator.py
[2023-09-22T16:36:54.554+0800] {logging_mixin.py:151} INFO - [2023-09-22T16:36:54.554+0800] {dag.py:2915} INFO - Sync 1 DAGs
[2023-09-22T16:36:54.558+0800] {logging_mixin.py:151} INFO - [2023-09-22T16:36:54.558+0800] {dag.py:3696} INFO - Setting next_dagrun for example_python_operator to None, run_after=None
[2023-09-22T16:36:54.569+0800] {processor.py:179} INFO - Processing /opt/homebrew/lib/python3.11/site-packages/airflow/example_dags/example_python_operator.py took 0.144 seconds
[2023-09-22T19:27:59.022+0800] {processor.py:157} INFO - Started process (PID=76268) to work on /opt/homebrew/lib/python3.11/site-packages/airflow/example_dags/example_python_operator.py
[2023-09-22T19:27:59.023+0800] {processor.py:829} INFO - Processing file /opt/homebrew/lib/python3.11/site-packages/airflow/example_dags/example_python_operator.py for tasks to queue
[2023-09-22T19:27:59.023+0800] {logging_mixin.py:151} INFO - [2023-09-22T19:27:59.023+0800] {dagbag.py:539} INFO - Filling up the DagBag from /opt/homebrew/lib/python3.11/site-packages/airflow/example_dags/example_python_operator.py
[2023-09-22T19:27:59.052+0800] {logging_mixin.py:151} INFO - [2023-09-22T19:27:59.052+0800] {example_python_operator.py:89} WARNING - The virtalenv_python example task requires virtualenv, please install it.
[2023-09-22T19:27:59.056+0800] {processor.py:839} INFO - DAG(s) dict_keys(['example_python_operator']) retrieved from /opt/homebrew/lib/python3.11/site-packages/airflow/example_dags/example_python_operator.py
[2023-09-22T19:27:59.152+0800] {logging_mixin.py:151} INFO - [2023-09-22T19:27:59.151+0800] {dag.py:2915} INFO - Sync 1 DAGs
[2023-09-22T19:27:59.156+0800] {logging_mixin.py:151} INFO - [2023-09-22T19:27:59.156+0800] {dag.py:3696} INFO - Setting next_dagrun for example_python_operator to None, run_after=None
[2023-09-22T19:27:59.167+0800] {processor.py:179} INFO - Processing /opt/homebrew/lib/python3.11/site-packages/airflow/example_dags/example_python_operator.py took 0.145 seconds
[2023-09-22T22:44:00.947+0800] {processor.py:157} INFO - Started process (PID=76569) to work on /opt/homebrew/lib/python3.11/site-packages/airflow/example_dags/example_python_operator.py
[2023-09-22T22:44:00.947+0800] {processor.py:829} INFO - Processing file /opt/homebrew/lib/python3.11/site-packages/airflow/example_dags/example_python_operator.py for tasks to queue
[2023-09-22T22:44:00.948+0800] {logging_mixin.py:151} INFO - [2023-09-22T22:44:00.948+0800] {dagbag.py:539} INFO - Filling up the DagBag from /opt/homebrew/lib/python3.11/site-packages/airflow/example_dags/example_python_operator.py
[2023-09-22T22:44:00.977+0800] {logging_mixin.py:151} INFO - [2023-09-22T22:44:00.977+0800] {example_python_operator.py:89} WARNING - The virtalenv_python example task requires virtualenv, please install it.
[2023-09-22T22:44:00.980+0800] {processor.py:839} INFO - DAG(s) dict_keys(['example_python_operator']) retrieved from /opt/homebrew/lib/python3.11/site-packages/airflow/example_dags/example_python_operator.py
[2023-09-22T22:44:01.076+0800] {logging_mixin.py:151} INFO - [2023-09-22T22:44:01.076+0800] {dag.py:2915} INFO - Sync 1 DAGs
[2023-09-22T22:44:01.081+0800] {logging_mixin.py:151} INFO - [2023-09-22T22:44:01.081+0800] {dag.py:3696} INFO - Setting next_dagrun for example_python_operator to None, run_after=None
[2023-09-22T22:44:01.091+0800] {processor.py:179} INFO - Processing /opt/homebrew/lib/python3.11/site-packages/airflow/example_dags/example_python_operator.py took 0.145 seconds
[2023-09-23T02:00:49.221+0800] {processor.py:157} INFO - Started process (PID=76938) to work on /opt/homebrew/lib/python3.11/site-packages/airflow/example_dags/example_python_operator.py
[2023-09-23T02:00:49.221+0800] {processor.py:829} INFO - Processing file /opt/homebrew/lib/python3.11/site-packages/airflow/example_dags/example_python_operator.py for tasks to queue
[2023-09-23T02:00:49.222+0800] {logging_mixin.py:151} INFO - [2023-09-23T02:00:49.222+0800] {dagbag.py:539} INFO - Filling up the DagBag from /opt/homebrew/lib/python3.11/site-packages/airflow/example_dags/example_python_operator.py
[2023-09-23T02:00:49.251+0800] {logging_mixin.py:151} INFO - [2023-09-23T02:00:49.251+0800] {example_python_operator.py:89} WARNING - The virtalenv_python example task requires virtualenv, please install it.
[2023-09-23T02:00:49.254+0800] {processor.py:839} INFO - DAG(s) dict_keys(['example_python_operator']) retrieved from /opt/homebrew/lib/python3.11/site-packages/airflow/example_dags/example_python_operator.py
[2023-09-23T02:00:49.348+0800] {logging_mixin.py:151} INFO - [2023-09-23T02:00:49.348+0800] {dag.py:2915} INFO - Sync 1 DAGs
[2023-09-23T02:00:49.353+0800] {logging_mixin.py:151} INFO - [2023-09-23T02:00:49.353+0800] {dag.py:3696} INFO - Setting next_dagrun for example_python_operator to None, run_after=None
[2023-09-23T02:00:49.363+0800] {processor.py:179} INFO - Processing /opt/homebrew/lib/python3.11/site-packages/airflow/example_dags/example_python_operator.py took 0.143 seconds
[2023-09-23T05:20:29.263+0800] {processor.py:157} INFO - Started process (PID=77319) to work on /opt/homebrew/lib/python3.11/site-packages/airflow/example_dags/example_python_operator.py
[2023-09-23T05:20:29.263+0800] {processor.py:829} INFO - Processing file /opt/homebrew/lib/python3.11/site-packages/airflow/example_dags/example_python_operator.py for tasks to queue
[2023-09-23T05:20:29.264+0800] {logging_mixin.py:151} INFO - [2023-09-23T05:20:29.264+0800] {dagbag.py:539} INFO - Filling up the DagBag from /opt/homebrew/lib/python3.11/site-packages/airflow/example_dags/example_python_operator.py
[2023-09-23T05:20:29.293+0800] {logging_mixin.py:151} INFO - [2023-09-23T05:20:29.293+0800] {example_python_operator.py:89} WARNING - The virtalenv_python example task requires virtualenv, please install it.
[2023-09-23T05:20:29.296+0800] {processor.py:839} INFO - DAG(s) dict_keys(['example_python_operator']) retrieved from /opt/homebrew/lib/python3.11/site-packages/airflow/example_dags/example_python_operator.py
[2023-09-23T05:20:29.389+0800] {logging_mixin.py:151} INFO - [2023-09-23T05:20:29.389+0800] {dag.py:2915} INFO - Sync 1 DAGs
[2023-09-23T05:20:29.393+0800] {logging_mixin.py:151} INFO - [2023-09-23T05:20:29.393+0800] {dag.py:3696} INFO - Setting next_dagrun for example_python_operator to None, run_after=None
[2023-09-23T05:20:29.403+0800] {processor.py:179} INFO - Processing /opt/homebrew/lib/python3.11/site-packages/airflow/example_dags/example_python_operator.py took 0.141 seconds
[2023-09-23T07:52:30.005+0800] {processor.py:157} INFO - Started process (PID=77576) to work on /opt/homebrew/lib/python3.11/site-packages/airflow/example_dags/example_python_operator.py
[2023-09-23T07:52:30.006+0800] {processor.py:829} INFO - Processing file /opt/homebrew/lib/python3.11/site-packages/airflow/example_dags/example_python_operator.py for tasks to queue
[2023-09-23T07:52:30.006+0800] {logging_mixin.py:151} INFO - [2023-09-23T07:52:30.006+0800] {dagbag.py:539} INFO - Filling up the DagBag from /opt/homebrew/lib/python3.11/site-packages/airflow/example_dags/example_python_operator.py
[2023-09-23T07:52:30.035+0800] {logging_mixin.py:151} INFO - [2023-09-23T07:52:30.035+0800] {example_python_operator.py:89} WARNING - The virtalenv_python example task requires virtualenv, please install it.
[2023-09-23T07:52:30.039+0800] {processor.py:839} INFO - DAG(s) dict_keys(['example_python_operator']) retrieved from /opt/homebrew/lib/python3.11/site-packages/airflow/example_dags/example_python_operator.py
[2023-09-23T07:52:30.143+0800] {logging_mixin.py:151} INFO - [2023-09-23T07:52:30.142+0800] {dag.py:2915} INFO - Sync 1 DAGs
[2023-09-23T07:52:30.147+0800] {logging_mixin.py:151} INFO - [2023-09-23T07:52:30.147+0800] {dag.py:3696} INFO - Setting next_dagrun for example_python_operator to None, run_after=None
[2023-09-23T07:52:30.158+0800] {processor.py:179} INFO - Processing /opt/homebrew/lib/python3.11/site-packages/airflow/example_dags/example_python_operator.py took 0.153 seconds
