[2023-09-22T08:00:09.886+0800] {processor.py:157} INFO - Started process (PID=63856) to work on /opt/homebrew/lib/python3.11/site-packages/airflow/example_dags/example_branch_day_of_week_operator.py
[2023-09-22T08:00:09.886+0800] {processor.py:829} INFO - Processing file /opt/homebrew/lib/python3.11/site-packages/airflow/example_dags/example_branch_day_of_week_operator.py for tasks to queue
[2023-09-22T08:00:09.886+0800] {logging_mixin.py:151} INFO - [2023-09-22T08:00:09.886+0800] {dagbag.py:539} INFO - Filling up the DagBag from /opt/homebrew/lib/python3.11/site-packages/airflow/example_dags/example_branch_day_of_week_operator.py
[2023-09-22T08:00:09.903+0800] {processor.py:839} INFO - DAG(s) dict_keys(['example_weekday_branch_operator']) retrieved from /opt/homebrew/lib/python3.11/site-packages/airflow/example_dags/example_branch_day_of_week_operator.py
[2023-09-22T08:00:09.998+0800] {logging_mixin.py:151} INFO - [2023-09-22T08:00:09.998+0800] {dag.py:2915} INFO - Sync 1 DAGs
[2023-09-22T08:00:10.007+0800] {logging_mixin.py:151} INFO - [2023-09-22T08:00:10.007+0800] {dag.py:3696} INFO - Setting next_dagrun for example_weekday_branch_operator to 2023-09-21T00:00:00+00:00, run_after=2023-09-22T00:00:00+00:00
[2023-09-22T08:00:10.018+0800] {processor.py:179} INFO - Processing /opt/homebrew/lib/python3.11/site-packages/airflow/example_dags/example_branch_day_of_week_operator.py took 0.133 seconds
[2023-09-22T08:01:50.886+0800] {processor.py:157} INFO - Started process (PID=64035) to work on /opt/homebrew/lib/python3.11/site-packages/airflow/example_dags/example_branch_day_of_week_operator.py
[2023-09-22T08:01:50.886+0800] {processor.py:829} INFO - Processing file /opt/homebrew/lib/python3.11/site-packages/airflow/example_dags/example_branch_day_of_week_operator.py for tasks to queue
[2023-09-22T08:01:50.887+0800] {logging_mixin.py:151} INFO - [2023-09-22T08:01:50.887+0800] {dagbag.py:539} INFO - Filling up the DagBag from /opt/homebrew/lib/python3.11/site-packages/airflow/example_dags/example_branch_day_of_week_operator.py
[2023-09-22T08:01:50.903+0800] {processor.py:839} INFO - DAG(s) dict_keys(['example_weekday_branch_operator']) retrieved from /opt/homebrew/lib/python3.11/site-packages/airflow/example_dags/example_branch_day_of_week_operator.py
[2023-09-22T08:01:50.998+0800] {logging_mixin.py:151} INFO - [2023-09-22T08:01:50.998+0800] {dag.py:2915} INFO - Sync 1 DAGs
[2023-09-22T08:01:51.007+0800] {logging_mixin.py:151} INFO - [2023-09-22T08:01:51.007+0800] {dag.py:3696} INFO - Setting next_dagrun for example_weekday_branch_operator to 2023-09-21T00:00:00+00:00, run_after=2023-09-22T00:00:00+00:00
[2023-09-22T08:01:51.018+0800] {processor.py:179} INFO - Processing /opt/homebrew/lib/python3.11/site-packages/airflow/example_dags/example_branch_day_of_week_operator.py took 0.132 seconds
[2023-09-22T08:03:38.130+0800] {processor.py:157} INFO - Started process (PID=64236) to work on /opt/homebrew/lib/python3.11/site-packages/airflow/example_dags/example_branch_day_of_week_operator.py
[2023-09-22T08:03:38.131+0800] {processor.py:829} INFO - Processing file /opt/homebrew/lib/python3.11/site-packages/airflow/example_dags/example_branch_day_of_week_operator.py for tasks to queue
[2023-09-22T08:03:38.131+0800] {logging_mixin.py:151} INFO - [2023-09-22T08:03:38.131+0800] {dagbag.py:539} INFO - Filling up the DagBag from /opt/homebrew/lib/python3.11/site-packages/airflow/example_dags/example_branch_day_of_week_operator.py
[2023-09-22T08:03:38.147+0800] {processor.py:839} INFO - DAG(s) dict_keys(['example_weekday_branch_operator']) retrieved from /opt/homebrew/lib/python3.11/site-packages/airflow/example_dags/example_branch_day_of_week_operator.py
[2023-09-22T08:03:38.242+0800] {logging_mixin.py:151} INFO - [2023-09-22T08:03:38.242+0800] {dag.py:2915} INFO - Sync 1 DAGs
[2023-09-22T08:03:38.251+0800] {logging_mixin.py:151} INFO - [2023-09-22T08:03:38.251+0800] {dag.py:3696} INFO - Setting next_dagrun for example_weekday_branch_operator to 2023-09-21T00:00:00+00:00, run_after=2023-09-22T00:00:00+00:00
[2023-09-22T08:03:38.262+0800] {processor.py:179} INFO - Processing /opt/homebrew/lib/python3.11/site-packages/airflow/example_dags/example_branch_day_of_week_operator.py took 0.133 seconds
[2023-09-22T08:05:19.904+0800] {processor.py:157} INFO - Started process (PID=64497) to work on /opt/homebrew/lib/python3.11/site-packages/airflow/example_dags/example_branch_day_of_week_operator.py
[2023-09-22T08:05:19.905+0800] {processor.py:829} INFO - Processing file /opt/homebrew/lib/python3.11/site-packages/airflow/example_dags/example_branch_day_of_week_operator.py for tasks to queue
[2023-09-22T08:05:19.905+0800] {logging_mixin.py:151} INFO - [2023-09-22T08:05:19.905+0800] {dagbag.py:539} INFO - Filling up the DagBag from /opt/homebrew/lib/python3.11/site-packages/airflow/example_dags/example_branch_day_of_week_operator.py
[2023-09-22T08:05:19.921+0800] {processor.py:839} INFO - DAG(s) dict_keys(['example_weekday_branch_operator']) retrieved from /opt/homebrew/lib/python3.11/site-packages/airflow/example_dags/example_branch_day_of_week_operator.py
[2023-09-22T08:05:20.016+0800] {logging_mixin.py:151} INFO - [2023-09-22T08:05:20.016+0800] {dag.py:2915} INFO - Sync 1 DAGs
[2023-09-22T08:05:20.025+0800] {logging_mixin.py:151} INFO - [2023-09-22T08:05:20.025+0800] {dag.py:3696} INFO - Setting next_dagrun for example_weekday_branch_operator to 2023-09-21T00:00:00+00:00, run_after=2023-09-22T00:00:00+00:00
[2023-09-22T08:05:20.037+0800] {processor.py:179} INFO - Processing /opt/homebrew/lib/python3.11/site-packages/airflow/example_dags/example_branch_day_of_week_operator.py took 0.133 seconds
[2023-09-22T08:07:07.052+0800] {processor.py:157} INFO - Started process (PID=64686) to work on /opt/homebrew/lib/python3.11/site-packages/airflow/example_dags/example_branch_day_of_week_operator.py
[2023-09-22T08:07:07.053+0800] {processor.py:829} INFO - Processing file /opt/homebrew/lib/python3.11/site-packages/airflow/example_dags/example_branch_day_of_week_operator.py for tasks to queue
[2023-09-22T08:07:07.053+0800] {logging_mixin.py:151} INFO - [2023-09-22T08:07:07.053+0800] {dagbag.py:539} INFO - Filling up the DagBag from /opt/homebrew/lib/python3.11/site-packages/airflow/example_dags/example_branch_day_of_week_operator.py
[2023-09-22T08:07:07.069+0800] {processor.py:839} INFO - DAG(s) dict_keys(['example_weekday_branch_operator']) retrieved from /opt/homebrew/lib/python3.11/site-packages/airflow/example_dags/example_branch_day_of_week_operator.py
[2023-09-22T08:07:07.164+0800] {logging_mixin.py:151} INFO - [2023-09-22T08:07:07.164+0800] {dag.py:2915} INFO - Sync 1 DAGs
[2023-09-22T08:07:07.173+0800] {logging_mixin.py:151} INFO - [2023-09-22T08:07:07.173+0800] {dag.py:3696} INFO - Setting next_dagrun for example_weekday_branch_operator to 2023-09-21T00:00:00+00:00, run_after=2023-09-22T00:00:00+00:00
[2023-09-22T08:07:07.184+0800] {processor.py:179} INFO - Processing /opt/homebrew/lib/python3.11/site-packages/airflow/example_dags/example_branch_day_of_week_operator.py took 0.132 seconds
[2023-09-22T08:08:52.627+0800] {processor.py:157} INFO - Started process (PID=64876) to work on /opt/homebrew/lib/python3.11/site-packages/airflow/example_dags/example_branch_day_of_week_operator.py
[2023-09-22T08:08:52.628+0800] {processor.py:829} INFO - Processing file /opt/homebrew/lib/python3.11/site-packages/airflow/example_dags/example_branch_day_of_week_operator.py for tasks to queue
[2023-09-22T08:08:52.628+0800] {logging_mixin.py:151} INFO - [2023-09-22T08:08:52.628+0800] {dagbag.py:539} INFO - Filling up the DagBag from /opt/homebrew/lib/python3.11/site-packages/airflow/example_dags/example_branch_day_of_week_operator.py
[2023-09-22T08:08:52.645+0800] {processor.py:839} INFO - DAG(s) dict_keys(['example_weekday_branch_operator']) retrieved from /opt/homebrew/lib/python3.11/site-packages/airflow/example_dags/example_branch_day_of_week_operator.py
[2023-09-22T08:08:52.741+0800] {logging_mixin.py:151} INFO - [2023-09-22T08:08:52.741+0800] {dag.py:2915} INFO - Sync 1 DAGs
[2023-09-22T08:08:52.751+0800] {logging_mixin.py:151} INFO - [2023-09-22T08:08:52.750+0800] {dag.py:3696} INFO - Setting next_dagrun for example_weekday_branch_operator to 2023-09-21T00:00:00+00:00, run_after=2023-09-22T00:00:00+00:00
[2023-09-22T08:08:52.762+0800] {processor.py:179} INFO - Processing /opt/homebrew/lib/python3.11/site-packages/airflow/example_dags/example_branch_day_of_week_operator.py took 0.135 seconds
[2023-09-22T08:10:41.800+0800] {processor.py:157} INFO - Started process (PID=65066) to work on /opt/homebrew/lib/python3.11/site-packages/airflow/example_dags/example_branch_day_of_week_operator.py
[2023-09-22T08:10:41.800+0800] {processor.py:829} INFO - Processing file /opt/homebrew/lib/python3.11/site-packages/airflow/example_dags/example_branch_day_of_week_operator.py for tasks to queue
[2023-09-22T08:10:41.800+0800] {logging_mixin.py:151} INFO - [2023-09-22T08:10:41.800+0800] {dagbag.py:539} INFO - Filling up the DagBag from /opt/homebrew/lib/python3.11/site-packages/airflow/example_dags/example_branch_day_of_week_operator.py
[2023-09-22T08:10:41.817+0800] {processor.py:839} INFO - DAG(s) dict_keys(['example_weekday_branch_operator']) retrieved from /opt/homebrew/lib/python3.11/site-packages/airflow/example_dags/example_branch_day_of_week_operator.py
[2023-09-22T08:10:41.912+0800] {logging_mixin.py:151} INFO - [2023-09-22T08:10:41.911+0800] {dag.py:2915} INFO - Sync 1 DAGs
[2023-09-22T08:10:41.921+0800] {logging_mixin.py:151} INFO - [2023-09-22T08:10:41.921+0800] {dag.py:3696} INFO - Setting next_dagrun for example_weekday_branch_operator to 2023-09-21T00:00:00+00:00, run_after=2023-09-22T00:00:00+00:00
[2023-09-22T08:10:41.932+0800] {processor.py:179} INFO - Processing /opt/homebrew/lib/python3.11/site-packages/airflow/example_dags/example_branch_day_of_week_operator.py took 0.132 seconds
[2023-09-22T08:12:26.520+0800] {processor.py:157} INFO - Started process (PID=65257) to work on /opt/homebrew/lib/python3.11/site-packages/airflow/example_dags/example_branch_day_of_week_operator.py
[2023-09-22T08:12:26.521+0800] {processor.py:829} INFO - Processing file /opt/homebrew/lib/python3.11/site-packages/airflow/example_dags/example_branch_day_of_week_operator.py for tasks to queue
[2023-09-22T08:12:26.521+0800] {logging_mixin.py:151} INFO - [2023-09-22T08:12:26.521+0800] {dagbag.py:539} INFO - Filling up the DagBag from /opt/homebrew/lib/python3.11/site-packages/airflow/example_dags/example_branch_day_of_week_operator.py
[2023-09-22T08:12:26.537+0800] {processor.py:839} INFO - DAG(s) dict_keys(['example_weekday_branch_operator']) retrieved from /opt/homebrew/lib/python3.11/site-packages/airflow/example_dags/example_branch_day_of_week_operator.py
[2023-09-22T08:12:26.632+0800] {logging_mixin.py:151} INFO - [2023-09-22T08:12:26.632+0800] {dag.py:2915} INFO - Sync 1 DAGs
[2023-09-22T08:12:26.641+0800] {logging_mixin.py:151} INFO - [2023-09-22T08:12:26.641+0800] {dag.py:3696} INFO - Setting next_dagrun for example_weekday_branch_operator to 2023-09-21T00:00:00+00:00, run_after=2023-09-22T00:00:00+00:00
[2023-09-22T08:12:26.652+0800] {processor.py:179} INFO - Processing /opt/homebrew/lib/python3.11/site-packages/airflow/example_dags/example_branch_day_of_week_operator.py took 0.132 seconds
[2023-09-22T08:14:13.292+0800] {processor.py:157} INFO - Started process (PID=65453) to work on /opt/homebrew/lib/python3.11/site-packages/airflow/example_dags/example_branch_day_of_week_operator.py
[2023-09-22T08:14:13.292+0800] {processor.py:829} INFO - Processing file /opt/homebrew/lib/python3.11/site-packages/airflow/example_dags/example_branch_day_of_week_operator.py for tasks to queue
[2023-09-22T08:14:13.293+0800] {logging_mixin.py:151} INFO - [2023-09-22T08:14:13.292+0800] {dagbag.py:539} INFO - Filling up the DagBag from /opt/homebrew/lib/python3.11/site-packages/airflow/example_dags/example_branch_day_of_week_operator.py
[2023-09-22T08:14:13.309+0800] {processor.py:839} INFO - DAG(s) dict_keys(['example_weekday_branch_operator']) retrieved from /opt/homebrew/lib/python3.11/site-packages/airflow/example_dags/example_branch_day_of_week_operator.py
[2023-09-22T08:14:13.408+0800] {logging_mixin.py:151} INFO - [2023-09-22T08:14:13.408+0800] {dag.py:2915} INFO - Sync 1 DAGs
[2023-09-22T08:14:13.418+0800] {logging_mixin.py:151} INFO - [2023-09-22T08:14:13.418+0800] {dag.py:3696} INFO - Setting next_dagrun for example_weekday_branch_operator to 2023-09-21T00:00:00+00:00, run_after=2023-09-22T00:00:00+00:00
[2023-09-22T08:14:13.431+0800] {processor.py:179} INFO - Processing /opt/homebrew/lib/python3.11/site-packages/airflow/example_dags/example_branch_day_of_week_operator.py took 0.139 seconds
[2023-09-22T08:15:59.303+0800] {processor.py:157} INFO - Started process (PID=65638) to work on /opt/homebrew/lib/python3.11/site-packages/airflow/example_dags/example_branch_day_of_week_operator.py
[2023-09-22T08:15:59.304+0800] {processor.py:829} INFO - Processing file /opt/homebrew/lib/python3.11/site-packages/airflow/example_dags/example_branch_day_of_week_operator.py for tasks to queue
[2023-09-22T08:15:59.304+0800] {logging_mixin.py:151} INFO - [2023-09-22T08:15:59.304+0800] {dagbag.py:539} INFO - Filling up the DagBag from /opt/homebrew/lib/python3.11/site-packages/airflow/example_dags/example_branch_day_of_week_operator.py
[2023-09-22T08:15:59.320+0800] {processor.py:839} INFO - DAG(s) dict_keys(['example_weekday_branch_operator']) retrieved from /opt/homebrew/lib/python3.11/site-packages/airflow/example_dags/example_branch_day_of_week_operator.py
[2023-09-22T08:15:59.415+0800] {logging_mixin.py:151} INFO - [2023-09-22T08:15:59.415+0800] {dag.py:2915} INFO - Sync 1 DAGs
[2023-09-22T08:15:59.424+0800] {logging_mixin.py:151} INFO - [2023-09-22T08:15:59.424+0800] {dag.py:3696} INFO - Setting next_dagrun for example_weekday_branch_operator to 2023-09-21T00:00:00+00:00, run_after=2023-09-22T00:00:00+00:00
[2023-09-22T08:15:59.435+0800] {processor.py:179} INFO - Processing /opt/homebrew/lib/python3.11/site-packages/airflow/example_dags/example_branch_day_of_week_operator.py took 0.132 seconds
[2023-09-22T08:17:43.555+0800] {processor.py:157} INFO - Started process (PID=65823) to work on /opt/homebrew/lib/python3.11/site-packages/airflow/example_dags/example_branch_day_of_week_operator.py
[2023-09-22T08:17:43.556+0800] {processor.py:829} INFO - Processing file /opt/homebrew/lib/python3.11/site-packages/airflow/example_dags/example_branch_day_of_week_operator.py for tasks to queue
[2023-09-22T08:17:43.556+0800] {logging_mixin.py:151} INFO - [2023-09-22T08:17:43.556+0800] {dagbag.py:539} INFO - Filling up the DagBag from /opt/homebrew/lib/python3.11/site-packages/airflow/example_dags/example_branch_day_of_week_operator.py
[2023-09-22T08:17:43.572+0800] {processor.py:839} INFO - DAG(s) dict_keys(['example_weekday_branch_operator']) retrieved from /opt/homebrew/lib/python3.11/site-packages/airflow/example_dags/example_branch_day_of_week_operator.py
[2023-09-22T08:17:43.667+0800] {logging_mixin.py:151} INFO - [2023-09-22T08:17:43.666+0800] {dag.py:2915} INFO - Sync 1 DAGs
[2023-09-22T08:17:43.676+0800] {logging_mixin.py:151} INFO - [2023-09-22T08:17:43.676+0800] {dag.py:3696} INFO - Setting next_dagrun for example_weekday_branch_operator to 2023-09-21T00:00:00+00:00, run_after=2023-09-22T00:00:00+00:00
[2023-09-22T08:17:43.686+0800] {processor.py:179} INFO - Processing /opt/homebrew/lib/python3.11/site-packages/airflow/example_dags/example_branch_day_of_week_operator.py took 0.132 seconds
[2023-09-22T08:19:29.128+0800] {processor.py:157} INFO - Started process (PID=66014) to work on /opt/homebrew/lib/python3.11/site-packages/airflow/example_dags/example_branch_day_of_week_operator.py
[2023-09-22T08:19:29.128+0800] {processor.py:829} INFO - Processing file /opt/homebrew/lib/python3.11/site-packages/airflow/example_dags/example_branch_day_of_week_operator.py for tasks to queue
[2023-09-22T08:19:29.129+0800] {logging_mixin.py:151} INFO - [2023-09-22T08:19:29.128+0800] {dagbag.py:539} INFO - Filling up the DagBag from /opt/homebrew/lib/python3.11/site-packages/airflow/example_dags/example_branch_day_of_week_operator.py
[2023-09-22T08:19:29.145+0800] {processor.py:839} INFO - DAG(s) dict_keys(['example_weekday_branch_operator']) retrieved from /opt/homebrew/lib/python3.11/site-packages/airflow/example_dags/example_branch_day_of_week_operator.py
[2023-09-22T08:19:29.240+0800] {logging_mixin.py:151} INFO - [2023-09-22T08:19:29.239+0800] {dag.py:2915} INFO - Sync 1 DAGs
[2023-09-22T08:19:29.249+0800] {logging_mixin.py:151} INFO - [2023-09-22T08:19:29.248+0800] {dag.py:3696} INFO - Setting next_dagrun for example_weekday_branch_operator to 2023-09-21T00:00:00+00:00, run_after=2023-09-22T00:00:00+00:00
[2023-09-22T08:19:29.259+0800] {processor.py:179} INFO - Processing /opt/homebrew/lib/python3.11/site-packages/airflow/example_dags/example_branch_day_of_week_operator.py took 0.132 seconds
[2023-09-22T08:21:19.272+0800] {processor.py:157} INFO - Started process (PID=66205) to work on /opt/homebrew/lib/python3.11/site-packages/airflow/example_dags/example_branch_day_of_week_operator.py
[2023-09-22T08:21:19.272+0800] {processor.py:829} INFO - Processing file /opt/homebrew/lib/python3.11/site-packages/airflow/example_dags/example_branch_day_of_week_operator.py for tasks to queue
[2023-09-22T08:21:19.272+0800] {logging_mixin.py:151} INFO - [2023-09-22T08:21:19.272+0800] {dagbag.py:539} INFO - Filling up the DagBag from /opt/homebrew/lib/python3.11/site-packages/airflow/example_dags/example_branch_day_of_week_operator.py
[2023-09-22T08:21:19.289+0800] {processor.py:839} INFO - DAG(s) dict_keys(['example_weekday_branch_operator']) retrieved from /opt/homebrew/lib/python3.11/site-packages/airflow/example_dags/example_branch_day_of_week_operator.py
[2023-09-22T08:21:19.383+0800] {logging_mixin.py:151} INFO - [2023-09-22T08:21:19.383+0800] {dag.py:2915} INFO - Sync 1 DAGs
[2023-09-22T08:21:19.392+0800] {logging_mixin.py:151} INFO - [2023-09-22T08:21:19.392+0800] {dag.py:3696} INFO - Setting next_dagrun for example_weekday_branch_operator to 2023-09-21T00:00:00+00:00, run_after=2023-09-22T00:00:00+00:00
[2023-09-22T08:21:19.403+0800] {processor.py:179} INFO - Processing /opt/homebrew/lib/python3.11/site-packages/airflow/example_dags/example_branch_day_of_week_operator.py took 0.132 seconds
[2023-09-22T08:23:02.529+0800] {processor.py:157} INFO - Started process (PID=66388) to work on /opt/homebrew/lib/python3.11/site-packages/airflow/example_dags/example_branch_day_of_week_operator.py
[2023-09-22T08:23:02.530+0800] {processor.py:829} INFO - Processing file /opt/homebrew/lib/python3.11/site-packages/airflow/example_dags/example_branch_day_of_week_operator.py for tasks to queue
[2023-09-22T08:23:02.530+0800] {logging_mixin.py:151} INFO - [2023-09-22T08:23:02.530+0800] {dagbag.py:539} INFO - Filling up the DagBag from /opt/homebrew/lib/python3.11/site-packages/airflow/example_dags/example_branch_day_of_week_operator.py
[2023-09-22T08:23:02.546+0800] {processor.py:839} INFO - DAG(s) dict_keys(['example_weekday_branch_operator']) retrieved from /opt/homebrew/lib/python3.11/site-packages/airflow/example_dags/example_branch_day_of_week_operator.py
[2023-09-22T08:23:02.640+0800] {logging_mixin.py:151} INFO - [2023-09-22T08:23:02.640+0800] {dag.py:2915} INFO - Sync 1 DAGs
[2023-09-22T08:23:02.649+0800] {logging_mixin.py:151} INFO - [2023-09-22T08:23:02.649+0800] {dag.py:3696} INFO - Setting next_dagrun for example_weekday_branch_operator to 2023-09-21T00:00:00+00:00, run_after=2023-09-22T00:00:00+00:00
[2023-09-22T08:23:02.660+0800] {processor.py:179} INFO - Processing /opt/homebrew/lib/python3.11/site-packages/airflow/example_dags/example_branch_day_of_week_operator.py took 0.131 seconds
[2023-09-22T08:24:45.098+0800] {processor.py:157} INFO - Started process (PID=66596) to work on /opt/homebrew/lib/python3.11/site-packages/airflow/example_dags/example_branch_day_of_week_operator.py
[2023-09-22T08:24:45.099+0800] {processor.py:829} INFO - Processing file /opt/homebrew/lib/python3.11/site-packages/airflow/example_dags/example_branch_day_of_week_operator.py for tasks to queue
[2023-09-22T08:24:45.099+0800] {logging_mixin.py:151} INFO - [2023-09-22T08:24:45.099+0800] {dagbag.py:539} INFO - Filling up the DagBag from /opt/homebrew/lib/python3.11/site-packages/airflow/example_dags/example_branch_day_of_week_operator.py
[2023-09-22T08:24:45.115+0800] {processor.py:839} INFO - DAG(s) dict_keys(['example_weekday_branch_operator']) retrieved from /opt/homebrew/lib/python3.11/site-packages/airflow/example_dags/example_branch_day_of_week_operator.py
[2023-09-22T08:24:45.210+0800] {logging_mixin.py:151} INFO - [2023-09-22T08:24:45.210+0800] {dag.py:2915} INFO - Sync 1 DAGs
[2023-09-22T08:24:45.219+0800] {logging_mixin.py:151} INFO - [2023-09-22T08:24:45.219+0800] {dag.py:3696} INFO - Setting next_dagrun for example_weekday_branch_operator to 2023-09-21T00:00:00+00:00, run_after=2023-09-22T00:00:00+00:00
[2023-09-22T08:24:45.230+0800] {processor.py:179} INFO - Processing /opt/homebrew/lib/python3.11/site-packages/airflow/example_dags/example_branch_day_of_week_operator.py took 0.132 seconds
[2023-09-22T08:26:31.073+0800] {processor.py:157} INFO - Started process (PID=66781) to work on /opt/homebrew/lib/python3.11/site-packages/airflow/example_dags/example_branch_day_of_week_operator.py
[2023-09-22T08:26:31.074+0800] {processor.py:829} INFO - Processing file /opt/homebrew/lib/python3.11/site-packages/airflow/example_dags/example_branch_day_of_week_operator.py for tasks to queue
[2023-09-22T08:26:31.074+0800] {logging_mixin.py:151} INFO - [2023-09-22T08:26:31.074+0800] {dagbag.py:539} INFO - Filling up the DagBag from /opt/homebrew/lib/python3.11/site-packages/airflow/example_dags/example_branch_day_of_week_operator.py
[2023-09-22T08:26:31.090+0800] {processor.py:839} INFO - DAG(s) dict_keys(['example_weekday_branch_operator']) retrieved from /opt/homebrew/lib/python3.11/site-packages/airflow/example_dags/example_branch_day_of_week_operator.py
[2023-09-22T08:26:31.185+0800] {logging_mixin.py:151} INFO - [2023-09-22T08:26:31.185+0800] {dag.py:2915} INFO - Sync 1 DAGs
[2023-09-22T08:26:31.194+0800] {logging_mixin.py:151} INFO - [2023-09-22T08:26:31.194+0800] {dag.py:3696} INFO - Setting next_dagrun for example_weekday_branch_operator to 2023-09-21T00:00:00+00:00, run_after=2023-09-22T00:00:00+00:00
[2023-09-22T08:26:31.205+0800] {processor.py:179} INFO - Processing /opt/homebrew/lib/python3.11/site-packages/airflow/example_dags/example_branch_day_of_week_operator.py took 0.132 seconds
[2023-09-22T08:28:11.432+0800] {processor.py:157} INFO - Started process (PID=66959) to work on /opt/homebrew/lib/python3.11/site-packages/airflow/example_dags/example_branch_day_of_week_operator.py
[2023-09-22T08:28:11.433+0800] {processor.py:829} INFO - Processing file /opt/homebrew/lib/python3.11/site-packages/airflow/example_dags/example_branch_day_of_week_operator.py for tasks to queue
[2023-09-22T08:28:11.433+0800] {logging_mixin.py:151} INFO - [2023-09-22T08:28:11.433+0800] {dagbag.py:539} INFO - Filling up the DagBag from /opt/homebrew/lib/python3.11/site-packages/airflow/example_dags/example_branch_day_of_week_operator.py
[2023-09-22T08:28:11.449+0800] {processor.py:839} INFO - DAG(s) dict_keys(['example_weekday_branch_operator']) retrieved from /opt/homebrew/lib/python3.11/site-packages/airflow/example_dags/example_branch_day_of_week_operator.py
[2023-09-22T08:28:11.544+0800] {logging_mixin.py:151} INFO - [2023-09-22T08:28:11.544+0800] {dag.py:2915} INFO - Sync 1 DAGs
[2023-09-22T08:28:11.553+0800] {logging_mixin.py:151} INFO - [2023-09-22T08:28:11.553+0800] {dag.py:3696} INFO - Setting next_dagrun for example_weekday_branch_operator to 2023-09-21T00:00:00+00:00, run_after=2023-09-22T00:00:00+00:00
[2023-09-22T08:28:11.564+0800] {processor.py:179} INFO - Processing /opt/homebrew/lib/python3.11/site-packages/airflow/example_dags/example_branch_day_of_week_operator.py took 0.132 seconds
[2023-09-22T08:29:53.562+0800] {processor.py:157} INFO - Started process (PID=67138) to work on /opt/homebrew/lib/python3.11/site-packages/airflow/example_dags/example_branch_day_of_week_operator.py
[2023-09-22T08:29:53.562+0800] {processor.py:829} INFO - Processing file /opt/homebrew/lib/python3.11/site-packages/airflow/example_dags/example_branch_day_of_week_operator.py for tasks to queue
[2023-09-22T08:29:53.562+0800] {logging_mixin.py:151} INFO - [2023-09-22T08:29:53.562+0800] {dagbag.py:539} INFO - Filling up the DagBag from /opt/homebrew/lib/python3.11/site-packages/airflow/example_dags/example_branch_day_of_week_operator.py
[2023-09-22T08:29:53.579+0800] {processor.py:839} INFO - DAG(s) dict_keys(['example_weekday_branch_operator']) retrieved from /opt/homebrew/lib/python3.11/site-packages/airflow/example_dags/example_branch_day_of_week_operator.py
[2023-09-22T08:29:53.674+0800] {logging_mixin.py:151} INFO - [2023-09-22T08:29:53.674+0800] {dag.py:2915} INFO - Sync 1 DAGs
[2023-09-22T08:29:53.683+0800] {logging_mixin.py:151} INFO - [2023-09-22T08:29:53.683+0800] {dag.py:3696} INFO - Setting next_dagrun for example_weekday_branch_operator to 2023-09-21T00:00:00+00:00, run_after=2023-09-22T00:00:00+00:00
[2023-09-22T08:29:53.693+0800] {processor.py:179} INFO - Processing /opt/homebrew/lib/python3.11/site-packages/airflow/example_dags/example_branch_day_of_week_operator.py took 0.132 seconds
[2023-09-22T08:31:40.408+0800] {processor.py:157} INFO - Started process (PID=67329) to work on /opt/homebrew/lib/python3.11/site-packages/airflow/example_dags/example_branch_day_of_week_operator.py
[2023-09-22T08:31:40.409+0800] {processor.py:829} INFO - Processing file /opt/homebrew/lib/python3.11/site-packages/airflow/example_dags/example_branch_day_of_week_operator.py for tasks to queue
[2023-09-22T08:31:40.409+0800] {logging_mixin.py:151} INFO - [2023-09-22T08:31:40.409+0800] {dagbag.py:539} INFO - Filling up the DagBag from /opt/homebrew/lib/python3.11/site-packages/airflow/example_dags/example_branch_day_of_week_operator.py
[2023-09-22T08:31:40.426+0800] {processor.py:839} INFO - DAG(s) dict_keys(['example_weekday_branch_operator']) retrieved from /opt/homebrew/lib/python3.11/site-packages/airflow/example_dags/example_branch_day_of_week_operator.py
[2023-09-22T08:31:40.520+0800] {logging_mixin.py:151} INFO - [2023-09-22T08:31:40.520+0800] {dag.py:2915} INFO - Sync 1 DAGs
[2023-09-22T08:31:40.529+0800] {logging_mixin.py:151} INFO - [2023-09-22T08:31:40.529+0800] {dag.py:3696} INFO - Setting next_dagrun for example_weekday_branch_operator to 2023-09-21T00:00:00+00:00, run_after=2023-09-22T00:00:00+00:00
[2023-09-22T08:31:40.540+0800] {processor.py:179} INFO - Processing /opt/homebrew/lib/python3.11/site-packages/airflow/example_dags/example_branch_day_of_week_operator.py took 0.132 seconds
[2023-09-22T08:33:26.089+0800] {processor.py:157} INFO - Started process (PID=67525) to work on /opt/homebrew/lib/python3.11/site-packages/airflow/example_dags/example_branch_day_of_week_operator.py
[2023-09-22T08:33:26.089+0800] {processor.py:829} INFO - Processing file /opt/homebrew/lib/python3.11/site-packages/airflow/example_dags/example_branch_day_of_week_operator.py for tasks to queue
[2023-09-22T08:33:26.089+0800] {logging_mixin.py:151} INFO - [2023-09-22T08:33:26.089+0800] {dagbag.py:539} INFO - Filling up the DagBag from /opt/homebrew/lib/python3.11/site-packages/airflow/example_dags/example_branch_day_of_week_operator.py
[2023-09-22T08:33:26.106+0800] {processor.py:839} INFO - DAG(s) dict_keys(['example_weekday_branch_operator']) retrieved from /opt/homebrew/lib/python3.11/site-packages/airflow/example_dags/example_branch_day_of_week_operator.py
[2023-09-22T08:33:26.201+0800] {logging_mixin.py:151} INFO - [2023-09-22T08:33:26.201+0800] {dag.py:2915} INFO - Sync 1 DAGs
[2023-09-22T08:33:26.210+0800] {logging_mixin.py:151} INFO - [2023-09-22T08:33:26.210+0800] {dag.py:3696} INFO - Setting next_dagrun for example_weekday_branch_operator to 2023-09-21T00:00:00+00:00, run_after=2023-09-22T00:00:00+00:00
[2023-09-22T08:33:26.221+0800] {processor.py:179} INFO - Processing /opt/homebrew/lib/python3.11/site-packages/airflow/example_dags/example_branch_day_of_week_operator.py took 0.133 seconds
[2023-09-22T08:35:11.377+0800] {processor.py:157} INFO - Started process (PID=67783) to work on /opt/homebrew/lib/python3.11/site-packages/airflow/example_dags/example_branch_day_of_week_operator.py
[2023-09-22T08:35:11.377+0800] {processor.py:829} INFO - Processing file /opt/homebrew/lib/python3.11/site-packages/airflow/example_dags/example_branch_day_of_week_operator.py for tasks to queue
[2023-09-22T08:35:11.377+0800] {logging_mixin.py:151} INFO - [2023-09-22T08:35:11.377+0800] {dagbag.py:539} INFO - Filling up the DagBag from /opt/homebrew/lib/python3.11/site-packages/airflow/example_dags/example_branch_day_of_week_operator.py
[2023-09-22T08:35:11.394+0800] {processor.py:839} INFO - DAG(s) dict_keys(['example_weekday_branch_operator']) retrieved from /opt/homebrew/lib/python3.11/site-packages/airflow/example_dags/example_branch_day_of_week_operator.py
[2023-09-22T08:35:11.488+0800] {logging_mixin.py:151} INFO - [2023-09-22T08:35:11.488+0800] {dag.py:2915} INFO - Sync 1 DAGs
[2023-09-22T08:35:11.498+0800] {logging_mixin.py:151} INFO - [2023-09-22T08:35:11.497+0800] {dag.py:3696} INFO - Setting next_dagrun for example_weekday_branch_operator to 2023-09-21T00:00:00+00:00, run_after=2023-09-22T00:00:00+00:00
[2023-09-22T08:35:11.508+0800] {processor.py:179} INFO - Processing /opt/homebrew/lib/python3.11/site-packages/airflow/example_dags/example_branch_day_of_week_operator.py took 0.132 seconds
[2023-09-22T08:36:54.005+0800] {processor.py:157} INFO - Started process (PID=67979) to work on /opt/homebrew/lib/python3.11/site-packages/airflow/example_dags/example_branch_day_of_week_operator.py
[2023-09-22T08:36:54.006+0800] {processor.py:829} INFO - Processing file /opt/homebrew/lib/python3.11/site-packages/airflow/example_dags/example_branch_day_of_week_operator.py for tasks to queue
[2023-09-22T08:36:54.006+0800] {logging_mixin.py:151} INFO - [2023-09-22T08:36:54.006+0800] {dagbag.py:539} INFO - Filling up the DagBag from /opt/homebrew/lib/python3.11/site-packages/airflow/example_dags/example_branch_day_of_week_operator.py
[2023-09-22T08:36:54.022+0800] {processor.py:839} INFO - DAG(s) dict_keys(['example_weekday_branch_operator']) retrieved from /opt/homebrew/lib/python3.11/site-packages/airflow/example_dags/example_branch_day_of_week_operator.py
[2023-09-22T08:36:54.116+0800] {logging_mixin.py:151} INFO - [2023-09-22T08:36:54.116+0800] {dag.py:2915} INFO - Sync 1 DAGs
[2023-09-22T08:36:54.125+0800] {logging_mixin.py:151} INFO - [2023-09-22T08:36:54.125+0800] {dag.py:3696} INFO - Setting next_dagrun for example_weekday_branch_operator to 2023-09-21T00:00:00+00:00, run_after=2023-09-22T00:00:00+00:00
[2023-09-22T08:36:54.136+0800] {processor.py:179} INFO - Processing /opt/homebrew/lib/python3.11/site-packages/airflow/example_dags/example_branch_day_of_week_operator.py took 0.131 seconds
[2023-09-22T08:38:39.041+0800] {processor.py:157} INFO - Started process (PID=68173) to work on /opt/homebrew/lib/python3.11/site-packages/airflow/example_dags/example_branch_day_of_week_operator.py
[2023-09-22T08:38:39.042+0800] {processor.py:829} INFO - Processing file /opt/homebrew/lib/python3.11/site-packages/airflow/example_dags/example_branch_day_of_week_operator.py for tasks to queue
[2023-09-22T08:38:39.042+0800] {logging_mixin.py:151} INFO - [2023-09-22T08:38:39.042+0800] {dagbag.py:539} INFO - Filling up the DagBag from /opt/homebrew/lib/python3.11/site-packages/airflow/example_dags/example_branch_day_of_week_operator.py
[2023-09-22T08:38:39.058+0800] {processor.py:839} INFO - DAG(s) dict_keys(['example_weekday_branch_operator']) retrieved from /opt/homebrew/lib/python3.11/site-packages/airflow/example_dags/example_branch_day_of_week_operator.py
[2023-09-22T08:38:39.153+0800] {logging_mixin.py:151} INFO - [2023-09-22T08:38:39.153+0800] {dag.py:2915} INFO - Sync 1 DAGs
[2023-09-22T08:38:39.162+0800] {logging_mixin.py:151} INFO - [2023-09-22T08:38:39.162+0800] {dag.py:3696} INFO - Setting next_dagrun for example_weekday_branch_operator to 2023-09-21T00:00:00+00:00, run_after=2023-09-22T00:00:00+00:00
[2023-09-22T08:38:39.173+0800] {processor.py:179} INFO - Processing /opt/homebrew/lib/python3.11/site-packages/airflow/example_dags/example_branch_day_of_week_operator.py took 0.132 seconds
[2023-09-22T08:40:24.262+0800] {processor.py:157} INFO - Started process (PID=68355) to work on /opt/homebrew/lib/python3.11/site-packages/airflow/example_dags/example_branch_day_of_week_operator.py
[2023-09-22T08:40:24.263+0800] {processor.py:829} INFO - Processing file /opt/homebrew/lib/python3.11/site-packages/airflow/example_dags/example_branch_day_of_week_operator.py for tasks to queue
[2023-09-22T08:40:24.263+0800] {logging_mixin.py:151} INFO - [2023-09-22T08:40:24.263+0800] {dagbag.py:539} INFO - Filling up the DagBag from /opt/homebrew/lib/python3.11/site-packages/airflow/example_dags/example_branch_day_of_week_operator.py
[2023-09-22T08:40:24.280+0800] {processor.py:839} INFO - DAG(s) dict_keys(['example_weekday_branch_operator']) retrieved from /opt/homebrew/lib/python3.11/site-packages/airflow/example_dags/example_branch_day_of_week_operator.py
[2023-09-22T08:40:24.374+0800] {logging_mixin.py:151} INFO - [2023-09-22T08:40:24.374+0800] {dag.py:2915} INFO - Sync 1 DAGs
[2023-09-22T08:40:24.383+0800] {logging_mixin.py:151} INFO - [2023-09-22T08:40:24.383+0800] {dag.py:3696} INFO - Setting next_dagrun for example_weekday_branch_operator to 2023-09-21T00:00:00+00:00, run_after=2023-09-22T00:00:00+00:00
[2023-09-22T08:40:24.394+0800] {processor.py:179} INFO - Processing /opt/homebrew/lib/python3.11/site-packages/airflow/example_dags/example_branch_day_of_week_operator.py took 0.132 seconds
[2023-09-22T08:42:09.215+0800] {processor.py:157} INFO - Started process (PID=68537) to work on /opt/homebrew/lib/python3.11/site-packages/airflow/example_dags/example_branch_day_of_week_operator.py
[2023-09-22T08:42:09.216+0800] {processor.py:829} INFO - Processing file /opt/homebrew/lib/python3.11/site-packages/airflow/example_dags/example_branch_day_of_week_operator.py for tasks to queue
[2023-09-22T08:42:09.216+0800] {logging_mixin.py:151} INFO - [2023-09-22T08:42:09.216+0800] {dagbag.py:539} INFO - Filling up the DagBag from /opt/homebrew/lib/python3.11/site-packages/airflow/example_dags/example_branch_day_of_week_operator.py
[2023-09-22T08:42:09.233+0800] {processor.py:839} INFO - DAG(s) dict_keys(['example_weekday_branch_operator']) retrieved from /opt/homebrew/lib/python3.11/site-packages/airflow/example_dags/example_branch_day_of_week_operator.py
[2023-09-22T08:42:09.328+0800] {logging_mixin.py:151} INFO - [2023-09-22T08:42:09.328+0800] {dag.py:2915} INFO - Sync 1 DAGs
[2023-09-22T08:42:09.337+0800] {logging_mixin.py:151} INFO - [2023-09-22T08:42:09.337+0800] {dag.py:3696} INFO - Setting next_dagrun for example_weekday_branch_operator to 2023-09-21T00:00:00+00:00, run_after=2023-09-22T00:00:00+00:00
[2023-09-22T08:42:09.348+0800] {processor.py:179} INFO - Processing /opt/homebrew/lib/python3.11/site-packages/airflow/example_dags/example_branch_day_of_week_operator.py took 0.133 seconds
[2023-09-22T08:43:52.568+0800] {processor.py:157} INFO - Started process (PID=68728) to work on /opt/homebrew/lib/python3.11/site-packages/airflow/example_dags/example_branch_day_of_week_operator.py
[2023-09-22T08:43:52.569+0800] {processor.py:829} INFO - Processing file /opt/homebrew/lib/python3.11/site-packages/airflow/example_dags/example_branch_day_of_week_operator.py for tasks to queue
[2023-09-22T08:43:52.569+0800] {logging_mixin.py:151} INFO - [2023-09-22T08:43:52.569+0800] {dagbag.py:539} INFO - Filling up the DagBag from /opt/homebrew/lib/python3.11/site-packages/airflow/example_dags/example_branch_day_of_week_operator.py
[2023-09-22T08:43:52.586+0800] {processor.py:839} INFO - DAG(s) dict_keys(['example_weekday_branch_operator']) retrieved from /opt/homebrew/lib/python3.11/site-packages/airflow/example_dags/example_branch_day_of_week_operator.py
[2023-09-22T08:43:52.680+0800] {logging_mixin.py:151} INFO - [2023-09-22T08:43:52.680+0800] {dag.py:2915} INFO - Sync 1 DAGs
[2023-09-22T08:43:52.689+0800] {logging_mixin.py:151} INFO - [2023-09-22T08:43:52.689+0800] {dag.py:3696} INFO - Setting next_dagrun for example_weekday_branch_operator to 2023-09-21T00:00:00+00:00, run_after=2023-09-22T00:00:00+00:00
[2023-09-22T08:43:52.700+0800] {processor.py:179} INFO - Processing /opt/homebrew/lib/python3.11/site-packages/airflow/example_dags/example_branch_day_of_week_operator.py took 0.132 seconds
[2023-09-22T08:45:36.098+0800] {processor.py:157} INFO - Started process (PID=68911) to work on /opt/homebrew/lib/python3.11/site-packages/airflow/example_dags/example_branch_day_of_week_operator.py
[2023-09-22T08:45:36.098+0800] {processor.py:829} INFO - Processing file /opt/homebrew/lib/python3.11/site-packages/airflow/example_dags/example_branch_day_of_week_operator.py for tasks to queue
[2023-09-22T08:45:36.099+0800] {logging_mixin.py:151} INFO - [2023-09-22T08:45:36.099+0800] {dagbag.py:539} INFO - Filling up the DagBag from /opt/homebrew/lib/python3.11/site-packages/airflow/example_dags/example_branch_day_of_week_operator.py
[2023-09-22T08:45:36.115+0800] {processor.py:839} INFO - DAG(s) dict_keys(['example_weekday_branch_operator']) retrieved from /opt/homebrew/lib/python3.11/site-packages/airflow/example_dags/example_branch_day_of_week_operator.py
[2023-09-22T08:45:36.210+0800] {logging_mixin.py:151} INFO - [2023-09-22T08:45:36.209+0800] {dag.py:2915} INFO - Sync 1 DAGs
[2023-09-22T08:45:36.219+0800] {logging_mixin.py:151} INFO - [2023-09-22T08:45:36.219+0800] {dag.py:3696} INFO - Setting next_dagrun for example_weekday_branch_operator to 2023-09-21T00:00:00+00:00, run_after=2023-09-22T00:00:00+00:00
[2023-09-22T08:45:36.230+0800] {processor.py:179} INFO - Processing /opt/homebrew/lib/python3.11/site-packages/airflow/example_dags/example_branch_day_of_week_operator.py took 0.133 seconds
[2023-09-22T08:47:23.864+0800] {processor.py:157} INFO - Started process (PID=69101) to work on /opt/homebrew/lib/python3.11/site-packages/airflow/example_dags/example_branch_day_of_week_operator.py
[2023-09-22T08:47:23.865+0800] {processor.py:829} INFO - Processing file /opt/homebrew/lib/python3.11/site-packages/airflow/example_dags/example_branch_day_of_week_operator.py for tasks to queue
[2023-09-22T08:47:23.865+0800] {logging_mixin.py:151} INFO - [2023-09-22T08:47:23.865+0800] {dagbag.py:539} INFO - Filling up the DagBag from /opt/homebrew/lib/python3.11/site-packages/airflow/example_dags/example_branch_day_of_week_operator.py
[2023-09-22T08:47:23.881+0800] {processor.py:839} INFO - DAG(s) dict_keys(['example_weekday_branch_operator']) retrieved from /opt/homebrew/lib/python3.11/site-packages/airflow/example_dags/example_branch_day_of_week_operator.py
[2023-09-22T08:47:23.976+0800] {logging_mixin.py:151} INFO - [2023-09-22T08:47:23.976+0800] {dag.py:2915} INFO - Sync 1 DAGs
[2023-09-22T08:47:23.985+0800] {logging_mixin.py:151} INFO - [2023-09-22T08:47:23.985+0800] {dag.py:3696} INFO - Setting next_dagrun for example_weekday_branch_operator to 2023-09-21T00:00:00+00:00, run_after=2023-09-22T00:00:00+00:00
[2023-09-22T08:47:23.995+0800] {processor.py:179} INFO - Processing /opt/homebrew/lib/python3.11/site-packages/airflow/example_dags/example_branch_day_of_week_operator.py took 0.131 seconds
[2023-09-22T08:49:08.423+0800] {processor.py:157} INFO - Started process (PID=69285) to work on /opt/homebrew/lib/python3.11/site-packages/airflow/example_dags/example_branch_day_of_week_operator.py
[2023-09-22T08:49:08.424+0800] {processor.py:829} INFO - Processing file /opt/homebrew/lib/python3.11/site-packages/airflow/example_dags/example_branch_day_of_week_operator.py for tasks to queue
[2023-09-22T08:49:08.424+0800] {logging_mixin.py:151} INFO - [2023-09-22T08:49:08.424+0800] {dagbag.py:539} INFO - Filling up the DagBag from /opt/homebrew/lib/python3.11/site-packages/airflow/example_dags/example_branch_day_of_week_operator.py
[2023-09-22T08:49:08.440+0800] {processor.py:839} INFO - DAG(s) dict_keys(['example_weekday_branch_operator']) retrieved from /opt/homebrew/lib/python3.11/site-packages/airflow/example_dags/example_branch_day_of_week_operator.py
[2023-09-22T08:49:08.536+0800] {logging_mixin.py:151} INFO - [2023-09-22T08:49:08.536+0800] {dag.py:2915} INFO - Sync 1 DAGs
[2023-09-22T08:49:08.545+0800] {logging_mixin.py:151} INFO - [2023-09-22T08:49:08.545+0800] {dag.py:3696} INFO - Setting next_dagrun for example_weekday_branch_operator to 2023-09-21T00:00:00+00:00, run_after=2023-09-22T00:00:00+00:00
[2023-09-22T08:49:08.556+0800] {processor.py:179} INFO - Processing /opt/homebrew/lib/python3.11/site-packages/airflow/example_dags/example_branch_day_of_week_operator.py took 0.134 seconds
[2023-09-22T08:50:52.024+0800] {processor.py:157} INFO - Started process (PID=69473) to work on /opt/homebrew/lib/python3.11/site-packages/airflow/example_dags/example_branch_day_of_week_operator.py
[2023-09-22T08:50:52.024+0800] {processor.py:829} INFO - Processing file /opt/homebrew/lib/python3.11/site-packages/airflow/example_dags/example_branch_day_of_week_operator.py for tasks to queue
[2023-09-22T08:50:52.025+0800] {logging_mixin.py:151} INFO - [2023-09-22T08:50:52.024+0800] {dagbag.py:539} INFO - Filling up the DagBag from /opt/homebrew/lib/python3.11/site-packages/airflow/example_dags/example_branch_day_of_week_operator.py
[2023-09-22T08:50:52.041+0800] {processor.py:839} INFO - DAG(s) dict_keys(['example_weekday_branch_operator']) retrieved from /opt/homebrew/lib/python3.11/site-packages/airflow/example_dags/example_branch_day_of_week_operator.py
[2023-09-22T08:50:52.136+0800] {logging_mixin.py:151} INFO - [2023-09-22T08:50:52.136+0800] {dag.py:2915} INFO - Sync 1 DAGs
[2023-09-22T08:50:52.145+0800] {logging_mixin.py:151} INFO - [2023-09-22T08:50:52.145+0800] {dag.py:3696} INFO - Setting next_dagrun for example_weekday_branch_operator to 2023-09-21T00:00:00+00:00, run_after=2023-09-22T00:00:00+00:00
[2023-09-22T08:50:52.156+0800] {processor.py:179} INFO - Processing /opt/homebrew/lib/python3.11/site-packages/airflow/example_dags/example_branch_day_of_week_operator.py took 0.133 seconds
[2023-09-22T08:52:36.749+0800] {processor.py:157} INFO - Started process (PID=69657) to work on /opt/homebrew/lib/python3.11/site-packages/airflow/example_dags/example_branch_day_of_week_operator.py
[2023-09-22T08:52:36.749+0800] {processor.py:829} INFO - Processing file /opt/homebrew/lib/python3.11/site-packages/airflow/example_dags/example_branch_day_of_week_operator.py for tasks to queue
[2023-09-22T08:52:36.749+0800] {logging_mixin.py:151} INFO - [2023-09-22T08:52:36.749+0800] {dagbag.py:539} INFO - Filling up the DagBag from /opt/homebrew/lib/python3.11/site-packages/airflow/example_dags/example_branch_day_of_week_operator.py
[2023-09-22T08:52:36.766+0800] {processor.py:839} INFO - DAG(s) dict_keys(['example_weekday_branch_operator']) retrieved from /opt/homebrew/lib/python3.11/site-packages/airflow/example_dags/example_branch_day_of_week_operator.py
[2023-09-22T08:52:36.863+0800] {logging_mixin.py:151} INFO - [2023-09-22T08:52:36.863+0800] {dag.py:2915} INFO - Sync 1 DAGs
[2023-09-22T08:52:36.874+0800] {logging_mixin.py:151} INFO - [2023-09-22T08:52:36.874+0800] {dag.py:3696} INFO - Setting next_dagrun for example_weekday_branch_operator to 2023-09-21T00:00:00+00:00, run_after=2023-09-22T00:00:00+00:00
[2023-09-22T08:52:36.885+0800] {processor.py:179} INFO - Processing /opt/homebrew/lib/python3.11/site-packages/airflow/example_dags/example_branch_day_of_week_operator.py took 0.136 seconds
[2023-09-22T08:54:16.336+0800] {processor.py:157} INFO - Started process (PID=69837) to work on /opt/homebrew/lib/python3.11/site-packages/airflow/example_dags/example_branch_day_of_week_operator.py
[2023-09-22T08:54:16.336+0800] {processor.py:829} INFO - Processing file /opt/homebrew/lib/python3.11/site-packages/airflow/example_dags/example_branch_day_of_week_operator.py for tasks to queue
[2023-09-22T08:54:16.336+0800] {logging_mixin.py:151} INFO - [2023-09-22T08:54:16.336+0800] {dagbag.py:539} INFO - Filling up the DagBag from /opt/homebrew/lib/python3.11/site-packages/airflow/example_dags/example_branch_day_of_week_operator.py
[2023-09-22T08:54:16.353+0800] {processor.py:839} INFO - DAG(s) dict_keys(['example_weekday_branch_operator']) retrieved from /opt/homebrew/lib/python3.11/site-packages/airflow/example_dags/example_branch_day_of_week_operator.py
[2023-09-22T08:54:16.448+0800] {logging_mixin.py:151} INFO - [2023-09-22T08:54:16.448+0800] {dag.py:2915} INFO - Sync 1 DAGs
[2023-09-22T08:54:16.457+0800] {logging_mixin.py:151} INFO - [2023-09-22T08:54:16.457+0800] {dag.py:3696} INFO - Setting next_dagrun for example_weekday_branch_operator to 2023-09-21T00:00:00+00:00, run_after=2023-09-22T00:00:00+00:00
[2023-09-22T08:54:16.468+0800] {processor.py:179} INFO - Processing /opt/homebrew/lib/python3.11/site-packages/airflow/example_dags/example_branch_day_of_week_operator.py took 0.132 seconds
[2023-09-22T08:56:04.560+0800] {processor.py:157} INFO - Started process (PID=70021) to work on /opt/homebrew/lib/python3.11/site-packages/airflow/example_dags/example_branch_day_of_week_operator.py
[2023-09-22T08:56:04.560+0800] {processor.py:829} INFO - Processing file /opt/homebrew/lib/python3.11/site-packages/airflow/example_dags/example_branch_day_of_week_operator.py for tasks to queue
[2023-09-22T08:56:04.561+0800] {logging_mixin.py:151} INFO - [2023-09-22T08:56:04.561+0800] {dagbag.py:539} INFO - Filling up the DagBag from /opt/homebrew/lib/python3.11/site-packages/airflow/example_dags/example_branch_day_of_week_operator.py
[2023-09-22T08:56:04.577+0800] {processor.py:839} INFO - DAG(s) dict_keys(['example_weekday_branch_operator']) retrieved from /opt/homebrew/lib/python3.11/site-packages/airflow/example_dags/example_branch_day_of_week_operator.py
[2023-09-22T08:56:04.673+0800] {logging_mixin.py:151} INFO - [2023-09-22T08:56:04.673+0800] {dag.py:2915} INFO - Sync 1 DAGs
[2023-09-22T08:56:04.683+0800] {logging_mixin.py:151} INFO - [2023-09-22T08:56:04.682+0800] {dag.py:3696} INFO - Setting next_dagrun for example_weekday_branch_operator to 2023-09-21T00:00:00+00:00, run_after=2023-09-22T00:00:00+00:00
[2023-09-22T08:56:04.694+0800] {processor.py:179} INFO - Processing /opt/homebrew/lib/python3.11/site-packages/airflow/example_dags/example_branch_day_of_week_operator.py took 0.134 seconds
[2023-09-22T08:57:47.059+0800] {processor.py:157} INFO - Started process (PID=70231) to work on /opt/homebrew/lib/python3.11/site-packages/airflow/example_dags/example_branch_day_of_week_operator.py
[2023-09-22T08:57:47.060+0800] {processor.py:829} INFO - Processing file /opt/homebrew/lib/python3.11/site-packages/airflow/example_dags/example_branch_day_of_week_operator.py for tasks to queue
[2023-09-22T08:57:47.060+0800] {logging_mixin.py:151} INFO - [2023-09-22T08:57:47.060+0800] {dagbag.py:539} INFO - Filling up the DagBag from /opt/homebrew/lib/python3.11/site-packages/airflow/example_dags/example_branch_day_of_week_operator.py
[2023-09-22T08:57:47.077+0800] {processor.py:839} INFO - DAG(s) dict_keys(['example_weekday_branch_operator']) retrieved from /opt/homebrew/lib/python3.11/site-packages/airflow/example_dags/example_branch_day_of_week_operator.py
[2023-09-22T08:57:47.171+0800] {logging_mixin.py:151} INFO - [2023-09-22T08:57:47.171+0800] {dag.py:2915} INFO - Sync 1 DAGs
[2023-09-22T08:57:47.181+0800] {logging_mixin.py:151} INFO - [2023-09-22T08:57:47.180+0800] {dag.py:3696} INFO - Setting next_dagrun for example_weekday_branch_operator to 2023-09-21T00:00:00+00:00, run_after=2023-09-22T00:00:00+00:00
[2023-09-22T08:57:47.191+0800] {processor.py:179} INFO - Processing /opt/homebrew/lib/python3.11/site-packages/airflow/example_dags/example_branch_day_of_week_operator.py took 0.132 seconds
[2023-09-22T08:59:34.150+0800] {processor.py:157} INFO - Started process (PID=70418) to work on /opt/homebrew/lib/python3.11/site-packages/airflow/example_dags/example_branch_day_of_week_operator.py
[2023-09-22T08:59:34.151+0800] {processor.py:829} INFO - Processing file /opt/homebrew/lib/python3.11/site-packages/airflow/example_dags/example_branch_day_of_week_operator.py for tasks to queue
[2023-09-22T08:59:34.151+0800] {logging_mixin.py:151} INFO - [2023-09-22T08:59:34.151+0800] {dagbag.py:539} INFO - Filling up the DagBag from /opt/homebrew/lib/python3.11/site-packages/airflow/example_dags/example_branch_day_of_week_operator.py
[2023-09-22T08:59:34.167+0800] {processor.py:839} INFO - DAG(s) dict_keys(['example_weekday_branch_operator']) retrieved from /opt/homebrew/lib/python3.11/site-packages/airflow/example_dags/example_branch_day_of_week_operator.py
[2023-09-22T08:59:34.262+0800] {logging_mixin.py:151} INFO - [2023-09-22T08:59:34.262+0800] {dag.py:2915} INFO - Sync 1 DAGs
[2023-09-22T08:59:34.271+0800] {logging_mixin.py:151} INFO - [2023-09-22T08:59:34.271+0800] {dag.py:3696} INFO - Setting next_dagrun for example_weekday_branch_operator to 2023-09-21T00:00:00+00:00, run_after=2023-09-22T00:00:00+00:00
[2023-09-22T08:59:34.282+0800] {processor.py:179} INFO - Processing /opt/homebrew/lib/python3.11/site-packages/airflow/example_dags/example_branch_day_of_week_operator.py took 0.132 seconds
[2023-09-22T09:01:18.375+0800] {processor.py:157} INFO - Started process (PID=70608) to work on /opt/homebrew/lib/python3.11/site-packages/airflow/example_dags/example_branch_day_of_week_operator.py
[2023-09-22T09:01:18.375+0800] {processor.py:829} INFO - Processing file /opt/homebrew/lib/python3.11/site-packages/airflow/example_dags/example_branch_day_of_week_operator.py for tasks to queue
[2023-09-22T09:01:18.375+0800] {logging_mixin.py:151} INFO - [2023-09-22T09:01:18.375+0800] {dagbag.py:539} INFO - Filling up the DagBag from /opt/homebrew/lib/python3.11/site-packages/airflow/example_dags/example_branch_day_of_week_operator.py
[2023-09-22T09:01:18.392+0800] {processor.py:839} INFO - DAG(s) dict_keys(['example_weekday_branch_operator']) retrieved from /opt/homebrew/lib/python3.11/site-packages/airflow/example_dags/example_branch_day_of_week_operator.py
[2023-09-22T09:01:18.486+0800] {logging_mixin.py:151} INFO - [2023-09-22T09:01:18.486+0800] {dag.py:2915} INFO - Sync 1 DAGs
[2023-09-22T09:01:18.495+0800] {logging_mixin.py:151} INFO - [2023-09-22T09:01:18.495+0800] {dag.py:3696} INFO - Setting next_dagrun for example_weekday_branch_operator to 2023-09-21T00:00:00+00:00, run_after=2023-09-22T00:00:00+00:00
[2023-09-22T09:01:18.506+0800] {processor.py:179} INFO - Processing /opt/homebrew/lib/python3.11/site-packages/airflow/example_dags/example_branch_day_of_week_operator.py took 0.132 seconds
[2023-09-22T09:03:02.128+0800] {processor.py:157} INFO - Started process (PID=70794) to work on /opt/homebrew/lib/python3.11/site-packages/airflow/example_dags/example_branch_day_of_week_operator.py
[2023-09-22T09:03:02.129+0800] {processor.py:829} INFO - Processing file /opt/homebrew/lib/python3.11/site-packages/airflow/example_dags/example_branch_day_of_week_operator.py for tasks to queue
[2023-09-22T09:03:02.129+0800] {logging_mixin.py:151} INFO - [2023-09-22T09:03:02.129+0800] {dagbag.py:539} INFO - Filling up the DagBag from /opt/homebrew/lib/python3.11/site-packages/airflow/example_dags/example_branch_day_of_week_operator.py
[2023-09-22T09:03:02.145+0800] {processor.py:839} INFO - DAG(s) dict_keys(['example_weekday_branch_operator']) retrieved from /opt/homebrew/lib/python3.11/site-packages/airflow/example_dags/example_branch_day_of_week_operator.py
[2023-09-22T09:03:02.240+0800] {logging_mixin.py:151} INFO - [2023-09-22T09:03:02.240+0800] {dag.py:2915} INFO - Sync 1 DAGs
[2023-09-22T09:03:02.249+0800] {logging_mixin.py:151} INFO - [2023-09-22T09:03:02.249+0800] {dag.py:3696} INFO - Setting next_dagrun for example_weekday_branch_operator to 2023-09-21T00:00:00+00:00, run_after=2023-09-22T00:00:00+00:00
[2023-09-22T09:03:02.260+0800] {processor.py:179} INFO - Processing /opt/homebrew/lib/python3.11/site-packages/airflow/example_dags/example_branch_day_of_week_operator.py took 0.132 seconds
[2023-09-22T09:04:48.954+0800] {processor.py:157} INFO - Started process (PID=71051) to work on /opt/homebrew/lib/python3.11/site-packages/airflow/example_dags/example_branch_day_of_week_operator.py
[2023-09-22T09:04:48.954+0800] {processor.py:829} INFO - Processing file /opt/homebrew/lib/python3.11/site-packages/airflow/example_dags/example_branch_day_of_week_operator.py for tasks to queue
[2023-09-22T09:04:48.954+0800] {logging_mixin.py:151} INFO - [2023-09-22T09:04:48.954+0800] {dagbag.py:539} INFO - Filling up the DagBag from /opt/homebrew/lib/python3.11/site-packages/airflow/example_dags/example_branch_day_of_week_operator.py
[2023-09-22T09:04:48.971+0800] {processor.py:839} INFO - DAG(s) dict_keys(['example_weekday_branch_operator']) retrieved from /opt/homebrew/lib/python3.11/site-packages/airflow/example_dags/example_branch_day_of_week_operator.py
[2023-09-22T09:04:49.066+0800] {logging_mixin.py:151} INFO - [2023-09-22T09:04:49.066+0800] {dag.py:2915} INFO - Sync 1 DAGs
[2023-09-22T09:04:49.075+0800] {logging_mixin.py:151} INFO - [2023-09-22T09:04:49.075+0800] {dag.py:3696} INFO - Setting next_dagrun for example_weekday_branch_operator to 2023-09-21T00:00:00+00:00, run_after=2023-09-22T00:00:00+00:00
[2023-09-22T09:04:49.085+0800] {processor.py:179} INFO - Processing /opt/homebrew/lib/python3.11/site-packages/airflow/example_dags/example_branch_day_of_week_operator.py took 0.132 seconds
[2023-09-22T09:06:32.978+0800] {processor.py:157} INFO - Started process (PID=71237) to work on /opt/homebrew/lib/python3.11/site-packages/airflow/example_dags/example_branch_day_of_week_operator.py
[2023-09-22T09:06:32.978+0800] {processor.py:829} INFO - Processing file /opt/homebrew/lib/python3.11/site-packages/airflow/example_dags/example_branch_day_of_week_operator.py for tasks to queue
[2023-09-22T09:06:32.979+0800] {logging_mixin.py:151} INFO - [2023-09-22T09:06:32.979+0800] {dagbag.py:539} INFO - Filling up the DagBag from /opt/homebrew/lib/python3.11/site-packages/airflow/example_dags/example_branch_day_of_week_operator.py
[2023-09-22T09:06:32.995+0800] {processor.py:839} INFO - DAG(s) dict_keys(['example_weekday_branch_operator']) retrieved from /opt/homebrew/lib/python3.11/site-packages/airflow/example_dags/example_branch_day_of_week_operator.py
[2023-09-22T09:06:33.090+0800] {logging_mixin.py:151} INFO - [2023-09-22T09:06:33.090+0800] {dag.py:2915} INFO - Sync 1 DAGs
[2023-09-22T09:06:33.099+0800] {logging_mixin.py:151} INFO - [2023-09-22T09:06:33.099+0800] {dag.py:3696} INFO - Setting next_dagrun for example_weekday_branch_operator to 2023-09-21T00:00:00+00:00, run_after=2023-09-22T00:00:00+00:00
[2023-09-22T09:06:33.110+0800] {processor.py:179} INFO - Processing /opt/homebrew/lib/python3.11/site-packages/airflow/example_dags/example_branch_day_of_week_operator.py took 0.133 seconds
[2023-09-22T09:08:15.749+0800] {processor.py:157} INFO - Started process (PID=71437) to work on /opt/homebrew/lib/python3.11/site-packages/airflow/example_dags/example_branch_day_of_week_operator.py
[2023-09-22T09:08:15.749+0800] {processor.py:829} INFO - Processing file /opt/homebrew/lib/python3.11/site-packages/airflow/example_dags/example_branch_day_of_week_operator.py for tasks to queue
[2023-09-22T09:08:15.750+0800] {logging_mixin.py:151} INFO - [2023-09-22T09:08:15.750+0800] {dagbag.py:539} INFO - Filling up the DagBag from /opt/homebrew/lib/python3.11/site-packages/airflow/example_dags/example_branch_day_of_week_operator.py
[2023-09-22T09:08:15.766+0800] {processor.py:839} INFO - DAG(s) dict_keys(['example_weekday_branch_operator']) retrieved from /opt/homebrew/lib/python3.11/site-packages/airflow/example_dags/example_branch_day_of_week_operator.py
[2023-09-22T09:08:15.861+0800] {logging_mixin.py:151} INFO - [2023-09-22T09:08:15.861+0800] {dag.py:2915} INFO - Sync 1 DAGs
[2023-09-22T09:08:15.870+0800] {logging_mixin.py:151} INFO - [2023-09-22T09:08:15.870+0800] {dag.py:3696} INFO - Setting next_dagrun for example_weekday_branch_operator to 2023-09-21T00:00:00+00:00, run_after=2023-09-22T00:00:00+00:00
[2023-09-22T09:08:15.881+0800] {processor.py:179} INFO - Processing /opt/homebrew/lib/python3.11/site-packages/airflow/example_dags/example_branch_day_of_week_operator.py took 0.132 seconds
[2023-09-22T09:10:01.316+0800] {processor.py:157} INFO - Started process (PID=71631) to work on /opt/homebrew/lib/python3.11/site-packages/airflow/example_dags/example_branch_day_of_week_operator.py
[2023-09-22T09:10:01.316+0800] {processor.py:829} INFO - Processing file /opt/homebrew/lib/python3.11/site-packages/airflow/example_dags/example_branch_day_of_week_operator.py for tasks to queue
[2023-09-22T09:10:01.316+0800] {logging_mixin.py:151} INFO - [2023-09-22T09:10:01.316+0800] {dagbag.py:539} INFO - Filling up the DagBag from /opt/homebrew/lib/python3.11/site-packages/airflow/example_dags/example_branch_day_of_week_operator.py
[2023-09-22T09:10:01.333+0800] {processor.py:839} INFO - DAG(s) dict_keys(['example_weekday_branch_operator']) retrieved from /opt/homebrew/lib/python3.11/site-packages/airflow/example_dags/example_branch_day_of_week_operator.py
[2023-09-22T09:10:01.428+0800] {logging_mixin.py:151} INFO - [2023-09-22T09:10:01.427+0800] {dag.py:2915} INFO - Sync 1 DAGs
[2023-09-22T09:10:01.437+0800] {logging_mixin.py:151} INFO - [2023-09-22T09:10:01.436+0800] {dag.py:3696} INFO - Setting next_dagrun for example_weekday_branch_operator to 2023-09-21T00:00:00+00:00, run_after=2023-09-22T00:00:00+00:00
[2023-09-22T09:10:01.447+0800] {processor.py:179} INFO - Processing /opt/homebrew/lib/python3.11/site-packages/airflow/example_dags/example_branch_day_of_week_operator.py took 0.132 seconds
[2023-09-22T09:11:49.841+0800] {processor.py:157} INFO - Started process (PID=71827) to work on /opt/homebrew/lib/python3.11/site-packages/airflow/example_dags/example_branch_day_of_week_operator.py
[2023-09-22T09:11:49.842+0800] {processor.py:829} INFO - Processing file /opt/homebrew/lib/python3.11/site-packages/airflow/example_dags/example_branch_day_of_week_operator.py for tasks to queue
[2023-09-22T09:11:49.842+0800] {logging_mixin.py:151} INFO - [2023-09-22T09:11:49.842+0800] {dagbag.py:539} INFO - Filling up the DagBag from /opt/homebrew/lib/python3.11/site-packages/airflow/example_dags/example_branch_day_of_week_operator.py
[2023-09-22T09:11:49.858+0800] {processor.py:839} INFO - DAG(s) dict_keys(['example_weekday_branch_operator']) retrieved from /opt/homebrew/lib/python3.11/site-packages/airflow/example_dags/example_branch_day_of_week_operator.py
[2023-09-22T09:11:49.954+0800] {logging_mixin.py:151} INFO - [2023-09-22T09:11:49.954+0800] {dag.py:2915} INFO - Sync 1 DAGs
[2023-09-22T09:11:49.963+0800] {logging_mixin.py:151} INFO - [2023-09-22T09:11:49.963+0800] {dag.py:3696} INFO - Setting next_dagrun for example_weekday_branch_operator to 2023-09-21T00:00:00+00:00, run_after=2023-09-22T00:00:00+00:00
[2023-09-22T09:11:49.974+0800] {processor.py:179} INFO - Processing /opt/homebrew/lib/python3.11/site-packages/airflow/example_dags/example_branch_day_of_week_operator.py took 0.133 seconds
[2023-09-22T09:13:31.602+0800] {processor.py:157} INFO - Started process (PID=72024) to work on /opt/homebrew/lib/python3.11/site-packages/airflow/example_dags/example_branch_day_of_week_operator.py
[2023-09-22T09:13:31.602+0800] {processor.py:829} INFO - Processing file /opt/homebrew/lib/python3.11/site-packages/airflow/example_dags/example_branch_day_of_week_operator.py for tasks to queue
[2023-09-22T09:13:31.603+0800] {logging_mixin.py:151} INFO - [2023-09-22T09:13:31.603+0800] {dagbag.py:539} INFO - Filling up the DagBag from /opt/homebrew/lib/python3.11/site-packages/airflow/example_dags/example_branch_day_of_week_operator.py
[2023-09-22T09:13:31.619+0800] {processor.py:839} INFO - DAG(s) dict_keys(['example_weekday_branch_operator']) retrieved from /opt/homebrew/lib/python3.11/site-packages/airflow/example_dags/example_branch_day_of_week_operator.py
[2023-09-22T09:13:31.714+0800] {logging_mixin.py:151} INFO - [2023-09-22T09:13:31.714+0800] {dag.py:2915} INFO - Sync 1 DAGs
[2023-09-22T09:13:31.723+0800] {logging_mixin.py:151} INFO - [2023-09-22T09:13:31.723+0800] {dag.py:3696} INFO - Setting next_dagrun for example_weekday_branch_operator to 2023-09-21T00:00:00+00:00, run_after=2023-09-22T00:00:00+00:00
[2023-09-22T09:13:31.734+0800] {processor.py:179} INFO - Processing /opt/homebrew/lib/python3.11/site-packages/airflow/example_dags/example_branch_day_of_week_operator.py took 0.132 seconds
[2023-09-22T09:15:12.671+0800] {processor.py:157} INFO - Started process (PID=72209) to work on /opt/homebrew/lib/python3.11/site-packages/airflow/example_dags/example_branch_day_of_week_operator.py
[2023-09-22T09:15:12.672+0800] {processor.py:829} INFO - Processing file /opt/homebrew/lib/python3.11/site-packages/airflow/example_dags/example_branch_day_of_week_operator.py for tasks to queue
[2023-09-22T09:15:12.672+0800] {logging_mixin.py:151} INFO - [2023-09-22T09:15:12.672+0800] {dagbag.py:539} INFO - Filling up the DagBag from /opt/homebrew/lib/python3.11/site-packages/airflow/example_dags/example_branch_day_of_week_operator.py
[2023-09-22T09:15:12.689+0800] {processor.py:839} INFO - DAG(s) dict_keys(['example_weekday_branch_operator']) retrieved from /opt/homebrew/lib/python3.11/site-packages/airflow/example_dags/example_branch_day_of_week_operator.py
[2023-09-22T09:15:12.783+0800] {logging_mixin.py:151} INFO - [2023-09-22T09:15:12.783+0800] {dag.py:2915} INFO - Sync 1 DAGs
[2023-09-22T09:15:12.792+0800] {logging_mixin.py:151} INFO - [2023-09-22T09:15:12.792+0800] {dag.py:3696} INFO - Setting next_dagrun for example_weekday_branch_operator to 2023-09-21T00:00:00+00:00, run_after=2023-09-22T00:00:00+00:00
[2023-09-22T09:15:12.803+0800] {processor.py:179} INFO - Processing /opt/homebrew/lib/python3.11/site-packages/airflow/example_dags/example_branch_day_of_week_operator.py took 0.132 seconds
[2023-09-22T09:16:57.687+0800] {processor.py:157} INFO - Started process (PID=72396) to work on /opt/homebrew/lib/python3.11/site-packages/airflow/example_dags/example_branch_day_of_week_operator.py
[2023-09-22T09:16:57.688+0800] {processor.py:829} INFO - Processing file /opt/homebrew/lib/python3.11/site-packages/airflow/example_dags/example_branch_day_of_week_operator.py for tasks to queue
[2023-09-22T09:16:57.688+0800] {logging_mixin.py:151} INFO - [2023-09-22T09:16:57.688+0800] {dagbag.py:539} INFO - Filling up the DagBag from /opt/homebrew/lib/python3.11/site-packages/airflow/example_dags/example_branch_day_of_week_operator.py
[2023-09-22T09:16:57.705+0800] {processor.py:839} INFO - DAG(s) dict_keys(['example_weekday_branch_operator']) retrieved from /opt/homebrew/lib/python3.11/site-packages/airflow/example_dags/example_branch_day_of_week_operator.py
[2023-09-22T09:16:57.799+0800] {logging_mixin.py:151} INFO - [2023-09-22T09:16:57.799+0800] {dag.py:2915} INFO - Sync 1 DAGs
[2023-09-22T09:16:57.808+0800] {logging_mixin.py:151} INFO - [2023-09-22T09:16:57.808+0800] {dag.py:3696} INFO - Setting next_dagrun for example_weekday_branch_operator to 2023-09-21T00:00:00+00:00, run_after=2023-09-22T00:00:00+00:00
[2023-09-22T09:16:57.819+0800] {processor.py:179} INFO - Processing /opt/homebrew/lib/python3.11/site-packages/airflow/example_dags/example_branch_day_of_week_operator.py took 0.132 seconds
[2023-09-22T09:18:41.799+0800] {processor.py:157} INFO - Started process (PID=72580) to work on /opt/homebrew/lib/python3.11/site-packages/airflow/example_dags/example_branch_day_of_week_operator.py
[2023-09-22T09:18:41.800+0800] {processor.py:829} INFO - Processing file /opt/homebrew/lib/python3.11/site-packages/airflow/example_dags/example_branch_day_of_week_operator.py for tasks to queue
[2023-09-22T09:18:41.800+0800] {logging_mixin.py:151} INFO - [2023-09-22T09:18:41.800+0800] {dagbag.py:539} INFO - Filling up the DagBag from /opt/homebrew/lib/python3.11/site-packages/airflow/example_dags/example_branch_day_of_week_operator.py
[2023-09-22T09:18:41.816+0800] {processor.py:839} INFO - DAG(s) dict_keys(['example_weekday_branch_operator']) retrieved from /opt/homebrew/lib/python3.11/site-packages/airflow/example_dags/example_branch_day_of_week_operator.py
[2023-09-22T09:18:41.912+0800] {logging_mixin.py:151} INFO - [2023-09-22T09:18:41.912+0800] {dag.py:2915} INFO - Sync 1 DAGs
[2023-09-22T09:18:41.921+0800] {logging_mixin.py:151} INFO - [2023-09-22T09:18:41.921+0800] {dag.py:3696} INFO - Setting next_dagrun for example_weekday_branch_operator to 2023-09-21T00:00:00+00:00, run_after=2023-09-22T00:00:00+00:00
[2023-09-22T09:18:41.932+0800] {processor.py:179} INFO - Processing /opt/homebrew/lib/python3.11/site-packages/airflow/example_dags/example_branch_day_of_week_operator.py took 0.133 seconds
[2023-09-22T09:20:26.936+0800] {processor.py:157} INFO - Started process (PID=72764) to work on /opt/homebrew/lib/python3.11/site-packages/airflow/example_dags/example_branch_day_of_week_operator.py
[2023-09-22T09:20:26.936+0800] {processor.py:829} INFO - Processing file /opt/homebrew/lib/python3.11/site-packages/airflow/example_dags/example_branch_day_of_week_operator.py for tasks to queue
[2023-09-22T09:20:26.936+0800] {logging_mixin.py:151} INFO - [2023-09-22T09:20:26.936+0800] {dagbag.py:539} INFO - Filling up the DagBag from /opt/homebrew/lib/python3.11/site-packages/airflow/example_dags/example_branch_day_of_week_operator.py
[2023-09-22T09:20:26.953+0800] {processor.py:839} INFO - DAG(s) dict_keys(['example_weekday_branch_operator']) retrieved from /opt/homebrew/lib/python3.11/site-packages/airflow/example_dags/example_branch_day_of_week_operator.py
[2023-09-22T09:20:27.047+0800] {logging_mixin.py:151} INFO - [2023-09-22T09:20:27.047+0800] {dag.py:2915} INFO - Sync 1 DAGs
[2023-09-22T09:20:27.056+0800] {logging_mixin.py:151} INFO - [2023-09-22T09:20:27.056+0800] {dag.py:3696} INFO - Setting next_dagrun for example_weekday_branch_operator to 2023-09-21T00:00:00+00:00, run_after=2023-09-22T00:00:00+00:00
[2023-09-22T09:20:27.067+0800] {processor.py:179} INFO - Processing /opt/homebrew/lib/python3.11/site-packages/airflow/example_dags/example_branch_day_of_week_operator.py took 0.132 seconds
[2023-09-22T09:22:14.121+0800] {processor.py:157} INFO - Started process (PID=72951) to work on /opt/homebrew/lib/python3.11/site-packages/airflow/example_dags/example_branch_day_of_week_operator.py
[2023-09-22T09:22:14.122+0800] {processor.py:829} INFO - Processing file /opt/homebrew/lib/python3.11/site-packages/airflow/example_dags/example_branch_day_of_week_operator.py for tasks to queue
[2023-09-22T09:22:14.122+0800] {logging_mixin.py:151} INFO - [2023-09-22T09:22:14.122+0800] {dagbag.py:539} INFO - Filling up the DagBag from /opt/homebrew/lib/python3.11/site-packages/airflow/example_dags/example_branch_day_of_week_operator.py
[2023-09-22T09:22:14.138+0800] {processor.py:839} INFO - DAG(s) dict_keys(['example_weekday_branch_operator']) retrieved from /opt/homebrew/lib/python3.11/site-packages/airflow/example_dags/example_branch_day_of_week_operator.py
[2023-09-22T09:22:14.233+0800] {logging_mixin.py:151} INFO - [2023-09-22T09:22:14.233+0800] {dag.py:2915} INFO - Sync 1 DAGs
[2023-09-22T09:22:14.242+0800] {logging_mixin.py:151} INFO - [2023-09-22T09:22:14.242+0800] {dag.py:3696} INFO - Setting next_dagrun for example_weekday_branch_operator to 2023-09-21T00:00:00+00:00, run_after=2023-09-22T00:00:00+00:00
[2023-09-22T09:22:14.253+0800] {processor.py:179} INFO - Processing /opt/homebrew/lib/python3.11/site-packages/airflow/example_dags/example_branch_day_of_week_operator.py took 0.132 seconds
[2023-09-22T09:23:59.213+0800] {processor.py:157} INFO - Started process (PID=73138) to work on /opt/homebrew/lib/python3.11/site-packages/airflow/example_dags/example_branch_day_of_week_operator.py
[2023-09-22T09:23:59.213+0800] {processor.py:829} INFO - Processing file /opt/homebrew/lib/python3.11/site-packages/airflow/example_dags/example_branch_day_of_week_operator.py for tasks to queue
[2023-09-22T09:23:59.214+0800] {logging_mixin.py:151} INFO - [2023-09-22T09:23:59.214+0800] {dagbag.py:539} INFO - Filling up the DagBag from /opt/homebrew/lib/python3.11/site-packages/airflow/example_dags/example_branch_day_of_week_operator.py
[2023-09-22T09:23:59.230+0800] {processor.py:839} INFO - DAG(s) dict_keys(['example_weekday_branch_operator']) retrieved from /opt/homebrew/lib/python3.11/site-packages/airflow/example_dags/example_branch_day_of_week_operator.py
[2023-09-22T09:23:59.326+0800] {logging_mixin.py:151} INFO - [2023-09-22T09:23:59.326+0800] {dag.py:2915} INFO - Sync 1 DAGs
[2023-09-22T09:23:59.335+0800] {logging_mixin.py:151} INFO - [2023-09-22T09:23:59.335+0800] {dag.py:3696} INFO - Setting next_dagrun for example_weekday_branch_operator to 2023-09-21T00:00:00+00:00, run_after=2023-09-22T00:00:00+00:00
[2023-09-22T09:23:59.346+0800] {processor.py:179} INFO - Processing /opt/homebrew/lib/python3.11/site-packages/airflow/example_dags/example_branch_day_of_week_operator.py took 0.133 seconds
[2023-09-22T09:25:36.007+0800] {processor.py:157} INFO - Started process (PID=73311) to work on /opt/homebrew/lib/python3.11/site-packages/airflow/example_dags/example_branch_day_of_week_operator.py
[2023-09-22T09:25:36.007+0800] {processor.py:829} INFO - Processing file /opt/homebrew/lib/python3.11/site-packages/airflow/example_dags/example_branch_day_of_week_operator.py for tasks to queue
[2023-09-22T09:25:36.008+0800] {logging_mixin.py:151} INFO - [2023-09-22T09:25:36.007+0800] {dagbag.py:539} INFO - Filling up the DagBag from /opt/homebrew/lib/python3.11/site-packages/airflow/example_dags/example_branch_day_of_week_operator.py
[2023-09-22T09:25:36.024+0800] {processor.py:839} INFO - DAG(s) dict_keys(['example_weekday_branch_operator']) retrieved from /opt/homebrew/lib/python3.11/site-packages/airflow/example_dags/example_branch_day_of_week_operator.py
[2023-09-22T09:25:36.119+0800] {logging_mixin.py:151} INFO - [2023-09-22T09:25:36.118+0800] {dag.py:2915} INFO - Sync 1 DAGs
[2023-09-22T09:25:36.128+0800] {logging_mixin.py:151} INFO - [2023-09-22T09:25:36.128+0800] {dag.py:3696} INFO - Setting next_dagrun for example_weekday_branch_operator to 2023-09-21T00:00:00+00:00, run_after=2023-09-22T00:00:00+00:00
[2023-09-22T09:25:36.138+0800] {processor.py:179} INFO - Processing /opt/homebrew/lib/python3.11/site-packages/airflow/example_dags/example_branch_day_of_week_operator.py took 0.132 seconds
[2023-09-22T09:27:24.969+0800] {processor.py:157} INFO - Started process (PID=73502) to work on /opt/homebrew/lib/python3.11/site-packages/airflow/example_dags/example_branch_day_of_week_operator.py
[2023-09-22T09:27:24.970+0800] {processor.py:829} INFO - Processing file /opt/homebrew/lib/python3.11/site-packages/airflow/example_dags/example_branch_day_of_week_operator.py for tasks to queue
[2023-09-22T09:27:24.970+0800] {logging_mixin.py:151} INFO - [2023-09-22T09:27:24.970+0800] {dagbag.py:539} INFO - Filling up the DagBag from /opt/homebrew/lib/python3.11/site-packages/airflow/example_dags/example_branch_day_of_week_operator.py
[2023-09-22T09:27:24.987+0800] {processor.py:839} INFO - DAG(s) dict_keys(['example_weekday_branch_operator']) retrieved from /opt/homebrew/lib/python3.11/site-packages/airflow/example_dags/example_branch_day_of_week_operator.py
[2023-09-22T09:27:25.081+0800] {logging_mixin.py:151} INFO - [2023-09-22T09:27:25.081+0800] {dag.py:2915} INFO - Sync 1 DAGs
[2023-09-22T09:27:25.090+0800] {logging_mixin.py:151} INFO - [2023-09-22T09:27:25.090+0800] {dag.py:3696} INFO - Setting next_dagrun for example_weekday_branch_operator to 2023-09-21T00:00:00+00:00, run_after=2023-09-22T00:00:00+00:00
[2023-09-22T09:27:25.101+0800] {processor.py:179} INFO - Processing /opt/homebrew/lib/python3.11/site-packages/airflow/example_dags/example_branch_day_of_week_operator.py took 0.132 seconds
[2023-09-22T09:29:14.107+0800] {processor.py:157} INFO - Started process (PID=73729) to work on /opt/homebrew/lib/python3.11/site-packages/airflow/example_dags/example_branch_day_of_week_operator.py
[2023-09-22T09:29:14.107+0800] {processor.py:829} INFO - Processing file /opt/homebrew/lib/python3.11/site-packages/airflow/example_dags/example_branch_day_of_week_operator.py for tasks to queue
[2023-09-22T09:29:14.108+0800] {logging_mixin.py:151} INFO - [2023-09-22T09:29:14.108+0800] {dagbag.py:539} INFO - Filling up the DagBag from /opt/homebrew/lib/python3.11/site-packages/airflow/example_dags/example_branch_day_of_week_operator.py
[2023-09-22T09:29:14.124+0800] {processor.py:839} INFO - DAG(s) dict_keys(['example_weekday_branch_operator']) retrieved from /opt/homebrew/lib/python3.11/site-packages/airflow/example_dags/example_branch_day_of_week_operator.py
[2023-09-22T09:29:14.219+0800] {logging_mixin.py:151} INFO - [2023-09-22T09:29:14.219+0800] {dag.py:2915} INFO - Sync 1 DAGs
[2023-09-22T09:29:14.228+0800] {logging_mixin.py:151} INFO - [2023-09-22T09:29:14.228+0800] {dag.py:3696} INFO - Setting next_dagrun for example_weekday_branch_operator to 2023-09-21T00:00:00+00:00, run_after=2023-09-22T00:00:00+00:00
[2023-09-22T09:29:14.239+0800] {processor.py:179} INFO - Processing /opt/homebrew/lib/python3.11/site-packages/airflow/example_dags/example_branch_day_of_week_operator.py took 0.132 seconds
[2023-09-22T09:30:54.292+0800] {processor.py:157} INFO - Started process (PID=73907) to work on /opt/homebrew/lib/python3.11/site-packages/airflow/example_dags/example_branch_day_of_week_operator.py
[2023-09-22T09:30:54.292+0800] {processor.py:829} INFO - Processing file /opt/homebrew/lib/python3.11/site-packages/airflow/example_dags/example_branch_day_of_week_operator.py for tasks to queue
[2023-09-22T09:30:54.293+0800] {logging_mixin.py:151} INFO - [2023-09-22T09:30:54.293+0800] {dagbag.py:539} INFO - Filling up the DagBag from /opt/homebrew/lib/python3.11/site-packages/airflow/example_dags/example_branch_day_of_week_operator.py
[2023-09-22T09:30:54.309+0800] {processor.py:839} INFO - DAG(s) dict_keys(['example_weekday_branch_operator']) retrieved from /opt/homebrew/lib/python3.11/site-packages/airflow/example_dags/example_branch_day_of_week_operator.py
[2023-09-22T09:30:54.404+0800] {logging_mixin.py:151} INFO - [2023-09-22T09:30:54.403+0800] {dag.py:2915} INFO - Sync 1 DAGs
[2023-09-22T09:30:54.413+0800] {logging_mixin.py:151} INFO - [2023-09-22T09:30:54.413+0800] {dag.py:3696} INFO - Setting next_dagrun for example_weekday_branch_operator to 2023-09-21T00:00:00+00:00, run_after=2023-09-22T00:00:00+00:00
[2023-09-22T09:30:54.423+0800] {processor.py:179} INFO - Processing /opt/homebrew/lib/python3.11/site-packages/airflow/example_dags/example_branch_day_of_week_operator.py took 0.132 seconds
[2023-09-22T09:32:38.087+0800] {processor.py:157} INFO - Started process (PID=74090) to work on /opt/homebrew/lib/python3.11/site-packages/airflow/example_dags/example_branch_day_of_week_operator.py
[2023-09-22T09:32:38.087+0800] {processor.py:829} INFO - Processing file /opt/homebrew/lib/python3.11/site-packages/airflow/example_dags/example_branch_day_of_week_operator.py for tasks to queue
[2023-09-22T09:32:38.088+0800] {logging_mixin.py:151} INFO - [2023-09-22T09:32:38.088+0800] {dagbag.py:539} INFO - Filling up the DagBag from /opt/homebrew/lib/python3.11/site-packages/airflow/example_dags/example_branch_day_of_week_operator.py
[2023-09-22T09:32:38.104+0800] {processor.py:839} INFO - DAG(s) dict_keys(['example_weekday_branch_operator']) retrieved from /opt/homebrew/lib/python3.11/site-packages/airflow/example_dags/example_branch_day_of_week_operator.py
[2023-09-22T09:32:38.199+0800] {logging_mixin.py:151} INFO - [2023-09-22T09:32:38.199+0800] {dag.py:2915} INFO - Sync 1 DAGs
[2023-09-22T09:32:38.208+0800] {logging_mixin.py:151} INFO - [2023-09-22T09:32:38.208+0800] {dag.py:3696} INFO - Setting next_dagrun for example_weekday_branch_operator to 2023-09-21T00:00:00+00:00, run_after=2023-09-22T00:00:00+00:00
[2023-09-22T09:32:38.219+0800] {processor.py:179} INFO - Processing /opt/homebrew/lib/python3.11/site-packages/airflow/example_dags/example_branch_day_of_week_operator.py took 0.132 seconds
[2023-09-22T09:34:23.487+0800] {processor.py:157} INFO - Started process (PID=74298) to work on /opt/homebrew/lib/python3.11/site-packages/airflow/example_dags/example_branch_day_of_week_operator.py
[2023-09-22T09:34:23.488+0800] {processor.py:829} INFO - Processing file /opt/homebrew/lib/python3.11/site-packages/airflow/example_dags/example_branch_day_of_week_operator.py for tasks to queue
[2023-09-22T09:34:23.488+0800] {logging_mixin.py:151} INFO - [2023-09-22T09:34:23.488+0800] {dagbag.py:539} INFO - Filling up the DagBag from /opt/homebrew/lib/python3.11/site-packages/airflow/example_dags/example_branch_day_of_week_operator.py
[2023-09-22T09:34:23.504+0800] {processor.py:839} INFO - DAG(s) dict_keys(['example_weekday_branch_operator']) retrieved from /opt/homebrew/lib/python3.11/site-packages/airflow/example_dags/example_branch_day_of_week_operator.py
[2023-09-22T09:34:23.599+0800] {logging_mixin.py:151} INFO - [2023-09-22T09:34:23.599+0800] {dag.py:2915} INFO - Sync 1 DAGs
[2023-09-22T09:34:23.608+0800] {logging_mixin.py:151} INFO - [2023-09-22T09:34:23.608+0800] {dag.py:3696} INFO - Setting next_dagrun for example_weekday_branch_operator to 2023-09-21T00:00:00+00:00, run_after=2023-09-22T00:00:00+00:00
[2023-09-22T09:34:23.619+0800] {processor.py:179} INFO - Processing /opt/homebrew/lib/python3.11/site-packages/airflow/example_dags/example_branch_day_of_week_operator.py took 0.132 seconds
[2023-09-22T09:36:11.810+0800] {processor.py:157} INFO - Started process (PID=74540) to work on /opt/homebrew/lib/python3.11/site-packages/airflow/example_dags/example_branch_day_of_week_operator.py
[2023-09-22T09:36:11.811+0800] {processor.py:829} INFO - Processing file /opt/homebrew/lib/python3.11/site-packages/airflow/example_dags/example_branch_day_of_week_operator.py for tasks to queue
[2023-09-22T09:36:11.811+0800] {logging_mixin.py:151} INFO - [2023-09-22T09:36:11.811+0800] {dagbag.py:539} INFO - Filling up the DagBag from /opt/homebrew/lib/python3.11/site-packages/airflow/example_dags/example_branch_day_of_week_operator.py
[2023-09-22T09:36:11.827+0800] {processor.py:839} INFO - DAG(s) dict_keys(['example_weekday_branch_operator']) retrieved from /opt/homebrew/lib/python3.11/site-packages/airflow/example_dags/example_branch_day_of_week_operator.py
[2023-09-22T09:36:11.923+0800] {logging_mixin.py:151} INFO - [2023-09-22T09:36:11.923+0800] {dag.py:2915} INFO - Sync 1 DAGs
[2023-09-22T09:36:11.932+0800] {logging_mixin.py:151} INFO - [2023-09-22T09:36:11.932+0800] {dag.py:3696} INFO - Setting next_dagrun for example_weekday_branch_operator to 2023-09-21T00:00:00+00:00, run_after=2023-09-22T00:00:00+00:00
[2023-09-22T09:36:11.942+0800] {processor.py:179} INFO - Processing /opt/homebrew/lib/python3.11/site-packages/airflow/example_dags/example_branch_day_of_week_operator.py took 0.132 seconds
[2023-09-22T09:37:55.222+0800] {processor.py:157} INFO - Started process (PID=74731) to work on /opt/homebrew/lib/python3.11/site-packages/airflow/example_dags/example_branch_day_of_week_operator.py
[2023-09-22T09:37:55.223+0800] {processor.py:829} INFO - Processing file /opt/homebrew/lib/python3.11/site-packages/airflow/example_dags/example_branch_day_of_week_operator.py for tasks to queue
[2023-09-22T09:37:55.223+0800] {logging_mixin.py:151} INFO - [2023-09-22T09:37:55.223+0800] {dagbag.py:539} INFO - Filling up the DagBag from /opt/homebrew/lib/python3.11/site-packages/airflow/example_dags/example_branch_day_of_week_operator.py
[2023-09-22T09:37:55.239+0800] {processor.py:839} INFO - DAG(s) dict_keys(['example_weekday_branch_operator']) retrieved from /opt/homebrew/lib/python3.11/site-packages/airflow/example_dags/example_branch_day_of_week_operator.py
[2023-09-22T09:37:55.334+0800] {logging_mixin.py:151} INFO - [2023-09-22T09:37:55.334+0800] {dag.py:2915} INFO - Sync 1 DAGs
[2023-09-22T09:37:55.343+0800] {logging_mixin.py:151} INFO - [2023-09-22T09:37:55.343+0800] {dag.py:3696} INFO - Setting next_dagrun for example_weekday_branch_operator to 2023-09-21T00:00:00+00:00, run_after=2023-09-22T00:00:00+00:00
[2023-09-22T09:37:55.354+0800] {processor.py:179} INFO - Processing /opt/homebrew/lib/python3.11/site-packages/airflow/example_dags/example_branch_day_of_week_operator.py took 0.132 seconds
[2023-09-22T09:39:38.191+0800] {processor.py:157} INFO - Started process (PID=74924) to work on /opt/homebrew/lib/python3.11/site-packages/airflow/example_dags/example_branch_day_of_week_operator.py
[2023-09-22T09:39:38.191+0800] {processor.py:829} INFO - Processing file /opt/homebrew/lib/python3.11/site-packages/airflow/example_dags/example_branch_day_of_week_operator.py for tasks to queue
[2023-09-22T09:39:38.192+0800] {logging_mixin.py:151} INFO - [2023-09-22T09:39:38.192+0800] {dagbag.py:539} INFO - Filling up the DagBag from /opt/homebrew/lib/python3.11/site-packages/airflow/example_dags/example_branch_day_of_week_operator.py
[2023-09-22T09:39:38.208+0800] {processor.py:839} INFO - DAG(s) dict_keys(['example_weekday_branch_operator']) retrieved from /opt/homebrew/lib/python3.11/site-packages/airflow/example_dags/example_branch_day_of_week_operator.py
[2023-09-22T09:39:38.303+0800] {logging_mixin.py:151} INFO - [2023-09-22T09:39:38.303+0800] {dag.py:2915} INFO - Sync 1 DAGs
[2023-09-22T09:39:38.312+0800] {logging_mixin.py:151} INFO - [2023-09-22T09:39:38.312+0800] {dag.py:3696} INFO - Setting next_dagrun for example_weekday_branch_operator to 2023-09-21T00:00:00+00:00, run_after=2023-09-22T00:00:00+00:00
[2023-09-22T09:39:38.322+0800] {processor.py:179} INFO - Processing /opt/homebrew/lib/python3.11/site-packages/airflow/example_dags/example_branch_day_of_week_operator.py took 0.132 seconds
[2023-09-22T09:41:27.649+0800] {processor.py:157} INFO - Started process (PID=75119) to work on /opt/homebrew/lib/python3.11/site-packages/airflow/example_dags/example_branch_day_of_week_operator.py
[2023-09-22T09:41:27.650+0800] {processor.py:829} INFO - Processing file /opt/homebrew/lib/python3.11/site-packages/airflow/example_dags/example_branch_day_of_week_operator.py for tasks to queue
[2023-09-22T09:41:27.650+0800] {logging_mixin.py:151} INFO - [2023-09-22T09:41:27.650+0800] {dagbag.py:539} INFO - Filling up the DagBag from /opt/homebrew/lib/python3.11/site-packages/airflow/example_dags/example_branch_day_of_week_operator.py
[2023-09-22T09:41:27.666+0800] {processor.py:839} INFO - DAG(s) dict_keys(['example_weekday_branch_operator']) retrieved from /opt/homebrew/lib/python3.11/site-packages/airflow/example_dags/example_branch_day_of_week_operator.py
[2023-09-22T09:41:27.761+0800] {logging_mixin.py:151} INFO - [2023-09-22T09:41:27.761+0800] {dag.py:2915} INFO - Sync 1 DAGs
[2023-09-22T09:41:27.770+0800] {logging_mixin.py:151} INFO - [2023-09-22T09:41:27.770+0800] {dag.py:3696} INFO - Setting next_dagrun for example_weekday_branch_operator to 2023-09-21T00:00:00+00:00, run_after=2023-09-22T00:00:00+00:00
[2023-09-22T09:41:27.781+0800] {processor.py:179} INFO - Processing /opt/homebrew/lib/python3.11/site-packages/airflow/example_dags/example_branch_day_of_week_operator.py took 0.132 seconds
[2023-09-22T11:22:03.859+0800] {processor.py:157} INFO - Started process (PID=75422) to work on /opt/homebrew/lib/python3.11/site-packages/airflow/example_dags/example_branch_day_of_week_operator.py
[2023-09-22T11:22:03.860+0800] {processor.py:829} INFO - Processing file /opt/homebrew/lib/python3.11/site-packages/airflow/example_dags/example_branch_day_of_week_operator.py for tasks to queue
[2023-09-22T11:22:03.860+0800] {logging_mixin.py:151} INFO - [2023-09-22T11:22:03.860+0800] {dagbag.py:539} INFO - Filling up the DagBag from /opt/homebrew/lib/python3.11/site-packages/airflow/example_dags/example_branch_day_of_week_operator.py
[2023-09-22T11:22:03.878+0800] {processor.py:839} INFO - DAG(s) dict_keys(['example_weekday_branch_operator']) retrieved from /opt/homebrew/lib/python3.11/site-packages/airflow/example_dags/example_branch_day_of_week_operator.py
[2023-09-22T11:22:03.972+0800] {logging_mixin.py:151} INFO - [2023-09-22T11:22:03.972+0800] {dag.py:2915} INFO - Sync 1 DAGs
[2023-09-22T11:22:03.981+0800] {logging_mixin.py:151} INFO - [2023-09-22T11:22:03.981+0800] {dag.py:3696} INFO - Setting next_dagrun for example_weekday_branch_operator to 2023-09-21T00:00:00+00:00, run_after=2023-09-22T00:00:00+00:00
[2023-09-22T11:22:03.992+0800] {processor.py:179} INFO - Processing /opt/homebrew/lib/python3.11/site-packages/airflow/example_dags/example_branch_day_of_week_operator.py took 0.134 seconds
[2023-09-22T14:41:24.116+0800] {processor.py:157} INFO - Started process (PID=75745) to work on /opt/homebrew/lib/python3.11/site-packages/airflow/example_dags/example_branch_day_of_week_operator.py
[2023-09-22T14:41:24.117+0800] {processor.py:829} INFO - Processing file /opt/homebrew/lib/python3.11/site-packages/airflow/example_dags/example_branch_day_of_week_operator.py for tasks to queue
[2023-09-22T14:41:24.117+0800] {logging_mixin.py:151} INFO - [2023-09-22T14:41:24.117+0800] {dagbag.py:539} INFO - Filling up the DagBag from /opt/homebrew/lib/python3.11/site-packages/airflow/example_dags/example_branch_day_of_week_operator.py
[2023-09-22T14:41:24.147+0800] {processor.py:839} INFO - DAG(s) dict_keys(['example_weekday_branch_operator']) retrieved from /opt/homebrew/lib/python3.11/site-packages/airflow/example_dags/example_branch_day_of_week_operator.py
[2023-09-22T14:41:24.242+0800] {logging_mixin.py:151} INFO - [2023-09-22T14:41:24.242+0800] {dag.py:2915} INFO - Sync 1 DAGs
[2023-09-22T14:41:24.251+0800] {logging_mixin.py:151} INFO - [2023-09-22T14:41:24.251+0800] {dag.py:3696} INFO - Setting next_dagrun for example_weekday_branch_operator to 2023-09-21T00:00:00+00:00, run_after=2023-09-22T00:00:00+00:00
[2023-09-22T14:41:24.262+0800] {processor.py:179} INFO - Processing /opt/homebrew/lib/python3.11/site-packages/airflow/example_dags/example_branch_day_of_week_operator.py took 0.146 seconds
[2023-09-22T20:48:17.108+0800] {processor.py:157} INFO - Started process (PID=76396) to work on /opt/homebrew/lib/python3.11/site-packages/airflow/example_dags/example_branch_day_of_week_operator.py
[2023-09-22T20:48:17.109+0800] {processor.py:829} INFO - Processing file /opt/homebrew/lib/python3.11/site-packages/airflow/example_dags/example_branch_day_of_week_operator.py for tasks to queue
[2023-09-22T20:48:17.110+0800] {logging_mixin.py:151} INFO - [2023-09-22T20:48:17.109+0800] {dagbag.py:539} INFO - Filling up the DagBag from /opt/homebrew/lib/python3.11/site-packages/airflow/example_dags/example_branch_day_of_week_operator.py
[2023-09-22T20:48:17.127+0800] {processor.py:839} INFO - DAG(s) dict_keys(['example_weekday_branch_operator']) retrieved from /opt/homebrew/lib/python3.11/site-packages/airflow/example_dags/example_branch_day_of_week_operator.py
[2023-09-22T20:48:17.221+0800] {logging_mixin.py:151} INFO - [2023-09-22T20:48:17.221+0800] {dag.py:2915} INFO - Sync 1 DAGs
[2023-09-22T20:48:17.230+0800] {logging_mixin.py:151} INFO - [2023-09-22T20:48:17.230+0800] {dag.py:3696} INFO - Setting next_dagrun for example_weekday_branch_operator to 2023-09-21T00:00:00+00:00, run_after=2023-09-22T00:00:00+00:00
[2023-09-22T20:48:17.241+0800] {processor.py:179} INFO - Processing /opt/homebrew/lib/python3.11/site-packages/airflow/example_dags/example_branch_day_of_week_operator.py took 0.134 seconds
[2023-09-23T03:24:25.369+0800] {processor.py:157} INFO - Started process (PID=77100) to work on /opt/homebrew/lib/python3.11/site-packages/airflow/example_dags/example_branch_day_of_week_operator.py
[2023-09-23T03:24:25.370+0800] {processor.py:829} INFO - Processing file /opt/homebrew/lib/python3.11/site-packages/airflow/example_dags/example_branch_day_of_week_operator.py for tasks to queue
[2023-09-23T03:24:25.370+0800] {logging_mixin.py:151} INFO - [2023-09-23T03:24:25.370+0800] {dagbag.py:539} INFO - Filling up the DagBag from /opt/homebrew/lib/python3.11/site-packages/airflow/example_dags/example_branch_day_of_week_operator.py
[2023-09-23T03:24:25.387+0800] {processor.py:839} INFO - DAG(s) dict_keys(['example_weekday_branch_operator']) retrieved from /opt/homebrew/lib/python3.11/site-packages/airflow/example_dags/example_branch_day_of_week_operator.py
[2023-09-23T03:24:25.482+0800] {logging_mixin.py:151} INFO - [2023-09-23T03:24:25.482+0800] {dag.py:2915} INFO - Sync 1 DAGs
[2023-09-23T03:24:25.491+0800] {logging_mixin.py:151} INFO - [2023-09-23T03:24:25.491+0800] {dag.py:3696} INFO - Setting next_dagrun for example_weekday_branch_operator to 2023-09-21T00:00:00+00:00, run_after=2023-09-22T00:00:00+00:00
[2023-09-23T03:24:25.502+0800] {processor.py:179} INFO - Processing /opt/homebrew/lib/python3.11/site-packages/airflow/example_dags/example_branch_day_of_week_operator.py took 0.133 seconds
