[2023-09-22T08:00:07.052+0800] {processor.py:157} INFO - Started process (PID=63851) to work on /opt/homebrew/lib/python3.11/site-packages/airflow/example_dags/example_branch_operator.py
[2023-09-22T08:00:07.053+0800] {processor.py:829} INFO - Processing file /opt/homebrew/lib/python3.11/site-packages/airflow/example_dags/example_branch_operator.py for tasks to queue
[2023-09-22T08:00:07.053+0800] {logging_mixin.py:151} INFO - [2023-09-22T08:00:07.053+0800] {dagbag.py:539} INFO - Filling up the DagBag from /opt/homebrew/lib/python3.11/site-packages/airflow/example_dags/example_branch_operator.py
[2023-09-22T08:00:07.077+0800] {processor.py:839} INFO - DAG(s) dict_keys(['example_branch_operator']) retrieved from /opt/homebrew/lib/python3.11/site-packages/airflow/example_dags/example_branch_operator.py
[2023-09-22T08:00:07.173+0800] {logging_mixin.py:151} INFO - [2023-09-22T08:00:07.173+0800] {dag.py:2915} INFO - Sync 1 DAGs
[2023-09-22T08:00:07.183+0800] {logging_mixin.py:151} INFO - [2023-09-22T08:00:07.183+0800] {dag.py:3696} INFO - Setting next_dagrun for example_branch_operator to 2023-09-21T00:00:00+00:00, run_after=2023-09-22T00:00:00+00:00
[2023-09-22T08:00:07.193+0800] {processor.py:179} INFO - Processing /opt/homebrew/lib/python3.11/site-packages/airflow/example_dags/example_branch_operator.py took 0.141 seconds
[2023-09-22T08:01:47.104+0800] {processor.py:157} INFO - Started process (PID=64029) to work on /opt/homebrew/lib/python3.11/site-packages/airflow/example_dags/example_branch_operator.py
[2023-09-22T08:01:47.105+0800] {processor.py:829} INFO - Processing file /opt/homebrew/lib/python3.11/site-packages/airflow/example_dags/example_branch_operator.py for tasks to queue
[2023-09-22T08:01:47.105+0800] {logging_mixin.py:151} INFO - [2023-09-22T08:01:47.105+0800] {dagbag.py:539} INFO - Filling up the DagBag from /opt/homebrew/lib/python3.11/site-packages/airflow/example_dags/example_branch_operator.py
[2023-09-22T08:01:47.129+0800] {processor.py:839} INFO - DAG(s) dict_keys(['example_branch_operator']) retrieved from /opt/homebrew/lib/python3.11/site-packages/airflow/example_dags/example_branch_operator.py
[2023-09-22T08:01:47.225+0800] {logging_mixin.py:151} INFO - [2023-09-22T08:01:47.225+0800] {dag.py:2915} INFO - Sync 1 DAGs
[2023-09-22T08:01:47.235+0800] {logging_mixin.py:151} INFO - [2023-09-22T08:01:47.235+0800] {dag.py:3696} INFO - Setting next_dagrun for example_branch_operator to 2023-09-21T00:00:00+00:00, run_after=2023-09-22T00:00:00+00:00
[2023-09-22T08:01:47.245+0800] {processor.py:179} INFO - Processing /opt/homebrew/lib/python3.11/site-packages/airflow/example_dags/example_branch_operator.py took 0.141 seconds
[2023-09-22T08:03:34.353+0800] {processor.py:157} INFO - Started process (PID=64231) to work on /opt/homebrew/lib/python3.11/site-packages/airflow/example_dags/example_branch_operator.py
[2023-09-22T08:03:34.353+0800] {processor.py:829} INFO - Processing file /opt/homebrew/lib/python3.11/site-packages/airflow/example_dags/example_branch_operator.py for tasks to queue
[2023-09-22T08:03:34.354+0800] {logging_mixin.py:151} INFO - [2023-09-22T08:03:34.354+0800] {dagbag.py:539} INFO - Filling up the DagBag from /opt/homebrew/lib/python3.11/site-packages/airflow/example_dags/example_branch_operator.py
[2023-09-22T08:03:34.378+0800] {processor.py:839} INFO - DAG(s) dict_keys(['example_branch_operator']) retrieved from /opt/homebrew/lib/python3.11/site-packages/airflow/example_dags/example_branch_operator.py
[2023-09-22T08:03:34.474+0800] {logging_mixin.py:151} INFO - [2023-09-22T08:03:34.474+0800] {dag.py:2915} INFO - Sync 1 DAGs
[2023-09-22T08:03:34.484+0800] {logging_mixin.py:151} INFO - [2023-09-22T08:03:34.484+0800] {dag.py:3696} INFO - Setting next_dagrun for example_branch_operator to 2023-09-21T00:00:00+00:00, run_after=2023-09-22T00:00:00+00:00
[2023-09-22T08:03:34.494+0800] {processor.py:179} INFO - Processing /opt/homebrew/lib/python3.11/site-packages/airflow/example_dags/example_branch_operator.py took 0.141 seconds
[2023-09-22T08:05:17.156+0800] {processor.py:157} INFO - Started process (PID=64492) to work on /opt/homebrew/lib/python3.11/site-packages/airflow/example_dags/example_branch_operator.py
[2023-09-22T08:05:17.157+0800] {processor.py:829} INFO - Processing file /opt/homebrew/lib/python3.11/site-packages/airflow/example_dags/example_branch_operator.py for tasks to queue
[2023-09-22T08:05:17.157+0800] {logging_mixin.py:151} INFO - [2023-09-22T08:05:17.157+0800] {dagbag.py:539} INFO - Filling up the DagBag from /opt/homebrew/lib/python3.11/site-packages/airflow/example_dags/example_branch_operator.py
[2023-09-22T08:05:17.181+0800] {processor.py:839} INFO - DAG(s) dict_keys(['example_branch_operator']) retrieved from /opt/homebrew/lib/python3.11/site-packages/airflow/example_dags/example_branch_operator.py
[2023-09-22T08:05:17.277+0800] {logging_mixin.py:151} INFO - [2023-09-22T08:05:17.277+0800] {dag.py:2915} INFO - Sync 1 DAGs
[2023-09-22T08:05:17.287+0800] {logging_mixin.py:151} INFO - [2023-09-22T08:05:17.287+0800] {dag.py:3696} INFO - Setting next_dagrun for example_branch_operator to 2023-09-21T00:00:00+00:00, run_after=2023-09-22T00:00:00+00:00
[2023-09-22T08:05:17.298+0800] {processor.py:179} INFO - Processing /opt/homebrew/lib/python3.11/site-packages/airflow/example_dags/example_branch_operator.py took 0.142 seconds
[2023-09-22T08:07:03.267+0800] {processor.py:157} INFO - Started process (PID=64681) to work on /opt/homebrew/lib/python3.11/site-packages/airflow/example_dags/example_branch_operator.py
[2023-09-22T08:07:03.268+0800] {processor.py:829} INFO - Processing file /opt/homebrew/lib/python3.11/site-packages/airflow/example_dags/example_branch_operator.py for tasks to queue
[2023-09-22T08:07:03.268+0800] {logging_mixin.py:151} INFO - [2023-09-22T08:07:03.268+0800] {dagbag.py:539} INFO - Filling up the DagBag from /opt/homebrew/lib/python3.11/site-packages/airflow/example_dags/example_branch_operator.py
[2023-09-22T08:07:03.292+0800] {processor.py:839} INFO - DAG(s) dict_keys(['example_branch_operator']) retrieved from /opt/homebrew/lib/python3.11/site-packages/airflow/example_dags/example_branch_operator.py
[2023-09-22T08:07:03.388+0800] {logging_mixin.py:151} INFO - [2023-09-22T08:07:03.388+0800] {dag.py:2915} INFO - Sync 1 DAGs
[2023-09-22T08:07:03.397+0800] {logging_mixin.py:151} INFO - [2023-09-22T08:07:03.397+0800] {dag.py:3696} INFO - Setting next_dagrun for example_branch_operator to 2023-09-21T00:00:00+00:00, run_after=2023-09-22T00:00:00+00:00
[2023-09-22T08:07:03.407+0800] {processor.py:179} INFO - Processing /opt/homebrew/lib/python3.11/site-packages/airflow/example_dags/example_branch_operator.py took 0.140 seconds
[2023-09-22T08:08:48.836+0800] {processor.py:157} INFO - Started process (PID=64871) to work on /opt/homebrew/lib/python3.11/site-packages/airflow/example_dags/example_branch_operator.py
[2023-09-22T08:08:48.837+0800] {processor.py:829} INFO - Processing file /opt/homebrew/lib/python3.11/site-packages/airflow/example_dags/example_branch_operator.py for tasks to queue
[2023-09-22T08:08:48.837+0800] {logging_mixin.py:151} INFO - [2023-09-22T08:08:48.837+0800] {dagbag.py:539} INFO - Filling up the DagBag from /opt/homebrew/lib/python3.11/site-packages/airflow/example_dags/example_branch_operator.py
[2023-09-22T08:08:48.861+0800] {processor.py:839} INFO - DAG(s) dict_keys(['example_branch_operator']) retrieved from /opt/homebrew/lib/python3.11/site-packages/airflow/example_dags/example_branch_operator.py
[2023-09-22T08:08:48.957+0800] {logging_mixin.py:151} INFO - [2023-09-22T08:08:48.957+0800] {dag.py:2915} INFO - Sync 1 DAGs
[2023-09-22T08:08:48.967+0800] {logging_mixin.py:151} INFO - [2023-09-22T08:08:48.966+0800] {dag.py:3696} INFO - Setting next_dagrun for example_branch_operator to 2023-09-21T00:00:00+00:00, run_after=2023-09-22T00:00:00+00:00
[2023-09-22T08:08:48.977+0800] {processor.py:179} INFO - Processing /opt/homebrew/lib/python3.11/site-packages/airflow/example_dags/example_branch_operator.py took 0.141 seconds
[2023-09-22T08:10:38.012+0800] {processor.py:157} INFO - Started process (PID=65061) to work on /opt/homebrew/lib/python3.11/site-packages/airflow/example_dags/example_branch_operator.py
[2023-09-22T08:10:38.012+0800] {processor.py:829} INFO - Processing file /opt/homebrew/lib/python3.11/site-packages/airflow/example_dags/example_branch_operator.py for tasks to queue
[2023-09-22T08:10:38.013+0800] {logging_mixin.py:151} INFO - [2023-09-22T08:10:38.013+0800] {dagbag.py:539} INFO - Filling up the DagBag from /opt/homebrew/lib/python3.11/site-packages/airflow/example_dags/example_branch_operator.py
[2023-09-22T08:10:38.037+0800] {processor.py:839} INFO - DAG(s) dict_keys(['example_branch_operator']) retrieved from /opt/homebrew/lib/python3.11/site-packages/airflow/example_dags/example_branch_operator.py
[2023-09-22T08:10:38.133+0800] {logging_mixin.py:151} INFO - [2023-09-22T08:10:38.133+0800] {dag.py:2915} INFO - Sync 1 DAGs
[2023-09-22T08:10:38.142+0800] {logging_mixin.py:151} INFO - [2023-09-22T08:10:38.142+0800] {dag.py:3696} INFO - Setting next_dagrun for example_branch_operator to 2023-09-21T00:00:00+00:00, run_after=2023-09-22T00:00:00+00:00
[2023-09-22T08:10:38.153+0800] {processor.py:179} INFO - Processing /opt/homebrew/lib/python3.11/site-packages/airflow/example_dags/example_branch_operator.py took 0.141 seconds
[2023-09-22T08:12:23.511+0800] {processor.py:157} INFO - Started process (PID=65252) to work on /opt/homebrew/lib/python3.11/site-packages/airflow/example_dags/example_branch_operator.py
[2023-09-22T08:12:23.511+0800] {processor.py:829} INFO - Processing file /opt/homebrew/lib/python3.11/site-packages/airflow/example_dags/example_branch_operator.py for tasks to queue
[2023-09-22T08:12:23.512+0800] {logging_mixin.py:151} INFO - [2023-09-22T08:12:23.512+0800] {dagbag.py:539} INFO - Filling up the DagBag from /opt/homebrew/lib/python3.11/site-packages/airflow/example_dags/example_branch_operator.py
[2023-09-22T08:12:23.536+0800] {processor.py:839} INFO - DAG(s) dict_keys(['example_branch_operator']) retrieved from /opt/homebrew/lib/python3.11/site-packages/airflow/example_dags/example_branch_operator.py
[2023-09-22T08:12:23.631+0800] {logging_mixin.py:151} INFO - [2023-09-22T08:12:23.631+0800] {dag.py:2915} INFO - Sync 1 DAGs
[2023-09-22T08:12:23.641+0800] {logging_mixin.py:151} INFO - [2023-09-22T08:12:23.641+0800] {dag.py:3696} INFO - Setting next_dagrun for example_branch_operator to 2023-09-21T00:00:00+00:00, run_after=2023-09-22T00:00:00+00:00
[2023-09-22T08:12:23.651+0800] {processor.py:179} INFO - Processing /opt/homebrew/lib/python3.11/site-packages/airflow/example_dags/example_branch_operator.py took 0.141 seconds
[2023-09-22T08:14:09.507+0800] {processor.py:157} INFO - Started process (PID=65445) to work on /opt/homebrew/lib/python3.11/site-packages/airflow/example_dags/example_branch_operator.py
[2023-09-22T08:14:09.508+0800] {processor.py:829} INFO - Processing file /opt/homebrew/lib/python3.11/site-packages/airflow/example_dags/example_branch_operator.py for tasks to queue
[2023-09-22T08:14:09.508+0800] {logging_mixin.py:151} INFO - [2023-09-22T08:14:09.508+0800] {dagbag.py:539} INFO - Filling up the DagBag from /opt/homebrew/lib/python3.11/site-packages/airflow/example_dags/example_branch_operator.py
[2023-09-22T08:14:09.533+0800] {processor.py:839} INFO - DAG(s) dict_keys(['example_branch_operator']) retrieved from /opt/homebrew/lib/python3.11/site-packages/airflow/example_dags/example_branch_operator.py
[2023-09-22T08:14:09.631+0800] {logging_mixin.py:151} INFO - [2023-09-22T08:14:09.631+0800] {dag.py:2915} INFO - Sync 1 DAGs
[2023-09-22T08:14:09.640+0800] {logging_mixin.py:151} INFO - [2023-09-22T08:14:09.640+0800] {dag.py:3696} INFO - Setting next_dagrun for example_branch_operator to 2023-09-21T00:00:00+00:00, run_after=2023-09-22T00:00:00+00:00
[2023-09-22T08:14:09.650+0800] {processor.py:179} INFO - Processing /opt/homebrew/lib/python3.11/site-packages/airflow/example_dags/example_branch_operator.py took 0.144 seconds
[2023-09-22T08:15:56.378+0800] {processor.py:157} INFO - Started process (PID=65633) to work on /opt/homebrew/lib/python3.11/site-packages/airflow/example_dags/example_branch_operator.py
[2023-09-22T08:15:56.378+0800] {processor.py:829} INFO - Processing file /opt/homebrew/lib/python3.11/site-packages/airflow/example_dags/example_branch_operator.py for tasks to queue
[2023-09-22T08:15:56.379+0800] {logging_mixin.py:151} INFO - [2023-09-22T08:15:56.379+0800] {dagbag.py:539} INFO - Filling up the DagBag from /opt/homebrew/lib/python3.11/site-packages/airflow/example_dags/example_branch_operator.py
[2023-09-22T08:15:56.403+0800] {processor.py:839} INFO - DAG(s) dict_keys(['example_branch_operator']) retrieved from /opt/homebrew/lib/python3.11/site-packages/airflow/example_dags/example_branch_operator.py
[2023-09-22T08:15:56.499+0800] {logging_mixin.py:151} INFO - [2023-09-22T08:15:56.499+0800] {dag.py:2915} INFO - Sync 1 DAGs
[2023-09-22T08:15:56.508+0800] {logging_mixin.py:151} INFO - [2023-09-22T08:15:56.508+0800] {dag.py:3696} INFO - Setting next_dagrun for example_branch_operator to 2023-09-21T00:00:00+00:00, run_after=2023-09-22T00:00:00+00:00
[2023-09-22T08:15:56.519+0800] {processor.py:179} INFO - Processing /opt/homebrew/lib/python3.11/site-packages/airflow/example_dags/example_branch_operator.py took 0.141 seconds
[2023-09-22T08:17:40.597+0800] {processor.py:157} INFO - Started process (PID=65815) to work on /opt/homebrew/lib/python3.11/site-packages/airflow/example_dags/example_branch_operator.py
[2023-09-22T08:17:40.597+0800] {processor.py:829} INFO - Processing file /opt/homebrew/lib/python3.11/site-packages/airflow/example_dags/example_branch_operator.py for tasks to queue
[2023-09-22T08:17:40.598+0800] {logging_mixin.py:151} INFO - [2023-09-22T08:17:40.597+0800] {dagbag.py:539} INFO - Filling up the DagBag from /opt/homebrew/lib/python3.11/site-packages/airflow/example_dags/example_branch_operator.py
[2023-09-22T08:17:40.622+0800] {processor.py:839} INFO - DAG(s) dict_keys(['example_branch_operator']) retrieved from /opt/homebrew/lib/python3.11/site-packages/airflow/example_dags/example_branch_operator.py
[2023-09-22T08:17:40.720+0800] {logging_mixin.py:151} INFO - [2023-09-22T08:17:40.719+0800] {dag.py:2915} INFO - Sync 1 DAGs
[2023-09-22T08:17:40.729+0800] {logging_mixin.py:151} INFO - [2023-09-22T08:17:40.729+0800] {dag.py:3696} INFO - Setting next_dagrun for example_branch_operator to 2023-09-21T00:00:00+00:00, run_after=2023-09-22T00:00:00+00:00
[2023-09-22T08:17:40.740+0800] {processor.py:179} INFO - Processing /opt/homebrew/lib/python3.11/site-packages/airflow/example_dags/example_branch_operator.py took 0.143 seconds
[2023-09-22T08:19:25.835+0800] {processor.py:157} INFO - Started process (PID=66009) to work on /opt/homebrew/lib/python3.11/site-packages/airflow/example_dags/example_branch_operator.py
[2023-09-22T08:19:25.835+0800] {processor.py:829} INFO - Processing file /opt/homebrew/lib/python3.11/site-packages/airflow/example_dags/example_branch_operator.py for tasks to queue
[2023-09-22T08:19:25.836+0800] {logging_mixin.py:151} INFO - [2023-09-22T08:19:25.836+0800] {dagbag.py:539} INFO - Filling up the DagBag from /opt/homebrew/lib/python3.11/site-packages/airflow/example_dags/example_branch_operator.py
[2023-09-22T08:19:25.860+0800] {processor.py:839} INFO - DAG(s) dict_keys(['example_branch_operator']) retrieved from /opt/homebrew/lib/python3.11/site-packages/airflow/example_dags/example_branch_operator.py
[2023-09-22T08:19:25.956+0800] {logging_mixin.py:151} INFO - [2023-09-22T08:19:25.956+0800] {dag.py:2915} INFO - Sync 1 DAGs
[2023-09-22T08:19:25.966+0800] {logging_mixin.py:151} INFO - [2023-09-22T08:19:25.966+0800] {dag.py:3696} INFO - Setting next_dagrun for example_branch_operator to 2023-09-21T00:00:00+00:00, run_after=2023-09-22T00:00:00+00:00
[2023-09-22T08:19:25.976+0800] {processor.py:179} INFO - Processing /opt/homebrew/lib/python3.11/site-packages/airflow/example_dags/example_branch_operator.py took 0.141 seconds
[2023-09-22T08:21:15.489+0800] {processor.py:157} INFO - Started process (PID=66200) to work on /opt/homebrew/lib/python3.11/site-packages/airflow/example_dags/example_branch_operator.py
[2023-09-22T08:21:15.490+0800] {processor.py:829} INFO - Processing file /opt/homebrew/lib/python3.11/site-packages/airflow/example_dags/example_branch_operator.py for tasks to queue
[2023-09-22T08:21:15.490+0800] {logging_mixin.py:151} INFO - [2023-09-22T08:21:15.490+0800] {dagbag.py:539} INFO - Filling up the DagBag from /opt/homebrew/lib/python3.11/site-packages/airflow/example_dags/example_branch_operator.py
[2023-09-22T08:21:15.514+0800] {processor.py:839} INFO - DAG(s) dict_keys(['example_branch_operator']) retrieved from /opt/homebrew/lib/python3.11/site-packages/airflow/example_dags/example_branch_operator.py
[2023-09-22T08:21:15.610+0800] {logging_mixin.py:151} INFO - [2023-09-22T08:21:15.610+0800] {dag.py:2915} INFO - Sync 1 DAGs
[2023-09-22T08:21:15.620+0800] {logging_mixin.py:151} INFO - [2023-09-22T08:21:15.620+0800] {dag.py:3696} INFO - Setting next_dagrun for example_branch_operator to 2023-09-21T00:00:00+00:00, run_after=2023-09-22T00:00:00+00:00
[2023-09-22T08:21:15.630+0800] {processor.py:179} INFO - Processing /opt/homebrew/lib/python3.11/site-packages/airflow/example_dags/example_branch_operator.py took 0.141 seconds
[2023-09-22T08:22:58.915+0800] {processor.py:157} INFO - Started process (PID=66380) to work on /opt/homebrew/lib/python3.11/site-packages/airflow/example_dags/example_branch_operator.py
[2023-09-22T08:22:58.916+0800] {processor.py:829} INFO - Processing file /opt/homebrew/lib/python3.11/site-packages/airflow/example_dags/example_branch_operator.py for tasks to queue
[2023-09-22T08:22:58.916+0800] {logging_mixin.py:151} INFO - [2023-09-22T08:22:58.916+0800] {dagbag.py:539} INFO - Filling up the DagBag from /opt/homebrew/lib/python3.11/site-packages/airflow/example_dags/example_branch_operator.py
[2023-09-22T08:22:58.940+0800] {processor.py:839} INFO - DAG(s) dict_keys(['example_branch_operator']) retrieved from /opt/homebrew/lib/python3.11/site-packages/airflow/example_dags/example_branch_operator.py
[2023-09-22T08:22:59.036+0800] {logging_mixin.py:151} INFO - [2023-09-22T08:22:59.036+0800] {dag.py:2915} INFO - Sync 1 DAGs
[2023-09-22T08:22:59.046+0800] {logging_mixin.py:151} INFO - [2023-09-22T08:22:59.046+0800] {dag.py:3696} INFO - Setting next_dagrun for example_branch_operator to 2023-09-21T00:00:00+00:00, run_after=2023-09-22T00:00:00+00:00
[2023-09-22T08:22:59.056+0800] {processor.py:179} INFO - Processing /opt/homebrew/lib/python3.11/site-packages/airflow/example_dags/example_branch_operator.py took 0.141 seconds
[2023-09-22T08:24:41.328+0800] {processor.py:157} INFO - Started process (PID=66591) to work on /opt/homebrew/lib/python3.11/site-packages/airflow/example_dags/example_branch_operator.py
[2023-09-22T08:24:41.328+0800] {processor.py:829} INFO - Processing file /opt/homebrew/lib/python3.11/site-packages/airflow/example_dags/example_branch_operator.py for tasks to queue
[2023-09-22T08:24:41.328+0800] {logging_mixin.py:151} INFO - [2023-09-22T08:24:41.328+0800] {dagbag.py:539} INFO - Filling up the DagBag from /opt/homebrew/lib/python3.11/site-packages/airflow/example_dags/example_branch_operator.py
[2023-09-22T08:24:41.352+0800] {processor.py:839} INFO - DAG(s) dict_keys(['example_branch_operator']) retrieved from /opt/homebrew/lib/python3.11/site-packages/airflow/example_dags/example_branch_operator.py
[2023-09-22T08:24:41.450+0800] {logging_mixin.py:151} INFO - [2023-09-22T08:24:41.450+0800] {dag.py:2915} INFO - Sync 1 DAGs
[2023-09-22T08:24:41.460+0800] {logging_mixin.py:151} INFO - [2023-09-22T08:24:41.460+0800] {dag.py:3696} INFO - Setting next_dagrun for example_branch_operator to 2023-09-21T00:00:00+00:00, run_after=2023-09-22T00:00:00+00:00
[2023-09-22T08:24:41.470+0800] {processor.py:179} INFO - Processing /opt/homebrew/lib/python3.11/site-packages/airflow/example_dags/example_branch_operator.py took 0.142 seconds
[2023-09-22T08:26:27.281+0800] {processor.py:157} INFO - Started process (PID=66771) to work on /opt/homebrew/lib/python3.11/site-packages/airflow/example_dags/example_branch_operator.py
[2023-09-22T08:26:27.281+0800] {processor.py:829} INFO - Processing file /opt/homebrew/lib/python3.11/site-packages/airflow/example_dags/example_branch_operator.py for tasks to queue
[2023-09-22T08:26:27.282+0800] {logging_mixin.py:151} INFO - [2023-09-22T08:26:27.282+0800] {dagbag.py:539} INFO - Filling up the DagBag from /opt/homebrew/lib/python3.11/site-packages/airflow/example_dags/example_branch_operator.py
[2023-09-22T08:26:27.306+0800] {processor.py:839} INFO - DAG(s) dict_keys(['example_branch_operator']) retrieved from /opt/homebrew/lib/python3.11/site-packages/airflow/example_dags/example_branch_operator.py
[2023-09-22T08:26:27.402+0800] {logging_mixin.py:151} INFO - [2023-09-22T08:26:27.402+0800] {dag.py:2915} INFO - Sync 1 DAGs
[2023-09-22T08:26:27.412+0800] {logging_mixin.py:151} INFO - [2023-09-22T08:26:27.412+0800] {dag.py:3696} INFO - Setting next_dagrun for example_branch_operator to 2023-09-21T00:00:00+00:00, run_after=2023-09-22T00:00:00+00:00
[2023-09-22T08:26:27.422+0800] {processor.py:179} INFO - Processing /opt/homebrew/lib/python3.11/site-packages/airflow/example_dags/example_branch_operator.py took 0.141 seconds
[2023-09-22T08:28:07.650+0800] {processor.py:157} INFO - Started process (PID=66952) to work on /opt/homebrew/lib/python3.11/site-packages/airflow/example_dags/example_branch_operator.py
[2023-09-22T08:28:07.650+0800] {processor.py:829} INFO - Processing file /opt/homebrew/lib/python3.11/site-packages/airflow/example_dags/example_branch_operator.py for tasks to queue
[2023-09-22T08:28:07.651+0800] {logging_mixin.py:151} INFO - [2023-09-22T08:28:07.651+0800] {dagbag.py:539} INFO - Filling up the DagBag from /opt/homebrew/lib/python3.11/site-packages/airflow/example_dags/example_branch_operator.py
[2023-09-22T08:28:07.674+0800] {processor.py:839} INFO - DAG(s) dict_keys(['example_branch_operator']) retrieved from /opt/homebrew/lib/python3.11/site-packages/airflow/example_dags/example_branch_operator.py
[2023-09-22T08:28:07.771+0800] {logging_mixin.py:151} INFO - [2023-09-22T08:28:07.771+0800] {dag.py:2915} INFO - Sync 1 DAGs
[2023-09-22T08:28:07.781+0800] {logging_mixin.py:151} INFO - [2023-09-22T08:28:07.780+0800] {dag.py:3696} INFO - Setting next_dagrun for example_branch_operator to 2023-09-21T00:00:00+00:00, run_after=2023-09-22T00:00:00+00:00
[2023-09-22T08:28:07.791+0800] {processor.py:179} INFO - Processing /opt/homebrew/lib/python3.11/site-packages/airflow/example_dags/example_branch_operator.py took 0.141 seconds
[2023-09-22T08:29:49.778+0800] {processor.py:157} INFO - Started process (PID=67133) to work on /opt/homebrew/lib/python3.11/site-packages/airflow/example_dags/example_branch_operator.py
[2023-09-22T08:29:49.778+0800] {processor.py:829} INFO - Processing file /opt/homebrew/lib/python3.11/site-packages/airflow/example_dags/example_branch_operator.py for tasks to queue
[2023-09-22T08:29:49.779+0800] {logging_mixin.py:151} INFO - [2023-09-22T08:29:49.779+0800] {dagbag.py:539} INFO - Filling up the DagBag from /opt/homebrew/lib/python3.11/site-packages/airflow/example_dags/example_branch_operator.py
[2023-09-22T08:29:49.803+0800] {processor.py:839} INFO - DAG(s) dict_keys(['example_branch_operator']) retrieved from /opt/homebrew/lib/python3.11/site-packages/airflow/example_dags/example_branch_operator.py
[2023-09-22T08:29:49.899+0800] {logging_mixin.py:151} INFO - [2023-09-22T08:29:49.899+0800] {dag.py:2915} INFO - Sync 1 DAGs
[2023-09-22T08:29:49.909+0800] {logging_mixin.py:151} INFO - [2023-09-22T08:29:49.908+0800] {dag.py:3696} INFO - Setting next_dagrun for example_branch_operator to 2023-09-21T00:00:00+00:00, run_after=2023-09-22T00:00:00+00:00
[2023-09-22T08:29:49.919+0800] {processor.py:179} INFO - Processing /opt/homebrew/lib/python3.11/site-packages/airflow/example_dags/example_branch_operator.py took 0.141 seconds
[2023-09-22T08:31:37.650+0800] {processor.py:157} INFO - Started process (PID=67325) to work on /opt/homebrew/lib/python3.11/site-packages/airflow/example_dags/example_branch_operator.py
[2023-09-22T08:31:37.650+0800] {processor.py:829} INFO - Processing file /opt/homebrew/lib/python3.11/site-packages/airflow/example_dags/example_branch_operator.py for tasks to queue
[2023-09-22T08:31:37.651+0800] {logging_mixin.py:151} INFO - [2023-09-22T08:31:37.650+0800] {dagbag.py:539} INFO - Filling up the DagBag from /opt/homebrew/lib/python3.11/site-packages/airflow/example_dags/example_branch_operator.py
[2023-09-22T08:31:37.674+0800] {processor.py:839} INFO - DAG(s) dict_keys(['example_branch_operator']) retrieved from /opt/homebrew/lib/python3.11/site-packages/airflow/example_dags/example_branch_operator.py
[2023-09-22T08:31:37.771+0800] {logging_mixin.py:151} INFO - [2023-09-22T08:31:37.771+0800] {dag.py:2915} INFO - Sync 1 DAGs
[2023-09-22T08:31:37.781+0800] {logging_mixin.py:151} INFO - [2023-09-22T08:31:37.781+0800] {dag.py:3696} INFO - Setting next_dagrun for example_branch_operator to 2023-09-21T00:00:00+00:00, run_after=2023-09-22T00:00:00+00:00
[2023-09-22T08:31:37.791+0800] {processor.py:179} INFO - Processing /opt/homebrew/lib/python3.11/site-packages/airflow/example_dags/example_branch_operator.py took 0.141 seconds
[2023-09-22T08:33:22.428+0800] {processor.py:157} INFO - Started process (PID=67512) to work on /opt/homebrew/lib/python3.11/site-packages/airflow/example_dags/example_branch_operator.py
[2023-09-22T08:33:22.428+0800] {processor.py:829} INFO - Processing file /opt/homebrew/lib/python3.11/site-packages/airflow/example_dags/example_branch_operator.py for tasks to queue
[2023-09-22T08:33:22.429+0800] {logging_mixin.py:151} INFO - [2023-09-22T08:33:22.429+0800] {dagbag.py:539} INFO - Filling up the DagBag from /opt/homebrew/lib/python3.11/site-packages/airflow/example_dags/example_branch_operator.py
[2023-09-22T08:33:22.453+0800] {processor.py:839} INFO - DAG(s) dict_keys(['example_branch_operator']) retrieved from /opt/homebrew/lib/python3.11/site-packages/airflow/example_dags/example_branch_operator.py
[2023-09-22T08:33:22.550+0800] {logging_mixin.py:151} INFO - [2023-09-22T08:33:22.549+0800] {dag.py:2915} INFO - Sync 1 DAGs
[2023-09-22T08:33:22.559+0800] {logging_mixin.py:151} INFO - [2023-09-22T08:33:22.559+0800] {dag.py:3696} INFO - Setting next_dagrun for example_branch_operator to 2023-09-21T00:00:00+00:00, run_after=2023-09-22T00:00:00+00:00
[2023-09-22T08:33:22.569+0800] {processor.py:179} INFO - Processing /opt/homebrew/lib/python3.11/site-packages/airflow/example_dags/example_branch_operator.py took 0.142 seconds
[2023-09-22T08:35:08.914+0800] {processor.py:157} INFO - Started process (PID=67779) to work on /opt/homebrew/lib/python3.11/site-packages/airflow/example_dags/example_branch_operator.py
[2023-09-22T08:35:08.914+0800] {processor.py:829} INFO - Processing file /opt/homebrew/lib/python3.11/site-packages/airflow/example_dags/example_branch_operator.py for tasks to queue
[2023-09-22T08:35:08.915+0800] {logging_mixin.py:151} INFO - [2023-09-22T08:35:08.915+0800] {dagbag.py:539} INFO - Filling up the DagBag from /opt/homebrew/lib/python3.11/site-packages/airflow/example_dags/example_branch_operator.py
[2023-09-22T08:35:08.939+0800] {processor.py:839} INFO - DAG(s) dict_keys(['example_branch_operator']) retrieved from /opt/homebrew/lib/python3.11/site-packages/airflow/example_dags/example_branch_operator.py
[2023-09-22T08:35:09.035+0800] {logging_mixin.py:151} INFO - [2023-09-22T08:35:09.035+0800] {dag.py:2915} INFO - Sync 1 DAGs
[2023-09-22T08:35:09.045+0800] {logging_mixin.py:151} INFO - [2023-09-22T08:35:09.045+0800] {dag.py:3696} INFO - Setting next_dagrun for example_branch_operator to 2023-09-21T00:00:00+00:00, run_after=2023-09-22T00:00:00+00:00
[2023-09-22T08:35:09.055+0800] {processor.py:179} INFO - Processing /opt/homebrew/lib/python3.11/site-packages/airflow/example_dags/example_branch_operator.py took 0.141 seconds
[2023-09-22T08:36:51.242+0800] {processor.py:157} INFO - Started process (PID=67972) to work on /opt/homebrew/lib/python3.11/site-packages/airflow/example_dags/example_branch_operator.py
[2023-09-22T08:36:51.243+0800] {processor.py:829} INFO - Processing file /opt/homebrew/lib/python3.11/site-packages/airflow/example_dags/example_branch_operator.py for tasks to queue
[2023-09-22T08:36:51.243+0800] {logging_mixin.py:151} INFO - [2023-09-22T08:36:51.243+0800] {dagbag.py:539} INFO - Filling up the DagBag from /opt/homebrew/lib/python3.11/site-packages/airflow/example_dags/example_branch_operator.py
[2023-09-22T08:36:51.267+0800] {processor.py:839} INFO - DAG(s) dict_keys(['example_branch_operator']) retrieved from /opt/homebrew/lib/python3.11/site-packages/airflow/example_dags/example_branch_operator.py
[2023-09-22T08:36:51.363+0800] {logging_mixin.py:151} INFO - [2023-09-22T08:36:51.363+0800] {dag.py:2915} INFO - Sync 1 DAGs
[2023-09-22T08:36:51.373+0800] {logging_mixin.py:151} INFO - [2023-09-22T08:36:51.373+0800] {dag.py:3696} INFO - Setting next_dagrun for example_branch_operator to 2023-09-21T00:00:00+00:00, run_after=2023-09-22T00:00:00+00:00
[2023-09-22T08:36:51.383+0800] {processor.py:179} INFO - Processing /opt/homebrew/lib/python3.11/site-packages/airflow/example_dags/example_branch_operator.py took 0.141 seconds
[2023-09-22T08:38:36.201+0800] {processor.py:157} INFO - Started process (PID=68165) to work on /opt/homebrew/lib/python3.11/site-packages/airflow/example_dags/example_branch_operator.py
[2023-09-22T08:38:36.202+0800] {processor.py:829} INFO - Processing file /opt/homebrew/lib/python3.11/site-packages/airflow/example_dags/example_branch_operator.py for tasks to queue
[2023-09-22T08:38:36.202+0800] {logging_mixin.py:151} INFO - [2023-09-22T08:38:36.202+0800] {dagbag.py:539} INFO - Filling up the DagBag from /opt/homebrew/lib/python3.11/site-packages/airflow/example_dags/example_branch_operator.py
[2023-09-22T08:38:36.226+0800] {processor.py:839} INFO - DAG(s) dict_keys(['example_branch_operator']) retrieved from /opt/homebrew/lib/python3.11/site-packages/airflow/example_dags/example_branch_operator.py
[2023-09-22T08:38:36.323+0800] {logging_mixin.py:151} INFO - [2023-09-22T08:38:36.322+0800] {dag.py:2915} INFO - Sync 1 DAGs
[2023-09-22T08:38:36.332+0800] {logging_mixin.py:151} INFO - [2023-09-22T08:38:36.332+0800] {dag.py:3696} INFO - Setting next_dagrun for example_branch_operator to 2023-09-21T00:00:00+00:00, run_after=2023-09-22T00:00:00+00:00
[2023-09-22T08:38:36.342+0800] {processor.py:179} INFO - Processing /opt/homebrew/lib/python3.11/site-packages/airflow/example_dags/example_branch_operator.py took 0.141 seconds
[2023-09-22T08:40:20.476+0800] {processor.py:157} INFO - Started process (PID=68346) to work on /opt/homebrew/lib/python3.11/site-packages/airflow/example_dags/example_branch_operator.py
[2023-09-22T08:40:20.477+0800] {processor.py:829} INFO - Processing file /opt/homebrew/lib/python3.11/site-packages/airflow/example_dags/example_branch_operator.py for tasks to queue
[2023-09-22T08:40:20.477+0800] {logging_mixin.py:151} INFO - [2023-09-22T08:40:20.477+0800] {dagbag.py:539} INFO - Filling up the DagBag from /opt/homebrew/lib/python3.11/site-packages/airflow/example_dags/example_branch_operator.py
[2023-09-22T08:40:20.501+0800] {processor.py:839} INFO - DAG(s) dict_keys(['example_branch_operator']) retrieved from /opt/homebrew/lib/python3.11/site-packages/airflow/example_dags/example_branch_operator.py
[2023-09-22T08:40:20.598+0800] {logging_mixin.py:151} INFO - [2023-09-22T08:40:20.598+0800] {dag.py:2915} INFO - Sync 1 DAGs
[2023-09-22T08:40:20.608+0800] {logging_mixin.py:151} INFO - [2023-09-22T08:40:20.608+0800] {dag.py:3696} INFO - Setting next_dagrun for example_branch_operator to 2023-09-21T00:00:00+00:00, run_after=2023-09-22T00:00:00+00:00
[2023-09-22T08:40:20.618+0800] {processor.py:179} INFO - Processing /opt/homebrew/lib/python3.11/site-packages/airflow/example_dags/example_branch_operator.py took 0.142 seconds
[2023-09-22T08:42:05.427+0800] {processor.py:157} INFO - Started process (PID=68531) to work on /opt/homebrew/lib/python3.11/site-packages/airflow/example_dags/example_branch_operator.py
[2023-09-22T08:42:05.428+0800] {processor.py:829} INFO - Processing file /opt/homebrew/lib/python3.11/site-packages/airflow/example_dags/example_branch_operator.py for tasks to queue
[2023-09-22T08:42:05.428+0800] {logging_mixin.py:151} INFO - [2023-09-22T08:42:05.428+0800] {dagbag.py:539} INFO - Filling up the DagBag from /opt/homebrew/lib/python3.11/site-packages/airflow/example_dags/example_branch_operator.py
[2023-09-22T08:42:05.452+0800] {processor.py:839} INFO - DAG(s) dict_keys(['example_branch_operator']) retrieved from /opt/homebrew/lib/python3.11/site-packages/airflow/example_dags/example_branch_operator.py
[2023-09-22T08:42:05.548+0800] {logging_mixin.py:151} INFO - [2023-09-22T08:42:05.548+0800] {dag.py:2915} INFO - Sync 1 DAGs
[2023-09-22T08:42:05.558+0800] {logging_mixin.py:151} INFO - [2023-09-22T08:42:05.558+0800] {dag.py:3696} INFO - Setting next_dagrun for example_branch_operator to 2023-09-21T00:00:00+00:00, run_after=2023-09-22T00:00:00+00:00
[2023-09-22T08:42:05.568+0800] {processor.py:179} INFO - Processing /opt/homebrew/lib/python3.11/site-packages/airflow/example_dags/example_branch_operator.py took 0.141 seconds
[2023-09-22T08:43:48.809+0800] {processor.py:157} INFO - Started process (PID=68719) to work on /opt/homebrew/lib/python3.11/site-packages/airflow/example_dags/example_branch_operator.py
[2023-09-22T08:43:48.810+0800] {processor.py:829} INFO - Processing file /opt/homebrew/lib/python3.11/site-packages/airflow/example_dags/example_branch_operator.py for tasks to queue
[2023-09-22T08:43:48.810+0800] {logging_mixin.py:151} INFO - [2023-09-22T08:43:48.810+0800] {dagbag.py:539} INFO - Filling up the DagBag from /opt/homebrew/lib/python3.11/site-packages/airflow/example_dags/example_branch_operator.py
[2023-09-22T08:43:48.835+0800] {processor.py:839} INFO - DAG(s) dict_keys(['example_branch_operator']) retrieved from /opt/homebrew/lib/python3.11/site-packages/airflow/example_dags/example_branch_operator.py
[2023-09-22T08:43:48.932+0800] {logging_mixin.py:151} INFO - [2023-09-22T08:43:48.932+0800] {dag.py:2915} INFO - Sync 1 DAGs
[2023-09-22T08:43:48.942+0800] {logging_mixin.py:151} INFO - [2023-09-22T08:43:48.942+0800] {dag.py:3696} INFO - Setting next_dagrun for example_branch_operator to 2023-09-21T00:00:00+00:00, run_after=2023-09-22T00:00:00+00:00
[2023-09-22T08:43:48.952+0800] {processor.py:179} INFO - Processing /opt/homebrew/lib/python3.11/site-packages/airflow/example_dags/example_branch_operator.py took 0.143 seconds
[2023-09-22T08:45:32.772+0800] {processor.py:157} INFO - Started process (PID=68903) to work on /opt/homebrew/lib/python3.11/site-packages/airflow/example_dags/example_branch_operator.py
[2023-09-22T08:45:32.772+0800] {processor.py:829} INFO - Processing file /opt/homebrew/lib/python3.11/site-packages/airflow/example_dags/example_branch_operator.py for tasks to queue
[2023-09-22T08:45:32.773+0800] {logging_mixin.py:151} INFO - [2023-09-22T08:45:32.773+0800] {dagbag.py:539} INFO - Filling up the DagBag from /opt/homebrew/lib/python3.11/site-packages/airflow/example_dags/example_branch_operator.py
[2023-09-22T08:45:32.796+0800] {processor.py:839} INFO - DAG(s) dict_keys(['example_branch_operator']) retrieved from /opt/homebrew/lib/python3.11/site-packages/airflow/example_dags/example_branch_operator.py
[2023-09-22T08:45:32.893+0800] {logging_mixin.py:151} INFO - [2023-09-22T08:45:32.893+0800] {dag.py:2915} INFO - Sync 1 DAGs
[2023-09-22T08:45:32.902+0800] {logging_mixin.py:151} INFO - [2023-09-22T08:45:32.902+0800] {dag.py:3696} INFO - Setting next_dagrun for example_branch_operator to 2023-09-21T00:00:00+00:00, run_after=2023-09-22T00:00:00+00:00
[2023-09-22T08:45:32.912+0800] {processor.py:179} INFO - Processing /opt/homebrew/lib/python3.11/site-packages/airflow/example_dags/example_branch_operator.py took 0.141 seconds
[2023-09-22T08:47:20.152+0800] {processor.py:157} INFO - Started process (PID=69093) to work on /opt/homebrew/lib/python3.11/site-packages/airflow/example_dags/example_branch_operator.py
[2023-09-22T08:47:20.153+0800] {processor.py:829} INFO - Processing file /opt/homebrew/lib/python3.11/site-packages/airflow/example_dags/example_branch_operator.py for tasks to queue
[2023-09-22T08:47:20.153+0800] {logging_mixin.py:151} INFO - [2023-09-22T08:47:20.153+0800] {dagbag.py:539} INFO - Filling up the DagBag from /opt/homebrew/lib/python3.11/site-packages/airflow/example_dags/example_branch_operator.py
[2023-09-22T08:47:20.177+0800] {processor.py:839} INFO - DAG(s) dict_keys(['example_branch_operator']) retrieved from /opt/homebrew/lib/python3.11/site-packages/airflow/example_dags/example_branch_operator.py
[2023-09-22T08:47:20.273+0800] {logging_mixin.py:151} INFO - [2023-09-22T08:47:20.273+0800] {dag.py:2915} INFO - Sync 1 DAGs
[2023-09-22T08:47:20.283+0800] {logging_mixin.py:151} INFO - [2023-09-22T08:47:20.283+0800] {dag.py:3696} INFO - Setting next_dagrun for example_branch_operator to 2023-09-21T00:00:00+00:00, run_after=2023-09-22T00:00:00+00:00
[2023-09-22T08:47:20.293+0800] {processor.py:179} INFO - Processing /opt/homebrew/lib/python3.11/site-packages/airflow/example_dags/example_branch_operator.py took 0.141 seconds
[2023-09-22T08:49:04.644+0800] {processor.py:157} INFO - Started process (PID=69278) to work on /opt/homebrew/lib/python3.11/site-packages/airflow/example_dags/example_branch_operator.py
[2023-09-22T08:49:04.645+0800] {processor.py:829} INFO - Processing file /opt/homebrew/lib/python3.11/site-packages/airflow/example_dags/example_branch_operator.py for tasks to queue
[2023-09-22T08:49:04.645+0800] {logging_mixin.py:151} INFO - [2023-09-22T08:49:04.645+0800] {dagbag.py:539} INFO - Filling up the DagBag from /opt/homebrew/lib/python3.11/site-packages/airflow/example_dags/example_branch_operator.py
[2023-09-22T08:49:04.669+0800] {processor.py:839} INFO - DAG(s) dict_keys(['example_branch_operator']) retrieved from /opt/homebrew/lib/python3.11/site-packages/airflow/example_dags/example_branch_operator.py
[2023-09-22T08:49:04.766+0800] {logging_mixin.py:151} INFO - [2023-09-22T08:49:04.766+0800] {dag.py:2915} INFO - Sync 1 DAGs
[2023-09-22T08:49:04.776+0800] {logging_mixin.py:151} INFO - [2023-09-22T08:49:04.776+0800] {dag.py:3696} INFO - Setting next_dagrun for example_branch_operator to 2023-09-21T00:00:00+00:00, run_after=2023-09-22T00:00:00+00:00
[2023-09-22T08:49:04.786+0800] {processor.py:179} INFO - Processing /opt/homebrew/lib/python3.11/site-packages/airflow/example_dags/example_branch_operator.py took 0.142 seconds
[2023-09-22T08:50:48.944+0800] {processor.py:157} INFO - Started process (PID=69468) to work on /opt/homebrew/lib/python3.11/site-packages/airflow/example_dags/example_branch_operator.py
[2023-09-22T08:50:48.945+0800] {processor.py:829} INFO - Processing file /opt/homebrew/lib/python3.11/site-packages/airflow/example_dags/example_branch_operator.py for tasks to queue
[2023-09-22T08:50:48.945+0800] {logging_mixin.py:151} INFO - [2023-09-22T08:50:48.945+0800] {dagbag.py:539} INFO - Filling up the DagBag from /opt/homebrew/lib/python3.11/site-packages/airflow/example_dags/example_branch_operator.py
[2023-09-22T08:50:48.969+0800] {processor.py:839} INFO - DAG(s) dict_keys(['example_branch_operator']) retrieved from /opt/homebrew/lib/python3.11/site-packages/airflow/example_dags/example_branch_operator.py
[2023-09-22T08:50:49.065+0800] {logging_mixin.py:151} INFO - [2023-09-22T08:50:49.065+0800] {dag.py:2915} INFO - Sync 1 DAGs
[2023-09-22T08:50:49.075+0800] {logging_mixin.py:151} INFO - [2023-09-22T08:50:49.074+0800] {dag.py:3696} INFO - Setting next_dagrun for example_branch_operator to 2023-09-21T00:00:00+00:00, run_after=2023-09-22T00:00:00+00:00
[2023-09-22T08:50:49.085+0800] {processor.py:179} INFO - Processing /opt/homebrew/lib/python3.11/site-packages/airflow/example_dags/example_branch_operator.py took 0.141 seconds
[2023-09-22T08:52:33.641+0800] {processor.py:157} INFO - Started process (PID=69650) to work on /opt/homebrew/lib/python3.11/site-packages/airflow/example_dags/example_branch_operator.py
[2023-09-22T08:52:33.641+0800] {processor.py:829} INFO - Processing file /opt/homebrew/lib/python3.11/site-packages/airflow/example_dags/example_branch_operator.py for tasks to queue
[2023-09-22T08:52:33.641+0800] {logging_mixin.py:151} INFO - [2023-09-22T08:52:33.641+0800] {dagbag.py:539} INFO - Filling up the DagBag from /opt/homebrew/lib/python3.11/site-packages/airflow/example_dags/example_branch_operator.py
[2023-09-22T08:52:33.665+0800] {processor.py:839} INFO - DAG(s) dict_keys(['example_branch_operator']) retrieved from /opt/homebrew/lib/python3.11/site-packages/airflow/example_dags/example_branch_operator.py
[2023-09-22T08:52:33.762+0800] {logging_mixin.py:151} INFO - [2023-09-22T08:52:33.761+0800] {dag.py:2915} INFO - Sync 1 DAGs
[2023-09-22T08:52:33.771+0800] {logging_mixin.py:151} INFO - [2023-09-22T08:52:33.771+0800] {dag.py:3696} INFO - Setting next_dagrun for example_branch_operator to 2023-09-21T00:00:00+00:00, run_after=2023-09-22T00:00:00+00:00
[2023-09-22T08:52:33.781+0800] {processor.py:179} INFO - Processing /opt/homebrew/lib/python3.11/site-packages/airflow/example_dags/example_branch_operator.py took 0.141 seconds
[2023-09-22T08:54:13.079+0800] {processor.py:157} INFO - Started process (PID=69829) to work on /opt/homebrew/lib/python3.11/site-packages/airflow/example_dags/example_branch_operator.py
[2023-09-22T08:54:13.080+0800] {processor.py:829} INFO - Processing file /opt/homebrew/lib/python3.11/site-packages/airflow/example_dags/example_branch_operator.py for tasks to queue
[2023-09-22T08:54:13.080+0800] {logging_mixin.py:151} INFO - [2023-09-22T08:54:13.080+0800] {dagbag.py:539} INFO - Filling up the DagBag from /opt/homebrew/lib/python3.11/site-packages/airflow/example_dags/example_branch_operator.py
[2023-09-22T08:54:13.105+0800] {processor.py:839} INFO - DAG(s) dict_keys(['example_branch_operator']) retrieved from /opt/homebrew/lib/python3.11/site-packages/airflow/example_dags/example_branch_operator.py
[2023-09-22T08:54:13.202+0800] {logging_mixin.py:151} INFO - [2023-09-22T08:54:13.202+0800] {dag.py:2915} INFO - Sync 1 DAGs
[2023-09-22T08:54:13.212+0800] {logging_mixin.py:151} INFO - [2023-09-22T08:54:13.212+0800] {dag.py:3696} INFO - Setting next_dagrun for example_branch_operator to 2023-09-21T00:00:00+00:00, run_after=2023-09-22T00:00:00+00:00
[2023-09-22T08:54:13.222+0800] {processor.py:179} INFO - Processing /opt/homebrew/lib/python3.11/site-packages/airflow/example_dags/example_branch_operator.py took 0.143 seconds
[2023-09-22T08:56:00.785+0800] {processor.py:157} INFO - Started process (PID=70015) to work on /opt/homebrew/lib/python3.11/site-packages/airflow/example_dags/example_branch_operator.py
[2023-09-22T08:56:00.786+0800] {processor.py:829} INFO - Processing file /opt/homebrew/lib/python3.11/site-packages/airflow/example_dags/example_branch_operator.py for tasks to queue
[2023-09-22T08:56:00.786+0800] {logging_mixin.py:151} INFO - [2023-09-22T08:56:00.786+0800] {dagbag.py:539} INFO - Filling up the DagBag from /opt/homebrew/lib/python3.11/site-packages/airflow/example_dags/example_branch_operator.py
[2023-09-22T08:56:00.810+0800] {processor.py:839} INFO - DAG(s) dict_keys(['example_branch_operator']) retrieved from /opt/homebrew/lib/python3.11/site-packages/airflow/example_dags/example_branch_operator.py
[2023-09-22T08:56:00.906+0800] {logging_mixin.py:151} INFO - [2023-09-22T08:56:00.906+0800] {dag.py:2915} INFO - Sync 1 DAGs
[2023-09-22T08:56:00.916+0800] {logging_mixin.py:151} INFO - [2023-09-22T08:56:00.916+0800] {dag.py:3696} INFO - Setting next_dagrun for example_branch_operator to 2023-09-21T00:00:00+00:00, run_after=2023-09-22T00:00:00+00:00
[2023-09-22T08:56:00.926+0800] {processor.py:179} INFO - Processing /opt/homebrew/lib/python3.11/site-packages/airflow/example_dags/example_branch_operator.py took 0.141 seconds
[2023-09-22T08:57:43.625+0800] {processor.py:157} INFO - Started process (PID=70226) to work on /opt/homebrew/lib/python3.11/site-packages/airflow/example_dags/example_branch_operator.py
[2023-09-22T08:57:43.626+0800] {processor.py:829} INFO - Processing file /opt/homebrew/lib/python3.11/site-packages/airflow/example_dags/example_branch_operator.py for tasks to queue
[2023-09-22T08:57:43.626+0800] {logging_mixin.py:151} INFO - [2023-09-22T08:57:43.626+0800] {dagbag.py:539} INFO - Filling up the DagBag from /opt/homebrew/lib/python3.11/site-packages/airflow/example_dags/example_branch_operator.py
[2023-09-22T08:57:43.650+0800] {processor.py:839} INFO - DAG(s) dict_keys(['example_branch_operator']) retrieved from /opt/homebrew/lib/python3.11/site-packages/airflow/example_dags/example_branch_operator.py
[2023-09-22T08:57:43.746+0800] {logging_mixin.py:151} INFO - [2023-09-22T08:57:43.746+0800] {dag.py:2915} INFO - Sync 1 DAGs
[2023-09-22T08:57:43.756+0800] {logging_mixin.py:151} INFO - [2023-09-22T08:57:43.756+0800] {dag.py:3696} INFO - Setting next_dagrun for example_branch_operator to 2023-09-21T00:00:00+00:00, run_after=2023-09-22T00:00:00+00:00
[2023-09-22T08:57:43.766+0800] {processor.py:179} INFO - Processing /opt/homebrew/lib/python3.11/site-packages/airflow/example_dags/example_branch_operator.py took 0.141 seconds
[2023-09-22T08:59:30.567+0800] {processor.py:157} INFO - Started process (PID=70410) to work on /opt/homebrew/lib/python3.11/site-packages/airflow/example_dags/example_branch_operator.py
[2023-09-22T08:59:30.568+0800] {processor.py:829} INFO - Processing file /opt/homebrew/lib/python3.11/site-packages/airflow/example_dags/example_branch_operator.py for tasks to queue
[2023-09-22T08:59:30.568+0800] {logging_mixin.py:151} INFO - [2023-09-22T08:59:30.568+0800] {dagbag.py:539} INFO - Filling up the DagBag from /opt/homebrew/lib/python3.11/site-packages/airflow/example_dags/example_branch_operator.py
[2023-09-22T08:59:30.592+0800] {processor.py:839} INFO - DAG(s) dict_keys(['example_branch_operator']) retrieved from /opt/homebrew/lib/python3.11/site-packages/airflow/example_dags/example_branch_operator.py
[2023-09-22T08:59:30.688+0800] {logging_mixin.py:151} INFO - [2023-09-22T08:59:30.688+0800] {dag.py:2915} INFO - Sync 1 DAGs
[2023-09-22T08:59:30.698+0800] {logging_mixin.py:151} INFO - [2023-09-22T08:59:30.698+0800] {dag.py:3696} INFO - Setting next_dagrun for example_branch_operator to 2023-09-21T00:00:00+00:00, run_after=2023-09-22T00:00:00+00:00
[2023-09-22T08:59:30.708+0800] {processor.py:179} INFO - Processing /opt/homebrew/lib/python3.11/site-packages/airflow/example_dags/example_branch_operator.py took 0.141 seconds
[2023-09-22T09:01:14.587+0800] {processor.py:157} INFO - Started process (PID=70603) to work on /opt/homebrew/lib/python3.11/site-packages/airflow/example_dags/example_branch_operator.py
[2023-09-22T09:01:14.588+0800] {processor.py:829} INFO - Processing file /opt/homebrew/lib/python3.11/site-packages/airflow/example_dags/example_branch_operator.py for tasks to queue
[2023-09-22T09:01:14.588+0800] {logging_mixin.py:151} INFO - [2023-09-22T09:01:14.588+0800] {dagbag.py:539} INFO - Filling up the DagBag from /opt/homebrew/lib/python3.11/site-packages/airflow/example_dags/example_branch_operator.py
[2023-09-22T09:01:14.612+0800] {processor.py:839} INFO - DAG(s) dict_keys(['example_branch_operator']) retrieved from /opt/homebrew/lib/python3.11/site-packages/airflow/example_dags/example_branch_operator.py
[2023-09-22T09:01:14.709+0800] {logging_mixin.py:151} INFO - [2023-09-22T09:01:14.708+0800] {dag.py:2915} INFO - Sync 1 DAGs
[2023-09-22T09:01:14.718+0800] {logging_mixin.py:151} INFO - [2023-09-22T09:01:14.718+0800] {dag.py:3696} INFO - Setting next_dagrun for example_branch_operator to 2023-09-21T00:00:00+00:00, run_after=2023-09-22T00:00:00+00:00
[2023-09-22T09:01:14.728+0800] {processor.py:179} INFO - Processing /opt/homebrew/lib/python3.11/site-packages/airflow/example_dags/example_branch_operator.py took 0.141 seconds
[2023-09-22T09:02:58.621+0800] {processor.py:157} INFO - Started process (PID=70785) to work on /opt/homebrew/lib/python3.11/site-packages/airflow/example_dags/example_branch_operator.py
[2023-09-22T09:02:58.621+0800] {processor.py:829} INFO - Processing file /opt/homebrew/lib/python3.11/site-packages/airflow/example_dags/example_branch_operator.py for tasks to queue
[2023-09-22T09:02:58.621+0800] {logging_mixin.py:151} INFO - [2023-09-22T09:02:58.621+0800] {dagbag.py:539} INFO - Filling up the DagBag from /opt/homebrew/lib/python3.11/site-packages/airflow/example_dags/example_branch_operator.py
[2023-09-22T09:02:58.645+0800] {processor.py:839} INFO - DAG(s) dict_keys(['example_branch_operator']) retrieved from /opt/homebrew/lib/python3.11/site-packages/airflow/example_dags/example_branch_operator.py
[2023-09-22T09:02:58.742+0800] {logging_mixin.py:151} INFO - [2023-09-22T09:02:58.742+0800] {dag.py:2915} INFO - Sync 1 DAGs
[2023-09-22T09:02:58.752+0800] {logging_mixin.py:151} INFO - [2023-09-22T09:02:58.751+0800] {dag.py:3696} INFO - Setting next_dagrun for example_branch_operator to 2023-09-21T00:00:00+00:00, run_after=2023-09-22T00:00:00+00:00
[2023-09-22T09:02:58.762+0800] {processor.py:179} INFO - Processing /opt/homebrew/lib/python3.11/site-packages/airflow/example_dags/example_branch_operator.py took 0.141 seconds
[2023-09-22T09:04:45.869+0800] {processor.py:157} INFO - Started process (PID=71044) to work on /opt/homebrew/lib/python3.11/site-packages/airflow/example_dags/example_branch_operator.py
[2023-09-22T09:04:45.869+0800] {processor.py:829} INFO - Processing file /opt/homebrew/lib/python3.11/site-packages/airflow/example_dags/example_branch_operator.py for tasks to queue
[2023-09-22T09:04:45.869+0800] {logging_mixin.py:151} INFO - [2023-09-22T09:04:45.869+0800] {dagbag.py:539} INFO - Filling up the DagBag from /opt/homebrew/lib/python3.11/site-packages/airflow/example_dags/example_branch_operator.py
[2023-09-22T09:04:45.894+0800] {processor.py:839} INFO - DAG(s) dict_keys(['example_branch_operator']) retrieved from /opt/homebrew/lib/python3.11/site-packages/airflow/example_dags/example_branch_operator.py
[2023-09-22T09:04:45.991+0800] {logging_mixin.py:151} INFO - [2023-09-22T09:04:45.990+0800] {dag.py:2915} INFO - Sync 1 DAGs
[2023-09-22T09:04:46.000+0800] {logging_mixin.py:151} INFO - [2023-09-22T09:04:46.000+0800] {dag.py:3696} INFO - Setting next_dagrun for example_branch_operator to 2023-09-21T00:00:00+00:00, run_after=2023-09-22T00:00:00+00:00
[2023-09-22T09:04:46.010+0800] {processor.py:179} INFO - Processing /opt/homebrew/lib/python3.11/site-packages/airflow/example_dags/example_branch_operator.py took 0.142 seconds
[2023-09-22T09:06:30.704+0800] {processor.py:157} INFO - Started process (PID=71233) to work on /opt/homebrew/lib/python3.11/site-packages/airflow/example_dags/example_branch_operator.py
[2023-09-22T09:06:30.704+0800] {processor.py:829} INFO - Processing file /opt/homebrew/lib/python3.11/site-packages/airflow/example_dags/example_branch_operator.py for tasks to queue
[2023-09-22T09:06:30.704+0800] {logging_mixin.py:151} INFO - [2023-09-22T09:06:30.704+0800] {dagbag.py:539} INFO - Filling up the DagBag from /opt/homebrew/lib/python3.11/site-packages/airflow/example_dags/example_branch_operator.py
[2023-09-22T09:06:30.728+0800] {processor.py:839} INFO - DAG(s) dict_keys(['example_branch_operator']) retrieved from /opt/homebrew/lib/python3.11/site-packages/airflow/example_dags/example_branch_operator.py
[2023-09-22T09:06:30.824+0800] {logging_mixin.py:151} INFO - [2023-09-22T09:06:30.824+0800] {dag.py:2915} INFO - Sync 1 DAGs
[2023-09-22T09:06:30.834+0800] {logging_mixin.py:151} INFO - [2023-09-22T09:06:30.834+0800] {dag.py:3696} INFO - Setting next_dagrun for example_branch_operator to 2023-09-21T00:00:00+00:00, run_after=2023-09-22T00:00:00+00:00
[2023-09-22T09:06:30.844+0800] {processor.py:179} INFO - Processing /opt/homebrew/lib/python3.11/site-packages/airflow/example_dags/example_branch_operator.py took 0.141 seconds
[2023-09-22T09:08:12.716+0800] {processor.py:157} INFO - Started process (PID=71433) to work on /opt/homebrew/lib/python3.11/site-packages/airflow/example_dags/example_branch_operator.py
[2023-09-22T09:08:12.716+0800] {processor.py:829} INFO - Processing file /opt/homebrew/lib/python3.11/site-packages/airflow/example_dags/example_branch_operator.py for tasks to queue
[2023-09-22T09:08:12.716+0800] {logging_mixin.py:151} INFO - [2023-09-22T09:08:12.716+0800] {dagbag.py:539} INFO - Filling up the DagBag from /opt/homebrew/lib/python3.11/site-packages/airflow/example_dags/example_branch_operator.py
[2023-09-22T09:08:12.740+0800] {processor.py:839} INFO - DAG(s) dict_keys(['example_branch_operator']) retrieved from /opt/homebrew/lib/python3.11/site-packages/airflow/example_dags/example_branch_operator.py
[2023-09-22T09:08:12.836+0800] {logging_mixin.py:151} INFO - [2023-09-22T09:08:12.836+0800] {dag.py:2915} INFO - Sync 1 DAGs
[2023-09-22T09:08:12.846+0800] {logging_mixin.py:151} INFO - [2023-09-22T09:08:12.846+0800] {dag.py:3696} INFO - Setting next_dagrun for example_branch_operator to 2023-09-21T00:00:00+00:00, run_after=2023-09-22T00:00:00+00:00
[2023-09-22T09:08:12.856+0800] {processor.py:179} INFO - Processing /opt/homebrew/lib/python3.11/site-packages/airflow/example_dags/example_branch_operator.py took 0.141 seconds
[2023-09-22T09:09:57.532+0800] {processor.py:157} INFO - Started process (PID=71626) to work on /opt/homebrew/lib/python3.11/site-packages/airflow/example_dags/example_branch_operator.py
[2023-09-22T09:09:57.532+0800] {processor.py:829} INFO - Processing file /opt/homebrew/lib/python3.11/site-packages/airflow/example_dags/example_branch_operator.py for tasks to queue
[2023-09-22T09:09:57.533+0800] {logging_mixin.py:151} INFO - [2023-09-22T09:09:57.533+0800] {dagbag.py:539} INFO - Filling up the DagBag from /opt/homebrew/lib/python3.11/site-packages/airflow/example_dags/example_branch_operator.py
[2023-09-22T09:09:57.557+0800] {processor.py:839} INFO - DAG(s) dict_keys(['example_branch_operator']) retrieved from /opt/homebrew/lib/python3.11/site-packages/airflow/example_dags/example_branch_operator.py
[2023-09-22T09:09:57.653+0800] {logging_mixin.py:151} INFO - [2023-09-22T09:09:57.653+0800] {dag.py:2915} INFO - Sync 1 DAGs
[2023-09-22T09:09:57.663+0800] {logging_mixin.py:151} INFO - [2023-09-22T09:09:57.663+0800] {dag.py:3696} INFO - Setting next_dagrun for example_branch_operator to 2023-09-21T00:00:00+00:00, run_after=2023-09-22T00:00:00+00:00
[2023-09-22T09:09:57.673+0800] {processor.py:179} INFO - Processing /opt/homebrew/lib/python3.11/site-packages/airflow/example_dags/example_branch_operator.py took 0.141 seconds
[2023-09-22T09:11:46.061+0800] {processor.py:157} INFO - Started process (PID=71818) to work on /opt/homebrew/lib/python3.11/site-packages/airflow/example_dags/example_branch_operator.py
[2023-09-22T09:11:46.062+0800] {processor.py:829} INFO - Processing file /opt/homebrew/lib/python3.11/site-packages/airflow/example_dags/example_branch_operator.py for tasks to queue
[2023-09-22T09:11:46.062+0800] {logging_mixin.py:151} INFO - [2023-09-22T09:11:46.062+0800] {dagbag.py:539} INFO - Filling up the DagBag from /opt/homebrew/lib/python3.11/site-packages/airflow/example_dags/example_branch_operator.py
[2023-09-22T09:11:46.086+0800] {processor.py:839} INFO - DAG(s) dict_keys(['example_branch_operator']) retrieved from /opt/homebrew/lib/python3.11/site-packages/airflow/example_dags/example_branch_operator.py
[2023-09-22T09:11:46.182+0800] {logging_mixin.py:151} INFO - [2023-09-22T09:11:46.182+0800] {dag.py:2915} INFO - Sync 1 DAGs
[2023-09-22T09:11:46.192+0800] {logging_mixin.py:151} INFO - [2023-09-22T09:11:46.192+0800] {dag.py:3696} INFO - Setting next_dagrun for example_branch_operator to 2023-09-21T00:00:00+00:00, run_after=2023-09-22T00:00:00+00:00
[2023-09-22T09:11:46.202+0800] {processor.py:179} INFO - Processing /opt/homebrew/lib/python3.11/site-packages/airflow/example_dags/example_branch_operator.py took 0.141 seconds
[2023-09-22T09:13:27.822+0800] {processor.py:157} INFO - Started process (PID=72019) to work on /opt/homebrew/lib/python3.11/site-packages/airflow/example_dags/example_branch_operator.py
[2023-09-22T09:13:27.823+0800] {processor.py:829} INFO - Processing file /opt/homebrew/lib/python3.11/site-packages/airflow/example_dags/example_branch_operator.py for tasks to queue
[2023-09-22T09:13:27.823+0800] {logging_mixin.py:151} INFO - [2023-09-22T09:13:27.823+0800] {dagbag.py:539} INFO - Filling up the DagBag from /opt/homebrew/lib/python3.11/site-packages/airflow/example_dags/example_branch_operator.py
[2023-09-22T09:13:27.847+0800] {processor.py:839} INFO - DAG(s) dict_keys(['example_branch_operator']) retrieved from /opt/homebrew/lib/python3.11/site-packages/airflow/example_dags/example_branch_operator.py
[2023-09-22T09:13:27.943+0800] {logging_mixin.py:151} INFO - [2023-09-22T09:13:27.943+0800] {dag.py:2915} INFO - Sync 1 DAGs
[2023-09-22T09:13:27.953+0800] {logging_mixin.py:151} INFO - [2023-09-22T09:13:27.953+0800] {dag.py:3696} INFO - Setting next_dagrun for example_branch_operator to 2023-09-21T00:00:00+00:00, run_after=2023-09-22T00:00:00+00:00
[2023-09-22T09:13:27.963+0800] {processor.py:179} INFO - Processing /opt/homebrew/lib/python3.11/site-packages/airflow/example_dags/example_branch_operator.py took 0.141 seconds
[2023-09-22T09:15:08.889+0800] {processor.py:157} INFO - Started process (PID=72204) to work on /opt/homebrew/lib/python3.11/site-packages/airflow/example_dags/example_branch_operator.py
[2023-09-22T09:15:08.889+0800] {processor.py:829} INFO - Processing file /opt/homebrew/lib/python3.11/site-packages/airflow/example_dags/example_branch_operator.py for tasks to queue
[2023-09-22T09:15:08.890+0800] {logging_mixin.py:151} INFO - [2023-09-22T09:15:08.890+0800] {dagbag.py:539} INFO - Filling up the DagBag from /opt/homebrew/lib/python3.11/site-packages/airflow/example_dags/example_branch_operator.py
[2023-09-22T09:15:08.913+0800] {processor.py:839} INFO - DAG(s) dict_keys(['example_branch_operator']) retrieved from /opt/homebrew/lib/python3.11/site-packages/airflow/example_dags/example_branch_operator.py
[2023-09-22T09:15:09.009+0800] {logging_mixin.py:151} INFO - [2023-09-22T09:15:09.009+0800] {dag.py:2915} INFO - Sync 1 DAGs
[2023-09-22T09:15:09.018+0800] {logging_mixin.py:151} INFO - [2023-09-22T09:15:09.018+0800] {dag.py:3696} INFO - Setting next_dagrun for example_branch_operator to 2023-09-21T00:00:00+00:00, run_after=2023-09-22T00:00:00+00:00
[2023-09-22T09:15:09.028+0800] {processor.py:179} INFO - Processing /opt/homebrew/lib/python3.11/site-packages/airflow/example_dags/example_branch_operator.py took 0.140 seconds
[2023-09-22T09:16:53.984+0800] {processor.py:157} INFO - Started process (PID=72390) to work on /opt/homebrew/lib/python3.11/site-packages/airflow/example_dags/example_branch_operator.py
[2023-09-22T09:16:53.984+0800] {processor.py:829} INFO - Processing file /opt/homebrew/lib/python3.11/site-packages/airflow/example_dags/example_branch_operator.py for tasks to queue
[2023-09-22T09:16:53.984+0800] {logging_mixin.py:151} INFO - [2023-09-22T09:16:53.984+0800] {dagbag.py:539} INFO - Filling up the DagBag from /opt/homebrew/lib/python3.11/site-packages/airflow/example_dags/example_branch_operator.py
[2023-09-22T09:16:54.008+0800] {processor.py:839} INFO - DAG(s) dict_keys(['example_branch_operator']) retrieved from /opt/homebrew/lib/python3.11/site-packages/airflow/example_dags/example_branch_operator.py
[2023-09-22T09:16:54.105+0800] {logging_mixin.py:151} INFO - [2023-09-22T09:16:54.104+0800] {dag.py:2915} INFO - Sync 1 DAGs
[2023-09-22T09:16:54.114+0800] {logging_mixin.py:151} INFO - [2023-09-22T09:16:54.114+0800] {dag.py:3696} INFO - Setting next_dagrun for example_branch_operator to 2023-09-21T00:00:00+00:00, run_after=2023-09-22T00:00:00+00:00
[2023-09-22T09:16:54.124+0800] {processor.py:179} INFO - Processing /opt/homebrew/lib/python3.11/site-packages/airflow/example_dags/example_branch_operator.py took 0.141 seconds
[2023-09-22T09:18:38.176+0800] {processor.py:157} INFO - Started process (PID=72572) to work on /opt/homebrew/lib/python3.11/site-packages/airflow/example_dags/example_branch_operator.py
[2023-09-22T09:18:38.176+0800] {processor.py:829} INFO - Processing file /opt/homebrew/lib/python3.11/site-packages/airflow/example_dags/example_branch_operator.py for tasks to queue
[2023-09-22T09:18:38.177+0800] {logging_mixin.py:151} INFO - [2023-09-22T09:18:38.177+0800] {dagbag.py:539} INFO - Filling up the DagBag from /opt/homebrew/lib/python3.11/site-packages/airflow/example_dags/example_branch_operator.py
[2023-09-22T09:18:38.201+0800] {processor.py:839} INFO - DAG(s) dict_keys(['example_branch_operator']) retrieved from /opt/homebrew/lib/python3.11/site-packages/airflow/example_dags/example_branch_operator.py
[2023-09-22T09:18:38.297+0800] {logging_mixin.py:151} INFO - [2023-09-22T09:18:38.297+0800] {dag.py:2915} INFO - Sync 1 DAGs
[2023-09-22T09:18:38.307+0800] {logging_mixin.py:151} INFO - [2023-09-22T09:18:38.307+0800] {dag.py:3696} INFO - Setting next_dagrun for example_branch_operator to 2023-09-21T00:00:00+00:00, run_after=2023-09-22T00:00:00+00:00
[2023-09-22T09:18:38.317+0800] {processor.py:179} INFO - Processing /opt/homebrew/lib/python3.11/site-packages/airflow/example_dags/example_branch_operator.py took 0.142 seconds
[2023-09-22T09:20:23.632+0800] {processor.py:157} INFO - Started process (PID=72759) to work on /opt/homebrew/lib/python3.11/site-packages/airflow/example_dags/example_branch_operator.py
[2023-09-22T09:20:23.633+0800] {processor.py:829} INFO - Processing file /opt/homebrew/lib/python3.11/site-packages/airflow/example_dags/example_branch_operator.py for tasks to queue
[2023-09-22T09:20:23.633+0800] {logging_mixin.py:151} INFO - [2023-09-22T09:20:23.633+0800] {dagbag.py:539} INFO - Filling up the DagBag from /opt/homebrew/lib/python3.11/site-packages/airflow/example_dags/example_branch_operator.py
[2023-09-22T09:20:23.657+0800] {processor.py:839} INFO - DAG(s) dict_keys(['example_branch_operator']) retrieved from /opt/homebrew/lib/python3.11/site-packages/airflow/example_dags/example_branch_operator.py
[2023-09-22T09:20:23.753+0800] {logging_mixin.py:151} INFO - [2023-09-22T09:20:23.753+0800] {dag.py:2915} INFO - Sync 1 DAGs
[2023-09-22T09:20:23.763+0800] {logging_mixin.py:151} INFO - [2023-09-22T09:20:23.763+0800] {dag.py:3696} INFO - Setting next_dagrun for example_branch_operator to 2023-09-21T00:00:00+00:00, run_after=2023-09-22T00:00:00+00:00
[2023-09-22T09:20:23.772+0800] {processor.py:179} INFO - Processing /opt/homebrew/lib/python3.11/site-packages/airflow/example_dags/example_branch_operator.py took 0.141 seconds
[2023-09-22T09:22:10.337+0800] {processor.py:157} INFO - Started process (PID=72942) to work on /opt/homebrew/lib/python3.11/site-packages/airflow/example_dags/example_branch_operator.py
[2023-09-22T09:22:10.337+0800] {processor.py:829} INFO - Processing file /opt/homebrew/lib/python3.11/site-packages/airflow/example_dags/example_branch_operator.py for tasks to queue
[2023-09-22T09:22:10.338+0800] {logging_mixin.py:151} INFO - [2023-09-22T09:22:10.337+0800] {dagbag.py:539} INFO - Filling up the DagBag from /opt/homebrew/lib/python3.11/site-packages/airflow/example_dags/example_branch_operator.py
[2023-09-22T09:22:10.362+0800] {processor.py:839} INFO - DAG(s) dict_keys(['example_branch_operator']) retrieved from /opt/homebrew/lib/python3.11/site-packages/airflow/example_dags/example_branch_operator.py
[2023-09-22T09:22:10.458+0800] {logging_mixin.py:151} INFO - [2023-09-22T09:22:10.458+0800] {dag.py:2915} INFO - Sync 1 DAGs
[2023-09-22T09:22:10.467+0800] {logging_mixin.py:151} INFO - [2023-09-22T09:22:10.467+0800] {dag.py:3696} INFO - Setting next_dagrun for example_branch_operator to 2023-09-21T00:00:00+00:00, run_after=2023-09-22T00:00:00+00:00
[2023-09-22T09:22:10.477+0800] {processor.py:179} INFO - Processing /opt/homebrew/lib/python3.11/site-packages/airflow/example_dags/example_branch_operator.py took 0.141 seconds
[2023-09-22T09:23:55.431+0800] {processor.py:157} INFO - Started process (PID=73132) to work on /opt/homebrew/lib/python3.11/site-packages/airflow/example_dags/example_branch_operator.py
[2023-09-22T09:23:55.432+0800] {processor.py:829} INFO - Processing file /opt/homebrew/lib/python3.11/site-packages/airflow/example_dags/example_branch_operator.py for tasks to queue
[2023-09-22T09:23:55.432+0800] {logging_mixin.py:151} INFO - [2023-09-22T09:23:55.432+0800] {dagbag.py:539} INFO - Filling up the DagBag from /opt/homebrew/lib/python3.11/site-packages/airflow/example_dags/example_branch_operator.py
[2023-09-22T09:23:55.456+0800] {processor.py:839} INFO - DAG(s) dict_keys(['example_branch_operator']) retrieved from /opt/homebrew/lib/python3.11/site-packages/airflow/example_dags/example_branch_operator.py
[2023-09-22T09:23:55.552+0800] {logging_mixin.py:151} INFO - [2023-09-22T09:23:55.552+0800] {dag.py:2915} INFO - Sync 1 DAGs
[2023-09-22T09:23:55.562+0800] {logging_mixin.py:151} INFO - [2023-09-22T09:23:55.562+0800] {dag.py:3696} INFO - Setting next_dagrun for example_branch_operator to 2023-09-21T00:00:00+00:00, run_after=2023-09-22T00:00:00+00:00
[2023-09-22T09:23:55.572+0800] {processor.py:179} INFO - Processing /opt/homebrew/lib/python3.11/site-packages/airflow/example_dags/example_branch_operator.py took 0.141 seconds
[2023-09-22T09:25:32.217+0800] {processor.py:157} INFO - Started process (PID=73305) to work on /opt/homebrew/lib/python3.11/site-packages/airflow/example_dags/example_branch_operator.py
[2023-09-22T09:25:32.218+0800] {processor.py:829} INFO - Processing file /opt/homebrew/lib/python3.11/site-packages/airflow/example_dags/example_branch_operator.py for tasks to queue
[2023-09-22T09:25:32.218+0800] {logging_mixin.py:151} INFO - [2023-09-22T09:25:32.218+0800] {dagbag.py:539} INFO - Filling up the DagBag from /opt/homebrew/lib/python3.11/site-packages/airflow/example_dags/example_branch_operator.py
[2023-09-22T09:25:32.242+0800] {processor.py:839} INFO - DAG(s) dict_keys(['example_branch_operator']) retrieved from /opt/homebrew/lib/python3.11/site-packages/airflow/example_dags/example_branch_operator.py
[2023-09-22T09:25:32.338+0800] {logging_mixin.py:151} INFO - [2023-09-22T09:25:32.338+0800] {dag.py:2915} INFO - Sync 1 DAGs
[2023-09-22T09:25:32.348+0800] {logging_mixin.py:151} INFO - [2023-09-22T09:25:32.348+0800] {dag.py:3696} INFO - Setting next_dagrun for example_branch_operator to 2023-09-21T00:00:00+00:00, run_after=2023-09-22T00:00:00+00:00
[2023-09-22T09:25:32.358+0800] {processor.py:179} INFO - Processing /opt/homebrew/lib/python3.11/site-packages/airflow/example_dags/example_branch_operator.py took 0.141 seconds
[2023-09-22T09:27:21.901+0800] {processor.py:157} INFO - Started process (PID=73496) to work on /opt/homebrew/lib/python3.11/site-packages/airflow/example_dags/example_branch_operator.py
[2023-09-22T09:27:21.901+0800] {processor.py:829} INFO - Processing file /opt/homebrew/lib/python3.11/site-packages/airflow/example_dags/example_branch_operator.py for tasks to queue
[2023-09-22T09:27:21.901+0800] {logging_mixin.py:151} INFO - [2023-09-22T09:27:21.901+0800] {dagbag.py:539} INFO - Filling up the DagBag from /opt/homebrew/lib/python3.11/site-packages/airflow/example_dags/example_branch_operator.py
[2023-09-22T09:27:21.925+0800] {processor.py:839} INFO - DAG(s) dict_keys(['example_branch_operator']) retrieved from /opt/homebrew/lib/python3.11/site-packages/airflow/example_dags/example_branch_operator.py
[2023-09-22T09:27:22.024+0800] {logging_mixin.py:151} INFO - [2023-09-22T09:27:22.024+0800] {dag.py:2915} INFO - Sync 1 DAGs
[2023-09-22T09:27:22.035+0800] {logging_mixin.py:151} INFO - [2023-09-22T09:27:22.035+0800] {dag.py:3696} INFO - Setting next_dagrun for example_branch_operator to 2023-09-21T00:00:00+00:00, run_after=2023-09-22T00:00:00+00:00
[2023-09-22T09:27:22.046+0800] {processor.py:179} INFO - Processing /opt/homebrew/lib/python3.11/site-packages/airflow/example_dags/example_branch_operator.py took 0.145 seconds
[2023-09-22T09:29:10.324+0800] {processor.py:157} INFO - Started process (PID=73724) to work on /opt/homebrew/lib/python3.11/site-packages/airflow/example_dags/example_branch_operator.py
[2023-09-22T09:29:10.324+0800] {processor.py:829} INFO - Processing file /opt/homebrew/lib/python3.11/site-packages/airflow/example_dags/example_branch_operator.py for tasks to queue
[2023-09-22T09:29:10.325+0800] {logging_mixin.py:151} INFO - [2023-09-22T09:29:10.325+0800] {dagbag.py:539} INFO - Filling up the DagBag from /opt/homebrew/lib/python3.11/site-packages/airflow/example_dags/example_branch_operator.py
[2023-09-22T09:29:10.349+0800] {processor.py:839} INFO - DAG(s) dict_keys(['example_branch_operator']) retrieved from /opt/homebrew/lib/python3.11/site-packages/airflow/example_dags/example_branch_operator.py
[2023-09-22T09:29:10.445+0800] {logging_mixin.py:151} INFO - [2023-09-22T09:29:10.445+0800] {dag.py:2915} INFO - Sync 1 DAGs
[2023-09-22T09:29:10.454+0800] {logging_mixin.py:151} INFO - [2023-09-22T09:29:10.454+0800] {dag.py:3696} INFO - Setting next_dagrun for example_branch_operator to 2023-09-21T00:00:00+00:00, run_after=2023-09-22T00:00:00+00:00
[2023-09-22T09:29:10.465+0800] {processor.py:179} INFO - Processing /opt/homebrew/lib/python3.11/site-packages/airflow/example_dags/example_branch_operator.py took 0.141 seconds
[2023-09-22T09:30:51.546+0800] {processor.py:157} INFO - Started process (PID=73903) to work on /opt/homebrew/lib/python3.11/site-packages/airflow/example_dags/example_branch_operator.py
[2023-09-22T09:30:51.547+0800] {processor.py:829} INFO - Processing file /opt/homebrew/lib/python3.11/site-packages/airflow/example_dags/example_branch_operator.py for tasks to queue
[2023-09-22T09:30:51.547+0800] {logging_mixin.py:151} INFO - [2023-09-22T09:30:51.547+0800] {dagbag.py:539} INFO - Filling up the DagBag from /opt/homebrew/lib/python3.11/site-packages/airflow/example_dags/example_branch_operator.py
[2023-09-22T09:30:51.571+0800] {processor.py:839} INFO - DAG(s) dict_keys(['example_branch_operator']) retrieved from /opt/homebrew/lib/python3.11/site-packages/airflow/example_dags/example_branch_operator.py
[2023-09-22T09:30:51.667+0800] {logging_mixin.py:151} INFO - [2023-09-22T09:30:51.667+0800] {dag.py:2915} INFO - Sync 1 DAGs
[2023-09-22T09:30:51.677+0800] {logging_mixin.py:151} INFO - [2023-09-22T09:30:51.677+0800] {dag.py:3696} INFO - Setting next_dagrun for example_branch_operator to 2023-09-21T00:00:00+00:00, run_after=2023-09-22T00:00:00+00:00
[2023-09-22T09:30:51.688+0800] {processor.py:179} INFO - Processing /opt/homebrew/lib/python3.11/site-packages/airflow/example_dags/example_branch_operator.py took 0.142 seconds
[2023-09-22T09:32:35.369+0800] {processor.py:157} INFO - Started process (PID=74083) to work on /opt/homebrew/lib/python3.11/site-packages/airflow/example_dags/example_branch_operator.py
[2023-09-22T09:32:35.369+0800] {processor.py:829} INFO - Processing file /opt/homebrew/lib/python3.11/site-packages/airflow/example_dags/example_branch_operator.py for tasks to queue
[2023-09-22T09:32:35.369+0800] {logging_mixin.py:151} INFO - [2023-09-22T09:32:35.369+0800] {dagbag.py:539} INFO - Filling up the DagBag from /opt/homebrew/lib/python3.11/site-packages/airflow/example_dags/example_branch_operator.py
[2023-09-22T09:32:35.393+0800] {processor.py:839} INFO - DAG(s) dict_keys(['example_branch_operator']) retrieved from /opt/homebrew/lib/python3.11/site-packages/airflow/example_dags/example_branch_operator.py
[2023-09-22T09:32:35.489+0800] {logging_mixin.py:151} INFO - [2023-09-22T09:32:35.489+0800] {dag.py:2915} INFO - Sync 1 DAGs
[2023-09-22T09:32:35.499+0800] {logging_mixin.py:151} INFO - [2023-09-22T09:32:35.499+0800] {dag.py:3696} INFO - Setting next_dagrun for example_branch_operator to 2023-09-21T00:00:00+00:00, run_after=2023-09-22T00:00:00+00:00
[2023-09-22T09:32:35.509+0800] {processor.py:179} INFO - Processing /opt/homebrew/lib/python3.11/site-packages/airflow/example_dags/example_branch_operator.py took 0.141 seconds
[2023-09-22T09:34:19.842+0800] {processor.py:157} INFO - Started process (PID=74293) to work on /opt/homebrew/lib/python3.11/site-packages/airflow/example_dags/example_branch_operator.py
[2023-09-22T09:34:19.842+0800] {processor.py:829} INFO - Processing file /opt/homebrew/lib/python3.11/site-packages/airflow/example_dags/example_branch_operator.py for tasks to queue
[2023-09-22T09:34:19.842+0800] {logging_mixin.py:151} INFO - [2023-09-22T09:34:19.842+0800] {dagbag.py:539} INFO - Filling up the DagBag from /opt/homebrew/lib/python3.11/site-packages/airflow/example_dags/example_branch_operator.py
[2023-09-22T09:34:19.866+0800] {processor.py:839} INFO - DAG(s) dict_keys(['example_branch_operator']) retrieved from /opt/homebrew/lib/python3.11/site-packages/airflow/example_dags/example_branch_operator.py
[2023-09-22T09:34:19.962+0800] {logging_mixin.py:151} INFO - [2023-09-22T09:34:19.962+0800] {dag.py:2915} INFO - Sync 1 DAGs
[2023-09-22T09:34:19.972+0800] {logging_mixin.py:151} INFO - [2023-09-22T09:34:19.972+0800] {dag.py:3696} INFO - Setting next_dagrun for example_branch_operator to 2023-09-21T00:00:00+00:00, run_after=2023-09-22T00:00:00+00:00
[2023-09-22T09:34:19.982+0800] {processor.py:179} INFO - Processing /opt/homebrew/lib/python3.11/site-packages/airflow/example_dags/example_branch_operator.py took 0.141 seconds
[2023-09-22T09:36:08.543+0800] {processor.py:157} INFO - Started process (PID=74533) to work on /opt/homebrew/lib/python3.11/site-packages/airflow/example_dags/example_branch_operator.py
[2023-09-22T09:36:08.543+0800] {processor.py:829} INFO - Processing file /opt/homebrew/lib/python3.11/site-packages/airflow/example_dags/example_branch_operator.py for tasks to queue
[2023-09-22T09:36:08.544+0800] {logging_mixin.py:151} INFO - [2023-09-22T09:36:08.544+0800] {dagbag.py:539} INFO - Filling up the DagBag from /opt/homebrew/lib/python3.11/site-packages/airflow/example_dags/example_branch_operator.py
[2023-09-22T09:36:08.568+0800] {processor.py:839} INFO - DAG(s) dict_keys(['example_branch_operator']) retrieved from /opt/homebrew/lib/python3.11/site-packages/airflow/example_dags/example_branch_operator.py
[2023-09-22T09:36:08.664+0800] {logging_mixin.py:151} INFO - [2023-09-22T09:36:08.664+0800] {dag.py:2915} INFO - Sync 1 DAGs
[2023-09-22T09:36:08.674+0800] {logging_mixin.py:151} INFO - [2023-09-22T09:36:08.674+0800] {dag.py:3696} INFO - Setting next_dagrun for example_branch_operator to 2023-09-21T00:00:00+00:00, run_after=2023-09-22T00:00:00+00:00
[2023-09-22T09:36:08.684+0800] {processor.py:179} INFO - Processing /opt/homebrew/lib/python3.11/site-packages/airflow/example_dags/example_branch_operator.py took 0.141 seconds
[2023-09-22T09:37:52.010+0800] {processor.py:157} INFO - Started process (PID=74726) to work on /opt/homebrew/lib/python3.11/site-packages/airflow/example_dags/example_branch_operator.py
[2023-09-22T09:37:52.010+0800] {processor.py:829} INFO - Processing file /opt/homebrew/lib/python3.11/site-packages/airflow/example_dags/example_branch_operator.py for tasks to queue
[2023-09-22T09:37:52.010+0800] {logging_mixin.py:151} INFO - [2023-09-22T09:37:52.010+0800] {dagbag.py:539} INFO - Filling up the DagBag from /opt/homebrew/lib/python3.11/site-packages/airflow/example_dags/example_branch_operator.py
[2023-09-22T09:37:52.035+0800] {processor.py:839} INFO - DAG(s) dict_keys(['example_branch_operator']) retrieved from /opt/homebrew/lib/python3.11/site-packages/airflow/example_dags/example_branch_operator.py
[2023-09-22T09:37:52.131+0800] {logging_mixin.py:151} INFO - [2023-09-22T09:37:52.131+0800] {dag.py:2915} INFO - Sync 1 DAGs
[2023-09-22T09:37:52.141+0800] {logging_mixin.py:151} INFO - [2023-09-22T09:37:52.141+0800] {dag.py:3696} INFO - Setting next_dagrun for example_branch_operator to 2023-09-21T00:00:00+00:00, run_after=2023-09-22T00:00:00+00:00
[2023-09-22T09:37:52.151+0800] {processor.py:179} INFO - Processing /opt/homebrew/lib/python3.11/site-packages/airflow/example_dags/example_branch_operator.py took 0.142 seconds
[2023-09-22T09:39:35.433+0800] {processor.py:157} INFO - Started process (PID=74920) to work on /opt/homebrew/lib/python3.11/site-packages/airflow/example_dags/example_branch_operator.py
[2023-09-22T09:39:35.433+0800] {processor.py:829} INFO - Processing file /opt/homebrew/lib/python3.11/site-packages/airflow/example_dags/example_branch_operator.py for tasks to queue
[2023-09-22T09:39:35.434+0800] {logging_mixin.py:151} INFO - [2023-09-22T09:39:35.434+0800] {dagbag.py:539} INFO - Filling up the DagBag from /opt/homebrew/lib/python3.11/site-packages/airflow/example_dags/example_branch_operator.py
[2023-09-22T09:39:35.458+0800] {processor.py:839} INFO - DAG(s) dict_keys(['example_branch_operator']) retrieved from /opt/homebrew/lib/python3.11/site-packages/airflow/example_dags/example_branch_operator.py
[2023-09-22T09:39:35.554+0800] {logging_mixin.py:151} INFO - [2023-09-22T09:39:35.553+0800] {dag.py:2915} INFO - Sync 1 DAGs
[2023-09-22T09:39:35.563+0800] {logging_mixin.py:151} INFO - [2023-09-22T09:39:35.563+0800] {dag.py:3696} INFO - Setting next_dagrun for example_branch_operator to 2023-09-21T00:00:00+00:00, run_after=2023-09-22T00:00:00+00:00
[2023-09-22T09:39:35.573+0800] {processor.py:179} INFO - Processing /opt/homebrew/lib/python3.11/site-packages/airflow/example_dags/example_branch_operator.py took 0.141 seconds
[2023-09-22T09:41:23.881+0800] {processor.py:157} INFO - Started process (PID=75110) to work on /opt/homebrew/lib/python3.11/site-packages/airflow/example_dags/example_branch_operator.py
[2023-09-22T09:41:23.882+0800] {processor.py:829} INFO - Processing file /opt/homebrew/lib/python3.11/site-packages/airflow/example_dags/example_branch_operator.py for tasks to queue
[2023-09-22T09:41:23.882+0800] {logging_mixin.py:151} INFO - [2023-09-22T09:41:23.882+0800] {dagbag.py:539} INFO - Filling up the DagBag from /opt/homebrew/lib/python3.11/site-packages/airflow/example_dags/example_branch_operator.py
[2023-09-22T09:41:23.906+0800] {processor.py:839} INFO - DAG(s) dict_keys(['example_branch_operator']) retrieved from /opt/homebrew/lib/python3.11/site-packages/airflow/example_dags/example_branch_operator.py
[2023-09-22T09:41:24.002+0800] {logging_mixin.py:151} INFO - [2023-09-22T09:41:24.002+0800] {dag.py:2915} INFO - Sync 1 DAGs
[2023-09-22T09:41:24.012+0800] {logging_mixin.py:151} INFO - [2023-09-22T09:41:24.012+0800] {dag.py:3696} INFO - Setting next_dagrun for example_branch_operator to 2023-09-21T00:00:00+00:00, run_after=2023-09-22T00:00:00+00:00
[2023-09-22T09:41:24.022+0800] {processor.py:179} INFO - Processing /opt/homebrew/lib/python3.11/site-packages/airflow/example_dags/example_branch_operator.py took 0.141 seconds
[2023-09-22T11:22:00.058+0800] {processor.py:157} INFO - Started process (PID=75416) to work on /opt/homebrew/lib/python3.11/site-packages/airflow/example_dags/example_branch_operator.py
[2023-09-22T11:22:00.059+0800] {processor.py:829} INFO - Processing file /opt/homebrew/lib/python3.11/site-packages/airflow/example_dags/example_branch_operator.py for tasks to queue
[2023-09-22T11:22:00.059+0800] {logging_mixin.py:151} INFO - [2023-09-22T11:22:00.059+0800] {dagbag.py:539} INFO - Filling up the DagBag from /opt/homebrew/lib/python3.11/site-packages/airflow/example_dags/example_branch_operator.py
[2023-09-22T11:22:00.084+0800] {processor.py:839} INFO - DAG(s) dict_keys(['example_branch_operator']) retrieved from /opt/homebrew/lib/python3.11/site-packages/airflow/example_dags/example_branch_operator.py
[2023-09-22T11:22:00.180+0800] {logging_mixin.py:151} INFO - [2023-09-22T11:22:00.180+0800] {dag.py:2915} INFO - Sync 1 DAGs
[2023-09-22T11:22:00.190+0800] {logging_mixin.py:151} INFO - [2023-09-22T11:22:00.190+0800] {dag.py:3696} INFO - Setting next_dagrun for example_branch_operator to 2023-09-21T00:00:00+00:00, run_after=2023-09-22T00:00:00+00:00
[2023-09-22T11:22:00.200+0800] {processor.py:179} INFO - Processing /opt/homebrew/lib/python3.11/site-packages/airflow/example_dags/example_branch_operator.py took 0.142 seconds
[2023-09-22T14:41:21.276+0800] {processor.py:157} INFO - Started process (PID=75738) to work on /opt/homebrew/lib/python3.11/site-packages/airflow/example_dags/example_branch_operator.py
[2023-09-22T14:41:21.277+0800] {processor.py:829} INFO - Processing file /opt/homebrew/lib/python3.11/site-packages/airflow/example_dags/example_branch_operator.py for tasks to queue
[2023-09-22T14:41:21.277+0800] {logging_mixin.py:151} INFO - [2023-09-22T14:41:21.277+0800] {dagbag.py:539} INFO - Filling up the DagBag from /opt/homebrew/lib/python3.11/site-packages/airflow/example_dags/example_branch_operator.py
[2023-09-22T14:41:21.302+0800] {processor.py:839} INFO - DAG(s) dict_keys(['example_branch_operator']) retrieved from /opt/homebrew/lib/python3.11/site-packages/airflow/example_dags/example_branch_operator.py
[2023-09-22T14:41:21.399+0800] {logging_mixin.py:151} INFO - [2023-09-22T14:41:21.399+0800] {dag.py:2915} INFO - Sync 1 DAGs
[2023-09-22T14:41:21.409+0800] {logging_mixin.py:151} INFO - [2023-09-22T14:41:21.409+0800] {dag.py:3696} INFO - Setting next_dagrun for example_branch_operator to 2023-09-21T00:00:00+00:00, run_after=2023-09-22T00:00:00+00:00
[2023-09-22T14:41:21.419+0800] {processor.py:179} INFO - Processing /opt/homebrew/lib/python3.11/site-packages/airflow/example_dags/example_branch_operator.py took 0.143 seconds
[2023-09-22T20:32:01.174+0800] {processor.py:157} INFO - Started process (PID=76385) to work on /opt/homebrew/lib/python3.11/site-packages/airflow/example_dags/example_branch_operator.py
[2023-09-22T20:32:01.174+0800] {processor.py:829} INFO - Processing file /opt/homebrew/lib/python3.11/site-packages/airflow/example_dags/example_branch_operator.py for tasks to queue
[2023-09-22T20:32:01.175+0800] {logging_mixin.py:151} INFO - [2023-09-22T20:32:01.175+0800] {dagbag.py:539} INFO - Filling up the DagBag from /opt/homebrew/lib/python3.11/site-packages/airflow/example_dags/example_branch_operator.py
[2023-09-22T20:32:01.199+0800] {processor.py:839} INFO - DAG(s) dict_keys(['example_branch_operator']) retrieved from /opt/homebrew/lib/python3.11/site-packages/airflow/example_dags/example_branch_operator.py
[2023-09-22T20:32:01.295+0800] {logging_mixin.py:151} INFO - [2023-09-22T20:32:01.295+0800] {dag.py:2915} INFO - Sync 1 DAGs
[2023-09-22T20:32:01.305+0800] {logging_mixin.py:151} INFO - [2023-09-22T20:32:01.304+0800] {dag.py:3696} INFO - Setting next_dagrun for example_branch_operator to 2023-09-21T00:00:00+00:00, run_after=2023-09-22T00:00:00+00:00
[2023-09-22T20:32:01.315+0800] {processor.py:179} INFO - Processing /opt/homebrew/lib/python3.11/site-packages/airflow/example_dags/example_branch_operator.py took 0.141 seconds
[2023-09-22T23:52:20.874+0800] {processor.py:157} INFO - Started process (PID=76726) to work on /opt/homebrew/lib/python3.11/site-packages/airflow/example_dags/example_branch_operator.py
[2023-09-22T23:52:20.875+0800] {processor.py:829} INFO - Processing file /opt/homebrew/lib/python3.11/site-packages/airflow/example_dags/example_branch_operator.py for tasks to queue
[2023-09-22T23:52:20.875+0800] {logging_mixin.py:151} INFO - [2023-09-22T23:52:20.875+0800] {dagbag.py:539} INFO - Filling up the DagBag from /opt/homebrew/lib/python3.11/site-packages/airflow/example_dags/example_branch_operator.py
[2023-09-22T23:52:20.903+0800] {processor.py:839} INFO - DAG(s) dict_keys(['example_branch_operator']) retrieved from /opt/homebrew/lib/python3.11/site-packages/airflow/example_dags/example_branch_operator.py
[2023-09-22T23:52:21.015+0800] {logging_mixin.py:151} INFO - [2023-09-22T23:52:21.015+0800] {dag.py:2915} INFO - Sync 1 DAGs
[2023-09-22T23:52:21.026+0800] {logging_mixin.py:151} INFO - [2023-09-22T23:52:21.026+0800] {dag.py:3696} INFO - Setting next_dagrun for example_branch_operator to 2023-09-21T00:00:00+00:00, run_after=2023-09-22T00:00:00+00:00
[2023-09-22T23:52:21.037+0800] {processor.py:179} INFO - Processing /opt/homebrew/lib/python3.11/site-packages/airflow/example_dags/example_branch_operator.py took 0.164 seconds
[2023-09-23T03:06:54.087+0800] {processor.py:157} INFO - Started process (PID=77076) to work on /opt/homebrew/lib/python3.11/site-packages/airflow/example_dags/example_branch_operator.py
[2023-09-23T03:06:54.087+0800] {processor.py:829} INFO - Processing file /opt/homebrew/lib/python3.11/site-packages/airflow/example_dags/example_branch_operator.py for tasks to queue
[2023-09-23T03:06:54.088+0800] {logging_mixin.py:151} INFO - [2023-09-23T03:06:54.088+0800] {dagbag.py:539} INFO - Filling up the DagBag from /opt/homebrew/lib/python3.11/site-packages/airflow/example_dags/example_branch_operator.py
[2023-09-23T03:06:54.112+0800] {processor.py:839} INFO - DAG(s) dict_keys(['example_branch_operator']) retrieved from /opt/homebrew/lib/python3.11/site-packages/airflow/example_dags/example_branch_operator.py
[2023-09-23T03:06:54.210+0800] {logging_mixin.py:151} INFO - [2023-09-23T03:06:54.209+0800] {dag.py:2915} INFO - Sync 1 DAGs
[2023-09-23T03:06:54.219+0800] {logging_mixin.py:151} INFO - [2023-09-23T03:06:54.219+0800] {dag.py:3696} INFO - Setting next_dagrun for example_branch_operator to 2023-09-21T00:00:00+00:00, run_after=2023-09-22T00:00:00+00:00
[2023-09-23T03:06:54.229+0800] {processor.py:179} INFO - Processing /opt/homebrew/lib/python3.11/site-packages/airflow/example_dags/example_branch_operator.py took 0.143 seconds
[2023-09-23T06:44:52.022+0800] {processor.py:157} INFO - Started process (PID=77440) to work on /opt/homebrew/lib/python3.11/site-packages/airflow/example_dags/example_branch_operator.py
[2023-09-23T06:44:52.023+0800] {processor.py:829} INFO - Processing file /opt/homebrew/lib/python3.11/site-packages/airflow/example_dags/example_branch_operator.py for tasks to queue
[2023-09-23T06:44:52.023+0800] {logging_mixin.py:151} INFO - [2023-09-23T06:44:52.023+0800] {dagbag.py:539} INFO - Filling up the DagBag from /opt/homebrew/lib/python3.11/site-packages/airflow/example_dags/example_branch_operator.py
[2023-09-23T06:44:52.048+0800] {processor.py:839} INFO - DAG(s) dict_keys(['example_branch_operator']) retrieved from /opt/homebrew/lib/python3.11/site-packages/airflow/example_dags/example_branch_operator.py
[2023-09-23T06:44:52.144+0800] {logging_mixin.py:151} INFO - [2023-09-23T06:44:52.144+0800] {dag.py:2915} INFO - Sync 1 DAGs
[2023-09-23T06:44:52.154+0800] {logging_mixin.py:151} INFO - [2023-09-23T06:44:52.154+0800] {dag.py:3696} INFO - Setting next_dagrun for example_branch_operator to 2023-09-21T00:00:00+00:00, run_after=2023-09-22T00:00:00+00:00
[2023-09-23T06:44:52.164+0800] {processor.py:179} INFO - Processing /opt/homebrew/lib/python3.11/site-packages/airflow/example_dags/example_branch_operator.py took 0.142 seconds
