[2023-09-16T09:47:33.936+0800] {processor.py:157} INFO - Started process (PID=84279) to work on /opt/homebrew/lib/python3.11/site-packages/airflow/example_dags/example_setup_teardown_taskflow.py
[2023-09-16T09:47:33.937+0800] {processor.py:829} INFO - Processing file /opt/homebrew/lib/python3.11/site-packages/airflow/example_dags/example_setup_teardown_taskflow.py for tasks to queue
[2023-09-16T09:47:33.937+0800] {logging_mixin.py:151} INFO - [2023-09-16T09:47:33.937+0800] {dagbag.py:539} INFO - Filling up the DagBag from /opt/homebrew/lib/python3.11/site-packages/airflow/example_dags/example_setup_teardown_taskflow.py
[2023-09-16T09:47:33.969+0800] {processor.py:839} INFO - DAG(s) dict_keys(['example_setup_teardown_taskflow']) retrieved from /opt/homebrew/lib/python3.11/site-packages/airflow/example_dags/example_setup_teardown_taskflow.py
[2023-09-16T10:03:27.303+0800] {logging_mixin.py:151} INFO - [2023-09-16T10:03:27.303+0800] {dag.py:2915} INFO - Sync 1 DAGs
[2023-09-16T10:03:27.325+0800] {logging_mixin.py:151} INFO - [2023-09-16T10:03:27.325+0800] {dag.py:3696} INFO - Setting next_dagrun for example_setup_teardown_taskflow to 2023-09-15T02:03:27.324871+00:00, run_after=2023-09-16T02:03:27.324871+00:00
[2023-09-16T10:03:27.340+0800] {processor.py:179} INFO - Processing /opt/homebrew/lib/python3.11/site-packages/airflow/example_dags/example_setup_teardown_taskflow.py took 0.459 seconds
[2023-09-16T13:03:51.973+0800] {processor.py:157} INFO - Started process (PID=84602) to work on /opt/homebrew/lib/python3.11/site-packages/airflow/example_dags/example_setup_teardown_taskflow.py
[2023-09-16T13:03:51.974+0800] {processor.py:829} INFO - Processing file /opt/homebrew/lib/python3.11/site-packages/airflow/example_dags/example_setup_teardown_taskflow.py for tasks to queue
[2023-09-16T13:03:51.974+0800] {logging_mixin.py:151} INFO - [2023-09-16T13:03:51.974+0800] {dagbag.py:539} INFO - Filling up the DagBag from /opt/homebrew/lib/python3.11/site-packages/airflow/example_dags/example_setup_teardown_taskflow.py
[2023-09-16T13:03:52.006+0800] {processor.py:839} INFO - DAG(s) dict_keys(['example_setup_teardown_taskflow']) retrieved from /opt/homebrew/lib/python3.11/site-packages/airflow/example_dags/example_setup_teardown_taskflow.py
[2023-09-16T13:03:52.101+0800] {logging_mixin.py:151} INFO - [2023-09-16T13:03:52.101+0800] {dag.py:2915} INFO - Sync 1 DAGs
[2023-09-16T13:03:52.109+0800] {logging_mixin.py:151} INFO - [2023-09-16T13:03:52.109+0800] {dag.py:3696} INFO - Setting next_dagrun for example_setup_teardown_taskflow to 2023-09-15T05:03:52.109568+00:00, run_after=2023-09-16T05:03:52.109568+00:00
[2023-09-16T13:03:52.120+0800] {processor.py:179} INFO - Processing /opt/homebrew/lib/python3.11/site-packages/airflow/example_dags/example_setup_teardown_taskflow.py took 0.147 seconds
[2023-09-16T16:23:29.499+0800] {processor.py:157} INFO - Started process (PID=84914) to work on /opt/homebrew/lib/python3.11/site-packages/airflow/example_dags/example_setup_teardown_taskflow.py
[2023-09-16T16:23:29.499+0800] {processor.py:829} INFO - Processing file /opt/homebrew/lib/python3.11/site-packages/airflow/example_dags/example_setup_teardown_taskflow.py for tasks to queue
[2023-09-16T16:23:29.499+0800] {logging_mixin.py:151} INFO - [2023-09-16T16:23:29.499+0800] {dagbag.py:539} INFO - Filling up the DagBag from /opt/homebrew/lib/python3.11/site-packages/airflow/example_dags/example_setup_teardown_taskflow.py
[2023-09-16T16:23:29.531+0800] {processor.py:839} INFO - DAG(s) dict_keys(['example_setup_teardown_taskflow']) retrieved from /opt/homebrew/lib/python3.11/site-packages/airflow/example_dags/example_setup_teardown_taskflow.py
[2023-09-16T16:23:29.629+0800] {logging_mixin.py:151} INFO - [2023-09-16T16:23:29.629+0800] {dag.py:2915} INFO - Sync 1 DAGs
[2023-09-16T16:23:29.637+0800] {logging_mixin.py:151} INFO - [2023-09-16T16:23:29.637+0800] {dag.py:3696} INFO - Setting next_dagrun for example_setup_teardown_taskflow to 2023-09-15T08:23:29.637584+00:00, run_after=2023-09-16T08:23:29.637584+00:00
[2023-09-16T16:23:29.647+0800] {processor.py:179} INFO - Processing /opt/homebrew/lib/python3.11/site-packages/airflow/example_dags/example_setup_teardown_taskflow.py took 0.149 seconds
[2023-09-16T19:41:59.699+0800] {processor.py:157} INFO - Started process (PID=85223) to work on /opt/homebrew/lib/python3.11/site-packages/airflow/example_dags/example_setup_teardown_taskflow.py
[2023-09-16T19:41:59.699+0800] {processor.py:829} INFO - Processing file /opt/homebrew/lib/python3.11/site-packages/airflow/example_dags/example_setup_teardown_taskflow.py for tasks to queue
[2023-09-16T19:41:59.699+0800] {logging_mixin.py:151} INFO - [2023-09-16T19:41:59.699+0800] {dagbag.py:539} INFO - Filling up the DagBag from /opt/homebrew/lib/python3.11/site-packages/airflow/example_dags/example_setup_teardown_taskflow.py
[2023-09-16T19:41:59.733+0800] {processor.py:839} INFO - DAG(s) dict_keys(['example_setup_teardown_taskflow']) retrieved from /opt/homebrew/lib/python3.11/site-packages/airflow/example_dags/example_setup_teardown_taskflow.py
[2023-09-16T19:41:59.828+0800] {logging_mixin.py:151} INFO - [2023-09-16T19:41:59.828+0800] {dag.py:2915} INFO - Sync 1 DAGs
[2023-09-16T19:41:59.836+0800] {logging_mixin.py:151} INFO - [2023-09-16T19:41:59.836+0800] {dag.py:3696} INFO - Setting next_dagrun for example_setup_teardown_taskflow to 2023-09-15T11:41:59.836627+00:00, run_after=2023-09-16T11:41:59.836627+00:00
[2023-09-16T19:41:59.846+0800] {processor.py:179} INFO - Processing /opt/homebrew/lib/python3.11/site-packages/airflow/example_dags/example_setup_teardown_taskflow.py took 0.148 seconds
[2023-09-16T23:00:00.175+0800] {processor.py:157} INFO - Started process (PID=85593) to work on /opt/homebrew/lib/python3.11/site-packages/airflow/example_dags/example_setup_teardown_taskflow.py
[2023-09-16T23:00:00.176+0800] {processor.py:829} INFO - Processing file /opt/homebrew/lib/python3.11/site-packages/airflow/example_dags/example_setup_teardown_taskflow.py for tasks to queue
[2023-09-16T23:00:00.176+0800] {logging_mixin.py:151} INFO - [2023-09-16T23:00:00.176+0800] {dagbag.py:539} INFO - Filling up the DagBag from /opt/homebrew/lib/python3.11/site-packages/airflow/example_dags/example_setup_teardown_taskflow.py
[2023-09-16T23:00:00.208+0800] {processor.py:839} INFO - DAG(s) dict_keys(['example_setup_teardown_taskflow']) retrieved from /opt/homebrew/lib/python3.11/site-packages/airflow/example_dags/example_setup_teardown_taskflow.py
[2023-09-16T23:00:00.302+0800] {logging_mixin.py:151} INFO - [2023-09-16T23:00:00.302+0800] {dag.py:2915} INFO - Sync 1 DAGs
[2023-09-16T23:00:00.311+0800] {logging_mixin.py:151} INFO - [2023-09-16T23:00:00.311+0800] {dag.py:3696} INFO - Setting next_dagrun for example_setup_teardown_taskflow to 2023-09-15T15:00:00.311102+00:00, run_after=2023-09-16T15:00:00.311102+00:00
[2023-09-16T23:00:00.321+0800] {processor.py:179} INFO - Processing /opt/homebrew/lib/python3.11/site-packages/airflow/example_dags/example_setup_teardown_taskflow.py took 0.146 seconds
[2023-09-17T01:56:56.672+0800] {processor.py:157} INFO - Started process (PID=85913) to work on /opt/homebrew/lib/python3.11/site-packages/airflow/example_dags/example_setup_teardown_taskflow.py
[2023-09-17T01:56:56.672+0800] {processor.py:829} INFO - Processing file /opt/homebrew/lib/python3.11/site-packages/airflow/example_dags/example_setup_teardown_taskflow.py for tasks to queue
[2023-09-17T01:56:56.673+0800] {logging_mixin.py:151} INFO - [2023-09-17T01:56:56.672+0800] {dagbag.py:539} INFO - Filling up the DagBag from /opt/homebrew/lib/python3.11/site-packages/airflow/example_dags/example_setup_teardown_taskflow.py
[2023-09-17T01:56:56.704+0800] {processor.py:839} INFO - DAG(s) dict_keys(['example_setup_teardown_taskflow']) retrieved from /opt/homebrew/lib/python3.11/site-packages/airflow/example_dags/example_setup_teardown_taskflow.py
[2023-09-17T01:56:56.798+0800] {logging_mixin.py:151} INFO - [2023-09-17T01:56:56.797+0800] {dag.py:2915} INFO - Sync 1 DAGs
[2023-09-17T01:56:56.806+0800] {logging_mixin.py:151} INFO - [2023-09-17T01:56:56.806+0800] {dag.py:3696} INFO - Setting next_dagrun for example_setup_teardown_taskflow to 2023-09-15T17:56:56.806236+00:00, run_after=2023-09-16T17:56:56.806236+00:00
[2023-09-17T01:56:56.816+0800] {processor.py:179} INFO - Processing /opt/homebrew/lib/python3.11/site-packages/airflow/example_dags/example_setup_teardown_taskflow.py took 0.145 seconds
[2023-09-17T05:00:38.095+0800] {processor.py:157} INFO - Started process (PID=86239) to work on /opt/homebrew/lib/python3.11/site-packages/airflow/example_dags/example_setup_teardown_taskflow.py
[2023-09-17T05:00:38.096+0800] {processor.py:829} INFO - Processing file /opt/homebrew/lib/python3.11/site-packages/airflow/example_dags/example_setup_teardown_taskflow.py for tasks to queue
[2023-09-17T05:00:38.096+0800] {logging_mixin.py:151} INFO - [2023-09-17T05:00:38.096+0800] {dagbag.py:539} INFO - Filling up the DagBag from /opt/homebrew/lib/python3.11/site-packages/airflow/example_dags/example_setup_teardown_taskflow.py
[2023-09-17T05:00:38.129+0800] {processor.py:839} INFO - DAG(s) dict_keys(['example_setup_teardown_taskflow']) retrieved from /opt/homebrew/lib/python3.11/site-packages/airflow/example_dags/example_setup_teardown_taskflow.py
[2023-09-17T05:00:38.606+0800] {logging_mixin.py:151} INFO - [2023-09-17T05:00:38.606+0800] {security.py:708} INFO - Not syncing DAG-level permissions for DAG 'DAG:example_setup_teardown_taskflow' as access control is unset.
[2023-09-17T05:00:38.606+0800] {logging_mixin.py:151} INFO - [2023-09-17T05:00:38.606+0800] {dag.py:2915} INFO - Sync 1 DAGs
[2023-09-17T05:00:38.615+0800] {logging_mixin.py:151} INFO - [2023-09-17T05:00:38.615+0800] {dag.py:3696} INFO - Setting next_dagrun for example_setup_teardown_taskflow to 2023-09-15T21:00:38.615427+00:00, run_after=2023-09-16T21:00:38.615427+00:00
[2023-09-17T05:00:38.626+0800] {processor.py:179} INFO - Processing /opt/homebrew/lib/python3.11/site-packages/airflow/example_dags/example_setup_teardown_taskflow.py took 0.531 seconds
