[2023-09-16T08:09:12.430+0800] {processor.py:157} INFO - Started process (PID=84130) to work on /opt/homebrew/lib/python3.11/site-packages/airflow/example_dags/example_branch_day_of_week_operator.py
[2023-09-16T08:09:12.430+0800] {processor.py:829} INFO - Processing file /opt/homebrew/lib/python3.11/site-packages/airflow/example_dags/example_branch_day_of_week_operator.py for tasks to queue
[2023-09-16T08:09:12.430+0800] {logging_mixin.py:151} INFO - [2023-09-16T08:09:12.430+0800] {dagbag.py:539} INFO - Filling up the DagBag from /opt/homebrew/lib/python3.11/site-packages/airflow/example_dags/example_branch_day_of_week_operator.py
[2023-09-16T08:09:12.447+0800] {processor.py:839} INFO - DAG(s) dict_keys(['example_weekday_branch_operator']) retrieved from /opt/homebrew/lib/python3.11/site-packages/airflow/example_dags/example_branch_day_of_week_operator.py
[2023-09-16T08:09:12.542+0800] {logging_mixin.py:151} INFO - [2023-09-16T08:09:12.542+0800] {dag.py:2915} INFO - Sync 1 DAGs
[2023-09-16T08:09:12.551+0800] {logging_mixin.py:151} INFO - [2023-09-16T08:09:12.551+0800] {dag.py:3696} INFO - Setting next_dagrun for example_weekday_branch_operator to 2023-09-15T00:00:00+00:00, run_after=2023-09-16T00:00:00+00:00
[2023-09-16T08:09:12.562+0800] {processor.py:179} INFO - Processing /opt/homebrew/lib/python3.11/site-packages/airflow/example_dags/example_branch_day_of_week_operator.py took 0.133 seconds
[2023-09-16T11:44:17.967+0800] {processor.py:157} INFO - Started process (PID=84458) to work on /opt/homebrew/lib/python3.11/site-packages/airflow/example_dags/example_branch_day_of_week_operator.py
[2023-09-16T11:44:17.967+0800] {processor.py:829} INFO - Processing file /opt/homebrew/lib/python3.11/site-packages/airflow/example_dags/example_branch_day_of_week_operator.py for tasks to queue
[2023-09-16T11:44:17.967+0800] {logging_mixin.py:151} INFO - [2023-09-16T11:44:17.967+0800] {dagbag.py:539} INFO - Filling up the DagBag from /opt/homebrew/lib/python3.11/site-packages/airflow/example_dags/example_branch_day_of_week_operator.py
[2023-09-16T11:44:17.984+0800] {processor.py:839} INFO - DAG(s) dict_keys(['example_weekday_branch_operator']) retrieved from /opt/homebrew/lib/python3.11/site-packages/airflow/example_dags/example_branch_day_of_week_operator.py
[2023-09-16T11:44:18.080+0800] {logging_mixin.py:151} INFO - [2023-09-16T11:44:18.079+0800] {dag.py:2915} INFO - Sync 1 DAGs
[2023-09-16T11:44:18.089+0800] {logging_mixin.py:151} INFO - [2023-09-16T11:44:18.089+0800] {dag.py:3696} INFO - Setting next_dagrun for example_weekday_branch_operator to 2023-09-15T00:00:00+00:00, run_after=2023-09-16T00:00:00+00:00
[2023-09-16T11:44:18.099+0800] {processor.py:179} INFO - Processing /opt/homebrew/lib/python3.11/site-packages/airflow/example_dags/example_branch_day_of_week_operator.py took 0.133 seconds
[2023-09-16T18:01:54.221+0800] {processor.py:157} INFO - Started process (PID=85071) to work on /opt/homebrew/lib/python3.11/site-packages/airflow/example_dags/example_branch_day_of_week_operator.py
[2023-09-16T18:01:54.222+0800] {processor.py:829} INFO - Processing file /opt/homebrew/lib/python3.11/site-packages/airflow/example_dags/example_branch_day_of_week_operator.py for tasks to queue
[2023-09-16T18:01:54.222+0800] {logging_mixin.py:151} INFO - [2023-09-16T18:01:54.222+0800] {dagbag.py:539} INFO - Filling up the DagBag from /opt/homebrew/lib/python3.11/site-packages/airflow/example_dags/example_branch_day_of_week_operator.py
[2023-09-16T18:01:54.239+0800] {processor.py:839} INFO - DAG(s) dict_keys(['example_weekday_branch_operator']) retrieved from /opt/homebrew/lib/python3.11/site-packages/airflow/example_dags/example_branch_day_of_week_operator.py
[2023-09-16T18:01:54.334+0800] {logging_mixin.py:151} INFO - [2023-09-16T18:01:54.334+0800] {dag.py:2915} INFO - Sync 1 DAGs
[2023-09-16T18:01:54.343+0800] {logging_mixin.py:151} INFO - [2023-09-16T18:01:54.343+0800] {dag.py:3696} INFO - Setting next_dagrun for example_weekday_branch_operator to 2023-09-15T00:00:00+00:00, run_after=2023-09-16T00:00:00+00:00
[2023-09-16T18:01:54.354+0800] {processor.py:179} INFO - Processing /opt/homebrew/lib/python3.11/site-packages/airflow/example_dags/example_branch_day_of_week_operator.py took 0.133 seconds
[2023-09-17T00:36:50.814+0800] {processor.py:157} INFO - Started process (PID=85761) to work on /opt/homebrew/lib/python3.11/site-packages/airflow/example_dags/example_branch_day_of_week_operator.py
[2023-09-17T00:36:50.814+0800] {processor.py:829} INFO - Processing file /opt/homebrew/lib/python3.11/site-packages/airflow/example_dags/example_branch_day_of_week_operator.py for tasks to queue
[2023-09-17T00:36:50.815+0800] {logging_mixin.py:151} INFO - [2023-09-17T00:36:50.814+0800] {dagbag.py:539} INFO - Filling up the DagBag from /opt/homebrew/lib/python3.11/site-packages/airflow/example_dags/example_branch_day_of_week_operator.py
[2023-09-17T00:36:50.832+0800] {processor.py:839} INFO - DAG(s) dict_keys(['example_weekday_branch_operator']) retrieved from /opt/homebrew/lib/python3.11/site-packages/airflow/example_dags/example_branch_day_of_week_operator.py
[2023-09-17T00:36:50.931+0800] {logging_mixin.py:151} INFO - [2023-09-17T00:36:50.931+0800] {dag.py:2915} INFO - Sync 1 DAGs
[2023-09-17T00:36:50.940+0800] {logging_mixin.py:151} INFO - [2023-09-17T00:36:50.940+0800] {dag.py:3696} INFO - Setting next_dagrun for example_weekday_branch_operator to 2023-09-15T00:00:00+00:00, run_after=2023-09-16T00:00:00+00:00
[2023-09-17T00:36:50.951+0800] {processor.py:179} INFO - Processing /opt/homebrew/lib/python3.11/site-packages/airflow/example_dags/example_branch_day_of_week_operator.py took 0.137 seconds
[2023-09-17T06:39:03.416+0800] {processor.py:157} INFO - Started process (PID=86390) to work on /opt/homebrew/lib/python3.11/site-packages/airflow/example_dags/example_branch_day_of_week_operator.py
[2023-09-17T06:39:03.417+0800] {processor.py:829} INFO - Processing file /opt/homebrew/lib/python3.11/site-packages/airflow/example_dags/example_branch_day_of_week_operator.py for tasks to queue
[2023-09-17T06:39:03.418+0800] {logging_mixin.py:151} INFO - [2023-09-17T06:39:03.418+0800] {dagbag.py:539} INFO - Filling up the DagBag from /opt/homebrew/lib/python3.11/site-packages/airflow/example_dags/example_branch_day_of_week_operator.py
[2023-09-17T06:39:03.435+0800] {processor.py:839} INFO - DAG(s) dict_keys(['example_weekday_branch_operator']) retrieved from /opt/homebrew/lib/python3.11/site-packages/airflow/example_dags/example_branch_day_of_week_operator.py
[2023-09-17T06:39:03.530+0800] {logging_mixin.py:151} INFO - [2023-09-17T06:39:03.530+0800] {dag.py:2915} INFO - Sync 1 DAGs
[2023-09-17T06:39:03.539+0800] {logging_mixin.py:151} INFO - [2023-09-17T06:39:03.539+0800] {dag.py:3696} INFO - Setting next_dagrun for example_weekday_branch_operator to 2023-09-15T00:00:00+00:00, run_after=2023-09-16T00:00:00+00:00
[2023-09-17T06:39:03.550+0800] {processor.py:179} INFO - Processing /opt/homebrew/lib/python3.11/site-packages/airflow/example_dags/example_branch_day_of_week_operator.py took 0.134 seconds
