[2023-09-16T09:47:29.679+0800] {processor.py:157} INFO - Started process (PID=84273) to work on /opt/homebrew/lib/python3.11/site-packages/airflow/example_dags/example_short_circuit_operator.py
[2023-09-16T09:47:29.679+0800] {processor.py:829} INFO - Processing file /opt/homebrew/lib/python3.11/site-packages/airflow/example_dags/example_short_circuit_operator.py for tasks to queue
[2023-09-16T09:47:29.679+0800] {logging_mixin.py:151} INFO - [2023-09-16T09:47:29.679+0800] {dagbag.py:539} INFO - Filling up the DagBag from /opt/homebrew/lib/python3.11/site-packages/airflow/example_dags/example_short_circuit_operator.py
[2023-09-16T09:47:29.703+0800] {processor.py:839} INFO - DAG(s) dict_keys(['example_short_circuit_operator']) retrieved from /opt/homebrew/lib/python3.11/site-packages/airflow/example_dags/example_short_circuit_operator.py
[2023-09-16T09:47:29.800+0800] {logging_mixin.py:151} INFO - [2023-09-16T09:47:29.800+0800] {dag.py:2915} INFO - Sync 1 DAGs
[2023-09-16T09:47:29.809+0800] {logging_mixin.py:151} INFO - [2023-09-16T09:47:29.809+0800] {dag.py:3696} INFO - Setting next_dagrun for example_short_circuit_operator to 2023-09-15T01:47:29.809416+00:00, run_after=2023-09-16T01:47:29.809416+00:00
[2023-09-16T09:47:29.819+0800] {processor.py:179} INFO - Processing /opt/homebrew/lib/python3.11/site-packages/airflow/example_dags/example_short_circuit_operator.py took 0.141 seconds
[2023-09-16T13:03:47.848+0800] {processor.py:157} INFO - Started process (PID=84585) to work on /opt/homebrew/lib/python3.11/site-packages/airflow/example_dags/example_short_circuit_operator.py
[2023-09-16T13:03:47.848+0800] {processor.py:829} INFO - Processing file /opt/homebrew/lib/python3.11/site-packages/airflow/example_dags/example_short_circuit_operator.py for tasks to queue
[2023-09-16T13:03:47.849+0800] {logging_mixin.py:151} INFO - [2023-09-16T13:03:47.849+0800] {dagbag.py:539} INFO - Filling up the DagBag from /opt/homebrew/lib/python3.11/site-packages/airflow/example_dags/example_short_circuit_operator.py
[2023-09-16T13:03:47.917+0800] {processor.py:839} INFO - DAG(s) dict_keys(['example_short_circuit_operator']) retrieved from /opt/homebrew/lib/python3.11/site-packages/airflow/example_dags/example_short_circuit_operator.py
[2023-09-16T13:03:48.185+0800] {logging_mixin.py:151} INFO - [2023-09-16T13:03:48.184+0800] {dag.py:2915} INFO - Sync 1 DAGs
[2023-09-16T13:03:48.206+0800] {logging_mixin.py:151} INFO - [2023-09-16T13:03:48.206+0800] {dag.py:3696} INFO - Setting next_dagrun for example_short_circuit_operator to 2023-09-15T05:03:48.206155+00:00, run_after=2023-09-16T05:03:48.206155+00:00
[2023-09-16T13:03:48.224+0800] {processor.py:179} INFO - Processing /opt/homebrew/lib/python3.11/site-packages/airflow/example_dags/example_short_circuit_operator.py took 0.377 seconds
[2023-09-16T16:05:36.721+0800] {processor.py:157} INFO - Started process (PID=84902) to work on /opt/homebrew/lib/python3.11/site-packages/airflow/example_dags/example_short_circuit_operator.py
[2023-09-16T16:05:36.721+0800] {processor.py:829} INFO - Processing file /opt/homebrew/lib/python3.11/site-packages/airflow/example_dags/example_short_circuit_operator.py for tasks to queue
[2023-09-16T16:05:36.721+0800] {logging_mixin.py:151} INFO - [2023-09-16T16:05:36.721+0800] {dagbag.py:539} INFO - Filling up the DagBag from /opt/homebrew/lib/python3.11/site-packages/airflow/example_dags/example_short_circuit_operator.py
[2023-09-16T16:05:36.745+0800] {processor.py:839} INFO - DAG(s) dict_keys(['example_short_circuit_operator']) retrieved from /opt/homebrew/lib/python3.11/site-packages/airflow/example_dags/example_short_circuit_operator.py
[2023-09-16T16:05:36.842+0800] {logging_mixin.py:151} INFO - [2023-09-16T16:05:36.842+0800] {dag.py:2915} INFO - Sync 1 DAGs
[2023-09-16T16:05:36.851+0800] {logging_mixin.py:151} INFO - [2023-09-16T16:05:36.851+0800] {dag.py:3696} INFO - Setting next_dagrun for example_short_circuit_operator to 2023-09-15T08:05:36.851031+00:00, run_after=2023-09-16T08:05:36.851031+00:00
[2023-09-16T16:05:36.861+0800] {processor.py:179} INFO - Processing /opt/homebrew/lib/python3.11/site-packages/airflow/example_dags/example_short_circuit_operator.py took 0.141 seconds
[2023-09-16T19:24:12.380+0800] {processor.py:157} INFO - Started process (PID=85203) to work on /opt/homebrew/lib/python3.11/site-packages/airflow/example_dags/example_short_circuit_operator.py
[2023-09-16T19:24:12.381+0800] {processor.py:829} INFO - Processing file /opt/homebrew/lib/python3.11/site-packages/airflow/example_dags/example_short_circuit_operator.py for tasks to queue
[2023-09-16T19:24:12.381+0800] {logging_mixin.py:151} INFO - [2023-09-16T19:24:12.381+0800] {dagbag.py:539} INFO - Filling up the DagBag from /opt/homebrew/lib/python3.11/site-packages/airflow/example_dags/example_short_circuit_operator.py
[2023-09-16T19:24:12.405+0800] {processor.py:839} INFO - DAG(s) dict_keys(['example_short_circuit_operator']) retrieved from /opt/homebrew/lib/python3.11/site-packages/airflow/example_dags/example_short_circuit_operator.py
[2023-09-16T19:24:12.502+0800] {logging_mixin.py:151} INFO - [2023-09-16T19:24:12.502+0800] {dag.py:2915} INFO - Sync 1 DAGs
[2023-09-16T19:24:12.511+0800] {logging_mixin.py:151} INFO - [2023-09-16T19:24:12.511+0800] {dag.py:3696} INFO - Setting next_dagrun for example_short_circuit_operator to 2023-09-15T11:24:12.510973+00:00, run_after=2023-09-16T11:24:12.510973+00:00
[2023-09-16T19:24:12.521+0800] {processor.py:179} INFO - Processing /opt/homebrew/lib/python3.11/site-packages/airflow/example_dags/example_short_circuit_operator.py took 0.140 seconds
[2023-09-16T22:44:25.248+0800] {processor.py:157} INFO - Started process (PID=85573) to work on /opt/homebrew/lib/python3.11/site-packages/airflow/example_dags/example_short_circuit_operator.py
[2023-09-16T22:44:25.249+0800] {processor.py:829} INFO - Processing file /opt/homebrew/lib/python3.11/site-packages/airflow/example_dags/example_short_circuit_operator.py for tasks to queue
[2023-09-16T22:44:25.249+0800] {logging_mixin.py:151} INFO - [2023-09-16T22:44:25.249+0800] {dagbag.py:539} INFO - Filling up the DagBag from /opt/homebrew/lib/python3.11/site-packages/airflow/example_dags/example_short_circuit_operator.py
[2023-09-16T22:44:25.273+0800] {processor.py:839} INFO - DAG(s) dict_keys(['example_short_circuit_operator']) retrieved from /opt/homebrew/lib/python3.11/site-packages/airflow/example_dags/example_short_circuit_operator.py
[2023-09-16T22:44:25.371+0800] {logging_mixin.py:151} INFO - [2023-09-16T22:44:25.371+0800] {dag.py:2915} INFO - Sync 1 DAGs
[2023-09-16T22:44:25.380+0800] {logging_mixin.py:151} INFO - [2023-09-16T22:44:25.380+0800] {dag.py:3696} INFO - Setting next_dagrun for example_short_circuit_operator to 2023-09-15T14:44:25.380507+00:00, run_after=2023-09-16T14:44:25.380507+00:00
[2023-09-16T22:44:25.390+0800] {processor.py:179} INFO - Processing /opt/homebrew/lib/python3.11/site-packages/airflow/example_dags/example_short_circuit_operator.py took 0.142 seconds
[2023-09-17T01:56:53.273+0800] {processor.py:157} INFO - Started process (PID=85905) to work on /opt/homebrew/lib/python3.11/site-packages/airflow/example_dags/example_short_circuit_operator.py
[2023-09-17T01:56:53.274+0800] {processor.py:829} INFO - Processing file /opt/homebrew/lib/python3.11/site-packages/airflow/example_dags/example_short_circuit_operator.py for tasks to queue
[2023-09-17T01:56:53.274+0800] {logging_mixin.py:151} INFO - [2023-09-17T01:56:53.274+0800] {dagbag.py:539} INFO - Filling up the DagBag from /opt/homebrew/lib/python3.11/site-packages/airflow/example_dags/example_short_circuit_operator.py
[2023-09-17T01:56:53.297+0800] {processor.py:839} INFO - DAG(s) dict_keys(['example_short_circuit_operator']) retrieved from /opt/homebrew/lib/python3.11/site-packages/airflow/example_dags/example_short_circuit_operator.py
[2023-09-17T01:56:53.394+0800] {logging_mixin.py:151} INFO - [2023-09-17T01:56:53.394+0800] {dag.py:2915} INFO - Sync 1 DAGs
[2023-09-17T01:56:53.403+0800] {logging_mixin.py:151} INFO - [2023-09-17T01:56:53.403+0800] {dag.py:3696} INFO - Setting next_dagrun for example_short_circuit_operator to 2023-09-15T17:56:53.403412+00:00, run_after=2023-09-16T17:56:53.403412+00:00
[2023-09-17T01:56:53.413+0800] {processor.py:179} INFO - Processing /opt/homebrew/lib/python3.11/site-packages/airflow/example_dags/example_short_circuit_operator.py took 0.140 seconds
[2023-09-17T05:00:34.426+0800] {processor.py:157} INFO - Started process (PID=86223) to work on /opt/homebrew/lib/python3.11/site-packages/airflow/example_dags/example_short_circuit_operator.py
[2023-09-17T05:00:34.427+0800] {processor.py:829} INFO - Processing file /opt/homebrew/lib/python3.11/site-packages/airflow/example_dags/example_short_circuit_operator.py for tasks to queue
[2023-09-17T05:00:34.427+0800] {logging_mixin.py:151} INFO - [2023-09-17T05:00:34.427+0800] {dagbag.py:539} INFO - Filling up the DagBag from /opt/homebrew/lib/python3.11/site-packages/airflow/example_dags/example_short_circuit_operator.py
[2023-09-17T05:00:34.458+0800] {processor.py:839} INFO - DAG(s) dict_keys(['example_short_circuit_operator']) retrieved from /opt/homebrew/lib/python3.11/site-packages/airflow/example_dags/example_short_circuit_operator.py
[2023-09-17T05:00:34.615+0800] {logging_mixin.py:151} INFO - [2023-09-17T05:00:34.615+0800] {dag.py:2915} INFO - Sync 1 DAGs
[2023-09-17T05:00:34.635+0800] {logging_mixin.py:151} INFO - [2023-09-17T05:00:34.635+0800] {dag.py:3696} INFO - Setting next_dagrun for example_short_circuit_operator to 2023-09-15T21:00:34.635113+00:00, run_after=2023-09-16T21:00:34.635113+00:00
[2023-09-17T05:00:34.655+0800] {processor.py:179} INFO - Processing /opt/homebrew/lib/python3.11/site-packages/airflow/example_dags/example_short_circuit_operator.py took 0.229 seconds
