[2023-09-16T10:03:32.771+0800] {processor.py:157} INFO - Started process (PID=84330) to work on /opt/homebrew/lib/python3.11/site-packages/airflow/example_dags/example_sensor_decorator.py
[2023-09-16T10:03:32.771+0800] {processor.py:829} INFO - Processing file /opt/homebrew/lib/python3.11/site-packages/airflow/example_dags/example_sensor_decorator.py for tasks to queue
[2023-09-16T10:03:32.772+0800] {logging_mixin.py:151} INFO - [2023-09-16T10:03:32.772+0800] {dagbag.py:539} INFO - Filling up the DagBag from /opt/homebrew/lib/python3.11/site-packages/airflow/example_dags/example_sensor_decorator.py
[2023-09-16T10:03:32.802+0800] {processor.py:839} INFO - DAG(s) dict_keys(['example_sensor_decorator']) retrieved from /opt/homebrew/lib/python3.11/site-packages/airflow/example_dags/example_sensor_decorator.py
[2023-09-16T10:03:32.902+0800] {logging_mixin.py:151} INFO - [2023-09-16T10:03:32.902+0800] {dag.py:2915} INFO - Sync 1 DAGs
[2023-09-16T10:03:32.907+0800] {logging_mixin.py:151} INFO - [2023-09-16T10:03:32.907+0800] {dag.py:3696} INFO - Setting next_dagrun for example_sensor_decorator to None, run_after=None
[2023-09-16T10:03:32.917+0800] {processor.py:179} INFO - Processing /opt/homebrew/lib/python3.11/site-packages/airflow/example_dags/example_sensor_decorator.py took 0.147 seconds
[2023-09-16T13:20:45.990+0800] {processor.py:157} INFO - Started process (PID=84626) to work on /opt/homebrew/lib/python3.11/site-packages/airflow/example_dags/example_sensor_decorator.py
[2023-09-16T13:20:45.990+0800] {processor.py:829} INFO - Processing file /opt/homebrew/lib/python3.11/site-packages/airflow/example_dags/example_sensor_decorator.py for tasks to queue
[2023-09-16T13:20:45.991+0800] {logging_mixin.py:151} INFO - [2023-09-16T13:20:45.990+0800] {dagbag.py:539} INFO - Filling up the DagBag from /opt/homebrew/lib/python3.11/site-packages/airflow/example_dags/example_sensor_decorator.py
[2023-09-16T13:20:46.021+0800] {processor.py:839} INFO - DAG(s) dict_keys(['example_sensor_decorator']) retrieved from /opt/homebrew/lib/python3.11/site-packages/airflow/example_dags/example_sensor_decorator.py
[2023-09-16T13:20:46.122+0800] {logging_mixin.py:151} INFO - [2023-09-16T13:20:46.121+0800] {dag.py:2915} INFO - Sync 1 DAGs
[2023-09-16T13:20:46.126+0800] {logging_mixin.py:151} INFO - [2023-09-16T13:20:46.126+0800] {dag.py:3696} INFO - Setting next_dagrun for example_sensor_decorator to None, run_after=None
[2023-09-16T13:20:46.137+0800] {processor.py:179} INFO - Processing /opt/homebrew/lib/python3.11/site-packages/airflow/example_dags/example_sensor_decorator.py took 0.147 seconds
[2023-09-16T16:40:40.674+0800] {processor.py:157} INFO - Started process (PID=84932) to work on /opt/homebrew/lib/python3.11/site-packages/airflow/example_dags/example_sensor_decorator.py
[2023-09-16T16:40:40.675+0800] {processor.py:829} INFO - Processing file /opt/homebrew/lib/python3.11/site-packages/airflow/example_dags/example_sensor_decorator.py for tasks to queue
[2023-09-16T16:40:40.675+0800] {logging_mixin.py:151} INFO - [2023-09-16T16:40:40.675+0800] {dagbag.py:539} INFO - Filling up the DagBag from /opt/homebrew/lib/python3.11/site-packages/airflow/example_dags/example_sensor_decorator.py
[2023-09-16T16:40:40.712+0800] {processor.py:839} INFO - DAG(s) dict_keys(['example_sensor_decorator']) retrieved from /opt/homebrew/lib/python3.11/site-packages/airflow/example_dags/example_sensor_decorator.py
[2023-09-16T16:40:40.842+0800] {logging_mixin.py:151} INFO - [2023-09-16T16:40:40.842+0800] {dag.py:2915} INFO - Sync 1 DAGs
[2023-09-16T16:40:40.848+0800] {logging_mixin.py:151} INFO - [2023-09-16T16:40:40.848+0800] {dag.py:3696} INFO - Setting next_dagrun for example_sensor_decorator to None, run_after=None
[2023-09-16T16:40:40.859+0800] {processor.py:179} INFO - Processing /opt/homebrew/lib/python3.11/site-packages/airflow/example_dags/example_sensor_decorator.py took 0.186 seconds
[2023-09-16T19:59:22.069+0800] {processor.py:157} INFO - Started process (PID=85237) to work on /opt/homebrew/lib/python3.11/site-packages/airflow/example_dags/example_sensor_decorator.py
[2023-09-16T19:59:22.069+0800] {processor.py:829} INFO - Processing file /opt/homebrew/lib/python3.11/site-packages/airflow/example_dags/example_sensor_decorator.py for tasks to queue
[2023-09-16T19:59:22.069+0800] {logging_mixin.py:151} INFO - [2023-09-16T19:59:22.069+0800] {dagbag.py:539} INFO - Filling up the DagBag from /opt/homebrew/lib/python3.11/site-packages/airflow/example_dags/example_sensor_decorator.py
[2023-09-16T19:59:22.100+0800] {processor.py:839} INFO - DAG(s) dict_keys(['example_sensor_decorator']) retrieved from /opt/homebrew/lib/python3.11/site-packages/airflow/example_dags/example_sensor_decorator.py
[2023-09-16T19:59:22.201+0800] {logging_mixin.py:151} INFO - [2023-09-16T19:59:22.201+0800] {dag.py:2915} INFO - Sync 1 DAGs
[2023-09-16T19:59:22.208+0800] {logging_mixin.py:151} INFO - [2023-09-16T19:59:22.208+0800] {dag.py:3696} INFO - Setting next_dagrun for example_sensor_decorator to None, run_after=None
[2023-09-16T19:59:22.219+0800] {processor.py:179} INFO - Processing /opt/homebrew/lib/python3.11/site-packages/airflow/example_dags/example_sensor_decorator.py took 0.150 seconds
[2023-09-16T23:16:51.039+0800] {processor.py:157} INFO - Started process (PID=85622) to work on /opt/homebrew/lib/python3.11/site-packages/airflow/example_dags/example_sensor_decorator.py
[2023-09-16T23:16:51.040+0800] {processor.py:829} INFO - Processing file /opt/homebrew/lib/python3.11/site-packages/airflow/example_dags/example_sensor_decorator.py for tasks to queue
[2023-09-16T23:16:51.040+0800] {logging_mixin.py:151} INFO - [2023-09-16T23:16:51.040+0800] {dagbag.py:539} INFO - Filling up the DagBag from /opt/homebrew/lib/python3.11/site-packages/airflow/example_dags/example_sensor_decorator.py
[2023-09-16T23:16:51.070+0800] {processor.py:839} INFO - DAG(s) dict_keys(['example_sensor_decorator']) retrieved from /opt/homebrew/lib/python3.11/site-packages/airflow/example_dags/example_sensor_decorator.py
[2023-09-16T23:16:51.171+0800] {logging_mixin.py:151} INFO - [2023-09-16T23:16:51.171+0800] {dag.py:2915} INFO - Sync 1 DAGs
[2023-09-16T23:16:51.175+0800] {logging_mixin.py:151} INFO - [2023-09-16T23:16:51.175+0800] {dag.py:3696} INFO - Setting next_dagrun for example_sensor_decorator to None, run_after=None
[2023-09-16T23:16:51.186+0800] {processor.py:179} INFO - Processing /opt/homebrew/lib/python3.11/site-packages/airflow/example_dags/example_sensor_decorator.py took 0.147 seconds
[2023-09-17T02:14:58.655+0800] {processor.py:157} INFO - Started process (PID=85939) to work on /opt/homebrew/lib/python3.11/site-packages/airflow/example_dags/example_sensor_decorator.py
[2023-09-17T02:14:58.656+0800] {processor.py:829} INFO - Processing file /opt/homebrew/lib/python3.11/site-packages/airflow/example_dags/example_sensor_decorator.py for tasks to queue
[2023-09-17T02:14:58.656+0800] {logging_mixin.py:151} INFO - [2023-09-17T02:14:58.656+0800] {dagbag.py:539} INFO - Filling up the DagBag from /opt/homebrew/lib/python3.11/site-packages/airflow/example_dags/example_sensor_decorator.py
[2023-09-17T02:14:58.687+0800] {processor.py:839} INFO - DAG(s) dict_keys(['example_sensor_decorator']) retrieved from /opt/homebrew/lib/python3.11/site-packages/airflow/example_dags/example_sensor_decorator.py
[2023-09-17T02:14:58.787+0800] {logging_mixin.py:151} INFO - [2023-09-17T02:14:58.787+0800] {dag.py:2915} INFO - Sync 1 DAGs
[2023-09-17T02:14:58.792+0800] {logging_mixin.py:151} INFO - [2023-09-17T02:14:58.792+0800] {dag.py:3696} INFO - Setting next_dagrun for example_sensor_decorator to None, run_after=None
[2023-09-17T02:14:58.802+0800] {processor.py:179} INFO - Processing /opt/homebrew/lib/python3.11/site-packages/airflow/example_dags/example_sensor_decorator.py took 0.148 seconds
[2023-09-17T05:17:04.669+0800] {processor.py:157} INFO - Started process (PID=86264) to work on /opt/homebrew/lib/python3.11/site-packages/airflow/example_dags/example_sensor_decorator.py
[2023-09-17T05:17:04.669+0800] {processor.py:829} INFO - Processing file /opt/homebrew/lib/python3.11/site-packages/airflow/example_dags/example_sensor_decorator.py for tasks to queue
[2023-09-17T05:17:04.670+0800] {logging_mixin.py:151} INFO - [2023-09-17T05:17:04.669+0800] {dagbag.py:539} INFO - Filling up the DagBag from /opt/homebrew/lib/python3.11/site-packages/airflow/example_dags/example_sensor_decorator.py
[2023-09-17T05:17:04.700+0800] {processor.py:839} INFO - DAG(s) dict_keys(['example_sensor_decorator']) retrieved from /opt/homebrew/lib/python3.11/site-packages/airflow/example_dags/example_sensor_decorator.py
[2023-09-17T05:17:04.801+0800] {logging_mixin.py:151} INFO - [2023-09-17T05:17:04.801+0800] {dag.py:2915} INFO - Sync 1 DAGs
[2023-09-17T05:17:04.806+0800] {logging_mixin.py:151} INFO - [2023-09-17T05:17:04.806+0800] {dag.py:3696} INFO - Setting next_dagrun for example_sensor_decorator to None, run_after=None
[2023-09-17T05:17:04.816+0800] {processor.py:179} INFO - Processing /opt/homebrew/lib/python3.11/site-packages/airflow/example_dags/example_sensor_decorator.py took 0.148 seconds
