[2023-09-16T09:16:24.987+0800] {processor.py:157} INFO - Started process (PID=84227) to work on /opt/homebrew/lib/python3.11/site-packages/airflow/example_dags/example_time_delta_sensor_async.py
[2023-09-16T09:16:24.987+0800] {processor.py:829} INFO - Processing file /opt/homebrew/lib/python3.11/site-packages/airflow/example_dags/example_time_delta_sensor_async.py for tasks to queue
[2023-09-16T09:16:24.987+0800] {logging_mixin.py:151} INFO - [2023-09-16T09:16:24.987+0800] {dagbag.py:539} INFO - Filling up the DagBag from /opt/homebrew/lib/python3.11/site-packages/airflow/example_dags/example_time_delta_sensor_async.py
[2023-09-16T09:16:25.002+0800] {processor.py:839} INFO - DAG(s) dict_keys(['example_time_delta_sensor_async']) retrieved from /opt/homebrew/lib/python3.11/site-packages/airflow/example_dags/example_time_delta_sensor_async.py
[2023-09-16T09:16:25.104+0800] {logging_mixin.py:151} INFO - [2023-09-16T09:16:25.104+0800] {dag.py:2915} INFO - Sync 1 DAGs
[2023-09-16T09:16:25.109+0800] {logging_mixin.py:151} INFO - [2023-09-16T09:16:25.109+0800] {dag.py:3696} INFO - Setting next_dagrun for example_time_delta_sensor_async to None, run_after=None
[2023-09-16T09:16:25.120+0800] {processor.py:179} INFO - Processing /opt/homebrew/lib/python3.11/site-packages/airflow/example_dags/example_time_delta_sensor_async.py took 0.134 seconds
[2023-09-16T12:32:13.163+0800] {processor.py:157} INFO - Started process (PID=84554) to work on /opt/homebrew/lib/python3.11/site-packages/airflow/example_dags/example_time_delta_sensor_async.py
[2023-09-16T12:32:13.163+0800] {processor.py:829} INFO - Processing file /opt/homebrew/lib/python3.11/site-packages/airflow/example_dags/example_time_delta_sensor_async.py for tasks to queue
[2023-09-16T12:32:13.164+0800] {logging_mixin.py:151} INFO - [2023-09-16T12:32:13.163+0800] {dagbag.py:539} INFO - Filling up the DagBag from /opt/homebrew/lib/python3.11/site-packages/airflow/example_dags/example_time_delta_sensor_async.py
[2023-09-16T12:32:13.178+0800] {processor.py:839} INFO - DAG(s) dict_keys(['example_time_delta_sensor_async']) retrieved from /opt/homebrew/lib/python3.11/site-packages/airflow/example_dags/example_time_delta_sensor_async.py
[2023-09-16T12:32:13.281+0800] {logging_mixin.py:151} INFO - [2023-09-16T12:32:13.281+0800] {dag.py:2915} INFO - Sync 1 DAGs
[2023-09-16T12:32:13.286+0800] {logging_mixin.py:151} INFO - [2023-09-16T12:32:13.285+0800] {dag.py:3696} INFO - Setting next_dagrun for example_time_delta_sensor_async to None, run_after=None
[2023-09-16T12:32:13.297+0800] {processor.py:179} INFO - Processing /opt/homebrew/lib/python3.11/site-packages/airflow/example_dags/example_time_delta_sensor_async.py took 0.134 seconds
[2023-09-16T15:50:05.791+0800] {processor.py:157} INFO - Started process (PID=84860) to work on /opt/homebrew/lib/python3.11/site-packages/airflow/example_dags/example_time_delta_sensor_async.py
[2023-09-16T15:50:05.792+0800] {processor.py:829} INFO - Processing file /opt/homebrew/lib/python3.11/site-packages/airflow/example_dags/example_time_delta_sensor_async.py for tasks to queue
[2023-09-16T15:50:05.792+0800] {logging_mixin.py:151} INFO - [2023-09-16T15:50:05.792+0800] {dagbag.py:539} INFO - Filling up the DagBag from /opt/homebrew/lib/python3.11/site-packages/airflow/example_dags/example_time_delta_sensor_async.py
[2023-09-16T15:50:05.810+0800] {processor.py:839} INFO - DAG(s) dict_keys(['example_time_delta_sensor_async']) retrieved from /opt/homebrew/lib/python3.11/site-packages/airflow/example_dags/example_time_delta_sensor_async.py
[2023-09-16T15:50:05.947+0800] {logging_mixin.py:151} INFO - [2023-09-16T15:50:05.946+0800] {dag.py:2915} INFO - Sync 1 DAGs
[2023-09-16T15:50:05.953+0800] {logging_mixin.py:151} INFO - [2023-09-16T15:50:05.953+0800] {dag.py:3696} INFO - Setting next_dagrun for example_time_delta_sensor_async to None, run_after=None
[2023-09-16T15:50:05.966+0800] {processor.py:179} INFO - Processing /opt/homebrew/lib/python3.11/site-packages/airflow/example_dags/example_time_delta_sensor_async.py took 0.176 seconds
[2023-09-16T19:07:25.465+0800] {processor.py:157} INFO - Started process (PID=85159) to work on /opt/homebrew/lib/python3.11/site-packages/airflow/example_dags/example_time_delta_sensor_async.py
[2023-09-16T19:07:25.466+0800] {processor.py:829} INFO - Processing file /opt/homebrew/lib/python3.11/site-packages/airflow/example_dags/example_time_delta_sensor_async.py for tasks to queue
[2023-09-16T19:07:25.466+0800] {logging_mixin.py:151} INFO - [2023-09-16T19:07:25.466+0800] {dagbag.py:539} INFO - Filling up the DagBag from /opt/homebrew/lib/python3.11/site-packages/airflow/example_dags/example_time_delta_sensor_async.py
[2023-09-16T19:07:25.484+0800] {processor.py:839} INFO - DAG(s) dict_keys(['example_time_delta_sensor_async']) retrieved from /opt/homebrew/lib/python3.11/site-packages/airflow/example_dags/example_time_delta_sensor_async.py
[2023-09-16T19:07:25.601+0800] {logging_mixin.py:151} INFO - [2023-09-16T19:07:25.601+0800] {dag.py:2915} INFO - Sync 1 DAGs
[2023-09-16T19:07:25.606+0800] {logging_mixin.py:151} INFO - [2023-09-16T19:07:25.606+0800] {dag.py:3696} INFO - Setting next_dagrun for example_time_delta_sensor_async to None, run_after=None
[2023-09-16T19:07:25.617+0800] {processor.py:179} INFO - Processing /opt/homebrew/lib/python3.11/site-packages/airflow/example_dags/example_time_delta_sensor_async.py took 0.152 seconds
[2023-09-16T22:27:36.416+0800] {processor.py:157} INFO - Started process (PID=85541) to work on /opt/homebrew/lib/python3.11/site-packages/airflow/example_dags/example_time_delta_sensor_async.py
[2023-09-16T22:27:36.417+0800] {processor.py:829} INFO - Processing file /opt/homebrew/lib/python3.11/site-packages/airflow/example_dags/example_time_delta_sensor_async.py for tasks to queue
[2023-09-16T22:27:36.417+0800] {logging_mixin.py:151} INFO - [2023-09-16T22:27:36.417+0800] {dagbag.py:539} INFO - Filling up the DagBag from /opt/homebrew/lib/python3.11/site-packages/airflow/example_dags/example_time_delta_sensor_async.py
[2023-09-16T22:27:36.432+0800] {processor.py:839} INFO - DAG(s) dict_keys(['example_time_delta_sensor_async']) retrieved from /opt/homebrew/lib/python3.11/site-packages/airflow/example_dags/example_time_delta_sensor_async.py
[2023-09-16T22:27:36.536+0800] {logging_mixin.py:151} INFO - [2023-09-16T22:27:36.536+0800] {dag.py:2915} INFO - Sync 1 DAGs
[2023-09-16T22:27:36.541+0800] {logging_mixin.py:151} INFO - [2023-09-16T22:27:36.541+0800] {dag.py:3696} INFO - Setting next_dagrun for example_time_delta_sensor_async to None, run_after=None
[2023-09-16T22:27:36.552+0800] {processor.py:179} INFO - Processing /opt/homebrew/lib/python3.11/site-packages/airflow/example_dags/example_time_delta_sensor_async.py took 0.136 seconds
[2023-09-17T01:23:52.685+0800] {processor.py:157} INFO - Started process (PID=85856) to work on /opt/homebrew/lib/python3.11/site-packages/airflow/example_dags/example_time_delta_sensor_async.py
[2023-09-17T01:23:52.686+0800] {processor.py:829} INFO - Processing file /opt/homebrew/lib/python3.11/site-packages/airflow/example_dags/example_time_delta_sensor_async.py for tasks to queue
[2023-09-17T01:23:52.686+0800] {logging_mixin.py:151} INFO - [2023-09-17T01:23:52.686+0800] {dagbag.py:539} INFO - Filling up the DagBag from /opt/homebrew/lib/python3.11/site-packages/airflow/example_dags/example_time_delta_sensor_async.py
[2023-09-17T01:23:52.702+0800] {processor.py:839} INFO - DAG(s) dict_keys(['example_time_delta_sensor_async']) retrieved from /opt/homebrew/lib/python3.11/site-packages/airflow/example_dags/example_time_delta_sensor_async.py
[2023-09-17T01:23:52.805+0800] {logging_mixin.py:151} INFO - [2023-09-17T01:23:52.805+0800] {dag.py:2915} INFO - Sync 1 DAGs
[2023-09-17T01:23:52.810+0800] {logging_mixin.py:151} INFO - [2023-09-17T01:23:52.810+0800] {dag.py:3696} INFO - Setting next_dagrun for example_time_delta_sensor_async to None, run_after=None
[2023-09-17T01:23:52.821+0800] {processor.py:179} INFO - Processing /opt/homebrew/lib/python3.11/site-packages/airflow/example_dags/example_time_delta_sensor_async.py took 0.136 seconds
[2023-09-17T04:43:07.988+0800] {processor.py:157} INFO - Started process (PID=86190) to work on /opt/homebrew/lib/python3.11/site-packages/airflow/example_dags/example_time_delta_sensor_async.py
[2023-09-17T04:43:07.988+0800] {processor.py:829} INFO - Processing file /opt/homebrew/lib/python3.11/site-packages/airflow/example_dags/example_time_delta_sensor_async.py for tasks to queue
[2023-09-17T04:43:07.988+0800] {logging_mixin.py:151} INFO - [2023-09-17T04:43:07.988+0800] {dagbag.py:539} INFO - Filling up the DagBag from /opt/homebrew/lib/python3.11/site-packages/airflow/example_dags/example_time_delta_sensor_async.py
[2023-09-17T04:43:08.004+0800] {processor.py:839} INFO - DAG(s) dict_keys(['example_time_delta_sensor_async']) retrieved from /opt/homebrew/lib/python3.11/site-packages/airflow/example_dags/example_time_delta_sensor_async.py
[2023-09-17T04:43:08.107+0800] {logging_mixin.py:151} INFO - [2023-09-17T04:43:08.106+0800] {dag.py:2915} INFO - Sync 1 DAGs
[2023-09-17T04:43:08.111+0800] {logging_mixin.py:151} INFO - [2023-09-17T04:43:08.111+0800] {dag.py:3696} INFO - Setting next_dagrun for example_time_delta_sensor_async to None, run_after=None
[2023-09-17T04:43:08.122+0800] {processor.py:179} INFO - Processing /opt/homebrew/lib/python3.11/site-packages/airflow/example_dags/example_time_delta_sensor_async.py took 0.135 seconds
[2023-09-17T07:47:12.734+0800] {processor.py:157} INFO - Started process (PID=86486) to work on /opt/homebrew/lib/python3.11/site-packages/airflow/example_dags/example_time_delta_sensor_async.py
[2023-09-17T07:47:12.734+0800] {processor.py:829} INFO - Processing file /opt/homebrew/lib/python3.11/site-packages/airflow/example_dags/example_time_delta_sensor_async.py for tasks to queue
[2023-09-17T07:47:12.734+0800] {logging_mixin.py:151} INFO - [2023-09-17T07:47:12.734+0800] {dagbag.py:539} INFO - Filling up the DagBag from /opt/homebrew/lib/python3.11/site-packages/airflow/example_dags/example_time_delta_sensor_async.py
[2023-09-17T07:47:12.750+0800] {processor.py:839} INFO - DAG(s) dict_keys(['example_time_delta_sensor_async']) retrieved from /opt/homebrew/lib/python3.11/site-packages/airflow/example_dags/example_time_delta_sensor_async.py
[2023-09-17T07:47:12.853+0800] {logging_mixin.py:151} INFO - [2023-09-17T07:47:12.853+0800] {dag.py:2915} INFO - Sync 1 DAGs
[2023-09-17T07:47:12.858+0800] {logging_mixin.py:151} INFO - [2023-09-17T07:47:12.858+0800] {dag.py:3696} INFO - Setting next_dagrun for example_time_delta_sensor_async to None, run_after=None
[2023-09-17T07:47:12.869+0800] {processor.py:179} INFO - Processing /opt/homebrew/lib/python3.11/site-packages/airflow/example_dags/example_time_delta_sensor_async.py took 0.136 seconds
