[2023-09-16T10:54:31.348+0800] {processor.py:157} INFO - Started process (PID=84404) to work on /opt/homebrew/lib/python3.11/site-packages/airflow/example_dags/example_dynamic_task_mapping_with_no_taskflow_operators.py
[2023-09-16T10:54:31.349+0800] {processor.py:829} INFO - Processing file /opt/homebrew/lib/python3.11/site-packages/airflow/example_dags/example_dynamic_task_mapping_with_no_taskflow_operators.py for tasks to queue
[2023-09-16T10:54:31.349+0800] {logging_mixin.py:151} INFO - [2023-09-16T10:54:31.349+0800] {dagbag.py:539} INFO - Filling up the DagBag from /opt/homebrew/lib/python3.11/site-packages/airflow/example_dags/example_dynamic_task_mapping_with_no_taskflow_operators.py
[2023-09-16T10:54:31.364+0800] {processor.py:839} INFO - DAG(s) dict_keys(['example_dynamic_task_mapping_with_no_taskflow_operators']) retrieved from /opt/homebrew/lib/python3.11/site-packages/airflow/example_dags/example_dynamic_task_mapping_with_no_taskflow_operators.py
[2023-09-16T10:54:31.458+0800] {logging_mixin.py:151} INFO - [2023-09-16T10:54:31.458+0800] {dag.py:2915} INFO - Sync 1 DAGs
[2023-09-16T10:54:31.466+0800] {logging_mixin.py:151} INFO - [2023-09-16T10:54:31.466+0800] {dag.py:3696} INFO - Setting next_dagrun for example_dynamic_task_mapping_with_no_taskflow_operators to 2023-09-15T02:54:31.466638+00:00, run_after=2023-09-16T02:54:31.466638+00:00
[2023-09-16T10:54:31.477+0800] {processor.py:179} INFO - Processing /opt/homebrew/lib/python3.11/site-packages/airflow/example_dags/example_dynamic_task_mapping_with_no_taskflow_operators.py took 0.129 seconds
[2023-09-16T14:09:47.053+0800] {processor.py:157} INFO - Started process (PID=84701) to work on /opt/homebrew/lib/python3.11/site-packages/airflow/example_dags/example_dynamic_task_mapping_with_no_taskflow_operators.py
[2023-09-16T14:09:47.054+0800] {processor.py:829} INFO - Processing file /opt/homebrew/lib/python3.11/site-packages/airflow/example_dags/example_dynamic_task_mapping_with_no_taskflow_operators.py for tasks to queue
[2023-09-16T14:09:47.054+0800] {logging_mixin.py:151} INFO - [2023-09-16T14:09:47.054+0800] {dagbag.py:539} INFO - Filling up the DagBag from /opt/homebrew/lib/python3.11/site-packages/airflow/example_dags/example_dynamic_task_mapping_with_no_taskflow_operators.py
[2023-09-16T14:09:47.069+0800] {processor.py:839} INFO - DAG(s) dict_keys(['example_dynamic_task_mapping_with_no_taskflow_operators']) retrieved from /opt/homebrew/lib/python3.11/site-packages/airflow/example_dags/example_dynamic_task_mapping_with_no_taskflow_operators.py
[2023-09-16T14:09:47.163+0800] {logging_mixin.py:151} INFO - [2023-09-16T14:09:47.163+0800] {dag.py:2915} INFO - Sync 1 DAGs
[2023-09-16T14:09:47.171+0800] {logging_mixin.py:151} INFO - [2023-09-16T14:09:47.171+0800] {dag.py:3696} INFO - Setting next_dagrun for example_dynamic_task_mapping_with_no_taskflow_operators to 2023-09-15T06:09:47.171456+00:00, run_after=2023-09-16T06:09:47.171456+00:00
[2023-09-16T14:09:47.182+0800] {processor.py:179} INFO - Processing /opt/homebrew/lib/python3.11/site-packages/airflow/example_dags/example_dynamic_task_mapping_with_no_taskflow_operators.py took 0.129 seconds
[2023-09-16T17:11:00.623+0800] {processor.py:157} INFO - Started process (PID=85005) to work on /opt/homebrew/lib/python3.11/site-packages/airflow/example_dags/example_dynamic_task_mapping_with_no_taskflow_operators.py
[2023-09-16T17:11:00.624+0800] {processor.py:829} INFO - Processing file /opt/homebrew/lib/python3.11/site-packages/airflow/example_dags/example_dynamic_task_mapping_with_no_taskflow_operators.py for tasks to queue
[2023-09-16T17:11:00.624+0800] {logging_mixin.py:151} INFO - [2023-09-16T17:11:00.624+0800] {dagbag.py:539} INFO - Filling up the DagBag from /opt/homebrew/lib/python3.11/site-packages/airflow/example_dags/example_dynamic_task_mapping_with_no_taskflow_operators.py
[2023-09-16T17:11:00.639+0800] {processor.py:839} INFO - DAG(s) dict_keys(['example_dynamic_task_mapping_with_no_taskflow_operators']) retrieved from /opt/homebrew/lib/python3.11/site-packages/airflow/example_dags/example_dynamic_task_mapping_with_no_taskflow_operators.py
[2023-09-16T17:11:00.733+0800] {logging_mixin.py:151} INFO - [2023-09-16T17:11:00.732+0800] {dag.py:2915} INFO - Sync 1 DAGs
[2023-09-16T17:11:00.741+0800] {logging_mixin.py:151} INFO - [2023-09-16T17:11:00.741+0800] {dag.py:3696} INFO - Setting next_dagrun for example_dynamic_task_mapping_with_no_taskflow_operators to 2023-09-15T09:11:00.741299+00:00, run_after=2023-09-16T09:11:00.741299+00:00
[2023-09-16T17:11:00.752+0800] {processor.py:179} INFO - Processing /opt/homebrew/lib/python3.11/site-packages/airflow/example_dags/example_dynamic_task_mapping_with_no_taskflow_operators.py took 0.129 seconds
[2023-09-16T20:46:59.380+0800] {processor.py:157} INFO - Started process (PID=85308) to work on /opt/homebrew/lib/python3.11/site-packages/airflow/example_dags/example_dynamic_task_mapping_with_no_taskflow_operators.py
[2023-09-16T20:46:59.381+0800] {processor.py:829} INFO - Processing file /opt/homebrew/lib/python3.11/site-packages/airflow/example_dags/example_dynamic_task_mapping_with_no_taskflow_operators.py for tasks to queue
[2023-09-16T20:46:59.382+0800] {logging_mixin.py:151} INFO - [2023-09-16T20:46:59.381+0800] {dagbag.py:539} INFO - Filling up the DagBag from /opt/homebrew/lib/python3.11/site-packages/airflow/example_dags/example_dynamic_task_mapping_with_no_taskflow_operators.py
[2023-09-16T20:46:59.401+0800] {processor.py:839} INFO - DAG(s) dict_keys(['example_dynamic_task_mapping_with_no_taskflow_operators']) retrieved from /opt/homebrew/lib/python3.11/site-packages/airflow/example_dags/example_dynamic_task_mapping_with_no_taskflow_operators.py
[2023-09-16T20:46:59.534+0800] {logging_mixin.py:151} INFO - [2023-09-16T20:46:59.534+0800] {dag.py:2915} INFO - Sync 1 DAGs
[2023-09-16T20:46:59.546+0800] {logging_mixin.py:151} INFO - [2023-09-16T20:46:59.546+0800] {dag.py:3696} INFO - Setting next_dagrun for example_dynamic_task_mapping_with_no_taskflow_operators to 2023-09-15T12:46:59.546417+00:00, run_after=2023-09-16T12:46:59.546417+00:00
[2023-09-16T20:46:59.562+0800] {processor.py:179} INFO - Processing /opt/homebrew/lib/python3.11/site-packages/airflow/example_dags/example_dynamic_task_mapping_with_no_taskflow_operators.py took 0.183 seconds
[2023-09-16T23:48:01.350+0800] {processor.py:157} INFO - Started process (PID=85684) to work on /opt/homebrew/lib/python3.11/site-packages/airflow/example_dags/example_dynamic_task_mapping_with_no_taskflow_operators.py
[2023-09-16T23:48:01.350+0800] {processor.py:829} INFO - Processing file /opt/homebrew/lib/python3.11/site-packages/airflow/example_dags/example_dynamic_task_mapping_with_no_taskflow_operators.py for tasks to queue
[2023-09-16T23:48:01.350+0800] {logging_mixin.py:151} INFO - [2023-09-16T23:48:01.350+0800] {dagbag.py:539} INFO - Filling up the DagBag from /opt/homebrew/lib/python3.11/site-packages/airflow/example_dags/example_dynamic_task_mapping_with_no_taskflow_operators.py
[2023-09-16T23:48:01.365+0800] {processor.py:839} INFO - DAG(s) dict_keys(['example_dynamic_task_mapping_with_no_taskflow_operators']) retrieved from /opt/homebrew/lib/python3.11/site-packages/airflow/example_dags/example_dynamic_task_mapping_with_no_taskflow_operators.py
[2023-09-16T23:48:01.459+0800] {logging_mixin.py:151} INFO - [2023-09-16T23:48:01.459+0800] {dag.py:2915} INFO - Sync 1 DAGs
[2023-09-16T23:48:01.467+0800] {logging_mixin.py:151} INFO - [2023-09-16T23:48:01.467+0800] {dag.py:3696} INFO - Setting next_dagrun for example_dynamic_task_mapping_with_no_taskflow_operators to 2023-09-15T15:48:01.467527+00:00, run_after=2023-09-16T15:48:01.467527+00:00
[2023-09-16T23:48:01.478+0800] {processor.py:179} INFO - Processing /opt/homebrew/lib/python3.11/site-packages/airflow/example_dags/example_dynamic_task_mapping_with_no_taskflow_operators.py took 0.129 seconds
[2023-09-17T03:04:36.294+0800] {processor.py:157} INFO - Started process (PID=86022) to work on /opt/homebrew/lib/python3.11/site-packages/airflow/example_dags/example_dynamic_task_mapping_with_no_taskflow_operators.py
[2023-09-17T03:04:36.295+0800] {processor.py:829} INFO - Processing file /opt/homebrew/lib/python3.11/site-packages/airflow/example_dags/example_dynamic_task_mapping_with_no_taskflow_operators.py for tasks to queue
[2023-09-17T03:04:36.295+0800] {logging_mixin.py:151} INFO - [2023-09-17T03:04:36.295+0800] {dagbag.py:539} INFO - Filling up the DagBag from /opt/homebrew/lib/python3.11/site-packages/airflow/example_dags/example_dynamic_task_mapping_with_no_taskflow_operators.py
[2023-09-17T03:04:36.310+0800] {processor.py:839} INFO - DAG(s) dict_keys(['example_dynamic_task_mapping_with_no_taskflow_operators']) retrieved from /opt/homebrew/lib/python3.11/site-packages/airflow/example_dags/example_dynamic_task_mapping_with_no_taskflow_operators.py
[2023-09-17T03:04:36.404+0800] {logging_mixin.py:151} INFO - [2023-09-17T03:04:36.404+0800] {dag.py:2915} INFO - Sync 1 DAGs
[2023-09-17T03:04:36.412+0800] {logging_mixin.py:151} INFO - [2023-09-17T03:04:36.412+0800] {dag.py:3696} INFO - Setting next_dagrun for example_dynamic_task_mapping_with_no_taskflow_operators to 2023-09-15T19:04:36.412385+00:00, run_after=2023-09-16T19:04:36.412385+00:00
[2023-09-17T03:04:36.422+0800] {processor.py:179} INFO - Processing /opt/homebrew/lib/python3.11/site-packages/airflow/example_dags/example_dynamic_task_mapping_with_no_taskflow_operators.py took 0.129 seconds
[2023-09-17T05:50:53.610+0800] {processor.py:157} INFO - Started process (PID=86324) to work on /opt/homebrew/lib/python3.11/site-packages/airflow/example_dags/example_dynamic_task_mapping_with_no_taskflow_operators.py
[2023-09-17T05:50:53.610+0800] {processor.py:829} INFO - Processing file /opt/homebrew/lib/python3.11/site-packages/airflow/example_dags/example_dynamic_task_mapping_with_no_taskflow_operators.py for tasks to queue
[2023-09-17T05:50:53.611+0800] {logging_mixin.py:151} INFO - [2023-09-17T05:50:53.610+0800] {dagbag.py:539} INFO - Filling up the DagBag from /opt/homebrew/lib/python3.11/site-packages/airflow/example_dags/example_dynamic_task_mapping_with_no_taskflow_operators.py
[2023-09-17T05:50:53.625+0800] {processor.py:839} INFO - DAG(s) dict_keys(['example_dynamic_task_mapping_with_no_taskflow_operators']) retrieved from /opt/homebrew/lib/python3.11/site-packages/airflow/example_dags/example_dynamic_task_mapping_with_no_taskflow_operators.py
[2023-09-17T05:50:53.720+0800] {logging_mixin.py:151} INFO - [2023-09-17T05:50:53.719+0800] {dag.py:2915} INFO - Sync 1 DAGs
[2023-09-17T05:50:53.728+0800] {logging_mixin.py:151} INFO - [2023-09-17T05:50:53.728+0800] {dag.py:3696} INFO - Setting next_dagrun for example_dynamic_task_mapping_with_no_taskflow_operators to 2023-09-15T21:50:53.728146+00:00, run_after=2023-09-16T21:50:53.728146+00:00
[2023-09-17T05:50:53.740+0800] {processor.py:179} INFO - Processing /opt/homebrew/lib/python3.11/site-packages/airflow/example_dags/example_dynamic_task_mapping_with_no_taskflow_operators.py took 0.130 seconds
