[2023-09-16T09:32:10.718+0800] {processor.py:157} INFO - Started process (PID=84256) to work on /opt/homebrew/lib/python3.11/site-packages/airflow/example_dags/example_sla_dag.py
[2023-09-16T09:32:10.719+0800] {processor.py:829} INFO - Processing file /opt/homebrew/lib/python3.11/site-packages/airflow/example_dags/example_sla_dag.py for tasks to queue
[2023-09-16T09:32:10.719+0800] {logging_mixin.py:151} INFO - [2023-09-16T09:32:10.719+0800] {dagbag.py:539} INFO - Filling up the DagBag from /opt/homebrew/lib/python3.11/site-packages/airflow/example_dags/example_sla_dag.py
[2023-09-16T09:32:10.750+0800] {processor.py:839} INFO - DAG(s) dict_keys(['example_sla_dag']) retrieved from /opt/homebrew/lib/python3.11/site-packages/airflow/example_dags/example_sla_dag.py
[2023-09-16T09:32:10.843+0800] {logging_mixin.py:151} INFO - [2023-09-16T09:32:10.843+0800] {dag.py:2915} INFO - Sync 1 DAGs
[2023-09-16T09:32:10.853+0800] {logging_mixin.py:151} INFO - [2023-09-16T09:32:10.853+0800] {dag.py:3696} INFO - Setting next_dagrun for example_sla_dag to 2023-09-16T01:30:00+00:00, run_after=2023-09-16T01:32:00+00:00
[2023-09-16T09:32:10.863+0800] {processor.py:179} INFO - Processing /opt/homebrew/lib/python3.11/site-packages/airflow/example_dags/example_sla_dag.py took 0.145 seconds
[2023-09-16T12:47:31.377+0800] {processor.py:157} INFO - Started process (PID=84577) to work on /opt/homebrew/lib/python3.11/site-packages/airflow/example_dags/example_sla_dag.py
[2023-09-16T12:47:31.378+0800] {processor.py:829} INFO - Processing file /opt/homebrew/lib/python3.11/site-packages/airflow/example_dags/example_sla_dag.py for tasks to queue
[2023-09-16T12:47:31.378+0800] {logging_mixin.py:151} INFO - [2023-09-16T12:47:31.378+0800] {dagbag.py:539} INFO - Filling up the DagBag from /opt/homebrew/lib/python3.11/site-packages/airflow/example_dags/example_sla_dag.py
[2023-09-16T12:47:31.409+0800] {processor.py:839} INFO - DAG(s) dict_keys(['example_sla_dag']) retrieved from /opt/homebrew/lib/python3.11/site-packages/airflow/example_dags/example_sla_dag.py
[2023-09-16T12:47:31.502+0800] {logging_mixin.py:151} INFO - [2023-09-16T12:47:31.502+0800] {dag.py:2915} INFO - Sync 1 DAGs
[2023-09-16T12:47:31.512+0800] {logging_mixin.py:151} INFO - [2023-09-16T12:47:31.512+0800] {dag.py:3696} INFO - Setting next_dagrun for example_sla_dag to 2023-09-16T04:44:00+00:00, run_after=2023-09-16T04:46:00+00:00
[2023-09-16T12:47:31.522+0800] {processor.py:179} INFO - Processing /opt/homebrew/lib/python3.11/site-packages/airflow/example_dags/example_sla_dag.py took 0.145 seconds
[2023-09-16T16:05:33.236+0800] {processor.py:157} INFO - Started process (PID=84886) to work on /opt/homebrew/lib/python3.11/site-packages/airflow/example_dags/example_sla_dag.py
[2023-09-16T16:05:33.236+0800] {processor.py:829} INFO - Processing file /opt/homebrew/lib/python3.11/site-packages/airflow/example_dags/example_sla_dag.py for tasks to queue
[2023-09-16T16:05:33.236+0800] {logging_mixin.py:151} INFO - [2023-09-16T16:05:33.236+0800] {dagbag.py:539} INFO - Filling up the DagBag from /opt/homebrew/lib/python3.11/site-packages/airflow/example_dags/example_sla_dag.py
[2023-09-16T16:05:33.268+0800] {processor.py:839} INFO - DAG(s) dict_keys(['example_sla_dag']) retrieved from /opt/homebrew/lib/python3.11/site-packages/airflow/example_dags/example_sla_dag.py
[2023-09-16T16:05:33.362+0800] {logging_mixin.py:151} INFO - [2023-09-16T16:05:33.362+0800] {dag.py:2915} INFO - Sync 1 DAGs
[2023-09-16T16:05:33.372+0800] {logging_mixin.py:151} INFO - [2023-09-16T16:05:33.372+0800] {dag.py:3696} INFO - Setting next_dagrun for example_sla_dag to 2023-09-16T08:02:00+00:00, run_after=2023-09-16T08:04:00+00:00
[2023-09-16T16:05:33.382+0800] {processor.py:179} INFO - Processing /opt/homebrew/lib/python3.11/site-packages/airflow/example_dags/example_sla_dag.py took 0.147 seconds
[2023-09-16T19:24:08.951+0800] {processor.py:157} INFO - Started process (PID=85198) to work on /opt/homebrew/lib/python3.11/site-packages/airflow/example_dags/example_sla_dag.py
[2023-09-16T19:24:08.951+0800] {processor.py:829} INFO - Processing file /opt/homebrew/lib/python3.11/site-packages/airflow/example_dags/example_sla_dag.py for tasks to queue
[2023-09-16T19:24:08.951+0800] {logging_mixin.py:151} INFO - [2023-09-16T19:24:08.951+0800] {dagbag.py:539} INFO - Filling up the DagBag from /opt/homebrew/lib/python3.11/site-packages/airflow/example_dags/example_sla_dag.py
[2023-09-16T19:24:08.983+0800] {processor.py:839} INFO - DAG(s) dict_keys(['example_sla_dag']) retrieved from /opt/homebrew/lib/python3.11/site-packages/airflow/example_dags/example_sla_dag.py
[2023-09-16T19:24:09.076+0800] {logging_mixin.py:151} INFO - [2023-09-16T19:24:09.075+0800] {dag.py:2915} INFO - Sync 1 DAGs
[2023-09-16T19:24:09.086+0800] {logging_mixin.py:151} INFO - [2023-09-16T19:24:09.085+0800] {dag.py:3696} INFO - Setting next_dagrun for example_sla_dag to 2023-09-16T11:22:00+00:00, run_after=2023-09-16T11:24:00+00:00
[2023-09-16T19:24:09.096+0800] {processor.py:179} INFO - Processing /opt/homebrew/lib/python3.11/site-packages/airflow/example_dags/example_sla_dag.py took 0.145 seconds
[2023-09-16T22:44:22.513+0800] {processor.py:157} INFO - Started process (PID=85566) to work on /opt/homebrew/lib/python3.11/site-packages/airflow/example_dags/example_sla_dag.py
[2023-09-16T22:44:22.514+0800] {processor.py:829} INFO - Processing file /opt/homebrew/lib/python3.11/site-packages/airflow/example_dags/example_sla_dag.py for tasks to queue
[2023-09-16T22:44:22.514+0800] {logging_mixin.py:151} INFO - [2023-09-16T22:44:22.514+0800] {dagbag.py:539} INFO - Filling up the DagBag from /opt/homebrew/lib/python3.11/site-packages/airflow/example_dags/example_sla_dag.py
[2023-09-16T22:44:22.546+0800] {processor.py:839} INFO - DAG(s) dict_keys(['example_sla_dag']) retrieved from /opt/homebrew/lib/python3.11/site-packages/airflow/example_dags/example_sla_dag.py
[2023-09-16T22:44:22.639+0800] {logging_mixin.py:151} INFO - [2023-09-16T22:44:22.638+0800] {dag.py:2915} INFO - Sync 1 DAGs
[2023-09-16T22:44:22.648+0800] {logging_mixin.py:151} INFO - [2023-09-16T22:44:22.648+0800] {dag.py:3696} INFO - Setting next_dagrun for example_sla_dag to 2023-09-16T14:42:00+00:00, run_after=2023-09-16T14:44:00+00:00
[2023-09-16T22:44:22.658+0800] {processor.py:179} INFO - Processing /opt/homebrew/lib/python3.11/site-packages/airflow/example_dags/example_sla_dag.py took 0.145 seconds
[2023-09-17T01:41:21.238+0800] {processor.py:157} INFO - Started process (PID=85885) to work on /opt/homebrew/lib/python3.11/site-packages/airflow/example_dags/example_sla_dag.py
[2023-09-17T01:41:21.239+0800] {processor.py:829} INFO - Processing file /opt/homebrew/lib/python3.11/site-packages/airflow/example_dags/example_sla_dag.py for tasks to queue
[2023-09-17T01:41:21.239+0800] {logging_mixin.py:151} INFO - [2023-09-17T01:41:21.239+0800] {dagbag.py:539} INFO - Filling up the DagBag from /opt/homebrew/lib/python3.11/site-packages/airflow/example_dags/example_sla_dag.py
[2023-09-17T01:41:21.271+0800] {processor.py:839} INFO - DAG(s) dict_keys(['example_sla_dag']) retrieved from /opt/homebrew/lib/python3.11/site-packages/airflow/example_dags/example_sla_dag.py
[2023-09-17T01:41:21.364+0800] {logging_mixin.py:151} INFO - [2023-09-17T01:41:21.364+0800] {dag.py:2915} INFO - Sync 1 DAGs
[2023-09-17T01:41:21.374+0800] {logging_mixin.py:151} INFO - [2023-09-17T01:41:21.374+0800] {dag.py:3696} INFO - Setting next_dagrun for example_sla_dag to 2023-09-16T17:38:00+00:00, run_after=2023-09-16T17:40:00+00:00
[2023-09-17T01:41:21.384+0800] {processor.py:179} INFO - Processing /opt/homebrew/lib/python3.11/site-packages/airflow/example_dags/example_sla_dag.py took 0.146 seconds
[2023-09-17T04:45:04.845+0800] {processor.py:157} INFO - Started process (PID=86211) to work on /opt/homebrew/lib/python3.11/site-packages/airflow/example_dags/example_sla_dag.py
[2023-09-17T04:45:04.846+0800] {processor.py:829} INFO - Processing file /opt/homebrew/lib/python3.11/site-packages/airflow/example_dags/example_sla_dag.py for tasks to queue
[2023-09-17T04:45:04.846+0800] {logging_mixin.py:151} INFO - [2023-09-17T04:45:04.846+0800] {dagbag.py:539} INFO - Filling up the DagBag from /opt/homebrew/lib/python3.11/site-packages/airflow/example_dags/example_sla_dag.py
[2023-09-17T04:45:04.878+0800] {processor.py:839} INFO - DAG(s) dict_keys(['example_sla_dag']) retrieved from /opt/homebrew/lib/python3.11/site-packages/airflow/example_dags/example_sla_dag.py
[2023-09-17T04:45:04.970+0800] {logging_mixin.py:151} INFO - [2023-09-17T04:45:04.970+0800] {dag.py:2915} INFO - Sync 1 DAGs
[2023-09-17T04:45:04.980+0800] {logging_mixin.py:151} INFO - [2023-09-17T04:45:04.980+0800] {dag.py:3696} INFO - Setting next_dagrun for example_sla_dag to 2023-09-16T20:42:00+00:00, run_after=2023-09-16T20:44:00+00:00
[2023-09-17T04:45:04.990+0800] {processor.py:179} INFO - Processing /opt/homebrew/lib/python3.11/site-packages/airflow/example_dags/example_sla_dag.py took 0.145 seconds
