[2023-09-16T09:16:23.787+0800] {processor.py:157} INFO - Started process (PID=84225) to work on /opt/homebrew/lib/python3.11/site-packages/airflow/example_dags/example_trigger_controller_dag.py
[2023-09-16T09:16:23.787+0800] {processor.py:829} INFO - Processing file /opt/homebrew/lib/python3.11/site-packages/airflow/example_dags/example_trigger_controller_dag.py for tasks to queue
[2023-09-16T09:16:23.788+0800] {logging_mixin.py:151} INFO - [2023-09-16T09:16:23.788+0800] {dagbag.py:539} INFO - Filling up the DagBag from /opt/homebrew/lib/python3.11/site-packages/airflow/example_dags/example_trigger_controller_dag.py
[2023-09-16T09:16:23.804+0800] {processor.py:839} INFO - DAG(s) dict_keys(['example_trigger_controller_dag']) retrieved from /opt/homebrew/lib/python3.11/site-packages/airflow/example_dags/example_trigger_controller_dag.py
[2023-09-16T09:16:23.901+0800] {logging_mixin.py:151} INFO - [2023-09-16T09:16:23.901+0800] {dag.py:2915} INFO - Sync 1 DAGs
[2023-09-16T09:16:23.909+0800] {logging_mixin.py:151} INFO - [2023-09-16T09:16:23.909+0800] {dag.py:3696} INFO - Setting next_dagrun for example_trigger_controller_dag to 2021-01-01T00:00:00+00:00, run_after=2021-01-01T00:00:00+00:00
[2023-09-16T09:16:23.919+0800] {processor.py:179} INFO - Processing /opt/homebrew/lib/python3.11/site-packages/airflow/example_dags/example_trigger_controller_dag.py took 0.132 seconds
[2023-09-16T12:32:11.278+0800] {processor.py:157} INFO - Started process (PID=84548) to work on /opt/homebrew/lib/python3.11/site-packages/airflow/example_dags/example_trigger_controller_dag.py
[2023-09-16T12:32:11.278+0800] {processor.py:829} INFO - Processing file /opt/homebrew/lib/python3.11/site-packages/airflow/example_dags/example_trigger_controller_dag.py for tasks to queue
[2023-09-16T12:32:11.278+0800] {logging_mixin.py:151} INFO - [2023-09-16T12:32:11.278+0800] {dagbag.py:539} INFO - Filling up the DagBag from /opt/homebrew/lib/python3.11/site-packages/airflow/example_dags/example_trigger_controller_dag.py
[2023-09-16T12:32:11.295+0800] {processor.py:839} INFO - DAG(s) dict_keys(['example_trigger_controller_dag']) retrieved from /opt/homebrew/lib/python3.11/site-packages/airflow/example_dags/example_trigger_controller_dag.py
[2023-09-16T12:32:11.388+0800] {logging_mixin.py:151} INFO - [2023-09-16T12:32:11.388+0800] {dag.py:2915} INFO - Sync 1 DAGs
[2023-09-16T12:32:11.396+0800] {logging_mixin.py:151} INFO - [2023-09-16T12:32:11.396+0800] {dag.py:3696} INFO - Setting next_dagrun for example_trigger_controller_dag to 2021-01-01T00:00:00+00:00, run_after=2021-01-01T00:00:00+00:00
[2023-09-16T12:32:11.406+0800] {processor.py:179} INFO - Processing /opt/homebrew/lib/python3.11/site-packages/airflow/example_dags/example_trigger_controller_dag.py took 0.128 seconds
[2023-09-16T15:35:01.051+0800] {processor.py:157} INFO - Started process (PID=84855) to work on /opt/homebrew/lib/python3.11/site-packages/airflow/example_dags/example_trigger_controller_dag.py
[2023-09-16T15:35:01.052+0800] {processor.py:829} INFO - Processing file /opt/homebrew/lib/python3.11/site-packages/airflow/example_dags/example_trigger_controller_dag.py for tasks to queue
[2023-09-16T15:35:01.052+0800] {logging_mixin.py:151} INFO - [2023-09-16T15:35:01.052+0800] {dagbag.py:539} INFO - Filling up the DagBag from /opt/homebrew/lib/python3.11/site-packages/airflow/example_dags/example_trigger_controller_dag.py
[2023-09-16T15:35:01.068+0800] {processor.py:839} INFO - DAG(s) dict_keys(['example_trigger_controller_dag']) retrieved from /opt/homebrew/lib/python3.11/site-packages/airflow/example_dags/example_trigger_controller_dag.py
[2023-09-16T15:35:01.160+0800] {logging_mixin.py:151} INFO - [2023-09-16T15:35:01.160+0800] {dag.py:2915} INFO - Sync 1 DAGs
[2023-09-16T15:35:01.168+0800] {logging_mixin.py:151} INFO - [2023-09-16T15:35:01.168+0800] {dag.py:3696} INFO - Setting next_dagrun for example_trigger_controller_dag to 2021-01-01T00:00:00+00:00, run_after=2021-01-01T00:00:00+00:00
[2023-09-16T15:35:01.178+0800] {processor.py:179} INFO - Processing /opt/homebrew/lib/python3.11/site-packages/airflow/example_dags/example_trigger_controller_dag.py took 0.127 seconds
[2023-09-16T18:51:06.745+0800] {processor.py:157} INFO - Started process (PID=85152) to work on /opt/homebrew/lib/python3.11/site-packages/airflow/example_dags/example_trigger_controller_dag.py
[2023-09-16T18:51:06.746+0800] {processor.py:829} INFO - Processing file /opt/homebrew/lib/python3.11/site-packages/airflow/example_dags/example_trigger_controller_dag.py for tasks to queue
[2023-09-16T18:51:06.746+0800] {logging_mixin.py:151} INFO - [2023-09-16T18:51:06.746+0800] {dagbag.py:539} INFO - Filling up the DagBag from /opt/homebrew/lib/python3.11/site-packages/airflow/example_dags/example_trigger_controller_dag.py
[2023-09-16T18:51:06.762+0800] {processor.py:839} INFO - DAG(s) dict_keys(['example_trigger_controller_dag']) retrieved from /opt/homebrew/lib/python3.11/site-packages/airflow/example_dags/example_trigger_controller_dag.py
[2023-09-16T18:51:06.855+0800] {logging_mixin.py:151} INFO - [2023-09-16T18:51:06.855+0800] {dag.py:2915} INFO - Sync 1 DAGs
[2023-09-16T18:51:06.864+0800] {logging_mixin.py:151} INFO - [2023-09-16T18:51:06.864+0800] {dag.py:3696} INFO - Setting next_dagrun for example_trigger_controller_dag to 2021-01-01T00:00:00+00:00, run_after=2021-01-01T00:00:00+00:00
[2023-09-16T18:51:06.874+0800] {processor.py:179} INFO - Processing /opt/homebrew/lib/python3.11/site-packages/airflow/example_dags/example_trigger_controller_dag.py took 0.129 seconds
[2023-09-16T22:27:34.274+0800] {processor.py:157} INFO - Started process (PID=85527) to work on /opt/homebrew/lib/python3.11/site-packages/airflow/example_dags/example_trigger_controller_dag.py
[2023-09-16T22:27:34.275+0800] {processor.py:829} INFO - Processing file /opt/homebrew/lib/python3.11/site-packages/airflow/example_dags/example_trigger_controller_dag.py for tasks to queue
[2023-09-16T22:27:34.283+0800] {logging_mixin.py:151} INFO - [2023-09-16T22:27:34.283+0800] {dagbag.py:539} INFO - Filling up the DagBag from /opt/homebrew/lib/python3.11/site-packages/airflow/example_dags/example_trigger_controller_dag.py
[2023-09-16T22:27:34.316+0800] {processor.py:839} INFO - DAG(s) dict_keys(['example_trigger_controller_dag']) retrieved from /opt/homebrew/lib/python3.11/site-packages/airflow/example_dags/example_trigger_controller_dag.py
[2023-09-16T22:27:34.443+0800] {logging_mixin.py:151} INFO - [2023-09-16T22:27:34.443+0800] {dag.py:2915} INFO - Sync 1 DAGs
[2023-09-16T22:27:34.454+0800] {logging_mixin.py:151} INFO - [2023-09-16T22:27:34.453+0800] {dag.py:3696} INFO - Setting next_dagrun for example_trigger_controller_dag to 2021-01-01T00:00:00+00:00, run_after=2021-01-01T00:00:00+00:00
[2023-09-16T22:27:34.465+0800] {processor.py:179} INFO - Processing /opt/homebrew/lib/python3.11/site-packages/airflow/example_dags/example_trigger_controller_dag.py took 0.192 seconds
[2023-09-17T01:23:50.785+0800] {processor.py:157} INFO - Started process (PID=85850) to work on /opt/homebrew/lib/python3.11/site-packages/airflow/example_dags/example_trigger_controller_dag.py
[2023-09-17T01:23:50.786+0800] {processor.py:829} INFO - Processing file /opt/homebrew/lib/python3.11/site-packages/airflow/example_dags/example_trigger_controller_dag.py for tasks to queue
[2023-09-17T01:23:50.786+0800] {logging_mixin.py:151} INFO - [2023-09-17T01:23:50.786+0800] {dagbag.py:539} INFO - Filling up the DagBag from /opt/homebrew/lib/python3.11/site-packages/airflow/example_dags/example_trigger_controller_dag.py
[2023-09-17T01:23:50.803+0800] {processor.py:839} INFO - DAG(s) dict_keys(['example_trigger_controller_dag']) retrieved from /opt/homebrew/lib/python3.11/site-packages/airflow/example_dags/example_trigger_controller_dag.py
[2023-09-17T01:23:50.896+0800] {logging_mixin.py:151} INFO - [2023-09-17T01:23:50.896+0800] {dag.py:2915} INFO - Sync 1 DAGs
[2023-09-17T01:23:50.905+0800] {logging_mixin.py:151} INFO - [2023-09-17T01:23:50.905+0800] {dag.py:3696} INFO - Setting next_dagrun for example_trigger_controller_dag to 2021-01-01T00:00:00+00:00, run_after=2021-01-01T00:00:00+00:00
[2023-09-17T01:23:50.915+0800] {processor.py:179} INFO - Processing /opt/homebrew/lib/python3.11/site-packages/airflow/example_dags/example_trigger_controller_dag.py took 0.130 seconds
[2023-09-17T04:43:06.107+0800] {processor.py:157} INFO - Started process (PID=86185) to work on /opt/homebrew/lib/python3.11/site-packages/airflow/example_dags/example_trigger_controller_dag.py
[2023-09-17T04:43:06.107+0800] {processor.py:829} INFO - Processing file /opt/homebrew/lib/python3.11/site-packages/airflow/example_dags/example_trigger_controller_dag.py for tasks to queue
[2023-09-17T04:43:06.107+0800] {logging_mixin.py:151} INFO - [2023-09-17T04:43:06.107+0800] {dagbag.py:539} INFO - Filling up the DagBag from /opt/homebrew/lib/python3.11/site-packages/airflow/example_dags/example_trigger_controller_dag.py
[2023-09-17T04:43:06.124+0800] {processor.py:839} INFO - DAG(s) dict_keys(['example_trigger_controller_dag']) retrieved from /opt/homebrew/lib/python3.11/site-packages/airflow/example_dags/example_trigger_controller_dag.py
[2023-09-17T04:43:06.216+0800] {logging_mixin.py:151} INFO - [2023-09-17T04:43:06.216+0800] {dag.py:2915} INFO - Sync 1 DAGs
[2023-09-17T04:43:06.224+0800] {logging_mixin.py:151} INFO - [2023-09-17T04:43:06.224+0800] {dag.py:3696} INFO - Setting next_dagrun for example_trigger_controller_dag to 2021-01-01T00:00:00+00:00, run_after=2021-01-01T00:00:00+00:00
[2023-09-17T04:43:06.234+0800] {processor.py:179} INFO - Processing /opt/homebrew/lib/python3.11/site-packages/airflow/example_dags/example_trigger_controller_dag.py took 0.128 seconds
[2023-09-17T07:29:18.577+0800] {processor.py:157} INFO - Started process (PID=86470) to work on /opt/homebrew/lib/python3.11/site-packages/airflow/example_dags/example_trigger_controller_dag.py
[2023-09-17T07:29:18.577+0800] {processor.py:829} INFO - Processing file /opt/homebrew/lib/python3.11/site-packages/airflow/example_dags/example_trigger_controller_dag.py for tasks to queue
[2023-09-17T07:29:18.578+0800] {logging_mixin.py:151} INFO - [2023-09-17T07:29:18.578+0800] {dagbag.py:539} INFO - Filling up the DagBag from /opt/homebrew/lib/python3.11/site-packages/airflow/example_dags/example_trigger_controller_dag.py
[2023-09-17T07:29:18.594+0800] {processor.py:839} INFO - DAG(s) dict_keys(['example_trigger_controller_dag']) retrieved from /opt/homebrew/lib/python3.11/site-packages/airflow/example_dags/example_trigger_controller_dag.py
[2023-09-17T07:29:18.686+0800] {logging_mixin.py:151} INFO - [2023-09-17T07:29:18.686+0800] {dag.py:2915} INFO - Sync 1 DAGs
[2023-09-17T07:29:18.694+0800] {logging_mixin.py:151} INFO - [2023-09-17T07:29:18.694+0800] {dag.py:3696} INFO - Setting next_dagrun for example_trigger_controller_dag to 2021-01-01T00:00:00+00:00, run_after=2021-01-01T00:00:00+00:00
[2023-09-17T07:29:18.704+0800] {processor.py:179} INFO - Processing /opt/homebrew/lib/python3.11/site-packages/airflow/example_dags/example_trigger_controller_dag.py took 0.128 seconds
