[2023-09-16T09:47:28.131+0800] {processor.py:157} INFO - Started process (PID=84259) to work on /opt/homebrew/lib/python3.11/site-packages/airflow/example_dags/example_skip_dag.py
[2023-09-16T09:47:28.131+0800] {processor.py:829} INFO - Processing file /opt/homebrew/lib/python3.11/site-packages/airflow/example_dags/example_skip_dag.py for tasks to queue
[2023-09-16T09:47:28.132+0800] {logging_mixin.py:151} INFO - [2023-09-16T09:47:28.132+0800] {dagbag.py:539} INFO - Filling up the DagBag from /opt/homebrew/lib/python3.11/site-packages/airflow/example_dags/example_skip_dag.py
[2023-09-16T09:47:28.149+0800] {processor.py:839} INFO - DAG(s) dict_keys(['example_skip_dag']) retrieved from /opt/homebrew/lib/python3.11/site-packages/airflow/example_dags/example_skip_dag.py
[2023-09-16T09:47:28.261+0800] {logging_mixin.py:151} INFO - [2023-09-16T09:47:28.261+0800] {dag.py:2915} INFO - Sync 1 DAGs
[2023-09-16T09:47:28.269+0800] {logging_mixin.py:151} INFO - [2023-09-16T09:47:28.269+0800] {dag.py:3696} INFO - Setting next_dagrun for example_skip_dag to 2023-09-15T01:47:28.269713+00:00, run_after=2023-09-16T01:47:28.269713+00:00
[2023-09-16T09:47:28.280+0800] {processor.py:179} INFO - Processing /opt/homebrew/lib/python3.11/site-packages/airflow/example_dags/example_skip_dag.py took 0.150 seconds
[2023-09-16T12:47:33.273+0800] {processor.py:157} INFO - Started process (PID=84581) to work on /opt/homebrew/lib/python3.11/site-packages/airflow/example_dags/example_skip_dag.py
[2023-09-16T12:47:33.273+0800] {processor.py:829} INFO - Processing file /opt/homebrew/lib/python3.11/site-packages/airflow/example_dags/example_skip_dag.py for tasks to queue
[2023-09-16T12:47:33.274+0800] {logging_mixin.py:151} INFO - [2023-09-16T12:47:33.274+0800] {dagbag.py:539} INFO - Filling up the DagBag from /opt/homebrew/lib/python3.11/site-packages/airflow/example_dags/example_skip_dag.py
[2023-09-16T12:47:33.289+0800] {processor.py:839} INFO - DAG(s) dict_keys(['example_skip_dag']) retrieved from /opt/homebrew/lib/python3.11/site-packages/airflow/example_dags/example_skip_dag.py
[2023-09-16T12:47:33.386+0800] {logging_mixin.py:151} INFO - [2023-09-16T12:47:33.386+0800] {dag.py:2915} INFO - Sync 1 DAGs
[2023-09-16T12:47:33.394+0800] {logging_mixin.py:151} INFO - [2023-09-16T12:47:33.394+0800] {dag.py:3696} INFO - Setting next_dagrun for example_skip_dag to 2023-09-15T04:47:33.394699+00:00, run_after=2023-09-16T04:47:33.394699+00:00
[2023-09-16T12:47:33.405+0800] {processor.py:179} INFO - Processing /opt/homebrew/lib/python3.11/site-packages/airflow/example_dags/example_skip_dag.py took 0.133 seconds
[2023-09-16T16:05:35.142+0800] {processor.py:157} INFO - Started process (PID=84899) to work on /opt/homebrew/lib/python3.11/site-packages/airflow/example_dags/example_skip_dag.py
[2023-09-16T16:05:35.143+0800] {processor.py:829} INFO - Processing file /opt/homebrew/lib/python3.11/site-packages/airflow/example_dags/example_skip_dag.py for tasks to queue
[2023-09-16T16:05:35.143+0800] {logging_mixin.py:151} INFO - [2023-09-16T16:05:35.143+0800] {dagbag.py:539} INFO - Filling up the DagBag from /opt/homebrew/lib/python3.11/site-packages/airflow/example_dags/example_skip_dag.py
[2023-09-16T16:05:35.159+0800] {processor.py:839} INFO - DAG(s) dict_keys(['example_skip_dag']) retrieved from /opt/homebrew/lib/python3.11/site-packages/airflow/example_dags/example_skip_dag.py
[2023-09-16T16:05:35.255+0800] {logging_mixin.py:151} INFO - [2023-09-16T16:05:35.255+0800] {dag.py:2915} INFO - Sync 1 DAGs
[2023-09-16T16:05:35.263+0800] {logging_mixin.py:151} INFO - [2023-09-16T16:05:35.263+0800] {dag.py:3696} INFO - Setting next_dagrun for example_skip_dag to 2023-09-15T08:05:35.263345+00:00, run_after=2023-09-16T08:05:35.263345+00:00
[2023-09-16T16:05:35.274+0800] {processor.py:179} INFO - Processing /opt/homebrew/lib/python3.11/site-packages/airflow/example_dags/example_skip_dag.py took 0.132 seconds
[2023-09-16T19:24:10.868+0800] {processor.py:157} INFO - Started process (PID=85200) to work on /opt/homebrew/lib/python3.11/site-packages/airflow/example_dags/example_skip_dag.py
[2023-09-16T19:24:10.868+0800] {processor.py:829} INFO - Processing file /opt/homebrew/lib/python3.11/site-packages/airflow/example_dags/example_skip_dag.py for tasks to queue
[2023-09-16T19:24:10.869+0800] {logging_mixin.py:151} INFO - [2023-09-16T19:24:10.868+0800] {dagbag.py:539} INFO - Filling up the DagBag from /opt/homebrew/lib/python3.11/site-packages/airflow/example_dags/example_skip_dag.py
[2023-09-16T19:24:10.885+0800] {processor.py:839} INFO - DAG(s) dict_keys(['example_skip_dag']) retrieved from /opt/homebrew/lib/python3.11/site-packages/airflow/example_dags/example_skip_dag.py
[2023-09-16T19:24:10.985+0800] {logging_mixin.py:151} INFO - [2023-09-16T19:24:10.985+0800] {dag.py:2915} INFO - Sync 1 DAGs
[2023-09-16T19:24:10.994+0800] {logging_mixin.py:151} INFO - [2023-09-16T19:24:10.994+0800] {dag.py:3696} INFO - Setting next_dagrun for example_skip_dag to 2023-09-15T11:24:10.994172+00:00, run_after=2023-09-16T11:24:10.994172+00:00
[2023-09-16T19:24:11.005+0800] {processor.py:179} INFO - Processing /opt/homebrew/lib/python3.11/site-packages/airflow/example_dags/example_skip_dag.py took 0.137 seconds
[2023-09-16T22:44:23.934+0800] {processor.py:157} INFO - Started process (PID=85569) to work on /opt/homebrew/lib/python3.11/site-packages/airflow/example_dags/example_skip_dag.py
[2023-09-16T22:44:23.934+0800] {processor.py:829} INFO - Processing file /opt/homebrew/lib/python3.11/site-packages/airflow/example_dags/example_skip_dag.py for tasks to queue
[2023-09-16T22:44:23.934+0800] {logging_mixin.py:151} INFO - [2023-09-16T22:44:23.934+0800] {dagbag.py:539} INFO - Filling up the DagBag from /opt/homebrew/lib/python3.11/site-packages/airflow/example_dags/example_skip_dag.py
[2023-09-16T22:44:23.950+0800] {processor.py:839} INFO - DAG(s) dict_keys(['example_skip_dag']) retrieved from /opt/homebrew/lib/python3.11/site-packages/airflow/example_dags/example_skip_dag.py
[2023-09-16T22:44:24.045+0800] {logging_mixin.py:151} INFO - [2023-09-16T22:44:24.045+0800] {dag.py:2915} INFO - Sync 1 DAGs
[2023-09-16T22:44:24.053+0800] {logging_mixin.py:151} INFO - [2023-09-16T22:44:24.053+0800] {dag.py:3696} INFO - Setting next_dagrun for example_skip_dag to 2023-09-15T14:44:24.053329+00:00, run_after=2023-09-16T14:44:24.053329+00:00
[2023-09-16T22:44:24.064+0800] {processor.py:179} INFO - Processing /opt/homebrew/lib/python3.11/site-packages/airflow/example_dags/example_skip_dag.py took 0.131 seconds
[2023-09-17T01:56:51.378+0800] {processor.py:157} INFO - Started process (PID=85892) to work on /opt/homebrew/lib/python3.11/site-packages/airflow/example_dags/example_skip_dag.py
[2023-09-17T01:56:51.378+0800] {processor.py:829} INFO - Processing file /opt/homebrew/lib/python3.11/site-packages/airflow/example_dags/example_skip_dag.py for tasks to queue
[2023-09-17T01:56:51.378+0800] {logging_mixin.py:151} INFO - [2023-09-17T01:56:51.378+0800] {dagbag.py:539} INFO - Filling up the DagBag from /opt/homebrew/lib/python3.11/site-packages/airflow/example_dags/example_skip_dag.py
[2023-09-17T01:56:51.394+0800] {processor.py:839} INFO - DAG(s) dict_keys(['example_skip_dag']) retrieved from /opt/homebrew/lib/python3.11/site-packages/airflow/example_dags/example_skip_dag.py
[2023-09-17T01:56:51.489+0800] {logging_mixin.py:151} INFO - [2023-09-17T01:56:51.489+0800] {dag.py:2915} INFO - Sync 1 DAGs
[2023-09-17T01:56:51.498+0800] {logging_mixin.py:151} INFO - [2023-09-17T01:56:51.497+0800] {dag.py:3696} INFO - Setting next_dagrun for example_skip_dag to 2023-09-15T17:56:51.497893+00:00, run_after=2023-09-16T17:56:51.497893+00:00
[2023-09-17T01:56:51.508+0800] {processor.py:179} INFO - Processing /opt/homebrew/lib/python3.11/site-packages/airflow/example_dags/example_skip_dag.py took 0.131 seconds
[2023-09-17T04:45:06.757+0800] {processor.py:157} INFO - Started process (PID=86218) to work on /opt/homebrew/lib/python3.11/site-packages/airflow/example_dags/example_skip_dag.py
[2023-09-17T04:45:06.758+0800] {processor.py:829} INFO - Processing file /opt/homebrew/lib/python3.11/site-packages/airflow/example_dags/example_skip_dag.py for tasks to queue
[2023-09-17T04:45:06.758+0800] {logging_mixin.py:151} INFO - [2023-09-17T04:45:06.758+0800] {dagbag.py:539} INFO - Filling up the DagBag from /opt/homebrew/lib/python3.11/site-packages/airflow/example_dags/example_skip_dag.py
[2023-09-17T04:45:06.774+0800] {processor.py:839} INFO - DAG(s) dict_keys(['example_skip_dag']) retrieved from /opt/homebrew/lib/python3.11/site-packages/airflow/example_dags/example_skip_dag.py
[2023-09-17T04:45:06.869+0800] {logging_mixin.py:151} INFO - [2023-09-17T04:45:06.869+0800] {dag.py:2915} INFO - Sync 1 DAGs
[2023-09-17T04:45:06.877+0800] {logging_mixin.py:151} INFO - [2023-09-17T04:45:06.877+0800] {dag.py:3696} INFO - Setting next_dagrun for example_skip_dag to 2023-09-15T20:45:06.877692+00:00, run_after=2023-09-16T20:45:06.877692+00:00
[2023-09-17T04:45:06.888+0800] {processor.py:179} INFO - Processing /opt/homebrew/lib/python3.11/site-packages/airflow/example_dags/example_skip_dag.py took 0.131 seconds
