[2023-09-16T10:38:29.195+0800] {processor.py:157} INFO - Started process (PID=84381) to work on /opt/homebrew/lib/python3.11/site-packages/airflow/example_dags/example_latest_only.py
[2023-09-16T10:38:29.196+0800] {processor.py:829} INFO - Processing file /opt/homebrew/lib/python3.11/site-packages/airflow/example_dags/example_latest_only.py for tasks to queue
[2023-09-16T10:38:29.196+0800] {logging_mixin.py:151} INFO - [2023-09-16T10:38:29.196+0800] {dagbag.py:539} INFO - Filling up the DagBag from /opt/homebrew/lib/python3.11/site-packages/airflow/example_dags/example_latest_only.py
[2023-09-16T10:38:29.211+0800] {processor.py:839} INFO - DAG(s) dict_keys(['latest_only']) retrieved from /opt/homebrew/lib/python3.11/site-packages/airflow/example_dags/example_latest_only.py
[2023-09-16T10:38:29.306+0800] {logging_mixin.py:151} INFO - [2023-09-16T10:38:29.306+0800] {dag.py:2915} INFO - Sync 1 DAGs
[2023-09-16T10:38:29.314+0800] {logging_mixin.py:151} INFO - [2023-09-16T10:38:29.314+0800] {dag.py:3696} INFO - Setting next_dagrun for latest_only to 2023-09-15T22:38:29.314684+00:00, run_after=2023-09-16T02:38:29.314684+00:00
[2023-09-16T10:38:29.325+0800] {processor.py:179} INFO - Processing /opt/homebrew/lib/python3.11/site-packages/airflow/example_dags/example_latest_only.py took 0.131 seconds
[2023-09-16T13:54:14.165+0800] {processor.py:157} INFO - Started process (PID=84678) to work on /opt/homebrew/lib/python3.11/site-packages/airflow/example_dags/example_latest_only.py
[2023-09-16T13:54:14.166+0800] {processor.py:829} INFO - Processing file /opt/homebrew/lib/python3.11/site-packages/airflow/example_dags/example_latest_only.py for tasks to queue
[2023-09-16T13:54:14.166+0800] {logging_mixin.py:151} INFO - [2023-09-16T13:54:14.166+0800] {dagbag.py:539} INFO - Filling up the DagBag from /opt/homebrew/lib/python3.11/site-packages/airflow/example_dags/example_latest_only.py
[2023-09-16T13:54:14.181+0800] {processor.py:839} INFO - DAG(s) dict_keys(['latest_only']) retrieved from /opt/homebrew/lib/python3.11/site-packages/airflow/example_dags/example_latest_only.py
[2023-09-16T13:54:14.276+0800] {logging_mixin.py:151} INFO - [2023-09-16T13:54:14.276+0800] {dag.py:2915} INFO - Sync 1 DAGs
[2023-09-16T13:54:14.284+0800] {logging_mixin.py:151} INFO - [2023-09-16T13:54:14.284+0800] {dag.py:3696} INFO - Setting next_dagrun for latest_only to 2023-09-16T01:54:14.284462+00:00, run_after=2023-09-16T05:54:14.284462+00:00
[2023-09-16T13:54:14.295+0800] {processor.py:179} INFO - Processing /opt/homebrew/lib/python3.11/site-packages/airflow/example_dags/example_latest_only.py took 0.131 seconds
[2023-09-16T16:53:55.296+0800] {processor.py:157} INFO - Started process (PID=84984) to work on /opt/homebrew/lib/python3.11/site-packages/airflow/example_dags/example_latest_only.py
[2023-09-16T16:53:55.297+0800] {processor.py:829} INFO - Processing file /opt/homebrew/lib/python3.11/site-packages/airflow/example_dags/example_latest_only.py for tasks to queue
[2023-09-16T16:53:55.297+0800] {logging_mixin.py:151} INFO - [2023-09-16T16:53:55.297+0800] {dagbag.py:539} INFO - Filling up the DagBag from /opt/homebrew/lib/python3.11/site-packages/airflow/example_dags/example_latest_only.py
[2023-09-16T16:53:55.312+0800] {processor.py:839} INFO - DAG(s) dict_keys(['latest_only']) retrieved from /opt/homebrew/lib/python3.11/site-packages/airflow/example_dags/example_latest_only.py
[2023-09-16T16:53:55.407+0800] {logging_mixin.py:151} INFO - [2023-09-16T16:53:55.406+0800] {dag.py:2915} INFO - Sync 1 DAGs
[2023-09-16T16:53:55.415+0800] {logging_mixin.py:151} INFO - [2023-09-16T16:53:55.415+0800] {dag.py:3696} INFO - Setting next_dagrun for latest_only to 2023-09-16T04:53:55.415221+00:00, run_after=2023-09-16T08:53:55.415221+00:00
[2023-09-16T16:53:55.425+0800] {processor.py:179} INFO - Processing /opt/homebrew/lib/python3.11/site-packages/airflow/example_dags/example_latest_only.py took 0.130 seconds
[2023-09-16T20:30:54.916+0800] {processor.py:157} INFO - Started process (PID=85286) to work on /opt/homebrew/lib/python3.11/site-packages/airflow/example_dags/example_latest_only.py
[2023-09-16T20:30:54.917+0800] {processor.py:829} INFO - Processing file /opt/homebrew/lib/python3.11/site-packages/airflow/example_dags/example_latest_only.py for tasks to queue
[2023-09-16T20:30:54.917+0800] {logging_mixin.py:151} INFO - [2023-09-16T20:30:54.917+0800] {dagbag.py:539} INFO - Filling up the DagBag from /opt/homebrew/lib/python3.11/site-packages/airflow/example_dags/example_latest_only.py
[2023-09-16T20:30:54.932+0800] {processor.py:839} INFO - DAG(s) dict_keys(['latest_only']) retrieved from /opt/homebrew/lib/python3.11/site-packages/airflow/example_dags/example_latest_only.py
[2023-09-16T20:30:55.471+0800] {logging_mixin.py:151} INFO - [2023-09-16T20:30:55.471+0800] {security.py:708} INFO - Not syncing DAG-level permissions for DAG 'DAG:latest_only' as access control is unset.
[2023-09-16T20:30:55.472+0800] {logging_mixin.py:151} INFO - [2023-09-16T20:30:55.472+0800] {dag.py:2915} INFO - Sync 1 DAGs
[2023-09-16T20:30:55.480+0800] {logging_mixin.py:151} INFO - [2023-09-16T20:30:55.480+0800] {dag.py:3696} INFO - Setting next_dagrun for latest_only to 2023-09-16T08:30:55.480075+00:00, run_after=2023-09-16T12:30:55.480075+00:00
[2023-09-16T20:30:55.491+0800] {processor.py:179} INFO - Processing /opt/homebrew/lib/python3.11/site-packages/airflow/example_dags/example_latest_only.py took 0.575 seconds
[2023-09-16T23:47:56.985+0800] {processor.py:157} INFO - Started process (PID=85676) to work on /opt/homebrew/lib/python3.11/site-packages/airflow/example_dags/example_latest_only.py
[2023-09-16T23:47:56.986+0800] {processor.py:829} INFO - Processing file /opt/homebrew/lib/python3.11/site-packages/airflow/example_dags/example_latest_only.py for tasks to queue
[2023-09-16T23:47:56.986+0800] {logging_mixin.py:151} INFO - [2023-09-16T23:47:56.986+0800] {dagbag.py:539} INFO - Filling up the DagBag from /opt/homebrew/lib/python3.11/site-packages/airflow/example_dags/example_latest_only.py
[2023-09-16T23:47:57.001+0800] {processor.py:839} INFO - DAG(s) dict_keys(['latest_only']) retrieved from /opt/homebrew/lib/python3.11/site-packages/airflow/example_dags/example_latest_only.py
[2023-09-16T23:47:57.096+0800] {logging_mixin.py:151} INFO - [2023-09-16T23:47:57.096+0800] {dag.py:2915} INFO - Sync 1 DAGs
[2023-09-16T23:47:57.105+0800] {logging_mixin.py:151} INFO - [2023-09-16T23:47:57.105+0800] {dag.py:3696} INFO - Setting next_dagrun for latest_only to 2023-09-16T11:47:57.105041+00:00, run_after=2023-09-16T15:47:57.105041+00:00
[2023-09-16T23:47:57.116+0800] {processor.py:179} INFO - Processing /opt/homebrew/lib/python3.11/site-packages/airflow/example_dags/example_latest_only.py took 0.131 seconds
[2023-09-17T03:04:30.679+0800] {processor.py:157} INFO - Started process (PID=86000) to work on /opt/homebrew/lib/python3.11/site-packages/airflow/example_dags/example_latest_only.py
[2023-09-17T03:04:30.680+0800] {processor.py:829} INFO - Processing file /opt/homebrew/lib/python3.11/site-packages/airflow/example_dags/example_latest_only.py for tasks to queue
[2023-09-17T03:04:30.681+0800] {logging_mixin.py:151} INFO - [2023-09-17T03:04:30.681+0800] {dagbag.py:539} INFO - Filling up the DagBag from /opt/homebrew/lib/python3.11/site-packages/airflow/example_dags/example_latest_only.py
[2023-09-17T03:04:30.708+0800] {processor.py:839} INFO - DAG(s) dict_keys(['latest_only']) retrieved from /opt/homebrew/lib/python3.11/site-packages/airflow/example_dags/example_latest_only.py
[2023-09-17T03:04:30.945+0800] {logging_mixin.py:151} INFO - [2023-09-17T03:04:30.944+0800] {dag.py:2915} INFO - Sync 1 DAGs
[2023-09-17T03:04:30.962+0800] {logging_mixin.py:151} INFO - [2023-09-17T03:04:30.961+0800] {dag.py:3696} INFO - Setting next_dagrun for latest_only to 2023-09-16T15:04:30.961597+00:00, run_after=2023-09-16T19:04:30.961597+00:00
[2023-09-17T03:04:30.980+0800] {processor.py:179} INFO - Processing /opt/homebrew/lib/python3.11/site-packages/airflow/example_dags/example_latest_only.py took 0.302 seconds
[2023-09-17T05:50:49.443+0800] {processor.py:157} INFO - Started process (PID=86313) to work on /opt/homebrew/lib/python3.11/site-packages/airflow/example_dags/example_latest_only.py
[2023-09-17T05:50:49.443+0800] {processor.py:829} INFO - Processing file /opt/homebrew/lib/python3.11/site-packages/airflow/example_dags/example_latest_only.py for tasks to queue
[2023-09-17T05:50:49.444+0800] {logging_mixin.py:151} INFO - [2023-09-17T05:50:49.443+0800] {dagbag.py:539} INFO - Filling up the DagBag from /opt/homebrew/lib/python3.11/site-packages/airflow/example_dags/example_latest_only.py
[2023-09-17T05:50:49.459+0800] {processor.py:839} INFO - DAG(s) dict_keys(['latest_only']) retrieved from /opt/homebrew/lib/python3.11/site-packages/airflow/example_dags/example_latest_only.py
[2023-09-17T05:50:49.554+0800] {logging_mixin.py:151} INFO - [2023-09-17T05:50:49.554+0800] {dag.py:2915} INFO - Sync 1 DAGs
[2023-09-17T05:50:49.562+0800] {logging_mixin.py:151} INFO - [2023-09-17T05:50:49.562+0800] {dag.py:3696} INFO - Setting next_dagrun for latest_only to 2023-09-16T17:50:49.562624+00:00, run_after=2023-09-16T21:50:49.562624+00:00
[2023-09-17T05:50:49.573+0800] {processor.py:179} INFO - Processing /opt/homebrew/lib/python3.11/site-packages/airflow/example_dags/example_latest_only.py took 0.131 seconds
