[2023-09-16T10:21:07.485+0800] {processor.py:157} INFO - Started process (PID=84354) to work on /opt/homebrew/lib/python3.11/site-packages/airflow/example_dags/example_params_trigger_ui.py
[2023-09-16T10:21:07.486+0800] {processor.py:829} INFO - Processing file /opt/homebrew/lib/python3.11/site-packages/airflow/example_dags/example_params_trigger_ui.py for tasks to queue
[2023-09-16T10:21:07.486+0800] {logging_mixin.py:151} INFO - [2023-09-16T10:21:07.486+0800] {dagbag.py:539} INFO - Filling up the DagBag from /opt/homebrew/lib/python3.11/site-packages/airflow/example_dags/example_params_trigger_ui.py
[2023-09-16T10:21:07.544+0800] {processor.py:839} INFO - DAG(s) dict_keys(['example_params_trigger_ui']) retrieved from /opt/homebrew/lib/python3.11/site-packages/airflow/example_dags/example_params_trigger_ui.py
[2023-09-16T10:21:07.625+0800] {logging_mixin.py:151} INFO - [2023-09-16T10:21:07.625+0800] {dag.py:2915} INFO - Sync 1 DAGs
[2023-09-16T10:21:07.629+0800] {logging_mixin.py:151} INFO - [2023-09-16T10:21:07.629+0800] {dag.py:3696} INFO - Setting next_dagrun for example_params_trigger_ui to None, run_after=None
[2023-09-16T10:21:07.640+0800] {processor.py:179} INFO - Processing /opt/homebrew/lib/python3.11/site-packages/airflow/example_dags/example_params_trigger_ui.py took 0.155 seconds
[2023-09-16T13:37:48.137+0800] {processor.py:157} INFO - Started process (PID=84650) to work on /opt/homebrew/lib/python3.11/site-packages/airflow/example_dags/example_params_trigger_ui.py
[2023-09-16T13:37:48.138+0800] {processor.py:829} INFO - Processing file /opt/homebrew/lib/python3.11/site-packages/airflow/example_dags/example_params_trigger_ui.py for tasks to queue
[2023-09-16T13:37:48.138+0800] {logging_mixin.py:151} INFO - [2023-09-16T13:37:48.138+0800] {dagbag.py:539} INFO - Filling up the DagBag from /opt/homebrew/lib/python3.11/site-packages/airflow/example_dags/example_params_trigger_ui.py
[2023-09-16T13:37:48.196+0800] {processor.py:839} INFO - DAG(s) dict_keys(['example_params_trigger_ui']) retrieved from /opt/homebrew/lib/python3.11/site-packages/airflow/example_dags/example_params_trigger_ui.py
[2023-09-16T13:37:48.277+0800] {logging_mixin.py:151} INFO - [2023-09-16T13:37:48.277+0800] {dag.py:2915} INFO - Sync 1 DAGs
[2023-09-16T13:37:48.282+0800] {logging_mixin.py:151} INFO - [2023-09-16T13:37:48.281+0800] {dag.py:3696} INFO - Setting next_dagrun for example_params_trigger_ui to None, run_after=None
[2023-09-16T13:37:48.291+0800] {processor.py:179} INFO - Processing /opt/homebrew/lib/python3.11/site-packages/airflow/example_dags/example_params_trigger_ui.py took 0.155 seconds
[2023-09-16T16:53:49.475+0800] {processor.py:157} INFO - Started process (PID=84965) to work on /opt/homebrew/lib/python3.11/site-packages/airflow/example_dags/example_params_trigger_ui.py
[2023-09-16T16:53:49.476+0800] {processor.py:829} INFO - Processing file /opt/homebrew/lib/python3.11/site-packages/airflow/example_dags/example_params_trigger_ui.py for tasks to queue
[2023-09-16T16:53:49.476+0800] {logging_mixin.py:151} INFO - [2023-09-16T16:53:49.476+0800] {dagbag.py:539} INFO - Filling up the DagBag from /opt/homebrew/lib/python3.11/site-packages/airflow/example_dags/example_params_trigger_ui.py
[2023-09-16T16:53:49.534+0800] {processor.py:839} INFO - DAG(s) dict_keys(['example_params_trigger_ui']) retrieved from /opt/homebrew/lib/python3.11/site-packages/airflow/example_dags/example_params_trigger_ui.py
[2023-09-16T16:53:49.615+0800] {logging_mixin.py:151} INFO - [2023-09-16T16:53:49.614+0800] {dag.py:2915} INFO - Sync 1 DAGs
[2023-09-16T16:53:49.619+0800] {logging_mixin.py:151} INFO - [2023-09-16T16:53:49.619+0800] {dag.py:3696} INFO - Setting next_dagrun for example_params_trigger_ui to None, run_after=None
[2023-09-16T16:53:49.629+0800] {processor.py:179} INFO - Processing /opt/homebrew/lib/python3.11/site-packages/airflow/example_dags/example_params_trigger_ui.py took 0.155 seconds
[2023-09-16T19:59:27.803+0800] {processor.py:157} INFO - Started process (PID=85256) to work on /opt/homebrew/lib/python3.11/site-packages/airflow/example_dags/example_params_trigger_ui.py
[2023-09-16T19:59:27.804+0800] {processor.py:829} INFO - Processing file /opt/homebrew/lib/python3.11/site-packages/airflow/example_dags/example_params_trigger_ui.py for tasks to queue
[2023-09-16T19:59:27.804+0800] {logging_mixin.py:151} INFO - [2023-09-16T19:59:27.804+0800] {dagbag.py:539} INFO - Filling up the DagBag from /opt/homebrew/lib/python3.11/site-packages/airflow/example_dags/example_params_trigger_ui.py
[2023-09-16T19:59:27.862+0800] {processor.py:839} INFO - DAG(s) dict_keys(['example_params_trigger_ui']) retrieved from /opt/homebrew/lib/python3.11/site-packages/airflow/example_dags/example_params_trigger_ui.py
[2023-09-16T20:14:38.178+0800] {logging_mixin.py:151} INFO - [2023-09-16T20:14:38.177+0800] {dag.py:2915} INFO - Sync 1 DAGs
[2023-09-16T20:14:38.187+0800] {logging_mixin.py:151} INFO - [2023-09-16T20:14:38.187+0800] {dag.py:3696} INFO - Setting next_dagrun for example_params_trigger_ui to None, run_after=None
[2023-09-16T20:14:38.224+0800] {processor.py:179} INFO - Processing /opt/homebrew/lib/python3.11/site-packages/airflow/example_dags/example_params_trigger_ui.py took 0.460 seconds
[2023-09-16T23:33:13.898+0800] {processor.py:157} INFO - Started process (PID=85651) to work on /opt/homebrew/lib/python3.11/site-packages/airflow/example_dags/example_params_trigger_ui.py
[2023-09-16T23:33:13.898+0800] {processor.py:829} INFO - Processing file /opt/homebrew/lib/python3.11/site-packages/airflow/example_dags/example_params_trigger_ui.py for tasks to queue
[2023-09-16T23:33:13.899+0800] {logging_mixin.py:151} INFO - [2023-09-16T23:33:13.899+0800] {dagbag.py:539} INFO - Filling up the DagBag from /opt/homebrew/lib/python3.11/site-packages/airflow/example_dags/example_params_trigger_ui.py
[2023-09-16T23:33:13.956+0800] {processor.py:839} INFO - DAG(s) dict_keys(['example_params_trigger_ui']) retrieved from /opt/homebrew/lib/python3.11/site-packages/airflow/example_dags/example_params_trigger_ui.py
[2023-09-16T23:33:14.037+0800] {logging_mixin.py:151} INFO - [2023-09-16T23:33:14.036+0800] {dag.py:2915} INFO - Sync 1 DAGs
[2023-09-16T23:33:14.041+0800] {logging_mixin.py:151} INFO - [2023-09-16T23:33:14.041+0800] {dag.py:3696} INFO - Setting next_dagrun for example_params_trigger_ui to None, run_after=None
[2023-09-16T23:33:14.051+0800] {processor.py:179} INFO - Processing /opt/homebrew/lib/python3.11/site-packages/airflow/example_dags/example_params_trigger_ui.py took 0.154 seconds
[2023-09-17T02:30:57.872+0800] {processor.py:157} INFO - Started process (PID=85975) to work on /opt/homebrew/lib/python3.11/site-packages/airflow/example_dags/example_params_trigger_ui.py
[2023-09-17T02:30:57.873+0800] {processor.py:829} INFO - Processing file /opt/homebrew/lib/python3.11/site-packages/airflow/example_dags/example_params_trigger_ui.py for tasks to queue
[2023-09-17T02:30:57.874+0800] {logging_mixin.py:151} INFO - [2023-09-17T02:30:57.874+0800] {dagbag.py:539} INFO - Filling up the DagBag from /opt/homebrew/lib/python3.11/site-packages/airflow/example_dags/example_params_trigger_ui.py
[2023-09-17T02:48:49.158+0800] {processor.py:839} INFO - DAG(s) dict_keys(['example_params_trigger_ui']) retrieved from /opt/homebrew/lib/python3.11/site-packages/airflow/example_dags/example_params_trigger_ui.py
[2023-09-17T02:48:49.259+0800] {logging_mixin.py:151} INFO - [2023-09-17T02:48:49.259+0800] {dag.py:2915} INFO - Sync 1 DAGs
[2023-09-17T02:48:49.265+0800] {logging_mixin.py:151} INFO - [2023-09-17T02:48:49.265+0800] {dag.py:3696} INFO - Setting next_dagrun for example_params_trigger_ui to None, run_after=None
[2023-09-17T02:48:49.280+0800] {processor.py:179} INFO - Processing /opt/homebrew/lib/python3.11/site-packages/airflow/example_dags/example_params_trigger_ui.py took 0.512 seconds
[2023-09-17T05:33:37.788+0800] {processor.py:157} INFO - Started process (PID=86288) to work on /opt/homebrew/lib/python3.11/site-packages/airflow/example_dags/example_params_trigger_ui.py
[2023-09-17T05:33:37.788+0800] {processor.py:829} INFO - Processing file /opt/homebrew/lib/python3.11/site-packages/airflow/example_dags/example_params_trigger_ui.py for tasks to queue
[2023-09-17T05:33:37.788+0800] {logging_mixin.py:151} INFO - [2023-09-17T05:33:37.788+0800] {dagbag.py:539} INFO - Filling up the DagBag from /opt/homebrew/lib/python3.11/site-packages/airflow/example_dags/example_params_trigger_ui.py
[2023-09-17T05:33:37.847+0800] {processor.py:839} INFO - DAG(s) dict_keys(['example_params_trigger_ui']) retrieved from /opt/homebrew/lib/python3.11/site-packages/airflow/example_dags/example_params_trigger_ui.py
[2023-09-17T05:33:37.928+0800] {logging_mixin.py:151} INFO - [2023-09-17T05:33:37.927+0800] {dag.py:2915} INFO - Sync 1 DAGs
[2023-09-17T05:33:37.932+0800] {logging_mixin.py:151} INFO - [2023-09-17T05:33:37.932+0800] {dag.py:3696} INFO - Setting next_dagrun for example_params_trigger_ui to None, run_after=None
[2023-09-17T05:33:37.942+0800] {processor.py:179} INFO - Processing /opt/homebrew/lib/python3.11/site-packages/airflow/example_dags/example_params_trigger_ui.py took 0.155 seconds
