[2023-09-16T10:38:24.363+0800] {processor.py:157} INFO - Started process (PID=84361) to work on /opt/homebrew/lib/python3.11/site-packages/airflow/example_dags/example_nested_branch_dag.py
[2023-09-16T10:38:24.363+0800] {processor.py:829} INFO - Processing file /opt/homebrew/lib/python3.11/site-packages/airflow/example_dags/example_nested_branch_dag.py for tasks to queue
[2023-09-16T10:38:24.363+0800] {logging_mixin.py:151} INFO - [2023-09-16T10:38:24.363+0800] {dagbag.py:539} INFO - Filling up the DagBag from /opt/homebrew/lib/python3.11/site-packages/airflow/example_dags/example_nested_branch_dag.py
[2023-09-16T10:38:24.397+0800] {processor.py:839} INFO - DAG(s) dict_keys(['example_nested_branch_dag']) retrieved from /opt/homebrew/lib/python3.11/site-packages/airflow/example_dags/example_nested_branch_dag.py
[2023-09-16T10:38:24.493+0800] {logging_mixin.py:151} INFO - [2023-09-16T10:38:24.492+0800] {dag.py:2915} INFO - Sync 1 DAGs
[2023-09-16T10:38:24.502+0800] {logging_mixin.py:151} INFO - [2023-09-16T10:38:24.502+0800] {dag.py:3696} INFO - Setting next_dagrun for example_nested_branch_dag to 2023-09-15T00:00:00+00:00, run_after=2023-09-16T00:00:00+00:00
[2023-09-16T10:38:24.512+0800] {processor.py:179} INFO - Processing /opt/homebrew/lib/python3.11/site-packages/airflow/example_dags/example_nested_branch_dag.py took 0.150 seconds
[2023-09-16T13:37:50.064+0800] {processor.py:157} INFO - Started process (PID=84652) to work on /opt/homebrew/lib/python3.11/site-packages/airflow/example_dags/example_nested_branch_dag.py
[2023-09-16T13:37:50.064+0800] {processor.py:829} INFO - Processing file /opt/homebrew/lib/python3.11/site-packages/airflow/example_dags/example_nested_branch_dag.py for tasks to queue
[2023-09-16T13:37:50.064+0800] {logging_mixin.py:151} INFO - [2023-09-16T13:37:50.064+0800] {dagbag.py:539} INFO - Filling up the DagBag from /opt/homebrew/lib/python3.11/site-packages/airflow/example_dags/example_nested_branch_dag.py
[2023-09-16T13:37:50.098+0800] {processor.py:839} INFO - DAG(s) dict_keys(['example_nested_branch_dag']) retrieved from /opt/homebrew/lib/python3.11/site-packages/airflow/example_dags/example_nested_branch_dag.py
[2023-09-16T13:37:50.195+0800] {logging_mixin.py:151} INFO - [2023-09-16T13:37:50.195+0800] {dag.py:2915} INFO - Sync 1 DAGs
[2023-09-16T13:37:50.204+0800] {logging_mixin.py:151} INFO - [2023-09-16T13:37:50.204+0800] {dag.py:3696} INFO - Setting next_dagrun for example_nested_branch_dag to 2023-09-15T00:00:00+00:00, run_after=2023-09-16T00:00:00+00:00
[2023-09-16T13:37:50.214+0800] {processor.py:179} INFO - Processing /opt/homebrew/lib/python3.11/site-packages/airflow/example_dags/example_nested_branch_dag.py took 0.151 seconds
[2023-09-16T16:53:51.384+0800] {processor.py:157} INFO - Started process (PID=84973) to work on /opt/homebrew/lib/python3.11/site-packages/airflow/example_dags/example_nested_branch_dag.py
[2023-09-16T16:53:51.384+0800] {processor.py:829} INFO - Processing file /opt/homebrew/lib/python3.11/site-packages/airflow/example_dags/example_nested_branch_dag.py for tasks to queue
[2023-09-16T16:53:51.384+0800] {logging_mixin.py:151} INFO - [2023-09-16T16:53:51.384+0800] {dagbag.py:539} INFO - Filling up the DagBag from /opt/homebrew/lib/python3.11/site-packages/airflow/example_dags/example_nested_branch_dag.py
[2023-09-16T16:53:51.416+0800] {processor.py:839} INFO - DAG(s) dict_keys(['example_nested_branch_dag']) retrieved from /opt/homebrew/lib/python3.11/site-packages/airflow/example_dags/example_nested_branch_dag.py
[2023-09-16T16:53:51.510+0800] {logging_mixin.py:151} INFO - [2023-09-16T16:53:51.510+0800] {dag.py:2915} INFO - Sync 1 DAGs
[2023-09-16T16:53:51.519+0800] {logging_mixin.py:151} INFO - [2023-09-16T16:53:51.519+0800] {dag.py:3696} INFO - Setting next_dagrun for example_nested_branch_dag to 2023-09-15T00:00:00+00:00, run_after=2023-09-16T00:00:00+00:00
[2023-09-16T16:53:51.529+0800] {processor.py:179} INFO - Processing /opt/homebrew/lib/python3.11/site-packages/airflow/example_dags/example_nested_branch_dag.py took 0.146 seconds
[2023-09-16T20:14:39.877+0800] {processor.py:157} INFO - Started process (PID=85272) to work on /opt/homebrew/lib/python3.11/site-packages/airflow/example_dags/example_nested_branch_dag.py
[2023-09-16T20:14:39.878+0800] {processor.py:829} INFO - Processing file /opt/homebrew/lib/python3.11/site-packages/airflow/example_dags/example_nested_branch_dag.py for tasks to queue
[2023-09-16T20:14:39.878+0800] {logging_mixin.py:151} INFO - [2023-09-16T20:14:39.878+0800] {dagbag.py:539} INFO - Filling up the DagBag from /opt/homebrew/lib/python3.11/site-packages/airflow/example_dags/example_nested_branch_dag.py
[2023-09-16T20:14:39.911+0800] {processor.py:839} INFO - DAG(s) dict_keys(['example_nested_branch_dag']) retrieved from /opt/homebrew/lib/python3.11/site-packages/airflow/example_dags/example_nested_branch_dag.py
[2023-09-16T20:14:40.006+0800] {logging_mixin.py:151} INFO - [2023-09-16T20:14:40.006+0800] {dag.py:2915} INFO - Sync 1 DAGs
[2023-09-16T20:14:40.015+0800] {logging_mixin.py:151} INFO - [2023-09-16T20:14:40.015+0800] {dag.py:3696} INFO - Setting next_dagrun for example_nested_branch_dag to 2023-09-15T00:00:00+00:00, run_after=2023-09-16T00:00:00+00:00
[2023-09-16T20:14:40.025+0800] {processor.py:179} INFO - Processing /opt/homebrew/lib/python3.11/site-packages/airflow/example_dags/example_nested_branch_dag.py took 0.148 seconds
[2023-09-16T23:33:15.815+0800] {processor.py:157} INFO - Started process (PID=85654) to work on /opt/homebrew/lib/python3.11/site-packages/airflow/example_dags/example_nested_branch_dag.py
[2023-09-16T23:33:15.815+0800] {processor.py:829} INFO - Processing file /opt/homebrew/lib/python3.11/site-packages/airflow/example_dags/example_nested_branch_dag.py for tasks to queue
[2023-09-16T23:33:15.816+0800] {logging_mixin.py:151} INFO - [2023-09-16T23:33:15.816+0800] {dagbag.py:539} INFO - Filling up the DagBag from /opt/homebrew/lib/python3.11/site-packages/airflow/example_dags/example_nested_branch_dag.py
[2023-09-16T23:33:15.848+0800] {processor.py:839} INFO - DAG(s) dict_keys(['example_nested_branch_dag']) retrieved from /opt/homebrew/lib/python3.11/site-packages/airflow/example_dags/example_nested_branch_dag.py
[2023-09-16T23:33:15.942+0800] {logging_mixin.py:151} INFO - [2023-09-16T23:33:15.942+0800] {dag.py:2915} INFO - Sync 1 DAGs
[2023-09-16T23:33:15.951+0800] {logging_mixin.py:151} INFO - [2023-09-16T23:33:15.951+0800] {dag.py:3696} INFO - Setting next_dagrun for example_nested_branch_dag to 2023-09-15T00:00:00+00:00, run_after=2023-09-16T00:00:00+00:00
[2023-09-16T23:33:15.961+0800] {processor.py:179} INFO - Processing /opt/homebrew/lib/python3.11/site-packages/airflow/example_dags/example_nested_branch_dag.py took 0.147 seconds
[2023-09-17T02:48:51.200+0800] {processor.py:157} INFO - Started process (PID=85989) to work on /opt/homebrew/lib/python3.11/site-packages/airflow/example_dags/example_nested_branch_dag.py
[2023-09-17T02:48:51.201+0800] {processor.py:829} INFO - Processing file /opt/homebrew/lib/python3.11/site-packages/airflow/example_dags/example_nested_branch_dag.py for tasks to queue
[2023-09-17T02:48:51.201+0800] {logging_mixin.py:151} INFO - [2023-09-17T02:48:51.201+0800] {dagbag.py:539} INFO - Filling up the DagBag from /opt/homebrew/lib/python3.11/site-packages/airflow/example_dags/example_nested_branch_dag.py
[2023-09-17T02:48:51.233+0800] {processor.py:839} INFO - DAG(s) dict_keys(['example_nested_branch_dag']) retrieved from /opt/homebrew/lib/python3.11/site-packages/airflow/example_dags/example_nested_branch_dag.py
[2023-09-17T02:48:51.326+0800] {logging_mixin.py:151} INFO - [2023-09-17T02:48:51.326+0800] {dag.py:2915} INFO - Sync 1 DAGs
[2023-09-17T02:48:51.336+0800] {logging_mixin.py:151} INFO - [2023-09-17T02:48:51.335+0800] {dag.py:3696} INFO - Setting next_dagrun for example_nested_branch_dag to 2023-09-15T00:00:00+00:00, run_after=2023-09-16T00:00:00+00:00
[2023-09-17T02:48:51.345+0800] {processor.py:179} INFO - Processing /opt/homebrew/lib/python3.11/site-packages/airflow/example_dags/example_nested_branch_dag.py took 0.146 seconds
[2023-09-17T05:33:39.670+0800] {processor.py:157} INFO - Started process (PID=86291) to work on /opt/homebrew/lib/python3.11/site-packages/airflow/example_dags/example_nested_branch_dag.py
[2023-09-17T05:33:39.670+0800] {processor.py:829} INFO - Processing file /opt/homebrew/lib/python3.11/site-packages/airflow/example_dags/example_nested_branch_dag.py for tasks to queue
[2023-09-17T05:33:39.671+0800] {logging_mixin.py:151} INFO - [2023-09-17T05:33:39.671+0800] {dagbag.py:539} INFO - Filling up the DagBag from /opt/homebrew/lib/python3.11/site-packages/airflow/example_dags/example_nested_branch_dag.py
[2023-09-17T05:33:39.703+0800] {processor.py:839} INFO - DAG(s) dict_keys(['example_nested_branch_dag']) retrieved from /opt/homebrew/lib/python3.11/site-packages/airflow/example_dags/example_nested_branch_dag.py
[2023-09-17T05:33:39.796+0800] {logging_mixin.py:151} INFO - [2023-09-17T05:33:39.796+0800] {dag.py:2915} INFO - Sync 1 DAGs
[2023-09-17T05:33:39.805+0800] {logging_mixin.py:151} INFO - [2023-09-17T05:33:39.805+0800] {dag.py:3696} INFO - Setting next_dagrun for example_nested_branch_dag to 2023-09-15T00:00:00+00:00, run_after=2023-09-16T00:00:00+00:00
[2023-09-17T05:33:39.815+0800] {processor.py:179} INFO - Processing /opt/homebrew/lib/python3.11/site-packages/airflow/example_dags/example_nested_branch_dag.py took 0.146 seconds
