[2023-09-16T09:32:07.025+0800] {processor.py:157} INFO - Started process (PID=84250) to work on /opt/homebrew/lib/python3.11/site-packages/airflow/example_dags/example_task_group.py
[2023-09-16T09:32:07.026+0800] {processor.py:829} INFO - Processing file /opt/homebrew/lib/python3.11/site-packages/airflow/example_dags/example_task_group.py for tasks to queue
[2023-09-16T09:32:07.026+0800] {logging_mixin.py:151} INFO - [2023-09-16T09:32:07.026+0800] {dagbag.py:539} INFO - Filling up the DagBag from /opt/homebrew/lib/python3.11/site-packages/airflow/example_dags/example_task_group.py
[2023-09-16T09:32:07.042+0800] {processor.py:839} INFO - DAG(s) dict_keys(['example_task_group']) retrieved from /opt/homebrew/lib/python3.11/site-packages/airflow/example_dags/example_task_group.py
[2023-09-16T09:32:07.138+0800] {logging_mixin.py:151} INFO - [2023-09-16T09:32:07.138+0800] {dag.py:2915} INFO - Sync 1 DAGs
[2023-09-16T09:32:07.147+0800] {logging_mixin.py:151} INFO - [2023-09-16T09:32:07.147+0800] {dag.py:3696} INFO - Setting next_dagrun for example_task_group to 2023-09-15T01:32:07.147122+00:00, run_after=2023-09-16T01:32:07.147122+00:00
[2023-09-16T09:32:07.158+0800] {processor.py:179} INFO - Processing /opt/homebrew/lib/python3.11/site-packages/airflow/example_dags/example_task_group.py took 0.133 seconds
[2023-09-16T12:47:28.495+0800] {processor.py:157} INFO - Started process (PID=84562) to work on /opt/homebrew/lib/python3.11/site-packages/airflow/example_dags/example_task_group.py
[2023-09-16T12:47:28.495+0800] {processor.py:829} INFO - Processing file /opt/homebrew/lib/python3.11/site-packages/airflow/example_dags/example_task_group.py for tasks to queue
[2023-09-16T12:47:28.495+0800] {logging_mixin.py:151} INFO - [2023-09-16T12:47:28.495+0800] {dagbag.py:539} INFO - Filling up the DagBag from /opt/homebrew/lib/python3.11/site-packages/airflow/example_dags/example_task_group.py
[2023-09-16T12:47:28.512+0800] {processor.py:839} INFO - DAG(s) dict_keys(['example_task_group']) retrieved from /opt/homebrew/lib/python3.11/site-packages/airflow/example_dags/example_task_group.py
[2023-09-16T12:47:28.609+0800] {logging_mixin.py:151} INFO - [2023-09-16T12:47:28.609+0800] {dag.py:2915} INFO - Sync 1 DAGs
[2023-09-16T12:47:28.617+0800] {logging_mixin.py:151} INFO - [2023-09-16T12:47:28.617+0800] {dag.py:3696} INFO - Setting next_dagrun for example_task_group to 2023-09-15T04:47:28.617725+00:00, run_after=2023-09-16T04:47:28.617725+00:00
[2023-09-16T12:47:28.630+0800] {processor.py:179} INFO - Processing /opt/homebrew/lib/python3.11/site-packages/airflow/example_dags/example_task_group.py took 0.135 seconds
[2023-09-16T15:50:09.368+0800] {processor.py:157} INFO - Started process (PID=84876) to work on /opt/homebrew/lib/python3.11/site-packages/airflow/example_dags/example_task_group.py
[2023-09-16T15:50:09.369+0800] {processor.py:829} INFO - Processing file /opt/homebrew/lib/python3.11/site-packages/airflow/example_dags/example_task_group.py for tasks to queue
[2023-09-16T15:50:09.369+0800] {logging_mixin.py:151} INFO - [2023-09-16T15:50:09.369+0800] {dagbag.py:539} INFO - Filling up the DagBag from /opt/homebrew/lib/python3.11/site-packages/airflow/example_dags/example_task_group.py
[2023-09-16T15:50:09.386+0800] {processor.py:839} INFO - DAG(s) dict_keys(['example_task_group']) retrieved from /opt/homebrew/lib/python3.11/site-packages/airflow/example_dags/example_task_group.py
[2023-09-16T15:50:09.482+0800] {logging_mixin.py:151} INFO - [2023-09-16T15:50:09.482+0800] {dag.py:2915} INFO - Sync 1 DAGs
[2023-09-16T15:50:09.490+0800] {logging_mixin.py:151} INFO - [2023-09-16T15:50:09.490+0800] {dag.py:3696} INFO - Setting next_dagrun for example_task_group to 2023-09-15T07:50:09.490534+00:00, run_after=2023-09-16T07:50:09.490534+00:00
[2023-09-16T15:50:09.501+0800] {processor.py:179} INFO - Processing /opt/homebrew/lib/python3.11/site-packages/airflow/example_dags/example_task_group.py took 0.133 seconds
[2023-09-16T19:07:28.846+0800] {processor.py:157} INFO - Started process (PID=85180) to work on /opt/homebrew/lib/python3.11/site-packages/airflow/example_dags/example_task_group.py
[2023-09-16T19:07:28.846+0800] {processor.py:829} INFO - Processing file /opt/homebrew/lib/python3.11/site-packages/airflow/example_dags/example_task_group.py for tasks to queue
[2023-09-16T19:07:28.846+0800] {logging_mixin.py:151} INFO - [2023-09-16T19:07:28.846+0800] {dagbag.py:539} INFO - Filling up the DagBag from /opt/homebrew/lib/python3.11/site-packages/airflow/example_dags/example_task_group.py
[2023-09-16T19:07:28.863+0800] {processor.py:839} INFO - DAG(s) dict_keys(['example_task_group']) retrieved from /opt/homebrew/lib/python3.11/site-packages/airflow/example_dags/example_task_group.py
[2023-09-16T19:07:28.958+0800] {logging_mixin.py:151} INFO - [2023-09-16T19:07:28.958+0800] {dag.py:2915} INFO - Sync 1 DAGs
[2023-09-16T19:07:28.967+0800] {logging_mixin.py:151} INFO - [2023-09-16T19:07:28.967+0800] {dag.py:3696} INFO - Setting next_dagrun for example_task_group to 2023-09-15T11:07:28.967027+00:00, run_after=2023-09-16T11:07:28.967027+00:00
[2023-09-16T19:07:28.977+0800] {processor.py:179} INFO - Processing /opt/homebrew/lib/python3.11/site-packages/airflow/example_dags/example_task_group.py took 0.132 seconds
[2023-09-16T22:27:40.199+0800] {processor.py:157} INFO - Started process (PID=85547) to work on /opt/homebrew/lib/python3.11/site-packages/airflow/example_dags/example_task_group.py
[2023-09-16T22:27:40.200+0800] {processor.py:829} INFO - Processing file /opt/homebrew/lib/python3.11/site-packages/airflow/example_dags/example_task_group.py for tasks to queue
[2023-09-16T22:27:40.200+0800] {logging_mixin.py:151} INFO - [2023-09-16T22:27:40.200+0800] {dagbag.py:539} INFO - Filling up the DagBag from /opt/homebrew/lib/python3.11/site-packages/airflow/example_dags/example_task_group.py
[2023-09-16T22:27:40.216+0800] {processor.py:839} INFO - DAG(s) dict_keys(['example_task_group']) retrieved from /opt/homebrew/lib/python3.11/site-packages/airflow/example_dags/example_task_group.py
[2023-09-16T22:27:40.312+0800] {logging_mixin.py:151} INFO - [2023-09-16T22:27:40.312+0800] {dag.py:2915} INFO - Sync 1 DAGs
[2023-09-16T22:27:40.321+0800] {logging_mixin.py:151} INFO - [2023-09-16T22:27:40.321+0800] {dag.py:3696} INFO - Setting next_dagrun for example_task_group to 2023-09-15T14:27:40.321288+00:00, run_after=2023-09-16T14:27:40.321288+00:00
[2023-09-16T22:27:40.332+0800] {processor.py:179} INFO - Processing /opt/homebrew/lib/python3.11/site-packages/airflow/example_dags/example_task_group.py took 0.133 seconds
[2023-09-17T01:41:17.575+0800] {processor.py:157} INFO - Started process (PID=85876) to work on /opt/homebrew/lib/python3.11/site-packages/airflow/example_dags/example_task_group.py
[2023-09-17T01:41:17.575+0800] {processor.py:829} INFO - Processing file /opt/homebrew/lib/python3.11/site-packages/airflow/example_dags/example_task_group.py for tasks to queue
[2023-09-17T01:41:17.576+0800] {logging_mixin.py:151} INFO - [2023-09-17T01:41:17.576+0800] {dagbag.py:539} INFO - Filling up the DagBag from /opt/homebrew/lib/python3.11/site-packages/airflow/example_dags/example_task_group.py
[2023-09-17T01:41:17.592+0800] {processor.py:839} INFO - DAG(s) dict_keys(['example_task_group']) retrieved from /opt/homebrew/lib/python3.11/site-packages/airflow/example_dags/example_task_group.py
[2023-09-17T01:41:17.688+0800] {logging_mixin.py:151} INFO - [2023-09-17T01:41:17.688+0800] {dag.py:2915} INFO - Sync 1 DAGs
[2023-09-17T01:41:17.697+0800] {logging_mixin.py:151} INFO - [2023-09-17T01:41:17.697+0800] {dag.py:3696} INFO - Setting next_dagrun for example_task_group to 2023-09-15T17:41:17.696975+00:00, run_after=2023-09-16T17:41:17.696975+00:00
[2023-09-17T01:41:17.707+0800] {processor.py:179} INFO - Processing /opt/homebrew/lib/python3.11/site-packages/airflow/example_dags/example_task_group.py took 0.133 seconds
[2023-09-17T04:45:01.893+0800] {processor.py:157} INFO - Started process (PID=86198) to work on /opt/homebrew/lib/python3.11/site-packages/airflow/example_dags/example_task_group.py
[2023-09-17T04:45:01.893+0800] {processor.py:829} INFO - Processing file /opt/homebrew/lib/python3.11/site-packages/airflow/example_dags/example_task_group.py for tasks to queue
[2023-09-17T04:45:01.893+0800] {logging_mixin.py:151} INFO - [2023-09-17T04:45:01.893+0800] {dagbag.py:539} INFO - Filling up the DagBag from /opt/homebrew/lib/python3.11/site-packages/airflow/example_dags/example_task_group.py
[2023-09-17T04:45:01.911+0800] {processor.py:839} INFO - DAG(s) dict_keys(['example_task_group']) retrieved from /opt/homebrew/lib/python3.11/site-packages/airflow/example_dags/example_task_group.py
[2023-09-17T04:45:02.010+0800] {logging_mixin.py:151} INFO - [2023-09-17T04:45:02.010+0800] {dag.py:2915} INFO - Sync 1 DAGs
[2023-09-17T04:45:02.018+0800] {logging_mixin.py:151} INFO - [2023-09-17T04:45:02.018+0800] {dag.py:3696} INFO - Setting next_dagrun for example_task_group to 2023-09-15T20:45:02.018688+00:00, run_after=2023-09-16T20:45:02.018688+00:00
[2023-09-17T04:45:02.029+0800] {processor.py:179} INFO - Processing /opt/homebrew/lib/python3.11/site-packages/airflow/example_dags/example_task_group.py took 0.137 seconds
[2023-09-17T07:47:16.568+0800] {processor.py:157} INFO - Started process (PID=86495) to work on /opt/homebrew/lib/python3.11/site-packages/airflow/example_dags/example_task_group.py
[2023-09-17T07:47:16.569+0800] {processor.py:829} INFO - Processing file /opt/homebrew/lib/python3.11/site-packages/airflow/example_dags/example_task_group.py for tasks to queue
[2023-09-17T07:47:16.569+0800] {logging_mixin.py:151} INFO - [2023-09-17T07:47:16.569+0800] {dagbag.py:539} INFO - Filling up the DagBag from /opt/homebrew/lib/python3.11/site-packages/airflow/example_dags/example_task_group.py
[2023-09-17T07:47:16.585+0800] {processor.py:839} INFO - DAG(s) dict_keys(['example_task_group']) retrieved from /opt/homebrew/lib/python3.11/site-packages/airflow/example_dags/example_task_group.py
[2023-09-17T07:47:16.681+0800] {logging_mixin.py:151} INFO - [2023-09-17T07:47:16.681+0800] {dag.py:2915} INFO - Sync 1 DAGs
[2023-09-17T07:47:16.689+0800] {logging_mixin.py:151} INFO - [2023-09-17T07:47:16.689+0800] {dag.py:3696} INFO - Setting next_dagrun for example_task_group to 2023-09-15T23:47:16.689477+00:00, run_after=2023-09-16T23:47:16.689477+00:00
[2023-09-17T07:47:16.700+0800] {processor.py:179} INFO - Processing /opt/homebrew/lib/python3.11/site-packages/airflow/example_dags/example_task_group.py took 0.132 seconds
