[2023-09-14T09:05:23.854+0800] {processor.py:157} INFO - Started process (PID=66819) to work on /opt/homebrew/lib/python3.11/site-packages/airflow/example_dags/plugins/workday.py
[2023-09-14T09:05:23.854+0800] {processor.py:829} INFO - Processing file /opt/homebrew/lib/python3.11/site-packages/airflow/example_dags/plugins/workday.py for tasks to queue
[2023-09-14T09:05:23.855+0800] {logging_mixin.py:151} INFO - [2023-09-14T09:05:23.854+0800] {dagbag.py:539} INFO - Filling up the DagBag from /opt/homebrew/lib/python3.11/site-packages/airflow/example_dags/plugins/workday.py
[2023-09-14T09:05:24.327+0800] {processor.py:841} WARNING - No viable dags retrieved from /opt/homebrew/lib/python3.11/site-packages/airflow/example_dags/plugins/workday.py
[2023-09-14T09:05:24.492+0800] {processor.py:179} INFO - Processing /opt/homebrew/lib/python3.11/site-packages/airflow/example_dags/plugins/workday.py took 0.638 seconds
[2023-09-14T10:32:04.323+0800] {processor.py:157} INFO - Started process (PID=67086) to work on /opt/homebrew/lib/python3.11/site-packages/airflow/example_dags/plugins/workday.py
[2023-09-14T10:32:04.324+0800] {processor.py:829} INFO - Processing file /opt/homebrew/lib/python3.11/site-packages/airflow/example_dags/plugins/workday.py for tasks to queue
[2023-09-14T10:32:04.324+0800] {logging_mixin.py:151} INFO - [2023-09-14T10:32:04.324+0800] {dagbag.py:539} INFO - Filling up the DagBag from /opt/homebrew/lib/python3.11/site-packages/airflow/example_dags/plugins/workday.py
[2023-09-14T10:32:04.602+0800] {processor.py:841} WARNING - No viable dags retrieved from /opt/homebrew/lib/python3.11/site-packages/airflow/example_dags/plugins/workday.py
[2023-09-14T10:32:04.697+0800] {processor.py:179} INFO - Processing /opt/homebrew/lib/python3.11/site-packages/airflow/example_dags/plugins/workday.py took 0.374 seconds
[2023-09-14T10:32:56.491+0800] {processor.py:157} INFO - Started process (PID=67198) to work on /opt/homebrew/lib/python3.11/site-packages/airflow/example_dags/plugins/workday.py
[2023-09-14T10:32:56.492+0800] {processor.py:829} INFO - Processing file /opt/homebrew/lib/python3.11/site-packages/airflow/example_dags/plugins/workday.py for tasks to queue
[2023-09-14T10:32:56.492+0800] {logging_mixin.py:151} INFO - [2023-09-14T10:32:56.492+0800] {dagbag.py:539} INFO - Filling up the DagBag from /opt/homebrew/lib/python3.11/site-packages/airflow/example_dags/plugins/workday.py
[2023-09-14T10:32:56.727+0800] {processor.py:841} WARNING - No viable dags retrieved from /opt/homebrew/lib/python3.11/site-packages/airflow/example_dags/plugins/workday.py
[2023-09-14T10:32:56.829+0800] {processor.py:179} INFO - Processing /opt/homebrew/lib/python3.11/site-packages/airflow/example_dags/plugins/workday.py took 0.339 seconds
[2023-09-14T10:33:45.747+0800] {processor.py:157} INFO - Started process (PID=67284) to work on /opt/homebrew/lib/python3.11/site-packages/airflow/example_dags/plugins/workday.py
[2023-09-14T10:33:45.748+0800] {processor.py:829} INFO - Processing file /opt/homebrew/lib/python3.11/site-packages/airflow/example_dags/plugins/workday.py for tasks to queue
[2023-09-14T10:33:45.748+0800] {logging_mixin.py:151} INFO - [2023-09-14T10:33:45.748+0800] {dagbag.py:539} INFO - Filling up the DagBag from /opt/homebrew/lib/python3.11/site-packages/airflow/example_dags/plugins/workday.py
[2023-09-14T10:33:46.096+0800] {processor.py:841} WARNING - No viable dags retrieved from /opt/homebrew/lib/python3.11/site-packages/airflow/example_dags/plugins/workday.py
[2023-09-14T10:33:46.209+0800] {processor.py:179} INFO - Processing /opt/homebrew/lib/python3.11/site-packages/airflow/example_dags/plugins/workday.py took 0.463 seconds
[2023-09-14T10:34:34.997+0800] {processor.py:157} INFO - Started process (PID=67398) to work on /opt/homebrew/lib/python3.11/site-packages/airflow/example_dags/plugins/workday.py
[2023-09-14T10:34:34.997+0800] {processor.py:829} INFO - Processing file /opt/homebrew/lib/python3.11/site-packages/airflow/example_dags/plugins/workday.py for tasks to queue
[2023-09-14T10:34:34.997+0800] {logging_mixin.py:151} INFO - [2023-09-14T10:34:34.997+0800] {dagbag.py:539} INFO - Filling up the DagBag from /opt/homebrew/lib/python3.11/site-packages/airflow/example_dags/plugins/workday.py
[2023-09-14T10:34:35.329+0800] {processor.py:841} WARNING - No viable dags retrieved from /opt/homebrew/lib/python3.11/site-packages/airflow/example_dags/plugins/workday.py
[2023-09-14T10:34:35.481+0800] {processor.py:179} INFO - Processing /opt/homebrew/lib/python3.11/site-packages/airflow/example_dags/plugins/workday.py took 0.485 seconds
[2023-09-14T10:35:27.372+0800] {processor.py:157} INFO - Started process (PID=67490) to work on /opt/homebrew/lib/python3.11/site-packages/airflow/example_dags/plugins/workday.py
[2023-09-14T10:35:27.373+0800] {processor.py:829} INFO - Processing file /opt/homebrew/lib/python3.11/site-packages/airflow/example_dags/plugins/workday.py for tasks to queue
[2023-09-14T10:35:27.373+0800] {logging_mixin.py:151} INFO - [2023-09-14T10:35:27.373+0800] {dagbag.py:539} INFO - Filling up the DagBag from /opt/homebrew/lib/python3.11/site-packages/airflow/example_dags/plugins/workday.py
[2023-09-14T10:35:27.658+0800] {processor.py:841} WARNING - No viable dags retrieved from /opt/homebrew/lib/python3.11/site-packages/airflow/example_dags/plugins/workday.py
[2023-09-14T10:35:27.796+0800] {processor.py:179} INFO - Processing /opt/homebrew/lib/python3.11/site-packages/airflow/example_dags/plugins/workday.py took 0.424 seconds
[2023-09-14T10:36:20.868+0800] {processor.py:157} INFO - Started process (PID=67589) to work on /opt/homebrew/lib/python3.11/site-packages/airflow/example_dags/plugins/workday.py
[2023-09-14T10:36:20.868+0800] {processor.py:829} INFO - Processing file /opt/homebrew/lib/python3.11/site-packages/airflow/example_dags/plugins/workday.py for tasks to queue
[2023-09-14T10:36:20.869+0800] {logging_mixin.py:151} INFO - [2023-09-14T10:36:20.869+0800] {dagbag.py:539} INFO - Filling up the DagBag from /opt/homebrew/lib/python3.11/site-packages/airflow/example_dags/plugins/workday.py
[2023-09-14T10:36:21.117+0800] {processor.py:841} WARNING - No viable dags retrieved from /opt/homebrew/lib/python3.11/site-packages/airflow/example_dags/plugins/workday.py
[2023-09-14T10:36:21.212+0800] {processor.py:179} INFO - Processing /opt/homebrew/lib/python3.11/site-packages/airflow/example_dags/plugins/workday.py took 0.345 seconds
[2023-09-14T10:37:09.658+0800] {processor.py:157} INFO - Started process (PID=67676) to work on /opt/homebrew/lib/python3.11/site-packages/airflow/example_dags/plugins/workday.py
[2023-09-14T10:37:09.658+0800] {processor.py:829} INFO - Processing file /opt/homebrew/lib/python3.11/site-packages/airflow/example_dags/plugins/workday.py for tasks to queue
[2023-09-14T10:37:09.659+0800] {logging_mixin.py:151} INFO - [2023-09-14T10:37:09.659+0800] {dagbag.py:539} INFO - Filling up the DagBag from /opt/homebrew/lib/python3.11/site-packages/airflow/example_dags/plugins/workday.py
[2023-09-14T10:37:09.912+0800] {processor.py:841} WARNING - No viable dags retrieved from /opt/homebrew/lib/python3.11/site-packages/airflow/example_dags/plugins/workday.py
[2023-09-14T10:37:10.012+0800] {processor.py:179} INFO - Processing /opt/homebrew/lib/python3.11/site-packages/airflow/example_dags/plugins/workday.py took 0.355 seconds
[2023-09-14T10:38:00.857+0800] {processor.py:157} INFO - Started process (PID=67775) to work on /opt/homebrew/lib/python3.11/site-packages/airflow/example_dags/plugins/workday.py
[2023-09-14T10:38:00.858+0800] {processor.py:829} INFO - Processing file /opt/homebrew/lib/python3.11/site-packages/airflow/example_dags/plugins/workday.py for tasks to queue
[2023-09-14T10:38:00.858+0800] {logging_mixin.py:151} INFO - [2023-09-14T10:38:00.858+0800] {dagbag.py:539} INFO - Filling up the DagBag from /opt/homebrew/lib/python3.11/site-packages/airflow/example_dags/plugins/workday.py
[2023-09-14T10:38:01.117+0800] {processor.py:841} WARNING - No viable dags retrieved from /opt/homebrew/lib/python3.11/site-packages/airflow/example_dags/plugins/workday.py
[2023-09-14T10:38:01.217+0800] {processor.py:179} INFO - Processing /opt/homebrew/lib/python3.11/site-packages/airflow/example_dags/plugins/workday.py took 0.361 seconds
[2023-09-14T10:38:52.480+0800] {processor.py:157} INFO - Started process (PID=67866) to work on /opt/homebrew/lib/python3.11/site-packages/airflow/example_dags/plugins/workday.py
[2023-09-14T10:38:52.481+0800] {processor.py:829} INFO - Processing file /opt/homebrew/lib/python3.11/site-packages/airflow/example_dags/plugins/workday.py for tasks to queue
[2023-09-14T10:38:52.481+0800] {logging_mixin.py:151} INFO - [2023-09-14T10:38:52.481+0800] {dagbag.py:539} INFO - Filling up the DagBag from /opt/homebrew/lib/python3.11/site-packages/airflow/example_dags/plugins/workday.py
[2023-09-14T10:38:52.685+0800] {processor.py:841} WARNING - No viable dags retrieved from /opt/homebrew/lib/python3.11/site-packages/airflow/example_dags/plugins/workday.py
[2023-09-14T10:38:52.784+0800] {processor.py:179} INFO - Processing /opt/homebrew/lib/python3.11/site-packages/airflow/example_dags/plugins/workday.py took 0.305 seconds
[2023-09-14T10:39:45.629+0800] {processor.py:157} INFO - Started process (PID=67969) to work on /opt/homebrew/lib/python3.11/site-packages/airflow/example_dags/plugins/workday.py
[2023-09-14T10:39:45.631+0800] {processor.py:829} INFO - Processing file /opt/homebrew/lib/python3.11/site-packages/airflow/example_dags/plugins/workday.py for tasks to queue
[2023-09-14T10:39:45.631+0800] {logging_mixin.py:151} INFO - [2023-09-14T10:39:45.631+0800] {dagbag.py:539} INFO - Filling up the DagBag from /opt/homebrew/lib/python3.11/site-packages/airflow/example_dags/plugins/workday.py
[2023-09-14T10:39:45.867+0800] {processor.py:841} WARNING - No viable dags retrieved from /opt/homebrew/lib/python3.11/site-packages/airflow/example_dags/plugins/workday.py
[2023-09-14T10:39:45.967+0800] {processor.py:179} INFO - Processing /opt/homebrew/lib/python3.11/site-packages/airflow/example_dags/plugins/workday.py took 0.338 seconds
[2023-09-14T10:40:38.150+0800] {processor.py:157} INFO - Started process (PID=68060) to work on /opt/homebrew/lib/python3.11/site-packages/airflow/example_dags/plugins/workday.py
[2023-09-14T10:40:38.151+0800] {processor.py:829} INFO - Processing file /opt/homebrew/lib/python3.11/site-packages/airflow/example_dags/plugins/workday.py for tasks to queue
[2023-09-14T10:40:38.151+0800] {logging_mixin.py:151} INFO - [2023-09-14T10:40:38.151+0800] {dagbag.py:539} INFO - Filling up the DagBag from /opt/homebrew/lib/python3.11/site-packages/airflow/example_dags/plugins/workday.py
[2023-09-14T10:40:38.382+0800] {processor.py:841} WARNING - No viable dags retrieved from /opt/homebrew/lib/python3.11/site-packages/airflow/example_dags/plugins/workday.py
[2023-09-14T10:40:38.494+0800] {processor.py:179} INFO - Processing /opt/homebrew/lib/python3.11/site-packages/airflow/example_dags/plugins/workday.py took 0.345 seconds
[2023-09-14T10:41:32.720+0800] {processor.py:157} INFO - Started process (PID=68156) to work on /opt/homebrew/lib/python3.11/site-packages/airflow/example_dags/plugins/workday.py
[2023-09-14T10:41:32.721+0800] {processor.py:829} INFO - Processing file /opt/homebrew/lib/python3.11/site-packages/airflow/example_dags/plugins/workday.py for tasks to queue
[2023-09-14T10:41:32.721+0800] {logging_mixin.py:151} INFO - [2023-09-14T10:41:32.721+0800] {dagbag.py:539} INFO - Filling up the DagBag from /opt/homebrew/lib/python3.11/site-packages/airflow/example_dags/plugins/workday.py
[2023-09-14T10:41:32.969+0800] {processor.py:841} WARNING - No viable dags retrieved from /opt/homebrew/lib/python3.11/site-packages/airflow/example_dags/plugins/workday.py
[2023-09-14T10:41:33.079+0800] {processor.py:179} INFO - Processing /opt/homebrew/lib/python3.11/site-packages/airflow/example_dags/plugins/workday.py took 0.360 seconds
[2023-09-14T10:42:26.678+0800] {processor.py:157} INFO - Started process (PID=68256) to work on /opt/homebrew/lib/python3.11/site-packages/airflow/example_dags/plugins/workday.py
[2023-09-14T10:42:26.679+0800] {processor.py:829} INFO - Processing file /opt/homebrew/lib/python3.11/site-packages/airflow/example_dags/plugins/workday.py for tasks to queue
[2023-09-14T10:42:26.680+0800] {logging_mixin.py:151} INFO - [2023-09-14T10:42:26.680+0800] {dagbag.py:539} INFO - Filling up the DagBag from /opt/homebrew/lib/python3.11/site-packages/airflow/example_dags/plugins/workday.py
[2023-09-14T10:42:26.924+0800] {processor.py:841} WARNING - No viable dags retrieved from /opt/homebrew/lib/python3.11/site-packages/airflow/example_dags/plugins/workday.py
[2023-09-14T10:42:27.035+0800] {processor.py:179} INFO - Processing /opt/homebrew/lib/python3.11/site-packages/airflow/example_dags/plugins/workday.py took 0.357 seconds
[2023-09-14T10:43:19.336+0800] {processor.py:157} INFO - Started process (PID=68346) to work on /opt/homebrew/lib/python3.11/site-packages/airflow/example_dags/plugins/workday.py
[2023-09-14T10:43:19.338+0800] {processor.py:829} INFO - Processing file /opt/homebrew/lib/python3.11/site-packages/airflow/example_dags/plugins/workday.py for tasks to queue
[2023-09-14T10:43:19.339+0800] {logging_mixin.py:151} INFO - [2023-09-14T10:43:19.338+0800] {dagbag.py:539} INFO - Filling up the DagBag from /opt/homebrew/lib/python3.11/site-packages/airflow/example_dags/plugins/workday.py
[2023-09-14T10:43:19.566+0800] {processor.py:841} WARNING - No viable dags retrieved from /opt/homebrew/lib/python3.11/site-packages/airflow/example_dags/plugins/workday.py
[2023-09-14T10:43:19.668+0800] {processor.py:179} INFO - Processing /opt/homebrew/lib/python3.11/site-packages/airflow/example_dags/plugins/workday.py took 0.332 seconds
[2023-09-14T10:44:11.490+0800] {processor.py:157} INFO - Started process (PID=68441) to work on /opt/homebrew/lib/python3.11/site-packages/airflow/example_dags/plugins/workday.py
[2023-09-14T10:44:11.491+0800] {processor.py:829} INFO - Processing file /opt/homebrew/lib/python3.11/site-packages/airflow/example_dags/plugins/workday.py for tasks to queue
[2023-09-14T10:44:11.491+0800] {logging_mixin.py:151} INFO - [2023-09-14T10:44:11.491+0800] {dagbag.py:539} INFO - Filling up the DagBag from /opt/homebrew/lib/python3.11/site-packages/airflow/example_dags/plugins/workday.py
[2023-09-14T10:44:11.712+0800] {processor.py:841} WARNING - No viable dags retrieved from /opt/homebrew/lib/python3.11/site-packages/airflow/example_dags/plugins/workday.py
[2023-09-14T10:44:11.822+0800] {processor.py:179} INFO - Processing /opt/homebrew/lib/python3.11/site-packages/airflow/example_dags/plugins/workday.py took 0.332 seconds
[2023-09-14T10:45:03.399+0800] {processor.py:157} INFO - Started process (PID=68536) to work on /opt/homebrew/lib/python3.11/site-packages/airflow/example_dags/plugins/workday.py
[2023-09-14T10:45:03.399+0800] {processor.py:829} INFO - Processing file /opt/homebrew/lib/python3.11/site-packages/airflow/example_dags/plugins/workday.py for tasks to queue
[2023-09-14T10:45:03.399+0800] {logging_mixin.py:151} INFO - [2023-09-14T10:45:03.399+0800] {dagbag.py:539} INFO - Filling up the DagBag from /opt/homebrew/lib/python3.11/site-packages/airflow/example_dags/plugins/workday.py
[2023-09-14T10:45:03.720+0800] {processor.py:841} WARNING - No viable dags retrieved from /opt/homebrew/lib/python3.11/site-packages/airflow/example_dags/plugins/workday.py
[2023-09-14T10:45:03.856+0800] {processor.py:179} INFO - Processing /opt/homebrew/lib/python3.11/site-packages/airflow/example_dags/plugins/workday.py took 0.458 seconds
[2023-09-14T10:45:54.349+0800] {processor.py:157} INFO - Started process (PID=68629) to work on /opt/homebrew/lib/python3.11/site-packages/airflow/example_dags/plugins/workday.py
[2023-09-14T10:45:54.350+0800] {processor.py:829} INFO - Processing file /opt/homebrew/lib/python3.11/site-packages/airflow/example_dags/plugins/workday.py for tasks to queue
[2023-09-14T10:45:54.350+0800] {logging_mixin.py:151} INFO - [2023-09-14T10:45:54.350+0800] {dagbag.py:539} INFO - Filling up the DagBag from /opt/homebrew/lib/python3.11/site-packages/airflow/example_dags/plugins/workday.py
[2023-09-14T10:45:54.606+0800] {processor.py:841} WARNING - No viable dags retrieved from /opt/homebrew/lib/python3.11/site-packages/airflow/example_dags/plugins/workday.py
[2023-09-14T10:45:54.715+0800] {processor.py:179} INFO - Processing /opt/homebrew/lib/python3.11/site-packages/airflow/example_dags/plugins/workday.py took 0.366 seconds
[2023-09-14T10:46:46.288+0800] {processor.py:157} INFO - Started process (PID=68723) to work on /opt/homebrew/lib/python3.11/site-packages/airflow/example_dags/plugins/workday.py
[2023-09-14T10:46:46.289+0800] {processor.py:829} INFO - Processing file /opt/homebrew/lib/python3.11/site-packages/airflow/example_dags/plugins/workday.py for tasks to queue
[2023-09-14T10:46:46.289+0800] {logging_mixin.py:151} INFO - [2023-09-14T10:46:46.289+0800] {dagbag.py:539} INFO - Filling up the DagBag from /opt/homebrew/lib/python3.11/site-packages/airflow/example_dags/plugins/workday.py
[2023-09-14T10:46:46.538+0800] {processor.py:841} WARNING - No viable dags retrieved from /opt/homebrew/lib/python3.11/site-packages/airflow/example_dags/plugins/workday.py
[2023-09-14T10:46:46.648+0800] {processor.py:179} INFO - Processing /opt/homebrew/lib/python3.11/site-packages/airflow/example_dags/plugins/workday.py took 0.360 seconds
[2023-09-14T10:47:39.019+0800] {processor.py:157} INFO - Started process (PID=68818) to work on /opt/homebrew/lib/python3.11/site-packages/airflow/example_dags/plugins/workday.py
[2023-09-14T10:47:39.019+0800] {processor.py:829} INFO - Processing file /opt/homebrew/lib/python3.11/site-packages/airflow/example_dags/plugins/workday.py for tasks to queue
[2023-09-14T10:47:39.020+0800] {logging_mixin.py:151} INFO - [2023-09-14T10:47:39.020+0800] {dagbag.py:539} INFO - Filling up the DagBag from /opt/homebrew/lib/python3.11/site-packages/airflow/example_dags/plugins/workday.py
[2023-09-14T10:47:39.286+0800] {processor.py:841} WARNING - No viable dags retrieved from /opt/homebrew/lib/python3.11/site-packages/airflow/example_dags/plugins/workday.py
[2023-09-14T10:47:39.381+0800] {processor.py:179} INFO - Processing /opt/homebrew/lib/python3.11/site-packages/airflow/example_dags/plugins/workday.py took 0.363 seconds
[2023-09-14T10:48:30.336+0800] {processor.py:157} INFO - Started process (PID=68908) to work on /opt/homebrew/lib/python3.11/site-packages/airflow/example_dags/plugins/workday.py
[2023-09-14T10:48:30.336+0800] {processor.py:829} INFO - Processing file /opt/homebrew/lib/python3.11/site-packages/airflow/example_dags/plugins/workday.py for tasks to queue
[2023-09-14T10:48:30.337+0800] {logging_mixin.py:151} INFO - [2023-09-14T10:48:30.337+0800] {dagbag.py:539} INFO - Filling up the DagBag from /opt/homebrew/lib/python3.11/site-packages/airflow/example_dags/plugins/workday.py
[2023-09-14T10:48:30.563+0800] {processor.py:841} WARNING - No viable dags retrieved from /opt/homebrew/lib/python3.11/site-packages/airflow/example_dags/plugins/workday.py
[2023-09-14T10:48:30.667+0800] {processor.py:179} INFO - Processing /opt/homebrew/lib/python3.11/site-packages/airflow/example_dags/plugins/workday.py took 0.331 seconds
[2023-09-14T10:49:24.347+0800] {processor.py:157} INFO - Started process (PID=69006) to work on /opt/homebrew/lib/python3.11/site-packages/airflow/example_dags/plugins/workday.py
[2023-09-14T10:49:24.348+0800] {processor.py:829} INFO - Processing file /opt/homebrew/lib/python3.11/site-packages/airflow/example_dags/plugins/workday.py for tasks to queue
[2023-09-14T10:49:24.348+0800] {logging_mixin.py:151} INFO - [2023-09-14T10:49:24.348+0800] {dagbag.py:539} INFO - Filling up the DagBag from /opt/homebrew/lib/python3.11/site-packages/airflow/example_dags/plugins/workday.py
[2023-09-14T10:49:24.577+0800] {processor.py:841} WARNING - No viable dags retrieved from /opt/homebrew/lib/python3.11/site-packages/airflow/example_dags/plugins/workday.py
[2023-09-14T10:49:24.678+0800] {processor.py:179} INFO - Processing /opt/homebrew/lib/python3.11/site-packages/airflow/example_dags/plugins/workday.py took 0.332 seconds
[2023-09-14T10:50:19.611+0800] {processor.py:157} INFO - Started process (PID=69108) to work on /opt/homebrew/lib/python3.11/site-packages/airflow/example_dags/plugins/workday.py
[2023-09-14T10:50:19.612+0800] {processor.py:829} INFO - Processing file /opt/homebrew/lib/python3.11/site-packages/airflow/example_dags/plugins/workday.py for tasks to queue
[2023-09-14T10:50:19.612+0800] {logging_mixin.py:151} INFO - [2023-09-14T10:50:19.612+0800] {dagbag.py:539} INFO - Filling up the DagBag from /opt/homebrew/lib/python3.11/site-packages/airflow/example_dags/plugins/workday.py
[2023-09-14T10:50:19.839+0800] {processor.py:841} WARNING - No viable dags retrieved from /opt/homebrew/lib/python3.11/site-packages/airflow/example_dags/plugins/workday.py
[2023-09-14T10:50:19.944+0800] {processor.py:179} INFO - Processing /opt/homebrew/lib/python3.11/site-packages/airflow/example_dags/plugins/workday.py took 0.334 seconds
[2023-09-14T10:51:12.724+0800] {processor.py:157} INFO - Started process (PID=69203) to work on /opt/homebrew/lib/python3.11/site-packages/airflow/example_dags/plugins/workday.py
[2023-09-14T10:51:12.724+0800] {processor.py:829} INFO - Processing file /opt/homebrew/lib/python3.11/site-packages/airflow/example_dags/plugins/workday.py for tasks to queue
[2023-09-14T10:51:12.725+0800] {logging_mixin.py:151} INFO - [2023-09-14T10:51:12.725+0800] {dagbag.py:539} INFO - Filling up the DagBag from /opt/homebrew/lib/python3.11/site-packages/airflow/example_dags/plugins/workday.py
[2023-09-14T10:51:12.941+0800] {processor.py:841} WARNING - No viable dags retrieved from /opt/homebrew/lib/python3.11/site-packages/airflow/example_dags/plugins/workday.py
[2023-09-14T10:51:13.045+0800] {processor.py:179} INFO - Processing /opt/homebrew/lib/python3.11/site-packages/airflow/example_dags/plugins/workday.py took 0.321 seconds
[2023-09-14T10:52:06.676+0800] {processor.py:157} INFO - Started process (PID=69297) to work on /opt/homebrew/lib/python3.11/site-packages/airflow/example_dags/plugins/workday.py
[2023-09-14T10:52:06.676+0800] {processor.py:829} INFO - Processing file /opt/homebrew/lib/python3.11/site-packages/airflow/example_dags/plugins/workday.py for tasks to queue
[2023-09-14T10:52:06.677+0800] {logging_mixin.py:151} INFO - [2023-09-14T10:52:06.676+0800] {dagbag.py:539} INFO - Filling up the DagBag from /opt/homebrew/lib/python3.11/site-packages/airflow/example_dags/plugins/workday.py
[2023-09-14T10:52:06.922+0800] {processor.py:841} WARNING - No viable dags retrieved from /opt/homebrew/lib/python3.11/site-packages/airflow/example_dags/plugins/workday.py
[2023-09-14T10:52:07.032+0800] {processor.py:179} INFO - Processing /opt/homebrew/lib/python3.11/site-packages/airflow/example_dags/plugins/workday.py took 0.357 seconds
[2023-09-14T10:53:01.982+0800] {processor.py:157} INFO - Started process (PID=69394) to work on /opt/homebrew/lib/python3.11/site-packages/airflow/example_dags/plugins/workday.py
[2023-09-14T10:53:01.983+0800] {processor.py:829} INFO - Processing file /opt/homebrew/lib/python3.11/site-packages/airflow/example_dags/plugins/workday.py for tasks to queue
[2023-09-14T10:53:01.983+0800] {logging_mixin.py:151} INFO - [2023-09-14T10:53:01.983+0800] {dagbag.py:539} INFO - Filling up the DagBag from /opt/homebrew/lib/python3.11/site-packages/airflow/example_dags/plugins/workday.py
[2023-09-14T10:53:02.227+0800] {processor.py:841} WARNING - No viable dags retrieved from /opt/homebrew/lib/python3.11/site-packages/airflow/example_dags/plugins/workday.py
[2023-09-14T10:53:02.325+0800] {processor.py:179} INFO - Processing /opt/homebrew/lib/python3.11/site-packages/airflow/example_dags/plugins/workday.py took 0.343 seconds
[2023-09-14T10:53:57.745+0800] {processor.py:157} INFO - Started process (PID=69509) to work on /opt/homebrew/lib/python3.11/site-packages/airflow/example_dags/plugins/workday.py
[2023-09-14T10:53:57.746+0800] {processor.py:829} INFO - Processing file /opt/homebrew/lib/python3.11/site-packages/airflow/example_dags/plugins/workday.py for tasks to queue
[2023-09-14T10:53:57.746+0800] {logging_mixin.py:151} INFO - [2023-09-14T10:53:57.746+0800] {dagbag.py:539} INFO - Filling up the DagBag from /opt/homebrew/lib/python3.11/site-packages/airflow/example_dags/plugins/workday.py
[2023-09-14T10:53:57.984+0800] {processor.py:841} WARNING - No viable dags retrieved from /opt/homebrew/lib/python3.11/site-packages/airflow/example_dags/plugins/workday.py
[2023-09-14T10:53:58.083+0800] {processor.py:179} INFO - Processing /opt/homebrew/lib/python3.11/site-packages/airflow/example_dags/plugins/workday.py took 0.339 seconds
[2023-09-14T10:54:50.911+0800] {processor.py:157} INFO - Started process (PID=69612) to work on /opt/homebrew/lib/python3.11/site-packages/airflow/example_dags/plugins/workday.py
[2023-09-14T10:54:50.913+0800] {processor.py:829} INFO - Processing file /opt/homebrew/lib/python3.11/site-packages/airflow/example_dags/plugins/workday.py for tasks to queue
[2023-09-14T10:54:50.913+0800] {logging_mixin.py:151} INFO - [2023-09-14T10:54:50.913+0800] {dagbag.py:539} INFO - Filling up the DagBag from /opt/homebrew/lib/python3.11/site-packages/airflow/example_dags/plugins/workday.py
[2023-09-14T10:54:51.157+0800] {processor.py:841} WARNING - No viable dags retrieved from /opt/homebrew/lib/python3.11/site-packages/airflow/example_dags/plugins/workday.py
[2023-09-14T10:54:51.257+0800] {processor.py:179} INFO - Processing /opt/homebrew/lib/python3.11/site-packages/airflow/example_dags/plugins/workday.py took 0.346 seconds
[2023-09-14T10:55:42.354+0800] {processor.py:157} INFO - Started process (PID=69704) to work on /opt/homebrew/lib/python3.11/site-packages/airflow/example_dags/plugins/workday.py
[2023-09-14T10:55:42.354+0800] {processor.py:829} INFO - Processing file /opt/homebrew/lib/python3.11/site-packages/airflow/example_dags/plugins/workday.py for tasks to queue
[2023-09-14T10:55:42.354+0800] {logging_mixin.py:151} INFO - [2023-09-14T10:55:42.354+0800] {dagbag.py:539} INFO - Filling up the DagBag from /opt/homebrew/lib/python3.11/site-packages/airflow/example_dags/plugins/workday.py
[2023-09-14T10:55:42.592+0800] {processor.py:841} WARNING - No viable dags retrieved from /opt/homebrew/lib/python3.11/site-packages/airflow/example_dags/plugins/workday.py
[2023-09-14T10:55:42.694+0800] {processor.py:179} INFO - Processing /opt/homebrew/lib/python3.11/site-packages/airflow/example_dags/plugins/workday.py took 0.341 seconds
[2023-09-14T10:56:34.812+0800] {processor.py:157} INFO - Started process (PID=69799) to work on /opt/homebrew/lib/python3.11/site-packages/airflow/example_dags/plugins/workday.py
[2023-09-14T10:56:34.812+0800] {processor.py:829} INFO - Processing file /opt/homebrew/lib/python3.11/site-packages/airflow/example_dags/plugins/workday.py for tasks to queue
[2023-09-14T10:56:34.812+0800] {logging_mixin.py:151} INFO - [2023-09-14T10:56:34.812+0800] {dagbag.py:539} INFO - Filling up the DagBag from /opt/homebrew/lib/python3.11/site-packages/airflow/example_dags/plugins/workday.py
[2023-09-14T10:56:35.041+0800] {processor.py:841} WARNING - No viable dags retrieved from /opt/homebrew/lib/python3.11/site-packages/airflow/example_dags/plugins/workday.py
[2023-09-14T10:56:35.141+0800] {processor.py:179} INFO - Processing /opt/homebrew/lib/python3.11/site-packages/airflow/example_dags/plugins/workday.py took 0.330 seconds
[2023-09-14T10:57:25.573+0800] {processor.py:157} INFO - Started process (PID=69891) to work on /opt/homebrew/lib/python3.11/site-packages/airflow/example_dags/plugins/workday.py
[2023-09-14T10:57:25.573+0800] {processor.py:829} INFO - Processing file /opt/homebrew/lib/python3.11/site-packages/airflow/example_dags/plugins/workday.py for tasks to queue
[2023-09-14T10:57:25.573+0800] {logging_mixin.py:151} INFO - [2023-09-14T10:57:25.573+0800] {dagbag.py:539} INFO - Filling up the DagBag from /opt/homebrew/lib/python3.11/site-packages/airflow/example_dags/plugins/workday.py
[2023-09-14T10:57:25.799+0800] {processor.py:841} WARNING - No viable dags retrieved from /opt/homebrew/lib/python3.11/site-packages/airflow/example_dags/plugins/workday.py
[2023-09-14T10:57:25.908+0800] {processor.py:179} INFO - Processing /opt/homebrew/lib/python3.11/site-packages/airflow/example_dags/plugins/workday.py took 0.335 seconds
[2023-09-14T10:58:14.043+0800] {processor.py:157} INFO - Started process (PID=69979) to work on /opt/homebrew/lib/python3.11/site-packages/airflow/example_dags/plugins/workday.py
[2023-09-14T10:58:14.044+0800] {processor.py:829} INFO - Processing file /opt/homebrew/lib/python3.11/site-packages/airflow/example_dags/plugins/workday.py for tasks to queue
[2023-09-14T10:58:14.044+0800] {logging_mixin.py:151} INFO - [2023-09-14T10:58:14.044+0800] {dagbag.py:539} INFO - Filling up the DagBag from /opt/homebrew/lib/python3.11/site-packages/airflow/example_dags/plugins/workday.py
[2023-09-14T10:58:14.268+0800] {processor.py:841} WARNING - No viable dags retrieved from /opt/homebrew/lib/python3.11/site-packages/airflow/example_dags/plugins/workday.py
[2023-09-14T10:58:14.372+0800] {processor.py:179} INFO - Processing /opt/homebrew/lib/python3.11/site-packages/airflow/example_dags/plugins/workday.py took 0.329 seconds
[2023-09-14T10:59:05.294+0800] {processor.py:157} INFO - Started process (PID=70069) to work on /opt/homebrew/lib/python3.11/site-packages/airflow/example_dags/plugins/workday.py
[2023-09-14T10:59:05.295+0800] {processor.py:829} INFO - Processing file /opt/homebrew/lib/python3.11/site-packages/airflow/example_dags/plugins/workday.py for tasks to queue
[2023-09-14T10:59:05.295+0800] {logging_mixin.py:151} INFO - [2023-09-14T10:59:05.295+0800] {dagbag.py:539} INFO - Filling up the DagBag from /opt/homebrew/lib/python3.11/site-packages/airflow/example_dags/plugins/workday.py
[2023-09-14T10:59:05.520+0800] {processor.py:841} WARNING - No viable dags retrieved from /opt/homebrew/lib/python3.11/site-packages/airflow/example_dags/plugins/workday.py
[2023-09-14T10:59:05.639+0800] {processor.py:179} INFO - Processing /opt/homebrew/lib/python3.11/site-packages/airflow/example_dags/plugins/workday.py took 0.346 seconds
[2023-09-14T10:59:54.641+0800] {processor.py:157} INFO - Started process (PID=70157) to work on /opt/homebrew/lib/python3.11/site-packages/airflow/example_dags/plugins/workday.py
[2023-09-14T10:59:54.641+0800] {processor.py:829} INFO - Processing file /opt/homebrew/lib/python3.11/site-packages/airflow/example_dags/plugins/workday.py for tasks to queue
[2023-09-14T10:59:54.641+0800] {logging_mixin.py:151} INFO - [2023-09-14T10:59:54.641+0800] {dagbag.py:539} INFO - Filling up the DagBag from /opt/homebrew/lib/python3.11/site-packages/airflow/example_dags/plugins/workday.py
[2023-09-14T10:59:54.874+0800] {processor.py:841} WARNING - No viable dags retrieved from /opt/homebrew/lib/python3.11/site-packages/airflow/example_dags/plugins/workday.py
[2023-09-14T10:59:54.975+0800] {processor.py:179} INFO - Processing /opt/homebrew/lib/python3.11/site-packages/airflow/example_dags/plugins/workday.py took 0.335 seconds
[2023-09-14T11:00:48.475+0800] {processor.py:157} INFO - Started process (PID=70262) to work on /opt/homebrew/lib/python3.11/site-packages/airflow/example_dags/plugins/workday.py
[2023-09-14T11:00:48.475+0800] {processor.py:829} INFO - Processing file /opt/homebrew/lib/python3.11/site-packages/airflow/example_dags/plugins/workday.py for tasks to queue
[2023-09-14T11:00:48.475+0800] {logging_mixin.py:151} INFO - [2023-09-14T11:00:48.475+0800] {dagbag.py:539} INFO - Filling up the DagBag from /opt/homebrew/lib/python3.11/site-packages/airflow/example_dags/plugins/workday.py
[2023-09-14T11:00:48.697+0800] {processor.py:841} WARNING - No viable dags retrieved from /opt/homebrew/lib/python3.11/site-packages/airflow/example_dags/plugins/workday.py
[2023-09-14T11:00:48.802+0800] {processor.py:179} INFO - Processing /opt/homebrew/lib/python3.11/site-packages/airflow/example_dags/plugins/workday.py took 0.328 seconds
[2023-09-14T11:01:41.577+0800] {processor.py:157} INFO - Started process (PID=70356) to work on /opt/homebrew/lib/python3.11/site-packages/airflow/example_dags/plugins/workday.py
[2023-09-14T11:01:41.577+0800] {processor.py:829} INFO - Processing file /opt/homebrew/lib/python3.11/site-packages/airflow/example_dags/plugins/workday.py for tasks to queue
[2023-09-14T11:01:41.578+0800] {logging_mixin.py:151} INFO - [2023-09-14T11:01:41.578+0800] {dagbag.py:539} INFO - Filling up the DagBag from /opt/homebrew/lib/python3.11/site-packages/airflow/example_dags/plugins/workday.py
[2023-09-14T11:01:41.808+0800] {processor.py:841} WARNING - No viable dags retrieved from /opt/homebrew/lib/python3.11/site-packages/airflow/example_dags/plugins/workday.py
[2023-09-14T11:01:41.913+0800] {processor.py:179} INFO - Processing /opt/homebrew/lib/python3.11/site-packages/airflow/example_dags/plugins/workday.py took 0.337 seconds
[2023-09-14T11:02:31.426+0800] {processor.py:157} INFO - Started process (PID=70447) to work on /opt/homebrew/lib/python3.11/site-packages/airflow/example_dags/plugins/workday.py
[2023-09-14T11:02:31.426+0800] {processor.py:829} INFO - Processing file /opt/homebrew/lib/python3.11/site-packages/airflow/example_dags/plugins/workday.py for tasks to queue
[2023-09-14T11:02:31.426+0800] {logging_mixin.py:151} INFO - [2023-09-14T11:02:31.426+0800] {dagbag.py:539} INFO - Filling up the DagBag from /opt/homebrew/lib/python3.11/site-packages/airflow/example_dags/plugins/workday.py
[2023-09-14T11:02:31.646+0800] {processor.py:841} WARNING - No viable dags retrieved from /opt/homebrew/lib/python3.11/site-packages/airflow/example_dags/plugins/workday.py
[2023-09-14T11:02:31.754+0800] {processor.py:179} INFO - Processing /opt/homebrew/lib/python3.11/site-packages/airflow/example_dags/plugins/workday.py took 0.329 seconds
[2023-09-14T11:03:22.902+0800] {processor.py:157} INFO - Started process (PID=70538) to work on /opt/homebrew/lib/python3.11/site-packages/airflow/example_dags/plugins/workday.py
[2023-09-14T11:03:22.902+0800] {processor.py:829} INFO - Processing file /opt/homebrew/lib/python3.11/site-packages/airflow/example_dags/plugins/workday.py for tasks to queue
[2023-09-14T11:03:22.903+0800] {logging_mixin.py:151} INFO - [2023-09-14T11:03:22.903+0800] {dagbag.py:539} INFO - Filling up the DagBag from /opt/homebrew/lib/python3.11/site-packages/airflow/example_dags/plugins/workday.py
[2023-09-14T11:03:23.132+0800] {processor.py:841} WARNING - No viable dags retrieved from /opt/homebrew/lib/python3.11/site-packages/airflow/example_dags/plugins/workday.py
[2023-09-14T11:03:23.235+0800] {processor.py:179} INFO - Processing /opt/homebrew/lib/python3.11/site-packages/airflow/example_dags/plugins/workday.py took 0.333 seconds
[2023-09-14T11:04:14.757+0800] {processor.py:157} INFO - Started process (PID=70629) to work on /opt/homebrew/lib/python3.11/site-packages/airflow/example_dags/plugins/workday.py
[2023-09-14T11:04:14.758+0800] {processor.py:829} INFO - Processing file /opt/homebrew/lib/python3.11/site-packages/airflow/example_dags/plugins/workday.py for tasks to queue
[2023-09-14T11:04:14.758+0800] {logging_mixin.py:151} INFO - [2023-09-14T11:04:14.758+0800] {dagbag.py:539} INFO - Filling up the DagBag from /opt/homebrew/lib/python3.11/site-packages/airflow/example_dags/plugins/workday.py
[2023-09-14T11:04:14.985+0800] {processor.py:841} WARNING - No viable dags retrieved from /opt/homebrew/lib/python3.11/site-packages/airflow/example_dags/plugins/workday.py
[2023-09-14T11:04:15.091+0800] {processor.py:179} INFO - Processing /opt/homebrew/lib/python3.11/site-packages/airflow/example_dags/plugins/workday.py took 0.334 seconds
[2023-09-14T11:05:08.367+0800] {processor.py:157} INFO - Started process (PID=70749) to work on /opt/homebrew/lib/python3.11/site-packages/airflow/example_dags/plugins/workday.py
[2023-09-14T11:05:08.367+0800] {processor.py:829} INFO - Processing file /opt/homebrew/lib/python3.11/site-packages/airflow/example_dags/plugins/workday.py for tasks to queue
[2023-09-14T11:05:08.367+0800] {logging_mixin.py:151} INFO - [2023-09-14T11:05:08.367+0800] {dagbag.py:539} INFO - Filling up the DagBag from /opt/homebrew/lib/python3.11/site-packages/airflow/example_dags/plugins/workday.py
[2023-09-14T11:05:08.590+0800] {processor.py:841} WARNING - No viable dags retrieved from /opt/homebrew/lib/python3.11/site-packages/airflow/example_dags/plugins/workday.py
[2023-09-14T11:05:08.693+0800] {processor.py:179} INFO - Processing /opt/homebrew/lib/python3.11/site-packages/airflow/example_dags/plugins/workday.py took 0.327 seconds
[2023-09-14T11:06:01.350+0800] {processor.py:157} INFO - Started process (PID=70841) to work on /opt/homebrew/lib/python3.11/site-packages/airflow/example_dags/plugins/workday.py
[2023-09-14T11:06:01.351+0800] {processor.py:829} INFO - Processing file /opt/homebrew/lib/python3.11/site-packages/airflow/example_dags/plugins/workday.py for tasks to queue
[2023-09-14T11:06:01.351+0800] {logging_mixin.py:151} INFO - [2023-09-14T11:06:01.351+0800] {dagbag.py:539} INFO - Filling up the DagBag from /opt/homebrew/lib/python3.11/site-packages/airflow/example_dags/plugins/workday.py
[2023-09-14T11:06:01.572+0800] {processor.py:841} WARNING - No viable dags retrieved from /opt/homebrew/lib/python3.11/site-packages/airflow/example_dags/plugins/workday.py
[2023-09-14T11:06:01.676+0800] {processor.py:179} INFO - Processing /opt/homebrew/lib/python3.11/site-packages/airflow/example_dags/plugins/workday.py took 0.326 seconds
[2023-09-14T11:06:51.232+0800] {processor.py:157} INFO - Started process (PID=70932) to work on /opt/homebrew/lib/python3.11/site-packages/airflow/example_dags/plugins/workday.py
[2023-09-14T11:06:51.232+0800] {processor.py:829} INFO - Processing file /opt/homebrew/lib/python3.11/site-packages/airflow/example_dags/plugins/workday.py for tasks to queue
[2023-09-14T11:06:51.232+0800] {logging_mixin.py:151} INFO - [2023-09-14T11:06:51.232+0800] {dagbag.py:539} INFO - Filling up the DagBag from /opt/homebrew/lib/python3.11/site-packages/airflow/example_dags/plugins/workday.py
[2023-09-14T11:06:51.456+0800] {processor.py:841} WARNING - No viable dags retrieved from /opt/homebrew/lib/python3.11/site-packages/airflow/example_dags/plugins/workday.py
[2023-09-14T11:06:51.562+0800] {processor.py:179} INFO - Processing /opt/homebrew/lib/python3.11/site-packages/airflow/example_dags/plugins/workday.py took 0.331 seconds
[2023-09-14T11:07:42.140+0800] {processor.py:157} INFO - Started process (PID=71024) to work on /opt/homebrew/lib/python3.11/site-packages/airflow/example_dags/plugins/workday.py
[2023-09-14T11:07:42.140+0800] {processor.py:829} INFO - Processing file /opt/homebrew/lib/python3.11/site-packages/airflow/example_dags/plugins/workday.py for tasks to queue
[2023-09-14T11:07:42.141+0800] {logging_mixin.py:151} INFO - [2023-09-14T11:07:42.141+0800] {dagbag.py:539} INFO - Filling up the DagBag from /opt/homebrew/lib/python3.11/site-packages/airflow/example_dags/plugins/workday.py
[2023-09-14T11:07:42.364+0800] {processor.py:841} WARNING - No viable dags retrieved from /opt/homebrew/lib/python3.11/site-packages/airflow/example_dags/plugins/workday.py
[2023-09-14T11:07:42.466+0800] {processor.py:179} INFO - Processing /opt/homebrew/lib/python3.11/site-packages/airflow/example_dags/plugins/workday.py took 0.326 seconds
[2023-09-14T11:08:32.837+0800] {processor.py:157} INFO - Started process (PID=71114) to work on /opt/homebrew/lib/python3.11/site-packages/airflow/example_dags/plugins/workday.py
[2023-09-14T11:08:32.838+0800] {processor.py:829} INFO - Processing file /opt/homebrew/lib/python3.11/site-packages/airflow/example_dags/plugins/workday.py for tasks to queue
[2023-09-14T11:08:32.838+0800] {logging_mixin.py:151} INFO - [2023-09-14T11:08:32.838+0800] {dagbag.py:539} INFO - Filling up the DagBag from /opt/homebrew/lib/python3.11/site-packages/airflow/example_dags/plugins/workday.py
[2023-09-14T11:08:33.057+0800] {processor.py:841} WARNING - No viable dags retrieved from /opt/homebrew/lib/python3.11/site-packages/airflow/example_dags/plugins/workday.py
[2023-09-14T11:08:33.167+0800] {processor.py:179} INFO - Processing /opt/homebrew/lib/python3.11/site-packages/airflow/example_dags/plugins/workday.py took 0.330 seconds
[2023-09-14T11:23:42.261+0800] {processor.py:157} INFO - Started process (PID=71253) to work on /opt/homebrew/lib/python3.11/site-packages/airflow/example_dags/plugins/workday.py
[2023-09-14T11:23:42.261+0800] {processor.py:829} INFO - Processing file /opt/homebrew/lib/python3.11/site-packages/airflow/example_dags/plugins/workday.py for tasks to queue
[2023-09-14T11:23:42.261+0800] {logging_mixin.py:151} INFO - [2023-09-14T11:23:42.261+0800] {dagbag.py:539} INFO - Filling up the DagBag from /opt/homebrew/lib/python3.11/site-packages/airflow/example_dags/plugins/workday.py
[2023-09-14T11:23:42.545+0800] {processor.py:841} WARNING - No viable dags retrieved from /opt/homebrew/lib/python3.11/site-packages/airflow/example_dags/plugins/workday.py
[2023-09-14T11:23:42.652+0800] {processor.py:179} INFO - Processing /opt/homebrew/lib/python3.11/site-packages/airflow/example_dags/plugins/workday.py took 0.392 seconds
[2023-09-14T11:24:44.562+0800] {processor.py:157} INFO - Started process (PID=71364) to work on /opt/homebrew/lib/python3.11/site-packages/airflow/example_dags/plugins/workday.py
[2023-09-14T11:24:44.563+0800] {processor.py:829} INFO - Processing file /opt/homebrew/lib/python3.11/site-packages/airflow/example_dags/plugins/workday.py for tasks to queue
[2023-09-14T11:24:44.563+0800] {logging_mixin.py:151} INFO - [2023-09-14T11:24:44.563+0800] {dagbag.py:539} INFO - Filling up the DagBag from /opt/homebrew/lib/python3.11/site-packages/airflow/example_dags/plugins/workday.py
[2023-09-14T11:24:44.787+0800] {processor.py:841} WARNING - No viable dags retrieved from /opt/homebrew/lib/python3.11/site-packages/airflow/example_dags/plugins/workday.py
[2023-09-14T11:24:44.891+0800] {processor.py:179} INFO - Processing /opt/homebrew/lib/python3.11/site-packages/airflow/example_dags/plugins/workday.py took 0.329 seconds
[2023-09-14T11:25:41.271+0800] {processor.py:157} INFO - Started process (PID=71460) to work on /opt/homebrew/lib/python3.11/site-packages/airflow/example_dags/plugins/workday.py
[2023-09-14T11:25:41.272+0800] {processor.py:829} INFO - Processing file /opt/homebrew/lib/python3.11/site-packages/airflow/example_dags/plugins/workday.py for tasks to queue
[2023-09-14T11:25:41.272+0800] {logging_mixin.py:151} INFO - [2023-09-14T11:25:41.272+0800] {dagbag.py:539} INFO - Filling up the DagBag from /opt/homebrew/lib/python3.11/site-packages/airflow/example_dags/plugins/workday.py
[2023-09-14T11:25:41.578+0800] {processor.py:841} WARNING - No viable dags retrieved from /opt/homebrew/lib/python3.11/site-packages/airflow/example_dags/plugins/workday.py
[2023-09-14T11:25:41.735+0800] {processor.py:179} INFO - Processing /opt/homebrew/lib/python3.11/site-packages/airflow/example_dags/plugins/workday.py took 0.464 seconds
[2023-09-14T11:26:33.027+0800] {processor.py:157} INFO - Started process (PID=71555) to work on /opt/homebrew/lib/python3.11/site-packages/airflow/example_dags/plugins/workday.py
[2023-09-14T11:26:33.027+0800] {processor.py:829} INFO - Processing file /opt/homebrew/lib/python3.11/site-packages/airflow/example_dags/plugins/workday.py for tasks to queue
[2023-09-14T11:26:33.027+0800] {logging_mixin.py:151} INFO - [2023-09-14T11:26:33.027+0800] {dagbag.py:539} INFO - Filling up the DagBag from /opt/homebrew/lib/python3.11/site-packages/airflow/example_dags/plugins/workday.py
[2023-09-14T11:26:33.253+0800] {processor.py:841} WARNING - No viable dags retrieved from /opt/homebrew/lib/python3.11/site-packages/airflow/example_dags/plugins/workday.py
[2023-09-14T11:26:33.357+0800] {processor.py:179} INFO - Processing /opt/homebrew/lib/python3.11/site-packages/airflow/example_dags/plugins/workday.py took 0.331 seconds
[2023-09-14T11:27:23.523+0800] {processor.py:157} INFO - Started process (PID=71647) to work on /opt/homebrew/lib/python3.11/site-packages/airflow/example_dags/plugins/workday.py
[2023-09-14T11:27:23.524+0800] {processor.py:829} INFO - Processing file /opt/homebrew/lib/python3.11/site-packages/airflow/example_dags/plugins/workday.py for tasks to queue
[2023-09-14T11:27:23.524+0800] {logging_mixin.py:151} INFO - [2023-09-14T11:27:23.524+0800] {dagbag.py:539} INFO - Filling up the DagBag from /opt/homebrew/lib/python3.11/site-packages/airflow/example_dags/plugins/workday.py
[2023-09-14T11:27:23.755+0800] {processor.py:841} WARNING - No viable dags retrieved from /opt/homebrew/lib/python3.11/site-packages/airflow/example_dags/plugins/workday.py
[2023-09-14T11:27:23.855+0800] {processor.py:179} INFO - Processing /opt/homebrew/lib/python3.11/site-packages/airflow/example_dags/plugins/workday.py took 0.332 seconds
[2023-09-14T11:28:15.968+0800] {processor.py:157} INFO - Started process (PID=71740) to work on /opt/homebrew/lib/python3.11/site-packages/airflow/example_dags/plugins/workday.py
[2023-09-14T11:28:15.969+0800] {processor.py:829} INFO - Processing file /opt/homebrew/lib/python3.11/site-packages/airflow/example_dags/plugins/workday.py for tasks to queue
[2023-09-14T11:28:15.969+0800] {logging_mixin.py:151} INFO - [2023-09-14T11:28:15.969+0800] {dagbag.py:539} INFO - Filling up the DagBag from /opt/homebrew/lib/python3.11/site-packages/airflow/example_dags/plugins/workday.py
[2023-09-14T11:28:16.201+0800] {processor.py:841} WARNING - No viable dags retrieved from /opt/homebrew/lib/python3.11/site-packages/airflow/example_dags/plugins/workday.py
[2023-09-14T11:28:16.318+0800] {processor.py:179} INFO - Processing /opt/homebrew/lib/python3.11/site-packages/airflow/example_dags/plugins/workday.py took 0.350 seconds
[2023-09-14T11:29:07.724+0800] {processor.py:157} INFO - Started process (PID=71832) to work on /opt/homebrew/lib/python3.11/site-packages/airflow/example_dags/plugins/workday.py
[2023-09-14T11:29:07.724+0800] {processor.py:829} INFO - Processing file /opt/homebrew/lib/python3.11/site-packages/airflow/example_dags/plugins/workday.py for tasks to queue
[2023-09-14T11:29:07.724+0800] {logging_mixin.py:151} INFO - [2023-09-14T11:29:07.724+0800] {dagbag.py:539} INFO - Filling up the DagBag from /opt/homebrew/lib/python3.11/site-packages/airflow/example_dags/plugins/workday.py
[2023-09-14T11:29:07.969+0800] {processor.py:841} WARNING - No viable dags retrieved from /opt/homebrew/lib/python3.11/site-packages/airflow/example_dags/plugins/workday.py
[2023-09-14T11:29:08.069+0800] {processor.py:179} INFO - Processing /opt/homebrew/lib/python3.11/site-packages/airflow/example_dags/plugins/workday.py took 0.346 seconds
[2023-09-14T11:29:58.654+0800] {processor.py:157} INFO - Started process (PID=71926) to work on /opt/homebrew/lib/python3.11/site-packages/airflow/example_dags/plugins/workday.py
[2023-09-14T11:29:58.654+0800] {processor.py:829} INFO - Processing file /opt/homebrew/lib/python3.11/site-packages/airflow/example_dags/plugins/workday.py for tasks to queue
[2023-09-14T11:29:58.654+0800] {logging_mixin.py:151} INFO - [2023-09-14T11:29:58.654+0800] {dagbag.py:539} INFO - Filling up the DagBag from /opt/homebrew/lib/python3.11/site-packages/airflow/example_dags/plugins/workday.py
[2023-09-14T11:29:58.870+0800] {processor.py:841} WARNING - No viable dags retrieved from /opt/homebrew/lib/python3.11/site-packages/airflow/example_dags/plugins/workday.py
[2023-09-14T11:29:58.981+0800] {processor.py:179} INFO - Processing /opt/homebrew/lib/python3.11/site-packages/airflow/example_dags/plugins/workday.py took 0.328 seconds
[2023-09-14T11:30:48.087+0800] {processor.py:157} INFO - Started process (PID=72014) to work on /opt/homebrew/lib/python3.11/site-packages/airflow/example_dags/plugins/workday.py
[2023-09-14T11:30:48.088+0800] {processor.py:829} INFO - Processing file /opt/homebrew/lib/python3.11/site-packages/airflow/example_dags/plugins/workday.py for tasks to queue
[2023-09-14T11:30:48.088+0800] {logging_mixin.py:151} INFO - [2023-09-14T11:30:48.088+0800] {dagbag.py:539} INFO - Filling up the DagBag from /opt/homebrew/lib/python3.11/site-packages/airflow/example_dags/plugins/workday.py
[2023-09-14T11:30:48.319+0800] {processor.py:841} WARNING - No viable dags retrieved from /opt/homebrew/lib/python3.11/site-packages/airflow/example_dags/plugins/workday.py
[2023-09-14T11:30:48.421+0800] {processor.py:179} INFO - Processing /opt/homebrew/lib/python3.11/site-packages/airflow/example_dags/plugins/workday.py took 0.334 seconds
[2023-09-14T11:31:41.911+0800] {processor.py:157} INFO - Started process (PID=72107) to work on /opt/homebrew/lib/python3.11/site-packages/airflow/example_dags/plugins/workday.py
[2023-09-14T11:31:41.911+0800] {processor.py:829} INFO - Processing file /opt/homebrew/lib/python3.11/site-packages/airflow/example_dags/plugins/workday.py for tasks to queue
[2023-09-14T11:31:41.912+0800] {logging_mixin.py:151} INFO - [2023-09-14T11:31:41.912+0800] {dagbag.py:539} INFO - Filling up the DagBag from /opt/homebrew/lib/python3.11/site-packages/airflow/example_dags/plugins/workday.py
[2023-09-14T11:31:42.129+0800] {processor.py:841} WARNING - No viable dags retrieved from /opt/homebrew/lib/python3.11/site-packages/airflow/example_dags/plugins/workday.py
[2023-09-14T11:31:42.235+0800] {processor.py:179} INFO - Processing /opt/homebrew/lib/python3.11/site-packages/airflow/example_dags/plugins/workday.py took 0.324 seconds
[2023-09-14T11:32:36.153+0800] {processor.py:157} INFO - Started process (PID=72205) to work on /opt/homebrew/lib/python3.11/site-packages/airflow/example_dags/plugins/workday.py
[2023-09-14T11:32:36.154+0800] {processor.py:829} INFO - Processing file /opt/homebrew/lib/python3.11/site-packages/airflow/example_dags/plugins/workday.py for tasks to queue
[2023-09-14T11:32:36.154+0800] {logging_mixin.py:151} INFO - [2023-09-14T11:32:36.154+0800] {dagbag.py:539} INFO - Filling up the DagBag from /opt/homebrew/lib/python3.11/site-packages/airflow/example_dags/plugins/workday.py
[2023-09-14T11:32:36.375+0800] {processor.py:841} WARNING - No viable dags retrieved from /opt/homebrew/lib/python3.11/site-packages/airflow/example_dags/plugins/workday.py
[2023-09-14T11:32:36.479+0800] {processor.py:179} INFO - Processing /opt/homebrew/lib/python3.11/site-packages/airflow/example_dags/plugins/workday.py took 0.326 seconds
[2023-09-14T11:33:29.443+0800] {processor.py:157} INFO - Started process (PID=72305) to work on /opt/homebrew/lib/python3.11/site-packages/airflow/example_dags/plugins/workday.py
[2023-09-14T11:33:29.443+0800] {processor.py:829} INFO - Processing file /opt/homebrew/lib/python3.11/site-packages/airflow/example_dags/plugins/workday.py for tasks to queue
[2023-09-14T11:33:29.444+0800] {logging_mixin.py:151} INFO - [2023-09-14T11:33:29.443+0800] {dagbag.py:539} INFO - Filling up the DagBag from /opt/homebrew/lib/python3.11/site-packages/airflow/example_dags/plugins/workday.py
[2023-09-14T11:33:29.674+0800] {processor.py:841} WARNING - No viable dags retrieved from /opt/homebrew/lib/python3.11/site-packages/airflow/example_dags/plugins/workday.py
[2023-09-14T11:33:29.777+0800] {processor.py:179} INFO - Processing /opt/homebrew/lib/python3.11/site-packages/airflow/example_dags/plugins/workday.py took 0.335 seconds
[2023-09-14T11:34:23.635+0800] {processor.py:157} INFO - Started process (PID=72403) to work on /opt/homebrew/lib/python3.11/site-packages/airflow/example_dags/plugins/workday.py
[2023-09-14T11:34:23.636+0800] {processor.py:829} INFO - Processing file /opt/homebrew/lib/python3.11/site-packages/airflow/example_dags/plugins/workday.py for tasks to queue
[2023-09-14T11:34:23.636+0800] {logging_mixin.py:151} INFO - [2023-09-14T11:34:23.636+0800] {dagbag.py:539} INFO - Filling up the DagBag from /opt/homebrew/lib/python3.11/site-packages/airflow/example_dags/plugins/workday.py
[2023-09-14T11:34:23.876+0800] {processor.py:841} WARNING - No viable dags retrieved from /opt/homebrew/lib/python3.11/site-packages/airflow/example_dags/plugins/workday.py
[2023-09-14T11:34:23.979+0800] {processor.py:179} INFO - Processing /opt/homebrew/lib/python3.11/site-packages/airflow/example_dags/plugins/workday.py took 0.344 seconds
[2023-09-14T11:35:17.608+0800] {processor.py:157} INFO - Started process (PID=72494) to work on /opt/homebrew/lib/python3.11/site-packages/airflow/example_dags/plugins/workday.py
[2023-09-14T11:35:17.609+0800] {processor.py:829} INFO - Processing file /opt/homebrew/lib/python3.11/site-packages/airflow/example_dags/plugins/workday.py for tasks to queue
[2023-09-14T11:35:17.609+0800] {logging_mixin.py:151} INFO - [2023-09-14T11:35:17.609+0800] {dagbag.py:539} INFO - Filling up the DagBag from /opt/homebrew/lib/python3.11/site-packages/airflow/example_dags/plugins/workday.py
[2023-09-14T11:35:17.952+0800] {processor.py:841} WARNING - No viable dags retrieved from /opt/homebrew/lib/python3.11/site-packages/airflow/example_dags/plugins/workday.py
[2023-09-14T11:35:18.149+0800] {processor.py:179} INFO - Processing /opt/homebrew/lib/python3.11/site-packages/airflow/example_dags/plugins/workday.py took 0.541 seconds
[2023-09-14T11:36:12.886+0800] {processor.py:157} INFO - Started process (PID=72590) to work on /opt/homebrew/lib/python3.11/site-packages/airflow/example_dags/plugins/workday.py
[2023-09-14T11:36:12.886+0800] {processor.py:829} INFO - Processing file /opt/homebrew/lib/python3.11/site-packages/airflow/example_dags/plugins/workday.py for tasks to queue
[2023-09-14T11:36:12.887+0800] {logging_mixin.py:151} INFO - [2023-09-14T11:36:12.887+0800] {dagbag.py:539} INFO - Filling up the DagBag from /opt/homebrew/lib/python3.11/site-packages/airflow/example_dags/plugins/workday.py
[2023-09-14T11:36:13.111+0800] {processor.py:841} WARNING - No viable dags retrieved from /opt/homebrew/lib/python3.11/site-packages/airflow/example_dags/plugins/workday.py
[2023-09-14T11:36:13.213+0800] {processor.py:179} INFO - Processing /opt/homebrew/lib/python3.11/site-packages/airflow/example_dags/plugins/workday.py took 0.328 seconds
[2023-09-14T11:37:06.201+0800] {processor.py:157} INFO - Started process (PID=72685) to work on /opt/homebrew/lib/python3.11/site-packages/airflow/example_dags/plugins/workday.py
[2023-09-14T11:37:06.202+0800] {processor.py:829} INFO - Processing file /opt/homebrew/lib/python3.11/site-packages/airflow/example_dags/plugins/workday.py for tasks to queue
[2023-09-14T11:37:06.202+0800] {logging_mixin.py:151} INFO - [2023-09-14T11:37:06.202+0800] {dagbag.py:539} INFO - Filling up the DagBag from /opt/homebrew/lib/python3.11/site-packages/airflow/example_dags/plugins/workday.py
[2023-09-14T11:37:06.432+0800] {processor.py:841} WARNING - No viable dags retrieved from /opt/homebrew/lib/python3.11/site-packages/airflow/example_dags/plugins/workday.py
[2023-09-14T11:37:06.534+0800] {processor.py:179} INFO - Processing /opt/homebrew/lib/python3.11/site-packages/airflow/example_dags/plugins/workday.py took 0.334 seconds
[2023-09-14T11:37:58.396+0800] {processor.py:157} INFO - Started process (PID=72780) to work on /opt/homebrew/lib/python3.11/site-packages/airflow/example_dags/plugins/workday.py
[2023-09-14T11:37:58.396+0800] {processor.py:829} INFO - Processing file /opt/homebrew/lib/python3.11/site-packages/airflow/example_dags/plugins/workday.py for tasks to queue
[2023-09-14T11:37:58.396+0800] {logging_mixin.py:151} INFO - [2023-09-14T11:37:58.396+0800] {dagbag.py:539} INFO - Filling up the DagBag from /opt/homebrew/lib/python3.11/site-packages/airflow/example_dags/plugins/workday.py
[2023-09-14T11:37:58.614+0800] {processor.py:841} WARNING - No viable dags retrieved from /opt/homebrew/lib/python3.11/site-packages/airflow/example_dags/plugins/workday.py
[2023-09-14T11:37:58.723+0800] {processor.py:179} INFO - Processing /opt/homebrew/lib/python3.11/site-packages/airflow/example_dags/plugins/workday.py took 0.328 seconds
[2023-09-14T11:38:47.492+0800] {processor.py:157} INFO - Started process (PID=72870) to work on /opt/homebrew/lib/python3.11/site-packages/airflow/example_dags/plugins/workday.py
[2023-09-14T11:38:47.492+0800] {processor.py:829} INFO - Processing file /opt/homebrew/lib/python3.11/site-packages/airflow/example_dags/plugins/workday.py for tasks to queue
[2023-09-14T11:38:47.492+0800] {logging_mixin.py:151} INFO - [2023-09-14T11:38:47.492+0800] {dagbag.py:539} INFO - Filling up the DagBag from /opt/homebrew/lib/python3.11/site-packages/airflow/example_dags/plugins/workday.py
[2023-09-14T11:38:47.725+0800] {processor.py:841} WARNING - No viable dags retrieved from /opt/homebrew/lib/python3.11/site-packages/airflow/example_dags/plugins/workday.py
[2023-09-14T11:38:47.828+0800] {processor.py:179} INFO - Processing /opt/homebrew/lib/python3.11/site-packages/airflow/example_dags/plugins/workday.py took 0.337 seconds
[2023-09-14T11:39:37.172+0800] {processor.py:157} INFO - Started process (PID=72983) to work on /opt/homebrew/lib/python3.11/site-packages/airflow/example_dags/plugins/workday.py
[2023-09-14T11:39:37.173+0800] {processor.py:829} INFO - Processing file /opt/homebrew/lib/python3.11/site-packages/airflow/example_dags/plugins/workday.py for tasks to queue
[2023-09-14T11:39:37.173+0800] {logging_mixin.py:151} INFO - [2023-09-14T11:39:37.173+0800] {dagbag.py:539} INFO - Filling up the DagBag from /opt/homebrew/lib/python3.11/site-packages/airflow/example_dags/plugins/workday.py
[2023-09-14T11:39:37.408+0800] {processor.py:841} WARNING - No viable dags retrieved from /opt/homebrew/lib/python3.11/site-packages/airflow/example_dags/plugins/workday.py
[2023-09-14T11:39:37.509+0800] {processor.py:179} INFO - Processing /opt/homebrew/lib/python3.11/site-packages/airflow/example_dags/plugins/workday.py took 0.337 seconds
[2023-09-14T11:40:27.039+0800] {processor.py:157} INFO - Started process (PID=73070) to work on /opt/homebrew/lib/python3.11/site-packages/airflow/example_dags/plugins/workday.py
[2023-09-14T11:40:27.040+0800] {processor.py:829} INFO - Processing file /opt/homebrew/lib/python3.11/site-packages/airflow/example_dags/plugins/workday.py for tasks to queue
[2023-09-14T11:40:27.040+0800] {logging_mixin.py:151} INFO - [2023-09-14T11:40:27.040+0800] {dagbag.py:539} INFO - Filling up the DagBag from /opt/homebrew/lib/python3.11/site-packages/airflow/example_dags/plugins/workday.py
[2023-09-14T11:40:27.276+0800] {processor.py:841} WARNING - No viable dags retrieved from /opt/homebrew/lib/python3.11/site-packages/airflow/example_dags/plugins/workday.py
[2023-09-14T11:40:27.376+0800] {processor.py:179} INFO - Processing /opt/homebrew/lib/python3.11/site-packages/airflow/example_dags/plugins/workday.py took 0.337 seconds
[2023-09-14T11:41:20.600+0800] {processor.py:157} INFO - Started process (PID=73164) to work on /opt/homebrew/lib/python3.11/site-packages/airflow/example_dags/plugins/workday.py
[2023-09-14T11:41:20.601+0800] {processor.py:829} INFO - Processing file /opt/homebrew/lib/python3.11/site-packages/airflow/example_dags/plugins/workday.py for tasks to queue
[2023-09-14T11:41:20.601+0800] {logging_mixin.py:151} INFO - [2023-09-14T11:41:20.601+0800] {dagbag.py:539} INFO - Filling up the DagBag from /opt/homebrew/lib/python3.11/site-packages/airflow/example_dags/plugins/workday.py
[2023-09-14T11:41:20.823+0800] {processor.py:841} WARNING - No viable dags retrieved from /opt/homebrew/lib/python3.11/site-packages/airflow/example_dags/plugins/workday.py
[2023-09-14T11:41:20.932+0800] {processor.py:179} INFO - Processing /opt/homebrew/lib/python3.11/site-packages/airflow/example_dags/plugins/workday.py took 0.332 seconds
[2023-09-14T11:42:11.324+0800] {processor.py:157} INFO - Started process (PID=73254) to work on /opt/homebrew/lib/python3.11/site-packages/airflow/example_dags/plugins/workday.py
[2023-09-14T11:42:11.324+0800] {processor.py:829} INFO - Processing file /opt/homebrew/lib/python3.11/site-packages/airflow/example_dags/plugins/workday.py for tasks to queue
[2023-09-14T11:42:11.324+0800] {logging_mixin.py:151} INFO - [2023-09-14T11:42:11.324+0800] {dagbag.py:539} INFO - Filling up the DagBag from /opt/homebrew/lib/python3.11/site-packages/airflow/example_dags/plugins/workday.py
[2023-09-14T11:42:11.549+0800] {processor.py:841} WARNING - No viable dags retrieved from /opt/homebrew/lib/python3.11/site-packages/airflow/example_dags/plugins/workday.py
[2023-09-14T11:42:11.657+0800] {processor.py:179} INFO - Processing /opt/homebrew/lib/python3.11/site-packages/airflow/example_dags/plugins/workday.py took 0.334 seconds
[2023-09-14T11:43:02.236+0800] {processor.py:157} INFO - Started process (PID=73350) to work on /opt/homebrew/lib/python3.11/site-packages/airflow/example_dags/plugins/workday.py
[2023-09-14T11:43:02.236+0800] {processor.py:829} INFO - Processing file /opt/homebrew/lib/python3.11/site-packages/airflow/example_dags/plugins/workday.py for tasks to queue
[2023-09-14T11:43:02.236+0800] {logging_mixin.py:151} INFO - [2023-09-14T11:43:02.236+0800] {dagbag.py:539} INFO - Filling up the DagBag from /opt/homebrew/lib/python3.11/site-packages/airflow/example_dags/plugins/workday.py
[2023-09-14T11:43:02.471+0800] {processor.py:841} WARNING - No viable dags retrieved from /opt/homebrew/lib/python3.11/site-packages/airflow/example_dags/plugins/workday.py
[2023-09-14T11:43:02.571+0800] {processor.py:179} INFO - Processing /opt/homebrew/lib/python3.11/site-packages/airflow/example_dags/plugins/workday.py took 0.336 seconds
[2023-09-14T11:43:54.458+0800] {processor.py:157} INFO - Started process (PID=73439) to work on /opt/homebrew/lib/python3.11/site-packages/airflow/example_dags/plugins/workday.py
[2023-09-14T11:43:54.458+0800] {processor.py:829} INFO - Processing file /opt/homebrew/lib/python3.11/site-packages/airflow/example_dags/plugins/workday.py for tasks to queue
[2023-09-14T11:43:54.458+0800] {logging_mixin.py:151} INFO - [2023-09-14T11:43:54.458+0800] {dagbag.py:539} INFO - Filling up the DagBag from /opt/homebrew/lib/python3.11/site-packages/airflow/example_dags/plugins/workday.py
[2023-09-14T11:43:54.686+0800] {processor.py:841} WARNING - No viable dags retrieved from /opt/homebrew/lib/python3.11/site-packages/airflow/example_dags/plugins/workday.py
[2023-09-14T11:43:54.787+0800] {processor.py:179} INFO - Processing /opt/homebrew/lib/python3.11/site-packages/airflow/example_dags/plugins/workday.py took 0.330 seconds
[2023-09-14T11:44:47.849+0800] {processor.py:157} INFO - Started process (PID=73532) to work on /opt/homebrew/lib/python3.11/site-packages/airflow/example_dags/plugins/workday.py
[2023-09-14T11:44:47.849+0800] {processor.py:829} INFO - Processing file /opt/homebrew/lib/python3.11/site-packages/airflow/example_dags/plugins/workday.py for tasks to queue
[2023-09-14T11:44:47.850+0800] {logging_mixin.py:151} INFO - [2023-09-14T11:44:47.849+0800] {dagbag.py:539} INFO - Filling up the DagBag from /opt/homebrew/lib/python3.11/site-packages/airflow/example_dags/plugins/workday.py
[2023-09-14T11:44:48.082+0800] {processor.py:841} WARNING - No viable dags retrieved from /opt/homebrew/lib/python3.11/site-packages/airflow/example_dags/plugins/workday.py
[2023-09-14T11:44:48.182+0800] {processor.py:179} INFO - Processing /opt/homebrew/lib/python3.11/site-packages/airflow/example_dags/plugins/workday.py took 0.333 seconds
[2023-09-14T12:03:24.213+0800] {processor.py:157} INFO - Started process (PID=73652) to work on /opt/homebrew/lib/python3.11/site-packages/airflow/example_dags/plugins/workday.py
[2023-09-14T12:03:24.214+0800] {processor.py:829} INFO - Processing file /opt/homebrew/lib/python3.11/site-packages/airflow/example_dags/plugins/workday.py for tasks to queue
[2023-09-14T12:03:24.214+0800] {logging_mixin.py:151} INFO - [2023-09-14T12:03:24.214+0800] {dagbag.py:539} INFO - Filling up the DagBag from /opt/homebrew/lib/python3.11/site-packages/airflow/example_dags/plugins/workday.py
[2023-09-14T12:21:08.759+0800] {processor.py:841} WARNING - No viable dags retrieved from /opt/homebrew/lib/python3.11/site-packages/airflow/example_dags/plugins/workday.py
[2023-09-14T12:21:08.882+0800] {processor.py:179} INFO - Processing /opt/homebrew/lib/python3.11/site-packages/airflow/example_dags/plugins/workday.py took 0.767 seconds
[2023-09-14T15:22:26.526+0800] {processor.py:157} INFO - Started process (PID=73965) to work on /opt/homebrew/lib/python3.11/site-packages/airflow/example_dags/plugins/workday.py
[2023-09-14T15:22:26.526+0800] {processor.py:829} INFO - Processing file /opt/homebrew/lib/python3.11/site-packages/airflow/example_dags/plugins/workday.py for tasks to queue
[2023-09-14T15:22:26.526+0800] {logging_mixin.py:151} INFO - [2023-09-14T15:22:26.526+0800] {dagbag.py:539} INFO - Filling up the DagBag from /opt/homebrew/lib/python3.11/site-packages/airflow/example_dags/plugins/workday.py
[2023-09-14T15:22:26.756+0800] {processor.py:841} WARNING - No viable dags retrieved from /opt/homebrew/lib/python3.11/site-packages/airflow/example_dags/plugins/workday.py
[2023-09-14T15:22:26.862+0800] {processor.py:179} INFO - Processing /opt/homebrew/lib/python3.11/site-packages/airflow/example_dags/plugins/workday.py took 0.337 seconds
[2023-09-14T18:41:17.980+0800] {processor.py:157} INFO - Started process (PID=74269) to work on /opt/homebrew/lib/python3.11/site-packages/airflow/example_dags/plugins/workday.py
[2023-09-14T18:41:17.981+0800] {processor.py:829} INFO - Processing file /opt/homebrew/lib/python3.11/site-packages/airflow/example_dags/plugins/workday.py for tasks to queue
[2023-09-14T18:41:17.982+0800] {logging_mixin.py:151} INFO - [2023-09-14T18:41:17.982+0800] {dagbag.py:539} INFO - Filling up the DagBag from /opt/homebrew/lib/python3.11/site-packages/airflow/example_dags/plugins/workday.py
[2023-09-14T18:41:18.233+0800] {processor.py:841} WARNING - No viable dags retrieved from /opt/homebrew/lib/python3.11/site-packages/airflow/example_dags/plugins/workday.py
[2023-09-14T18:41:18.332+0800] {processor.py:179} INFO - Processing /opt/homebrew/lib/python3.11/site-packages/airflow/example_dags/plugins/workday.py took 0.352 seconds
[2023-09-14T22:16:13.744+0800] {processor.py:157} INFO - Started process (PID=74633) to work on /opt/homebrew/lib/python3.11/site-packages/airflow/example_dags/plugins/workday.py
[2023-09-14T22:16:13.745+0800] {processor.py:829} INFO - Processing file /opt/homebrew/lib/python3.11/site-packages/airflow/example_dags/plugins/workday.py for tasks to queue
[2023-09-14T22:16:13.745+0800] {logging_mixin.py:151} INFO - [2023-09-14T22:16:13.745+0800] {dagbag.py:539} INFO - Filling up the DagBag from /opt/homebrew/lib/python3.11/site-packages/airflow/example_dags/plugins/workday.py
[2023-09-14T22:16:14.000+0800] {processor.py:841} WARNING - No viable dags retrieved from /opt/homebrew/lib/python3.11/site-packages/airflow/example_dags/plugins/workday.py
[2023-09-14T22:16:14.099+0800] {processor.py:179} INFO - Processing /opt/homebrew/lib/python3.11/site-packages/airflow/example_dags/plugins/workday.py took 0.355 seconds
[2023-09-15T01:35:21.346+0800] {processor.py:157} INFO - Started process (PID=74952) to work on /opt/homebrew/lib/python3.11/site-packages/airflow/example_dags/plugins/workday.py
[2023-09-15T01:35:21.346+0800] {processor.py:829} INFO - Processing file /opt/homebrew/lib/python3.11/site-packages/airflow/example_dags/plugins/workday.py for tasks to queue
[2023-09-15T01:35:21.347+0800] {logging_mixin.py:151} INFO - [2023-09-15T01:35:21.347+0800] {dagbag.py:539} INFO - Filling up the DagBag from /opt/homebrew/lib/python3.11/site-packages/airflow/example_dags/plugins/workday.py
[2023-09-15T01:35:21.587+0800] {processor.py:841} WARNING - No viable dags retrieved from /opt/homebrew/lib/python3.11/site-packages/airflow/example_dags/plugins/workday.py
[2023-09-15T01:35:21.698+0800] {processor.py:179} INFO - Processing /opt/homebrew/lib/python3.11/site-packages/airflow/example_dags/plugins/workday.py took 0.353 seconds
[2023-09-15T04:48:03.448+0800] {processor.py:157} INFO - Started process (PID=75275) to work on /opt/homebrew/lib/python3.11/site-packages/airflow/example_dags/plugins/workday.py
[2023-09-15T04:48:03.450+0800] {processor.py:829} INFO - Processing file /opt/homebrew/lib/python3.11/site-packages/airflow/example_dags/plugins/workday.py for tasks to queue
[2023-09-15T04:48:03.450+0800] {logging_mixin.py:151} INFO - [2023-09-15T04:48:03.450+0800] {dagbag.py:539} INFO - Filling up the DagBag from /opt/homebrew/lib/python3.11/site-packages/airflow/example_dags/plugins/workday.py
[2023-09-15T04:48:03.687+0800] {processor.py:841} WARNING - No viable dags retrieved from /opt/homebrew/lib/python3.11/site-packages/airflow/example_dags/plugins/workday.py
[2023-09-15T04:48:03.792+0800] {processor.py:179} INFO - Processing /opt/homebrew/lib/python3.11/site-packages/airflow/example_dags/plugins/workday.py took 0.344 seconds
