[2023-09-24T09:44:02.344+0800] {processor.py:157} INFO - Started process (PID=80205) to work on /opt/homebrew/lib/python3.11/site-packages/airflow/example_dags/example_sensor_decorator.py
[2023-09-24T09:44:02.344+0800] {processor.py:829} INFO - Processing file /opt/homebrew/lib/python3.11/site-packages/airflow/example_dags/example_sensor_decorator.py for tasks to queue
[2023-09-24T09:44:02.345+0800] {logging_mixin.py:151} INFO - [2023-09-24T09:44:02.345+0800] {dagbag.py:539} INFO - Filling up the DagBag from /opt/homebrew/lib/python3.11/site-packages/airflow/example_dags/example_sensor_decorator.py
[2023-09-24T09:44:02.375+0800] {processor.py:839} INFO - DAG(s) dict_keys(['example_sensor_decorator']) retrieved from /opt/homebrew/lib/python3.11/site-packages/airflow/example_dags/example_sensor_decorator.py
[2023-09-24T09:44:02.476+0800] {logging_mixin.py:151} INFO - [2023-09-24T09:44:02.476+0800] {dag.py:2915} INFO - Sync 1 DAGs
[2023-09-24T09:44:02.481+0800] {logging_mixin.py:151} INFO - [2023-09-24T09:44:02.481+0800] {dag.py:3696} INFO - Setting next_dagrun for example_sensor_decorator to None, run_after=None
[2023-09-24T09:44:02.491+0800] {processor.py:179} INFO - Processing /opt/homebrew/lib/python3.11/site-packages/airflow/example_dags/example_sensor_decorator.py took 0.148 seconds
[2023-09-24T12:50:58.542+0800] {processor.py:157} INFO - Started process (PID=80526) to work on /opt/homebrew/lib/python3.11/site-packages/airflow/example_dags/example_sensor_decorator.py
[2023-09-24T12:50:58.542+0800] {processor.py:829} INFO - Processing file /opt/homebrew/lib/python3.11/site-packages/airflow/example_dags/example_sensor_decorator.py for tasks to queue
[2023-09-24T12:50:58.543+0800] {logging_mixin.py:151} INFO - [2023-09-24T12:50:58.542+0800] {dagbag.py:539} INFO - Filling up the DagBag from /opt/homebrew/lib/python3.11/site-packages/airflow/example_dags/example_sensor_decorator.py
[2023-09-24T12:50:58.576+0800] {processor.py:839} INFO - DAG(s) dict_keys(['example_sensor_decorator']) retrieved from /opt/homebrew/lib/python3.11/site-packages/airflow/example_dags/example_sensor_decorator.py
[2023-09-24T12:50:58.677+0800] {logging_mixin.py:151} INFO - [2023-09-24T12:50:58.677+0800] {dag.py:2915} INFO - Sync 1 DAGs
[2023-09-24T12:50:58.682+0800] {logging_mixin.py:151} INFO - [2023-09-24T12:50:58.682+0800] {dag.py:3696} INFO - Setting next_dagrun for example_sensor_decorator to None, run_after=None
[2023-09-24T12:50:58.692+0800] {processor.py:179} INFO - Processing /opt/homebrew/lib/python3.11/site-packages/airflow/example_dags/example_sensor_decorator.py took 0.151 seconds
[2023-09-24T15:48:26.606+0800] {processor.py:157} INFO - Started process (PID=81099) to work on /opt/homebrew/lib/python3.11/site-packages/airflow/example_dags/example_sensor_decorator.py
[2023-09-24T15:48:26.606+0800] {processor.py:829} INFO - Processing file /opt/homebrew/lib/python3.11/site-packages/airflow/example_dags/example_sensor_decorator.py for tasks to queue
[2023-09-24T15:48:26.607+0800] {logging_mixin.py:151} INFO - [2023-09-24T15:48:26.607+0800] {dagbag.py:539} INFO - Filling up the DagBag from /opt/homebrew/lib/python3.11/site-packages/airflow/example_dags/example_sensor_decorator.py
[2023-09-24T15:48:26.637+0800] {processor.py:839} INFO - DAG(s) dict_keys(['example_sensor_decorator']) retrieved from /opt/homebrew/lib/python3.11/site-packages/airflow/example_dags/example_sensor_decorator.py
[2023-09-24T15:48:26.737+0800] {logging_mixin.py:151} INFO - [2023-09-24T15:48:26.737+0800] {dag.py:2915} INFO - Sync 1 DAGs
[2023-09-24T15:48:26.742+0800] {logging_mixin.py:151} INFO - [2023-09-24T15:48:26.742+0800] {dag.py:3696} INFO - Setting next_dagrun for example_sensor_decorator to None, run_after=None
[2023-09-24T15:48:26.752+0800] {processor.py:179} INFO - Processing /opt/homebrew/lib/python3.11/site-packages/airflow/example_dags/example_sensor_decorator.py took 0.146 seconds
[2023-09-24T19:05:25.773+0800] {processor.py:157} INFO - Started process (PID=81483) to work on /opt/homebrew/lib/python3.11/site-packages/airflow/example_dags/example_sensor_decorator.py
[2023-09-24T19:05:25.773+0800] {processor.py:829} INFO - Processing file /opt/homebrew/lib/python3.11/site-packages/airflow/example_dags/example_sensor_decorator.py for tasks to queue
[2023-09-24T19:05:25.774+0800] {logging_mixin.py:151} INFO - [2023-09-24T19:05:25.774+0800] {dagbag.py:539} INFO - Filling up the DagBag from /opt/homebrew/lib/python3.11/site-packages/airflow/example_dags/example_sensor_decorator.py
[2023-09-24T19:05:25.804+0800] {processor.py:839} INFO - DAG(s) dict_keys(['example_sensor_decorator']) retrieved from /opt/homebrew/lib/python3.11/site-packages/airflow/example_dags/example_sensor_decorator.py
[2023-09-24T19:05:25.904+0800] {logging_mixin.py:151} INFO - [2023-09-24T19:05:25.904+0800] {dag.py:2915} INFO - Sync 1 DAGs
[2023-09-24T19:05:25.908+0800] {logging_mixin.py:151} INFO - [2023-09-24T19:05:25.908+0800] {dag.py:3696} INFO - Setting next_dagrun for example_sensor_decorator to None, run_after=None
[2023-09-24T19:05:25.919+0800] {processor.py:179} INFO - Processing /opt/homebrew/lib/python3.11/site-packages/airflow/example_dags/example_sensor_decorator.py took 0.146 seconds
[2023-09-24T22:08:30.544+0800] {processor.py:157} INFO - Started process (PID=81755) to work on /opt/homebrew/lib/python3.11/site-packages/airflow/example_dags/example_sensor_decorator.py
[2023-09-24T22:08:30.545+0800] {processor.py:829} INFO - Processing file /opt/homebrew/lib/python3.11/site-packages/airflow/example_dags/example_sensor_decorator.py for tasks to queue
[2023-09-24T22:08:30.545+0800] {logging_mixin.py:151} INFO - [2023-09-24T22:08:30.545+0800] {dagbag.py:539} INFO - Filling up the DagBag from /opt/homebrew/lib/python3.11/site-packages/airflow/example_dags/example_sensor_decorator.py
[2023-09-24T22:08:30.576+0800] {processor.py:839} INFO - DAG(s) dict_keys(['example_sensor_decorator']) retrieved from /opt/homebrew/lib/python3.11/site-packages/airflow/example_dags/example_sensor_decorator.py
[2023-09-24T22:08:30.677+0800] {logging_mixin.py:151} INFO - [2023-09-24T22:08:30.677+0800] {dag.py:2915} INFO - Sync 1 DAGs
[2023-09-24T22:08:30.682+0800] {logging_mixin.py:151} INFO - [2023-09-24T22:08:30.681+0800] {dag.py:3696} INFO - Setting next_dagrun for example_sensor_decorator to None, run_after=None
[2023-09-24T22:08:30.692+0800] {processor.py:179} INFO - Processing /opt/homebrew/lib/python3.11/site-packages/airflow/example_dags/example_sensor_decorator.py took 0.149 seconds
[2023-09-25T01:09:31.154+0800] {processor.py:157} INFO - Started process (PID=82080) to work on /opt/homebrew/lib/python3.11/site-packages/airflow/example_dags/example_sensor_decorator.py
[2023-09-25T01:09:31.155+0800] {processor.py:829} INFO - Processing file /opt/homebrew/lib/python3.11/site-packages/airflow/example_dags/example_sensor_decorator.py for tasks to queue
[2023-09-25T01:09:31.155+0800] {logging_mixin.py:151} INFO - [2023-09-25T01:09:31.155+0800] {dagbag.py:539} INFO - Filling up the DagBag from /opt/homebrew/lib/python3.11/site-packages/airflow/example_dags/example_sensor_decorator.py
[2023-09-25T01:09:31.192+0800] {processor.py:839} INFO - DAG(s) dict_keys(['example_sensor_decorator']) retrieved from /opt/homebrew/lib/python3.11/site-packages/airflow/example_dags/example_sensor_decorator.py
[2023-09-25T01:09:31.306+0800] {logging_mixin.py:151} INFO - [2023-09-25T01:09:31.306+0800] {dag.py:2915} INFO - Sync 1 DAGs
[2023-09-25T01:09:31.311+0800] {logging_mixin.py:151} INFO - [2023-09-25T01:09:31.311+0800] {dag.py:3696} INFO - Setting next_dagrun for example_sensor_decorator to None, run_after=None
[2023-09-25T01:09:31.322+0800] {processor.py:179} INFO - Processing /opt/homebrew/lib/python3.11/site-packages/airflow/example_dags/example_sensor_decorator.py took 0.168 seconds
[2023-09-25T04:26:46.505+0800] {processor.py:157} INFO - Started process (PID=82398) to work on /opt/homebrew/lib/python3.11/site-packages/airflow/example_dags/example_sensor_decorator.py
[2023-09-25T04:26:46.506+0800] {processor.py:829} INFO - Processing file /opt/homebrew/lib/python3.11/site-packages/airflow/example_dags/example_sensor_decorator.py for tasks to queue
[2023-09-25T04:26:46.506+0800] {logging_mixin.py:151} INFO - [2023-09-25T04:26:46.506+0800] {dagbag.py:539} INFO - Filling up the DagBag from /opt/homebrew/lib/python3.11/site-packages/airflow/example_dags/example_sensor_decorator.py
[2023-09-25T04:26:46.537+0800] {processor.py:839} INFO - DAG(s) dict_keys(['example_sensor_decorator']) retrieved from /opt/homebrew/lib/python3.11/site-packages/airflow/example_dags/example_sensor_decorator.py
[2023-09-25T04:26:46.638+0800] {logging_mixin.py:151} INFO - [2023-09-25T04:26:46.638+0800] {dag.py:2915} INFO - Sync 1 DAGs
[2023-09-25T04:26:46.643+0800] {logging_mixin.py:151} INFO - [2023-09-25T04:26:46.643+0800] {dag.py:3696} INFO - Setting next_dagrun for example_sensor_decorator to None, run_after=None
[2023-09-25T04:26:46.653+0800] {processor.py:179} INFO - Processing /opt/homebrew/lib/python3.11/site-packages/airflow/example_dags/example_sensor_decorator.py took 0.148 seconds
[2023-09-25T07:46:28.227+0800] {processor.py:157} INFO - Started process (PID=82708) to work on /opt/homebrew/lib/python3.11/site-packages/airflow/example_dags/example_sensor_decorator.py
[2023-09-25T07:46:28.227+0800] {processor.py:829} INFO - Processing file /opt/homebrew/lib/python3.11/site-packages/airflow/example_dags/example_sensor_decorator.py for tasks to queue
[2023-09-25T07:46:28.228+0800] {logging_mixin.py:151} INFO - [2023-09-25T07:46:28.227+0800] {dagbag.py:539} INFO - Filling up the DagBag from /opt/homebrew/lib/python3.11/site-packages/airflow/example_dags/example_sensor_decorator.py
[2023-09-25T07:46:28.258+0800] {processor.py:839} INFO - DAG(s) dict_keys(['example_sensor_decorator']) retrieved from /opt/homebrew/lib/python3.11/site-packages/airflow/example_dags/example_sensor_decorator.py
[2023-09-25T07:46:28.360+0800] {logging_mixin.py:151} INFO - [2023-09-25T07:46:28.359+0800] {dag.py:2915} INFO - Sync 1 DAGs
[2023-09-25T07:46:28.364+0800] {logging_mixin.py:151} INFO - [2023-09-25T07:46:28.364+0800] {dag.py:3696} INFO - Setting next_dagrun for example_sensor_decorator to None, run_after=None
[2023-09-25T07:46:28.374+0800] {processor.py:179} INFO - Processing /opt/homebrew/lib/python3.11/site-packages/airflow/example_dags/example_sensor_decorator.py took 0.148 seconds
