[2023-09-24T10:52:53.459+0800] {processor.py:157} INFO - Started process (PID=80349) to work on /opt/homebrew/lib/python3.11/site-packages/airflow/example_dags/example_bash_operator.py
[2023-09-24T10:52:53.460+0800] {processor.py:829} INFO - Processing file /opt/homebrew/lib/python3.11/site-packages/airflow/example_dags/example_bash_operator.py for tasks to queue
[2023-09-24T10:52:53.460+0800] {logging_mixin.py:151} INFO - [2023-09-24T10:52:53.460+0800] {dagbag.py:539} INFO - Filling up the DagBag from /opt/homebrew/lib/python3.11/site-packages/airflow/example_dags/example_bash_operator.py
[2023-09-24T10:52:53.515+0800] {processor.py:839} INFO - DAG(s) dict_keys(['example_bash_operator']) retrieved from /opt/homebrew/lib/python3.11/site-packages/airflow/example_dags/example_bash_operator.py
[2023-09-24T10:52:53.591+0800] {logging_mixin.py:151} INFO - [2023-09-24T10:52:53.591+0800] {dag.py:2915} INFO - Sync 1 DAGs
[2023-09-24T10:52:53.600+0800] {logging_mixin.py:151} INFO - [2023-09-24T10:52:53.600+0800] {dag.py:3696} INFO - Setting next_dagrun for example_bash_operator to 2023-09-23T00:00:00+00:00, run_after=2023-09-24T00:00:00+00:00
[2023-09-24T10:52:53.611+0800] {processor.py:179} INFO - Processing /opt/homebrew/lib/python3.11/site-packages/airflow/example_dags/example_bash_operator.py took 0.152 seconds
[2023-09-24T17:27:40.596+0800] {processor.py:157} INFO - Started process (PID=81277) to work on /opt/homebrew/lib/python3.11/site-packages/airflow/example_dags/example_bash_operator.py
[2023-09-24T17:27:40.596+0800] {processor.py:829} INFO - Processing file /opt/homebrew/lib/python3.11/site-packages/airflow/example_dags/example_bash_operator.py for tasks to queue
[2023-09-24T17:27:40.597+0800] {logging_mixin.py:151} INFO - [2023-09-24T17:27:40.597+0800] {dagbag.py:539} INFO - Filling up the DagBag from /opt/homebrew/lib/python3.11/site-packages/airflow/example_dags/example_bash_operator.py
[2023-09-24T17:27:40.638+0800] {processor.py:839} INFO - DAG(s) dict_keys(['example_bash_operator']) retrieved from /opt/homebrew/lib/python3.11/site-packages/airflow/example_dags/example_bash_operator.py
[2023-09-24T17:27:40.714+0800] {logging_mixin.py:151} INFO - [2023-09-24T17:27:40.713+0800] {dag.py:2915} INFO - Sync 1 DAGs
[2023-09-24T17:27:40.723+0800] {logging_mixin.py:151} INFO - [2023-09-24T17:27:40.722+0800] {dag.py:3696} INFO - Setting next_dagrun for example_bash_operator to 2023-09-23T00:00:00+00:00, run_after=2023-09-24T00:00:00+00:00
[2023-09-24T17:27:40.734+0800] {processor.py:179} INFO - Processing /opt/homebrew/lib/python3.11/site-packages/airflow/example_dags/example_bash_operator.py took 0.138 seconds
[2023-09-24T23:31:30.326+0800] {processor.py:157} INFO - Started process (PID=81877) to work on /opt/homebrew/lib/python3.11/site-packages/airflow/example_dags/example_bash_operator.py
[2023-09-24T23:31:30.327+0800] {processor.py:829} INFO - Processing file /opt/homebrew/lib/python3.11/site-packages/airflow/example_dags/example_bash_operator.py for tasks to queue
[2023-09-24T23:31:30.328+0800] {logging_mixin.py:151} INFO - [2023-09-24T23:31:30.327+0800] {dagbag.py:539} INFO - Filling up the DagBag from /opt/homebrew/lib/python3.11/site-packages/airflow/example_dags/example_bash_operator.py
[2023-09-24T23:31:30.369+0800] {processor.py:839} INFO - DAG(s) dict_keys(['example_bash_operator']) retrieved from /opt/homebrew/lib/python3.11/site-packages/airflow/example_dags/example_bash_operator.py
[2023-09-24T23:31:30.445+0800] {logging_mixin.py:151} INFO - [2023-09-24T23:31:30.445+0800] {dag.py:2915} INFO - Sync 1 DAGs
[2023-09-24T23:31:30.454+0800] {logging_mixin.py:151} INFO - [2023-09-24T23:31:30.454+0800] {dag.py:3696} INFO - Setting next_dagrun for example_bash_operator to 2023-09-23T00:00:00+00:00, run_after=2023-09-24T00:00:00+00:00
[2023-09-24T23:31:30.465+0800] {processor.py:179} INFO - Processing /opt/homebrew/lib/python3.11/site-packages/airflow/example_dags/example_bash_operator.py took 0.139 seconds
[2023-09-25T05:50:40.037+0800] {processor.py:157} INFO - Started process (PID=82538) to work on /opt/homebrew/lib/python3.11/site-packages/airflow/example_dags/example_bash_operator.py
[2023-09-25T05:50:40.038+0800] {processor.py:829} INFO - Processing file /opt/homebrew/lib/python3.11/site-packages/airflow/example_dags/example_bash_operator.py for tasks to queue
[2023-09-25T05:50:40.038+0800] {logging_mixin.py:151} INFO - [2023-09-25T05:50:40.038+0800] {dagbag.py:539} INFO - Filling up the DagBag from /opt/homebrew/lib/python3.11/site-packages/airflow/example_dags/example_bash_operator.py
[2023-09-25T05:50:40.079+0800] {processor.py:839} INFO - DAG(s) dict_keys(['example_bash_operator']) retrieved from /opt/homebrew/lib/python3.11/site-packages/airflow/example_dags/example_bash_operator.py
[2023-09-25T05:50:40.154+0800] {logging_mixin.py:151} INFO - [2023-09-25T05:50:40.154+0800] {dag.py:2915} INFO - Sync 1 DAGs
[2023-09-25T05:50:40.163+0800] {logging_mixin.py:151} INFO - [2023-09-25T05:50:40.163+0800] {dag.py:3696} INFO - Setting next_dagrun for example_bash_operator to 2023-09-23T00:00:00+00:00, run_after=2023-09-24T00:00:00+00:00
[2023-09-25T05:50:40.174+0800] {processor.py:179} INFO - Processing /opt/homebrew/lib/python3.11/site-packages/airflow/example_dags/example_bash_operator.py took 0.138 seconds
