[2023-09-24T10:35:19.437+0800] {processor.py:157} INFO - Started process (PID=80293) to work on /opt/homebrew/lib/python3.11/site-packages/airflow/example_dags/example_dynamic_task_mapping.py
[2023-09-24T10:35:19.438+0800] {processor.py:829} INFO - Processing file /opt/homebrew/lib/python3.11/site-packages/airflow/example_dags/example_dynamic_task_mapping.py for tasks to queue
[2023-09-24T10:35:19.438+0800] {logging_mixin.py:151} INFO - [2023-09-24T10:35:19.438+0800] {dagbag.py:539} INFO - Filling up the DagBag from /opt/homebrew/lib/python3.11/site-packages/airflow/example_dags/example_dynamic_task_mapping.py
[2023-09-24T10:35:19.469+0800] {processor.py:839} INFO - DAG(s) dict_keys(['example_dynamic_task_mapping']) retrieved from /opt/homebrew/lib/python3.11/site-packages/airflow/example_dags/example_dynamic_task_mapping.py
[2023-09-24T10:35:19.562+0800] {logging_mixin.py:151} INFO - [2023-09-24T10:35:19.562+0800] {dag.py:2915} INFO - Sync 1 DAGs
[2023-09-24T10:35:19.570+0800] {logging_mixin.py:151} INFO - [2023-09-24T10:35:19.570+0800] {dag.py:3696} INFO - Setting next_dagrun for example_dynamic_task_mapping to 2022-03-04T00:00:00+00:00, run_after=2022-03-05T00:00:00+00:00
[2023-09-24T10:35:19.580+0800] {processor.py:179} INFO - Processing /opt/homebrew/lib/python3.11/site-packages/airflow/example_dags/example_dynamic_task_mapping.py took 0.143 seconds
[2023-09-24T13:38:09.301+0800] {processor.py:157} INFO - Started process (PID=80778) to work on /opt/homebrew/lib/python3.11/site-packages/airflow/example_dags/example_dynamic_task_mapping.py
[2023-09-24T13:38:09.302+0800] {processor.py:829} INFO - Processing file /opt/homebrew/lib/python3.11/site-packages/airflow/example_dags/example_dynamic_task_mapping.py for tasks to queue
[2023-09-24T13:38:09.302+0800] {logging_mixin.py:151} INFO - [2023-09-24T13:38:09.302+0800] {dagbag.py:539} INFO - Filling up the DagBag from /opt/homebrew/lib/python3.11/site-packages/airflow/example_dags/example_dynamic_task_mapping.py
[2023-09-24T13:38:09.334+0800] {processor.py:839} INFO - DAG(s) dict_keys(['example_dynamic_task_mapping']) retrieved from /opt/homebrew/lib/python3.11/site-packages/airflow/example_dags/example_dynamic_task_mapping.py
[2023-09-24T13:38:09.432+0800] {logging_mixin.py:151} INFO - [2023-09-24T13:38:09.431+0800] {dag.py:2915} INFO - Sync 1 DAGs
[2023-09-24T13:38:09.440+0800] {logging_mixin.py:151} INFO - [2023-09-24T13:38:09.440+0800] {dag.py:3696} INFO - Setting next_dagrun for example_dynamic_task_mapping to 2022-03-04T00:00:00+00:00, run_after=2022-03-05T00:00:00+00:00
[2023-09-24T13:38:09.450+0800] {processor.py:179} INFO - Processing /opt/homebrew/lib/python3.11/site-packages/airflow/example_dags/example_dynamic_task_mapping.py took 0.149 seconds
[2023-09-24T16:37:22.250+0800] {processor.py:157} INFO - Started process (PID=81188) to work on /opt/homebrew/lib/python3.11/site-packages/airflow/example_dags/example_dynamic_task_mapping.py
[2023-09-24T16:37:22.251+0800] {processor.py:829} INFO - Processing file /opt/homebrew/lib/python3.11/site-packages/airflow/example_dags/example_dynamic_task_mapping.py for tasks to queue
[2023-09-24T16:37:22.251+0800] {logging_mixin.py:151} INFO - [2023-09-24T16:37:22.251+0800] {dagbag.py:539} INFO - Filling up the DagBag from /opt/homebrew/lib/python3.11/site-packages/airflow/example_dags/example_dynamic_task_mapping.py
[2023-09-24T16:37:22.281+0800] {processor.py:839} INFO - DAG(s) dict_keys(['example_dynamic_task_mapping']) retrieved from /opt/homebrew/lib/python3.11/site-packages/airflow/example_dags/example_dynamic_task_mapping.py
[2023-09-24T16:37:22.374+0800] {logging_mixin.py:151} INFO - [2023-09-24T16:37:22.374+0800] {dag.py:2915} INFO - Sync 1 DAGs
[2023-09-24T16:37:22.382+0800] {logging_mixin.py:151} INFO - [2023-09-24T16:37:22.382+0800] {dag.py:3696} INFO - Setting next_dagrun for example_dynamic_task_mapping to 2022-03-04T00:00:00+00:00, run_after=2022-03-05T00:00:00+00:00
[2023-09-24T16:37:22.392+0800] {processor.py:179} INFO - Processing /opt/homebrew/lib/python3.11/site-packages/airflow/example_dags/example_dynamic_task_mapping.py took 0.142 seconds
[2023-09-24T19:39:14.208+0800] {processor.py:157} INFO - Started process (PID=81550) to work on /opt/homebrew/lib/python3.11/site-packages/airflow/example_dags/example_dynamic_task_mapping.py
[2023-09-24T19:39:14.209+0800] {processor.py:829} INFO - Processing file /opt/homebrew/lib/python3.11/site-packages/airflow/example_dags/example_dynamic_task_mapping.py for tasks to queue
[2023-09-24T19:39:14.209+0800] {logging_mixin.py:151} INFO - [2023-09-24T19:39:14.209+0800] {dagbag.py:539} INFO - Filling up the DagBag from /opt/homebrew/lib/python3.11/site-packages/airflow/example_dags/example_dynamic_task_mapping.py
[2023-09-24T19:39:14.240+0800] {processor.py:839} INFO - DAG(s) dict_keys(['example_dynamic_task_mapping']) retrieved from /opt/homebrew/lib/python3.11/site-packages/airflow/example_dags/example_dynamic_task_mapping.py
[2023-09-24T19:39:14.333+0800] {logging_mixin.py:151} INFO - [2023-09-24T19:39:14.332+0800] {dag.py:2915} INFO - Sync 1 DAGs
[2023-09-24T19:39:14.341+0800] {logging_mixin.py:151} INFO - [2023-09-24T19:39:14.341+0800] {dag.py:3696} INFO - Setting next_dagrun for example_dynamic_task_mapping to 2022-03-04T00:00:00+00:00, run_after=2022-03-05T00:00:00+00:00
[2023-09-24T19:39:14.351+0800] {processor.py:179} INFO - Processing /opt/homebrew/lib/python3.11/site-packages/airflow/example_dags/example_dynamic_task_mapping.py took 0.143 seconds
[2023-09-24T22:58:33.421+0800] {processor.py:157} INFO - Started process (PID=81829) to work on /opt/homebrew/lib/python3.11/site-packages/airflow/example_dags/example_dynamic_task_mapping.py
[2023-09-24T22:58:33.422+0800] {processor.py:829} INFO - Processing file /opt/homebrew/lib/python3.11/site-packages/airflow/example_dags/example_dynamic_task_mapping.py for tasks to queue
[2023-09-24T22:58:33.422+0800] {logging_mixin.py:151} INFO - [2023-09-24T22:58:33.422+0800] {dagbag.py:539} INFO - Filling up the DagBag from /opt/homebrew/lib/python3.11/site-packages/airflow/example_dags/example_dynamic_task_mapping.py
[2023-09-24T22:58:33.453+0800] {processor.py:839} INFO - DAG(s) dict_keys(['example_dynamic_task_mapping']) retrieved from /opt/homebrew/lib/python3.11/site-packages/airflow/example_dags/example_dynamic_task_mapping.py
[2023-09-24T22:58:33.546+0800] {logging_mixin.py:151} INFO - [2023-09-24T22:58:33.546+0800] {dag.py:2915} INFO - Sync 1 DAGs
[2023-09-24T22:58:33.555+0800] {logging_mixin.py:151} INFO - [2023-09-24T22:58:33.555+0800] {dag.py:3696} INFO - Setting next_dagrun for example_dynamic_task_mapping to 2022-03-04T00:00:00+00:00, run_after=2022-03-05T00:00:00+00:00
[2023-09-24T22:58:33.565+0800] {processor.py:179} INFO - Processing /opt/homebrew/lib/python3.11/site-packages/airflow/example_dags/example_dynamic_task_mapping.py took 0.144 seconds
[2023-09-25T01:59:31.731+0800] {processor.py:157} INFO - Started process (PID=82154) to work on /opt/homebrew/lib/python3.11/site-packages/airflow/example_dags/example_dynamic_task_mapping.py
[2023-09-25T01:59:31.732+0800] {processor.py:829} INFO - Processing file /opt/homebrew/lib/python3.11/site-packages/airflow/example_dags/example_dynamic_task_mapping.py for tasks to queue
[2023-09-25T01:59:31.732+0800] {logging_mixin.py:151} INFO - [2023-09-25T01:59:31.732+0800] {dagbag.py:539} INFO - Filling up the DagBag from /opt/homebrew/lib/python3.11/site-packages/airflow/example_dags/example_dynamic_task_mapping.py
[2023-09-25T01:59:31.762+0800] {processor.py:839} INFO - DAG(s) dict_keys(['example_dynamic_task_mapping']) retrieved from /opt/homebrew/lib/python3.11/site-packages/airflow/example_dags/example_dynamic_task_mapping.py
[2023-09-25T01:59:31.854+0800] {logging_mixin.py:151} INFO - [2023-09-25T01:59:31.854+0800] {dag.py:2915} INFO - Sync 1 DAGs
[2023-09-25T01:59:31.863+0800] {logging_mixin.py:151} INFO - [2023-09-25T01:59:31.863+0800] {dag.py:3696} INFO - Setting next_dagrun for example_dynamic_task_mapping to 2022-03-04T00:00:00+00:00, run_after=2022-03-05T00:00:00+00:00
[2023-09-25T01:59:31.872+0800] {processor.py:179} INFO - Processing /opt/homebrew/lib/python3.11/site-packages/airflow/example_dags/example_dynamic_task_mapping.py took 0.142 seconds
[2023-09-25T05:15:25.562+0800] {processor.py:157} INFO - Started process (PID=82477) to work on /opt/homebrew/lib/python3.11/site-packages/airflow/example_dags/example_dynamic_task_mapping.py
[2023-09-25T05:15:25.563+0800] {processor.py:829} INFO - Processing file /opt/homebrew/lib/python3.11/site-packages/airflow/example_dags/example_dynamic_task_mapping.py for tasks to queue
[2023-09-25T05:15:25.563+0800] {logging_mixin.py:151} INFO - [2023-09-25T05:15:25.563+0800] {dagbag.py:539} INFO - Filling up the DagBag from /opt/homebrew/lib/python3.11/site-packages/airflow/example_dags/example_dynamic_task_mapping.py
[2023-09-25T05:15:25.593+0800] {processor.py:839} INFO - DAG(s) dict_keys(['example_dynamic_task_mapping']) retrieved from /opt/homebrew/lib/python3.11/site-packages/airflow/example_dags/example_dynamic_task_mapping.py
[2023-09-25T05:15:25.686+0800] {logging_mixin.py:151} INFO - [2023-09-25T05:15:25.686+0800] {dag.py:2915} INFO - Sync 1 DAGs
[2023-09-25T05:15:25.694+0800] {logging_mixin.py:151} INFO - [2023-09-25T05:15:25.694+0800] {dag.py:3696} INFO - Setting next_dagrun for example_dynamic_task_mapping to 2022-03-04T00:00:00+00:00, run_after=2022-03-05T00:00:00+00:00
[2023-09-25T05:15:25.704+0800] {processor.py:179} INFO - Processing /opt/homebrew/lib/python3.11/site-packages/airflow/example_dags/example_dynamic_task_mapping.py took 0.143 seconds
