[2023-09-24T09:26:33.368+0800] {processor.py:157} INFO - Started process (PID=80191) to work on /opt/homebrew/lib/python3.11/site-packages/airflow/example_dags/example_setup_teardown.py
[2023-09-24T09:26:33.368+0800] {processor.py:829} INFO - Processing file /opt/homebrew/lib/python3.11/site-packages/airflow/example_dags/example_setup_teardown.py for tasks to queue
[2023-09-24T09:26:33.369+0800] {logging_mixin.py:151} INFO - [2023-09-24T09:26:33.369+0800] {dagbag.py:539} INFO - Filling up the DagBag from /opt/homebrew/lib/python3.11/site-packages/airflow/example_dags/example_setup_teardown.py
[2023-09-24T09:26:33.384+0800] {processor.py:839} INFO - DAG(s) dict_keys(['example_setup_teardown']) retrieved from /opt/homebrew/lib/python3.11/site-packages/airflow/example_dags/example_setup_teardown.py
[2023-09-24T09:26:33.480+0800] {logging_mixin.py:151} INFO - [2023-09-24T09:26:33.479+0800] {dag.py:2915} INFO - Sync 1 DAGs
[2023-09-24T09:26:33.488+0800] {logging_mixin.py:151} INFO - [2023-09-24T09:26:33.488+0800] {dag.py:3696} INFO - Setting next_dagrun for example_setup_teardown to 2023-09-23T01:26:33.488238+00:00, run_after=2023-09-24T01:26:33.488238+00:00
[2023-09-24T09:26:33.499+0800] {processor.py:179} INFO - Processing /opt/homebrew/lib/python3.11/site-packages/airflow/example_dags/example_setup_teardown.py took 0.131 seconds
[2023-09-24T12:33:17.382+0800] {processor.py:157} INFO - Started process (PID=80520) to work on /opt/homebrew/lib/python3.11/site-packages/airflow/example_dags/example_setup_teardown.py
[2023-09-24T12:33:17.383+0800] {processor.py:829} INFO - Processing file /opt/homebrew/lib/python3.11/site-packages/airflow/example_dags/example_setup_teardown.py for tasks to queue
[2023-09-24T12:33:17.383+0800] {logging_mixin.py:151} INFO - [2023-09-24T12:33:17.383+0800] {dagbag.py:539} INFO - Filling up the DagBag from /opt/homebrew/lib/python3.11/site-packages/airflow/example_dags/example_setup_teardown.py
[2023-09-24T12:33:17.399+0800] {processor.py:839} INFO - DAG(s) dict_keys(['example_setup_teardown']) retrieved from /opt/homebrew/lib/python3.11/site-packages/airflow/example_dags/example_setup_teardown.py
[2023-09-24T12:33:17.494+0800] {logging_mixin.py:151} INFO - [2023-09-24T12:33:17.494+0800] {dag.py:2915} INFO - Sync 1 DAGs
[2023-09-24T12:33:17.502+0800] {logging_mixin.py:151} INFO - [2023-09-24T12:33:17.502+0800] {dag.py:3696} INFO - Setting next_dagrun for example_setup_teardown to 2023-09-23T04:33:17.502514+00:00, run_after=2023-09-24T04:33:17.502514+00:00
[2023-09-24T12:33:17.513+0800] {processor.py:179} INFO - Processing /opt/homebrew/lib/python3.11/site-packages/airflow/example_dags/example_setup_teardown.py took 0.132 seconds
[2023-09-24T15:48:23.133+0800] {processor.py:157} INFO - Started process (PID=81083) to work on /opt/homebrew/lib/python3.11/site-packages/airflow/example_dags/example_setup_teardown.py
[2023-09-24T15:48:23.134+0800] {processor.py:829} INFO - Processing file /opt/homebrew/lib/python3.11/site-packages/airflow/example_dags/example_setup_teardown.py for tasks to queue
[2023-09-24T15:48:23.134+0800] {logging_mixin.py:151} INFO - [2023-09-24T15:48:23.134+0800] {dagbag.py:539} INFO - Filling up the DagBag from /opt/homebrew/lib/python3.11/site-packages/airflow/example_dags/example_setup_teardown.py
[2023-09-24T15:48:23.155+0800] {processor.py:839} INFO - DAG(s) dict_keys(['example_setup_teardown']) retrieved from /opt/homebrew/lib/python3.11/site-packages/airflow/example_dags/example_setup_teardown.py
[2023-09-24T15:48:23.280+0800] {logging_mixin.py:151} INFO - [2023-09-24T15:48:23.280+0800] {dag.py:2915} INFO - Sync 1 DAGs
[2023-09-24T15:48:23.290+0800] {logging_mixin.py:151} INFO - [2023-09-24T15:48:23.290+0800] {dag.py:3696} INFO - Setting next_dagrun for example_setup_teardown to 2023-09-23T07:48:23.290121+00:00, run_after=2023-09-24T07:48:23.290121+00:00
[2023-09-24T15:48:23.302+0800] {processor.py:179} INFO - Processing /opt/homebrew/lib/python3.11/site-packages/airflow/example_dags/example_setup_teardown.py took 0.170 seconds
[2023-09-24T19:05:22.496+0800] {processor.py:157} INFO - Started process (PID=81464) to work on /opt/homebrew/lib/python3.11/site-packages/airflow/example_dags/example_setup_teardown.py
[2023-09-24T19:05:22.497+0800] {processor.py:829} INFO - Processing file /opt/homebrew/lib/python3.11/site-packages/airflow/example_dags/example_setup_teardown.py for tasks to queue
[2023-09-24T19:05:22.497+0800] {logging_mixin.py:151} INFO - [2023-09-24T19:05:22.497+0800] {dagbag.py:539} INFO - Filling up the DagBag from /opt/homebrew/lib/python3.11/site-packages/airflow/example_dags/example_setup_teardown.py
[2023-09-24T19:05:22.513+0800] {processor.py:839} INFO - DAG(s) dict_keys(['example_setup_teardown']) retrieved from /opt/homebrew/lib/python3.11/site-packages/airflow/example_dags/example_setup_teardown.py
[2023-09-24T19:05:22.612+0800] {logging_mixin.py:151} INFO - [2023-09-24T19:05:22.612+0800] {dag.py:2915} INFO - Sync 1 DAGs
[2023-09-24T19:05:22.620+0800] {logging_mixin.py:151} INFO - [2023-09-24T19:05:22.620+0800] {dag.py:3696} INFO - Setting next_dagrun for example_setup_teardown to 2023-09-23T11:05:22.620617+00:00, run_after=2023-09-24T11:05:22.620617+00:00
[2023-09-24T19:05:22.632+0800] {processor.py:179} INFO - Processing /opt/homebrew/lib/python3.11/site-packages/airflow/example_dags/example_setup_teardown.py took 0.136 seconds
[2023-09-24T21:53:03.396+0800] {processor.py:157} INFO - Started process (PID=81746) to work on /opt/homebrew/lib/python3.11/site-packages/airflow/example_dags/example_setup_teardown.py
[2023-09-24T21:53:03.397+0800] {processor.py:829} INFO - Processing file /opt/homebrew/lib/python3.11/site-packages/airflow/example_dags/example_setup_teardown.py for tasks to queue
[2023-09-24T21:53:03.397+0800] {logging_mixin.py:151} INFO - [2023-09-24T21:53:03.397+0800] {dagbag.py:539} INFO - Filling up the DagBag from /opt/homebrew/lib/python3.11/site-packages/airflow/example_dags/example_setup_teardown.py
[2023-09-24T21:53:03.413+0800] {processor.py:839} INFO - DAG(s) dict_keys(['example_setup_teardown']) retrieved from /opt/homebrew/lib/python3.11/site-packages/airflow/example_dags/example_setup_teardown.py
[2023-09-24T21:53:03.509+0800] {logging_mixin.py:151} INFO - [2023-09-24T21:53:03.509+0800] {dag.py:2915} INFO - Sync 1 DAGs
[2023-09-24T21:53:03.518+0800] {logging_mixin.py:151} INFO - [2023-09-24T21:53:03.518+0800] {dag.py:3696} INFO - Setting next_dagrun for example_setup_teardown to 2023-09-23T13:53:03.518031+00:00, run_after=2023-09-24T13:53:03.518031+00:00
[2023-09-24T21:53:03.529+0800] {processor.py:179} INFO - Processing /opt/homebrew/lib/python3.11/site-packages/airflow/example_dags/example_setup_teardown.py took 0.133 seconds
[2023-09-25T00:53:38.170+0800] {processor.py:157} INFO - Started process (PID=82060) to work on /opt/homebrew/lib/python3.11/site-packages/airflow/example_dags/example_setup_teardown.py
[2023-09-25T00:53:38.171+0800] {processor.py:829} INFO - Processing file /opt/homebrew/lib/python3.11/site-packages/airflow/example_dags/example_setup_teardown.py for tasks to queue
[2023-09-25T00:53:38.171+0800] {logging_mixin.py:151} INFO - [2023-09-25T00:53:38.171+0800] {dagbag.py:539} INFO - Filling up the DagBag from /opt/homebrew/lib/python3.11/site-packages/airflow/example_dags/example_setup_teardown.py
[2023-09-25T00:53:38.186+0800] {processor.py:839} INFO - DAG(s) dict_keys(['example_setup_teardown']) retrieved from /opt/homebrew/lib/python3.11/site-packages/airflow/example_dags/example_setup_teardown.py
[2023-09-25T00:53:38.283+0800] {logging_mixin.py:151} INFO - [2023-09-25T00:53:38.282+0800] {dag.py:2915} INFO - Sync 1 DAGs
[2023-09-25T00:53:38.291+0800] {logging_mixin.py:151} INFO - [2023-09-25T00:53:38.291+0800] {dag.py:3696} INFO - Setting next_dagrun for example_setup_teardown to 2023-09-23T16:53:38.291369+00:00, run_after=2023-09-24T16:53:38.291369+00:00
[2023-09-25T00:53:38.302+0800] {processor.py:179} INFO - Processing /opt/homebrew/lib/python3.11/site-packages/airflow/example_dags/example_setup_teardown.py took 0.133 seconds
[2023-09-25T04:09:56.440+0800] {processor.py:157} INFO - Started process (PID=82355) to work on /opt/homebrew/lib/python3.11/site-packages/airflow/example_dags/example_setup_teardown.py
[2023-09-25T04:09:56.440+0800] {processor.py:829} INFO - Processing file /opt/homebrew/lib/python3.11/site-packages/airflow/example_dags/example_setup_teardown.py for tasks to queue
[2023-09-25T04:09:56.441+0800] {logging_mixin.py:151} INFO - [2023-09-25T04:09:56.441+0800] {dagbag.py:539} INFO - Filling up the DagBag from /opt/homebrew/lib/python3.11/site-packages/airflow/example_dags/example_setup_teardown.py
[2023-09-25T04:09:56.456+0800] {processor.py:839} INFO - DAG(s) dict_keys(['example_setup_teardown']) retrieved from /opt/homebrew/lib/python3.11/site-packages/airflow/example_dags/example_setup_teardown.py
[2023-09-25T04:09:56.567+0800] {logging_mixin.py:151} INFO - [2023-09-25T04:09:56.567+0800] {dag.py:2915} INFO - Sync 1 DAGs
[2023-09-25T04:09:56.576+0800] {logging_mixin.py:151} INFO - [2023-09-25T04:09:56.576+0800] {dag.py:3696} INFO - Setting next_dagrun for example_setup_teardown to 2023-09-23T20:09:56.576186+00:00, run_after=2023-09-24T20:09:56.576186+00:00
[2023-09-25T04:09:56.587+0800] {processor.py:179} INFO - Processing /opt/homebrew/lib/python3.11/site-packages/airflow/example_dags/example_setup_teardown.py took 0.147 seconds
[2023-09-25T07:29:08.033+0800] {processor.py:157} INFO - Started process (PID=82690) to work on /opt/homebrew/lib/python3.11/site-packages/airflow/example_dags/example_setup_teardown.py
[2023-09-25T07:29:08.033+0800] {processor.py:829} INFO - Processing file /opt/homebrew/lib/python3.11/site-packages/airflow/example_dags/example_setup_teardown.py for tasks to queue
[2023-09-25T07:29:08.033+0800] {logging_mixin.py:151} INFO - [2023-09-25T07:29:08.033+0800] {dagbag.py:539} INFO - Filling up the DagBag from /opt/homebrew/lib/python3.11/site-packages/airflow/example_dags/example_setup_teardown.py
[2023-09-25T07:29:08.050+0800] {processor.py:839} INFO - DAG(s) dict_keys(['example_setup_teardown']) retrieved from /opt/homebrew/lib/python3.11/site-packages/airflow/example_dags/example_setup_teardown.py
[2023-09-25T07:46:24.388+0800] {logging_mixin.py:151} INFO - [2023-09-25T07:46:24.388+0800] {dag.py:2915} INFO - Sync 1 DAGs
[2023-09-25T07:46:24.405+0800] {logging_mixin.py:151} INFO - [2023-09-25T07:46:24.405+0800] {dag.py:3696} INFO - Setting next_dagrun for example_setup_teardown to 2023-09-23T23:46:24.404798+00:00, run_after=2023-09-24T23:46:24.404798+00:00
[2023-09-25T07:46:24.420+0800] {processor.py:179} INFO - Processing /opt/homebrew/lib/python3.11/site-packages/airflow/example_dags/example_setup_teardown.py took 0.415 seconds
