[2023-09-24T10:51:44.202+0800] {processor.py:157} INFO - Started process (PID=80319) to work on /opt/homebrew/lib/python3.11/site-packages/airflow/example_dags/example_branch_python_dop_operator_3.py
[2023-09-24T10:51:44.202+0800] {processor.py:829} INFO - Processing file /opt/homebrew/lib/python3.11/site-packages/airflow/example_dags/example_branch_python_dop_operator_3.py for tasks to queue
[2023-09-24T10:51:44.202+0800] {logging_mixin.py:151} INFO - [2023-09-24T10:51:44.202+0800] {dagbag.py:539} INFO - Filling up the DagBag from /opt/homebrew/lib/python3.11/site-packages/airflow/example_dags/example_branch_python_dop_operator_3.py
[2023-09-24T10:51:44.234+0800] {processor.py:839} INFO - DAG(s) dict_keys(['example_branch_dop_operator_v3']) retrieved from /opt/homebrew/lib/python3.11/site-packages/airflow/example_dags/example_branch_python_dop_operator_3.py
[2023-09-24T10:51:44.327+0800] {logging_mixin.py:151} INFO - [2023-09-24T10:51:44.326+0800] {dag.py:2915} INFO - Sync 1 DAGs
[2023-09-24T10:51:44.337+0800] {logging_mixin.py:151} INFO - [2023-09-24T10:51:44.337+0800] {dag.py:3696} INFO - Setting next_dagrun for example_branch_dop_operator_v3 to 2023-09-24T02:50:00+00:00, run_after=2023-09-24T02:51:00+00:00
[2023-09-24T10:51:44.347+0800] {processor.py:179} INFO - Processing /opt/homebrew/lib/python3.11/site-packages/airflow/example_dags/example_branch_python_dop_operator_3.py took 0.146 seconds
[2023-09-24T13:54:33.041+0800] {processor.py:157} INFO - Started process (PID=80889) to work on /opt/homebrew/lib/python3.11/site-packages/airflow/example_dags/example_branch_python_dop_operator_3.py
[2023-09-24T13:54:33.042+0800] {processor.py:829} INFO - Processing file /opt/homebrew/lib/python3.11/site-packages/airflow/example_dags/example_branch_python_dop_operator_3.py for tasks to queue
[2023-09-24T13:54:33.042+0800] {logging_mixin.py:151} INFO - [2023-09-24T13:54:33.042+0800] {dagbag.py:539} INFO - Filling up the DagBag from /opt/homebrew/lib/python3.11/site-packages/airflow/example_dags/example_branch_python_dop_operator_3.py
[2023-09-24T13:54:33.075+0800] {processor.py:839} INFO - DAG(s) dict_keys(['example_branch_dop_operator_v3']) retrieved from /opt/homebrew/lib/python3.11/site-packages/airflow/example_dags/example_branch_python_dop_operator_3.py
[2023-09-24T13:54:33.171+0800] {logging_mixin.py:151} INFO - [2023-09-24T13:54:33.170+0800] {dag.py:2915} INFO - Sync 1 DAGs
[2023-09-24T13:54:33.181+0800] {logging_mixin.py:151} INFO - [2023-09-24T13:54:33.181+0800] {dag.py:3696} INFO - Setting next_dagrun for example_branch_dop_operator_v3 to 2023-09-24T05:53:00+00:00, run_after=2023-09-24T05:54:00+00:00
[2023-09-24T13:54:33.192+0800] {processor.py:179} INFO - Processing /opt/homebrew/lib/python3.11/site-packages/airflow/example_dags/example_branch_python_dop_operator_3.py took 0.151 seconds
[2023-09-24T17:09:52.066+0800] {processor.py:157} INFO - Started process (PID=81225) to work on /opt/homebrew/lib/python3.11/site-packages/airflow/example_dags/example_branch_python_dop_operator_3.py
[2023-09-24T17:09:52.067+0800] {processor.py:829} INFO - Processing file /opt/homebrew/lib/python3.11/site-packages/airflow/example_dags/example_branch_python_dop_operator_3.py for tasks to queue
[2023-09-24T17:09:52.068+0800] {logging_mixin.py:151} INFO - [2023-09-24T17:09:52.068+0800] {dagbag.py:539} INFO - Filling up the DagBag from /opt/homebrew/lib/python3.11/site-packages/airflow/example_dags/example_branch_python_dop_operator_3.py
[2023-09-24T17:09:52.108+0800] {processor.py:839} INFO - DAG(s) dict_keys(['example_branch_dop_operator_v3']) retrieved from /opt/homebrew/lib/python3.11/site-packages/airflow/example_dags/example_branch_python_dop_operator_3.py
[2023-09-24T17:09:52.220+0800] {logging_mixin.py:151} INFO - [2023-09-24T17:09:52.220+0800] {dag.py:2915} INFO - Sync 1 DAGs
[2023-09-24T17:09:52.231+0800] {logging_mixin.py:151} INFO - [2023-09-24T17:09:52.231+0800] {dag.py:3696} INFO - Setting next_dagrun for example_branch_dop_operator_v3 to 2023-09-24T09:08:00+00:00, run_after=2023-09-24T09:09:00+00:00
[2023-09-24T17:09:52.241+0800] {processor.py:179} INFO - Processing /opt/homebrew/lib/python3.11/site-packages/airflow/example_dags/example_branch_python_dop_operator_3.py took 0.177 seconds
[2023-09-24T19:56:48.052+0800] {processor.py:157} INFO - Started process (PID=81573) to work on /opt/homebrew/lib/python3.11/site-packages/airflow/example_dags/example_branch_python_dop_operator_3.py
[2023-09-24T19:56:48.053+0800] {processor.py:829} INFO - Processing file /opt/homebrew/lib/python3.11/site-packages/airflow/example_dags/example_branch_python_dop_operator_3.py for tasks to queue
[2023-09-24T19:56:48.053+0800] {logging_mixin.py:151} INFO - [2023-09-24T19:56:48.053+0800] {dagbag.py:539} INFO - Filling up the DagBag from /opt/homebrew/lib/python3.11/site-packages/airflow/example_dags/example_branch_python_dop_operator_3.py
[2023-09-24T19:56:48.085+0800] {processor.py:839} INFO - DAG(s) dict_keys(['example_branch_dop_operator_v3']) retrieved from /opt/homebrew/lib/python3.11/site-packages/airflow/example_dags/example_branch_python_dop_operator_3.py
[2023-09-24T19:56:48.177+0800] {logging_mixin.py:151} INFO - [2023-09-24T19:56:48.177+0800] {dag.py:2915} INFO - Sync 1 DAGs
[2023-09-24T19:56:48.188+0800] {logging_mixin.py:151} INFO - [2023-09-24T19:56:48.187+0800] {dag.py:3696} INFO - Setting next_dagrun for example_branch_dop_operator_v3 to 2023-09-24T11:55:00+00:00, run_after=2023-09-24T11:56:00+00:00
[2023-09-24T19:56:48.198+0800] {processor.py:179} INFO - Processing /opt/homebrew/lib/python3.11/site-packages/airflow/example_dags/example_branch_python_dop_operator_3.py took 0.147 seconds
[2023-09-24T23:13:52.576+0800] {processor.py:157} INFO - Started process (PID=81866) to work on /opt/homebrew/lib/python3.11/site-packages/airflow/example_dags/example_branch_python_dop_operator_3.py
[2023-09-24T23:13:52.578+0800] {processor.py:829} INFO - Processing file /opt/homebrew/lib/python3.11/site-packages/airflow/example_dags/example_branch_python_dop_operator_3.py for tasks to queue
[2023-09-24T23:13:52.578+0800] {logging_mixin.py:151} INFO - [2023-09-24T23:13:52.578+0800] {dagbag.py:539} INFO - Filling up the DagBag from /opt/homebrew/lib/python3.11/site-packages/airflow/example_dags/example_branch_python_dop_operator_3.py
[2023-09-24T23:13:52.610+0800] {processor.py:839} INFO - DAG(s) dict_keys(['example_branch_dop_operator_v3']) retrieved from /opt/homebrew/lib/python3.11/site-packages/airflow/example_dags/example_branch_python_dop_operator_3.py
[2023-09-24T23:13:52.705+0800] {logging_mixin.py:151} INFO - [2023-09-24T23:13:52.704+0800] {dag.py:2915} INFO - Sync 1 DAGs
[2023-09-24T23:13:52.715+0800] {logging_mixin.py:151} INFO - [2023-09-24T23:13:52.715+0800] {dag.py:3696} INFO - Setting next_dagrun for example_branch_dop_operator_v3 to 2023-09-24T15:12:00+00:00, run_after=2023-09-24T15:13:00+00:00
[2023-09-24T23:13:52.725+0800] {processor.py:179} INFO - Processing /opt/homebrew/lib/python3.11/site-packages/airflow/example_dags/example_branch_python_dop_operator_3.py took 0.149 seconds
[2023-09-25T02:15:10.247+0800] {processor.py:157} INFO - Started process (PID=82180) to work on /opt/homebrew/lib/python3.11/site-packages/airflow/example_dags/example_branch_python_dop_operator_3.py
[2023-09-25T02:15:10.248+0800] {processor.py:829} INFO - Processing file /opt/homebrew/lib/python3.11/site-packages/airflow/example_dags/example_branch_python_dop_operator_3.py for tasks to queue
[2023-09-25T02:15:10.249+0800] {logging_mixin.py:151} INFO - [2023-09-25T02:15:10.249+0800] {dagbag.py:539} INFO - Filling up the DagBag from /opt/homebrew/lib/python3.11/site-packages/airflow/example_dags/example_branch_python_dop_operator_3.py
[2023-09-25T02:15:10.281+0800] {processor.py:839} INFO - DAG(s) dict_keys(['example_branch_dop_operator_v3']) retrieved from /opt/homebrew/lib/python3.11/site-packages/airflow/example_dags/example_branch_python_dop_operator_3.py
[2023-09-25T02:15:10.373+0800] {logging_mixin.py:151} INFO - [2023-09-25T02:15:10.372+0800] {dag.py:2915} INFO - Sync 1 DAGs
[2023-09-25T02:15:10.383+0800] {logging_mixin.py:151} INFO - [2023-09-25T02:15:10.383+0800] {dag.py:3696} INFO - Setting next_dagrun for example_branch_dop_operator_v3 to 2023-09-24T18:14:00+00:00, run_after=2023-09-24T18:15:00+00:00
[2023-09-25T02:15:10.393+0800] {processor.py:179} INFO - Processing /opt/homebrew/lib/python3.11/site-packages/airflow/example_dags/example_branch_python_dop_operator_3.py took 0.147 seconds
[2023-09-25T05:33:02.775+0800] {processor.py:157} INFO - Started process (PID=82512) to work on /opt/homebrew/lib/python3.11/site-packages/airflow/example_dags/example_branch_python_dop_operator_3.py
[2023-09-25T05:33:02.775+0800] {processor.py:829} INFO - Processing file /opt/homebrew/lib/python3.11/site-packages/airflow/example_dags/example_branch_python_dop_operator_3.py for tasks to queue
[2023-09-25T05:33:02.775+0800] {logging_mixin.py:151} INFO - [2023-09-25T05:33:02.775+0800] {dagbag.py:539} INFO - Filling up the DagBag from /opt/homebrew/lib/python3.11/site-packages/airflow/example_dags/example_branch_python_dop_operator_3.py
[2023-09-25T05:33:02.809+0800] {processor.py:839} INFO - DAG(s) dict_keys(['example_branch_dop_operator_v3']) retrieved from /opt/homebrew/lib/python3.11/site-packages/airflow/example_dags/example_branch_python_dop_operator_3.py
[2023-09-25T05:33:02.902+0800] {logging_mixin.py:151} INFO - [2023-09-25T05:33:02.902+0800] {dag.py:2915} INFO - Sync 1 DAGs
[2023-09-25T05:33:02.913+0800] {logging_mixin.py:151} INFO - [2023-09-25T05:33:02.913+0800] {dag.py:3696} INFO - Setting next_dagrun for example_branch_dop_operator_v3 to 2023-09-24T21:32:00+00:00, run_after=2023-09-24T21:33:00+00:00
[2023-09-25T05:33:02.923+0800] {processor.py:179} INFO - Processing /opt/homebrew/lib/python3.11/site-packages/airflow/example_dags/example_branch_python_dop_operator_3.py took 0.148 seconds
