[2023-09-24T08:37:26.317+0800] {processor.py:157} INFO - Started process (PID=80101) to work on /opt/homebrew/lib/python3.11/site-packages/airflow/example_dags/example_xcomargs.py
[2023-09-24T08:37:26.318+0800] {processor.py:829} INFO - Processing file /opt/homebrew/lib/python3.11/site-packages/airflow/example_dags/example_xcomargs.py for tasks to queue
[2023-09-24T08:37:26.318+0800] {logging_mixin.py:151} INFO - [2023-09-24T08:37:26.318+0800] {dagbag.py:539} INFO - Filling up the DagBag from /opt/homebrew/lib/python3.11/site-packages/airflow/example_dags/example_xcomargs.py
[2023-09-24T08:37:26.350+0800] {processor.py:839} INFO - DAG(s) dict_keys(['example_xcom_args', 'example_xcom_args_with_operators']) retrieved from /opt/homebrew/lib/python3.11/site-packages/airflow/example_dags/example_xcomargs.py
[2023-09-24T08:37:26.443+0800] {logging_mixin.py:151} INFO - [2023-09-24T08:37:26.443+0800] {dag.py:2915} INFO - Sync 2 DAGs
[2023-09-24T08:37:26.448+0800] {logging_mixin.py:151} INFO - [2023-09-24T08:37:26.448+0800] {dag.py:3696} INFO - Setting next_dagrun for example_xcom_args to None, run_after=None
[2023-09-24T08:37:26.449+0800] {logging_mixin.py:151} INFO - [2023-09-24T08:37:26.449+0800] {dag.py:3696} INFO - Setting next_dagrun for example_xcom_args_with_operators to None, run_after=None
[2023-09-24T08:37:26.458+0800] {processor.py:179} INFO - Processing /opt/homebrew/lib/python3.11/site-packages/airflow/example_dags/example_xcomargs.py took 0.142 seconds
[2023-09-24T11:43:50.222+0800] {processor.py:157} INFO - Started process (PID=80431) to work on /opt/homebrew/lib/python3.11/site-packages/airflow/example_dags/example_xcomargs.py
[2023-09-24T11:43:50.223+0800] {processor.py:829} INFO - Processing file /opt/homebrew/lib/python3.11/site-packages/airflow/example_dags/example_xcomargs.py for tasks to queue
[2023-09-24T11:43:50.223+0800] {logging_mixin.py:151} INFO - [2023-09-24T11:43:50.223+0800] {dagbag.py:539} INFO - Filling up the DagBag from /opt/homebrew/lib/python3.11/site-packages/airflow/example_dags/example_xcomargs.py
[2023-09-24T11:43:50.255+0800] {processor.py:839} INFO - DAG(s) dict_keys(['example_xcom_args', 'example_xcom_args_with_operators']) retrieved from /opt/homebrew/lib/python3.11/site-packages/airflow/example_dags/example_xcomargs.py
[2023-09-24T11:43:50.349+0800] {logging_mixin.py:151} INFO - [2023-09-24T11:43:50.349+0800] {dag.py:2915} INFO - Sync 2 DAGs
[2023-09-24T11:43:50.354+0800] {logging_mixin.py:151} INFO - [2023-09-24T11:43:50.354+0800] {dag.py:3696} INFO - Setting next_dagrun for example_xcom_args to None, run_after=None
[2023-09-24T11:43:50.356+0800] {logging_mixin.py:151} INFO - [2023-09-24T11:43:50.356+0800] {dag.py:3696} INFO - Setting next_dagrun for example_xcom_args_with_operators to None, run_after=None
[2023-09-24T11:43:50.365+0800] {processor.py:179} INFO - Processing /opt/homebrew/lib/python3.11/site-packages/airflow/example_dags/example_xcomargs.py took 0.143 seconds
[2023-09-24T14:43:58.670+0800] {processor.py:157} INFO - Started process (PID=81003) to work on /opt/homebrew/lib/python3.11/site-packages/airflow/example_dags/example_xcomargs.py
[2023-09-24T14:43:58.671+0800] {processor.py:829} INFO - Processing file /opt/homebrew/lib/python3.11/site-packages/airflow/example_dags/example_xcomargs.py for tasks to queue
[2023-09-24T14:43:58.671+0800] {logging_mixin.py:151} INFO - [2023-09-24T14:43:58.671+0800] {dagbag.py:539} INFO - Filling up the DagBag from /opt/homebrew/lib/python3.11/site-packages/airflow/example_dags/example_xcomargs.py
[2023-09-24T14:43:58.703+0800] {processor.py:839} INFO - DAG(s) dict_keys(['example_xcom_args', 'example_xcom_args_with_operators']) retrieved from /opt/homebrew/lib/python3.11/site-packages/airflow/example_dags/example_xcomargs.py
[2023-09-24T14:43:58.798+0800] {logging_mixin.py:151} INFO - [2023-09-24T14:43:58.798+0800] {dag.py:2915} INFO - Sync 2 DAGs
[2023-09-24T14:43:58.803+0800] {logging_mixin.py:151} INFO - [2023-09-24T14:43:58.803+0800] {dag.py:3696} INFO - Setting next_dagrun for example_xcom_args to None, run_after=None
[2023-09-24T14:43:58.804+0800] {logging_mixin.py:151} INFO - [2023-09-24T14:43:58.804+0800] {dag.py:3696} INFO - Setting next_dagrun for example_xcom_args_with_operators to None, run_after=None
[2023-09-24T14:43:58.813+0800] {processor.py:179} INFO - Processing /opt/homebrew/lib/python3.11/site-packages/airflow/example_dags/example_xcomargs.py took 0.143 seconds
[2023-09-24T18:00:16.724+0800] {processor.py:157} INFO - Started process (PID=81334) to work on /opt/homebrew/lib/python3.11/site-packages/airflow/example_dags/example_xcomargs.py
[2023-09-24T18:00:16.726+0800] {processor.py:829} INFO - Processing file /opt/homebrew/lib/python3.11/site-packages/airflow/example_dags/example_xcomargs.py for tasks to queue
[2023-09-24T18:00:16.726+0800] {logging_mixin.py:151} INFO - [2023-09-24T18:00:16.726+0800] {dagbag.py:539} INFO - Filling up the DagBag from /opt/homebrew/lib/python3.11/site-packages/airflow/example_dags/example_xcomargs.py
[2023-09-24T18:00:16.758+0800] {processor.py:839} INFO - DAG(s) dict_keys(['example_xcom_args_with_operators', 'example_xcom_args']) retrieved from /opt/homebrew/lib/python3.11/site-packages/airflow/example_dags/example_xcomargs.py
[2023-09-24T18:00:16.852+0800] {logging_mixin.py:151} INFO - [2023-09-24T18:00:16.852+0800] {dag.py:2915} INFO - Sync 2 DAGs
[2023-09-24T18:00:16.857+0800] {logging_mixin.py:151} INFO - [2023-09-24T18:00:16.857+0800] {dag.py:3696} INFO - Setting next_dagrun for example_xcom_args to None, run_after=None
[2023-09-24T18:00:16.858+0800] {logging_mixin.py:151} INFO - [2023-09-24T18:00:16.858+0800] {dag.py:3696} INFO - Setting next_dagrun for example_xcom_args_with_operators to None, run_after=None
[2023-09-24T18:00:16.867+0800] {processor.py:179} INFO - Processing /opt/homebrew/lib/python3.11/site-packages/airflow/example_dags/example_xcomargs.py took 0.144 seconds
[2023-09-24T21:02:54.014+0800] {processor.py:157} INFO - Started process (PID=81664) to work on /opt/homebrew/lib/python3.11/site-packages/airflow/example_dags/example_xcomargs.py
[2023-09-24T21:02:54.015+0800] {processor.py:829} INFO - Processing file /opt/homebrew/lib/python3.11/site-packages/airflow/example_dags/example_xcomargs.py for tasks to queue
[2023-09-24T21:02:54.016+0800] {logging_mixin.py:151} INFO - [2023-09-24T21:02:54.015+0800] {dagbag.py:539} INFO - Filling up the DagBag from /opt/homebrew/lib/python3.11/site-packages/airflow/example_dags/example_xcomargs.py
[2023-09-24T21:02:54.047+0800] {processor.py:839} INFO - DAG(s) dict_keys(['example_xcom_args_with_operators', 'example_xcom_args']) retrieved from /opt/homebrew/lib/python3.11/site-packages/airflow/example_dags/example_xcomargs.py
[2023-09-24T21:02:54.142+0800] {logging_mixin.py:151} INFO - [2023-09-24T21:02:54.142+0800] {dag.py:2915} INFO - Sync 2 DAGs
[2023-09-24T21:02:54.147+0800] {logging_mixin.py:151} INFO - [2023-09-24T21:02:54.147+0800] {dag.py:3696} INFO - Setting next_dagrun for example_xcom_args to None, run_after=None
[2023-09-24T21:02:54.148+0800] {logging_mixin.py:151} INFO - [2023-09-24T21:02:54.148+0800] {dag.py:3696} INFO - Setting next_dagrun for example_xcom_args_with_operators to None, run_after=None
[2023-09-24T21:02:54.157+0800] {processor.py:179} INFO - Processing /opt/homebrew/lib/python3.11/site-packages/airflow/example_dags/example_xcomargs.py took 0.144 seconds
[2023-09-25T00:04:24.695+0800] {processor.py:157} INFO - Started process (PID=81971) to work on /opt/homebrew/lib/python3.11/site-packages/airflow/example_dags/example_xcomargs.py
[2023-09-25T00:04:24.696+0800] {processor.py:829} INFO - Processing file /opt/homebrew/lib/python3.11/site-packages/airflow/example_dags/example_xcomargs.py for tasks to queue
[2023-09-25T00:04:24.696+0800] {logging_mixin.py:151} INFO - [2023-09-25T00:04:24.696+0800] {dagbag.py:539} INFO - Filling up the DagBag from /opt/homebrew/lib/python3.11/site-packages/airflow/example_dags/example_xcomargs.py
[2023-09-25T00:04:24.729+0800] {processor.py:839} INFO - DAG(s) dict_keys(['example_xcom_args_with_operators', 'example_xcom_args']) retrieved from /opt/homebrew/lib/python3.11/site-packages/airflow/example_dags/example_xcomargs.py
[2023-09-25T00:04:24.825+0800] {logging_mixin.py:151} INFO - [2023-09-25T00:04:24.824+0800] {dag.py:2915} INFO - Sync 2 DAGs
[2023-09-25T00:04:24.829+0800] {logging_mixin.py:151} INFO - [2023-09-25T00:04:24.829+0800] {dag.py:3696} INFO - Setting next_dagrun for example_xcom_args to None, run_after=None
[2023-09-25T00:04:24.831+0800] {logging_mixin.py:151} INFO - [2023-09-25T00:04:24.831+0800] {dag.py:3696} INFO - Setting next_dagrun for example_xcom_args_with_operators to None, run_after=None
[2023-09-25T00:04:24.840+0800] {processor.py:179} INFO - Processing /opt/homebrew/lib/python3.11/site-packages/airflow/example_dags/example_xcomargs.py took 0.146 seconds
[2023-09-25T03:18:51.775+0800] {processor.py:157} INFO - Started process (PID=82277) to work on /opt/homebrew/lib/python3.11/site-packages/airflow/example_dags/example_xcomargs.py
[2023-09-25T03:18:51.776+0800] {processor.py:829} INFO - Processing file /opt/homebrew/lib/python3.11/site-packages/airflow/example_dags/example_xcomargs.py for tasks to queue
[2023-09-25T03:18:51.776+0800] {logging_mixin.py:151} INFO - [2023-09-25T03:18:51.776+0800] {dagbag.py:539} INFO - Filling up the DagBag from /opt/homebrew/lib/python3.11/site-packages/airflow/example_dags/example_xcomargs.py
[2023-09-25T03:18:51.808+0800] {processor.py:839} INFO - DAG(s) dict_keys(['example_xcom_args', 'example_xcom_args_with_operators']) retrieved from /opt/homebrew/lib/python3.11/site-packages/airflow/example_dags/example_xcomargs.py
[2023-09-25T03:18:51.902+0800] {logging_mixin.py:151} INFO - [2023-09-25T03:18:51.902+0800] {dag.py:2915} INFO - Sync 2 DAGs
[2023-09-25T03:18:51.906+0800] {logging_mixin.py:151} INFO - [2023-09-25T03:18:51.906+0800] {dag.py:3696} INFO - Setting next_dagrun for example_xcom_args to None, run_after=None
[2023-09-25T03:18:51.908+0800] {logging_mixin.py:151} INFO - [2023-09-25T03:18:51.908+0800] {dag.py:3696} INFO - Setting next_dagrun for example_xcom_args_with_operators to None, run_after=None
[2023-09-25T03:18:51.917+0800] {processor.py:179} INFO - Processing /opt/homebrew/lib/python3.11/site-packages/airflow/example_dags/example_xcomargs.py took 0.142 seconds
[2023-09-25T06:39:56.126+0800] {processor.py:157} INFO - Started process (PID=82612) to work on /opt/homebrew/lib/python3.11/site-packages/airflow/example_dags/example_xcomargs.py
[2023-09-25T06:39:56.127+0800] {processor.py:829} INFO - Processing file /opt/homebrew/lib/python3.11/site-packages/airflow/example_dags/example_xcomargs.py for tasks to queue
[2023-09-25T06:39:56.127+0800] {logging_mixin.py:151} INFO - [2023-09-25T06:39:56.127+0800] {dagbag.py:539} INFO - Filling up the DagBag from /opt/homebrew/lib/python3.11/site-packages/airflow/example_dags/example_xcomargs.py
[2023-09-25T06:39:56.159+0800] {processor.py:839} INFO - DAG(s) dict_keys(['example_xcom_args_with_operators', 'example_xcom_args']) retrieved from /opt/homebrew/lib/python3.11/site-packages/airflow/example_dags/example_xcomargs.py
[2023-09-25T06:39:56.254+0800] {logging_mixin.py:151} INFO - [2023-09-25T06:39:56.253+0800] {dag.py:2915} INFO - Sync 2 DAGs
[2023-09-25T06:39:56.258+0800] {logging_mixin.py:151} INFO - [2023-09-25T06:39:56.258+0800] {dag.py:3696} INFO - Setting next_dagrun for example_xcom_args to None, run_after=None
[2023-09-25T06:39:56.260+0800] {logging_mixin.py:151} INFO - [2023-09-25T06:39:56.260+0800] {dag.py:3696} INFO - Setting next_dagrun for example_xcom_args_with_operators to None, run_after=None
[2023-09-25T06:39:56.269+0800] {processor.py:179} INFO - Processing /opt/homebrew/lib/python3.11/site-packages/airflow/example_dags/example_xcomargs.py took 0.143 seconds
