[2023-09-24T10:01:42.733+0800] {processor.py:157} INFO - Started process (PID=80242) to work on /opt/homebrew/lib/python3.11/site-packages/airflow/example_dags/example_nested_branch_dag.py
[2023-09-24T10:01:42.734+0800] {processor.py:829} INFO - Processing file /opt/homebrew/lib/python3.11/site-packages/airflow/example_dags/example_nested_branch_dag.py for tasks to queue
[2023-09-24T10:01:42.734+0800] {logging_mixin.py:151} INFO - [2023-09-24T10:01:42.734+0800] {dagbag.py:539} INFO - Filling up the DagBag from /opt/homebrew/lib/python3.11/site-packages/airflow/example_dags/example_nested_branch_dag.py
[2023-09-24T10:01:42.767+0800] {processor.py:839} INFO - DAG(s) dict_keys(['example_nested_branch_dag']) retrieved from /opt/homebrew/lib/python3.11/site-packages/airflow/example_dags/example_nested_branch_dag.py
[2023-09-24T10:01:42.865+0800] {logging_mixin.py:151} INFO - [2023-09-24T10:01:42.865+0800] {dag.py:2915} INFO - Sync 1 DAGs
[2023-09-24T10:01:42.874+0800] {logging_mixin.py:151} INFO - [2023-09-24T10:01:42.874+0800] {dag.py:3696} INFO - Setting next_dagrun for example_nested_branch_dag to 2023-09-23T00:00:00+00:00, run_after=2023-09-24T00:00:00+00:00
[2023-09-24T10:01:42.884+0800] {processor.py:179} INFO - Processing /opt/homebrew/lib/python3.11/site-packages/airflow/example_dags/example_nested_branch_dag.py took 0.152 seconds
[2023-09-24T13:07:01.017+0800] {processor.py:157} INFO - Started process (PID=80599) to work on /opt/homebrew/lib/python3.11/site-packages/airflow/example_dags/example_nested_branch_dag.py
[2023-09-24T13:07:01.017+0800] {processor.py:829} INFO - Processing file /opt/homebrew/lib/python3.11/site-packages/airflow/example_dags/example_nested_branch_dag.py for tasks to queue
[2023-09-24T13:07:01.018+0800] {logging_mixin.py:151} INFO - [2023-09-24T13:07:01.018+0800] {dagbag.py:539} INFO - Filling up the DagBag from /opt/homebrew/lib/python3.11/site-packages/airflow/example_dags/example_nested_branch_dag.py
[2023-09-24T13:07:01.051+0800] {processor.py:839} INFO - DAG(s) dict_keys(['example_nested_branch_dag']) retrieved from /opt/homebrew/lib/python3.11/site-packages/airflow/example_dags/example_nested_branch_dag.py
[2023-09-24T13:07:01.148+0800] {logging_mixin.py:151} INFO - [2023-09-24T13:07:01.148+0800] {dag.py:2915} INFO - Sync 1 DAGs
[2023-09-24T13:07:01.158+0800] {logging_mixin.py:151} INFO - [2023-09-24T13:07:01.157+0800] {dag.py:3696} INFO - Setting next_dagrun for example_nested_branch_dag to 2023-09-23T00:00:00+00:00, run_after=2023-09-24T00:00:00+00:00
[2023-09-24T13:07:01.168+0800] {processor.py:179} INFO - Processing /opt/homebrew/lib/python3.11/site-packages/airflow/example_dags/example_nested_branch_dag.py took 0.151 seconds
[2023-09-24T16:05:13.113+0800] {processor.py:157} INFO - Started process (PID=81132) to work on /opt/homebrew/lib/python3.11/site-packages/airflow/example_dags/example_nested_branch_dag.py
[2023-09-24T16:05:13.113+0800] {processor.py:829} INFO - Processing file /opt/homebrew/lib/python3.11/site-packages/airflow/example_dags/example_nested_branch_dag.py for tasks to queue
[2023-09-24T16:05:13.113+0800] {logging_mixin.py:151} INFO - [2023-09-24T16:05:13.113+0800] {dagbag.py:539} INFO - Filling up the DagBag from /opt/homebrew/lib/python3.11/site-packages/airflow/example_dags/example_nested_branch_dag.py
[2023-09-24T16:05:13.145+0800] {processor.py:839} INFO - DAG(s) dict_keys(['example_nested_branch_dag']) retrieved from /opt/homebrew/lib/python3.11/site-packages/airflow/example_dags/example_nested_branch_dag.py
[2023-09-24T16:20:32.477+0800] {logging_mixin.py:151} INFO - [2023-09-24T16:20:32.477+0800] {dag.py:2915} INFO - Sync 1 DAGs
[2023-09-24T16:20:32.500+0800] {logging_mixin.py:151} INFO - [2023-09-24T16:20:32.500+0800] {dag.py:3696} INFO - Setting next_dagrun for example_nested_branch_dag to 2023-09-23T00:00:00+00:00, run_after=2023-09-24T00:00:00+00:00
[2023-09-24T16:20:32.516+0800] {processor.py:179} INFO - Processing /opt/homebrew/lib/python3.11/site-packages/airflow/example_dags/example_nested_branch_dag.py took 0.460 seconds
[2023-09-24T19:05:54.299+0800] {processor.py:157} INFO - Started process (PID=81506) to work on /opt/homebrew/lib/python3.11/site-packages/airflow/example_dags/example_nested_branch_dag.py
[2023-09-24T19:05:54.299+0800] {processor.py:829} INFO - Processing file /opt/homebrew/lib/python3.11/site-packages/airflow/example_dags/example_nested_branch_dag.py for tasks to queue
[2023-09-24T19:05:54.299+0800] {logging_mixin.py:151} INFO - [2023-09-24T19:05:54.299+0800] {dagbag.py:539} INFO - Filling up the DagBag from /opt/homebrew/lib/python3.11/site-packages/airflow/example_dags/example_nested_branch_dag.py
[2023-09-24T19:05:54.332+0800] {processor.py:839} INFO - DAG(s) dict_keys(['example_nested_branch_dag']) retrieved from /opt/homebrew/lib/python3.11/site-packages/airflow/example_dags/example_nested_branch_dag.py
[2023-09-24T19:05:54.426+0800] {logging_mixin.py:151} INFO - [2023-09-24T19:05:54.425+0800] {dag.py:2915} INFO - Sync 1 DAGs
[2023-09-24T19:05:54.434+0800] {logging_mixin.py:151} INFO - [2023-09-24T19:05:54.434+0800] {dag.py:3696} INFO - Setting next_dagrun for example_nested_branch_dag to 2023-09-23T00:00:00+00:00, run_after=2023-09-24T00:00:00+00:00
[2023-09-24T19:05:54.444+0800] {processor.py:179} INFO - Processing /opt/homebrew/lib/python3.11/site-packages/airflow/example_dags/example_nested_branch_dag.py took 0.146 seconds
[2023-09-24T22:25:30.432+0800] {processor.py:157} INFO - Started process (PID=81793) to work on /opt/homebrew/lib/python3.11/site-packages/airflow/example_dags/example_nested_branch_dag.py
[2023-09-24T22:25:30.433+0800] {processor.py:829} INFO - Processing file /opt/homebrew/lib/python3.11/site-packages/airflow/example_dags/example_nested_branch_dag.py for tasks to queue
[2023-09-24T22:25:30.433+0800] {logging_mixin.py:151} INFO - [2023-09-24T22:25:30.433+0800] {dagbag.py:539} INFO - Filling up the DagBag from /opt/homebrew/lib/python3.11/site-packages/airflow/example_dags/example_nested_branch_dag.py
[2023-09-24T22:25:30.465+0800] {processor.py:839} INFO - DAG(s) dict_keys(['example_nested_branch_dag']) retrieved from /opt/homebrew/lib/python3.11/site-packages/airflow/example_dags/example_nested_branch_dag.py
[2023-09-24T22:25:30.559+0800] {logging_mixin.py:151} INFO - [2023-09-24T22:25:30.559+0800] {dag.py:2915} INFO - Sync 1 DAGs
[2023-09-24T22:25:30.568+0800] {logging_mixin.py:151} INFO - [2023-09-24T22:25:30.568+0800] {dag.py:3696} INFO - Setting next_dagrun for example_nested_branch_dag to 2023-09-23T00:00:00+00:00, run_after=2023-09-24T00:00:00+00:00
[2023-09-24T22:25:30.579+0800] {processor.py:179} INFO - Processing /opt/homebrew/lib/python3.11/site-packages/airflow/example_dags/example_nested_branch_dag.py took 0.147 seconds
[2023-09-25T01:25:34.152+0800] {processor.py:157} INFO - Started process (PID=82106) to work on /opt/homebrew/lib/python3.11/site-packages/airflow/example_dags/example_nested_branch_dag.py
[2023-09-25T01:25:34.153+0800] {processor.py:829} INFO - Processing file /opt/homebrew/lib/python3.11/site-packages/airflow/example_dags/example_nested_branch_dag.py for tasks to queue
[2023-09-25T01:25:34.154+0800] {logging_mixin.py:151} INFO - [2023-09-25T01:25:34.154+0800] {dagbag.py:539} INFO - Filling up the DagBag from /opt/homebrew/lib/python3.11/site-packages/airflow/example_dags/example_nested_branch_dag.py
[2023-09-25T01:25:34.186+0800] {processor.py:839} INFO - DAG(s) dict_keys(['example_nested_branch_dag']) retrieved from /opt/homebrew/lib/python3.11/site-packages/airflow/example_dags/example_nested_branch_dag.py
[2023-09-25T01:25:34.279+0800] {logging_mixin.py:151} INFO - [2023-09-25T01:25:34.279+0800] {dag.py:2915} INFO - Sync 1 DAGs
[2023-09-25T01:25:34.288+0800] {logging_mixin.py:151} INFO - [2023-09-25T01:25:34.288+0800] {dag.py:3696} INFO - Setting next_dagrun for example_nested_branch_dag to 2023-09-23T00:00:00+00:00, run_after=2023-09-24T00:00:00+00:00
[2023-09-25T01:25:34.298+0800] {processor.py:179} INFO - Processing /opt/homebrew/lib/python3.11/site-packages/airflow/example_dags/example_nested_branch_dag.py took 0.146 seconds
[2023-09-25T04:43:11.162+0800] {processor.py:157} INFO - Started process (PID=82428) to work on /opt/homebrew/lib/python3.11/site-packages/airflow/example_dags/example_nested_branch_dag.py
[2023-09-25T04:43:11.163+0800] {processor.py:829} INFO - Processing file /opt/homebrew/lib/python3.11/site-packages/airflow/example_dags/example_nested_branch_dag.py for tasks to queue
[2023-09-25T04:43:11.163+0800] {logging_mixin.py:151} INFO - [2023-09-25T04:43:11.163+0800] {dagbag.py:539} INFO - Filling up the DagBag from /opt/homebrew/lib/python3.11/site-packages/airflow/example_dags/example_nested_branch_dag.py
[2023-09-25T04:43:11.196+0800] {processor.py:839} INFO - DAG(s) dict_keys(['example_nested_branch_dag']) retrieved from /opt/homebrew/lib/python3.11/site-packages/airflow/example_dags/example_nested_branch_dag.py
[2023-09-25T04:43:11.289+0800] {logging_mixin.py:151} INFO - [2023-09-25T04:43:11.289+0800] {dag.py:2915} INFO - Sync 1 DAGs
[2023-09-25T04:43:11.298+0800] {logging_mixin.py:151} INFO - [2023-09-25T04:43:11.298+0800] {dag.py:3696} INFO - Setting next_dagrun for example_nested_branch_dag to 2023-09-23T00:00:00+00:00, run_after=2023-09-24T00:00:00+00:00
[2023-09-25T04:43:11.308+0800] {processor.py:179} INFO - Processing /opt/homebrew/lib/python3.11/site-packages/airflow/example_dags/example_nested_branch_dag.py took 0.146 seconds
