[2023-09-24T10:52:49.987+0800] {processor.py:157} INFO - Started process (PID=80340) to work on /opt/homebrew/lib/python3.11/site-packages/airflow/example_dags/example_branch_labels.py
[2023-09-24T10:52:49.987+0800] {processor.py:829} INFO - Processing file /opt/homebrew/lib/python3.11/site-packages/airflow/example_dags/example_branch_labels.py for tasks to queue
[2023-09-24T10:52:49.988+0800] {logging_mixin.py:151} INFO - [2023-09-24T10:52:49.988+0800] {dagbag.py:539} INFO - Filling up the DagBag from /opt/homebrew/lib/python3.11/site-packages/airflow/example_dags/example_branch_labels.py
[2023-09-24T10:52:50.004+0800] {processor.py:839} INFO - DAG(s) dict_keys(['example_branch_labels']) retrieved from /opt/homebrew/lib/python3.11/site-packages/airflow/example_dags/example_branch_labels.py
[2023-09-24T10:52:50.100+0800] {logging_mixin.py:151} INFO - [2023-09-24T10:52:50.099+0800] {dag.py:2915} INFO - Sync 1 DAGs
[2023-09-24T10:52:50.109+0800] {logging_mixin.py:151} INFO - [2023-09-24T10:52:50.109+0800] {dag.py:3696} INFO - Setting next_dagrun for example_branch_labels to 2023-09-23T00:00:00+00:00, run_after=2023-09-24T00:00:00+00:00
[2023-09-24T10:52:50.119+0800] {processor.py:179} INFO - Processing /opt/homebrew/lib/python3.11/site-packages/airflow/example_dags/example_branch_labels.py took 0.133 seconds
[2023-09-24T17:09:57.483+0800] {processor.py:157} INFO - Started process (PID=81246) to work on /opt/homebrew/lib/python3.11/site-packages/airflow/example_dags/example_branch_labels.py
[2023-09-24T17:09:57.484+0800] {processor.py:829} INFO - Processing file /opt/homebrew/lib/python3.11/site-packages/airflow/example_dags/example_branch_labels.py for tasks to queue
[2023-09-24T17:09:57.484+0800] {logging_mixin.py:151} INFO - [2023-09-24T17:09:57.484+0800] {dagbag.py:539} INFO - Filling up the DagBag from /opt/homebrew/lib/python3.11/site-packages/airflow/example_dags/example_branch_labels.py
[2023-09-24T17:09:57.500+0800] {processor.py:839} INFO - DAG(s) dict_keys(['example_branch_labels']) retrieved from /opt/homebrew/lib/python3.11/site-packages/airflow/example_dags/example_branch_labels.py
[2023-09-24T17:09:57.596+0800] {logging_mixin.py:151} INFO - [2023-09-24T17:09:57.595+0800] {dag.py:2915} INFO - Sync 1 DAGs
[2023-09-24T17:09:57.605+0800] {logging_mixin.py:151} INFO - [2023-09-24T17:09:57.604+0800] {dag.py:3696} INFO - Setting next_dagrun for example_branch_labels to 2023-09-23T00:00:00+00:00, run_after=2023-09-24T00:00:00+00:00
[2023-09-24T17:09:57.615+0800] {processor.py:179} INFO - Processing /opt/homebrew/lib/python3.11/site-packages/airflow/example_dags/example_branch_labels.py took 0.132 seconds
[2023-09-24T20:13:46.934+0800] {processor.py:157} INFO - Started process (PID=81596) to work on /opt/homebrew/lib/python3.11/site-packages/airflow/example_dags/example_branch_labels.py
[2023-09-24T20:13:46.935+0800] {processor.py:829} INFO - Processing file /opt/homebrew/lib/python3.11/site-packages/airflow/example_dags/example_branch_labels.py for tasks to queue
[2023-09-24T20:13:46.936+0800] {logging_mixin.py:151} INFO - [2023-09-24T20:13:46.935+0800] {dagbag.py:539} INFO - Filling up the DagBag from /opt/homebrew/lib/python3.11/site-packages/airflow/example_dags/example_branch_labels.py
[2023-09-24T20:13:46.952+0800] {processor.py:839} INFO - DAG(s) dict_keys(['example_branch_labels']) retrieved from /opt/homebrew/lib/python3.11/site-packages/airflow/example_dags/example_branch_labels.py
[2023-09-24T20:13:47.047+0800] {logging_mixin.py:151} INFO - [2023-09-24T20:13:47.047+0800] {dag.py:2915} INFO - Sync 1 DAGs
[2023-09-24T20:13:47.056+0800] {logging_mixin.py:151} INFO - [2023-09-24T20:13:47.056+0800] {dag.py:3696} INFO - Setting next_dagrun for example_branch_labels to 2023-09-23T00:00:00+00:00, run_after=2023-09-24T00:00:00+00:00
[2023-09-24T20:13:47.067+0800] {processor.py:179} INFO - Processing /opt/homebrew/lib/python3.11/site-packages/airflow/example_dags/example_branch_labels.py took 0.133 seconds
[2023-09-25T02:33:13.083+0800] {processor.py:157} INFO - Started process (PID=82203) to work on /opt/homebrew/lib/python3.11/site-packages/airflow/example_dags/example_branch_labels.py
[2023-09-25T02:33:13.084+0800] {processor.py:829} INFO - Processing file /opt/homebrew/lib/python3.11/site-packages/airflow/example_dags/example_branch_labels.py for tasks to queue
[2023-09-25T02:33:13.084+0800] {logging_mixin.py:151} INFO - [2023-09-25T02:33:13.084+0800] {dagbag.py:539} INFO - Filling up the DagBag from /opt/homebrew/lib/python3.11/site-packages/airflow/example_dags/example_branch_labels.py
[2023-09-25T02:33:13.101+0800] {processor.py:839} INFO - DAG(s) dict_keys(['example_branch_labels']) retrieved from /opt/homebrew/lib/python3.11/site-packages/airflow/example_dags/example_branch_labels.py
[2023-09-25T02:33:13.200+0800] {logging_mixin.py:151} INFO - [2023-09-25T02:33:13.200+0800] {dag.py:2915} INFO - Sync 1 DAGs
[2023-09-25T02:33:13.209+0800] {logging_mixin.py:151} INFO - [2023-09-25T02:33:13.209+0800] {dag.py:3696} INFO - Setting next_dagrun for example_branch_labels to 2023-09-23T00:00:00+00:00, run_after=2023-09-24T00:00:00+00:00
[2023-09-25T02:33:13.220+0800] {processor.py:179} INFO - Processing /opt/homebrew/lib/python3.11/site-packages/airflow/example_dags/example_branch_labels.py took 0.137 seconds
[2023-09-25T05:50:36.559+0800] {processor.py:157} INFO - Started process (PID=82522) to work on /opt/homebrew/lib/python3.11/site-packages/airflow/example_dags/example_branch_labels.py
[2023-09-25T05:50:36.560+0800] {processor.py:829} INFO - Processing file /opt/homebrew/lib/python3.11/site-packages/airflow/example_dags/example_branch_labels.py for tasks to queue
[2023-09-25T05:50:36.560+0800] {logging_mixin.py:151} INFO - [2023-09-25T05:50:36.560+0800] {dagbag.py:539} INFO - Filling up the DagBag from /opt/homebrew/lib/python3.11/site-packages/airflow/example_dags/example_branch_labels.py
[2023-09-25T05:50:36.576+0800] {processor.py:839} INFO - DAG(s) dict_keys(['example_branch_labels']) retrieved from /opt/homebrew/lib/python3.11/site-packages/airflow/example_dags/example_branch_labels.py
[2023-09-25T05:50:36.672+0800] {logging_mixin.py:151} INFO - [2023-09-25T05:50:36.671+0800] {dag.py:2915} INFO - Sync 1 DAGs
[2023-09-25T05:50:36.681+0800] {logging_mixin.py:151} INFO - [2023-09-25T05:50:36.680+0800] {dag.py:3696} INFO - Setting next_dagrun for example_branch_labels to 2023-09-23T00:00:00+00:00, run_after=2023-09-24T00:00:00+00:00
[2023-09-25T05:50:36.691+0800] {processor.py:179} INFO - Processing /opt/homebrew/lib/python3.11/site-packages/airflow/example_dags/example_branch_labels.py took 0.132 seconds
