[2023-09-24T10:52:51.576+0800] {processor.py:157} INFO - Started process (PID=80342) to work on /opt/homebrew/lib/python3.11/site-packages/airflow/example_dags/example_branch_day_of_week_operator.py
[2023-09-24T10:52:51.576+0800] {processor.py:829} INFO - Processing file /opt/homebrew/lib/python3.11/site-packages/airflow/example_dags/example_branch_day_of_week_operator.py for tasks to queue
[2023-09-24T10:52:51.577+0800] {logging_mixin.py:151} INFO - [2023-09-24T10:52:51.576+0800] {dagbag.py:539} INFO - Filling up the DagBag from /opt/homebrew/lib/python3.11/site-packages/airflow/example_dags/example_branch_day_of_week_operator.py
[2023-09-24T10:52:51.593+0800] {processor.py:839} INFO - DAG(s) dict_keys(['example_weekday_branch_operator']) retrieved from /opt/homebrew/lib/python3.11/site-packages/airflow/example_dags/example_branch_day_of_week_operator.py
[2023-09-24T10:52:51.688+0800] {logging_mixin.py:151} INFO - [2023-09-24T10:52:51.688+0800] {dag.py:2915} INFO - Sync 1 DAGs
[2023-09-24T10:52:51.697+0800] {logging_mixin.py:151} INFO - [2023-09-24T10:52:51.697+0800] {dag.py:3696} INFO - Setting next_dagrun for example_weekday_branch_operator to 2023-09-23T00:00:00+00:00, run_after=2023-09-24T00:00:00+00:00
[2023-09-24T10:52:51.708+0800] {processor.py:179} INFO - Processing /opt/homebrew/lib/python3.11/site-packages/airflow/example_dags/example_branch_day_of_week_operator.py took 0.132 seconds
[2023-09-24T17:27:38.713+0800] {processor.py:157} INFO - Started process (PID=81251) to work on /opt/homebrew/lib/python3.11/site-packages/airflow/example_dags/example_branch_day_of_week_operator.py
[2023-09-24T17:27:38.714+0800] {processor.py:829} INFO - Processing file /opt/homebrew/lib/python3.11/site-packages/airflow/example_dags/example_branch_day_of_week_operator.py for tasks to queue
[2023-09-24T17:27:38.714+0800] {logging_mixin.py:151} INFO - [2023-09-24T17:27:38.714+0800] {dagbag.py:539} INFO - Filling up the DagBag from /opt/homebrew/lib/python3.11/site-packages/airflow/example_dags/example_branch_day_of_week_operator.py
[2023-09-24T17:27:38.731+0800] {processor.py:839} INFO - DAG(s) dict_keys(['example_weekday_branch_operator']) retrieved from /opt/homebrew/lib/python3.11/site-packages/airflow/example_dags/example_branch_day_of_week_operator.py
[2023-09-24T17:27:38.826+0800] {logging_mixin.py:151} INFO - [2023-09-24T17:27:38.826+0800] {dag.py:2915} INFO - Sync 1 DAGs
[2023-09-24T17:27:38.835+0800] {logging_mixin.py:151} INFO - [2023-09-24T17:27:38.835+0800] {dag.py:3696} INFO - Setting next_dagrun for example_weekday_branch_operator to 2023-09-23T00:00:00+00:00, run_after=2023-09-24T00:00:00+00:00
[2023-09-24T17:27:38.846+0800] {processor.py:179} INFO - Processing /opt/homebrew/lib/python3.11/site-packages/airflow/example_dags/example_branch_day_of_week_operator.py took 0.133 seconds
[2023-09-24T23:13:56.383+0800] {processor.py:157} INFO - Started process (PID=81871) to work on /opt/homebrew/lib/python3.11/site-packages/airflow/example_dags/example_branch_day_of_week_operator.py
[2023-09-24T23:13:56.384+0800] {processor.py:829} INFO - Processing file /opt/homebrew/lib/python3.11/site-packages/airflow/example_dags/example_branch_day_of_week_operator.py for tasks to queue
[2023-09-24T23:13:56.385+0800] {logging_mixin.py:151} INFO - [2023-09-24T23:13:56.385+0800] {dagbag.py:539} INFO - Filling up the DagBag from /opt/homebrew/lib/python3.11/site-packages/airflow/example_dags/example_branch_day_of_week_operator.py
[2023-09-24T23:13:56.402+0800] {processor.py:839} INFO - DAG(s) dict_keys(['example_weekday_branch_operator']) retrieved from /opt/homebrew/lib/python3.11/site-packages/airflow/example_dags/example_branch_day_of_week_operator.py
[2023-09-24T23:13:56.496+0800] {logging_mixin.py:151} INFO - [2023-09-24T23:13:56.496+0800] {dag.py:2915} INFO - Sync 1 DAGs
[2023-09-24T23:13:56.506+0800] {logging_mixin.py:151} INFO - [2023-09-24T23:13:56.505+0800] {dag.py:3696} INFO - Setting next_dagrun for example_weekday_branch_operator to 2023-09-23T00:00:00+00:00, run_after=2023-09-24T00:00:00+00:00
[2023-09-24T23:13:56.516+0800] {processor.py:179} INFO - Processing /opt/homebrew/lib/python3.11/site-packages/airflow/example_dags/example_branch_day_of_week_operator.py took 0.133 seconds
[2023-09-25T02:33:14.984+0800] {processor.py:157} INFO - Started process (PID=82206) to work on /opt/homebrew/lib/python3.11/site-packages/airflow/example_dags/example_branch_day_of_week_operator.py
[2023-09-25T02:33:14.985+0800] {processor.py:829} INFO - Processing file /opt/homebrew/lib/python3.11/site-packages/airflow/example_dags/example_branch_day_of_week_operator.py for tasks to queue
[2023-09-25T02:33:14.985+0800] {logging_mixin.py:151} INFO - [2023-09-25T02:33:14.985+0800] {dagbag.py:539} INFO - Filling up the DagBag from /opt/homebrew/lib/python3.11/site-packages/airflow/example_dags/example_branch_day_of_week_operator.py
[2023-09-25T02:33:15.002+0800] {processor.py:839} INFO - DAG(s) dict_keys(['example_weekday_branch_operator']) retrieved from /opt/homebrew/lib/python3.11/site-packages/airflow/example_dags/example_branch_day_of_week_operator.py
[2023-09-25T02:33:15.098+0800] {logging_mixin.py:151} INFO - [2023-09-25T02:33:15.097+0800] {dag.py:2915} INFO - Sync 1 DAGs
[2023-09-25T02:33:15.107+0800] {logging_mixin.py:151} INFO - [2023-09-25T02:33:15.107+0800] {dag.py:3696} INFO - Setting next_dagrun for example_weekday_branch_operator to 2023-09-23T00:00:00+00:00, run_after=2023-09-24T00:00:00+00:00
[2023-09-25T02:33:15.117+0800] {processor.py:179} INFO - Processing /opt/homebrew/lib/python3.11/site-packages/airflow/example_dags/example_branch_day_of_week_operator.py took 0.134 seconds
[2023-09-25T05:50:38.147+0800] {processor.py:157} INFO - Started process (PID=82535) to work on /opt/homebrew/lib/python3.11/site-packages/airflow/example_dags/example_branch_day_of_week_operator.py
[2023-09-25T05:50:38.147+0800] {processor.py:829} INFO - Processing file /opt/homebrew/lib/python3.11/site-packages/airflow/example_dags/example_branch_day_of_week_operator.py for tasks to queue
[2023-09-25T05:50:38.147+0800] {logging_mixin.py:151} INFO - [2023-09-25T05:50:38.147+0800] {dagbag.py:539} INFO - Filling up the DagBag from /opt/homebrew/lib/python3.11/site-packages/airflow/example_dags/example_branch_day_of_week_operator.py
[2023-09-25T05:50:38.165+0800] {processor.py:839} INFO - DAG(s) dict_keys(['example_weekday_branch_operator']) retrieved from /opt/homebrew/lib/python3.11/site-packages/airflow/example_dags/example_branch_day_of_week_operator.py
[2023-09-25T05:50:38.260+0800] {logging_mixin.py:151} INFO - [2023-09-25T05:50:38.260+0800] {dag.py:2915} INFO - Sync 1 DAGs
[2023-09-25T05:50:38.269+0800] {logging_mixin.py:151} INFO - [2023-09-25T05:50:38.269+0800] {dag.py:3696} INFO - Setting next_dagrun for example_weekday_branch_operator to 2023-09-23T00:00:00+00:00, run_after=2023-09-24T00:00:00+00:00
[2023-09-25T05:50:38.280+0800] {processor.py:179} INFO - Processing /opt/homebrew/lib/python3.11/site-packages/airflow/example_dags/example_branch_day_of_week_operator.py took 0.134 seconds
