[2023-09-24T10:01:40.790+0800] {processor.py:157} INFO - Started process (PID=80229) to work on /opt/homebrew/lib/python3.11/site-packages/airflow/example_dags/example_params_trigger_ui.py
[2023-09-24T10:01:40.791+0800] {processor.py:829} INFO - Processing file /opt/homebrew/lib/python3.11/site-packages/airflow/example_dags/example_params_trigger_ui.py for tasks to queue
[2023-09-24T10:01:40.791+0800] {logging_mixin.py:151} INFO - [2023-09-24T10:01:40.791+0800] {dagbag.py:539} INFO - Filling up the DagBag from /opt/homebrew/lib/python3.11/site-packages/airflow/example_dags/example_params_trigger_ui.py
[2023-09-24T10:01:40.849+0800] {processor.py:839} INFO - DAG(s) dict_keys(['example_params_trigger_ui']) retrieved from /opt/homebrew/lib/python3.11/site-packages/airflow/example_dags/example_params_trigger_ui.py
[2023-09-24T10:01:40.930+0800] {logging_mixin.py:151} INFO - [2023-09-24T10:01:40.930+0800] {dag.py:2915} INFO - Sync 1 DAGs
[2023-09-24T10:01:40.936+0800] {logging_mixin.py:151} INFO - [2023-09-24T10:01:40.936+0800] {dag.py:3696} INFO - Setting next_dagrun for example_params_trigger_ui to None, run_after=None
[2023-09-24T10:01:40.947+0800] {processor.py:179} INFO - Processing /opt/homebrew/lib/python3.11/site-packages/airflow/example_dags/example_params_trigger_ui.py took 0.157 seconds
[2023-09-24T13:06:59.501+0800] {processor.py:157} INFO - Started process (PID=80574) to work on /opt/homebrew/lib/python3.11/site-packages/airflow/example_dags/example_params_trigger_ui.py
[2023-09-24T13:06:59.502+0800] {processor.py:829} INFO - Processing file /opt/homebrew/lib/python3.11/site-packages/airflow/example_dags/example_params_trigger_ui.py for tasks to queue
[2023-09-24T13:06:59.502+0800] {logging_mixin.py:151} INFO - [2023-09-24T13:06:59.502+0800] {dagbag.py:539} INFO - Filling up the DagBag from /opt/homebrew/lib/python3.11/site-packages/airflow/example_dags/example_params_trigger_ui.py
[2023-09-24T13:06:59.562+0800] {processor.py:839} INFO - DAG(s) dict_keys(['example_params_trigger_ui']) retrieved from /opt/homebrew/lib/python3.11/site-packages/airflow/example_dags/example_params_trigger_ui.py
[2023-09-24T13:06:59.646+0800] {logging_mixin.py:151} INFO - [2023-09-24T13:06:59.646+0800] {dag.py:2915} INFO - Sync 1 DAGs
[2023-09-24T13:06:59.651+0800] {logging_mixin.py:151} INFO - [2023-09-24T13:06:59.651+0800] {dag.py:3696} INFO - Setting next_dagrun for example_params_trigger_ui to None, run_after=None
[2023-09-24T13:06:59.661+0800] {processor.py:179} INFO - Processing /opt/homebrew/lib/python3.11/site-packages/airflow/example_dags/example_params_trigger_ui.py took 0.160 seconds
[2023-09-24T16:05:11.528+0800] {processor.py:157} INFO - Started process (PID=81129) to work on /opt/homebrew/lib/python3.11/site-packages/airflow/example_dags/example_params_trigger_ui.py
[2023-09-24T16:05:11.528+0800] {processor.py:829} INFO - Processing file /opt/homebrew/lib/python3.11/site-packages/airflow/example_dags/example_params_trigger_ui.py for tasks to queue
[2023-09-24T16:05:11.528+0800] {logging_mixin.py:151} INFO - [2023-09-24T16:05:11.528+0800] {dagbag.py:539} INFO - Filling up the DagBag from /opt/homebrew/lib/python3.11/site-packages/airflow/example_dags/example_params_trigger_ui.py
[2023-09-24T16:05:11.606+0800] {processor.py:839} INFO - DAG(s) dict_keys(['example_params_trigger_ui']) retrieved from /opt/homebrew/lib/python3.11/site-packages/airflow/example_dags/example_params_trigger_ui.py
[2023-09-24T16:05:11.706+0800] {logging_mixin.py:151} INFO - [2023-09-24T16:05:11.706+0800] {dag.py:2915} INFO - Sync 1 DAGs
[2023-09-24T16:05:11.711+0800] {logging_mixin.py:151} INFO - [2023-09-24T16:05:11.711+0800] {dag.py:3696} INFO - Setting next_dagrun for example_params_trigger_ui to None, run_after=None
[2023-09-24T16:05:11.722+0800] {processor.py:179} INFO - Processing /opt/homebrew/lib/python3.11/site-packages/airflow/example_dags/example_params_trigger_ui.py took 0.194 seconds
[2023-09-24T19:05:52.363+0800] {processor.py:157} INFO - Started process (PID=81501) to work on /opt/homebrew/lib/python3.11/site-packages/airflow/example_dags/example_params_trigger_ui.py
[2023-09-24T19:05:52.364+0800] {processor.py:829} INFO - Processing file /opt/homebrew/lib/python3.11/site-packages/airflow/example_dags/example_params_trigger_ui.py for tasks to queue
[2023-09-24T19:05:52.364+0800] {logging_mixin.py:151} INFO - [2023-09-24T19:05:52.364+0800] {dagbag.py:539} INFO - Filling up the DagBag from /opt/homebrew/lib/python3.11/site-packages/airflow/example_dags/example_params_trigger_ui.py
[2023-09-24T19:05:52.434+0800] {processor.py:839} INFO - DAG(s) dict_keys(['example_params_trigger_ui']) retrieved from /opt/homebrew/lib/python3.11/site-packages/airflow/example_dags/example_params_trigger_ui.py
[2023-09-24T19:05:52.524+0800] {logging_mixin.py:151} INFO - [2023-09-24T19:05:52.524+0800] {dag.py:2915} INFO - Sync 1 DAGs
[2023-09-24T19:05:52.529+0800] {logging_mixin.py:151} INFO - [2023-09-24T19:05:52.529+0800] {dag.py:3696} INFO - Setting next_dagrun for example_params_trigger_ui to None, run_after=None
[2023-09-24T19:05:52.540+0800] {processor.py:179} INFO - Processing /opt/homebrew/lib/python3.11/site-packages/airflow/example_dags/example_params_trigger_ui.py took 0.177 seconds
[2023-09-24T22:25:28.517+0800] {processor.py:157} INFO - Started process (PID=81784) to work on /opt/homebrew/lib/python3.11/site-packages/airflow/example_dags/example_params_trigger_ui.py
[2023-09-24T22:25:28.517+0800] {processor.py:829} INFO - Processing file /opt/homebrew/lib/python3.11/site-packages/airflow/example_dags/example_params_trigger_ui.py for tasks to queue
[2023-09-24T22:25:28.517+0800] {logging_mixin.py:151} INFO - [2023-09-24T22:25:28.517+0800] {dagbag.py:539} INFO - Filling up the DagBag from /opt/homebrew/lib/python3.11/site-packages/airflow/example_dags/example_params_trigger_ui.py
[2023-09-24T22:25:28.578+0800] {processor.py:839} INFO - DAG(s) dict_keys(['example_params_trigger_ui']) retrieved from /opt/homebrew/lib/python3.11/site-packages/airflow/example_dags/example_params_trigger_ui.py
[2023-09-24T22:25:28.660+0800] {logging_mixin.py:151} INFO - [2023-09-24T22:25:28.660+0800] {dag.py:2915} INFO - Sync 1 DAGs
[2023-09-24T22:25:28.665+0800] {logging_mixin.py:151} INFO - [2023-09-24T22:25:28.665+0800] {dag.py:3696} INFO - Setting next_dagrun for example_params_trigger_ui to None, run_after=None
[2023-09-24T22:25:28.675+0800] {processor.py:179} INFO - Processing /opt/homebrew/lib/python3.11/site-packages/airflow/example_dags/example_params_trigger_ui.py took 0.159 seconds
[2023-09-25T01:25:32.247+0800] {processor.py:157} INFO - Started process (PID=82103) to work on /opt/homebrew/lib/python3.11/site-packages/airflow/example_dags/example_params_trigger_ui.py
[2023-09-25T01:25:32.249+0800] {processor.py:829} INFO - Processing file /opt/homebrew/lib/python3.11/site-packages/airflow/example_dags/example_params_trigger_ui.py for tasks to queue
[2023-09-25T01:25:32.249+0800] {logging_mixin.py:151} INFO - [2023-09-25T01:25:32.249+0800] {dagbag.py:539} INFO - Filling up the DagBag from /opt/homebrew/lib/python3.11/site-packages/airflow/example_dags/example_params_trigger_ui.py
[2023-09-25T01:25:32.307+0800] {processor.py:839} INFO - DAG(s) dict_keys(['example_params_trigger_ui']) retrieved from /opt/homebrew/lib/python3.11/site-packages/airflow/example_dags/example_params_trigger_ui.py
[2023-09-25T01:25:32.388+0800] {logging_mixin.py:151} INFO - [2023-09-25T01:25:32.388+0800] {dag.py:2915} INFO - Sync 1 DAGs
[2023-09-25T01:25:32.393+0800] {logging_mixin.py:151} INFO - [2023-09-25T01:25:32.393+0800] {dag.py:3696} INFO - Setting next_dagrun for example_params_trigger_ui to None, run_after=None
[2023-09-25T01:25:32.403+0800] {processor.py:179} INFO - Processing /opt/homebrew/lib/python3.11/site-packages/airflow/example_dags/example_params_trigger_ui.py took 0.157 seconds
[2023-09-25T04:43:09.825+0800] {processor.py:157} INFO - Started process (PID=82417) to work on /opt/homebrew/lib/python3.11/site-packages/airflow/example_dags/example_params_trigger_ui.py
[2023-09-25T04:43:09.825+0800] {processor.py:829} INFO - Processing file /opt/homebrew/lib/python3.11/site-packages/airflow/example_dags/example_params_trigger_ui.py for tasks to queue
[2023-09-25T04:43:09.826+0800] {logging_mixin.py:151} INFO - [2023-09-25T04:43:09.825+0800] {dagbag.py:539} INFO - Filling up the DagBag from /opt/homebrew/lib/python3.11/site-packages/airflow/example_dags/example_params_trigger_ui.py
[2023-09-25T04:43:09.884+0800] {processor.py:839} INFO - DAG(s) dict_keys(['example_params_trigger_ui']) retrieved from /opt/homebrew/lib/python3.11/site-packages/airflow/example_dags/example_params_trigger_ui.py
[2023-09-25T04:43:09.965+0800] {logging_mixin.py:151} INFO - [2023-09-25T04:43:09.965+0800] {dag.py:2915} INFO - Sync 1 DAGs
[2023-09-25T04:43:09.969+0800] {logging_mixin.py:151} INFO - [2023-09-25T04:43:09.969+0800] {dag.py:3696} INFO - Setting next_dagrun for example_params_trigger_ui to None, run_after=None
[2023-09-25T04:43:09.980+0800] {processor.py:179} INFO - Processing /opt/homebrew/lib/python3.11/site-packages/airflow/example_dags/example_params_trigger_ui.py took 0.155 seconds
