[2023-09-24T08:15:27.430+0800] {processor.py:157} INFO - Started process (PID=80022) to work on /opt/homebrew/lib/python3.11/site-packages/airflow/example_dags/example_branch_datetime_operator.py
[2023-09-24T08:15:27.430+0800] {processor.py:829} INFO - Processing file /opt/homebrew/lib/python3.11/site-packages/airflow/example_dags/example_branch_datetime_operator.py for tasks to queue
[2023-09-24T08:15:27.431+0800] {logging_mixin.py:151} INFO - [2023-09-24T08:15:27.430+0800] {dagbag.py:539} INFO - Filling up the DagBag from /opt/homebrew/lib/python3.11/site-packages/airflow/example_dags/example_branch_datetime_operator.py
[2023-09-24T08:15:27.449+0800] {processor.py:839} INFO - DAG(s) dict_keys(['example_branch_datetime_operator_3', 'example_branch_datetime_operator', 'example_branch_datetime_operator_2']) retrieved from /opt/homebrew/lib/python3.11/site-packages/airflow/example_dags/example_branch_datetime_operator.py
[2023-09-24T08:15:27.547+0800] {logging_mixin.py:151} INFO - [2023-09-24T08:15:27.546+0800] {dag.py:2915} INFO - Sync 3 DAGs
[2023-09-24T08:15:27.556+0800] {logging_mixin.py:151} INFO - [2023-09-24T08:15:27.556+0800] {dag.py:3696} INFO - Setting next_dagrun for example_branch_datetime_operator to 2023-09-23T00:00:00+00:00, run_after=2023-09-24T00:00:00+00:00
[2023-09-24T08:15:27.558+0800] {logging_mixin.py:151} INFO - [2023-09-24T08:15:27.558+0800] {dag.py:3696} INFO - Setting next_dagrun for example_branch_datetime_operator_2 to 2023-09-23T00:00:00+00:00, run_after=2023-09-24T00:00:00+00:00
[2023-09-24T08:15:27.559+0800] {logging_mixin.py:151} INFO - [2023-09-24T08:15:27.559+0800] {dag.py:3696} INFO - Setting next_dagrun for example_branch_datetime_operator_3 to 2023-09-23T00:00:00+00:00, run_after=2023-09-24T00:00:00+00:00
[2023-09-24T08:15:27.570+0800] {processor.py:179} INFO - Processing /opt/homebrew/lib/python3.11/site-packages/airflow/example_dags/example_branch_datetime_operator.py took 0.140 seconds
[2023-09-24T14:10:25.813+0800] {processor.py:157} INFO - Started process (PID=80934) to work on /opt/homebrew/lib/python3.11/site-packages/airflow/example_dags/example_branch_datetime_operator.py
[2023-09-24T14:10:25.814+0800] {processor.py:829} INFO - Processing file /opt/homebrew/lib/python3.11/site-packages/airflow/example_dags/example_branch_datetime_operator.py for tasks to queue
[2023-09-24T14:10:25.814+0800] {logging_mixin.py:151} INFO - [2023-09-24T14:10:25.814+0800] {dagbag.py:539} INFO - Filling up the DagBag from /opt/homebrew/lib/python3.11/site-packages/airflow/example_dags/example_branch_datetime_operator.py
[2023-09-24T14:10:25.832+0800] {processor.py:839} INFO - DAG(s) dict_keys(['example_branch_datetime_operator_2', 'example_branch_datetime_operator', 'example_branch_datetime_operator_3']) retrieved from /opt/homebrew/lib/python3.11/site-packages/airflow/example_dags/example_branch_datetime_operator.py
[2023-09-24T14:10:25.931+0800] {logging_mixin.py:151} INFO - [2023-09-24T14:10:25.930+0800] {dag.py:2915} INFO - Sync 3 DAGs
[2023-09-24T14:10:25.940+0800] {logging_mixin.py:151} INFO - [2023-09-24T14:10:25.940+0800] {dag.py:3696} INFO - Setting next_dagrun for example_branch_datetime_operator to 2023-09-23T00:00:00+00:00, run_after=2023-09-24T00:00:00+00:00
[2023-09-24T14:10:25.942+0800] {logging_mixin.py:151} INFO - [2023-09-24T14:10:25.942+0800] {dag.py:3696} INFO - Setting next_dagrun for example_branch_datetime_operator_2 to 2023-09-23T00:00:00+00:00, run_after=2023-09-24T00:00:00+00:00
[2023-09-24T14:10:25.943+0800] {logging_mixin.py:151} INFO - [2023-09-24T14:10:25.943+0800] {dag.py:3696} INFO - Setting next_dagrun for example_branch_datetime_operator_3 to 2023-09-23T00:00:00+00:00, run_after=2023-09-24T00:00:00+00:00
[2023-09-24T14:10:25.953+0800] {processor.py:179} INFO - Processing /opt/homebrew/lib/python3.11/site-packages/airflow/example_dags/example_branch_datetime_operator.py took 0.140 seconds
[2023-09-24T20:13:48.150+0800] {processor.py:157} INFO - Started process (PID=81598) to work on /opt/homebrew/lib/python3.11/site-packages/airflow/example_dags/example_branch_datetime_operator.py
[2023-09-24T20:13:48.151+0800] {processor.py:829} INFO - Processing file /opt/homebrew/lib/python3.11/site-packages/airflow/example_dags/example_branch_datetime_operator.py for tasks to queue
[2023-09-24T20:13:48.152+0800] {logging_mixin.py:151} INFO - [2023-09-24T20:13:48.152+0800] {dagbag.py:539} INFO - Filling up the DagBag from /opt/homebrew/lib/python3.11/site-packages/airflow/example_dags/example_branch_datetime_operator.py
[2023-09-24T20:13:48.170+0800] {processor.py:839} INFO - DAG(s) dict_keys(['example_branch_datetime_operator_2', 'example_branch_datetime_operator_3', 'example_branch_datetime_operator']) retrieved from /opt/homebrew/lib/python3.11/site-packages/airflow/example_dags/example_branch_datetime_operator.py
[2023-09-24T20:13:48.267+0800] {logging_mixin.py:151} INFO - [2023-09-24T20:13:48.267+0800] {dag.py:2915} INFO - Sync 3 DAGs
[2023-09-24T20:13:48.276+0800] {logging_mixin.py:151} INFO - [2023-09-24T20:13:48.276+0800] {dag.py:3696} INFO - Setting next_dagrun for example_branch_datetime_operator to 2023-09-23T00:00:00+00:00, run_after=2023-09-24T00:00:00+00:00
[2023-09-24T20:13:48.278+0800] {logging_mixin.py:151} INFO - [2023-09-24T20:13:48.278+0800] {dag.py:3696} INFO - Setting next_dagrun for example_branch_datetime_operator_2 to 2023-09-23T00:00:00+00:00, run_after=2023-09-24T00:00:00+00:00
[2023-09-24T20:13:48.279+0800] {logging_mixin.py:151} INFO - [2023-09-24T20:13:48.279+0800] {dag.py:3696} INFO - Setting next_dagrun for example_branch_datetime_operator_3 to 2023-09-23T00:00:00+00:00, run_after=2023-09-24T00:00:00+00:00
[2023-09-24T20:13:48.289+0800] {processor.py:179} INFO - Processing /opt/homebrew/lib/python3.11/site-packages/airflow/example_dags/example_branch_datetime_operator.py took 0.139 seconds
[2023-09-25T02:49:17.210+0800] {processor.py:157} INFO - Started process (PID=82211) to work on /opt/homebrew/lib/python3.11/site-packages/airflow/example_dags/example_branch_datetime_operator.py
[2023-09-25T02:49:17.211+0800] {processor.py:829} INFO - Processing file /opt/homebrew/lib/python3.11/site-packages/airflow/example_dags/example_branch_datetime_operator.py for tasks to queue
[2023-09-25T02:49:17.211+0800] {logging_mixin.py:151} INFO - [2023-09-25T02:49:17.211+0800] {dagbag.py:539} INFO - Filling up the DagBag from /opt/homebrew/lib/python3.11/site-packages/airflow/example_dags/example_branch_datetime_operator.py
[2023-09-25T02:49:17.229+0800] {processor.py:839} INFO - DAG(s) dict_keys(['example_branch_datetime_operator_2', 'example_branch_datetime_operator', 'example_branch_datetime_operator_3']) retrieved from /opt/homebrew/lib/python3.11/site-packages/airflow/example_dags/example_branch_datetime_operator.py
[2023-09-25T02:49:17.328+0800] {logging_mixin.py:151} INFO - [2023-09-25T02:49:17.327+0800] {dag.py:2915} INFO - Sync 3 DAGs
[2023-09-25T02:49:17.337+0800] {logging_mixin.py:151} INFO - [2023-09-25T02:49:17.337+0800] {dag.py:3696} INFO - Setting next_dagrun for example_branch_datetime_operator to 2023-09-23T00:00:00+00:00, run_after=2023-09-24T00:00:00+00:00
[2023-09-25T02:49:17.339+0800] {logging_mixin.py:151} INFO - [2023-09-25T02:49:17.339+0800] {dag.py:3696} INFO - Setting next_dagrun for example_branch_datetime_operator_2 to 2023-09-23T00:00:00+00:00, run_after=2023-09-24T00:00:00+00:00
[2023-09-25T02:49:17.340+0800] {logging_mixin.py:151} INFO - [2023-09-25T02:49:17.340+0800] {dag.py:3696} INFO - Setting next_dagrun for example_branch_datetime_operator_3 to 2023-09-23T00:00:00+00:00, run_after=2023-09-24T00:00:00+00:00
[2023-09-25T02:49:17.350+0800] {processor.py:179} INFO - Processing /opt/homebrew/lib/python3.11/site-packages/airflow/example_dags/example_branch_datetime_operator.py took 0.141 seconds
