[2023-09-24T09:44:07.655+0800] {processor.py:157} INFO - Started process (PID=80223) to work on /opt/homebrew/lib/python3.11/site-packages/airflow/example_dags/example_params_ui_tutorial.py
[2023-09-24T09:44:07.656+0800] {processor.py:829} INFO - Processing file /opt/homebrew/lib/python3.11/site-packages/airflow/example_dags/example_params_ui_tutorial.py for tasks to queue
[2023-09-24T09:44:07.656+0800] {logging_mixin.py:151} INFO - [2023-09-24T09:44:07.656+0800] {dagbag.py:539} INFO - Filling up the DagBag from /opt/homebrew/lib/python3.11/site-packages/airflow/example_dags/example_params_ui_tutorial.py
[2023-09-24T09:44:07.720+0800] {processor.py:839} INFO - DAG(s) dict_keys(['example_params_ui_tutorial']) retrieved from /opt/homebrew/lib/python3.11/site-packages/airflow/example_dags/example_params_ui_tutorial.py
[2023-09-24T09:44:07.802+0800] {logging_mixin.py:151} INFO - [2023-09-24T09:44:07.802+0800] {dag.py:2915} INFO - Sync 1 DAGs
[2023-09-24T09:44:07.807+0800] {logging_mixin.py:151} INFO - [2023-09-24T09:44:07.807+0800] {dag.py:3696} INFO - Setting next_dagrun for example_params_ui_tutorial to None, run_after=None
[2023-09-24T09:44:07.818+0800] {processor.py:179} INFO - Processing /opt/homebrew/lib/python3.11/site-packages/airflow/example_dags/example_params_ui_tutorial.py took 0.163 seconds
[2023-09-24T12:51:04.092+0800] {processor.py:157} INFO - Started process (PID=80548) to work on /opt/homebrew/lib/python3.11/site-packages/airflow/example_dags/example_params_ui_tutorial.py
[2023-09-24T12:51:04.092+0800] {processor.py:829} INFO - Processing file /opt/homebrew/lib/python3.11/site-packages/airflow/example_dags/example_params_ui_tutorial.py for tasks to queue
[2023-09-24T12:51:04.093+0800] {logging_mixin.py:151} INFO - [2023-09-24T12:51:04.092+0800] {dagbag.py:539} INFO - Filling up the DagBag from /opt/homebrew/lib/python3.11/site-packages/airflow/example_dags/example_params_ui_tutorial.py
[2023-09-24T12:51:04.155+0800] {processor.py:839} INFO - DAG(s) dict_keys(['example_params_ui_tutorial']) retrieved from /opt/homebrew/lib/python3.11/site-packages/airflow/example_dags/example_params_ui_tutorial.py
[2023-09-24T12:51:04.240+0800] {logging_mixin.py:151} INFO - [2023-09-24T12:51:04.239+0800] {dag.py:2915} INFO - Sync 1 DAGs
[2023-09-24T12:51:04.245+0800] {logging_mixin.py:151} INFO - [2023-09-24T12:51:04.245+0800] {dag.py:3696} INFO - Setting next_dagrun for example_params_ui_tutorial to None, run_after=None
[2023-09-24T12:51:04.256+0800] {processor.py:179} INFO - Processing /opt/homebrew/lib/python3.11/site-packages/airflow/example_dags/example_params_ui_tutorial.py took 0.164 seconds
[2023-09-24T16:05:09.139+0800] {processor.py:157} INFO - Started process (PID=81126) to work on /opt/homebrew/lib/python3.11/site-packages/airflow/example_dags/example_params_ui_tutorial.py
[2023-09-24T16:05:09.140+0800] {processor.py:829} INFO - Processing file /opt/homebrew/lib/python3.11/site-packages/airflow/example_dags/example_params_ui_tutorial.py for tasks to queue
[2023-09-24T16:05:09.140+0800] {logging_mixin.py:151} INFO - [2023-09-24T16:05:09.140+0800] {dagbag.py:539} INFO - Filling up the DagBag from /opt/homebrew/lib/python3.11/site-packages/airflow/example_dags/example_params_ui_tutorial.py
[2023-09-24T16:05:09.203+0800] {processor.py:839} INFO - DAG(s) dict_keys(['example_params_ui_tutorial']) retrieved from /opt/homebrew/lib/python3.11/site-packages/airflow/example_dags/example_params_ui_tutorial.py
[2023-09-24T16:05:09.672+0800] {logging_mixin.py:151} INFO - [2023-09-24T16:05:09.672+0800] {security.py:708} INFO - Not syncing DAG-level permissions for DAG 'DAG:example_params_ui_tutorial' as access control is unset.
[2023-09-24T16:05:09.672+0800] {logging_mixin.py:151} INFO - [2023-09-24T16:05:09.672+0800] {dag.py:2915} INFO - Sync 1 DAGs
[2023-09-24T16:05:09.677+0800] {logging_mixin.py:151} INFO - [2023-09-24T16:05:09.677+0800] {dag.py:3696} INFO - Setting next_dagrun for example_params_ui_tutorial to None, run_after=None
[2023-09-24T16:05:09.688+0800] {processor.py:179} INFO - Processing /opt/homebrew/lib/python3.11/site-packages/airflow/example_dags/example_params_ui_tutorial.py took 0.549 seconds
[2023-09-24T19:05:51.312+0800] {processor.py:157} INFO - Started process (PID=81499) to work on /opt/homebrew/lib/python3.11/site-packages/airflow/example_dags/example_params_ui_tutorial.py
[2023-09-24T19:05:51.312+0800] {processor.py:829} INFO - Processing file /opt/homebrew/lib/python3.11/site-packages/airflow/example_dags/example_params_ui_tutorial.py for tasks to queue
[2023-09-24T19:05:51.312+0800] {logging_mixin.py:151} INFO - [2023-09-24T19:05:51.312+0800] {dagbag.py:539} INFO - Filling up the DagBag from /opt/homebrew/lib/python3.11/site-packages/airflow/example_dags/example_params_ui_tutorial.py
[2023-09-24T19:05:51.389+0800] {processor.py:839} INFO - DAG(s) dict_keys(['example_params_ui_tutorial']) retrieved from /opt/homebrew/lib/python3.11/site-packages/airflow/example_dags/example_params_ui_tutorial.py
[2023-09-24T19:05:51.483+0800] {logging_mixin.py:151} INFO - [2023-09-24T19:05:51.482+0800] {dag.py:2915} INFO - Sync 1 DAGs
[2023-09-24T19:05:51.488+0800] {logging_mixin.py:151} INFO - [2023-09-24T19:05:51.488+0800] {dag.py:3696} INFO - Setting next_dagrun for example_params_ui_tutorial to None, run_after=None
[2023-09-24T19:05:51.498+0800] {processor.py:179} INFO - Processing /opt/homebrew/lib/python3.11/site-packages/airflow/example_dags/example_params_ui_tutorial.py took 0.187 seconds
[2023-09-24T22:08:35.641+0800] {processor.py:157} INFO - Started process (PID=81773) to work on /opt/homebrew/lib/python3.11/site-packages/airflow/example_dags/example_params_ui_tutorial.py
[2023-09-24T22:08:35.642+0800] {processor.py:829} INFO - Processing file /opt/homebrew/lib/python3.11/site-packages/airflow/example_dags/example_params_ui_tutorial.py for tasks to queue
[2023-09-24T22:08:35.642+0800] {logging_mixin.py:151} INFO - [2023-09-24T22:08:35.642+0800] {dagbag.py:539} INFO - Filling up the DagBag from /opt/homebrew/lib/python3.11/site-packages/airflow/example_dags/example_params_ui_tutorial.py
[2023-09-24T22:08:35.706+0800] {processor.py:839} INFO - DAG(s) dict_keys(['example_params_ui_tutorial']) retrieved from /opt/homebrew/lib/python3.11/site-packages/airflow/example_dags/example_params_ui_tutorial.py
[2023-09-24T22:08:35.788+0800] {logging_mixin.py:151} INFO - [2023-09-24T22:08:35.788+0800] {dag.py:2915} INFO - Sync 1 DAGs
[2023-09-24T22:08:35.793+0800] {logging_mixin.py:151} INFO - [2023-09-24T22:08:35.793+0800] {dag.py:3696} INFO - Setting next_dagrun for example_params_ui_tutorial to None, run_after=None
[2023-09-24T22:08:35.803+0800] {processor.py:179} INFO - Processing /opt/homebrew/lib/python3.11/site-packages/airflow/example_dags/example_params_ui_tutorial.py took 0.162 seconds
[2023-09-25T01:25:29.416+0800] {processor.py:157} INFO - Started process (PID=82089) to work on /opt/homebrew/lib/python3.11/site-packages/airflow/example_dags/example_params_ui_tutorial.py
[2023-09-25T01:25:29.438+0800] {processor.py:829} INFO - Processing file /opt/homebrew/lib/python3.11/site-packages/airflow/example_dags/example_params_ui_tutorial.py for tasks to queue
[2023-09-25T01:25:29.438+0800] {logging_mixin.py:151} INFO - [2023-09-25T01:25:29.438+0800] {dagbag.py:539} INFO - Filling up the DagBag from /opt/homebrew/lib/python3.11/site-packages/airflow/example_dags/example_params_ui_tutorial.py
[2023-09-25T01:25:29.603+0800] {processor.py:839} INFO - DAG(s) dict_keys(['example_params_ui_tutorial']) retrieved from /opt/homebrew/lib/python3.11/site-packages/airflow/example_dags/example_params_ui_tutorial.py
[2023-09-25T01:25:30.359+0800] {logging_mixin.py:151} INFO - [2023-09-25T01:25:30.359+0800] {security.py:708} INFO - Not syncing DAG-level permissions for DAG 'DAG:example_params_ui_tutorial' as access control is unset.
[2023-09-25T01:25:30.359+0800] {logging_mixin.py:151} INFO - [2023-09-25T01:25:30.359+0800] {dag.py:2915} INFO - Sync 1 DAGs
[2023-09-25T01:25:30.365+0800] {logging_mixin.py:151} INFO - [2023-09-25T01:25:30.365+0800] {dag.py:3696} INFO - Setting next_dagrun for example_params_ui_tutorial to None, run_after=None
[2023-09-25T01:25:30.378+0800] {processor.py:179} INFO - Processing /opt/homebrew/lib/python3.11/site-packages/airflow/example_dags/example_params_ui_tutorial.py took 0.963 seconds
[2023-09-25T04:26:50.839+0800] {processor.py:157} INFO - Started process (PID=82406) to work on /opt/homebrew/lib/python3.11/site-packages/airflow/example_dags/example_params_ui_tutorial.py
[2023-09-25T04:26:50.839+0800] {processor.py:829} INFO - Processing file /opt/homebrew/lib/python3.11/site-packages/airflow/example_dags/example_params_ui_tutorial.py for tasks to queue
[2023-09-25T04:26:50.840+0800] {logging_mixin.py:151} INFO - [2023-09-25T04:26:50.840+0800] {dagbag.py:539} INFO - Filling up the DagBag from /opt/homebrew/lib/python3.11/site-packages/airflow/example_dags/example_params_ui_tutorial.py
[2023-09-25T04:26:50.902+0800] {processor.py:839} INFO - DAG(s) dict_keys(['example_params_ui_tutorial']) retrieved from /opt/homebrew/lib/python3.11/site-packages/airflow/example_dags/example_params_ui_tutorial.py
[2023-09-25T04:26:50.985+0800] {logging_mixin.py:151} INFO - [2023-09-25T04:26:50.984+0800] {dag.py:2915} INFO - Sync 1 DAGs
[2023-09-25T04:26:50.989+0800] {logging_mixin.py:151} INFO - [2023-09-25T04:26:50.989+0800] {dag.py:3696} INFO - Setting next_dagrun for example_params_ui_tutorial to None, run_after=None
[2023-09-25T04:26:50.999+0800] {processor.py:179} INFO - Processing /opt/homebrew/lib/python3.11/site-packages/airflow/example_dags/example_params_ui_tutorial.py took 0.161 seconds
