[2023-09-24T10:17:48.769+0800] {processor.py:157} INFO - Started process (PID=80272) to work on /opt/homebrew/lib/python3.11/site-packages/airflow/example_dags/example_kubernetes_executor.py
[2023-09-24T10:17:48.769+0800] {processor.py:829} INFO - Processing file /opt/homebrew/lib/python3.11/site-packages/airflow/example_dags/example_kubernetes_executor.py for tasks to queue
[2023-09-24T10:17:48.769+0800] {logging_mixin.py:151} INFO - [2023-09-24T10:17:48.769+0800] {dagbag.py:539} INFO - Filling up the DagBag from /opt/homebrew/lib/python3.11/site-packages/airflow/example_dags/example_kubernetes_executor.py
[2023-09-24T10:17:48.797+0800] {logging_mixin.py:151} INFO - [2023-09-24T10:17:48.796+0800] {example_kubernetes_executor.py:38} WARNING - The example_kubernetes_executor example DAG requires the kubernetes provider. Please install it with: pip install apache-airflow[cncf.kubernetes]
[2023-09-24T10:17:48.797+0800] {processor.py:841} WARNING - No viable dags retrieved from /opt/homebrew/lib/python3.11/site-packages/airflow/example_dags/example_kubernetes_executor.py
[2023-09-24T10:17:48.853+0800] {processor.py:179} INFO - Processing /opt/homebrew/lib/python3.11/site-packages/airflow/example_dags/example_kubernetes_executor.py took 0.084 seconds
[2023-09-24T13:22:42.386+0800] {processor.py:157} INFO - Started process (PID=80697) to work on /opt/homebrew/lib/python3.11/site-packages/airflow/example_dags/example_kubernetes_executor.py
[2023-09-24T13:22:42.387+0800] {processor.py:829} INFO - Processing file /opt/homebrew/lib/python3.11/site-packages/airflow/example_dags/example_kubernetes_executor.py for tasks to queue
[2023-09-24T13:22:42.387+0800] {logging_mixin.py:151} INFO - [2023-09-24T13:22:42.387+0800] {dagbag.py:539} INFO - Filling up the DagBag from /opt/homebrew/lib/python3.11/site-packages/airflow/example_dags/example_kubernetes_executor.py
[2023-09-24T13:22:42.416+0800] {logging_mixin.py:151} INFO - [2023-09-24T13:22:42.416+0800] {example_kubernetes_executor.py:38} WARNING - The example_kubernetes_executor example DAG requires the kubernetes provider. Please install it with: pip install apache-airflow[cncf.kubernetes]
[2023-09-24T13:22:42.416+0800] {processor.py:841} WARNING - No viable dags retrieved from /opt/homebrew/lib/python3.11/site-packages/airflow/example_dags/example_kubernetes_executor.py
[2023-09-24T13:22:42.474+0800] {processor.py:179} INFO - Processing /opt/homebrew/lib/python3.11/site-packages/airflow/example_dags/example_kubernetes_executor.py took 0.088 seconds
[2023-09-24T16:37:17.292+0800] {processor.py:157} INFO - Started process (PID=81158) to work on /opt/homebrew/lib/python3.11/site-packages/airflow/example_dags/example_kubernetes_executor.py
[2023-09-24T16:37:17.293+0800] {processor.py:829} INFO - Processing file /opt/homebrew/lib/python3.11/site-packages/airflow/example_dags/example_kubernetes_executor.py for tasks to queue
[2023-09-24T16:37:17.293+0800] {logging_mixin.py:151} INFO - [2023-09-24T16:37:17.293+0800] {dagbag.py:539} INFO - Filling up the DagBag from /opt/homebrew/lib/python3.11/site-packages/airflow/example_dags/example_kubernetes_executor.py
[2023-09-24T16:37:17.321+0800] {logging_mixin.py:151} INFO - [2023-09-24T16:37:17.320+0800] {example_kubernetes_executor.py:38} WARNING - The example_kubernetes_executor example DAG requires the kubernetes provider. Please install it with: pip install apache-airflow[cncf.kubernetes]
[2023-09-24T16:37:17.321+0800] {processor.py:841} WARNING - No viable dags retrieved from /opt/homebrew/lib/python3.11/site-packages/airflow/example_dags/example_kubernetes_executor.py
[2023-09-24T16:37:17.377+0800] {processor.py:179} INFO - Processing /opt/homebrew/lib/python3.11/site-packages/airflow/example_dags/example_kubernetes_executor.py took 0.085 seconds
[2023-09-24T19:21:46.787+0800] {processor.py:157} INFO - Started process (PID=81530) to work on /opt/homebrew/lib/python3.11/site-packages/airflow/example_dags/example_kubernetes_executor.py
[2023-09-24T19:21:46.788+0800] {processor.py:829} INFO - Processing file /opt/homebrew/lib/python3.11/site-packages/airflow/example_dags/example_kubernetes_executor.py for tasks to queue
[2023-09-24T19:21:46.789+0800] {logging_mixin.py:151} INFO - [2023-09-24T19:21:46.789+0800] {dagbag.py:539} INFO - Filling up the DagBag from /opt/homebrew/lib/python3.11/site-packages/airflow/example_dags/example_kubernetes_executor.py
[2023-09-24T19:21:46.816+0800] {logging_mixin.py:151} INFO - [2023-09-24T19:21:46.816+0800] {example_kubernetes_executor.py:38} WARNING - The example_kubernetes_executor example DAG requires the kubernetes provider. Please install it with: pip install apache-airflow[cncf.kubernetes]
[2023-09-24T19:21:46.816+0800] {processor.py:841} WARNING - No viable dags retrieved from /opt/homebrew/lib/python3.11/site-packages/airflow/example_dags/example_kubernetes_executor.py
[2023-09-24T19:21:46.872+0800] {processor.py:179} INFO - Processing /opt/homebrew/lib/python3.11/site-packages/airflow/example_dags/example_kubernetes_executor.py took 0.085 seconds
[2023-09-24T22:41:40.408+0800] {processor.py:157} INFO - Started process (PID=81819) to work on /opt/homebrew/lib/python3.11/site-packages/airflow/example_dags/example_kubernetes_executor.py
[2023-09-24T22:41:40.409+0800] {processor.py:829} INFO - Processing file /opt/homebrew/lib/python3.11/site-packages/airflow/example_dags/example_kubernetes_executor.py for tasks to queue
[2023-09-24T22:41:40.410+0800] {logging_mixin.py:151} INFO - [2023-09-24T22:41:40.410+0800] {dagbag.py:539} INFO - Filling up the DagBag from /opt/homebrew/lib/python3.11/site-packages/airflow/example_dags/example_kubernetes_executor.py
[2023-09-24T22:41:40.438+0800] {logging_mixin.py:151} INFO - [2023-09-24T22:41:40.438+0800] {example_kubernetes_executor.py:38} WARNING - The example_kubernetes_executor example DAG requires the kubernetes provider. Please install it with: pip install apache-airflow[cncf.kubernetes]
[2023-09-24T22:41:40.439+0800] {processor.py:841} WARNING - No viable dags retrieved from /opt/homebrew/lib/python3.11/site-packages/airflow/example_dags/example_kubernetes_executor.py
[2023-09-24T22:41:40.494+0800] {processor.py:179} INFO - Processing /opt/homebrew/lib/python3.11/site-packages/airflow/example_dags/example_kubernetes_executor.py took 0.086 seconds
[2023-09-25T01:43:19.016+0800] {processor.py:157} INFO - Started process (PID=82133) to work on /opt/homebrew/lib/python3.11/site-packages/airflow/example_dags/example_kubernetes_executor.py
[2023-09-25T01:43:19.018+0800] {processor.py:829} INFO - Processing file /opt/homebrew/lib/python3.11/site-packages/airflow/example_dags/example_kubernetes_executor.py for tasks to queue
[2023-09-25T01:43:19.018+0800] {logging_mixin.py:151} INFO - [2023-09-25T01:43:19.018+0800] {dagbag.py:539} INFO - Filling up the DagBag from /opt/homebrew/lib/python3.11/site-packages/airflow/example_dags/example_kubernetes_executor.py
[2023-09-25T01:43:19.045+0800] {logging_mixin.py:151} INFO - [2023-09-25T01:43:19.045+0800] {example_kubernetes_executor.py:38} WARNING - The example_kubernetes_executor example DAG requires the kubernetes provider. Please install it with: pip install apache-airflow[cncf.kubernetes]
[2023-09-25T01:43:19.045+0800] {processor.py:841} WARNING - No viable dags retrieved from /opt/homebrew/lib/python3.11/site-packages/airflow/example_dags/example_kubernetes_executor.py
[2023-09-25T01:43:19.101+0800] {processor.py:179} INFO - Processing /opt/homebrew/lib/python3.11/site-packages/airflow/example_dags/example_kubernetes_executor.py took 0.085 seconds
[2023-09-25T04:59:14.057+0800] {processor.py:157} INFO - Started process (PID=82462) to work on /opt/homebrew/lib/python3.11/site-packages/airflow/example_dags/example_kubernetes_executor.py
[2023-09-25T04:59:14.057+0800] {processor.py:829} INFO - Processing file /opt/homebrew/lib/python3.11/site-packages/airflow/example_dags/example_kubernetes_executor.py for tasks to queue
[2023-09-25T04:59:14.058+0800] {logging_mixin.py:151} INFO - [2023-09-25T04:59:14.058+0800] {dagbag.py:539} INFO - Filling up the DagBag from /opt/homebrew/lib/python3.11/site-packages/airflow/example_dags/example_kubernetes_executor.py
[2023-09-25T04:59:14.085+0800] {logging_mixin.py:151} INFO - [2023-09-25T04:59:14.085+0800] {example_kubernetes_executor.py:38} WARNING - The example_kubernetes_executor example DAG requires the kubernetes provider. Please install it with: pip install apache-airflow[cncf.kubernetes]
[2023-09-25T04:59:14.085+0800] {processor.py:841} WARNING - No viable dags retrieved from /opt/homebrew/lib/python3.11/site-packages/airflow/example_dags/example_kubernetes_executor.py
[2023-09-25T04:59:14.140+0800] {processor.py:179} INFO - Processing /opt/homebrew/lib/python3.11/site-packages/airflow/example_dags/example_kubernetes_executor.py took 0.084 seconds
