[2023-09-24T08:37:30.110+0800] {processor.py:157} INFO - Started process (PID=80116) to work on /opt/homebrew/lib/python3.11/site-packages/airflow/example_dags/example_trigger_controller_dag.py
[2023-09-24T08:37:30.111+0800] {processor.py:829} INFO - Processing file /opt/homebrew/lib/python3.11/site-packages/airflow/example_dags/example_trigger_controller_dag.py for tasks to queue
[2023-09-24T08:37:30.111+0800] {logging_mixin.py:151} INFO - [2023-09-24T08:37:30.111+0800] {dagbag.py:539} INFO - Filling up the DagBag from /opt/homebrew/lib/python3.11/site-packages/airflow/example_dags/example_trigger_controller_dag.py
[2023-09-24T08:37:30.127+0800] {processor.py:839} INFO - DAG(s) dict_keys(['example_trigger_controller_dag']) retrieved from /opt/homebrew/lib/python3.11/site-packages/airflow/example_dags/example_trigger_controller_dag.py
[2023-09-24T08:37:30.219+0800] {logging_mixin.py:151} INFO - [2023-09-24T08:37:30.219+0800] {dag.py:2915} INFO - Sync 1 DAGs
[2023-09-24T08:37:30.228+0800] {logging_mixin.py:151} INFO - [2023-09-24T08:37:30.227+0800] {dag.py:3696} INFO - Setting next_dagrun for example_trigger_controller_dag to 2021-01-01T00:00:00+00:00, run_after=2021-01-01T00:00:00+00:00
[2023-09-24T08:37:30.237+0800] {processor.py:179} INFO - Processing /opt/homebrew/lib/python3.11/site-packages/airflow/example_dags/example_trigger_controller_dag.py took 0.127 seconds
[2023-09-24T11:59:56.941+0800] {processor.py:157} INFO - Started process (PID=80443) to work on /opt/homebrew/lib/python3.11/site-packages/airflow/example_dags/example_trigger_controller_dag.py
[2023-09-24T11:59:56.942+0800] {processor.py:829} INFO - Processing file /opt/homebrew/lib/python3.11/site-packages/airflow/example_dags/example_trigger_controller_dag.py for tasks to queue
[2023-09-24T11:59:56.942+0800] {logging_mixin.py:151} INFO - [2023-09-24T11:59:56.942+0800] {dagbag.py:539} INFO - Filling up the DagBag from /opt/homebrew/lib/python3.11/site-packages/airflow/example_dags/example_trigger_controller_dag.py
[2023-09-24T11:59:56.958+0800] {processor.py:839} INFO - DAG(s) dict_keys(['example_trigger_controller_dag']) retrieved from /opt/homebrew/lib/python3.11/site-packages/airflow/example_dags/example_trigger_controller_dag.py
[2023-09-24T11:59:57.051+0800] {logging_mixin.py:151} INFO - [2023-09-24T11:59:57.051+0800] {dag.py:2915} INFO - Sync 1 DAGs
[2023-09-24T11:59:57.060+0800] {logging_mixin.py:151} INFO - [2023-09-24T11:59:57.059+0800] {dag.py:3696} INFO - Setting next_dagrun for example_trigger_controller_dag to 2021-01-01T00:00:00+00:00, run_after=2021-01-01T00:00:00+00:00
[2023-09-24T11:59:57.069+0800] {processor.py:179} INFO - Processing /opt/homebrew/lib/python3.11/site-packages/airflow/example_dags/example_trigger_controller_dag.py took 0.129 seconds
[2023-09-24T15:00:54.388+0800] {processor.py:157} INFO - Started process (PID=81024) to work on /opt/homebrew/lib/python3.11/site-packages/airflow/example_dags/example_trigger_controller_dag.py
[2023-09-24T15:00:54.389+0800] {processor.py:829} INFO - Processing file /opt/homebrew/lib/python3.11/site-packages/airflow/example_dags/example_trigger_controller_dag.py for tasks to queue
[2023-09-24T15:00:54.389+0800] {logging_mixin.py:151} INFO - [2023-09-24T15:00:54.389+0800] {dagbag.py:539} INFO - Filling up the DagBag from /opt/homebrew/lib/python3.11/site-packages/airflow/example_dags/example_trigger_controller_dag.py
[2023-09-24T15:00:54.405+0800] {processor.py:839} INFO - DAG(s) dict_keys(['example_trigger_controller_dag']) retrieved from /opt/homebrew/lib/python3.11/site-packages/airflow/example_dags/example_trigger_controller_dag.py
[2023-09-24T15:00:54.498+0800] {logging_mixin.py:151} INFO - [2023-09-24T15:00:54.498+0800] {dag.py:2915} INFO - Sync 1 DAGs
[2023-09-24T15:00:54.507+0800] {logging_mixin.py:151} INFO - [2023-09-24T15:00:54.507+0800] {dag.py:3696} INFO - Setting next_dagrun for example_trigger_controller_dag to 2021-01-01T00:00:00+00:00, run_after=2021-01-01T00:00:00+00:00
[2023-09-24T15:00:54.517+0800] {processor.py:179} INFO - Processing /opt/homebrew/lib/python3.11/site-packages/airflow/example_dags/example_trigger_controller_dag.py took 0.129 seconds
[2023-09-24T18:17:04.370+0800] {processor.py:157} INFO - Started process (PID=81356) to work on /opt/homebrew/lib/python3.11/site-packages/airflow/example_dags/example_trigger_controller_dag.py
[2023-09-24T18:17:04.371+0800] {processor.py:829} INFO - Processing file /opt/homebrew/lib/python3.11/site-packages/airflow/example_dags/example_trigger_controller_dag.py for tasks to queue
[2023-09-24T18:17:04.371+0800] {logging_mixin.py:151} INFO - [2023-09-24T18:17:04.371+0800] {dagbag.py:539} INFO - Filling up the DagBag from /opt/homebrew/lib/python3.11/site-packages/airflow/example_dags/example_trigger_controller_dag.py
[2023-09-24T18:17:04.387+0800] {processor.py:839} INFO - DAG(s) dict_keys(['example_trigger_controller_dag']) retrieved from /opt/homebrew/lib/python3.11/site-packages/airflow/example_dags/example_trigger_controller_dag.py
[2023-09-24T18:17:04.489+0800] {logging_mixin.py:151} INFO - [2023-09-24T18:17:04.489+0800] {dag.py:2915} INFO - Sync 1 DAGs
[2023-09-24T18:17:04.498+0800] {logging_mixin.py:151} INFO - [2023-09-24T18:17:04.498+0800] {dag.py:3696} INFO - Setting next_dagrun for example_trigger_controller_dag to 2021-01-01T00:00:00+00:00, run_after=2021-01-01T00:00:00+00:00
[2023-09-24T18:17:04.508+0800] {processor.py:179} INFO - Processing /opt/homebrew/lib/python3.11/site-packages/airflow/example_dags/example_trigger_controller_dag.py took 0.138 seconds
[2023-09-24T21:02:58.877+0800] {processor.py:157} INFO - Started process (PID=81674) to work on /opt/homebrew/lib/python3.11/site-packages/airflow/example_dags/example_trigger_controller_dag.py
[2023-09-24T21:02:58.878+0800] {processor.py:829} INFO - Processing file /opt/homebrew/lib/python3.11/site-packages/airflow/example_dags/example_trigger_controller_dag.py for tasks to queue
[2023-09-24T21:02:58.878+0800] {logging_mixin.py:151} INFO - [2023-09-24T21:02:58.878+0800] {dagbag.py:539} INFO - Filling up the DagBag from /opt/homebrew/lib/python3.11/site-packages/airflow/example_dags/example_trigger_controller_dag.py
[2023-09-24T21:02:58.894+0800] {processor.py:839} INFO - DAG(s) dict_keys(['example_trigger_controller_dag']) retrieved from /opt/homebrew/lib/python3.11/site-packages/airflow/example_dags/example_trigger_controller_dag.py
[2023-09-24T21:02:58.987+0800] {logging_mixin.py:151} INFO - [2023-09-24T21:02:58.986+0800] {dag.py:2915} INFO - Sync 1 DAGs
[2023-09-24T21:02:58.995+0800] {logging_mixin.py:151} INFO - [2023-09-24T21:02:58.995+0800] {dag.py:3696} INFO - Setting next_dagrun for example_trigger_controller_dag to 2021-01-01T00:00:00+00:00, run_after=2021-01-01T00:00:00+00:00
[2023-09-24T21:02:59.005+0800] {processor.py:179} INFO - Processing /opt/homebrew/lib/python3.11/site-packages/airflow/example_dags/example_trigger_controller_dag.py took 0.129 seconds
[2023-09-25T00:22:21.613+0800] {processor.py:157} INFO - Started process (PID=82004) to work on /opt/homebrew/lib/python3.11/site-packages/airflow/example_dags/example_trigger_controller_dag.py
[2023-09-25T00:22:21.615+0800] {processor.py:829} INFO - Processing file /opt/homebrew/lib/python3.11/site-packages/airflow/example_dags/example_trigger_controller_dag.py for tasks to queue
[2023-09-25T00:22:21.615+0800] {logging_mixin.py:151} INFO - [2023-09-25T00:22:21.615+0800] {dagbag.py:539} INFO - Filling up the DagBag from /opt/homebrew/lib/python3.11/site-packages/airflow/example_dags/example_trigger_controller_dag.py
[2023-09-25T00:22:21.632+0800] {processor.py:839} INFO - DAG(s) dict_keys(['example_trigger_controller_dag']) retrieved from /opt/homebrew/lib/python3.11/site-packages/airflow/example_dags/example_trigger_controller_dag.py
[2023-09-25T00:22:21.729+0800] {logging_mixin.py:151} INFO - [2023-09-25T00:22:21.729+0800] {dag.py:2915} INFO - Sync 1 DAGs
[2023-09-25T00:22:21.738+0800] {logging_mixin.py:151} INFO - [2023-09-25T00:22:21.738+0800] {dag.py:3696} INFO - Setting next_dagrun for example_trigger_controller_dag to 2021-01-01T00:00:00+00:00, run_after=2021-01-01T00:00:00+00:00
[2023-09-25T00:22:21.748+0800] {processor.py:179} INFO - Processing /opt/homebrew/lib/python3.11/site-packages/airflow/example_dags/example_trigger_controller_dag.py took 0.135 seconds
[2023-09-25T03:35:06.020+0800] {processor.py:157} INFO - Started process (PID=82301) to work on /opt/homebrew/lib/python3.11/site-packages/airflow/example_dags/example_trigger_controller_dag.py
[2023-09-25T03:35:06.020+0800] {processor.py:829} INFO - Processing file /opt/homebrew/lib/python3.11/site-packages/airflow/example_dags/example_trigger_controller_dag.py for tasks to queue
[2023-09-25T03:35:06.020+0800] {logging_mixin.py:151} INFO - [2023-09-25T03:35:06.020+0800] {dagbag.py:539} INFO - Filling up the DagBag from /opt/homebrew/lib/python3.11/site-packages/airflow/example_dags/example_trigger_controller_dag.py
[2023-09-25T03:35:06.037+0800] {processor.py:839} INFO - DAG(s) dict_keys(['example_trigger_controller_dag']) retrieved from /opt/homebrew/lib/python3.11/site-packages/airflow/example_dags/example_trigger_controller_dag.py
[2023-09-25T03:35:06.129+0800] {logging_mixin.py:151} INFO - [2023-09-25T03:35:06.129+0800] {dag.py:2915} INFO - Sync 1 DAGs
[2023-09-25T03:35:06.138+0800] {logging_mixin.py:151} INFO - [2023-09-25T03:35:06.138+0800] {dag.py:3696} INFO - Setting next_dagrun for example_trigger_controller_dag to 2021-01-01T00:00:00+00:00, run_after=2021-01-01T00:00:00+00:00
[2023-09-25T03:35:06.148+0800] {processor.py:179} INFO - Processing /opt/homebrew/lib/python3.11/site-packages/airflow/example_dags/example_trigger_controller_dag.py took 0.128 seconds
[2023-09-25T06:56:15.183+0800] {processor.py:157} INFO - Started process (PID=82634) to work on /opt/homebrew/lib/python3.11/site-packages/airflow/example_dags/example_trigger_controller_dag.py
[2023-09-25T06:56:15.183+0800] {processor.py:829} INFO - Processing file /opt/homebrew/lib/python3.11/site-packages/airflow/example_dags/example_trigger_controller_dag.py for tasks to queue
[2023-09-25T06:56:15.183+0800] {logging_mixin.py:151} INFO - [2023-09-25T06:56:15.183+0800] {dagbag.py:539} INFO - Filling up the DagBag from /opt/homebrew/lib/python3.11/site-packages/airflow/example_dags/example_trigger_controller_dag.py
[2023-09-25T06:56:15.200+0800] {processor.py:839} INFO - DAG(s) dict_keys(['example_trigger_controller_dag']) retrieved from /opt/homebrew/lib/python3.11/site-packages/airflow/example_dags/example_trigger_controller_dag.py
[2023-09-25T06:56:15.293+0800] {logging_mixin.py:151} INFO - [2023-09-25T06:56:15.293+0800] {dag.py:2915} INFO - Sync 1 DAGs
[2023-09-25T06:56:15.302+0800] {logging_mixin.py:151} INFO - [2023-09-25T06:56:15.301+0800] {dag.py:3696} INFO - Setting next_dagrun for example_trigger_controller_dag to 2021-01-01T00:00:00+00:00, run_after=2021-01-01T00:00:00+00:00
[2023-09-25T06:56:15.312+0800] {processor.py:179} INFO - Processing /opt/homebrew/lib/python3.11/site-packages/airflow/example_dags/example_trigger_controller_dag.py took 0.130 seconds
