[2023-09-24T08:37:22.560+0800] {processor.py:157} INFO - Started process (PID=80085) to work on /opt/homebrew/lib/python3.11/site-packages/airflow/example_dags/tutorial_dag.py
[2023-09-24T08:37:22.560+0800] {processor.py:829} INFO - Processing file /opt/homebrew/lib/python3.11/site-packages/airflow/example_dags/tutorial_dag.py for tasks to queue
[2023-09-24T08:37:22.560+0800] {logging_mixin.py:151} INFO - [2023-09-24T08:37:22.560+0800] {dagbag.py:539} INFO - Filling up the DagBag from /opt/homebrew/lib/python3.11/site-packages/airflow/example_dags/tutorial_dag.py
[2023-09-24T08:37:22.583+0800] {processor.py:839} INFO - DAG(s) dict_keys(['tutorial_dag']) retrieved from /opt/homebrew/lib/python3.11/site-packages/airflow/example_dags/tutorial_dag.py
[2023-09-24T08:37:22.678+0800] {logging_mixin.py:151} INFO - [2023-09-24T08:37:22.678+0800] {dag.py:2915} INFO - Sync 1 DAGs
[2023-09-24T08:37:22.684+0800] {logging_mixin.py:151} INFO - [2023-09-24T08:37:22.683+0800] {dag.py:3696} INFO - Setting next_dagrun for tutorial_dag to None, run_after=None
[2023-09-24T08:37:22.694+0800] {processor.py:179} INFO - Processing /opt/homebrew/lib/python3.11/site-packages/airflow/example_dags/tutorial_dag.py took 0.135 seconds
[2023-09-24T11:26:27.195+0800] {processor.py:157} INFO - Started process (PID=80410) to work on /opt/homebrew/lib/python3.11/site-packages/airflow/example_dags/tutorial_dag.py
[2023-09-24T11:26:27.195+0800] {processor.py:829} INFO - Processing file /opt/homebrew/lib/python3.11/site-packages/airflow/example_dags/tutorial_dag.py for tasks to queue
[2023-09-24T11:26:27.195+0800] {logging_mixin.py:151} INFO - [2023-09-24T11:26:27.195+0800] {dagbag.py:539} INFO - Filling up the DagBag from /opt/homebrew/lib/python3.11/site-packages/airflow/example_dags/tutorial_dag.py
[2023-09-24T11:26:27.218+0800] {processor.py:839} INFO - DAG(s) dict_keys(['tutorial_dag']) retrieved from /opt/homebrew/lib/python3.11/site-packages/airflow/example_dags/tutorial_dag.py
[2023-09-24T11:26:27.313+0800] {logging_mixin.py:151} INFO - [2023-09-24T11:26:27.313+0800] {dag.py:2915} INFO - Sync 1 DAGs
[2023-09-24T11:26:27.319+0800] {logging_mixin.py:151} INFO - [2023-09-24T11:26:27.319+0800] {dag.py:3696} INFO - Setting next_dagrun for tutorial_dag to None, run_after=None
[2023-09-24T11:26:27.329+0800] {processor.py:179} INFO - Processing /opt/homebrew/lib/python3.11/site-packages/airflow/example_dags/tutorial_dag.py took 0.135 seconds
[2023-09-24T14:43:55.681+0800] {processor.py:157} INFO - Started process (PID=80989) to work on /opt/homebrew/lib/python3.11/site-packages/airflow/example_dags/tutorial_dag.py
[2023-09-24T14:43:55.682+0800] {processor.py:829} INFO - Processing file /opt/homebrew/lib/python3.11/site-packages/airflow/example_dags/tutorial_dag.py for tasks to queue
[2023-09-24T14:43:55.682+0800] {logging_mixin.py:151} INFO - [2023-09-24T14:43:55.682+0800] {dagbag.py:539} INFO - Filling up the DagBag from /opt/homebrew/lib/python3.11/site-packages/airflow/example_dags/tutorial_dag.py
[2023-09-24T14:43:55.704+0800] {processor.py:839} INFO - DAG(s) dict_keys(['tutorial_dag']) retrieved from /opt/homebrew/lib/python3.11/site-packages/airflow/example_dags/tutorial_dag.py
[2023-09-24T14:43:55.800+0800] {logging_mixin.py:151} INFO - [2023-09-24T14:43:55.799+0800] {dag.py:2915} INFO - Sync 1 DAGs
[2023-09-24T14:43:55.805+0800] {logging_mixin.py:151} INFO - [2023-09-24T14:43:55.805+0800] {dag.py:3696} INFO - Setting next_dagrun for tutorial_dag to None, run_after=None
[2023-09-24T14:43:55.815+0800] {processor.py:179} INFO - Processing /opt/homebrew/lib/python3.11/site-packages/airflow/example_dags/tutorial_dag.py took 0.134 seconds
[2023-09-24T18:00:12.964+0800] {processor.py:157} INFO - Started process (PID=81329) to work on /opt/homebrew/lib/python3.11/site-packages/airflow/example_dags/tutorial_dag.py
[2023-09-24T18:00:12.965+0800] {processor.py:829} INFO - Processing file /opt/homebrew/lib/python3.11/site-packages/airflow/example_dags/tutorial_dag.py for tasks to queue
[2023-09-24T18:00:12.966+0800] {logging_mixin.py:151} INFO - [2023-09-24T18:00:12.965+0800] {dagbag.py:539} INFO - Filling up the DagBag from /opt/homebrew/lib/python3.11/site-packages/airflow/example_dags/tutorial_dag.py
[2023-09-24T18:00:12.988+0800] {processor.py:839} INFO - DAG(s) dict_keys(['tutorial_dag']) retrieved from /opt/homebrew/lib/python3.11/site-packages/airflow/example_dags/tutorial_dag.py
[2023-09-24T18:00:13.083+0800] {logging_mixin.py:151} INFO - [2023-09-24T18:00:13.083+0800] {dag.py:2915} INFO - Sync 1 DAGs
[2023-09-24T18:00:13.089+0800] {logging_mixin.py:151} INFO - [2023-09-24T18:00:13.089+0800] {dag.py:3696} INFO - Setting next_dagrun for tutorial_dag to None, run_after=None
[2023-09-24T18:00:13.099+0800] {processor.py:179} INFO - Processing /opt/homebrew/lib/python3.11/site-packages/airflow/example_dags/tutorial_dag.py took 0.136 seconds
[2023-09-24T20:47:48.092+0800] {processor.py:157} INFO - Started process (PID=81649) to work on /opt/homebrew/lib/python3.11/site-packages/airflow/example_dags/tutorial_dag.py
[2023-09-24T20:47:48.094+0800] {processor.py:829} INFO - Processing file /opt/homebrew/lib/python3.11/site-packages/airflow/example_dags/tutorial_dag.py for tasks to queue
[2023-09-24T20:47:48.094+0800] {logging_mixin.py:151} INFO - [2023-09-24T20:47:48.094+0800] {dagbag.py:539} INFO - Filling up the DagBag from /opt/homebrew/lib/python3.11/site-packages/airflow/example_dags/tutorial_dag.py
[2023-09-24T20:47:48.116+0800] {processor.py:839} INFO - DAG(s) dict_keys(['tutorial_dag']) retrieved from /opt/homebrew/lib/python3.11/site-packages/airflow/example_dags/tutorial_dag.py
[2023-09-24T20:47:48.211+0800] {logging_mixin.py:151} INFO - [2023-09-24T20:47:48.211+0800] {dag.py:2915} INFO - Sync 1 DAGs
[2023-09-24T20:47:48.216+0800] {logging_mixin.py:151} INFO - [2023-09-24T20:47:48.216+0800] {dag.py:3696} INFO - Setting next_dagrun for tutorial_dag to None, run_after=None
[2023-09-24T20:47:48.227+0800] {processor.py:179} INFO - Processing /opt/homebrew/lib/python3.11/site-packages/airflow/example_dags/tutorial_dag.py took 0.135 seconds
[2023-09-25T00:04:20.561+0800] {processor.py:157} INFO - Started process (PID=81925) to work on /opt/homebrew/lib/python3.11/site-packages/airflow/example_dags/tutorial_dag.py
[2023-09-25T00:04:20.562+0800] {processor.py:829} INFO - Processing file /opt/homebrew/lib/python3.11/site-packages/airflow/example_dags/tutorial_dag.py for tasks to queue
[2023-09-25T00:04:20.563+0800] {logging_mixin.py:151} INFO - [2023-09-25T00:04:20.562+0800] {dagbag.py:539} INFO - Filling up the DagBag from /opt/homebrew/lib/python3.11/site-packages/airflow/example_dags/tutorial_dag.py
[2023-09-25T00:04:20.599+0800] {processor.py:839} INFO - DAG(s) dict_keys(['tutorial_dag']) retrieved from /opt/homebrew/lib/python3.11/site-packages/airflow/example_dags/tutorial_dag.py
[2023-09-25T00:04:20.759+0800] {logging_mixin.py:151} INFO - [2023-09-25T00:04:20.759+0800] {dag.py:2915} INFO - Sync 1 DAGs
[2023-09-25T00:04:20.767+0800] {logging_mixin.py:151} INFO - [2023-09-25T00:04:20.767+0800] {dag.py:3696} INFO - Setting next_dagrun for tutorial_dag to None, run_after=None
[2023-09-25T00:04:20.786+0800] {processor.py:179} INFO - Processing /opt/homebrew/lib/python3.11/site-packages/airflow/example_dags/tutorial_dag.py took 0.225 seconds
[2023-09-25T03:18:48.148+0800] {processor.py:157} INFO - Started process (PID=82261) to work on /opt/homebrew/lib/python3.11/site-packages/airflow/example_dags/tutorial_dag.py
[2023-09-25T03:18:48.149+0800] {processor.py:829} INFO - Processing file /opt/homebrew/lib/python3.11/site-packages/airflow/example_dags/tutorial_dag.py for tasks to queue
[2023-09-25T03:18:48.149+0800] {logging_mixin.py:151} INFO - [2023-09-25T03:18:48.149+0800] {dagbag.py:539} INFO - Filling up the DagBag from /opt/homebrew/lib/python3.11/site-packages/airflow/example_dags/tutorial_dag.py
[2023-09-25T03:18:48.171+0800] {processor.py:839} INFO - DAG(s) dict_keys(['tutorial_dag']) retrieved from /opt/homebrew/lib/python3.11/site-packages/airflow/example_dags/tutorial_dag.py
[2023-09-25T03:18:48.268+0800] {logging_mixin.py:151} INFO - [2023-09-25T03:18:48.268+0800] {dag.py:2915} INFO - Sync 1 DAGs
[2023-09-25T03:18:48.274+0800] {logging_mixin.py:151} INFO - [2023-09-25T03:18:48.274+0800] {dag.py:3696} INFO - Setting next_dagrun for tutorial_dag to None, run_after=None
[2023-09-25T03:18:48.284+0800] {processor.py:179} INFO - Processing /opt/homebrew/lib/python3.11/site-packages/airflow/example_dags/tutorial_dag.py took 0.137 seconds
[2023-09-25T06:22:55.172+0800] {processor.py:157} INFO - Started process (PID=82588) to work on /opt/homebrew/lib/python3.11/site-packages/airflow/example_dags/tutorial_dag.py
[2023-09-25T06:22:55.173+0800] {processor.py:829} INFO - Processing file /opt/homebrew/lib/python3.11/site-packages/airflow/example_dags/tutorial_dag.py for tasks to queue
[2023-09-25T06:22:55.173+0800] {logging_mixin.py:151} INFO - [2023-09-25T06:22:55.173+0800] {dagbag.py:539} INFO - Filling up the DagBag from /opt/homebrew/lib/python3.11/site-packages/airflow/example_dags/tutorial_dag.py
[2023-09-25T06:22:55.196+0800] {processor.py:839} INFO - DAG(s) dict_keys(['tutorial_dag']) retrieved from /opt/homebrew/lib/python3.11/site-packages/airflow/example_dags/tutorial_dag.py
[2023-09-25T06:22:55.293+0800] {logging_mixin.py:151} INFO - [2023-09-25T06:22:55.292+0800] {dag.py:2915} INFO - Sync 1 DAGs
[2023-09-25T06:22:55.298+0800] {logging_mixin.py:151} INFO - [2023-09-25T06:22:55.298+0800] {dag.py:3696} INFO - Setting next_dagrun for tutorial_dag to None, run_after=None
[2023-09-25T06:22:55.309+0800] {processor.py:179} INFO - Processing /opt/homebrew/lib/python3.11/site-packages/airflow/example_dags/tutorial_dag.py took 0.137 seconds
