[2023-09-24T08:32:59.704+0800] {processor.py:157} INFO - Started process (PID=80080) to work on /opt/homebrew/lib/python3.11/site-packages/airflow/example_dags/tutorial_taskflow_api.py
[2023-09-24T08:32:59.705+0800] {processor.py:829} INFO - Processing file /opt/homebrew/lib/python3.11/site-packages/airflow/example_dags/tutorial_taskflow_api.py for tasks to queue
[2023-09-24T08:32:59.705+0800] {logging_mixin.py:151} INFO - [2023-09-24T08:32:59.705+0800] {dagbag.py:539} INFO - Filling up the DagBag from /opt/homebrew/lib/python3.11/site-packages/airflow/example_dags/tutorial_taskflow_api.py
[2023-09-24T08:32:59.736+0800] {processor.py:839} INFO - DAG(s) dict_keys(['tutorial_taskflow_api']) retrieved from /opt/homebrew/lib/python3.11/site-packages/airflow/example_dags/tutorial_taskflow_api.py
[2023-09-24T08:32:59.828+0800] {logging_mixin.py:151} INFO - [2023-09-24T08:32:59.828+0800] {dag.py:2915} INFO - Sync 1 DAGs
[2023-09-24T08:32:59.833+0800] {logging_mixin.py:151} INFO - [2023-09-24T08:32:59.833+0800] {dag.py:3696} INFO - Setting next_dagrun for tutorial_taskflow_api to None, run_after=None
[2023-09-24T08:32:59.843+0800] {processor.py:179} INFO - Processing /opt/homebrew/lib/python3.11/site-packages/airflow/example_dags/tutorial_taskflow_api.py took 0.139 seconds
[2023-09-24T11:26:25.302+0800] {processor.py:157} INFO - Started process (PID=80407) to work on /opt/homebrew/lib/python3.11/site-packages/airflow/example_dags/tutorial_taskflow_api.py
[2023-09-24T11:26:25.303+0800] {processor.py:829} INFO - Processing file /opt/homebrew/lib/python3.11/site-packages/airflow/example_dags/tutorial_taskflow_api.py for tasks to queue
[2023-09-24T11:26:25.303+0800] {logging_mixin.py:151} INFO - [2023-09-24T11:26:25.303+0800] {dagbag.py:539} INFO - Filling up the DagBag from /opt/homebrew/lib/python3.11/site-packages/airflow/example_dags/tutorial_taskflow_api.py
[2023-09-24T11:26:25.334+0800] {processor.py:839} INFO - DAG(s) dict_keys(['tutorial_taskflow_api']) retrieved from /opt/homebrew/lib/python3.11/site-packages/airflow/example_dags/tutorial_taskflow_api.py
[2023-09-24T11:26:25.426+0800] {logging_mixin.py:151} INFO - [2023-09-24T11:26:25.426+0800] {dag.py:2915} INFO - Sync 1 DAGs
[2023-09-24T11:26:25.431+0800] {logging_mixin.py:151} INFO - [2023-09-24T11:26:25.431+0800] {dag.py:3696} INFO - Setting next_dagrun for tutorial_taskflow_api to None, run_after=None
[2023-09-24T11:26:25.441+0800] {processor.py:179} INFO - Processing /opt/homebrew/lib/python3.11/site-packages/airflow/example_dags/tutorial_taskflow_api.py took 0.140 seconds
[2023-09-24T14:27:29.758+0800] {processor.py:157} INFO - Started process (PID=80979) to work on /opt/homebrew/lib/python3.11/site-packages/airflow/example_dags/tutorial_taskflow_api.py
[2023-09-24T14:27:29.758+0800] {processor.py:829} INFO - Processing file /opt/homebrew/lib/python3.11/site-packages/airflow/example_dags/tutorial_taskflow_api.py for tasks to queue
[2023-09-24T14:27:29.758+0800] {logging_mixin.py:151} INFO - [2023-09-24T14:27:29.758+0800] {dagbag.py:539} INFO - Filling up the DagBag from /opt/homebrew/lib/python3.11/site-packages/airflow/example_dags/tutorial_taskflow_api.py
[2023-09-24T14:27:29.789+0800] {processor.py:839} INFO - DAG(s) dict_keys(['tutorial_taskflow_api']) retrieved from /opt/homebrew/lib/python3.11/site-packages/airflow/example_dags/tutorial_taskflow_api.py
[2023-09-24T14:27:29.882+0800] {logging_mixin.py:151} INFO - [2023-09-24T14:27:29.882+0800] {dag.py:2915} INFO - Sync 1 DAGs
[2023-09-24T14:27:29.886+0800] {logging_mixin.py:151} INFO - [2023-09-24T14:27:29.886+0800] {dag.py:3696} INFO - Setting next_dagrun for tutorial_taskflow_api to None, run_after=None
[2023-09-24T14:27:29.897+0800] {processor.py:179} INFO - Processing /opt/homebrew/lib/python3.11/site-packages/airflow/example_dags/tutorial_taskflow_api.py took 0.140 seconds
[2023-09-24T18:00:11.626+0800] {processor.py:157} INFO - Started process (PID=81316) to work on /opt/homebrew/lib/python3.11/site-packages/airflow/example_dags/tutorial_taskflow_api.py
[2023-09-24T18:00:11.627+0800] {processor.py:829} INFO - Processing file /opt/homebrew/lib/python3.11/site-packages/airflow/example_dags/tutorial_taskflow_api.py for tasks to queue
[2023-09-24T18:00:11.627+0800] {logging_mixin.py:151} INFO - [2023-09-24T18:00:11.627+0800] {dagbag.py:539} INFO - Filling up the DagBag from /opt/homebrew/lib/python3.11/site-packages/airflow/example_dags/tutorial_taskflow_api.py
[2023-09-24T18:00:11.660+0800] {processor.py:839} INFO - DAG(s) dict_keys(['tutorial_taskflow_api']) retrieved from /opt/homebrew/lib/python3.11/site-packages/airflow/example_dags/tutorial_taskflow_api.py
[2023-09-24T18:00:11.761+0800] {logging_mixin.py:151} INFO - [2023-09-24T18:00:11.761+0800] {dag.py:2915} INFO - Sync 1 DAGs
[2023-09-24T18:00:11.766+0800] {logging_mixin.py:151} INFO - [2023-09-24T18:00:11.766+0800] {dag.py:3696} INFO - Setting next_dagrun for tutorial_taskflow_api to None, run_after=None
[2023-09-24T18:00:11.776+0800] {processor.py:179} INFO - Processing /opt/homebrew/lib/python3.11/site-packages/airflow/example_dags/tutorial_taskflow_api.py took 0.151 seconds
[2023-09-24T20:47:46.196+0800] {processor.py:157} INFO - Started process (PID=81646) to work on /opt/homebrew/lib/python3.11/site-packages/airflow/example_dags/tutorial_taskflow_api.py
[2023-09-24T20:47:46.197+0800] {processor.py:829} INFO - Processing file /opt/homebrew/lib/python3.11/site-packages/airflow/example_dags/tutorial_taskflow_api.py for tasks to queue
[2023-09-24T20:47:46.198+0800] {logging_mixin.py:151} INFO - [2023-09-24T20:47:46.197+0800] {dagbag.py:539} INFO - Filling up the DagBag from /opt/homebrew/lib/python3.11/site-packages/airflow/example_dags/tutorial_taskflow_api.py
[2023-09-24T20:47:46.228+0800] {processor.py:839} INFO - DAG(s) dict_keys(['tutorial_taskflow_api']) retrieved from /opt/homebrew/lib/python3.11/site-packages/airflow/example_dags/tutorial_taskflow_api.py
[2023-09-24T20:47:46.321+0800] {logging_mixin.py:151} INFO - [2023-09-24T20:47:46.321+0800] {dag.py:2915} INFO - Sync 1 DAGs
[2023-09-24T20:47:46.326+0800] {logging_mixin.py:151} INFO - [2023-09-24T20:47:46.326+0800] {dag.py:3696} INFO - Setting next_dagrun for tutorial_taskflow_api to None, run_after=None
[2023-09-24T20:47:46.336+0800] {processor.py:179} INFO - Processing /opt/homebrew/lib/python3.11/site-packages/airflow/example_dags/tutorial_taskflow_api.py took 0.140 seconds
[2023-09-24T23:47:57.141+0800] {processor.py:157} INFO - Started process (PID=81921) to work on /opt/homebrew/lib/python3.11/site-packages/airflow/example_dags/tutorial_taskflow_api.py
[2023-09-24T23:47:57.142+0800] {processor.py:829} INFO - Processing file /opt/homebrew/lib/python3.11/site-packages/airflow/example_dags/tutorial_taskflow_api.py for tasks to queue
[2023-09-24T23:47:57.143+0800] {logging_mixin.py:151} INFO - [2023-09-24T23:47:57.143+0800] {dagbag.py:539} INFO - Filling up the DagBag from /opt/homebrew/lib/python3.11/site-packages/airflow/example_dags/tutorial_taskflow_api.py
[2023-09-24T23:47:57.173+0800] {processor.py:839} INFO - DAG(s) dict_keys(['tutorial_taskflow_api']) retrieved from /opt/homebrew/lib/python3.11/site-packages/airflow/example_dags/tutorial_taskflow_api.py
[2023-09-24T23:47:57.266+0800] {logging_mixin.py:151} INFO - [2023-09-24T23:47:57.266+0800] {dag.py:2915} INFO - Sync 1 DAGs
[2023-09-24T23:47:57.271+0800] {logging_mixin.py:151} INFO - [2023-09-24T23:47:57.271+0800] {dag.py:3696} INFO - Setting next_dagrun for tutorial_taskflow_api to None, run_after=None
[2023-09-24T23:47:57.281+0800] {processor.py:179} INFO - Processing /opt/homebrew/lib/python3.11/site-packages/airflow/example_dags/tutorial_taskflow_api.py took 0.140 seconds
[2023-09-25T03:06:48.942+0800] {processor.py:157} INFO - Started process (PID=82256) to work on /opt/homebrew/lib/python3.11/site-packages/airflow/example_dags/tutorial_taskflow_api.py
[2023-09-25T03:06:48.943+0800] {processor.py:829} INFO - Processing file /opt/homebrew/lib/python3.11/site-packages/airflow/example_dags/tutorial_taskflow_api.py for tasks to queue
[2023-09-25T03:06:48.943+0800] {logging_mixin.py:151} INFO - [2023-09-25T03:06:48.943+0800] {dagbag.py:539} INFO - Filling up the DagBag from /opt/homebrew/lib/python3.11/site-packages/airflow/example_dags/tutorial_taskflow_api.py
[2023-09-25T03:06:48.974+0800] {processor.py:839} INFO - DAG(s) dict_keys(['tutorial_taskflow_api']) retrieved from /opt/homebrew/lib/python3.11/site-packages/airflow/example_dags/tutorial_taskflow_api.py
[2023-09-25T03:06:49.066+0800] {logging_mixin.py:151} INFO - [2023-09-25T03:06:49.066+0800] {dag.py:2915} INFO - Sync 1 DAGs
[2023-09-25T03:06:49.071+0800] {logging_mixin.py:151} INFO - [2023-09-25T03:06:49.071+0800] {dag.py:3696} INFO - Setting next_dagrun for tutorial_taskflow_api to None, run_after=None
[2023-09-25T03:06:49.082+0800] {processor.py:179} INFO - Processing /opt/homebrew/lib/python3.11/site-packages/airflow/example_dags/tutorial_taskflow_api.py took 0.140 seconds
[2023-09-25T06:22:53.285+0800] {processor.py:157} INFO - Started process (PID=82585) to work on /opt/homebrew/lib/python3.11/site-packages/airflow/example_dags/tutorial_taskflow_api.py
[2023-09-25T06:22:53.285+0800] {processor.py:829} INFO - Processing file /opt/homebrew/lib/python3.11/site-packages/airflow/example_dags/tutorial_taskflow_api.py for tasks to queue
[2023-09-25T06:22:53.286+0800] {logging_mixin.py:151} INFO - [2023-09-25T06:22:53.285+0800] {dagbag.py:539} INFO - Filling up the DagBag from /opt/homebrew/lib/python3.11/site-packages/airflow/example_dags/tutorial_taskflow_api.py
[2023-09-25T06:22:53.317+0800] {processor.py:839} INFO - DAG(s) dict_keys(['tutorial_taskflow_api']) retrieved from /opt/homebrew/lib/python3.11/site-packages/airflow/example_dags/tutorial_taskflow_api.py
[2023-09-25T06:22:53.409+0800] {logging_mixin.py:151} INFO - [2023-09-25T06:22:53.409+0800] {dag.py:2915} INFO - Sync 1 DAGs
[2023-09-25T06:22:53.414+0800] {logging_mixin.py:151} INFO - [2023-09-25T06:22:53.414+0800] {dag.py:3696} INFO - Setting next_dagrun for tutorial_taskflow_api to None, run_after=None
[2023-09-25T06:22:53.424+0800] {processor.py:179} INFO - Processing /opt/homebrew/lib/python3.11/site-packages/airflow/example_dags/tutorial_taskflow_api.py took 0.140 seconds
