[2023-09-23T10:13:48.571+0800] {processor.py:157} INFO - Started process (PID=77791) to work on /opt/homebrew/lib/python3.11/site-packages/airflow/example_dags/example_time_delta_sensor_async.py
[2023-09-23T10:13:48.572+0800] {processor.py:829} INFO - Processing file /opt/homebrew/lib/python3.11/site-packages/airflow/example_dags/example_time_delta_sensor_async.py for tasks to queue
[2023-09-23T10:13:48.572+0800] {logging_mixin.py:151} INFO - [2023-09-23T10:13:48.572+0800] {dagbag.py:539} INFO - Filling up the DagBag from /opt/homebrew/lib/python3.11/site-packages/airflow/example_dags/example_time_delta_sensor_async.py
[2023-09-23T10:13:48.597+0800] {processor.py:839} INFO - DAG(s) dict_keys(['example_time_delta_sensor_async']) retrieved from /opt/homebrew/lib/python3.11/site-packages/airflow/example_dags/example_time_delta_sensor_async.py
[2023-09-23T10:13:48.740+0800] {logging_mixin.py:151} INFO - [2023-09-23T10:13:48.740+0800] {dag.py:2915} INFO - Sync 1 DAGs
[2023-09-23T10:13:48.746+0800] {logging_mixin.py:151} INFO - [2023-09-23T10:13:48.746+0800] {dag.py:3696} INFO - Setting next_dagrun for example_time_delta_sensor_async to None, run_after=None
[2023-09-23T10:13:48.759+0800] {processor.py:179} INFO - Processing /opt/homebrew/lib/python3.11/site-packages/airflow/example_dags/example_time_delta_sensor_async.py took 0.189 seconds
[2023-09-23T13:18:25.393+0800] {processor.py:157} INFO - Started process (PID=78083) to work on /opt/homebrew/lib/python3.11/site-packages/airflow/example_dags/example_time_delta_sensor_async.py
[2023-09-23T13:18:25.393+0800] {processor.py:829} INFO - Processing file /opt/homebrew/lib/python3.11/site-packages/airflow/example_dags/example_time_delta_sensor_async.py for tasks to queue
[2023-09-23T13:18:25.394+0800] {logging_mixin.py:151} INFO - [2023-09-23T13:18:25.394+0800] {dagbag.py:539} INFO - Filling up the DagBag from /opt/homebrew/lib/python3.11/site-packages/airflow/example_dags/example_time_delta_sensor_async.py
[2023-09-23T13:18:25.409+0800] {processor.py:839} INFO - DAG(s) dict_keys(['example_time_delta_sensor_async']) retrieved from /opt/homebrew/lib/python3.11/site-packages/airflow/example_dags/example_time_delta_sensor_async.py
[2023-09-23T13:18:25.511+0800] {logging_mixin.py:151} INFO - [2023-09-23T13:18:25.511+0800] {dag.py:2915} INFO - Sync 1 DAGs
[2023-09-23T13:18:25.516+0800] {logging_mixin.py:151} INFO - [2023-09-23T13:18:25.516+0800] {dag.py:3696} INFO - Setting next_dagrun for example_time_delta_sensor_async to None, run_after=None
[2023-09-23T13:18:25.527+0800] {processor.py:179} INFO - Processing /opt/homebrew/lib/python3.11/site-packages/airflow/example_dags/example_time_delta_sensor_async.py took 0.135 seconds
[2023-09-23T16:54:33.701+0800] {processor.py:157} INFO - Started process (PID=78422) to work on /opt/homebrew/lib/python3.11/site-packages/airflow/example_dags/example_time_delta_sensor_async.py
[2023-09-23T16:54:33.702+0800] {processor.py:829} INFO - Processing file /opt/homebrew/lib/python3.11/site-packages/airflow/example_dags/example_time_delta_sensor_async.py for tasks to queue
[2023-09-23T16:54:33.702+0800] {logging_mixin.py:151} INFO - [2023-09-23T16:54:33.702+0800] {dagbag.py:539} INFO - Filling up the DagBag from /opt/homebrew/lib/python3.11/site-packages/airflow/example_dags/example_time_delta_sensor_async.py
[2023-09-23T16:54:33.721+0800] {processor.py:839} INFO - DAG(s) dict_keys(['example_time_delta_sensor_async']) retrieved from /opt/homebrew/lib/python3.11/site-packages/airflow/example_dags/example_time_delta_sensor_async.py
[2023-09-23T16:54:33.827+0800] {logging_mixin.py:151} INFO - [2023-09-23T16:54:33.827+0800] {dag.py:2915} INFO - Sync 1 DAGs
[2023-09-23T16:54:33.832+0800] {logging_mixin.py:151} INFO - [2023-09-23T16:54:33.832+0800] {dag.py:3696} INFO - Setting next_dagrun for example_time_delta_sensor_async to None, run_after=None
[2023-09-23T16:54:33.843+0800] {processor.py:179} INFO - Processing /opt/homebrew/lib/python3.11/site-packages/airflow/example_dags/example_time_delta_sensor_async.py took 0.143 seconds
[2023-09-23T20:08:09.463+0800] {processor.py:157} INFO - Started process (PID=78744) to work on /opt/homebrew/lib/python3.11/site-packages/airflow/example_dags/example_time_delta_sensor_async.py
[2023-09-23T20:08:09.464+0800] {processor.py:829} INFO - Processing file /opt/homebrew/lib/python3.11/site-packages/airflow/example_dags/example_time_delta_sensor_async.py for tasks to queue
[2023-09-23T20:08:09.464+0800] {logging_mixin.py:151} INFO - [2023-09-23T20:08:09.464+0800] {dagbag.py:539} INFO - Filling up the DagBag from /opt/homebrew/lib/python3.11/site-packages/airflow/example_dags/example_time_delta_sensor_async.py
[2023-09-23T20:08:09.480+0800] {processor.py:839} INFO - DAG(s) dict_keys(['example_time_delta_sensor_async']) retrieved from /opt/homebrew/lib/python3.11/site-packages/airflow/example_dags/example_time_delta_sensor_async.py
[2023-09-23T20:08:09.583+0800] {logging_mixin.py:151} INFO - [2023-09-23T20:08:09.583+0800] {dag.py:2915} INFO - Sync 1 DAGs
[2023-09-23T20:08:09.587+0800] {logging_mixin.py:151} INFO - [2023-09-23T20:08:09.587+0800] {dag.py:3696} INFO - Setting next_dagrun for example_time_delta_sensor_async to None, run_after=None
[2023-09-23T20:08:09.598+0800] {processor.py:179} INFO - Processing /opt/homebrew/lib/python3.11/site-packages/airflow/example_dags/example_time_delta_sensor_async.py took 0.135 seconds
[2023-09-23T23:25:37.713+0800] {processor.py:157} INFO - Started process (PID=79044) to work on /opt/homebrew/lib/python3.11/site-packages/airflow/example_dags/example_time_delta_sensor_async.py
[2023-09-23T23:25:37.714+0800] {processor.py:829} INFO - Processing file /opt/homebrew/lib/python3.11/site-packages/airflow/example_dags/example_time_delta_sensor_async.py for tasks to queue
[2023-09-23T23:25:37.715+0800] {logging_mixin.py:151} INFO - [2023-09-23T23:25:37.714+0800] {dagbag.py:539} INFO - Filling up the DagBag from /opt/homebrew/lib/python3.11/site-packages/airflow/example_dags/example_time_delta_sensor_async.py
[2023-09-23T23:25:37.733+0800] {processor.py:839} INFO - DAG(s) dict_keys(['example_time_delta_sensor_async']) retrieved from /opt/homebrew/lib/python3.11/site-packages/airflow/example_dags/example_time_delta_sensor_async.py
[2023-09-23T23:25:37.842+0800] {logging_mixin.py:151} INFO - [2023-09-23T23:25:37.842+0800] {dag.py:2915} INFO - Sync 1 DAGs
[2023-09-23T23:25:37.847+0800] {logging_mixin.py:151} INFO - [2023-09-23T23:25:37.847+0800] {dag.py:3696} INFO - Setting next_dagrun for example_time_delta_sensor_async to None, run_after=None
[2023-09-23T23:25:37.859+0800] {processor.py:179} INFO - Processing /opt/homebrew/lib/python3.11/site-packages/airflow/example_dags/example_time_delta_sensor_async.py took 0.146 seconds
[2023-09-24T02:39:51.908+0800] {processor.py:157} INFO - Started process (PID=79492) to work on /opt/homebrew/lib/python3.11/site-packages/airflow/example_dags/example_time_delta_sensor_async.py
[2023-09-24T02:39:51.909+0800] {processor.py:829} INFO - Processing file /opt/homebrew/lib/python3.11/site-packages/airflow/example_dags/example_time_delta_sensor_async.py for tasks to queue
[2023-09-24T02:39:51.909+0800] {logging_mixin.py:151} INFO - [2023-09-24T02:39:51.909+0800] {dagbag.py:539} INFO - Filling up the DagBag from /opt/homebrew/lib/python3.11/site-packages/airflow/example_dags/example_time_delta_sensor_async.py
[2023-09-24T02:39:51.925+0800] {processor.py:839} INFO - DAG(s) dict_keys(['example_time_delta_sensor_async']) retrieved from /opt/homebrew/lib/python3.11/site-packages/airflow/example_dags/example_time_delta_sensor_async.py
[2023-09-24T02:39:52.027+0800] {logging_mixin.py:151} INFO - [2023-09-24T02:39:52.027+0800] {dag.py:2915} INFO - Sync 1 DAGs
[2023-09-24T02:39:52.032+0800] {logging_mixin.py:151} INFO - [2023-09-24T02:39:52.032+0800] {dag.py:3696} INFO - Setting next_dagrun for example_time_delta_sensor_async to None, run_after=None
[2023-09-24T02:39:52.043+0800] {processor.py:179} INFO - Processing /opt/homebrew/lib/python3.11/site-packages/airflow/example_dags/example_time_delta_sensor_async.py took 0.135 seconds
[2023-09-24T05:45:48.148+0800] {processor.py:157} INFO - Started process (PID=79807) to work on /opt/homebrew/lib/python3.11/site-packages/airflow/example_dags/example_time_delta_sensor_async.py
[2023-09-24T05:45:48.149+0800] {processor.py:829} INFO - Processing file /opt/homebrew/lib/python3.11/site-packages/airflow/example_dags/example_time_delta_sensor_async.py for tasks to queue
[2023-09-24T05:45:48.150+0800] {logging_mixin.py:151} INFO - [2023-09-24T05:45:48.150+0800] {dagbag.py:539} INFO - Filling up the DagBag from /opt/homebrew/lib/python3.11/site-packages/airflow/example_dags/example_time_delta_sensor_async.py
[2023-09-24T05:45:48.165+0800] {processor.py:839} INFO - DAG(s) dict_keys(['example_time_delta_sensor_async']) retrieved from /opt/homebrew/lib/python3.11/site-packages/airflow/example_dags/example_time_delta_sensor_async.py
[2023-09-24T05:45:48.267+0800] {logging_mixin.py:151} INFO - [2023-09-24T05:45:48.267+0800] {dag.py:2915} INFO - Sync 1 DAGs
[2023-09-24T05:45:48.272+0800] {logging_mixin.py:151} INFO - [2023-09-24T05:45:48.271+0800] {dag.py:3696} INFO - Setting next_dagrun for example_time_delta_sensor_async to None, run_after=None
[2023-09-24T05:45:48.282+0800] {processor.py:179} INFO - Processing /opt/homebrew/lib/python3.11/site-packages/airflow/example_dags/example_time_delta_sensor_async.py took 0.135 seconds
