[2023-09-23T10:30:30.957+0800] {processor.py:157} INFO - Started process (PID=77841) to work on /opt/homebrew/lib/python3.11/site-packages/airflow/example_dags/example_setup_teardown_taskflow.py
[2023-09-23T10:30:30.958+0800] {processor.py:829} INFO - Processing file /opt/homebrew/lib/python3.11/site-packages/airflow/example_dags/example_setup_teardown_taskflow.py for tasks to queue
[2023-09-23T10:30:30.958+0800] {logging_mixin.py:151} INFO - [2023-09-23T10:30:30.958+0800] {dagbag.py:539} INFO - Filling up the DagBag from /opt/homebrew/lib/python3.11/site-packages/airflow/example_dags/example_setup_teardown_taskflow.py
[2023-09-23T10:30:30.990+0800] {processor.py:839} INFO - DAG(s) dict_keys(['example_setup_teardown_taskflow']) retrieved from /opt/homebrew/lib/python3.11/site-packages/airflow/example_dags/example_setup_teardown_taskflow.py
[2023-09-23T10:30:31.085+0800] {logging_mixin.py:151} INFO - [2023-09-23T10:30:31.084+0800] {dag.py:2915} INFO - Sync 1 DAGs
[2023-09-23T10:30:31.093+0800] {logging_mixin.py:151} INFO - [2023-09-23T10:30:31.093+0800] {dag.py:3696} INFO - Setting next_dagrun for example_setup_teardown_taskflow to 2023-09-22T02:30:31.093159+00:00, run_after=2023-09-23T02:30:31.093159+00:00
[2023-09-23T10:30:31.103+0800] {processor.py:179} INFO - Processing /opt/homebrew/lib/python3.11/site-packages/airflow/example_dags/example_setup_teardown_taskflow.py took 0.146 seconds
[2023-09-23T13:49:23.577+0800] {processor.py:157} INFO - Started process (PID=78133) to work on /opt/homebrew/lib/python3.11/site-packages/airflow/example_dags/example_setup_teardown_taskflow.py
[2023-09-23T13:49:23.577+0800] {processor.py:829} INFO - Processing file /opt/homebrew/lib/python3.11/site-packages/airflow/example_dags/example_setup_teardown_taskflow.py for tasks to queue
[2023-09-23T13:49:23.578+0800] {logging_mixin.py:151} INFO - [2023-09-23T13:49:23.577+0800] {dagbag.py:539} INFO - Filling up the DagBag from /opt/homebrew/lib/python3.11/site-packages/airflow/example_dags/example_setup_teardown_taskflow.py
[2023-09-23T13:49:23.609+0800] {processor.py:839} INFO - DAG(s) dict_keys(['example_setup_teardown_taskflow']) retrieved from /opt/homebrew/lib/python3.11/site-packages/airflow/example_dags/example_setup_teardown_taskflow.py
[2023-09-23T13:49:23.703+0800] {logging_mixin.py:151} INFO - [2023-09-23T13:49:23.703+0800] {dag.py:2915} INFO - Sync 1 DAGs
[2023-09-23T13:49:23.711+0800] {logging_mixin.py:151} INFO - [2023-09-23T13:49:23.711+0800] {dag.py:3696} INFO - Setting next_dagrun for example_setup_teardown_taskflow to 2023-09-22T05:49:23.711537+00:00, run_after=2023-09-23T05:49:23.711537+00:00
[2023-09-23T13:49:23.721+0800] {processor.py:179} INFO - Processing /opt/homebrew/lib/python3.11/site-packages/airflow/example_dags/example_setup_teardown_taskflow.py took 0.145 seconds
[2023-09-23T17:28:02.920+0800] {processor.py:157} INFO - Started process (PID=78485) to work on /opt/homebrew/lib/python3.11/site-packages/airflow/example_dags/example_setup_teardown_taskflow.py
[2023-09-23T17:28:02.921+0800] {processor.py:829} INFO - Processing file /opt/homebrew/lib/python3.11/site-packages/airflow/example_dags/example_setup_teardown_taskflow.py for tasks to queue
[2023-09-23T17:28:02.921+0800] {logging_mixin.py:151} INFO - [2023-09-23T17:28:02.921+0800] {dagbag.py:539} INFO - Filling up the DagBag from /opt/homebrew/lib/python3.11/site-packages/airflow/example_dags/example_setup_teardown_taskflow.py
[2023-09-23T17:28:02.953+0800] {processor.py:839} INFO - DAG(s) dict_keys(['example_setup_teardown_taskflow']) retrieved from /opt/homebrew/lib/python3.11/site-packages/airflow/example_dags/example_setup_teardown_taskflow.py
[2023-09-23T17:28:03.047+0800] {logging_mixin.py:151} INFO - [2023-09-23T17:28:03.047+0800] {dag.py:2915} INFO - Sync 1 DAGs
[2023-09-23T17:28:03.056+0800] {logging_mixin.py:151} INFO - [2023-09-23T17:28:03.056+0800] {dag.py:3696} INFO - Setting next_dagrun for example_setup_teardown_taskflow to 2023-09-22T09:28:03.056179+00:00, run_after=2023-09-23T09:28:03.056179+00:00
[2023-09-23T17:28:03.066+0800] {processor.py:179} INFO - Processing /opt/homebrew/lib/python3.11/site-packages/airflow/example_dags/example_setup_teardown_taskflow.py took 0.146 seconds
[2023-09-23T20:41:25.344+0800] {processor.py:157} INFO - Started process (PID=78803) to work on /opt/homebrew/lib/python3.11/site-packages/airflow/example_dags/example_setup_teardown_taskflow.py
[2023-09-23T20:41:25.344+0800] {processor.py:829} INFO - Processing file /opt/homebrew/lib/python3.11/site-packages/airflow/example_dags/example_setup_teardown_taskflow.py for tasks to queue
[2023-09-23T20:41:25.344+0800] {logging_mixin.py:151} INFO - [2023-09-23T20:41:25.344+0800] {dagbag.py:539} INFO - Filling up the DagBag from /opt/homebrew/lib/python3.11/site-packages/airflow/example_dags/example_setup_teardown_taskflow.py
[2023-09-23T20:41:25.377+0800] {processor.py:839} INFO - DAG(s) dict_keys(['example_setup_teardown_taskflow']) retrieved from /opt/homebrew/lib/python3.11/site-packages/airflow/example_dags/example_setup_teardown_taskflow.py
[2023-09-23T20:41:25.471+0800] {logging_mixin.py:151} INFO - [2023-09-23T20:41:25.471+0800] {dag.py:2915} INFO - Sync 1 DAGs
[2023-09-23T20:41:25.479+0800] {logging_mixin.py:151} INFO - [2023-09-23T20:41:25.479+0800] {dag.py:3696} INFO - Setting next_dagrun for example_setup_teardown_taskflow to 2023-09-22T12:41:25.479703+00:00, run_after=2023-09-23T12:41:25.479703+00:00
[2023-09-23T20:41:25.489+0800] {processor.py:179} INFO - Processing /opt/homebrew/lib/python3.11/site-packages/airflow/example_dags/example_setup_teardown_taskflow.py took 0.146 seconds
[2023-09-23T23:58:56.338+0800] {processor.py:157} INFO - Started process (PID=79141) to work on /opt/homebrew/lib/python3.11/site-packages/airflow/example_dags/example_setup_teardown_taskflow.py
[2023-09-23T23:58:56.338+0800] {processor.py:829} INFO - Processing file /opt/homebrew/lib/python3.11/site-packages/airflow/example_dags/example_setup_teardown_taskflow.py for tasks to queue
[2023-09-23T23:58:56.339+0800] {logging_mixin.py:151} INFO - [2023-09-23T23:58:56.339+0800] {dagbag.py:539} INFO - Filling up the DagBag from /opt/homebrew/lib/python3.11/site-packages/airflow/example_dags/example_setup_teardown_taskflow.py
[2023-09-23T23:58:56.373+0800] {processor.py:839} INFO - DAG(s) dict_keys(['example_setup_teardown_taskflow']) retrieved from /opt/homebrew/lib/python3.11/site-packages/airflow/example_dags/example_setup_teardown_taskflow.py
[2023-09-23T23:58:56.474+0800] {logging_mixin.py:151} INFO - [2023-09-23T23:58:56.474+0800] {dag.py:2915} INFO - Sync 1 DAGs
[2023-09-23T23:58:56.483+0800] {logging_mixin.py:151} INFO - [2023-09-23T23:58:56.483+0800] {dag.py:3696} INFO - Setting next_dagrun for example_setup_teardown_taskflow to 2023-09-22T15:58:56.483052+00:00, run_after=2023-09-23T15:58:56.483052+00:00
[2023-09-23T23:58:56.493+0800] {processor.py:179} INFO - Processing /opt/homebrew/lib/python3.11/site-packages/airflow/example_dags/example_setup_teardown_taskflow.py took 0.156 seconds
[2023-09-24T03:14:43.121+0800] {processor.py:157} INFO - Started process (PID=79564) to work on /opt/homebrew/lib/python3.11/site-packages/airflow/example_dags/example_setup_teardown_taskflow.py
[2023-09-24T03:14:43.122+0800] {processor.py:829} INFO - Processing file /opt/homebrew/lib/python3.11/site-packages/airflow/example_dags/example_setup_teardown_taskflow.py for tasks to queue
[2023-09-24T03:14:43.122+0800] {logging_mixin.py:151} INFO - [2023-09-24T03:14:43.122+0800] {dagbag.py:539} INFO - Filling up the DagBag from /opt/homebrew/lib/python3.11/site-packages/airflow/example_dags/example_setup_teardown_taskflow.py
[2023-09-24T03:14:43.154+0800] {processor.py:839} INFO - DAG(s) dict_keys(['example_setup_teardown_taskflow']) retrieved from /opt/homebrew/lib/python3.11/site-packages/airflow/example_dags/example_setup_teardown_taskflow.py
[2023-09-24T03:14:43.249+0800] {logging_mixin.py:151} INFO - [2023-09-24T03:14:43.249+0800] {dag.py:2915} INFO - Sync 1 DAGs
[2023-09-24T03:14:43.257+0800] {logging_mixin.py:151} INFO - [2023-09-24T03:14:43.257+0800] {dag.py:3696} INFO - Setting next_dagrun for example_setup_teardown_taskflow to 2023-09-22T19:14:43.257695+00:00, run_after=2023-09-23T19:14:43.257695+00:00
[2023-09-24T03:14:43.267+0800] {processor.py:179} INFO - Processing /opt/homebrew/lib/python3.11/site-packages/airflow/example_dags/example_setup_teardown_taskflow.py took 0.147 seconds
[2023-09-24T06:19:20.266+0800] {processor.py:157} INFO - Started process (PID=79857) to work on /opt/homebrew/lib/python3.11/site-packages/airflow/example_dags/example_setup_teardown_taskflow.py
[2023-09-24T06:19:20.267+0800] {processor.py:829} INFO - Processing file /opt/homebrew/lib/python3.11/site-packages/airflow/example_dags/example_setup_teardown_taskflow.py for tasks to queue
[2023-09-24T06:19:20.267+0800] {logging_mixin.py:151} INFO - [2023-09-24T06:19:20.267+0800] {dagbag.py:539} INFO - Filling up the DagBag from /opt/homebrew/lib/python3.11/site-packages/airflow/example_dags/example_setup_teardown_taskflow.py
[2023-09-24T06:19:20.299+0800] {processor.py:839} INFO - DAG(s) dict_keys(['example_setup_teardown_taskflow']) retrieved from /opt/homebrew/lib/python3.11/site-packages/airflow/example_dags/example_setup_teardown_taskflow.py
[2023-09-24T06:19:20.392+0800] {logging_mixin.py:151} INFO - [2023-09-24T06:19:20.392+0800] {dag.py:2915} INFO - Sync 1 DAGs
[2023-09-24T06:19:20.401+0800] {logging_mixin.py:151} INFO - [2023-09-24T06:19:20.401+0800] {dag.py:3696} INFO - Setting next_dagrun for example_setup_teardown_taskflow to 2023-09-22T22:19:20.401081+00:00, run_after=2023-09-23T22:19:20.401081+00:00
[2023-09-24T06:19:20.411+0800] {processor.py:179} INFO - Processing /opt/homebrew/lib/python3.11/site-packages/airflow/example_dags/example_setup_teardown_taskflow.py took 0.145 seconds
