[2023-09-23T10:30:29.089+0800] {processor.py:157} INFO - Started process (PID=77838) to work on /opt/homebrew/lib/python3.11/site-packages/airflow/example_dags/example_short_circuit_decorator.py
[2023-09-23T10:30:29.089+0800] {processor.py:829} INFO - Processing file /opt/homebrew/lib/python3.11/site-packages/airflow/example_dags/example_short_circuit_decorator.py for tasks to queue
[2023-09-23T10:30:29.090+0800] {logging_mixin.py:151} INFO - [2023-09-23T10:30:29.089+0800] {dagbag.py:539} INFO - Filling up the DagBag from /opt/homebrew/lib/python3.11/site-packages/airflow/example_dags/example_short_circuit_decorator.py
[2023-09-23T10:30:29.121+0800] {processor.py:839} INFO - DAG(s) dict_keys(['example_short_circuit_decorator']) retrieved from /opt/homebrew/lib/python3.11/site-packages/airflow/example_dags/example_short_circuit_decorator.py
[2023-09-23T10:30:29.216+0800] {logging_mixin.py:151} INFO - [2023-09-23T10:30:29.215+0800] {dag.py:2915} INFO - Sync 1 DAGs
[2023-09-23T10:30:29.224+0800] {logging_mixin.py:151} INFO - [2023-09-23T10:30:29.224+0800] {dag.py:3696} INFO - Setting next_dagrun for example_short_circuit_decorator to 2023-09-22T02:30:29.224204+00:00, run_after=2023-09-23T02:30:29.224204+00:00
[2023-09-23T10:30:29.236+0800] {processor.py:179} INFO - Processing /opt/homebrew/lib/python3.11/site-packages/airflow/example_dags/example_short_circuit_decorator.py took 0.148 seconds
[2023-09-23T13:49:21.544+0800] {processor.py:157} INFO - Started process (PID=78119) to work on /opt/homebrew/lib/python3.11/site-packages/airflow/example_dags/example_short_circuit_decorator.py
[2023-09-23T13:49:21.545+0800] {processor.py:829} INFO - Processing file /opt/homebrew/lib/python3.11/site-packages/airflow/example_dags/example_short_circuit_decorator.py for tasks to queue
[2023-09-23T13:49:21.548+0800] {logging_mixin.py:151} INFO - [2023-09-23T13:49:21.547+0800] {dagbag.py:539} INFO - Filling up the DagBag from /opt/homebrew/lib/python3.11/site-packages/airflow/example_dags/example_short_circuit_decorator.py
[2023-09-23T13:49:21.588+0800] {processor.py:839} INFO - DAG(s) dict_keys(['example_short_circuit_decorator']) retrieved from /opt/homebrew/lib/python3.11/site-packages/airflow/example_dags/example_short_circuit_decorator.py
[2023-09-23T13:49:21.712+0800] {logging_mixin.py:151} INFO - [2023-09-23T13:49:21.712+0800] {dag.py:2915} INFO - Sync 1 DAGs
[2023-09-23T13:49:21.723+0800] {logging_mixin.py:151} INFO - [2023-09-23T13:49:21.723+0800] {dag.py:3696} INFO - Setting next_dagrun for example_short_circuit_decorator to 2023-09-22T05:49:21.723155+00:00, run_after=2023-09-23T05:49:21.723155+00:00
[2023-09-23T13:49:21.734+0800] {processor.py:179} INFO - Processing /opt/homebrew/lib/python3.11/site-packages/airflow/example_dags/example_short_circuit_decorator.py took 0.191 seconds
[2023-09-23T17:28:01.345+0800] {processor.py:157} INFO - Started process (PID=78472) to work on /opt/homebrew/lib/python3.11/site-packages/airflow/example_dags/example_short_circuit_decorator.py
[2023-09-23T17:28:01.346+0800] {processor.py:829} INFO - Processing file /opt/homebrew/lib/python3.11/site-packages/airflow/example_dags/example_short_circuit_decorator.py for tasks to queue
[2023-09-23T17:28:01.346+0800] {logging_mixin.py:151} INFO - [2023-09-23T17:28:01.346+0800] {dagbag.py:539} INFO - Filling up the DagBag from /opt/homebrew/lib/python3.11/site-packages/airflow/example_dags/example_short_circuit_decorator.py
[2023-09-23T17:28:01.400+0800] {processor.py:839} INFO - DAG(s) dict_keys(['example_short_circuit_decorator']) retrieved from /opt/homebrew/lib/python3.11/site-packages/airflow/example_dags/example_short_circuit_decorator.py
[2023-09-23T17:28:01.550+0800] {logging_mixin.py:151} INFO - [2023-09-23T17:28:01.550+0800] {dag.py:2915} INFO - Sync 1 DAGs
[2023-09-23T17:28:01.560+0800] {logging_mixin.py:151} INFO - [2023-09-23T17:28:01.560+0800] {dag.py:3696} INFO - Setting next_dagrun for example_short_circuit_decorator to 2023-09-22T09:28:01.560577+00:00, run_after=2023-09-23T09:28:01.560577+00:00
[2023-09-23T17:28:01.572+0800] {processor.py:179} INFO - Processing /opt/homebrew/lib/python3.11/site-packages/airflow/example_dags/example_short_circuit_decorator.py took 0.228 seconds
[2023-09-23T20:41:23.415+0800] {processor.py:157} INFO - Started process (PID=78794) to work on /opt/homebrew/lib/python3.11/site-packages/airflow/example_dags/example_short_circuit_decorator.py
[2023-09-23T20:41:23.416+0800] {processor.py:829} INFO - Processing file /opt/homebrew/lib/python3.11/site-packages/airflow/example_dags/example_short_circuit_decorator.py for tasks to queue
[2023-09-23T20:41:23.416+0800] {logging_mixin.py:151} INFO - [2023-09-23T20:41:23.416+0800] {dagbag.py:539} INFO - Filling up the DagBag from /opt/homebrew/lib/python3.11/site-packages/airflow/example_dags/example_short_circuit_decorator.py
[2023-09-23T20:41:23.454+0800] {processor.py:839} INFO - DAG(s) dict_keys(['example_short_circuit_decorator']) retrieved from /opt/homebrew/lib/python3.11/site-packages/airflow/example_dags/example_short_circuit_decorator.py
[2023-09-23T20:41:23.553+0800] {logging_mixin.py:151} INFO - [2023-09-23T20:41:23.553+0800] {dag.py:2915} INFO - Sync 1 DAGs
[2023-09-23T20:41:23.561+0800] {logging_mixin.py:151} INFO - [2023-09-23T20:41:23.561+0800] {dag.py:3696} INFO - Setting next_dagrun for example_short_circuit_decorator to 2023-09-22T12:41:23.561712+00:00, run_after=2023-09-23T12:41:23.561712+00:00
[2023-09-23T20:41:23.572+0800] {processor.py:179} INFO - Processing /opt/homebrew/lib/python3.11/site-packages/airflow/example_dags/example_short_circuit_decorator.py took 0.158 seconds
[2023-09-23T23:58:54.433+0800] {processor.py:157} INFO - Started process (PID=79135) to work on /opt/homebrew/lib/python3.11/site-packages/airflow/example_dags/example_short_circuit_decorator.py
[2023-09-23T23:58:54.435+0800] {processor.py:829} INFO - Processing file /opt/homebrew/lib/python3.11/site-packages/airflow/example_dags/example_short_circuit_decorator.py for tasks to queue
[2023-09-23T23:58:54.435+0800] {logging_mixin.py:151} INFO - [2023-09-23T23:58:54.435+0800] {dagbag.py:539} INFO - Filling up the DagBag from /opt/homebrew/lib/python3.11/site-packages/airflow/example_dags/example_short_circuit_decorator.py
[2023-09-23T23:58:54.467+0800] {processor.py:839} INFO - DAG(s) dict_keys(['example_short_circuit_decorator']) retrieved from /opt/homebrew/lib/python3.11/site-packages/airflow/example_dags/example_short_circuit_decorator.py
[2023-09-23T23:58:54.562+0800] {logging_mixin.py:151} INFO - [2023-09-23T23:58:54.562+0800] {dag.py:2915} INFO - Sync 1 DAGs
[2023-09-23T23:58:54.570+0800] {logging_mixin.py:151} INFO - [2023-09-23T23:58:54.570+0800] {dag.py:3696} INFO - Setting next_dagrun for example_short_circuit_decorator to 2023-09-22T15:58:54.570385+00:00, run_after=2023-09-23T15:58:54.570385+00:00
[2023-09-23T23:58:54.580+0800] {processor.py:179} INFO - Processing /opt/homebrew/lib/python3.11/site-packages/airflow/example_dags/example_short_circuit_decorator.py took 0.147 seconds
[2023-09-24T03:14:41.203+0800] {processor.py:157} INFO - Started process (PID=79561) to work on /opt/homebrew/lib/python3.11/site-packages/airflow/example_dags/example_short_circuit_decorator.py
[2023-09-24T03:14:41.203+0800] {processor.py:829} INFO - Processing file /opt/homebrew/lib/python3.11/site-packages/airflow/example_dags/example_short_circuit_decorator.py for tasks to queue
[2023-09-24T03:14:41.204+0800] {logging_mixin.py:151} INFO - [2023-09-24T03:14:41.204+0800] {dagbag.py:539} INFO - Filling up the DagBag from /opt/homebrew/lib/python3.11/site-packages/airflow/example_dags/example_short_circuit_decorator.py
[2023-09-24T03:14:41.236+0800] {processor.py:839} INFO - DAG(s) dict_keys(['example_short_circuit_decorator']) retrieved from /opt/homebrew/lib/python3.11/site-packages/airflow/example_dags/example_short_circuit_decorator.py
[2023-09-24T03:14:41.331+0800] {logging_mixin.py:151} INFO - [2023-09-24T03:14:41.331+0800] {dag.py:2915} INFO - Sync 1 DAGs
[2023-09-24T03:14:41.339+0800] {logging_mixin.py:151} INFO - [2023-09-24T03:14:41.339+0800] {dag.py:3696} INFO - Setting next_dagrun for example_short_circuit_decorator to 2023-09-22T19:14:41.339702+00:00, run_after=2023-09-23T19:14:41.339702+00:00
[2023-09-24T03:14:41.350+0800] {processor.py:179} INFO - Processing /opt/homebrew/lib/python3.11/site-packages/airflow/example_dags/example_short_circuit_decorator.py took 0.147 seconds
[2023-09-24T06:19:19.266+0800] {processor.py:157} INFO - Started process (PID=79855) to work on /opt/homebrew/lib/python3.11/site-packages/airflow/example_dags/example_short_circuit_decorator.py
[2023-09-24T06:19:19.266+0800] {processor.py:829} INFO - Processing file /opt/homebrew/lib/python3.11/site-packages/airflow/example_dags/example_short_circuit_decorator.py for tasks to queue
[2023-09-24T06:19:19.267+0800] {logging_mixin.py:151} INFO - [2023-09-24T06:19:19.267+0800] {dagbag.py:539} INFO - Filling up the DagBag from /opt/homebrew/lib/python3.11/site-packages/airflow/example_dags/example_short_circuit_decorator.py
[2023-09-24T06:19:19.299+0800] {processor.py:839} INFO - DAG(s) dict_keys(['example_short_circuit_decorator']) retrieved from /opt/homebrew/lib/python3.11/site-packages/airflow/example_dags/example_short_circuit_decorator.py
[2023-09-24T06:19:19.395+0800] {logging_mixin.py:151} INFO - [2023-09-24T06:19:19.395+0800] {dag.py:2915} INFO - Sync 1 DAGs
[2023-09-24T06:19:19.404+0800] {logging_mixin.py:151} INFO - [2023-09-24T06:19:19.404+0800] {dag.py:3696} INFO - Setting next_dagrun for example_short_circuit_decorator to 2023-09-22T22:19:19.404318+00:00, run_after=2023-09-23T22:19:19.404318+00:00
[2023-09-24T06:19:19.414+0800] {processor.py:179} INFO - Processing /opt/homebrew/lib/python3.11/site-packages/airflow/example_dags/example_short_circuit_decorator.py took 0.149 seconds
