[2023-09-23T09:14:12.809+0800] {processor.py:157} INFO - Started process (PID=77687) to work on /opt/homebrew/lib/python3.11/site-packages/airflow/example_dags/example_branch_labels.py
[2023-09-23T09:14:12.809+0800] {processor.py:829} INFO - Processing file /opt/homebrew/lib/python3.11/site-packages/airflow/example_dags/example_branch_labels.py for tasks to queue
[2023-09-23T09:14:12.809+0800] {logging_mixin.py:151} INFO - [2023-09-23T09:14:12.809+0800] {dagbag.py:539} INFO - Filling up the DagBag from /opt/homebrew/lib/python3.11/site-packages/airflow/example_dags/example_branch_labels.py
[2023-09-23T09:14:12.825+0800] {processor.py:839} INFO - DAG(s) dict_keys(['example_branch_labels']) retrieved from /opt/homebrew/lib/python3.11/site-packages/airflow/example_dags/example_branch_labels.py
[2023-09-23T09:14:12.922+0800] {logging_mixin.py:151} INFO - [2023-09-23T09:14:12.922+0800] {dag.py:2915} INFO - Sync 1 DAGs
[2023-09-23T09:14:12.931+0800] {logging_mixin.py:151} INFO - [2023-09-23T09:14:12.931+0800] {dag.py:3696} INFO - Setting next_dagrun for example_branch_labels to 2023-09-22T00:00:00+00:00, run_after=2023-09-23T00:00:00+00:00
[2023-09-23T09:14:12.942+0800] {processor.py:179} INFO - Processing /opt/homebrew/lib/python3.11/site-packages/airflow/example_dags/example_branch_labels.py took 0.134 seconds
[2023-09-23T15:28:13.292+0800] {processor.py:157} INFO - Started process (PID=78308) to work on /opt/homebrew/lib/python3.11/site-packages/airflow/example_dags/example_branch_labels.py
[2023-09-23T15:28:13.293+0800] {processor.py:829} INFO - Processing file /opt/homebrew/lib/python3.11/site-packages/airflow/example_dags/example_branch_labels.py for tasks to queue
[2023-09-23T15:28:13.293+0800] {logging_mixin.py:151} INFO - [2023-09-23T15:28:13.293+0800] {dagbag.py:539} INFO - Filling up the DagBag from /opt/homebrew/lib/python3.11/site-packages/airflow/example_dags/example_branch_labels.py
[2023-09-23T15:28:13.309+0800] {processor.py:839} INFO - DAG(s) dict_keys(['example_branch_labels']) retrieved from /opt/homebrew/lib/python3.11/site-packages/airflow/example_dags/example_branch_labels.py
[2023-09-23T15:28:13.404+0800] {logging_mixin.py:151} INFO - [2023-09-23T15:28:13.404+0800] {dag.py:2915} INFO - Sync 1 DAGs
[2023-09-23T15:28:13.413+0800] {logging_mixin.py:151} INFO - [2023-09-23T15:28:13.413+0800] {dag.py:3696} INFO - Setting next_dagrun for example_branch_labels to 2023-09-22T00:00:00+00:00, run_after=2023-09-23T00:00:00+00:00
[2023-09-23T15:28:13.423+0800] {processor.py:179} INFO - Processing /opt/homebrew/lib/python3.11/site-packages/airflow/example_dags/example_branch_labels.py took 0.131 seconds
[2023-09-23T18:58:36.715+0800] {processor.py:157} INFO - Started process (PID=78628) to work on /opt/homebrew/lib/python3.11/site-packages/airflow/example_dags/example_branch_labels.py
[2023-09-23T18:58:36.716+0800] {processor.py:829} INFO - Processing file /opt/homebrew/lib/python3.11/site-packages/airflow/example_dags/example_branch_labels.py for tasks to queue
[2023-09-23T18:58:36.716+0800] {logging_mixin.py:151} INFO - [2023-09-23T18:58:36.716+0800] {dagbag.py:539} INFO - Filling up the DagBag from /opt/homebrew/lib/python3.11/site-packages/airflow/example_dags/example_branch_labels.py
[2023-09-23T18:58:36.736+0800] {processor.py:839} INFO - DAG(s) dict_keys(['example_branch_labels']) retrieved from /opt/homebrew/lib/python3.11/site-packages/airflow/example_dags/example_branch_labels.py
[2023-09-23T18:58:36.833+0800] {logging_mixin.py:151} INFO - [2023-09-23T18:58:36.832+0800] {dag.py:2915} INFO - Sync 1 DAGs
[2023-09-23T18:58:36.842+0800] {logging_mixin.py:151} INFO - [2023-09-23T18:58:36.842+0800] {dag.py:3696} INFO - Setting next_dagrun for example_branch_labels to 2023-09-22T00:00:00+00:00, run_after=2023-09-23T00:00:00+00:00
[2023-09-23T18:58:36.853+0800] {processor.py:179} INFO - Processing /opt/homebrew/lib/python3.11/site-packages/airflow/example_dags/example_branch_labels.py took 0.138 seconds
[2023-09-24T01:39:08.088+0800] {processor.py:157} INFO - Started process (PID=79289) to work on /opt/homebrew/lib/python3.11/site-packages/airflow/example_dags/example_branch_labels.py
[2023-09-24T01:39:08.089+0800] {processor.py:829} INFO - Processing file /opt/homebrew/lib/python3.11/site-packages/airflow/example_dags/example_branch_labels.py for tasks to queue
[2023-09-24T01:39:08.089+0800] {logging_mixin.py:151} INFO - [2023-09-24T01:39:08.089+0800] {dagbag.py:539} INFO - Filling up the DagBag from /opt/homebrew/lib/python3.11/site-packages/airflow/example_dags/example_branch_labels.py
[2023-09-24T01:39:08.112+0800] {processor.py:839} INFO - DAG(s) dict_keys(['example_branch_labels']) retrieved from /opt/homebrew/lib/python3.11/site-packages/airflow/example_dags/example_branch_labels.py
[2023-09-24T01:39:08.242+0800] {logging_mixin.py:151} INFO - [2023-09-24T01:39:08.242+0800] {dag.py:2915} INFO - Sync 1 DAGs
[2023-09-24T01:39:08.255+0800] {logging_mixin.py:151} INFO - [2023-09-24T01:39:08.255+0800] {dag.py:3696} INFO - Setting next_dagrun for example_branch_labels to 2023-09-22T00:00:00+00:00, run_after=2023-09-23T00:00:00+00:00
[2023-09-24T01:39:08.270+0800] {processor.py:179} INFO - Processing /opt/homebrew/lib/python3.11/site-packages/airflow/example_dags/example_branch_labels.py took 0.182 seconds
[2023-09-24T07:58:30.489+0800] {processor.py:157} INFO - Started process (PID=80011) to work on /opt/homebrew/lib/python3.11/site-packages/airflow/example_dags/example_branch_labels.py
[2023-09-24T07:58:30.490+0800] {processor.py:829} INFO - Processing file /opt/homebrew/lib/python3.11/site-packages/airflow/example_dags/example_branch_labels.py for tasks to queue
[2023-09-24T07:58:30.490+0800] {logging_mixin.py:151} INFO - [2023-09-24T07:58:30.490+0800] {dagbag.py:539} INFO - Filling up the DagBag from /opt/homebrew/lib/python3.11/site-packages/airflow/example_dags/example_branch_labels.py
[2023-09-24T07:58:30.506+0800] {processor.py:839} INFO - DAG(s) dict_keys(['example_branch_labels']) retrieved from /opt/homebrew/lib/python3.11/site-packages/airflow/example_dags/example_branch_labels.py
[2023-09-24T07:58:30.601+0800] {logging_mixin.py:151} INFO - [2023-09-24T07:58:30.601+0800] {dag.py:2915} INFO - Sync 1 DAGs
[2023-09-24T07:58:30.611+0800] {logging_mixin.py:151} INFO - [2023-09-24T07:58:30.611+0800] {dag.py:3696} INFO - Setting next_dagrun for example_branch_labels to 2023-09-22T00:00:00+00:00, run_after=2023-09-23T00:00:00+00:00
[2023-09-24T07:58:30.621+0800] {processor.py:179} INFO - Processing /opt/homebrew/lib/python3.11/site-packages/airflow/example_dags/example_branch_labels.py took 0.132 seconds
