[2023-09-23T08:57:26.237+0800] {processor.py:157} INFO - Started process (PID=77657) to work on /opt/homebrew/lib/python3.11/site-packages/airflow/example_dags/example_datasets.py
[2023-09-23T08:57:26.238+0800] {processor.py:829} INFO - Processing file /opt/homebrew/lib/python3.11/site-packages/airflow/example_dags/example_datasets.py for tasks to queue
[2023-09-23T08:57:26.238+0800] {logging_mixin.py:151} INFO - [2023-09-23T08:57:26.238+0800] {dagbag.py:539} INFO - Filling up the DagBag from /opt/homebrew/lib/python3.11/site-packages/airflow/example_dags/example_datasets.py
[2023-09-23T08:57:26.257+0800] {processor.py:839} INFO - DAG(s) dict_keys(['dataset_consumes_1_never_scheduled', 'dataset_consumes_1_and_2', 'dataset_produces_2', 'dataset_produces_1', 'dataset_consumes_unknown_never_scheduled', 'dataset_consumes_1']) retrieved from /opt/homebrew/lib/python3.11/site-packages/airflow/example_dags/example_datasets.py
[2023-09-23T08:57:26.386+0800] {logging_mixin.py:151} INFO - [2023-09-23T08:57:26.386+0800] {dag.py:2915} INFO - Sync 6 DAGs
[2023-09-23T08:57:26.399+0800] {logging_mixin.py:151} INFO - [2023-09-23T08:57:26.399+0800] {dag.py:3696} INFO - Setting next_dagrun for dataset_consumes_1 to None, run_after=None
[2023-09-23T08:57:26.401+0800] {logging_mixin.py:151} INFO - [2023-09-23T08:57:26.401+0800] {dag.py:3696} INFO - Setting next_dagrun for dataset_consumes_1_and_2 to None, run_after=None
[2023-09-23T08:57:26.402+0800] {logging_mixin.py:151} INFO - [2023-09-23T08:57:26.402+0800] {dag.py:3696} INFO - Setting next_dagrun for dataset_consumes_1_never_scheduled to None, run_after=None
[2023-09-23T08:57:26.402+0800] {logging_mixin.py:151} INFO - [2023-09-23T08:57:26.402+0800] {dag.py:3696} INFO - Setting next_dagrun for dataset_consumes_unknown_never_scheduled to None, run_after=None
[2023-09-23T08:57:26.403+0800] {logging_mixin.py:151} INFO - [2023-09-23T08:57:26.403+0800] {dag.py:3696} INFO - Setting next_dagrun for dataset_produces_1 to 2023-09-22T00:00:00+00:00, run_after=2023-09-23T00:00:00+00:00
[2023-09-23T08:57:26.404+0800] {logging_mixin.py:151} INFO - [2023-09-23T08:57:26.404+0800] {dag.py:3696} INFO - Setting next_dagrun for dataset_produces_2 to None, run_after=None
[2023-09-23T08:57:26.420+0800] {processor.py:179} INFO - Processing /opt/homebrew/lib/python3.11/site-packages/airflow/example_dags/example_datasets.py took 0.183 seconds
[2023-09-23T11:53:55.054+0800] {processor.py:157} INFO - Started process (PID=77949) to work on /opt/homebrew/lib/python3.11/site-packages/airflow/example_dags/example_datasets.py
[2023-09-23T11:53:55.055+0800] {processor.py:829} INFO - Processing file /opt/homebrew/lib/python3.11/site-packages/airflow/example_dags/example_datasets.py for tasks to queue
[2023-09-23T11:53:55.055+0800] {logging_mixin.py:151} INFO - [2023-09-23T11:53:55.055+0800] {dagbag.py:539} INFO - Filling up the DagBag from /opt/homebrew/lib/python3.11/site-packages/airflow/example_dags/example_datasets.py
[2023-09-23T11:53:55.072+0800] {processor.py:839} INFO - DAG(s) dict_keys(['dataset_consumes_1', 'dataset_consumes_1_and_2', 'dataset_consumes_1_never_scheduled', 'dataset_produces_2', 'dataset_produces_1', 'dataset_consumes_unknown_never_scheduled']) retrieved from /opt/homebrew/lib/python3.11/site-packages/airflow/example_dags/example_datasets.py
[2023-09-23T11:53:55.173+0800] {logging_mixin.py:151} INFO - [2023-09-23T11:53:55.173+0800] {dag.py:2915} INFO - Sync 6 DAGs
[2023-09-23T11:53:55.182+0800] {logging_mixin.py:151} INFO - [2023-09-23T11:53:55.182+0800] {dag.py:3696} INFO - Setting next_dagrun for dataset_consumes_1 to None, run_after=None
[2023-09-23T11:53:55.184+0800] {logging_mixin.py:151} INFO - [2023-09-23T11:53:55.184+0800] {dag.py:3696} INFO - Setting next_dagrun for dataset_consumes_1_and_2 to None, run_after=None
[2023-09-23T11:53:55.184+0800] {logging_mixin.py:151} INFO - [2023-09-23T11:53:55.184+0800] {dag.py:3696} INFO - Setting next_dagrun for dataset_consumes_1_never_scheduled to None, run_after=None
[2023-09-23T11:53:55.185+0800] {logging_mixin.py:151} INFO - [2023-09-23T11:53:55.185+0800] {dag.py:3696} INFO - Setting next_dagrun for dataset_consumes_unknown_never_scheduled to None, run_after=None
[2023-09-23T11:53:55.186+0800] {logging_mixin.py:151} INFO - [2023-09-23T11:53:55.186+0800] {dag.py:3696} INFO - Setting next_dagrun for dataset_produces_1 to 2023-09-22T00:00:00+00:00, run_after=2023-09-23T00:00:00+00:00
[2023-09-23T11:53:55.186+0800] {logging_mixin.py:151} INFO - [2023-09-23T11:53:55.186+0800] {dag.py:3696} INFO - Setting next_dagrun for dataset_produces_2 to None, run_after=None
[2023-09-23T11:53:55.200+0800] {processor.py:179} INFO - Processing /opt/homebrew/lib/python3.11/site-packages/airflow/example_dags/example_datasets.py took 0.146 seconds
[2023-09-23T14:53:55.551+0800] {processor.py:157} INFO - Started process (PID=78262) to work on /opt/homebrew/lib/python3.11/site-packages/airflow/example_dags/example_datasets.py
[2023-09-23T14:53:55.551+0800] {processor.py:829} INFO - Processing file /opt/homebrew/lib/python3.11/site-packages/airflow/example_dags/example_datasets.py for tasks to queue
[2023-09-23T14:53:55.552+0800] {logging_mixin.py:151} INFO - [2023-09-23T14:53:55.552+0800] {dagbag.py:539} INFO - Filling up the DagBag from /opt/homebrew/lib/python3.11/site-packages/airflow/example_dags/example_datasets.py
[2023-09-23T14:53:55.569+0800] {processor.py:839} INFO - DAG(s) dict_keys(['dataset_consumes_1_never_scheduled', 'dataset_produces_1', 'dataset_consumes_1_and_2', 'dataset_produces_2', 'dataset_consumes_1', 'dataset_consumes_unknown_never_scheduled']) retrieved from /opt/homebrew/lib/python3.11/site-packages/airflow/example_dags/example_datasets.py
[2023-09-23T14:53:55.670+0800] {logging_mixin.py:151} INFO - [2023-09-23T14:53:55.670+0800] {dag.py:2915} INFO - Sync 6 DAGs
[2023-09-23T14:53:55.680+0800] {logging_mixin.py:151} INFO - [2023-09-23T14:53:55.680+0800] {dag.py:3696} INFO - Setting next_dagrun for dataset_consumes_1 to None, run_after=None
[2023-09-23T14:53:55.681+0800] {logging_mixin.py:151} INFO - [2023-09-23T14:53:55.681+0800] {dag.py:3696} INFO - Setting next_dagrun for dataset_consumes_1_and_2 to None, run_after=None
[2023-09-23T14:53:55.682+0800] {logging_mixin.py:151} INFO - [2023-09-23T14:53:55.682+0800] {dag.py:3696} INFO - Setting next_dagrun for dataset_consumes_1_never_scheduled to None, run_after=None
[2023-09-23T14:53:55.682+0800] {logging_mixin.py:151} INFO - [2023-09-23T14:53:55.682+0800] {dag.py:3696} INFO - Setting next_dagrun for dataset_consumes_unknown_never_scheduled to None, run_after=None
[2023-09-23T14:53:55.683+0800] {logging_mixin.py:151} INFO - [2023-09-23T14:53:55.683+0800] {dag.py:3696} INFO - Setting next_dagrun for dataset_produces_1 to 2023-09-22T00:00:00+00:00, run_after=2023-09-23T00:00:00+00:00
[2023-09-23T14:53:55.684+0800] {logging_mixin.py:151} INFO - [2023-09-23T14:53:55.684+0800] {dag.py:3696} INFO - Setting next_dagrun for dataset_produces_2 to None, run_after=None
[2023-09-23T14:53:55.697+0800] {processor.py:179} INFO - Processing /opt/homebrew/lib/python3.11/site-packages/airflow/example_dags/example_datasets.py took 0.147 seconds
[2023-09-23T18:26:51.285+0800] {processor.py:157} INFO - Started process (PID=78590) to work on /opt/homebrew/lib/python3.11/site-packages/airflow/example_dags/example_datasets.py
[2023-09-23T18:26:51.285+0800] {processor.py:829} INFO - Processing file /opt/homebrew/lib/python3.11/site-packages/airflow/example_dags/example_datasets.py for tasks to queue
[2023-09-23T18:26:51.286+0800] {logging_mixin.py:151} INFO - [2023-09-23T18:26:51.285+0800] {dagbag.py:539} INFO - Filling up the DagBag from /opt/homebrew/lib/python3.11/site-packages/airflow/example_dags/example_datasets.py
[2023-09-23T18:26:51.302+0800] {processor.py:839} INFO - DAG(s) dict_keys(['dataset_produces_2', 'dataset_consumes_1_never_scheduled', 'dataset_consumes_unknown_never_scheduled', 'dataset_consumes_1_and_2', 'dataset_consumes_1', 'dataset_produces_1']) retrieved from /opt/homebrew/lib/python3.11/site-packages/airflow/example_dags/example_datasets.py
[2023-09-23T18:26:51.403+0800] {logging_mixin.py:151} INFO - [2023-09-23T18:26:51.403+0800] {dag.py:2915} INFO - Sync 6 DAGs
[2023-09-23T18:26:51.413+0800] {logging_mixin.py:151} INFO - [2023-09-23T18:26:51.413+0800] {dag.py:3696} INFO - Setting next_dagrun for dataset_consumes_1 to None, run_after=None
[2023-09-23T18:26:51.414+0800] {logging_mixin.py:151} INFO - [2023-09-23T18:26:51.414+0800] {dag.py:3696} INFO - Setting next_dagrun for dataset_consumes_1_and_2 to None, run_after=None
[2023-09-23T18:26:51.415+0800] {logging_mixin.py:151} INFO - [2023-09-23T18:26:51.414+0800] {dag.py:3696} INFO - Setting next_dagrun for dataset_consumes_1_never_scheduled to None, run_after=None
[2023-09-23T18:26:51.415+0800] {logging_mixin.py:151} INFO - [2023-09-23T18:26:51.415+0800] {dag.py:3696} INFO - Setting next_dagrun for dataset_consumes_unknown_never_scheduled to None, run_after=None
[2023-09-23T18:26:51.416+0800] {logging_mixin.py:151} INFO - [2023-09-23T18:26:51.416+0800] {dag.py:3696} INFO - Setting next_dagrun for dataset_produces_1 to 2023-09-22T00:00:00+00:00, run_after=2023-09-23T00:00:00+00:00
[2023-09-23T18:26:51.416+0800] {logging_mixin.py:151} INFO - [2023-09-23T18:26:51.416+0800] {dag.py:3696} INFO - Setting next_dagrun for dataset_produces_2 to None, run_after=None
[2023-09-23T18:26:51.430+0800] {processor.py:179} INFO - Processing /opt/homebrew/lib/python3.11/site-packages/airflow/example_dags/example_datasets.py took 0.146 seconds
[2023-09-23T22:02:09.687+0800] {processor.py:157} INFO - Started process (PID=78918) to work on /opt/homebrew/lib/python3.11/site-packages/airflow/example_dags/example_datasets.py
[2023-09-23T22:02:09.715+0800] {processor.py:829} INFO - Processing file /opt/homebrew/lib/python3.11/site-packages/airflow/example_dags/example_datasets.py for tasks to queue
[2023-09-23T22:02:09.718+0800] {logging_mixin.py:151} INFO - [2023-09-23T22:02:09.717+0800] {dagbag.py:539} INFO - Filling up the DagBag from /opt/homebrew/lib/python3.11/site-packages/airflow/example_dags/example_datasets.py
[2023-09-23T22:02:09.741+0800] {processor.py:839} INFO - DAG(s) dict_keys(['dataset_produces_2', 'dataset_consumes_1_and_2', 'dataset_produces_1', 'dataset_consumes_unknown_never_scheduled', 'dataset_consumes_1_never_scheduled', 'dataset_consumes_1']) retrieved from /opt/homebrew/lib/python3.11/site-packages/airflow/example_dags/example_datasets.py
[2023-09-23T22:02:09.868+0800] {logging_mixin.py:151} INFO - [2023-09-23T22:02:09.868+0800] {dag.py:2915} INFO - Sync 6 DAGs
[2023-09-23T22:02:09.881+0800] {logging_mixin.py:151} INFO - [2023-09-23T22:02:09.881+0800] {dag.py:3696} INFO - Setting next_dagrun for dataset_consumes_1 to None, run_after=None
[2023-09-23T22:02:09.883+0800] {logging_mixin.py:151} INFO - [2023-09-23T22:02:09.883+0800] {dag.py:3696} INFO - Setting next_dagrun for dataset_consumes_1_and_2 to None, run_after=None
[2023-09-23T22:02:09.884+0800] {logging_mixin.py:151} INFO - [2023-09-23T22:02:09.884+0800] {dag.py:3696} INFO - Setting next_dagrun for dataset_consumes_1_never_scheduled to None, run_after=None
[2023-09-23T22:02:09.884+0800] {logging_mixin.py:151} INFO - [2023-09-23T22:02:09.884+0800] {dag.py:3696} INFO - Setting next_dagrun for dataset_consumes_unknown_never_scheduled to None, run_after=None
[2023-09-23T22:02:09.885+0800] {logging_mixin.py:151} INFO - [2023-09-23T22:02:09.885+0800] {dag.py:3696} INFO - Setting next_dagrun for dataset_produces_1 to 2023-09-22T00:00:00+00:00, run_after=2023-09-23T00:00:00+00:00
[2023-09-23T22:02:09.886+0800] {logging_mixin.py:151} INFO - [2023-09-23T22:02:09.886+0800] {dag.py:3696} INFO - Setting next_dagrun for dataset_produces_2 to None, run_after=None
[2023-09-23T22:02:09.903+0800] {processor.py:179} INFO - Processing /opt/homebrew/lib/python3.11/site-packages/airflow/example_dags/example_datasets.py took 0.218 seconds
[2023-09-24T01:05:34.950+0800] {processor.py:157} INFO - Started process (PID=79264) to work on /opt/homebrew/lib/python3.11/site-packages/airflow/example_dags/example_datasets.py
[2023-09-24T01:05:34.951+0800] {processor.py:829} INFO - Processing file /opt/homebrew/lib/python3.11/site-packages/airflow/example_dags/example_datasets.py for tasks to queue
[2023-09-24T01:05:34.951+0800] {logging_mixin.py:151} INFO - [2023-09-24T01:05:34.951+0800] {dagbag.py:539} INFO - Filling up the DagBag from /opt/homebrew/lib/python3.11/site-packages/airflow/example_dags/example_datasets.py
[2023-09-24T01:05:34.968+0800] {processor.py:839} INFO - DAG(s) dict_keys(['dataset_consumes_1_never_scheduled', 'dataset_consumes_1', 'dataset_consumes_1_and_2', 'dataset_produces_2', 'dataset_produces_1', 'dataset_consumes_unknown_never_scheduled']) retrieved from /opt/homebrew/lib/python3.11/site-packages/airflow/example_dags/example_datasets.py
[2023-09-24T01:05:35.070+0800] {logging_mixin.py:151} INFO - [2023-09-24T01:05:35.070+0800] {dag.py:2915} INFO - Sync 6 DAGs
[2023-09-24T01:05:35.079+0800] {logging_mixin.py:151} INFO - [2023-09-24T01:05:35.079+0800] {dag.py:3696} INFO - Setting next_dagrun for dataset_consumes_1 to None, run_after=None
[2023-09-24T01:05:35.081+0800] {logging_mixin.py:151} INFO - [2023-09-24T01:05:35.081+0800] {dag.py:3696} INFO - Setting next_dagrun for dataset_consumes_1_and_2 to None, run_after=None
[2023-09-24T01:05:35.081+0800] {logging_mixin.py:151} INFO - [2023-09-24T01:05:35.081+0800] {dag.py:3696} INFO - Setting next_dagrun for dataset_consumes_1_never_scheduled to None, run_after=None
[2023-09-24T01:05:35.082+0800] {logging_mixin.py:151} INFO - [2023-09-24T01:05:35.082+0800] {dag.py:3696} INFO - Setting next_dagrun for dataset_consumes_unknown_never_scheduled to None, run_after=None
[2023-09-24T01:05:35.083+0800] {logging_mixin.py:151} INFO - [2023-09-24T01:05:35.083+0800] {dag.py:3696} INFO - Setting next_dagrun for dataset_produces_1 to 2023-09-22T00:00:00+00:00, run_after=2023-09-23T00:00:00+00:00
[2023-09-24T01:05:35.083+0800] {logging_mixin.py:151} INFO - [2023-09-24T01:05:35.083+0800] {dag.py:3696} INFO - Setting next_dagrun for dataset_produces_2 to None, run_after=None
[2023-09-24T01:05:35.097+0800] {processor.py:179} INFO - Processing /opt/homebrew/lib/python3.11/site-packages/airflow/example_dags/example_datasets.py took 0.147 seconds
[2023-09-24T04:20:39.275+0800] {processor.py:157} INFO - Started process (PID=79673) to work on /opt/homebrew/lib/python3.11/site-packages/airflow/example_dags/example_datasets.py
[2023-09-24T04:20:39.276+0800] {processor.py:829} INFO - Processing file /opt/homebrew/lib/python3.11/site-packages/airflow/example_dags/example_datasets.py for tasks to queue
[2023-09-24T04:20:39.276+0800] {logging_mixin.py:151} INFO - [2023-09-24T04:20:39.276+0800] {dagbag.py:539} INFO - Filling up the DagBag from /opt/homebrew/lib/python3.11/site-packages/airflow/example_dags/example_datasets.py
[2023-09-24T04:20:39.294+0800] {processor.py:839} INFO - DAG(s) dict_keys(['dataset_consumes_1', 'dataset_consumes_unknown_never_scheduled', 'dataset_produces_2', 'dataset_consumes_1_and_2', 'dataset_produces_1', 'dataset_consumes_1_never_scheduled']) retrieved from /opt/homebrew/lib/python3.11/site-packages/airflow/example_dags/example_datasets.py
[2023-09-24T04:20:39.395+0800] {logging_mixin.py:151} INFO - [2023-09-24T04:20:39.395+0800] {dag.py:2915} INFO - Sync 6 DAGs
[2023-09-24T04:20:39.404+0800] {logging_mixin.py:151} INFO - [2023-09-24T04:20:39.404+0800] {dag.py:3696} INFO - Setting next_dagrun for dataset_consumes_1 to None, run_after=None
[2023-09-24T04:20:39.406+0800] {logging_mixin.py:151} INFO - [2023-09-24T04:20:39.406+0800] {dag.py:3696} INFO - Setting next_dagrun for dataset_consumes_1_and_2 to None, run_after=None
[2023-09-24T04:20:39.406+0800] {logging_mixin.py:151} INFO - [2023-09-24T04:20:39.406+0800] {dag.py:3696} INFO - Setting next_dagrun for dataset_consumes_1_never_scheduled to None, run_after=None
[2023-09-24T04:20:39.407+0800] {logging_mixin.py:151} INFO - [2023-09-24T04:20:39.407+0800] {dag.py:3696} INFO - Setting next_dagrun for dataset_consumes_unknown_never_scheduled to None, run_after=None
[2023-09-24T04:20:39.408+0800] {logging_mixin.py:151} INFO - [2023-09-24T04:20:39.408+0800] {dag.py:3696} INFO - Setting next_dagrun for dataset_produces_1 to 2023-09-22T00:00:00+00:00, run_after=2023-09-23T00:00:00+00:00
[2023-09-24T04:20:39.408+0800] {logging_mixin.py:151} INFO - [2023-09-24T04:20:39.408+0800] {dag.py:3696} INFO - Setting next_dagrun for dataset_produces_2 to None, run_after=None
[2023-09-24T04:20:39.422+0800] {processor.py:179} INFO - Processing /opt/homebrew/lib/python3.11/site-packages/airflow/example_dags/example_datasets.py took 0.148 seconds
[2023-09-24T07:40:37.662+0800] {processor.py:157} INFO - Started process (PID=79975) to work on /opt/homebrew/lib/python3.11/site-packages/airflow/example_dags/example_datasets.py
[2023-09-24T07:40:37.663+0800] {processor.py:829} INFO - Processing file /opt/homebrew/lib/python3.11/site-packages/airflow/example_dags/example_datasets.py for tasks to queue
[2023-09-24T07:40:37.663+0800] {logging_mixin.py:151} INFO - [2023-09-24T07:40:37.663+0800] {dagbag.py:539} INFO - Filling up the DagBag from /opt/homebrew/lib/python3.11/site-packages/airflow/example_dags/example_datasets.py
[2023-09-24T07:40:37.681+0800] {processor.py:839} INFO - DAG(s) dict_keys(['dataset_produces_2', 'dataset_consumes_1_never_scheduled', 'dataset_consumes_unknown_never_scheduled', 'dataset_consumes_1_and_2', 'dataset_produces_1', 'dataset_consumes_1']) retrieved from /opt/homebrew/lib/python3.11/site-packages/airflow/example_dags/example_datasets.py
[2023-09-24T07:40:37.800+0800] {logging_mixin.py:151} INFO - [2023-09-24T07:40:37.800+0800] {dag.py:2915} INFO - Sync 6 DAGs
[2023-09-24T07:40:37.812+0800] {logging_mixin.py:151} INFO - [2023-09-24T07:40:37.812+0800] {dag.py:3696} INFO - Setting next_dagrun for dataset_consumes_1 to None, run_after=None
[2023-09-24T07:40:37.814+0800] {logging_mixin.py:151} INFO - [2023-09-24T07:40:37.814+0800] {dag.py:3696} INFO - Setting next_dagrun for dataset_consumes_1_and_2 to None, run_after=None
[2023-09-24T07:40:37.814+0800] {logging_mixin.py:151} INFO - [2023-09-24T07:40:37.814+0800] {dag.py:3696} INFO - Setting next_dagrun for dataset_consumes_1_never_scheduled to None, run_after=None
[2023-09-24T07:40:37.815+0800] {logging_mixin.py:151} INFO - [2023-09-24T07:40:37.815+0800] {dag.py:3696} INFO - Setting next_dagrun for dataset_consumes_unknown_never_scheduled to None, run_after=None
[2023-09-24T07:40:37.816+0800] {logging_mixin.py:151} INFO - [2023-09-24T07:40:37.816+0800] {dag.py:3696} INFO - Setting next_dagrun for dataset_produces_1 to 2023-09-22T00:00:00+00:00, run_after=2023-09-23T00:00:00+00:00
[2023-09-24T07:40:37.816+0800] {logging_mixin.py:151} INFO - [2023-09-24T07:40:37.816+0800] {dag.py:3696} INFO - Setting next_dagrun for dataset_produces_2 to None, run_after=None
[2023-09-24T07:40:37.831+0800] {processor.py:179} INFO - Processing /opt/homebrew/lib/python3.11/site-packages/airflow/example_dags/example_datasets.py took 0.169 seconds
