[2023-09-23T09:14:14.708+0800] {processor.py:157} INFO - Started process (PID=77702) to work on /opt/homebrew/lib/python3.11/site-packages/airflow/example_dags/example_branch_day_of_week_operator.py
[2023-09-23T09:14:14.709+0800] {processor.py:829} INFO - Processing file /opt/homebrew/lib/python3.11/site-packages/airflow/example_dags/example_branch_day_of_week_operator.py for tasks to queue
[2023-09-23T09:14:14.709+0800] {logging_mixin.py:151} INFO - [2023-09-23T09:14:14.709+0800] {dagbag.py:539} INFO - Filling up the DagBag from /opt/homebrew/lib/python3.11/site-packages/airflow/example_dags/example_branch_day_of_week_operator.py
[2023-09-23T09:14:14.727+0800] {processor.py:839} INFO - DAG(s) dict_keys(['example_weekday_branch_operator']) retrieved from /opt/homebrew/lib/python3.11/site-packages/airflow/example_dags/example_branch_day_of_week_operator.py
[2023-09-23T09:14:14.824+0800] {logging_mixin.py:151} INFO - [2023-09-23T09:14:14.824+0800] {dag.py:2915} INFO - Sync 1 DAGs
[2023-09-23T09:14:14.833+0800] {logging_mixin.py:151} INFO - [2023-09-23T09:14:14.833+0800] {dag.py:3696} INFO - Setting next_dagrun for example_weekday_branch_operator to 2023-09-22T00:00:00+00:00, run_after=2023-09-23T00:00:00+00:00
[2023-09-23T09:14:14.844+0800] {processor.py:179} INFO - Processing /opt/homebrew/lib/python3.11/site-packages/airflow/example_dags/example_branch_day_of_week_operator.py took 0.136 seconds
[2023-09-23T15:28:15.073+0800] {processor.py:157} INFO - Started process (PID=78311) to work on /opt/homebrew/lib/python3.11/site-packages/airflow/example_dags/example_branch_day_of_week_operator.py
[2023-09-23T15:28:15.074+0800] {processor.py:829} INFO - Processing file /opt/homebrew/lib/python3.11/site-packages/airflow/example_dags/example_branch_day_of_week_operator.py for tasks to queue
[2023-09-23T15:28:15.074+0800] {logging_mixin.py:151} INFO - [2023-09-23T15:28:15.074+0800] {dagbag.py:539} INFO - Filling up the DagBag from /opt/homebrew/lib/python3.11/site-packages/airflow/example_dags/example_branch_day_of_week_operator.py
[2023-09-23T15:28:15.091+0800] {processor.py:839} INFO - DAG(s) dict_keys(['example_weekday_branch_operator']) retrieved from /opt/homebrew/lib/python3.11/site-packages/airflow/example_dags/example_branch_day_of_week_operator.py
[2023-09-23T15:28:15.186+0800] {logging_mixin.py:151} INFO - [2023-09-23T15:28:15.185+0800] {dag.py:2915} INFO - Sync 1 DAGs
[2023-09-23T15:28:15.195+0800] {logging_mixin.py:151} INFO - [2023-09-23T15:28:15.194+0800] {dag.py:3696} INFO - Setting next_dagrun for example_weekday_branch_operator to 2023-09-22T00:00:00+00:00, run_after=2023-09-23T00:00:00+00:00
[2023-09-23T15:28:15.206+0800] {processor.py:179} INFO - Processing /opt/homebrew/lib/python3.11/site-packages/airflow/example_dags/example_branch_day_of_week_operator.py took 0.133 seconds
[2023-09-23T18:58:38.613+0800] {processor.py:157} INFO - Started process (PID=78644) to work on /opt/homebrew/lib/python3.11/site-packages/airflow/example_dags/example_branch_day_of_week_operator.py
[2023-09-23T18:58:38.614+0800] {processor.py:829} INFO - Processing file /opt/homebrew/lib/python3.11/site-packages/airflow/example_dags/example_branch_day_of_week_operator.py for tasks to queue
[2023-09-23T18:58:38.614+0800] {logging_mixin.py:151} INFO - [2023-09-23T18:58:38.614+0800] {dagbag.py:539} INFO - Filling up the DagBag from /opt/homebrew/lib/python3.11/site-packages/airflow/example_dags/example_branch_day_of_week_operator.py
[2023-09-23T18:58:38.631+0800] {processor.py:839} INFO - DAG(s) dict_keys(['example_weekday_branch_operator']) retrieved from /opt/homebrew/lib/python3.11/site-packages/airflow/example_dags/example_branch_day_of_week_operator.py
[2023-09-23T18:58:38.726+0800] {logging_mixin.py:151} INFO - [2023-09-23T18:58:38.726+0800] {dag.py:2915} INFO - Sync 1 DAGs
[2023-09-23T18:58:38.735+0800] {logging_mixin.py:151} INFO - [2023-09-23T18:58:38.735+0800] {dag.py:3696} INFO - Setting next_dagrun for example_weekday_branch_operator to 2023-09-22T00:00:00+00:00, run_after=2023-09-23T00:00:00+00:00
[2023-09-23T18:58:38.746+0800] {processor.py:179} INFO - Processing /opt/homebrew/lib/python3.11/site-packages/airflow/example_dags/example_branch_day_of_week_operator.py took 0.133 seconds
[2023-09-24T01:39:10.075+0800] {processor.py:157} INFO - Started process (PID=79303) to work on /opt/homebrew/lib/python3.11/site-packages/airflow/example_dags/example_branch_day_of_week_operator.py
[2023-09-24T01:39:10.075+0800] {processor.py:829} INFO - Processing file /opt/homebrew/lib/python3.11/site-packages/airflow/example_dags/example_branch_day_of_week_operator.py for tasks to queue
[2023-09-24T01:39:10.076+0800] {logging_mixin.py:151} INFO - [2023-09-24T01:39:10.076+0800] {dagbag.py:539} INFO - Filling up the DagBag from /opt/homebrew/lib/python3.11/site-packages/airflow/example_dags/example_branch_day_of_week_operator.py
[2023-09-24T01:39:10.093+0800] {processor.py:839} INFO - DAG(s) dict_keys(['example_weekday_branch_operator']) retrieved from /opt/homebrew/lib/python3.11/site-packages/airflow/example_dags/example_branch_day_of_week_operator.py
[2023-09-24T01:39:10.190+0800] {logging_mixin.py:151} INFO - [2023-09-24T01:39:10.190+0800] {dag.py:2915} INFO - Sync 1 DAGs
[2023-09-24T01:39:10.199+0800] {logging_mixin.py:151} INFO - [2023-09-24T01:39:10.199+0800] {dag.py:3696} INFO - Setting next_dagrun for example_weekday_branch_operator to 2023-09-22T00:00:00+00:00, run_after=2023-09-23T00:00:00+00:00
[2023-09-24T01:39:10.210+0800] {processor.py:179} INFO - Processing /opt/homebrew/lib/python3.11/site-packages/airflow/example_dags/example_branch_day_of_week_operator.py took 0.135 seconds
[2023-09-24T07:58:32.367+0800] {processor.py:157} INFO - Started process (PID=80015) to work on /opt/homebrew/lib/python3.11/site-packages/airflow/example_dags/example_branch_day_of_week_operator.py
[2023-09-24T07:58:32.368+0800] {processor.py:829} INFO - Processing file /opt/homebrew/lib/python3.11/site-packages/airflow/example_dags/example_branch_day_of_week_operator.py for tasks to queue
[2023-09-24T07:58:32.368+0800] {logging_mixin.py:151} INFO - [2023-09-24T07:58:32.368+0800] {dagbag.py:539} INFO - Filling up the DagBag from /opt/homebrew/lib/python3.11/site-packages/airflow/example_dags/example_branch_day_of_week_operator.py
[2023-09-24T07:58:32.386+0800] {processor.py:839} INFO - DAG(s) dict_keys(['example_weekday_branch_operator']) retrieved from /opt/homebrew/lib/python3.11/site-packages/airflow/example_dags/example_branch_day_of_week_operator.py
[2023-09-24T07:58:32.480+0800] {logging_mixin.py:151} INFO - [2023-09-24T07:58:32.480+0800] {dag.py:2915} INFO - Sync 1 DAGs
[2023-09-24T07:58:32.489+0800] {logging_mixin.py:151} INFO - [2023-09-24T07:58:32.489+0800] {dag.py:3696} INFO - Setting next_dagrun for example_weekday_branch_operator to 2023-09-22T00:00:00+00:00, run_after=2023-09-23T00:00:00+00:00
[2023-09-24T07:58:32.500+0800] {processor.py:179} INFO - Processing /opt/homebrew/lib/python3.11/site-packages/airflow/example_dags/example_branch_day_of_week_operator.py took 0.133 seconds
