[2023-09-23T08:08:14.707+0800] {processor.py:157} INFO - Started process (PID=77602) to work on /opt/homebrew/lib/python3.11/site-packages/airflow/example_dags/example_params_trigger_ui.py
[2023-09-23T08:08:14.708+0800] {processor.py:829} INFO - Processing file /opt/homebrew/lib/python3.11/site-packages/airflow/example_dags/example_params_trigger_ui.py for tasks to queue
[2023-09-23T08:08:14.708+0800] {logging_mixin.py:151} INFO - [2023-09-23T08:08:14.708+0800] {dagbag.py:539} INFO - Filling up the DagBag from /opt/homebrew/lib/python3.11/site-packages/airflow/example_dags/example_params_trigger_ui.py
[2023-09-23T08:08:14.765+0800] {processor.py:839} INFO - DAG(s) dict_keys(['example_params_trigger_ui']) retrieved from /opt/homebrew/lib/python3.11/site-packages/airflow/example_dags/example_params_trigger_ui.py
[2023-09-23T08:08:14.846+0800] {logging_mixin.py:151} INFO - [2023-09-23T08:08:14.846+0800] {dag.py:2915} INFO - Sync 1 DAGs
[2023-09-23T08:08:14.851+0800] {logging_mixin.py:151} INFO - [2023-09-23T08:08:14.851+0800] {dag.py:3696} INFO - Setting next_dagrun for example_params_trigger_ui to None, run_after=None
[2023-09-23T08:08:14.861+0800] {processor.py:179} INFO - Processing /opt/homebrew/lib/python3.11/site-packages/airflow/example_dags/example_params_trigger_ui.py took 0.154 seconds
[2023-09-23T11:04:17.947+0800] {processor.py:157} INFO - Started process (PID=77889) to work on /opt/homebrew/lib/python3.11/site-packages/airflow/example_dags/example_params_trigger_ui.py
[2023-09-23T11:04:17.948+0800] {processor.py:829} INFO - Processing file /opt/homebrew/lib/python3.11/site-packages/airflow/example_dags/example_params_trigger_ui.py for tasks to queue
[2023-09-23T11:04:17.948+0800] {logging_mixin.py:151} INFO - [2023-09-23T11:04:17.948+0800] {dagbag.py:539} INFO - Filling up the DagBag from /opt/homebrew/lib/python3.11/site-packages/airflow/example_dags/example_params_trigger_ui.py
[2023-09-23T11:04:18.008+0800] {processor.py:839} INFO - DAG(s) dict_keys(['example_params_trigger_ui']) retrieved from /opt/homebrew/lib/python3.11/site-packages/airflow/example_dags/example_params_trigger_ui.py
[2023-09-23T11:04:18.089+0800] {logging_mixin.py:151} INFO - [2023-09-23T11:04:18.089+0800] {dag.py:2915} INFO - Sync 1 DAGs
[2023-09-23T11:04:18.094+0800] {logging_mixin.py:151} INFO - [2023-09-23T11:04:18.094+0800] {dag.py:3696} INFO - Setting next_dagrun for example_params_trigger_ui to None, run_after=None
[2023-09-23T11:04:18.104+0800] {processor.py:179} INFO - Processing /opt/homebrew/lib/python3.11/site-packages/airflow/example_dags/example_params_trigger_ui.py took 0.157 seconds
[2023-09-23T14:21:24.606+0800] {processor.py:157} INFO - Started process (PID=78181) to work on /opt/homebrew/lib/python3.11/site-packages/airflow/example_dags/example_params_trigger_ui.py
[2023-09-23T14:21:24.607+0800] {processor.py:829} INFO - Processing file /opt/homebrew/lib/python3.11/site-packages/airflow/example_dags/example_params_trigger_ui.py for tasks to queue
[2023-09-23T14:21:24.607+0800] {logging_mixin.py:151} INFO - [2023-09-23T14:21:24.607+0800] {dagbag.py:539} INFO - Filling up the DagBag from /opt/homebrew/lib/python3.11/site-packages/airflow/example_dags/example_params_trigger_ui.py
[2023-09-23T14:21:24.665+0800] {processor.py:839} INFO - DAG(s) dict_keys(['example_params_trigger_ui']) retrieved from /opt/homebrew/lib/python3.11/site-packages/airflow/example_dags/example_params_trigger_ui.py
[2023-09-23T14:21:24.746+0800] {logging_mixin.py:151} INFO - [2023-09-23T14:21:24.746+0800] {dag.py:2915} INFO - Sync 1 DAGs
[2023-09-23T14:21:24.751+0800] {logging_mixin.py:151} INFO - [2023-09-23T14:21:24.751+0800] {dag.py:3696} INFO - Setting next_dagrun for example_params_trigger_ui to None, run_after=None
[2023-09-23T14:21:24.761+0800] {processor.py:179} INFO - Processing /opt/homebrew/lib/python3.11/site-packages/airflow/example_dags/example_params_trigger_ui.py took 0.155 seconds
[2023-09-23T17:58:40.676+0800] {processor.py:157} INFO - Started process (PID=78524) to work on /opt/homebrew/lib/python3.11/site-packages/airflow/example_dags/example_params_trigger_ui.py
[2023-09-23T17:58:40.677+0800] {processor.py:829} INFO - Processing file /opt/homebrew/lib/python3.11/site-packages/airflow/example_dags/example_params_trigger_ui.py for tasks to queue
[2023-09-23T17:58:40.677+0800] {logging_mixin.py:151} INFO - [2023-09-23T17:58:40.677+0800] {dagbag.py:539} INFO - Filling up the DagBag from /opt/homebrew/lib/python3.11/site-packages/airflow/example_dags/example_params_trigger_ui.py
[2023-09-23T17:58:40.751+0800] {processor.py:839} INFO - DAG(s) dict_keys(['example_params_trigger_ui']) retrieved from /opt/homebrew/lib/python3.11/site-packages/airflow/example_dags/example_params_trigger_ui.py
[2023-09-23T17:58:40.839+0800] {logging_mixin.py:151} INFO - [2023-09-23T17:58:40.839+0800] {dag.py:2915} INFO - Sync 1 DAGs
[2023-09-23T17:58:40.844+0800] {logging_mixin.py:151} INFO - [2023-09-23T17:58:40.844+0800] {dag.py:3696} INFO - Setting next_dagrun for example_params_trigger_ui to None, run_after=None
[2023-09-23T17:58:40.854+0800] {processor.py:179} INFO - Processing /opt/homebrew/lib/python3.11/site-packages/airflow/example_dags/example_params_trigger_ui.py took 0.179 seconds
[2023-09-23T21:13:25.029+0800] {processor.py:157} INFO - Started process (PID=78852) to work on /opt/homebrew/lib/python3.11/site-packages/airflow/example_dags/example_params_trigger_ui.py
[2023-09-23T21:13:25.029+0800] {processor.py:829} INFO - Processing file /opt/homebrew/lib/python3.11/site-packages/airflow/example_dags/example_params_trigger_ui.py for tasks to queue
[2023-09-23T21:13:25.030+0800] {logging_mixin.py:151} INFO - [2023-09-23T21:13:25.030+0800] {dagbag.py:539} INFO - Filling up the DagBag from /opt/homebrew/lib/python3.11/site-packages/airflow/example_dags/example_params_trigger_ui.py
[2023-09-23T21:13:25.088+0800] {processor.py:839} INFO - DAG(s) dict_keys(['example_params_trigger_ui']) retrieved from /opt/homebrew/lib/python3.11/site-packages/airflow/example_dags/example_params_trigger_ui.py
[2023-09-23T21:13:25.169+0800] {logging_mixin.py:151} INFO - [2023-09-23T21:13:25.169+0800] {dag.py:2915} INFO - Sync 1 DAGs
[2023-09-23T21:13:25.173+0800] {logging_mixin.py:151} INFO - [2023-09-23T21:13:25.173+0800] {dag.py:3696} INFO - Setting next_dagrun for example_params_trigger_ui to None, run_after=None
[2023-09-23T21:13:25.183+0800] {processor.py:179} INFO - Processing /opt/homebrew/lib/python3.11/site-packages/airflow/example_dags/example_params_trigger_ui.py took 0.155 seconds
[2023-09-24T00:34:12.906+0800] {processor.py:157} INFO - Started process (PID=79209) to work on /opt/homebrew/lib/python3.11/site-packages/airflow/example_dags/example_params_trigger_ui.py
[2023-09-24T00:34:12.907+0800] {processor.py:829} INFO - Processing file /opt/homebrew/lib/python3.11/site-packages/airflow/example_dags/example_params_trigger_ui.py for tasks to queue
[2023-09-24T00:34:12.907+0800] {logging_mixin.py:151} INFO - [2023-09-24T00:34:12.907+0800] {dagbag.py:539} INFO - Filling up the DagBag from /opt/homebrew/lib/python3.11/site-packages/airflow/example_dags/example_params_trigger_ui.py
[2023-09-24T00:34:12.965+0800] {processor.py:839} INFO - DAG(s) dict_keys(['example_params_trigger_ui']) retrieved from /opt/homebrew/lib/python3.11/site-packages/airflow/example_dags/example_params_trigger_ui.py
[2023-09-24T00:34:13.046+0800] {logging_mixin.py:151} INFO - [2023-09-24T00:34:13.046+0800] {dag.py:2915} INFO - Sync 1 DAGs
[2023-09-24T00:34:13.051+0800] {logging_mixin.py:151} INFO - [2023-09-24T00:34:13.051+0800] {dag.py:3696} INFO - Setting next_dagrun for example_params_trigger_ui to None, run_after=None
[2023-09-24T00:34:13.063+0800] {processor.py:179} INFO - Processing /opt/homebrew/lib/python3.11/site-packages/airflow/example_dags/example_params_trigger_ui.py took 0.157 seconds
[2023-09-24T03:49:07.893+0800] {processor.py:157} INFO - Started process (PID=79619) to work on /opt/homebrew/lib/python3.11/site-packages/airflow/example_dags/example_params_trigger_ui.py
[2023-09-24T03:49:07.894+0800] {processor.py:829} INFO - Processing file /opt/homebrew/lib/python3.11/site-packages/airflow/example_dags/example_params_trigger_ui.py for tasks to queue
[2023-09-24T03:49:07.894+0800] {logging_mixin.py:151} INFO - [2023-09-24T03:49:07.894+0800] {dagbag.py:539} INFO - Filling up the DagBag from /opt/homebrew/lib/python3.11/site-packages/airflow/example_dags/example_params_trigger_ui.py
[2023-09-24T03:49:07.953+0800] {processor.py:839} INFO - DAG(s) dict_keys(['example_params_trigger_ui']) retrieved from /opt/homebrew/lib/python3.11/site-packages/airflow/example_dags/example_params_trigger_ui.py
[2023-09-24T03:49:08.035+0800] {logging_mixin.py:151} INFO - [2023-09-24T03:49:08.035+0800] {dag.py:2915} INFO - Sync 1 DAGs
[2023-09-24T03:49:08.039+0800] {logging_mixin.py:151} INFO - [2023-09-24T03:49:08.039+0800] {dag.py:3696} INFO - Setting next_dagrun for example_params_trigger_ui to None, run_after=None
[2023-09-24T03:49:08.050+0800] {processor.py:179} INFO - Processing /opt/homebrew/lib/python3.11/site-packages/airflow/example_dags/example_params_trigger_ui.py took 0.157 seconds
[2023-09-24T06:51:00.758+0800] {processor.py:157} INFO - Started process (PID=79912) to work on /opt/homebrew/lib/python3.11/site-packages/airflow/example_dags/example_params_trigger_ui.py
[2023-09-24T06:51:00.759+0800] {processor.py:829} INFO - Processing file /opt/homebrew/lib/python3.11/site-packages/airflow/example_dags/example_params_trigger_ui.py for tasks to queue
[2023-09-24T06:51:00.759+0800] {logging_mixin.py:151} INFO - [2023-09-24T06:51:00.759+0800] {dagbag.py:539} INFO - Filling up the DagBag from /opt/homebrew/lib/python3.11/site-packages/airflow/example_dags/example_params_trigger_ui.py
[2023-09-24T06:51:00.817+0800] {processor.py:839} INFO - DAG(s) dict_keys(['example_params_trigger_ui']) retrieved from /opt/homebrew/lib/python3.11/site-packages/airflow/example_dags/example_params_trigger_ui.py
[2023-09-24T06:51:00.898+0800] {logging_mixin.py:151} INFO - [2023-09-24T06:51:00.897+0800] {dag.py:2915} INFO - Sync 1 DAGs
[2023-09-24T06:51:00.902+0800] {logging_mixin.py:151} INFO - [2023-09-24T06:51:00.902+0800] {dag.py:3696} INFO - Setting next_dagrun for example_params_trigger_ui to None, run_after=None
[2023-09-24T06:51:00.912+0800] {processor.py:179} INFO - Processing /opt/homebrew/lib/python3.11/site-packages/airflow/example_dags/example_params_trigger_ui.py took 0.154 seconds
