[2023-09-23T10:46:36.722+0800] {processor.py:157} INFO - Started process (PID=77862) to work on /opt/homebrew/lib/python3.11/site-packages/airflow/example_dags/example_sensor_decorator.py
[2023-09-23T10:46:36.722+0800] {processor.py:829} INFO - Processing file /opt/homebrew/lib/python3.11/site-packages/airflow/example_dags/example_sensor_decorator.py for tasks to queue
[2023-09-23T10:46:36.723+0800] {logging_mixin.py:151} INFO - [2023-09-23T10:46:36.723+0800] {dagbag.py:539} INFO - Filling up the DagBag from /opt/homebrew/lib/python3.11/site-packages/airflow/example_dags/example_sensor_decorator.py
[2023-09-23T10:46:36.754+0800] {processor.py:839} INFO - DAG(s) dict_keys(['example_sensor_decorator']) retrieved from /opt/homebrew/lib/python3.11/site-packages/airflow/example_dags/example_sensor_decorator.py
[2023-09-23T10:46:36.854+0800] {logging_mixin.py:151} INFO - [2023-09-23T10:46:36.854+0800] {dag.py:2915} INFO - Sync 1 DAGs
[2023-09-23T10:46:36.859+0800] {logging_mixin.py:151} INFO - [2023-09-23T10:46:36.859+0800] {dag.py:3696} INFO - Setting next_dagrun for example_sensor_decorator to None, run_after=None
[2023-09-23T10:46:36.869+0800] {processor.py:179} INFO - Processing /opt/homebrew/lib/python3.11/site-packages/airflow/example_dags/example_sensor_decorator.py took 0.148 seconds
[2023-09-23T14:05:53.380+0800] {processor.py:157} INFO - Started process (PID=78153) to work on /opt/homebrew/lib/python3.11/site-packages/airflow/example_dags/example_sensor_decorator.py
[2023-09-23T14:05:53.380+0800] {processor.py:829} INFO - Processing file /opt/homebrew/lib/python3.11/site-packages/airflow/example_dags/example_sensor_decorator.py for tasks to queue
[2023-09-23T14:05:53.381+0800] {logging_mixin.py:151} INFO - [2023-09-23T14:05:53.381+0800] {dagbag.py:539} INFO - Filling up the DagBag from /opt/homebrew/lib/python3.11/site-packages/airflow/example_dags/example_sensor_decorator.py
[2023-09-23T14:05:53.411+0800] {processor.py:839} INFO - DAG(s) dict_keys(['example_sensor_decorator']) retrieved from /opt/homebrew/lib/python3.11/site-packages/airflow/example_dags/example_sensor_decorator.py
[2023-09-23T14:05:53.512+0800] {logging_mixin.py:151} INFO - [2023-09-23T14:05:53.512+0800] {dag.py:2915} INFO - Sync 1 DAGs
[2023-09-23T14:05:53.517+0800] {logging_mixin.py:151} INFO - [2023-09-23T14:05:53.517+0800] {dag.py:3696} INFO - Setting next_dagrun for example_sensor_decorator to None, run_after=None
[2023-09-23T14:05:53.527+0800] {processor.py:179} INFO - Processing /opt/homebrew/lib/python3.11/site-packages/airflow/example_dags/example_sensor_decorator.py took 0.148 seconds
[2023-09-23T17:28:08.802+0800] {processor.py:157} INFO - Started process (PID=78495) to work on /opt/homebrew/lib/python3.11/site-packages/airflow/example_dags/example_sensor_decorator.py
[2023-09-23T17:28:08.803+0800] {processor.py:829} INFO - Processing file /opt/homebrew/lib/python3.11/site-packages/airflow/example_dags/example_sensor_decorator.py for tasks to queue
[2023-09-23T17:28:08.803+0800] {logging_mixin.py:151} INFO - [2023-09-23T17:28:08.803+0800] {dagbag.py:539} INFO - Filling up the DagBag from /opt/homebrew/lib/python3.11/site-packages/airflow/example_dags/example_sensor_decorator.py
[2023-09-23T17:28:08.833+0800] {processor.py:839} INFO - DAG(s) dict_keys(['example_sensor_decorator']) retrieved from /opt/homebrew/lib/python3.11/site-packages/airflow/example_dags/example_sensor_decorator.py
[2023-09-23T17:28:08.933+0800] {logging_mixin.py:151} INFO - [2023-09-23T17:28:08.933+0800] {dag.py:2915} INFO - Sync 1 DAGs
[2023-09-23T17:28:08.938+0800] {logging_mixin.py:151} INFO - [2023-09-23T17:28:08.938+0800] {dag.py:3696} INFO - Setting next_dagrun for example_sensor_decorator to None, run_after=None
[2023-09-23T17:28:08.948+0800] {processor.py:179} INFO - Processing /opt/homebrew/lib/python3.11/site-packages/airflow/example_dags/example_sensor_decorator.py took 0.146 seconds
[2023-09-23T20:56:52.221+0800] {processor.py:157} INFO - Started process (PID=78825) to work on /opt/homebrew/lib/python3.11/site-packages/airflow/example_dags/example_sensor_decorator.py
[2023-09-23T20:56:52.222+0800] {processor.py:829} INFO - Processing file /opt/homebrew/lib/python3.11/site-packages/airflow/example_dags/example_sensor_decorator.py for tasks to queue
[2023-09-23T20:56:52.222+0800] {logging_mixin.py:151} INFO - [2023-09-23T20:56:52.222+0800] {dagbag.py:539} INFO - Filling up the DagBag from /opt/homebrew/lib/python3.11/site-packages/airflow/example_dags/example_sensor_decorator.py
[2023-09-23T20:56:52.253+0800] {processor.py:839} INFO - DAG(s) dict_keys(['example_sensor_decorator']) retrieved from /opt/homebrew/lib/python3.11/site-packages/airflow/example_dags/example_sensor_decorator.py
[2023-09-23T20:56:52.354+0800] {logging_mixin.py:151} INFO - [2023-09-23T20:56:52.354+0800] {dag.py:2915} INFO - Sync 1 DAGs
[2023-09-23T20:56:52.359+0800] {logging_mixin.py:151} INFO - [2023-09-23T20:56:52.359+0800] {dag.py:3696} INFO - Setting next_dagrun for example_sensor_decorator to None, run_after=None
[2023-09-23T20:56:52.369+0800] {processor.py:179} INFO - Processing /opt/homebrew/lib/python3.11/site-packages/airflow/example_dags/example_sensor_decorator.py took 0.149 seconds
[2023-09-24T00:16:28.633+0800] {processor.py:157} INFO - Started process (PID=79179) to work on /opt/homebrew/lib/python3.11/site-packages/airflow/example_dags/example_sensor_decorator.py
[2023-09-24T00:16:28.634+0800] {processor.py:829} INFO - Processing file /opt/homebrew/lib/python3.11/site-packages/airflow/example_dags/example_sensor_decorator.py for tasks to queue
[2023-09-24T00:16:28.635+0800] {logging_mixin.py:151} INFO - [2023-09-24T00:16:28.634+0800] {dagbag.py:539} INFO - Filling up the DagBag from /opt/homebrew/lib/python3.11/site-packages/airflow/example_dags/example_sensor_decorator.py
[2023-09-24T00:16:28.666+0800] {processor.py:839} INFO - DAG(s) dict_keys(['example_sensor_decorator']) retrieved from /opt/homebrew/lib/python3.11/site-packages/airflow/example_dags/example_sensor_decorator.py
[2023-09-24T00:16:28.766+0800] {logging_mixin.py:151} INFO - [2023-09-24T00:16:28.766+0800] {dag.py:2915} INFO - Sync 1 DAGs
[2023-09-24T00:16:28.771+0800] {logging_mixin.py:151} INFO - [2023-09-24T00:16:28.771+0800] {dag.py:3696} INFO - Setting next_dagrun for example_sensor_decorator to None, run_after=None
[2023-09-24T00:16:28.781+0800] {processor.py:179} INFO - Processing /opt/homebrew/lib/python3.11/site-packages/airflow/example_dags/example_sensor_decorator.py took 0.148 seconds
[2023-09-24T03:32:25.593+0800] {processor.py:157} INFO - Started process (PID=79591) to work on /opt/homebrew/lib/python3.11/site-packages/airflow/example_dags/example_sensor_decorator.py
[2023-09-24T03:32:25.594+0800] {processor.py:829} INFO - Processing file /opt/homebrew/lib/python3.11/site-packages/airflow/example_dags/example_sensor_decorator.py for tasks to queue
[2023-09-24T03:32:25.594+0800] {logging_mixin.py:151} INFO - [2023-09-24T03:32:25.594+0800] {dagbag.py:539} INFO - Filling up the DagBag from /opt/homebrew/lib/python3.11/site-packages/airflow/example_dags/example_sensor_decorator.py
[2023-09-24T03:32:25.625+0800] {processor.py:839} INFO - DAG(s) dict_keys(['example_sensor_decorator']) retrieved from /opt/homebrew/lib/python3.11/site-packages/airflow/example_dags/example_sensor_decorator.py
[2023-09-24T03:32:25.725+0800] {logging_mixin.py:151} INFO - [2023-09-24T03:32:25.725+0800] {dag.py:2915} INFO - Sync 1 DAGs
[2023-09-24T03:32:25.730+0800] {logging_mixin.py:151} INFO - [2023-09-24T03:32:25.730+0800] {dag.py:3696} INFO - Setting next_dagrun for example_sensor_decorator to None, run_after=None
[2023-09-24T03:32:25.740+0800] {processor.py:179} INFO - Processing /opt/homebrew/lib/python3.11/site-packages/airflow/example_dags/example_sensor_decorator.py took 0.148 seconds
[2023-09-24T06:35:02.052+0800] {processor.py:157} INFO - Started process (PID=79887) to work on /opt/homebrew/lib/python3.11/site-packages/airflow/example_dags/example_sensor_decorator.py
[2023-09-24T06:35:02.053+0800] {processor.py:829} INFO - Processing file /opt/homebrew/lib/python3.11/site-packages/airflow/example_dags/example_sensor_decorator.py for tasks to queue
[2023-09-24T06:35:02.053+0800] {logging_mixin.py:151} INFO - [2023-09-24T06:35:02.053+0800] {dagbag.py:539} INFO - Filling up the DagBag from /opt/homebrew/lib/python3.11/site-packages/airflow/example_dags/example_sensor_decorator.py
[2023-09-24T06:35:02.083+0800] {processor.py:839} INFO - DAG(s) dict_keys(['example_sensor_decorator']) retrieved from /opt/homebrew/lib/python3.11/site-packages/airflow/example_dags/example_sensor_decorator.py
[2023-09-24T06:35:02.184+0800] {logging_mixin.py:151} INFO - [2023-09-24T06:35:02.183+0800] {dag.py:2915} INFO - Sync 1 DAGs
[2023-09-24T06:35:02.188+0800] {logging_mixin.py:151} INFO - [2023-09-24T06:35:02.188+0800] {dag.py:3696} INFO - Setting next_dagrun for example_sensor_decorator to None, run_after=None
[2023-09-24T06:35:02.198+0800] {processor.py:179} INFO - Processing /opt/homebrew/lib/python3.11/site-packages/airflow/example_dags/example_sensor_decorator.py took 0.146 seconds
