[2023-09-23T12:11:06.623+0800] {processor.py:157} INFO - Started process (PID=77988) to work on /opt/homebrew/lib/python3.11/site-packages/airflow/example_dags/example_bash_operator.py
[2023-09-23T12:11:06.624+0800] {processor.py:829} INFO - Processing file /opt/homebrew/lib/python3.11/site-packages/airflow/example_dags/example_bash_operator.py for tasks to queue
[2023-09-23T12:11:06.624+0800] {logging_mixin.py:151} INFO - [2023-09-23T12:11:06.624+0800] {dagbag.py:539} INFO - Filling up the DagBag from /opt/homebrew/lib/python3.11/site-packages/airflow/example_dags/example_bash_operator.py
[2023-09-23T12:11:06.665+0800] {processor.py:839} INFO - DAG(s) dict_keys(['example_bash_operator']) retrieved from /opt/homebrew/lib/python3.11/site-packages/airflow/example_dags/example_bash_operator.py
[2023-09-23T12:11:06.740+0800] {logging_mixin.py:151} INFO - [2023-09-23T12:11:06.740+0800] {dag.py:2915} INFO - Sync 1 DAGs
[2023-09-23T12:11:06.749+0800] {logging_mixin.py:151} INFO - [2023-09-23T12:11:06.749+0800] {dag.py:3696} INFO - Setting next_dagrun for example_bash_operator to 2023-09-22T00:00:00+00:00, run_after=2023-09-23T00:00:00+00:00
[2023-09-23T12:11:06.760+0800] {processor.py:179} INFO - Processing /opt/homebrew/lib/python3.11/site-packages/airflow/example_dags/example_bash_operator.py took 0.138 seconds
[2023-09-23T15:46:03.757+0800] {processor.py:157} INFO - Started process (PID=78323) to work on /opt/homebrew/lib/python3.11/site-packages/airflow/example_dags/example_bash_operator.py
[2023-09-23T15:46:03.757+0800] {processor.py:829} INFO - Processing file /opt/homebrew/lib/python3.11/site-packages/airflow/example_dags/example_bash_operator.py for tasks to queue
[2023-09-23T15:46:03.758+0800] {logging_mixin.py:151} INFO - [2023-09-23T15:46:03.758+0800] {dagbag.py:539} INFO - Filling up the DagBag from /opt/homebrew/lib/python3.11/site-packages/airflow/example_dags/example_bash_operator.py
[2023-09-23T15:46:03.799+0800] {processor.py:839} INFO - DAG(s) dict_keys(['example_bash_operator']) retrieved from /opt/homebrew/lib/python3.11/site-packages/airflow/example_dags/example_bash_operator.py
[2023-09-23T15:46:03.880+0800] {logging_mixin.py:151} INFO - [2023-09-23T15:46:03.880+0800] {dag.py:2915} INFO - Sync 1 DAGs
[2023-09-23T15:46:03.890+0800] {logging_mixin.py:151} INFO - [2023-09-23T15:46:03.890+0800] {dag.py:3696} INFO - Setting next_dagrun for example_bash_operator to 2023-09-22T00:00:00+00:00, run_after=2023-09-23T00:00:00+00:00
[2023-09-23T15:46:03.901+0800] {processor.py:179} INFO - Processing /opt/homebrew/lib/python3.11/site-packages/airflow/example_dags/example_bash_operator.py took 0.144 seconds
[2023-09-23T22:17:32.641+0800] {processor.py:157} INFO - Started process (PID=78960) to work on /opt/homebrew/lib/python3.11/site-packages/airflow/example_dags/example_bash_operator.py
[2023-09-23T22:17:32.642+0800] {processor.py:829} INFO - Processing file /opt/homebrew/lib/python3.11/site-packages/airflow/example_dags/example_bash_operator.py for tasks to queue
[2023-09-23T22:17:32.642+0800] {logging_mixin.py:151} INFO - [2023-09-23T22:17:32.642+0800] {dagbag.py:539} INFO - Filling up the DagBag from /opt/homebrew/lib/python3.11/site-packages/airflow/example_dags/example_bash_operator.py
[2023-09-23T22:17:32.683+0800] {processor.py:839} INFO - DAG(s) dict_keys(['example_bash_operator']) retrieved from /opt/homebrew/lib/python3.11/site-packages/airflow/example_dags/example_bash_operator.py
[2023-09-23T22:17:32.759+0800] {logging_mixin.py:151} INFO - [2023-09-23T22:17:32.758+0800] {dag.py:2915} INFO - Sync 1 DAGs
[2023-09-23T22:17:32.768+0800] {logging_mixin.py:151} INFO - [2023-09-23T22:17:32.768+0800] {dag.py:3696} INFO - Setting next_dagrun for example_bash_operator to 2023-09-22T00:00:00+00:00, run_after=2023-09-23T00:00:00+00:00
[2023-09-23T22:17:32.793+0800] {processor.py:179} INFO - Processing /opt/homebrew/lib/python3.11/site-packages/airflow/example_dags/example_bash_operator.py took 0.153 seconds
[2023-09-24T04:54:18.904+0800] {processor.py:157} INFO - Started process (PID=79716) to work on /opt/homebrew/lib/python3.11/site-packages/airflow/example_dags/example_bash_operator.py
[2023-09-24T04:54:18.905+0800] {processor.py:829} INFO - Processing file /opt/homebrew/lib/python3.11/site-packages/airflow/example_dags/example_bash_operator.py for tasks to queue
[2023-09-24T04:54:18.905+0800] {logging_mixin.py:151} INFO - [2023-09-24T04:54:18.905+0800] {dagbag.py:539} INFO - Filling up the DagBag from /opt/homebrew/lib/python3.11/site-packages/airflow/example_dags/example_bash_operator.py
[2023-09-24T04:54:18.946+0800] {processor.py:839} INFO - DAG(s) dict_keys(['example_bash_operator']) retrieved from /opt/homebrew/lib/python3.11/site-packages/airflow/example_dags/example_bash_operator.py
[2023-09-24T04:54:19.022+0800] {logging_mixin.py:151} INFO - [2023-09-24T04:54:19.022+0800] {dag.py:2915} INFO - Sync 1 DAGs
[2023-09-24T04:54:19.031+0800] {logging_mixin.py:151} INFO - [2023-09-24T04:54:19.031+0800] {dag.py:3696} INFO - Setting next_dagrun for example_bash_operator to 2023-09-22T00:00:00+00:00, run_after=2023-09-23T00:00:00+00:00
[2023-09-24T04:54:19.042+0800] {processor.py:179} INFO - Processing /opt/homebrew/lib/python3.11/site-packages/airflow/example_dags/example_bash_operator.py took 0.138 seconds
