[2023-09-23T10:46:33.034+0800] {processor.py:157} INFO - Started process (PID=77848) to work on /opt/homebrew/lib/python3.11/site-packages/airflow/example_dags/example_setup_teardown.py
[2023-09-23T10:46:33.035+0800] {processor.py:829} INFO - Processing file /opt/homebrew/lib/python3.11/site-packages/airflow/example_dags/example_setup_teardown.py for tasks to queue
[2023-09-23T10:46:33.035+0800] {logging_mixin.py:151} INFO - [2023-09-23T10:46:33.035+0800] {dagbag.py:539} INFO - Filling up the DagBag from /opt/homebrew/lib/python3.11/site-packages/airflow/example_dags/example_setup_teardown.py
[2023-09-23T10:46:33.051+0800] {processor.py:839} INFO - DAG(s) dict_keys(['example_setup_teardown']) retrieved from /opt/homebrew/lib/python3.11/site-packages/airflow/example_dags/example_setup_teardown.py
[2023-09-23T10:46:33.147+0800] {logging_mixin.py:151} INFO - [2023-09-23T10:46:33.147+0800] {dag.py:2915} INFO - Sync 1 DAGs
[2023-09-23T10:46:33.155+0800] {logging_mixin.py:151} INFO - [2023-09-23T10:46:33.155+0800] {dag.py:3696} INFO - Setting next_dagrun for example_setup_teardown to 2023-09-22T02:46:33.155318+00:00, run_after=2023-09-23T02:46:33.155318+00:00
[2023-09-23T10:46:33.167+0800] {processor.py:179} INFO - Processing /opt/homebrew/lib/python3.11/site-packages/airflow/example_dags/example_setup_teardown.py took 0.134 seconds
[2023-09-23T13:49:25.482+0800] {processor.py:157} INFO - Started process (PID=78137) to work on /opt/homebrew/lib/python3.11/site-packages/airflow/example_dags/example_setup_teardown.py
[2023-09-23T13:49:25.482+0800] {processor.py:829} INFO - Processing file /opt/homebrew/lib/python3.11/site-packages/airflow/example_dags/example_setup_teardown.py for tasks to queue
[2023-09-23T13:49:25.482+0800] {logging_mixin.py:151} INFO - [2023-09-23T13:49:25.482+0800] {dagbag.py:539} INFO - Filling up the DagBag from /opt/homebrew/lib/python3.11/site-packages/airflow/example_dags/example_setup_teardown.py
[2023-09-23T13:49:25.498+0800] {processor.py:839} INFO - DAG(s) dict_keys(['example_setup_teardown']) retrieved from /opt/homebrew/lib/python3.11/site-packages/airflow/example_dags/example_setup_teardown.py
[2023-09-23T13:49:25.593+0800] {logging_mixin.py:151} INFO - [2023-09-23T13:49:25.593+0800] {dag.py:2915} INFO - Sync 1 DAGs
[2023-09-23T13:49:25.602+0800] {logging_mixin.py:151} INFO - [2023-09-23T13:49:25.601+0800] {dag.py:3696} INFO - Setting next_dagrun for example_setup_teardown to 2023-09-22T05:49:25.601820+00:00, run_after=2023-09-23T05:49:25.601820+00:00
[2023-09-23T13:49:25.612+0800] {processor.py:179} INFO - Processing /opt/homebrew/lib/python3.11/site-packages/airflow/example_dags/example_setup_teardown.py took 0.131 seconds
[2023-09-23T17:28:04.828+0800] {processor.py:157} INFO - Started process (PID=78487) to work on /opt/homebrew/lib/python3.11/site-packages/airflow/example_dags/example_setup_teardown.py
[2023-09-23T17:28:04.829+0800] {processor.py:829} INFO - Processing file /opt/homebrew/lib/python3.11/site-packages/airflow/example_dags/example_setup_teardown.py for tasks to queue
[2023-09-23T17:28:04.829+0800] {logging_mixin.py:151} INFO - [2023-09-23T17:28:04.829+0800] {dagbag.py:539} INFO - Filling up the DagBag from /opt/homebrew/lib/python3.11/site-packages/airflow/example_dags/example_setup_teardown.py
[2023-09-23T17:28:04.844+0800] {processor.py:839} INFO - DAG(s) dict_keys(['example_setup_teardown']) retrieved from /opt/homebrew/lib/python3.11/site-packages/airflow/example_dags/example_setup_teardown.py
[2023-09-23T17:28:04.940+0800] {logging_mixin.py:151} INFO - [2023-09-23T17:28:04.940+0800] {dag.py:2915} INFO - Sync 1 DAGs
[2023-09-23T17:28:04.948+0800] {logging_mixin.py:151} INFO - [2023-09-23T17:28:04.948+0800] {dag.py:3696} INFO - Setting next_dagrun for example_setup_teardown to 2023-09-22T09:28:04.948662+00:00, run_after=2023-09-23T09:28:04.948662+00:00
[2023-09-23T17:28:04.959+0800] {processor.py:179} INFO - Processing /opt/homebrew/lib/python3.11/site-packages/airflow/example_dags/example_setup_teardown.py took 0.131 seconds
[2023-09-23T20:41:26.949+0800] {processor.py:157} INFO - Started process (PID=78805) to work on /opt/homebrew/lib/python3.11/site-packages/airflow/example_dags/example_setup_teardown.py
[2023-09-23T20:41:26.950+0800] {processor.py:829} INFO - Processing file /opt/homebrew/lib/python3.11/site-packages/airflow/example_dags/example_setup_teardown.py for tasks to queue
[2023-09-23T20:41:26.950+0800] {logging_mixin.py:151} INFO - [2023-09-23T20:41:26.950+0800] {dagbag.py:539} INFO - Filling up the DagBag from /opt/homebrew/lib/python3.11/site-packages/airflow/example_dags/example_setup_teardown.py
[2023-09-23T20:41:26.966+0800] {processor.py:839} INFO - DAG(s) dict_keys(['example_setup_teardown']) retrieved from /opt/homebrew/lib/python3.11/site-packages/airflow/example_dags/example_setup_teardown.py
[2023-09-23T20:41:27.062+0800] {logging_mixin.py:151} INFO - [2023-09-23T20:41:27.062+0800] {dag.py:2915} INFO - Sync 1 DAGs
[2023-09-23T20:41:27.070+0800] {logging_mixin.py:151} INFO - [2023-09-23T20:41:27.070+0800] {dag.py:3696} INFO - Setting next_dagrun for example_setup_teardown to 2023-09-22T12:41:27.070435+00:00, run_after=2023-09-23T12:41:27.070435+00:00
[2023-09-23T20:41:27.081+0800] {processor.py:179} INFO - Processing /opt/homebrew/lib/python3.11/site-packages/airflow/example_dags/example_setup_teardown.py took 0.132 seconds
[2023-09-23T23:58:58.218+0800] {processor.py:157} INFO - Started process (PID=79151) to work on /opt/homebrew/lib/python3.11/site-packages/airflow/example_dags/example_setup_teardown.py
[2023-09-23T23:58:58.218+0800] {processor.py:829} INFO - Processing file /opt/homebrew/lib/python3.11/site-packages/airflow/example_dags/example_setup_teardown.py for tasks to queue
[2023-09-23T23:58:58.218+0800] {logging_mixin.py:151} INFO - [2023-09-23T23:58:58.218+0800] {dagbag.py:539} INFO - Filling up the DagBag from /opt/homebrew/lib/python3.11/site-packages/airflow/example_dags/example_setup_teardown.py
[2023-09-23T23:58:58.237+0800] {processor.py:839} INFO - DAG(s) dict_keys(['example_setup_teardown']) retrieved from /opt/homebrew/lib/python3.11/site-packages/airflow/example_dags/example_setup_teardown.py
[2023-09-23T23:58:58.337+0800] {logging_mixin.py:151} INFO - [2023-09-23T23:58:58.336+0800] {dag.py:2915} INFO - Sync 1 DAGs
[2023-09-23T23:58:58.347+0800] {logging_mixin.py:151} INFO - [2023-09-23T23:58:58.347+0800] {dag.py:3696} INFO - Setting next_dagrun for example_setup_teardown to 2023-09-22T15:58:58.347139+00:00, run_after=2023-09-23T15:58:58.347139+00:00
[2023-09-23T23:58:58.361+0800] {processor.py:179} INFO - Processing /opt/homebrew/lib/python3.11/site-packages/airflow/example_dags/example_setup_teardown.py took 0.144 seconds
[2023-09-24T03:14:44.304+0800] {processor.py:157} INFO - Started process (PID=79566) to work on /opt/homebrew/lib/python3.11/site-packages/airflow/example_dags/example_setup_teardown.py
[2023-09-24T03:14:44.305+0800] {processor.py:829} INFO - Processing file /opt/homebrew/lib/python3.11/site-packages/airflow/example_dags/example_setup_teardown.py for tasks to queue
[2023-09-24T03:14:44.305+0800] {logging_mixin.py:151} INFO - [2023-09-24T03:14:44.305+0800] {dagbag.py:539} INFO - Filling up the DagBag from /opt/homebrew/lib/python3.11/site-packages/airflow/example_dags/example_setup_teardown.py
[2023-09-24T03:14:44.321+0800] {processor.py:839} INFO - DAG(s) dict_keys(['example_setup_teardown']) retrieved from /opt/homebrew/lib/python3.11/site-packages/airflow/example_dags/example_setup_teardown.py
[2023-09-24T03:14:44.416+0800] {logging_mixin.py:151} INFO - [2023-09-24T03:14:44.416+0800] {dag.py:2915} INFO - Sync 1 DAGs
[2023-09-24T03:14:44.425+0800] {logging_mixin.py:151} INFO - [2023-09-24T03:14:44.425+0800] {dag.py:3696} INFO - Setting next_dagrun for example_setup_teardown to 2023-09-22T19:14:44.425098+00:00, run_after=2023-09-23T19:14:44.425098+00:00
[2023-09-24T03:14:44.436+0800] {processor.py:179} INFO - Processing /opt/homebrew/lib/python3.11/site-packages/airflow/example_dags/example_setup_teardown.py took 0.132 seconds
[2023-09-24T06:34:58.274+0800] {processor.py:157} INFO - Started process (PID=79863) to work on /opt/homebrew/lib/python3.11/site-packages/airflow/example_dags/example_setup_teardown.py
[2023-09-24T06:34:58.275+0800] {processor.py:829} INFO - Processing file /opt/homebrew/lib/python3.11/site-packages/airflow/example_dags/example_setup_teardown.py for tasks to queue
[2023-09-24T06:34:58.276+0800] {logging_mixin.py:151} INFO - [2023-09-24T06:34:58.276+0800] {dagbag.py:539} INFO - Filling up the DagBag from /opt/homebrew/lib/python3.11/site-packages/airflow/example_dags/example_setup_teardown.py
[2023-09-24T06:34:58.295+0800] {processor.py:839} INFO - DAG(s) dict_keys(['example_setup_teardown']) retrieved from /opt/homebrew/lib/python3.11/site-packages/airflow/example_dags/example_setup_teardown.py
[2023-09-24T06:34:58.441+0800] {logging_mixin.py:151} INFO - [2023-09-24T06:34:58.441+0800] {dag.py:2915} INFO - Sync 1 DAGs
[2023-09-24T06:34:58.451+0800] {logging_mixin.py:151} INFO - [2023-09-24T06:34:58.451+0800] {dag.py:3696} INFO - Setting next_dagrun for example_setup_teardown to 2023-09-22T22:34:58.451124+00:00, run_after=2023-09-23T22:34:58.451124+00:00
[2023-09-24T06:34:58.465+0800] {processor.py:179} INFO - Processing /opt/homebrew/lib/python3.11/site-packages/airflow/example_dags/example_setup_teardown.py took 0.192 seconds
