[2023-09-23T08:41:46.993+0800] {processor.py:157} INFO - Started process (PID=77652) to work on /opt/homebrew/lib/python3.11/site-packages/airflow/example_dags/example_dynamic_task_mapping.py
[2023-09-23T08:41:46.994+0800] {processor.py:829} INFO - Processing file /opt/homebrew/lib/python3.11/site-packages/airflow/example_dags/example_dynamic_task_mapping.py for tasks to queue
[2023-09-23T08:41:46.994+0800] {logging_mixin.py:151} INFO - [2023-09-23T08:41:46.994+0800] {dagbag.py:539} INFO - Filling up the DagBag from /opt/homebrew/lib/python3.11/site-packages/airflow/example_dags/example_dynamic_task_mapping.py
[2023-09-23T08:41:47.024+0800] {processor.py:839} INFO - DAG(s) dict_keys(['example_dynamic_task_mapping']) retrieved from /opt/homebrew/lib/python3.11/site-packages/airflow/example_dags/example_dynamic_task_mapping.py
[2023-09-23T08:41:47.117+0800] {logging_mixin.py:151} INFO - [2023-09-23T08:41:47.117+0800] {dag.py:2915} INFO - Sync 1 DAGs
[2023-09-23T08:41:47.125+0800] {logging_mixin.py:151} INFO - [2023-09-23T08:41:47.125+0800] {dag.py:3696} INFO - Setting next_dagrun for example_dynamic_task_mapping to 2022-03-04T00:00:00+00:00, run_after=2022-03-05T00:00:00+00:00
[2023-09-23T08:41:47.135+0800] {processor.py:179} INFO - Processing /opt/homebrew/lib/python3.11/site-packages/airflow/example_dags/example_dynamic_task_mapping.py took 0.143 seconds
[2023-09-23T11:36:06.235+0800] {processor.py:157} INFO - Started process (PID=77940) to work on /opt/homebrew/lib/python3.11/site-packages/airflow/example_dags/example_dynamic_task_mapping.py
[2023-09-23T11:36:06.235+0800] {processor.py:829} INFO - Processing file /opt/homebrew/lib/python3.11/site-packages/airflow/example_dags/example_dynamic_task_mapping.py for tasks to queue
[2023-09-23T11:36:06.235+0800] {logging_mixin.py:151} INFO - [2023-09-23T11:36:06.235+0800] {dagbag.py:539} INFO - Filling up the DagBag from /opt/homebrew/lib/python3.11/site-packages/airflow/example_dags/example_dynamic_task_mapping.py
[2023-09-23T11:36:06.266+0800] {processor.py:839} INFO - DAG(s) dict_keys(['example_dynamic_task_mapping']) retrieved from /opt/homebrew/lib/python3.11/site-packages/airflow/example_dags/example_dynamic_task_mapping.py
[2023-09-23T11:36:06.358+0800] {logging_mixin.py:151} INFO - [2023-09-23T11:36:06.358+0800] {dag.py:2915} INFO - Sync 1 DAGs
[2023-09-23T11:36:06.367+0800] {logging_mixin.py:151} INFO - [2023-09-23T11:36:06.366+0800] {dag.py:3696} INFO - Setting next_dagrun for example_dynamic_task_mapping to 2022-03-04T00:00:00+00:00, run_after=2022-03-05T00:00:00+00:00
[2023-09-23T11:36:06.376+0800] {processor.py:179} INFO - Processing /opt/homebrew/lib/python3.11/site-packages/airflow/example_dags/example_dynamic_task_mapping.py took 0.142 seconds
[2023-09-23T14:53:53.645+0800] {processor.py:157} INFO - Started process (PID=78243) to work on /opt/homebrew/lib/python3.11/site-packages/airflow/example_dags/example_dynamic_task_mapping.py
[2023-09-23T14:53:53.646+0800] {processor.py:829} INFO - Processing file /opt/homebrew/lib/python3.11/site-packages/airflow/example_dags/example_dynamic_task_mapping.py for tasks to queue
[2023-09-23T14:53:53.646+0800] {logging_mixin.py:151} INFO - [2023-09-23T14:53:53.646+0800] {dagbag.py:539} INFO - Filling up the DagBag from /opt/homebrew/lib/python3.11/site-packages/airflow/example_dags/example_dynamic_task_mapping.py
[2023-09-23T14:53:53.677+0800] {processor.py:839} INFO - DAG(s) dict_keys(['example_dynamic_task_mapping']) retrieved from /opt/homebrew/lib/python3.11/site-packages/airflow/example_dags/example_dynamic_task_mapping.py
[2023-09-23T14:53:53.770+0800] {logging_mixin.py:151} INFO - [2023-09-23T14:53:53.770+0800] {dag.py:2915} INFO - Sync 1 DAGs
[2023-09-23T14:53:53.778+0800] {logging_mixin.py:151} INFO - [2023-09-23T14:53:53.778+0800] {dag.py:3696} INFO - Setting next_dagrun for example_dynamic_task_mapping to 2022-03-04T00:00:00+00:00, run_after=2022-03-05T00:00:00+00:00
[2023-09-23T14:53:53.788+0800] {processor.py:179} INFO - Processing /opt/homebrew/lib/python3.11/site-packages/airflow/example_dags/example_dynamic_task_mapping.py took 0.143 seconds
[2023-09-23T18:26:49.397+0800] {processor.py:157} INFO - Started process (PID=78585) to work on /opt/homebrew/lib/python3.11/site-packages/airflow/example_dags/example_dynamic_task_mapping.py
[2023-09-23T18:26:49.398+0800] {processor.py:829} INFO - Processing file /opt/homebrew/lib/python3.11/site-packages/airflow/example_dags/example_dynamic_task_mapping.py for tasks to queue
[2023-09-23T18:26:49.398+0800] {logging_mixin.py:151} INFO - [2023-09-23T18:26:49.398+0800] {dagbag.py:539} INFO - Filling up the DagBag from /opt/homebrew/lib/python3.11/site-packages/airflow/example_dags/example_dynamic_task_mapping.py
[2023-09-23T18:26:49.429+0800] {processor.py:839} INFO - DAG(s) dict_keys(['example_dynamic_task_mapping']) retrieved from /opt/homebrew/lib/python3.11/site-packages/airflow/example_dags/example_dynamic_task_mapping.py
[2023-09-23T18:26:49.521+0800] {logging_mixin.py:151} INFO - [2023-09-23T18:26:49.521+0800] {dag.py:2915} INFO - Sync 1 DAGs
[2023-09-23T18:26:49.529+0800] {logging_mixin.py:151} INFO - [2023-09-23T18:26:49.529+0800] {dag.py:3696} INFO - Setting next_dagrun for example_dynamic_task_mapping to 2022-03-04T00:00:00+00:00, run_after=2022-03-05T00:00:00+00:00
[2023-09-23T18:26:49.539+0800] {processor.py:179} INFO - Processing /opt/homebrew/lib/python3.11/site-packages/airflow/example_dags/example_dynamic_task_mapping.py took 0.143 seconds
[2023-09-23T21:44:26.590+0800] {processor.py:157} INFO - Started process (PID=78910) to work on /opt/homebrew/lib/python3.11/site-packages/airflow/example_dags/example_dynamic_task_mapping.py
[2023-09-23T21:44:26.591+0800] {processor.py:829} INFO - Processing file /opt/homebrew/lib/python3.11/site-packages/airflow/example_dags/example_dynamic_task_mapping.py for tasks to queue
[2023-09-23T21:44:26.591+0800] {logging_mixin.py:151} INFO - [2023-09-23T21:44:26.591+0800] {dagbag.py:539} INFO - Filling up the DagBag from /opt/homebrew/lib/python3.11/site-packages/airflow/example_dags/example_dynamic_task_mapping.py
[2023-09-23T21:44:26.622+0800] {processor.py:839} INFO - DAG(s) dict_keys(['example_dynamic_task_mapping']) retrieved from /opt/homebrew/lib/python3.11/site-packages/airflow/example_dags/example_dynamic_task_mapping.py
[2023-09-23T21:44:26.714+0800] {logging_mixin.py:151} INFO - [2023-09-23T21:44:26.714+0800] {dag.py:2915} INFO - Sync 1 DAGs
[2023-09-23T21:44:26.723+0800] {logging_mixin.py:151} INFO - [2023-09-23T21:44:26.723+0800] {dag.py:3696} INFO - Setting next_dagrun for example_dynamic_task_mapping to 2022-03-04T00:00:00+00:00, run_after=2022-03-05T00:00:00+00:00
[2023-09-23T21:44:26.733+0800] {processor.py:179} INFO - Processing /opt/homebrew/lib/python3.11/site-packages/airflow/example_dags/example_dynamic_task_mapping.py took 0.144 seconds
[2023-09-24T01:05:33.366+0800] {processor.py:157} INFO - Started process (PID=79261) to work on /opt/homebrew/lib/python3.11/site-packages/airflow/example_dags/example_dynamic_task_mapping.py
[2023-09-24T01:05:33.367+0800] {processor.py:829} INFO - Processing file /opt/homebrew/lib/python3.11/site-packages/airflow/example_dags/example_dynamic_task_mapping.py for tasks to queue
[2023-09-24T01:05:33.367+0800] {logging_mixin.py:151} INFO - [2023-09-24T01:05:33.367+0800] {dagbag.py:539} INFO - Filling up the DagBag from /opt/homebrew/lib/python3.11/site-packages/airflow/example_dags/example_dynamic_task_mapping.py
[2023-09-24T01:05:33.399+0800] {processor.py:839} INFO - DAG(s) dict_keys(['example_dynamic_task_mapping']) retrieved from /opt/homebrew/lib/python3.11/site-packages/airflow/example_dags/example_dynamic_task_mapping.py
[2023-09-24T01:05:33.492+0800] {logging_mixin.py:151} INFO - [2023-09-24T01:05:33.492+0800] {dag.py:2915} INFO - Sync 1 DAGs
[2023-09-24T01:05:33.501+0800] {logging_mixin.py:151} INFO - [2023-09-24T01:05:33.501+0800] {dag.py:3696} INFO - Setting next_dagrun for example_dynamic_task_mapping to 2022-03-04T00:00:00+00:00, run_after=2022-03-05T00:00:00+00:00
[2023-09-24T01:05:33.510+0800] {processor.py:179} INFO - Processing /opt/homebrew/lib/python3.11/site-packages/airflow/example_dags/example_dynamic_task_mapping.py took 0.145 seconds
[2023-09-24T04:20:38.303+0800] {processor.py:157} INFO - Started process (PID=79671) to work on /opt/homebrew/lib/python3.11/site-packages/airflow/example_dags/example_dynamic_task_mapping.py
[2023-09-24T04:20:38.303+0800] {processor.py:829} INFO - Processing file /opt/homebrew/lib/python3.11/site-packages/airflow/example_dags/example_dynamic_task_mapping.py for tasks to queue
[2023-09-24T04:20:38.304+0800] {logging_mixin.py:151} INFO - [2023-09-24T04:20:38.303+0800] {dagbag.py:539} INFO - Filling up the DagBag from /opt/homebrew/lib/python3.11/site-packages/airflow/example_dags/example_dynamic_task_mapping.py
[2023-09-24T04:20:38.334+0800] {processor.py:839} INFO - DAG(s) dict_keys(['example_dynamic_task_mapping']) retrieved from /opt/homebrew/lib/python3.11/site-packages/airflow/example_dags/example_dynamic_task_mapping.py
[2023-09-24T04:20:38.427+0800] {logging_mixin.py:151} INFO - [2023-09-24T04:20:38.427+0800] {dag.py:2915} INFO - Sync 1 DAGs
[2023-09-24T04:20:38.436+0800] {logging_mixin.py:151} INFO - [2023-09-24T04:20:38.436+0800] {dag.py:3696} INFO - Setting next_dagrun for example_dynamic_task_mapping to 2022-03-04T00:00:00+00:00, run_after=2022-03-05T00:00:00+00:00
[2023-09-24T04:20:38.445+0800] {processor.py:179} INFO - Processing /opt/homebrew/lib/python3.11/site-packages/airflow/example_dags/example_dynamic_task_mapping.py took 0.143 seconds
[2023-09-24T07:24:19.799+0800] {processor.py:157} INFO - Started process (PID=79965) to work on /opt/homebrew/lib/python3.11/site-packages/airflow/example_dags/example_dynamic_task_mapping.py
[2023-09-24T07:24:19.800+0800] {processor.py:829} INFO - Processing file /opt/homebrew/lib/python3.11/site-packages/airflow/example_dags/example_dynamic_task_mapping.py for tasks to queue
[2023-09-24T07:24:19.801+0800] {logging_mixin.py:151} INFO - [2023-09-24T07:24:19.800+0800] {dagbag.py:539} INFO - Filling up the DagBag from /opt/homebrew/lib/python3.11/site-packages/airflow/example_dags/example_dynamic_task_mapping.py
[2023-09-24T07:24:19.831+0800] {processor.py:839} INFO - DAG(s) dict_keys(['example_dynamic_task_mapping']) retrieved from /opt/homebrew/lib/python3.11/site-packages/airflow/example_dags/example_dynamic_task_mapping.py
[2023-09-24T07:24:19.923+0800] {logging_mixin.py:151} INFO - [2023-09-24T07:24:19.923+0800] {dag.py:2915} INFO - Sync 1 DAGs
[2023-09-24T07:24:19.931+0800] {logging_mixin.py:151} INFO - [2023-09-24T07:24:19.931+0800] {dag.py:3696} INFO - Setting next_dagrun for example_dynamic_task_mapping to 2022-03-04T00:00:00+00:00, run_after=2022-03-05T00:00:00+00:00
[2023-09-24T07:24:19.941+0800] {processor.py:179} INFO - Processing /opt/homebrew/lib/python3.11/site-packages/airflow/example_dags/example_dynamic_task_mapping.py took 0.142 seconds
