[2023-09-23T10:13:51.586+0800] {processor.py:157} INFO - Started process (PID=77806) to work on /opt/homebrew/lib/python3.11/site-packages/airflow/example_dags/example_task_group.py
[2023-09-23T10:13:51.586+0800] {processor.py:829} INFO - Processing file /opt/homebrew/lib/python3.11/site-packages/airflow/example_dags/example_task_group.py for tasks to queue
[2023-09-23T10:13:51.586+0800] {logging_mixin.py:151} INFO - [2023-09-23T10:13:51.586+0800] {dagbag.py:539} INFO - Filling up the DagBag from /opt/homebrew/lib/python3.11/site-packages/airflow/example_dags/example_task_group.py
[2023-09-23T10:13:51.602+0800] {processor.py:839} INFO - DAG(s) dict_keys(['example_task_group']) retrieved from /opt/homebrew/lib/python3.11/site-packages/airflow/example_dags/example_task_group.py
[2023-09-23T10:13:51.698+0800] {logging_mixin.py:151} INFO - [2023-09-23T10:13:51.698+0800] {dag.py:2915} INFO - Sync 1 DAGs
[2023-09-23T10:13:51.707+0800] {logging_mixin.py:151} INFO - [2023-09-23T10:13:51.706+0800] {dag.py:3696} INFO - Setting next_dagrun for example_task_group to 2023-09-22T02:13:51.706900+00:00, run_after=2023-09-23T02:13:51.706900+00:00
[2023-09-23T10:13:51.718+0800] {processor.py:179} INFO - Processing /opt/homebrew/lib/python3.11/site-packages/airflow/example_dags/example_task_group.py took 0.133 seconds
[2023-09-23T13:18:28.817+0800] {processor.py:157} INFO - Started process (PID=78091) to work on /opt/homebrew/lib/python3.11/site-packages/airflow/example_dags/example_task_group.py
[2023-09-23T13:18:28.817+0800] {processor.py:829} INFO - Processing file /opt/homebrew/lib/python3.11/site-packages/airflow/example_dags/example_task_group.py for tasks to queue
[2023-09-23T13:18:28.818+0800] {logging_mixin.py:151} INFO - [2023-09-23T13:18:28.817+0800] {dagbag.py:539} INFO - Filling up the DagBag from /opt/homebrew/lib/python3.11/site-packages/airflow/example_dags/example_task_group.py
[2023-09-23T13:18:28.834+0800] {processor.py:839} INFO - DAG(s) dict_keys(['example_task_group']) retrieved from /opt/homebrew/lib/python3.11/site-packages/airflow/example_dags/example_task_group.py
[2023-09-23T13:18:28.931+0800] {logging_mixin.py:151} INFO - [2023-09-23T13:18:28.931+0800] {dag.py:2915} INFO - Sync 1 DAGs
[2023-09-23T13:18:28.939+0800] {logging_mixin.py:151} INFO - [2023-09-23T13:18:28.939+0800] {dag.py:3696} INFO - Setting next_dagrun for example_task_group to 2023-09-22T05:18:28.939511+00:00, run_after=2023-09-23T05:18:28.939511+00:00
[2023-09-23T13:18:28.950+0800] {processor.py:179} INFO - Processing /opt/homebrew/lib/python3.11/site-packages/airflow/example_dags/example_task_group.py took 0.134 seconds
[2023-09-23T16:54:37.363+0800] {processor.py:157} INFO - Started process (PID=78440) to work on /opt/homebrew/lib/python3.11/site-packages/airflow/example_dags/example_task_group.py
[2023-09-23T16:54:37.363+0800] {processor.py:829} INFO - Processing file /opt/homebrew/lib/python3.11/site-packages/airflow/example_dags/example_task_group.py for tasks to queue
[2023-09-23T16:54:37.363+0800] {logging_mixin.py:151} INFO - [2023-09-23T16:54:37.363+0800] {dagbag.py:539} INFO - Filling up the DagBag from /opt/homebrew/lib/python3.11/site-packages/airflow/example_dags/example_task_group.py
[2023-09-23T16:54:37.380+0800] {processor.py:839} INFO - DAG(s) dict_keys(['example_task_group']) retrieved from /opt/homebrew/lib/python3.11/site-packages/airflow/example_dags/example_task_group.py
[2023-09-23T16:54:37.475+0800] {logging_mixin.py:151} INFO - [2023-09-23T16:54:37.475+0800] {dag.py:2915} INFO - Sync 1 DAGs
[2023-09-23T16:54:37.484+0800] {logging_mixin.py:151} INFO - [2023-09-23T16:54:37.484+0800] {dag.py:3696} INFO - Setting next_dagrun for example_task_group to 2023-09-22T08:54:37.484059+00:00, run_after=2023-09-23T08:54:37.484059+00:00
[2023-09-23T16:54:37.495+0800] {processor.py:179} INFO - Processing /opt/homebrew/lib/python3.11/site-packages/airflow/example_dags/example_task_group.py took 0.133 seconds
[2023-09-23T20:08:12.543+0800] {processor.py:157} INFO - Started process (PID=78749) to work on /opt/homebrew/lib/python3.11/site-packages/airflow/example_dags/example_task_group.py
[2023-09-23T20:08:12.543+0800] {processor.py:829} INFO - Processing file /opt/homebrew/lib/python3.11/site-packages/airflow/example_dags/example_task_group.py for tasks to queue
[2023-09-23T20:08:12.544+0800] {logging_mixin.py:151} INFO - [2023-09-23T20:08:12.544+0800] {dagbag.py:539} INFO - Filling up the DagBag from /opt/homebrew/lib/python3.11/site-packages/airflow/example_dags/example_task_group.py
[2023-09-23T20:08:12.560+0800] {processor.py:839} INFO - DAG(s) dict_keys(['example_task_group']) retrieved from /opt/homebrew/lib/python3.11/site-packages/airflow/example_dags/example_task_group.py
[2023-09-23T20:08:12.664+0800] {logging_mixin.py:151} INFO - [2023-09-23T20:08:12.664+0800] {dag.py:2915} INFO - Sync 1 DAGs
[2023-09-23T20:08:12.672+0800] {logging_mixin.py:151} INFO - [2023-09-23T20:08:12.672+0800] {dag.py:3696} INFO - Setting next_dagrun for example_task_group to 2023-09-22T12:08:12.672784+00:00, run_after=2023-09-23T12:08:12.672784+00:00
[2023-09-23T20:08:12.684+0800] {processor.py:179} INFO - Processing /opt/homebrew/lib/python3.11/site-packages/airflow/example_dags/example_task_group.py took 0.142 seconds
[2023-09-23T23:25:41.398+0800] {processor.py:157} INFO - Started process (PID=79060) to work on /opt/homebrew/lib/python3.11/site-packages/airflow/example_dags/example_task_group.py
[2023-09-23T23:25:41.399+0800] {processor.py:829} INFO - Processing file /opt/homebrew/lib/python3.11/site-packages/airflow/example_dags/example_task_group.py for tasks to queue
[2023-09-23T23:25:41.399+0800] {logging_mixin.py:151} INFO - [2023-09-23T23:25:41.399+0800] {dagbag.py:539} INFO - Filling up the DagBag from /opt/homebrew/lib/python3.11/site-packages/airflow/example_dags/example_task_group.py
[2023-09-23T23:25:41.416+0800] {processor.py:839} INFO - DAG(s) dict_keys(['example_task_group']) retrieved from /opt/homebrew/lib/python3.11/site-packages/airflow/example_dags/example_task_group.py
[2023-09-23T23:25:41.511+0800] {logging_mixin.py:151} INFO - [2023-09-23T23:25:41.511+0800] {dag.py:2915} INFO - Sync 1 DAGs
[2023-09-23T23:25:41.519+0800] {logging_mixin.py:151} INFO - [2023-09-23T23:25:41.519+0800] {dag.py:3696} INFO - Setting next_dagrun for example_task_group to 2023-09-22T15:25:41.519742+00:00, run_after=2023-09-23T15:25:41.519742+00:00
[2023-09-23T23:25:41.530+0800] {processor.py:179} INFO - Processing /opt/homebrew/lib/python3.11/site-packages/airflow/example_dags/example_task_group.py took 0.132 seconds
[2023-09-24T02:56:52.751+0800] {processor.py:157} INFO - Started process (PID=79524) to work on /opt/homebrew/lib/python3.11/site-packages/airflow/example_dags/example_task_group.py
[2023-09-24T02:56:52.753+0800] {processor.py:829} INFO - Processing file /opt/homebrew/lib/python3.11/site-packages/airflow/example_dags/example_task_group.py for tasks to queue
[2023-09-24T02:56:52.753+0800] {logging_mixin.py:151} INFO - [2023-09-24T02:56:52.753+0800] {dagbag.py:539} INFO - Filling up the DagBag from /opt/homebrew/lib/python3.11/site-packages/airflow/example_dags/example_task_group.py
[2023-09-24T02:56:52.774+0800] {processor.py:839} INFO - DAG(s) dict_keys(['example_task_group']) retrieved from /opt/homebrew/lib/python3.11/site-packages/airflow/example_dags/example_task_group.py
[2023-09-24T02:56:52.872+0800] {logging_mixin.py:151} INFO - [2023-09-24T02:56:52.872+0800] {dag.py:2915} INFO - Sync 1 DAGs
[2023-09-24T02:56:52.882+0800] {logging_mixin.py:151} INFO - [2023-09-24T02:56:52.882+0800] {dag.py:3696} INFO - Setting next_dagrun for example_task_group to 2023-09-22T18:56:52.881918+00:00, run_after=2023-09-23T18:56:52.881918+00:00
[2023-09-24T02:56:52.894+0800] {processor.py:179} INFO - Processing /opt/homebrew/lib/python3.11/site-packages/airflow/example_dags/example_task_group.py took 0.144 seconds
[2023-09-24T06:01:29.371+0800] {processor.py:157} INFO - Started process (PID=79828) to work on /opt/homebrew/lib/python3.11/site-packages/airflow/example_dags/example_task_group.py
[2023-09-24T06:01:29.372+0800] {processor.py:829} INFO - Processing file /opt/homebrew/lib/python3.11/site-packages/airflow/example_dags/example_task_group.py for tasks to queue
[2023-09-24T06:01:29.372+0800] {logging_mixin.py:151} INFO - [2023-09-24T06:01:29.372+0800] {dagbag.py:539} INFO - Filling up the DagBag from /opt/homebrew/lib/python3.11/site-packages/airflow/example_dags/example_task_group.py
[2023-09-24T06:01:29.389+0800] {processor.py:839} INFO - DAG(s) dict_keys(['example_task_group']) retrieved from /opt/homebrew/lib/python3.11/site-packages/airflow/example_dags/example_task_group.py
[2023-09-24T06:01:29.484+0800] {logging_mixin.py:151} INFO - [2023-09-24T06:01:29.484+0800] {dag.py:2915} INFO - Sync 1 DAGs
[2023-09-24T06:01:29.492+0800] {logging_mixin.py:151} INFO - [2023-09-24T06:01:29.492+0800] {dag.py:3696} INFO - Setting next_dagrun for example_task_group to 2023-09-22T22:01:29.492735+00:00, run_after=2023-09-23T22:01:29.492735+00:00
[2023-09-24T06:01:29.503+0800] {processor.py:179} INFO - Processing /opt/homebrew/lib/python3.11/site-packages/airflow/example_dags/example_task_group.py took 0.133 seconds
