[2023-09-23T10:46:38.183+0800] {processor.py:157} INFO - Started process (PID=77865) to work on /opt/homebrew/lib/python3.11/site-packages/airflow/example_dags/example_python_operator.py
[2023-09-23T10:46:38.184+0800] {processor.py:829} INFO - Processing file /opt/homebrew/lib/python3.11/site-packages/airflow/example_dags/example_python_operator.py for tasks to queue
[2023-09-23T10:46:38.184+0800] {logging_mixin.py:151} INFO - [2023-09-23T10:46:38.184+0800] {dagbag.py:539} INFO - Filling up the DagBag from /opt/homebrew/lib/python3.11/site-packages/airflow/example_dags/example_python_operator.py
[2023-09-23T10:46:38.213+0800] {logging_mixin.py:151} INFO - [2023-09-23T10:46:38.213+0800] {example_python_operator.py:89} WARNING - The virtalenv_python example task requires virtualenv, please install it.
[2023-09-23T10:46:38.216+0800] {processor.py:839} INFO - DAG(s) dict_keys(['example_python_operator']) retrieved from /opt/homebrew/lib/python3.11/site-packages/airflow/example_dags/example_python_operator.py
[2023-09-23T10:46:38.309+0800] {logging_mixin.py:151} INFO - [2023-09-23T10:46:38.309+0800] {dag.py:2915} INFO - Sync 1 DAGs
[2023-09-23T10:46:38.314+0800] {logging_mixin.py:151} INFO - [2023-09-23T10:46:38.314+0800] {dag.py:3696} INFO - Setting next_dagrun for example_python_operator to None, run_after=None
[2023-09-23T10:46:38.324+0800] {processor.py:179} INFO - Processing /opt/homebrew/lib/python3.11/site-packages/airflow/example_dags/example_python_operator.py took 0.141 seconds
[2023-09-23T14:05:55.282+0800] {processor.py:157} INFO - Started process (PID=78161) to work on /opt/homebrew/lib/python3.11/site-packages/airflow/example_dags/example_python_operator.py
[2023-09-23T14:05:55.282+0800] {processor.py:829} INFO - Processing file /opt/homebrew/lib/python3.11/site-packages/airflow/example_dags/example_python_operator.py for tasks to queue
[2023-09-23T14:05:55.282+0800] {logging_mixin.py:151} INFO - [2023-09-23T14:05:55.282+0800] {dagbag.py:539} INFO - Filling up the DagBag from /opt/homebrew/lib/python3.11/site-packages/airflow/example_dags/example_python_operator.py
[2023-09-23T14:05:55.312+0800] {logging_mixin.py:151} INFO - [2023-09-23T14:05:55.312+0800] {example_python_operator.py:89} WARNING - The virtalenv_python example task requires virtualenv, please install it.
[2023-09-23T14:05:55.315+0800] {processor.py:839} INFO - DAG(s) dict_keys(['example_python_operator']) retrieved from /opt/homebrew/lib/python3.11/site-packages/airflow/example_dags/example_python_operator.py
[2023-09-23T14:05:55.408+0800] {logging_mixin.py:151} INFO - [2023-09-23T14:05:55.408+0800] {dag.py:2915} INFO - Sync 1 DAGs
[2023-09-23T14:05:55.413+0800] {logging_mixin.py:151} INFO - [2023-09-23T14:05:55.413+0800] {dag.py:3696} INFO - Setting next_dagrun for example_python_operator to None, run_after=None
[2023-09-23T14:05:55.423+0800] {processor.py:179} INFO - Processing /opt/homebrew/lib/python3.11/site-packages/airflow/example_dags/example_python_operator.py took 0.142 seconds
[2023-09-23T17:43:21.964+0800] {processor.py:157} INFO - Started process (PID=78506) to work on /opt/homebrew/lib/python3.11/site-packages/airflow/example_dags/example_python_operator.py
[2023-09-23T17:43:21.964+0800] {processor.py:829} INFO - Processing file /opt/homebrew/lib/python3.11/site-packages/airflow/example_dags/example_python_operator.py for tasks to queue
[2023-09-23T17:43:21.965+0800] {logging_mixin.py:151} INFO - [2023-09-23T17:43:21.965+0800] {dagbag.py:539} INFO - Filling up the DagBag from /opt/homebrew/lib/python3.11/site-packages/airflow/example_dags/example_python_operator.py
[2023-09-23T17:43:21.994+0800] {logging_mixin.py:151} INFO - [2023-09-23T17:43:21.994+0800] {example_python_operator.py:89} WARNING - The virtalenv_python example task requires virtualenv, please install it.
[2023-09-23T17:43:21.997+0800] {processor.py:839} INFO - DAG(s) dict_keys(['example_python_operator']) retrieved from /opt/homebrew/lib/python3.11/site-packages/airflow/example_dags/example_python_operator.py
[2023-09-23T17:43:22.091+0800] {logging_mixin.py:151} INFO - [2023-09-23T17:43:22.091+0800] {dag.py:2915} INFO - Sync 1 DAGs
[2023-09-23T17:43:22.096+0800] {logging_mixin.py:151} INFO - [2023-09-23T17:43:22.096+0800] {dag.py:3696} INFO - Setting next_dagrun for example_python_operator to None, run_after=None
[2023-09-23T17:43:22.106+0800] {processor.py:179} INFO - Processing /opt/homebrew/lib/python3.11/site-packages/airflow/example_dags/example_python_operator.py took 0.142 seconds
[2023-09-23T20:56:54.128+0800] {processor.py:157} INFO - Started process (PID=78829) to work on /opt/homebrew/lib/python3.11/site-packages/airflow/example_dags/example_python_operator.py
[2023-09-23T20:56:54.129+0800] {processor.py:829} INFO - Processing file /opt/homebrew/lib/python3.11/site-packages/airflow/example_dags/example_python_operator.py for tasks to queue
[2023-09-23T20:56:54.129+0800] {logging_mixin.py:151} INFO - [2023-09-23T20:56:54.129+0800] {dagbag.py:539} INFO - Filling up the DagBag from /opt/homebrew/lib/python3.11/site-packages/airflow/example_dags/example_python_operator.py
[2023-09-23T20:56:54.158+0800] {logging_mixin.py:151} INFO - [2023-09-23T20:56:54.158+0800] {example_python_operator.py:89} WARNING - The virtalenv_python example task requires virtualenv, please install it.
[2023-09-23T20:56:54.161+0800] {processor.py:839} INFO - DAG(s) dict_keys(['example_python_operator']) retrieved from /opt/homebrew/lib/python3.11/site-packages/airflow/example_dags/example_python_operator.py
[2023-09-23T20:56:54.254+0800] {logging_mixin.py:151} INFO - [2023-09-23T20:56:54.254+0800] {dag.py:2915} INFO - Sync 1 DAGs
[2023-09-23T20:56:54.259+0800] {logging_mixin.py:151} INFO - [2023-09-23T20:56:54.259+0800] {dag.py:3696} INFO - Setting next_dagrun for example_python_operator to None, run_after=None
[2023-09-23T20:56:54.269+0800] {processor.py:179} INFO - Processing /opt/homebrew/lib/python3.11/site-packages/airflow/example_dags/example_python_operator.py took 0.142 seconds
[2023-09-24T00:16:30.048+0800] {processor.py:157} INFO - Started process (PID=79181) to work on /opt/homebrew/lib/python3.11/site-packages/airflow/example_dags/example_python_operator.py
[2023-09-24T00:16:30.049+0800] {processor.py:829} INFO - Processing file /opt/homebrew/lib/python3.11/site-packages/airflow/example_dags/example_python_operator.py for tasks to queue
[2023-09-24T00:16:30.049+0800] {logging_mixin.py:151} INFO - [2023-09-24T00:16:30.049+0800] {dagbag.py:539} INFO - Filling up the DagBag from /opt/homebrew/lib/python3.11/site-packages/airflow/example_dags/example_python_operator.py
[2023-09-24T00:16:30.078+0800] {logging_mixin.py:151} INFO - [2023-09-24T00:16:30.078+0800] {example_python_operator.py:89} WARNING - The virtalenv_python example task requires virtualenv, please install it.
[2023-09-24T00:16:30.081+0800] {processor.py:839} INFO - DAG(s) dict_keys(['example_python_operator']) retrieved from /opt/homebrew/lib/python3.11/site-packages/airflow/example_dags/example_python_operator.py
[2023-09-24T00:16:30.174+0800] {logging_mixin.py:151} INFO - [2023-09-24T00:16:30.174+0800] {dag.py:2915} INFO - Sync 1 DAGs
[2023-09-24T00:16:30.179+0800] {logging_mixin.py:151} INFO - [2023-09-24T00:16:30.179+0800] {dag.py:3696} INFO - Setting next_dagrun for example_python_operator to None, run_after=None
[2023-09-24T00:16:30.189+0800] {processor.py:179} INFO - Processing /opt/homebrew/lib/python3.11/site-packages/airflow/example_dags/example_python_operator.py took 0.142 seconds
[2023-09-24T03:32:26.602+0800] {processor.py:157} INFO - Started process (PID=79593) to work on /opt/homebrew/lib/python3.11/site-packages/airflow/example_dags/example_python_operator.py
[2023-09-24T03:32:26.603+0800] {processor.py:829} INFO - Processing file /opt/homebrew/lib/python3.11/site-packages/airflow/example_dags/example_python_operator.py for tasks to queue
[2023-09-24T03:32:26.603+0800] {logging_mixin.py:151} INFO - [2023-09-24T03:32:26.603+0800] {dagbag.py:539} INFO - Filling up the DagBag from /opt/homebrew/lib/python3.11/site-packages/airflow/example_dags/example_python_operator.py
[2023-09-24T03:32:26.635+0800] {logging_mixin.py:151} INFO - [2023-09-24T03:32:26.635+0800] {example_python_operator.py:89} WARNING - The virtalenv_python example task requires virtualenv, please install it.
[2023-09-24T03:32:26.639+0800] {processor.py:839} INFO - DAG(s) dict_keys(['example_python_operator']) retrieved from /opt/homebrew/lib/python3.11/site-packages/airflow/example_dags/example_python_operator.py
[2023-09-24T03:32:26.750+0800] {logging_mixin.py:151} INFO - [2023-09-24T03:32:26.749+0800] {dag.py:2915} INFO - Sync 1 DAGs
[2023-09-24T03:32:26.755+0800] {logging_mixin.py:151} INFO - [2023-09-24T03:32:26.755+0800] {dag.py:3696} INFO - Setting next_dagrun for example_python_operator to None, run_after=None
[2023-09-24T03:32:26.767+0800] {processor.py:179} INFO - Processing /opt/homebrew/lib/python3.11/site-packages/airflow/example_dags/example_python_operator.py took 0.165 seconds
[2023-09-24T06:35:03.963+0800] {processor.py:157} INFO - Started process (PID=79890) to work on /opt/homebrew/lib/python3.11/site-packages/airflow/example_dags/example_python_operator.py
[2023-09-24T06:35:03.964+0800] {processor.py:829} INFO - Processing file /opt/homebrew/lib/python3.11/site-packages/airflow/example_dags/example_python_operator.py for tasks to queue
[2023-09-24T06:35:03.964+0800] {logging_mixin.py:151} INFO - [2023-09-24T06:35:03.964+0800] {dagbag.py:539} INFO - Filling up the DagBag from /opt/homebrew/lib/python3.11/site-packages/airflow/example_dags/example_python_operator.py
[2023-09-24T06:35:03.992+0800] {logging_mixin.py:151} INFO - [2023-09-24T06:35:03.992+0800] {example_python_operator.py:89} WARNING - The virtalenv_python example task requires virtualenv, please install it.
[2023-09-24T06:35:03.995+0800] {processor.py:839} INFO - DAG(s) dict_keys(['example_python_operator']) retrieved from /opt/homebrew/lib/python3.11/site-packages/airflow/example_dags/example_python_operator.py
[2023-09-24T06:35:04.088+0800] {logging_mixin.py:151} INFO - [2023-09-24T06:35:04.088+0800] {dag.py:2915} INFO - Sync 1 DAGs
[2023-09-24T06:35:04.093+0800] {logging_mixin.py:151} INFO - [2023-09-24T06:35:04.093+0800] {dag.py:3696} INFO - Setting next_dagrun for example_python_operator to None, run_after=None
[2023-09-24T06:35:04.103+0800] {processor.py:179} INFO - Processing /opt/homebrew/lib/python3.11/site-packages/airflow/example_dags/example_python_operator.py took 0.140 seconds
