[2023-09-23T09:14:16.602+0800] {processor.py:157} INFO - Started process (PID=77709) to work on /opt/homebrew/lib/python3.11/site-packages/airflow/example_dags/example_branch_datetime_operator.py
[2023-09-23T09:14:16.602+0800] {processor.py:829} INFO - Processing file /opt/homebrew/lib/python3.11/site-packages/airflow/example_dags/example_branch_datetime_operator.py for tasks to queue
[2023-09-23T09:14:16.603+0800] {logging_mixin.py:151} INFO - [2023-09-23T09:14:16.603+0800] {dagbag.py:539} INFO - Filling up the DagBag from /opt/homebrew/lib/python3.11/site-packages/airflow/example_dags/example_branch_datetime_operator.py
[2023-09-23T09:14:16.621+0800] {processor.py:839} INFO - DAG(s) dict_keys(['example_branch_datetime_operator_2', 'example_branch_datetime_operator', 'example_branch_datetime_operator_3']) retrieved from /opt/homebrew/lib/python3.11/site-packages/airflow/example_dags/example_branch_datetime_operator.py
[2023-09-23T09:14:16.719+0800] {logging_mixin.py:151} INFO - [2023-09-23T09:14:16.719+0800] {dag.py:2915} INFO - Sync 3 DAGs
[2023-09-23T09:14:16.728+0800] {logging_mixin.py:151} INFO - [2023-09-23T09:14:16.728+0800] {dag.py:3696} INFO - Setting next_dagrun for example_branch_datetime_operator to 2023-09-22T00:00:00+00:00, run_after=2023-09-23T00:00:00+00:00
[2023-09-23T09:14:16.731+0800] {logging_mixin.py:151} INFO - [2023-09-23T09:14:16.731+0800] {dag.py:3696} INFO - Setting next_dagrun for example_branch_datetime_operator_2 to 2023-09-22T00:00:00+00:00, run_after=2023-09-23T00:00:00+00:00
[2023-09-23T09:14:16.732+0800] {logging_mixin.py:151} INFO - [2023-09-23T09:14:16.732+0800] {dag.py:3696} INFO - Setting next_dagrun for example_branch_datetime_operator_3 to 2023-09-22T00:00:00+00:00, run_after=2023-09-23T00:00:00+00:00
[2023-09-23T09:14:16.742+0800] {processor.py:179} INFO - Processing /opt/homebrew/lib/python3.11/site-packages/airflow/example_dags/example_branch_datetime_operator.py took 0.140 seconds
[2023-09-23T15:28:16.992+0800] {processor.py:157} INFO - Started process (PID=78318) to work on /opt/homebrew/lib/python3.11/site-packages/airflow/example_dags/example_branch_datetime_operator.py
[2023-09-23T15:28:16.993+0800] {processor.py:829} INFO - Processing file /opt/homebrew/lib/python3.11/site-packages/airflow/example_dags/example_branch_datetime_operator.py for tasks to queue
[2023-09-23T15:28:16.993+0800] {logging_mixin.py:151} INFO - [2023-09-23T15:28:16.993+0800] {dagbag.py:539} INFO - Filling up the DagBag from /opt/homebrew/lib/python3.11/site-packages/airflow/example_dags/example_branch_datetime_operator.py
[2023-09-23T15:28:17.011+0800] {processor.py:839} INFO - DAG(s) dict_keys(['example_branch_datetime_operator', 'example_branch_datetime_operator_2', 'example_branch_datetime_operator_3']) retrieved from /opt/homebrew/lib/python3.11/site-packages/airflow/example_dags/example_branch_datetime_operator.py
[2023-09-23T15:28:17.108+0800] {logging_mixin.py:151} INFO - [2023-09-23T15:28:17.108+0800] {dag.py:2915} INFO - Sync 3 DAGs
[2023-09-23T15:28:17.118+0800] {logging_mixin.py:151} INFO - [2023-09-23T15:28:17.117+0800] {dag.py:3696} INFO - Setting next_dagrun for example_branch_datetime_operator to 2023-09-22T00:00:00+00:00, run_after=2023-09-23T00:00:00+00:00
[2023-09-23T15:28:17.120+0800] {logging_mixin.py:151} INFO - [2023-09-23T15:28:17.120+0800] {dag.py:3696} INFO - Setting next_dagrun for example_branch_datetime_operator_2 to 2023-09-22T00:00:00+00:00, run_after=2023-09-23T00:00:00+00:00
[2023-09-23T15:28:17.121+0800] {logging_mixin.py:151} INFO - [2023-09-23T15:28:17.121+0800] {dag.py:3696} INFO - Setting next_dagrun for example_branch_datetime_operator_3 to 2023-09-22T00:00:00+00:00, run_after=2023-09-23T00:00:00+00:00
[2023-09-23T15:28:17.131+0800] {processor.py:179} INFO - Processing /opt/homebrew/lib/python3.11/site-packages/airflow/example_dags/example_branch_datetime_operator.py took 0.139 seconds
[2023-09-23T18:58:40.137+0800] {processor.py:157} INFO - Started process (PID=78646) to work on /opt/homebrew/lib/python3.11/site-packages/airflow/example_dags/example_branch_datetime_operator.py
[2023-09-23T18:58:40.138+0800] {processor.py:829} INFO - Processing file /opt/homebrew/lib/python3.11/site-packages/airflow/example_dags/example_branch_datetime_operator.py for tasks to queue
[2023-09-23T18:58:40.138+0800] {logging_mixin.py:151} INFO - [2023-09-23T18:58:40.138+0800] {dagbag.py:539} INFO - Filling up the DagBag from /opt/homebrew/lib/python3.11/site-packages/airflow/example_dags/example_branch_datetime_operator.py
[2023-09-23T18:58:40.156+0800] {processor.py:839} INFO - DAG(s) dict_keys(['example_branch_datetime_operator_2', 'example_branch_datetime_operator', 'example_branch_datetime_operator_3']) retrieved from /opt/homebrew/lib/python3.11/site-packages/airflow/example_dags/example_branch_datetime_operator.py
[2023-09-23T18:58:40.253+0800] {logging_mixin.py:151} INFO - [2023-09-23T18:58:40.253+0800] {dag.py:2915} INFO - Sync 3 DAGs
[2023-09-23T18:58:40.263+0800] {logging_mixin.py:151} INFO - [2023-09-23T18:58:40.263+0800] {dag.py:3696} INFO - Setting next_dagrun for example_branch_datetime_operator to 2023-09-22T00:00:00+00:00, run_after=2023-09-23T00:00:00+00:00
[2023-09-23T18:58:40.265+0800] {logging_mixin.py:151} INFO - [2023-09-23T18:58:40.265+0800] {dag.py:3696} INFO - Setting next_dagrun for example_branch_datetime_operator_2 to 2023-09-22T00:00:00+00:00, run_after=2023-09-23T00:00:00+00:00
[2023-09-23T18:58:40.266+0800] {logging_mixin.py:151} INFO - [2023-09-23T18:58:40.266+0800] {dag.py:3696} INFO - Setting next_dagrun for example_branch_datetime_operator_3 to 2023-09-22T00:00:00+00:00, run_after=2023-09-23T00:00:00+00:00
[2023-09-23T18:58:40.276+0800] {processor.py:179} INFO - Processing /opt/homebrew/lib/python3.11/site-packages/airflow/example_dags/example_branch_datetime_operator.py took 0.139 seconds
[2023-09-24T01:39:11.632+0800] {processor.py:157} INFO - Started process (PID=79309) to work on /opt/homebrew/lib/python3.11/site-packages/airflow/example_dags/example_branch_datetime_operator.py
[2023-09-24T01:39:11.633+0800] {processor.py:829} INFO - Processing file /opt/homebrew/lib/python3.11/site-packages/airflow/example_dags/example_branch_datetime_operator.py for tasks to queue
[2023-09-24T01:39:11.634+0800] {logging_mixin.py:151} INFO - [2023-09-24T01:39:11.634+0800] {dagbag.py:539} INFO - Filling up the DagBag from /opt/homebrew/lib/python3.11/site-packages/airflow/example_dags/example_branch_datetime_operator.py
[2023-09-24T01:39:11.652+0800] {processor.py:839} INFO - DAG(s) dict_keys(['example_branch_datetime_operator_2', 'example_branch_datetime_operator', 'example_branch_datetime_operator_3']) retrieved from /opt/homebrew/lib/python3.11/site-packages/airflow/example_dags/example_branch_datetime_operator.py
[2023-09-24T01:39:11.749+0800] {logging_mixin.py:151} INFO - [2023-09-24T01:39:11.749+0800] {dag.py:2915} INFO - Sync 3 DAGs
[2023-09-24T01:39:11.758+0800] {logging_mixin.py:151} INFO - [2023-09-24T01:39:11.758+0800] {dag.py:3696} INFO - Setting next_dagrun for example_branch_datetime_operator to 2023-09-22T00:00:00+00:00, run_after=2023-09-23T00:00:00+00:00
[2023-09-24T01:39:11.761+0800] {logging_mixin.py:151} INFO - [2023-09-24T01:39:11.761+0800] {dag.py:3696} INFO - Setting next_dagrun for example_branch_datetime_operator_2 to 2023-09-22T00:00:00+00:00, run_after=2023-09-23T00:00:00+00:00
[2023-09-24T01:39:11.762+0800] {logging_mixin.py:151} INFO - [2023-09-24T01:39:11.762+0800] {dag.py:3696} INFO - Setting next_dagrun for example_branch_datetime_operator_3 to 2023-09-22T00:00:00+00:00, run_after=2023-09-23T00:00:00+00:00
[2023-09-24T01:39:11.772+0800] {processor.py:179} INFO - Processing /opt/homebrew/lib/python3.11/site-packages/airflow/example_dags/example_branch_datetime_operator.py took 0.140 seconds
