[2023-09-23T09:47:17.736+0800] {processor.py:157} INFO - Started process (PID=77757) to work on /opt/homebrew/lib/python3.11/site-packages/airflow/example_dags/tutorial_dag.py
[2023-09-23T09:47:17.736+0800] {processor.py:829} INFO - Processing file /opt/homebrew/lib/python3.11/site-packages/airflow/example_dags/tutorial_dag.py for tasks to queue
[2023-09-23T09:47:17.736+0800] {logging_mixin.py:151} INFO - [2023-09-23T09:47:17.736+0800] {dagbag.py:539} INFO - Filling up the DagBag from /opt/homebrew/lib/python3.11/site-packages/airflow/example_dags/tutorial_dag.py
[2023-09-23T09:47:17.760+0800] {processor.py:839} INFO - DAG(s) dict_keys(['tutorial_dag']) retrieved from /opt/homebrew/lib/python3.11/site-packages/airflow/example_dags/tutorial_dag.py
[2023-09-23T09:47:17.860+0800] {logging_mixin.py:151} INFO - [2023-09-23T09:47:17.860+0800] {dag.py:2915} INFO - Sync 1 DAGs
[2023-09-23T09:47:17.866+0800] {logging_mixin.py:151} INFO - [2023-09-23T09:47:17.866+0800] {dag.py:3696} INFO - Setting next_dagrun for tutorial_dag to None, run_after=None
[2023-09-23T09:47:17.876+0800] {processor.py:179} INFO - Processing /opt/homebrew/lib/python3.11/site-packages/airflow/example_dags/tutorial_dag.py took 0.141 seconds
[2023-09-23T12:44:11.217+0800] {processor.py:157} INFO - Started process (PID=78042) to work on /opt/homebrew/lib/python3.11/site-packages/airflow/example_dags/tutorial_dag.py
[2023-09-23T12:44:11.217+0800] {processor.py:829} INFO - Processing file /opt/homebrew/lib/python3.11/site-packages/airflow/example_dags/tutorial_dag.py for tasks to queue
[2023-09-23T12:44:11.217+0800] {logging_mixin.py:151} INFO - [2023-09-23T12:44:11.217+0800] {dagbag.py:539} INFO - Filling up the DagBag from /opt/homebrew/lib/python3.11/site-packages/airflow/example_dags/tutorial_dag.py
[2023-09-23T12:44:11.240+0800] {processor.py:839} INFO - DAG(s) dict_keys(['tutorial_dag']) retrieved from /opt/homebrew/lib/python3.11/site-packages/airflow/example_dags/tutorial_dag.py
[2023-09-23T12:44:11.335+0800] {logging_mixin.py:151} INFO - [2023-09-23T12:44:11.335+0800] {dag.py:2915} INFO - Sync 1 DAGs
[2023-09-23T12:44:11.340+0800] {logging_mixin.py:151} INFO - [2023-09-23T12:44:11.340+0800] {dag.py:3696} INFO - Setting next_dagrun for tutorial_dag to None, run_after=None
[2023-09-23T12:44:11.351+0800] {processor.py:179} INFO - Processing /opt/homebrew/lib/python3.11/site-packages/airflow/example_dags/tutorial_dag.py took 0.134 seconds
[2023-09-23T16:19:05.680+0800] {processor.py:157} INFO - Started process (PID=78387) to work on /opt/homebrew/lib/python3.11/site-packages/airflow/example_dags/tutorial_dag.py
[2023-09-23T16:19:05.680+0800] {processor.py:829} INFO - Processing file /opt/homebrew/lib/python3.11/site-packages/airflow/example_dags/tutorial_dag.py for tasks to queue
[2023-09-23T16:19:05.680+0800] {logging_mixin.py:151} INFO - [2023-09-23T16:19:05.680+0800] {dagbag.py:539} INFO - Filling up the DagBag from /opt/homebrew/lib/python3.11/site-packages/airflow/example_dags/tutorial_dag.py
[2023-09-23T16:19:05.703+0800] {processor.py:839} INFO - DAG(s) dict_keys(['tutorial_dag']) retrieved from /opt/homebrew/lib/python3.11/site-packages/airflow/example_dags/tutorial_dag.py
[2023-09-23T16:19:05.798+0800] {logging_mixin.py:151} INFO - [2023-09-23T16:19:05.798+0800] {dag.py:2915} INFO - Sync 1 DAGs
[2023-09-23T16:19:05.804+0800] {logging_mixin.py:151} INFO - [2023-09-23T16:19:05.803+0800] {dag.py:3696} INFO - Setting next_dagrun for tutorial_dag to None, run_after=None
[2023-09-23T16:19:05.814+0800] {processor.py:179} INFO - Processing /opt/homebrew/lib/python3.11/site-packages/airflow/example_dags/tutorial_dag.py took 0.135 seconds
[2023-09-23T19:33:52.449+0800] {processor.py:157} INFO - Started process (PID=78697) to work on /opt/homebrew/lib/python3.11/site-packages/airflow/example_dags/tutorial_dag.py
[2023-09-23T19:33:52.450+0800] {processor.py:829} INFO - Processing file /opt/homebrew/lib/python3.11/site-packages/airflow/example_dags/tutorial_dag.py for tasks to queue
[2023-09-23T19:33:52.450+0800] {logging_mixin.py:151} INFO - [2023-09-23T19:33:52.450+0800] {dagbag.py:539} INFO - Filling up the DagBag from /opt/homebrew/lib/python3.11/site-packages/airflow/example_dags/tutorial_dag.py
[2023-09-23T19:33:52.472+0800] {processor.py:839} INFO - DAG(s) dict_keys(['tutorial_dag']) retrieved from /opt/homebrew/lib/python3.11/site-packages/airflow/example_dags/tutorial_dag.py
[2023-09-23T19:33:52.567+0800] {logging_mixin.py:151} INFO - [2023-09-23T19:33:52.567+0800] {dag.py:2915} INFO - Sync 1 DAGs
[2023-09-23T19:33:52.572+0800] {logging_mixin.py:151} INFO - [2023-09-23T19:33:52.572+0800] {dag.py:3696} INFO - Setting next_dagrun for tutorial_dag to None, run_after=None
[2023-09-23T19:33:52.582+0800] {processor.py:179} INFO - Processing /opt/homebrew/lib/python3.11/site-packages/airflow/example_dags/tutorial_dag.py took 0.134 seconds
[2023-09-23T22:50:47.491+0800] {processor.py:157} INFO - Started process (PID=79009) to work on /opt/homebrew/lib/python3.11/site-packages/airflow/example_dags/tutorial_dag.py
[2023-09-23T22:50:47.492+0800] {processor.py:829} INFO - Processing file /opt/homebrew/lib/python3.11/site-packages/airflow/example_dags/tutorial_dag.py for tasks to queue
[2023-09-23T22:50:47.492+0800] {logging_mixin.py:151} INFO - [2023-09-23T22:50:47.492+0800] {dagbag.py:539} INFO - Filling up the DagBag from /opt/homebrew/lib/python3.11/site-packages/airflow/example_dags/tutorial_dag.py
[2023-09-23T22:50:47.514+0800] {processor.py:839} INFO - DAG(s) dict_keys(['tutorial_dag']) retrieved from /opt/homebrew/lib/python3.11/site-packages/airflow/example_dags/tutorial_dag.py
[2023-09-23T22:50:47.610+0800] {logging_mixin.py:151} INFO - [2023-09-23T22:50:47.609+0800] {dag.py:2915} INFO - Sync 1 DAGs
[2023-09-23T22:50:47.615+0800] {logging_mixin.py:151} INFO - [2023-09-23T22:50:47.615+0800] {dag.py:3696} INFO - Setting next_dagrun for tutorial_dag to None, run_after=None
[2023-09-23T22:50:47.625+0800] {processor.py:179} INFO - Processing /opt/homebrew/lib/python3.11/site-packages/airflow/example_dags/tutorial_dag.py took 0.134 seconds
[2023-09-24T02:14:06.316+0800] {processor.py:157} INFO - Started process (PID=79407) to work on /opt/homebrew/lib/python3.11/site-packages/airflow/example_dags/tutorial_dag.py
[2023-09-24T02:14:06.318+0800] {processor.py:829} INFO - Processing file /opt/homebrew/lib/python3.11/site-packages/airflow/example_dags/tutorial_dag.py for tasks to queue
[2023-09-24T02:14:06.318+0800] {logging_mixin.py:151} INFO - [2023-09-24T02:14:06.318+0800] {dagbag.py:539} INFO - Filling up the DagBag from /opt/homebrew/lib/python3.11/site-packages/airflow/example_dags/tutorial_dag.py
[2023-09-24T02:14:06.340+0800] {processor.py:839} INFO - DAG(s) dict_keys(['tutorial_dag']) retrieved from /opt/homebrew/lib/python3.11/site-packages/airflow/example_dags/tutorial_dag.py
[2023-09-24T02:14:06.435+0800] {logging_mixin.py:151} INFO - [2023-09-24T02:14:06.435+0800] {dag.py:2915} INFO - Sync 1 DAGs
[2023-09-24T02:14:06.441+0800] {logging_mixin.py:151} INFO - [2023-09-24T02:14:06.441+0800] {dag.py:3696} INFO - Setting next_dagrun for tutorial_dag to None, run_after=None
[2023-09-24T02:14:06.451+0800] {processor.py:179} INFO - Processing /opt/homebrew/lib/python3.11/site-packages/airflow/example_dags/tutorial_dag.py took 0.135 seconds
[2023-09-24T05:27:40.370+0800] {processor.py:157} INFO - Started process (PID=79775) to work on /opt/homebrew/lib/python3.11/site-packages/airflow/example_dags/tutorial_dag.py
[2023-09-24T05:27:40.371+0800] {processor.py:829} INFO - Processing file /opt/homebrew/lib/python3.11/site-packages/airflow/example_dags/tutorial_dag.py for tasks to queue
[2023-09-24T05:27:40.371+0800] {logging_mixin.py:151} INFO - [2023-09-24T05:27:40.371+0800] {dagbag.py:539} INFO - Filling up the DagBag from /opt/homebrew/lib/python3.11/site-packages/airflow/example_dags/tutorial_dag.py
[2023-09-24T05:27:40.394+0800] {processor.py:839} INFO - DAG(s) dict_keys(['tutorial_dag']) retrieved from /opt/homebrew/lib/python3.11/site-packages/airflow/example_dags/tutorial_dag.py
[2023-09-24T05:27:40.490+0800] {logging_mixin.py:151} INFO - [2023-09-24T05:27:40.490+0800] {dag.py:2915} INFO - Sync 1 DAGs
[2023-09-24T05:27:40.496+0800] {logging_mixin.py:151} INFO - [2023-09-24T05:27:40.496+0800] {dag.py:3696} INFO - Setting next_dagrun for tutorial_dag to None, run_after=None
[2023-09-24T05:27:40.506+0800] {processor.py:179} INFO - Processing /opt/homebrew/lib/python3.11/site-packages/airflow/example_dags/tutorial_dag.py took 0.136 seconds
